  0.501   0.000
  1.001   0.320
  1.501   0.082
  2.000   0.000
  2.501   0.000
  3.001   0.039
  3.501   0.020
  4.001   0.333
  4.501   0.080
  5.004   0.060
  5.500   0.020
  6.001   0.000
  6.504   0.020
  7.000   0.000
  7.501   0.020
  8.001   0.020
  8.501   0.000
  9.001   0.020
  9.501   0.020
 10.001   0.020
 10.501   0.020
 11.001   0.020
 11.501   0.039
 12.001   0.020
 12.501   0.000
 13.001   0.020
 13.501   0.020
 14.001   0.039
 14.500   0.020
 15.001   0.039
 15.501   0.020
 16.001   0.040
 16.501   0.020
 17.001   0.020
 17.501   0.020
 18.001   0.040
 18.503   0.020
 19.001   0.020
 19.501   0.039
 20.001   0.040
 20.505   0.040
 21.001   0.040
 21.505   0.040
 22.001   0.059
 22.501   0.040
 23.006   0.060
 23.501   0.020
 24.001   0.041
 24.501   0.040
 25.001   0.040
 25.501   0.040
 26.001   0.060
 26.501   0.040
 27.001   0.060
 27.501   0.040
 28.004   0.078
 28.501   0.041
 29.004   0.060
 29.501   0.041
 30.001   0.080
 30.501   0.078
 31.001   0.041
 31.501   0.060
 32.001   0.098
 32.501   0.040
 33.001   0.061
 33.501   0.059
 34.001   0.060
 34.500   0.061
 35.006   0.078
 35.501   0.041
 36.001   0.061
 36.501   0.060
 37.001   0.060
 37.501   0.061
 38.001   0.080
 38.500   0.060
 39.001   0.060
 39.501   0.060
 40.001   0.078
 40.501   0.080
 41.001   0.082
 41.501   0.060
 42.001   0.080
 42.506   0.080
 43.004   0.059
 43.501   0.061
 44.001   0.100
 44.501   0.100
 45.001   0.100
 45.501   0.100
 46.001   0.082
 46.500   0.100
 47.005   0.098
 47.501   0.080
 48.001   0.082
 48.501   0.060
 49.001   0.080
 49.501   0.080
 50.001   0.100
 50.502   0.118
 51.001   0.080
 51.502   0.080
 52.001   0.060
 52.501   0.080
 53.006   0.120
 53.501   0.061
 54.001   0.100
 54.500   0.060
 55.001   0.120
 55.501   0.080
 56.001   0.080
 56.501   0.080
 57.001   0.080
 57.501   0.080
 58.001   0.120
 58.501   0.061
 59.003   0.098
 59.501   0.102
 60.001   0.100
 60.501   0.098
 61.001   0.100
 61.501   0.082
 62.001   0.118
 62.501   0.080
 63.001   0.100
 63.501   0.100
 64.002   0.100
 64.501   0.102
 65.001   0.157
 65.501   0.122
 66.001   0.120
 66.501   0.140
 67.001   0.102
 67.501   0.120
 68.001   0.154
 68.503   0.102
 69.001   0.137
 69.501   0.102
 70.001   0.120
 70.500   0.120
 71.001   0.100
 71.505   0.140
 72.001   0.118
 72.501   0.120
 73.001   0.122
 73.501   0.100
 74.001   0.120
 74.500   0.120
 75.001   0.140
 75.501   0.120
 76.001   0.120
 76.501   0.160
 77.001   0.122
 77.501   0.157
 78.001   0.122
 78.505   0.137
 79.001   0.061
 79.501   0.080
 80.001   0.100
 80.501   0.120
 81.001   0.102
 81.503   0.154
 82.000   0.122
 82.501   0.118
 83.001   0.102
 83.501   0.118
 84.001   0.140
 84.501   0.122
 85.001   0.137
 85.501   0.122
 86.004   0.120
 86.500   0.120
 87.001   0.140
 87.501   0.120
 88.005   0.176
 88.501   0.140
 89.006   0.140
 89.501   0.122
 90.001   0.200
 90.500   0.180
 91.001   0.100
 91.501   0.082
 92.001   0.100
 92.501   0.154
 93.001   0.120
 93.501   0.143
 94.001   0.140
 94.500   0.140
 95.001   0.160
 95.502   0.122
 96.001   0.120
 96.501   0.118
 97.001   0.160
 97.501   0.100
 98.001   0.140
 98.500   0.188
 99.001   0.120
 99.506   0.137
100.003   0.143
100.501   0.176
101.001   0.143
101.501   0.120
102.001   0.140
102.501   0.140
103.001   0.137
103.501   0.061
104.001   0.080
104.504   0.118
105.001   0.122
105.503   0.140
106.001   0.143
106.501   0.137
107.003   0.160
107.505   0.140
108.001   0.120
108.501   0.102
109.001   0.137
109.501   0.100
110.001   0.102
110.500   0.120
111.001   0.160
111.501   0.122
112.001   0.118
112.501   0.143
113.001   0.140
113.501   0.160
114.001   0.120
114.504   0.160
115.003   0.140
115.501   0.140
116.001   0.180
116.503   0.176
117.001   0.163
117.501   0.180
118.001   0.220
118.500   0.200
119.002   0.180
119.505   0.140
120.001   0.143
120.501   0.140
121.001   0.157
121.501   0.140
122.003   0.180
122.500   0.143
123.001   0.120
123.501   0.140
124.004   0.176
124.501   0.140
125.006   0.160
125.501   0.140
126.001   0.120
126.500   0.102
127.003   0.140
127.501   0.120
128.003   0.120
128.501   0.120
129.001   0.122
129.505   0.118
130.001   0.122
130.501   0.192
131.004   0.200
131.506   0.140
132.001   0.163
132.501   0.160
133.001   0.176
133.501   0.122
134.001   0.120
134.500   0.163
135.001   0.140
135.501   0.140
136.002   0.157
136.501   0.140
137.006   0.180
137.501   0.102
138.001   0.140
138.500   0.140
139.003   0.157
139.501   0.120
140.004   0.140
140.501   0.140
141.001   0.160
141.503   0.120
142.001   0.102
142.501   0.120
143.002   0.140
143.504   0.120
144.001   0.122
144.501   0.137
145.001   0.120
145.501   0.100
146.001   0.120
146.504   0.100
147.001   0.100
147.501   0.100
148.001   0.122
148.501   0.120
149.006   0.137
149.501   0.082
150.000   0.100
150.501   0.120
151.001   0.122
151.501   0.115
152.001   0.102
152.502   0.120
153.001   0.120
153.506   0.100
154.001   0.140
154.501   0.180
155.001   0.180
155.502   0.163
156.001   0.180
156.501   0.140
157.001   0.140
157.501   0.100
158.004   0.140
158.500   0.082
159.001   0.118
159.501   0.100
160.001   0.120
160.501   0.140
161.001   0.120
161.501   0.100
162.001   0.140
162.501   0.120
163.002   0.102
163.501   0.140
164.001   0.120
164.501   0.100
165.001   0.060
165.504   0.140
166.001   0.140
166.501   0.143
167.001   0.154
167.501   0.143
168.001   0.120
168.501   0.160
169.001   0.120
169.501   0.102
170.006   0.137
170.500   0.140
171.001   0.122
171.501   0.098
172.001   0.080
172.501   0.120
173.003   0.102
173.501   0.120
174.001   0.098
174.502   0.160
175.006   0.160
175.501   0.143
176.001   0.196
176.503   0.122
177.001   0.098
177.501   0.100
178.001   0.080
178.500   0.120
179.005   0.122
179.501   0.118
180.001   0.120
180.501   0.100
181.001   0.120
181.501   0.120
182.003   0.184
182.500   0.118
183.001   0.562
