  4.597    1.000   0.000
  4.611    1.000   0.000
  4.624    1.000   0.000
  4.659    3.000   0.000
  4.679    3.000   0.000
  5.375  122.000   0.000
  6.269  140.000   0.000
  7.127  110.000   0.000
  8.007  125.000   0.000
  8.876  131.000   0.000
  9.756  101.000   1.000
 10.641  137.000   1.000
 11.501   74.000   1.000
 12.386  113.000   1.000
 13.275  137.000   1.000
 14.131  126.000   2.000
 15.007  129.000   2.000
 15.888  102.000   2.000
 16.753  128.000   1.000
 17.629  122.000   2.000
 18.503  119.000   1.000
 19.379  119.000   3.000
 20.257  129.000   3.000
 21.136  122.000   2.000
 22.018  138.000   2.000
 22.883  125.000   3.000
 23.755  125.000   2.000
 24.629  123.000   3.000
 25.523  128.000   4.000
 26.391  116.000   3.000
 27.263  131.000   3.000
 28.132  125.000   4.000
 29.006  126.000   3.000
 29.880  125.000   4.000
 30.760  123.000   4.000
 31.632  119.000   5.000
 32.504  122.000   5.000
 33.391  128.000   4.000
 34.257  122.000   5.000
 35.131  122.000   4.000
 36.010  119.000   3.000
 36.885  128.000   5.000
 37.756  146.000   4.000
 38.644  138.000   5.000
 39.527  156.000   5.000
 40.385  119.000   6.000
 41.282  123.000   4.000
 42.129  122.000   4.000
 43.024  122.000   4.000
 43.887  117.000   5.000
 44.761  114.000   7.000
 45.634  125.000   8.000
 46.515  134.000   5.000
 47.390  126.000   6.000
 48.255  123.000   4.000
 49.132  116.000   5.000
 50.019  140.000   8.000
 50.889  134.000   5.000
 51.767  119.000   4.000
 52.644   95.000   6.000
 53.511  129.000   6.000
 54.386  120.000   6.000
 55.258  113.000   4.000
 56.130  102.000   6.000
 57.017   71.000   4.000
 57.879  105.000   7.000
 58.764  110.000   6.000
 59.679  134.000   8.000
 60.518  122.000   5.000
 61.385   80.000   5.000
 62.258  126.000   6.000
 63.134  110.000   6.000
 64.016  150.000   8.000
 64.905  125.000   8.000
 65.758  122.000  11.000
 66.637  152.000   8.000
 67.517  110.000   9.000
 68.384  119.000   8.000
 69.265  123.000   7.000
 70.135  159.000   9.000
 71.007  129.000   7.000
 71.887  125.000   9.000
 72.758  111.000   7.000
 73.636  112.000   9.000
 74.510  122.000   9.000
 75.385  116.000   9.000
 76.273  138.000   8.000
 77.138  110.000   9.000
 78.028  119.000   8.000
 78.905  119.000   6.000
 79.771  110.000   7.000
 80.637  122.000   9.000
 81.514  119.000  11.000
 82.386  122.000   7.000
 83.266  126.000   8.000
 84.136  113.000   8.000
 85.010  126.000  10.000
 85.884  126.000   8.000
 86.760  116.000   8.000
 87.640  113.000  11.000
 88.512  123.000  10.000
 89.393  137.000  13.000
 90.255  125.000  12.000
 91.141  134.000   5.000
 92.012  131.000   8.000
 92.889  123.000  12.000
 93.762  110.000  11.000
 94.645  134.000   8.000
 95.515  129.000   8.000
 96.387  110.000   9.000
 97.257  122.000   8.000
 98.134  129.000   9.000
 99.014  123.000   8.000
 99.885  125.000   9.000
100.763  125.000  10.000
101.679  108.000  10.000
102.515   84.000   6.000
103.381  137.000   6.000
104.261  125.000   9.000
105.140  123.000  11.000
106.010  129.000  11.000
106.895  119.000  13.000
107.766  131.000   8.000
108.636  122.000   8.000
109.517  114.000   9.000
110.390  128.000   9.000
111.259  129.000  10.000
112.146  131.000  10.000
113.008  118.000  12.000
113.883  123.000   9.000
114.769   99.000  11.000
115.642  120.000  13.000
116.524  125.000  12.000
117.407  140.000  15.000
118.262  107.000  17.000
119.142  125.000  11.000
120.014  123.000  12.000
120.891  122.000  11.000
121.761  123.000  11.000
122.634  119.000  10.000
123.515  125.000  13.000
124.389  126.000  12.000
125.262  146.000  12.000
126.139  125.000   9.000
127.014  126.000  11.000
127.889  125.000  11.000
128.766  122.000  10.000
129.641  131.000  13.000
130.514  125.000  17.000
131.395  122.000  12.000
132.261  120.000  13.000
133.145  134.000   9.000
134.010  122.000  10.000
134.883  111.000  10.000
135.768  126.000  11.000
136.637  122.000  11.000
137.512  122.000  10.000
138.388  128.000   9.000
139.267  126.000  11.000
140.143  125.000  13.000
141.013  122.000   9.000
141.889  125.000   9.000
142.773  135.000   9.000
143.634  122.000   8.000
144.508  126.000   9.000
145.406  143.000   8.000
146.274  137.000   7.000
147.133  122.000   7.000
148.007  131.000   8.000
148.887  126.000   7.000
149.763  126.000   7.000
150.633  123.000   7.000
151.514  119.000   8.000
152.389  129.000   8.000
153.260  128.000   7.000
154.140  125.000  12.000
155.023  122.000  13.000
155.888  125.000   9.000
156.756  125.000   9.000
157.641  128.000   9.000
158.509  125.000   6.000
159.421  164.000   5.000
160.261  119.000   9.000
161.150  141.000   6.000
162.020  126.000  11.000
162.886  122.000   9.000
163.756  131.000   9.000
164.635  140.000   5.000
165.513  129.000  12.000
166.387  126.000   9.000
167.261  126.000   9.000
168.146  131.000  10.000
169.011  122.000   8.000
169.891  122.000  10.000
170.764  126.000   8.000
171.636  116.000   6.000
172.516  132.000   9.000
173.380  125.000   7.000
174.260  129.000  11.000
175.167  129.000  14.000
176.015  123.000  10.000
176.886  124.000   7.000
177.760  132.000   6.000
178.640  113.000   9.000
179.506  132.000   7.000
180.387  125.000   8.000
181.264  117.000  11.000
182.133  125.000   8.000
183.018  125.000   9.000
