  4.641    1.000   0.000
  4.655    1.000   0.000
  4.668    1.000   0.000
  4.700    2.000   0.000
  4.720    1.000   0.000
  4.741    4.000   0.000
  4.763    4.000   0.000
  4.781    1.000   0.000
  4.804    7.000   0.000
  4.826    6.000   0.000
  4.845    2.000   0.000
  5.283   71.000   0.000
  5.715   38.000   0.000
  6.147   54.000   0.000
  6.582   68.000   0.000
  7.008   63.000   0.000
  7.446   62.000   0.000
  7.875   56.000   0.000
  8.376  129.000   0.000
  8.745   63.000   0.000
  9.187   78.000   0.000
  9.612   62.000   0.000
 10.053   60.000   0.000
 10.479   69.000   0.000
 10.939   87.000   1.000
 11.358   56.000   0.000
 11.781   60.000   0.000
 12.219   48.000   0.000
 12.681   81.000   0.000
 13.107  141.000   1.000
 13.528   54.000   1.000
 13.981   87.000   1.000
 14.406   68.000   1.000
 14.821   50.000   1.000
 15.255   45.000   1.000
 15.702   68.000   1.000
 16.147   87.000   1.000
 16.560   47.000   1.000
 17.015   65.000   1.000
 17.426   63.000   1.000
 17.870   71.000   1.000
 18.292   60.000   1.000
 18.745   80.000   1.000
 19.168   74.000   2.000
 19.594   59.000   2.000
 20.057   62.000   2.000
 20.464   71.000   1.000
 20.900   51.000   1.000
 21.331   60.000   1.000
 21.769   54.000   1.000
 22.199   42.000   2.000
 22.636   53.000   1.000
 23.071   62.000   1.000
 23.503   83.000   2.000
 23.944   56.000   2.000
 24.388   81.000   2.000
 24.808   81.000   2.000
 25.239   59.000   2.000
 25.671   80.000   1.000
 26.111   66.000   2.000
 26.539   65.000   3.000
 26.977   41.000   2.000
 27.409   62.000   2.000
 27.843   56.000   2.000
 28.317   62.000   3.000
 28.707   62.000   2.000
 29.146   60.000   3.000
 29.580   62.000   3.000
 30.018   66.000   3.000
 30.449   63.000   3.000
 30.905   69.000   3.000
 31.313   60.000   3.000
 31.748   53.000   2.000
 32.183   62.000   3.000
 32.662   62.000   3.000
 33.057   48.000   1.000
 33.490   60.000   3.000
 33.917   60.000   3.000
 34.358   72.000   3.000
 34.811   72.000   2.000
 35.227   63.000   2.000
 35.654   63.000   3.000
 36.089   48.000   2.000
 36.525   56.000   3.000
 36.973   77.000   3.000
 37.399   44.000   3.000
 37.851   86.000   3.000
 38.268   56.000   3.000
 38.706   75.000   3.000
 39.127   63.000   3.000
 39.591   89.000   3.000
 40.001   68.000   3.000
 40.455   71.000   3.000
 40.864   38.000   2.000
 41.312   62.000   3.000
 41.728   65.000   4.000
 42.163   62.000   2.000
 42.602   59.000   2.000
 43.054   69.000   3.000
 43.467   63.000   3.000
 43.910   50.000   4.000
 44.334   59.000   3.000
 44.773   75.000   5.000
 45.203   59.000   4.000
 45.644   66.000   5.000
 46.075   63.000   4.000
 46.532   57.000   3.000
 46.937   51.000   2.000
 47.381   59.000   3.000
 47.810   65.000   3.000
 48.242   48.000   2.000
 48.674   59.000   3.000
 49.107   60.000   3.000
 49.543   62.000   4.000
 49.985   53.000   5.000
 50.423   51.000   3.000
 50.846   60.000   3.000
 51.281   44.000   2.000
 51.711   65.000   3.000
 52.161   63.000   4.000
 52.589   68.000   3.000
 53.024   61.000   4.000
 53.463   75.000   3.000
 53.882   72.000   4.000
 54.319   53.000   4.000
 54.765   68.000   3.000
 55.193   60.000   2.000
 55.625  117.000   3.000
 56.055   38.000   2.000
 56.487   30.000   2.000
 56.919   21.000   2.000
 57.355   62.000   4.000
 57.791   81.000   3.000
 58.223   48.000   2.000
 58.668   62.000   2.000
 59.089   53.000   4.000
 59.553   66.000   4.000
 59.961   62.000   3.000
 60.401   66.000   3.000
 60.832  128.000   4.000
 61.262   68.000   3.000
 61.694   62.000   3.000
 62.136   57.000   3.000
 62.564   75.000   4.000
 62.997   57.000   3.000
 63.437   62.000   4.000
 63.870   75.000   6.000
 64.310   66.000   5.000
 64.738   60.000   4.000
 65.166   56.000   5.000
 65.607   66.000   6.000
 66.055   60.000   4.000
 66.472   71.000   3.000
 66.908   56.000   6.000
 67.374   40.000   5.000
 67.775   45.000   4.000
 68.208   31.000   6.000
 68.647   57.000   5.000
 69.089   56.000   3.000
 69.513   56.000   5.000
 69.947   65.000   5.000
 70.379   36.000   3.000
 70.814   66.000   5.000
 71.249   44.000   5.000
 71.687   69.000   5.000
 72.121   53.000   6.000
 72.575   72.000   4.000
 72.982   66.000   3.000
 73.416   63.000   6.000
 73.848   68.000   4.000
 74.292   62.000   5.000
 74.725   59.000   6.000
 75.150   59.000   4.000
 75.582   54.000   4.000
 76.019   59.000   4.000
 76.451   66.000   5.000
 76.889   60.000   4.000
 77.320   69.000   6.000
 77.767   65.000   7.000
 78.188   51.000   4.000
 78.625   66.000   3.000
 79.057   56.000   4.000
 79.496   54.000   4.000
 79.949   81.000   5.000
 80.408   59.000   5.000
 80.794   74.000   4.000
 81.239   71.000   6.000
 81.658   62.000   6.000
 82.124   56.000   3.000
 82.537   72.000   4.000
 82.963   81.000   3.000
 83.404   47.000   4.000
 83.833   63.000   5.000
 84.267   41.000   4.000
 84.701   48.000   6.000
 85.138   65.000   4.000
 85.565   62.000   6.000
 86.002   60.000   6.000
 86.433   51.000   6.000
 86.875   65.000   5.000
 87.303   60.000   6.000
 87.737   62.000   7.000
 88.172   62.000   6.000
 88.602   63.000   5.000
 89.038   59.000   4.000
 89.475   44.000   7.000
 89.910   63.000   8.000
 90.337   65.000   4.000
 90.799   60.000   2.000
 91.227   69.000   3.000
 91.648   69.000   4.000
 92.110   80.000   5.000
 92.512   56.000   4.000
 92.951   59.000   7.000
 93.377   60.000   5.000
 93.813   59.000   7.000
 94.246   78.000   6.000
 94.687   60.000   5.000
 95.135   50.000   4.000
 95.549   98.000   5.000
 96.000   63.000   6.000
 96.417   62.000   6.000
 96.850   62.000   4.000
 97.286   53.000   4.000
 97.732   65.000   7.000
 98.152   38.000   5.000
 98.589   44.000   3.000
 99.028   59.000   5.000
 99.460   66.000   5.000
 99.892   62.000   7.000
100.322   66.000   7.000
100.770   57.000   5.000
101.189   59.000   5.000
101.637   53.000   5.000
102.058   54.000   3.000
102.492   96.000   4.000
102.934   66.000   4.000
103.405  102.000   4.000
103.797   56.000   3.000
104.228   59.000   6.000
104.662   71.000   5.000
105.094   56.000   8.000
105.535   59.000   9.000
105.963   62.000   3.000
106.399   60.000   7.000
106.839   60.000   8.000
107.267   62.000   6.000
107.699   63.000   3.000
108.133   45.000   6.000
108.569   66.000   5.000
109.000   59.000   4.000
109.438   66.000   4.000
109.904   96.000   5.000
110.308   80.000   5.000
110.737   41.000   4.000
111.192   81.000   6.000
111.610   74.000   4.000
112.043   59.000   6.000
112.479   60.000   7.000
112.909   62.000   6.000
113.341   63.000   7.000
113.790   63.000   5.000
114.211   66.000   5.000
114.647   62.000   5.000
115.091   60.000   6.000
115.515   62.000   9.000
115.947   63.000   6.000
116.387   63.000   9.000
116.819   63.000   6.000
117.252   54.000   9.000
117.689   63.000  10.000
118.122   62.000  10.000
118.550   59.000   6.000
118.997   74.000   5.000
119.420   54.000   7.000
119.853   59.000   7.000
120.294   65.000   7.000
120.725   62.000   7.000
121.158   59.000   9.000
121.598   66.000   9.000
122.025   48.000   8.000
122.462   66.000   6.000
122.903   62.000   7.000
123.340   71.000   8.000
123.760   50.000   8.000
124.196   59.000   7.000
124.626   61.000   6.000
125.061   59.000   8.000
125.499   62.000   6.000
125.935   59.000   5.000
126.364   59.000   7.000
126.800   78.000   7.000
127.239   62.000   7.000
127.675   65.000   6.000
128.097   62.000   6.000
128.539   57.000   6.000
128.971   65.000   8.000
129.407   65.000   8.000
129.836   60.000   9.000
130.270   65.000   9.000
130.708   59.000   9.000
131.142   60.000  10.000
131.576   63.000  10.000
132.011   59.000   9.000
132.440   59.000   7.000
132.875   65.000   5.000
133.306   62.000   5.000
133.743   62.000   7.000
134.176   68.000   5.000
134.611   63.000   6.000
135.045   63.000   6.000
135.477   60.000   4.000
135.909   62.000   5.000
136.357   63.000   8.000
136.778   63.000   5.000
137.214   60.000   8.000
137.651   62.000   6.000
138.079   44.000   5.000
138.529   71.000   4.000
138.958   65.000   6.000
139.385   45.000   4.000
139.820   56.000   9.000
140.255   62.000   7.000
140.686   63.000   7.000
141.129   60.000   7.000
141.559   62.000   6.000
141.988   59.000   5.000
142.427   62.000   6.000
142.866   62.000   5.000
143.291   62.000   6.000
143.723   63.000   5.000
144.158   60.000   6.000
144.588   68.000   6.000
145.037   74.000   5.000
145.457   60.000   5.000
145.888   47.000   5.000
146.340   72.000   4.000
146.759   47.000   3.000
147.198   59.000   4.000
147.631   50.000   6.000
148.095   75.000   4.000
148.504   51.000   3.000
148.934   60.000   3.000
149.400   99.000   3.000
149.798   72.000   4.000
150.249   77.000   6.000
150.684   69.000   3.000
151.098   50.000   3.000
151.547   21.000   3.000
151.970   62.000   6.000
152.401   48.000   4.000
152.840   66.000   4.000
153.283   60.000   6.000
153.708   60.000   6.000
154.138   56.000   8.000
154.583   59.000  10.000
155.011   62.000   9.000
155.465   62.000   5.000
155.900   78.000   6.000
156.311   56.000   8.000
156.741   61.000   5.000
157.194   62.000   4.000
157.617   66.000   6.000
158.049   69.000   3.000
158.479   60.000   4.000
158.910   56.000   3.000
159.355   71.000   4.000
159.781   62.000   4.000
160.218   66.000   5.000
160.646   62.000   4.000
161.079   39.000   3.000
161.526   68.000   3.000
161.956   77.000   5.000
162.383   62.000   6.000
162.817   65.000   6.000
163.261   65.000   7.000
163.689   62.000   5.000
164.118   59.000   4.000
164.554   64.000   4.000
164.995   65.000   6.000
165.424   63.000   7.000
165.868   68.000   7.000
166.292   63.000   5.000
166.729   62.000   5.000
167.161   57.000   7.000
167.593   45.000   4.000
168.028   54.000   6.000
168.473   66.000   5.000
168.900   71.000   5.000
169.332   65.000   6.000
169.763   66.000   6.000
170.203   66.000   6.000
170.627   92.000   4.000
171.065   63.000   4.000
171.497   59.000   4.000
171.931   60.000   4.000
172.365   59.000   6.000
172.799   57.000   5.000
173.242   65.000   4.000
173.670   35.000   4.000
174.102   54.000   6.000
174.545   59.000   7.000
174.976   60.000   7.000
175.423   94.000   8.000
175.838   59.000   6.000
176.272   62.000   5.000
176.704   63.000   5.000
177.138   63.000   4.000
177.581   65.000   5.000
178.006   62.000   5.000
178.443   66.000   5.000
178.881   57.000   5.000
179.311   48.000   3.000
179.767   63.000   4.000
180.184   68.000   4.000
180.614   63.000   5.000
181.050   60.000   7.000
181.492   59.000   7.000
181.915   62.000   4.000
182.347   59.000   4.000
182.787   65.000   6.000
