  0.500   0.000
  1.001   0.375
  1.501   0.020
  2.001   0.020
  2.501   0.040
  3.000   0.000
  3.501   0.102
  4.001   0.286
  4.501   0.059
  5.001   0.000
  5.501   0.000
  6.001   0.000
  6.501   0.020
  7.000   0.000
  7.501   0.020
  8.001   0.000
  8.501   0.020
  9.001   0.000
  9.501   0.020
 10.001   0.000
 10.501   0.020
 11.003   0.000
 11.501   0.020
 12.001   0.000
 12.501   0.020
 13.001   0.000
 13.501   0.020
 14.001   0.000
 14.501   0.039
 15.000   0.000
 15.501   0.040
 16.004   0.000
 16.501   0.020
 17.001   0.000
 17.501   0.040
 18.001   0.020
 18.501   0.040
 19.000   0.000
 19.501   0.040
 20.001   0.000
 20.501   0.041
 21.001   0.000
 21.501   0.040
 22.001   0.000
 22.501   0.060
 23.003   0.020
 23.501   0.020
 24.001   0.000
 24.501   0.078
 25.001   0.000
 25.501   0.061
 26.001   0.000
 26.501   0.060
 27.000   0.000
 27.501   0.060
 28.003   0.020
 28.501   0.060
 29.001   0.000
 29.501   0.060
 30.001   0.000
 30.501   0.080
 31.000   0.000
 31.501   0.080
 32.001   0.000
 32.501   0.080
 33.001   0.000
 33.501   0.082
 34.001   0.000
 34.501   0.098
 35.000   0.000
 35.501   0.060
 36.001   0.000
 36.501   0.080
 37.001   0.020
 37.501   0.080
 38.001   0.000
 38.501   0.098
 39.000   0.000
 39.501   0.061
 40.001   0.000
 40.501   0.118
 41.001   0.000
 41.501   0.082
 42.001   0.000
 42.501   0.082
 43.000   0.000
 43.501   0.100
 44.001   0.020
 44.501   0.120
 45.001   0.000
 45.501   0.120
 46.001   0.000
 46.501   0.137
 47.005   0.020
 47.501   0.100
 48.001   0.000
 48.501   0.100
 49.001   0.000
 49.501   0.102
 50.001   0.000
 50.501   0.137
 51.000   0.000
 51.501   0.100
 52.001   0.000
 52.501   0.122
 53.001   0.000
 53.501   0.120
 54.001   0.000
 54.501   0.118
 55.000   0.000
 55.500   0.120
 56.001   0.000
 56.501   0.120
 57.001   0.000
 57.501   0.120
 58.001   0.000
 58.501   0.140
 59.002   0.000
 59.501   0.140
 60.001   0.000
 60.501   0.120
 61.001   0.000
 61.501   0.100
 62.001   0.000
 62.501   0.143
 63.000   0.000
 63.501   0.140
 64.001   0.000
 64.501   0.176
 65.001   0.000
 65.501   0.180
 66.001   0.000
 66.501   0.196
 67.000   0.000
 67.501   0.140
 68.001   0.000
 68.501   0.160
 69.001   0.000
 69.501   0.143
 70.001   0.000
 70.501   0.160
 71.000   0.000
 71.501   0.180
 72.001   0.000
 72.501   0.140
 73.001   0.000
 73.501   0.140
 74.001   0.000
 74.501   0.196
 75.000   0.000
 75.501   0.180
 76.001   0.000
 76.501   0.180
 77.001   0.000
 77.501   0.200
 78.001   0.020
 78.501   0.143
 79.000   0.000
 79.501   0.120
 80.001   0.000
 80.501   0.140
 81.001   0.000
 81.501   0.160
 82.001   0.000
 82.501   0.180
 83.000   0.000
 83.501   0.160
 84.001   0.000
 84.501   0.200
 85.001   0.000
 85.501   0.200
 86.001   0.000
 86.501   0.180
 87.000   0.000
 87.501   0.163
 88.006   0.020
 88.501   0.180
 89.001   0.000
 89.501   0.235
 90.001   0.000
 90.501   0.204
 91.000   0.000
 91.501   0.140
 92.001   0.000
 92.501   0.180
 93.001   0.000
 93.501   0.180
 94.001   0.000
 94.501   0.184
 95.000   0.000
 95.501   0.157
 96.001   0.000
 96.501   0.184
 97.001   0.000
 97.501   0.180
 98.001   0.000
 98.501   0.220
 99.000   0.000
 99.501   0.180
100.003   0.020
100.501   0.184
101.001   0.000
101.501   0.180
102.001   0.000
102.501   0.160
103.000   0.000
103.501   0.120
104.001   0.000
104.501   0.160
105.001   0.020
105.501   0.160
106.001   0.000
106.501   0.180
107.000   0.000
107.501   0.196
108.001   0.000
108.501   0.140
109.001   0.000
109.501   0.160
110.001   0.000
110.501   0.180
111.000   0.000
111.501   0.160
112.003   0.000
112.501   0.200
113.001   0.000
113.501   0.200
114.001   0.020
114.501   0.204
115.000   0.000
115.501   0.204
116.005   0.020
116.501   0.204
117.001   0.020
117.501   0.300
118.004   0.020
118.501   0.224
119.000   0.000
119.501   0.235
120.001   0.000
120.501   0.184
121.004   0.020
121.501   0.184
122.001   0.000
122.501   0.180
123.000   0.020
123.501   0.200
124.004   0.020
124.501   0.184
125.001   0.000
125.501   0.180
126.001   0.000
126.501   0.140
127.000   0.020
127.501   0.140
128.001   0.000
128.501   0.143
129.001   0.020
129.501   0.163
130.001   0.000
130.501   0.220
131.002   0.020
131.501   0.184
132.001   0.000
132.501   0.216
133.005   0.000
133.501   0.176
134.001   0.020
134.501   0.224
135.000   0.000
135.501   0.180
136.006   0.000
136.501   0.204
137.001   0.000
137.501   0.216
138.001   0.000
138.501   0.163
139.001   0.000
139.501   0.180
140.001   0.000
140.501   0.180
141.001   0.000
141.501   0.160
142.001   0.000
142.501   0.180
143.000   0.000
143.501   0.180
144.001   0.000
144.501   0.160
145.003   0.020
145.501   0.143
146.001   0.000
146.501   0.160
147.000   0.000
147.501   0.160
148.001   0.000
148.501   0.160
149.001   0.000
149.501   0.120
150.001   0.000
150.501   0.160
151.000   0.000
151.501   0.140
152.001   0.000
152.501   0.140
153.001   0.000
153.501   0.160
154.002   0.000
154.501   0.216
155.000   0.000
155.501   0.200
156.001   0.000
156.501   0.200
157.001   0.000
157.501   0.163
158.001   0.000
158.501   0.140
159.001   0.000
159.501   0.160
160.003   0.020
160.501   0.143
161.001   0.000
161.501   0.157
162.001   0.000
162.501   0.160
163.001   0.000
163.501   0.180
164.001   0.020
164.501   0.100
165.001   0.000
165.501   0.143
166.001   0.000
166.501   0.180
167.004   0.000
167.501   0.180
168.001   0.000
168.501   0.216
169.005   0.000
169.501   0.140
170.001   0.000
170.501   0.180
171.001   0.000
171.501   0.140
172.003   0.020
172.501   0.122
173.001   0.000
173.501   0.157
174.001   0.000
174.501   0.143
175.005   0.020
175.501   0.240
176.001   0.000
176.501   0.160
177.001   0.000
177.501   0.120
178.002   0.000
178.501   0.140
179.006   0.020
179.501   0.143
180.001   0.000
180.501   0.140
181.003   0.020
181.501   0.163
182.001   0.000
182.501   0.633
