  0.501   0.000
  1.000   0.300
  1.501   0.100
  2.001   0.000
  2.501   0.000
  3.001   0.040
  3.501   0.020
  4.001   0.354
  4.500   0.080
  5.001   0.694
  5.501   0.353
  6.001   0.280
  6.501   0.300
  7.002   0.417
  7.501   0.314
  8.002   0.469
  8.502   0.240
  9.001   0.327
  9.501   0.200
 10.000   0.200
 10.501   0.220
 11.001   0.216
 11.502   0.184
 12.001   0.220
 12.501   0.200
 13.001   0.240
 13.501   0.240
 14.001   0.220
 14.501   0.224
 15.003   0.275
 15.502   0.240
 16.001   0.224
 16.501   0.200
 17.001   0.280
 17.501   0.245
 18.002   0.288
 18.501   0.204
 19.001   0.280
 19.501   0.306
 20.001   0.320
 20.500   0.265
 21.002   0.294
 21.503   0.280
 22.001   0.240
 22.503   0.306
 23.001   0.320
 23.501   0.300
 24.001   0.327
 24.502   0.327
 25.001   0.333
 25.503   0.360
 26.002   0.300
 26.501   0.327
 27.006   0.333
 27.501   0.306
 28.001   0.360
 28.501   0.408
 29.002   0.400
 29.500   0.420
 30.001   0.400
 30.501   0.340
 31.002   0.380
 31.501   0.388
 32.001   0.392
 32.500   0.388
 33.003   0.340
 33.501   0.408
 34.001   0.420
 34.501   0.340
 35.001   0.360
 35.502   0.260
 36.001   0.360
 36.505   0.420
 37.002   0.388
 37.503   0.412
 38.001   0.380
 38.501   0.380
 39.001   0.388
 39.505   0.380
 40.000   0.420
 40.500   0.367
 41.001   0.333
 41.502   0.408
 42.001   0.340
 42.501   0.280
 43.001   0.340
 43.501   0.460
 44.001   0.420
 44.501   0.460
 45.001   0.420
 45.501   0.531
 46.002   0.520
 46.501   0.380
 47.001   0.347
 47.501   0.510
 48.001   0.408
 48.508   0.392
 49.000   0.420
 49.501   0.400
 50.003   0.500
 50.501   0.440
 51.005   0.469
 51.505   0.340
 52.001   0.420
 52.500   0.429
 53.001   0.471
 53.501   0.510
 54.004   0.510
 54.504   0.520
 55.000   0.286
 55.501   0.392
 56.001   0.347
 56.500   0.320
 57.003   0.412
 57.503   0.408
 58.001   0.306
 58.501   0.392
 59.001   0.449
 59.502   0.480
 60.002   0.412
 60.500   0.408
 61.002   0.431
 61.504   0.380
 62.001   0.396
 62.501   0.423
 63.004   0.388
 63.500   0.420
 64.001   0.469
 64.501   0.600
 65.004   0.420
 65.501   0.600
 66.001   0.480
 66.501   0.367
 67.001   0.560
 67.501   0.431
 68.001   0.531
 68.501   0.460
 69.001   0.420
 69.501   0.449
 70.001   0.510
 70.502   0.440
 71.001   0.469
 71.501   0.588
 72.001   0.551
 72.500   0.560
 73.001   0.380
 73.503   0.560
 74.003   0.480
 74.503   0.580
 75.001   0.540
 75.501   0.449
 76.003   0.520
 76.500   0.531
 77.001   0.580
 77.501   0.569
 78.001   0.490
 78.502   0.380
 79.001   0.449
 79.501   0.471
 80.001   0.449
 80.504   0.500
 81.000   0.560
 81.501   0.608
 82.001   0.388
 82.501   0.460
 83.001   0.380
 83.501   0.480
 84.001   0.490
 84.502   0.510
 85.001   0.540
 85.501   0.633
 86.001   0.620
 86.501   0.700
 87.002   0.680
 87.503   0.700
 88.002   0.612
 88.504   0.706
 89.001   0.660
 89.501   0.857
 90.006   0.765
 90.501   0.500
 91.001   0.347
 91.506   0.480
 92.001   0.460
 92.500   0.500
 93.001   0.720
 93.501   0.600
 94.001   0.600
 94.501   0.592
 95.001   0.420
 95.501   0.480
 96.001   0.580
 96.503   0.700
 97.001   0.540
 97.501   0.490
 98.001   0.560
 98.504   0.440
 99.005   0.451
 99.504   0.571
100.001   0.680
100.502   0.490
101.000   0.608
101.501   0.531
102.001   0.420
102.501   0.500
103.001   0.412
103.506   0.400
104.001   0.500
104.502   0.646
105.000   0.780
105.501   0.820
106.004   0.560
106.503   0.640
107.004   0.647
107.502   0.388
108.001   0.490
108.500   0.588
109.001   0.490
109.501   0.471
110.002   0.560
110.501   0.520
111.002   0.653
111.501   0.549
112.001   0.540
112.500   0.755
113.001   0.725
113.502   0.755
114.000   0.700
114.502   0.653
115.001   0.627
115.501   0.918
116.006   0.745
116.500   0.979
117.001   0.882
117.501   0.960
118.001   1.000
118.501   0.824
119.001   0.490
119.506   0.700
120.001   0.857
120.500   0.980
121.001   0.940
121.501   0.980
122.001   0.857
122.501   0.686
123.001   0.745
123.502   0.694
124.001   0.878
124.503   0.824
125.001   0.860
125.503   0.694
126.001   0.760
126.501   0.740
127.001   0.860
127.501   0.673
128.001   0.765
128.501   0.816
129.000   0.920
129.501   1.000
130.001   0.961
130.501   1.000
131.001   0.918
131.501   0.960
132.001   0.960
132.500   0.961
133.001   0.820
133.501   0.776
134.001   0.900
134.501   0.882
135.001   0.812
135.501   0.725
136.004   0.740
136.502   0.840
137.001   0.959
137.501   0.898
138.001   0.745
138.501   0.531
139.001   0.608
139.501   0.531
140.003   0.824
140.500   0.776
141.001   0.959
141.501   0.882
142.001   0.820
142.501   0.600
143.001   0.720
143.504   0.680
144.001   0.720
144.501   0.694
145.000   0.745
145.501   0.700
146.001   0.600
146.501   0.449
147.002   0.500
147.501   0.560
148.001   0.612
148.506   0.577
149.001   0.604
149.501   0.520
150.001   0.694
150.501   0.569
151.001   0.540
151.501   0.460
152.001   0.580
152.500   0.560
153.002   0.653
153.502   0.700
154.000   0.863
154.501   0.878
155.001   0.920
155.501   0.714
156.001   0.627
156.500   0.600
157.001   0.571
157.501   0.745
158.001   0.620
158.502   0.612
159.004   0.580
159.502   0.560
160.001   0.660
160.500   0.560
161.001   0.420
161.503   0.480
162.001   0.500
162.501   0.571
163.001   0.740
163.501   0.660
164.001   0.592
164.502   0.592
165.001   0.700
165.503   0.765
166.001   0.776
166.501   0.480
167.001   0.667
167.501   0.694
168.001   0.776
168.500   0.633
169.001   0.569
169.501   0.796
170.005   0.765
170.501   0.633
171.001   0.500
171.501   0.560
172.001   0.694
172.500   0.725
173.001   0.720
173.501   0.571
174.001   0.740
174.501   0.780
175.001   0.720
175.501   0.755
176.001   0.706
176.501   0.673
177.000   0.627
177.501   0.560
178.001   0.673
178.504   0.660
179.002   0.540
179.501   0.480
180.001   0.551
180.503   0.647
181.001   0.800
181.503   0.796
182.001   0.765
182.501   0.720
183.001   0.896
