  0.501   0.000
  1.000   0.375
  1.501   0.039
  2.001   0.000
  2.501   0.000
  3.001   0.040
  3.501   0.000
  4.001   0.360
  4.501   0.061
  5.001   0.755
  5.501   0.275
  6.001   0.082
  6.501   0.098
  7.001   0.082
  7.501   0.118
  8.001   0.102
  8.501   0.100
  9.001   0.122
  9.501   0.100
 10.001   0.102
 10.501   0.137
 11.001   0.120
 11.501   0.118
 12.003   0.102
 12.501   0.122
 13.000   0.140
 13.501   0.140
 14.001   0.140
 14.501   0.137
 15.001   0.180
 15.501   0.140
 16.001   0.120
 16.501   0.122
 17.001   0.157
 17.501   0.160
 18.001   0.143
 18.501   0.140
 19.001   0.180
 19.501   0.200
 20.001   0.204
 20.501   0.200
 21.001   0.176
 21.501   0.184
 22.000   0.157
 22.501   0.184
 23.001   0.220
 23.501   0.200
 24.001   0.220
 24.501   0.200
 25.001   0.220
 25.501   0.224
 26.001   0.180
 26.501   0.240
 27.005   0.240
 27.500   0.200
 28.001   0.260
 28.501   0.260
 29.001   0.260
 29.501   0.265
 30.001   0.260
 30.501   0.255
 31.001   0.224
 31.504   0.260
 32.001   0.260
 32.501   0.260
 33.001   0.200
 33.501   0.280
 34.001   0.286
 34.501   0.220
 35.001   0.224
 35.501   0.192
 36.001   0.245
 36.501   0.245
 37.001   0.280
 37.501   0.275
 38.001   0.260
 38.501   0.265
 39.001   0.260
 39.502   0.275
 40.001   0.300
 40.501   0.224
 41.001   0.220
 41.501   0.275
 42.002   0.220
 42.501   0.204
 43.001   0.255
 43.503   0.300
 44.005   0.327
 44.504   0.333
 45.006   0.300
 45.500   0.408
 46.001   0.347
 46.501   0.275
 47.001   0.235
 47.501   0.327
 48.001   0.300
 48.501   0.240
 49.004   0.294
 49.500   0.265
 50.001   0.367
 50.501   0.280
 51.001   0.333
 51.504   0.240
 52.001   0.260
 52.501   0.320
 53.000   0.327
 53.501   0.300
 54.001   0.380
 54.501   0.340
 55.001   0.200
 55.501   0.260
 56.002   0.245
 56.501   0.216
 57.001   0.265
 57.501   0.300
 58.001   0.235
 58.501   0.245
 59.004   0.360
 59.501   0.327
 60.002   0.288
 60.501   0.265
 61.001   0.300
 61.501   0.265
 62.001   0.240
 62.504   0.346
 63.000   0.250
 63.501   0.300
 64.001   0.400
 64.501   0.412
 65.001   0.327
 65.501   0.471
 66.001   0.340
 66.506   0.340
 67.001   0.408
 67.501   0.333
 68.001   0.429
 68.501   0.360
 69.001   0.314
 69.501   0.347
 70.001   0.380
 70.501   0.320
 71.001   0.388
 71.501   0.380
 72.004   0.440
 72.500   0.400
 73.001   0.280
 73.501   0.400
 74.001   0.360
 74.504   0.429
 75.001   0.412
 75.501   0.340
 76.001   0.340
 76.501   0.388
 77.001   0.440
 77.501   0.440
 78.001   0.373
 78.501   0.280
 79.001   0.347
 79.502   0.340
 80.001   0.347
 80.501   0.380
 81.001   0.420
 81.506   0.471
 82.001   0.286
 82.503   0.360
 83.001   0.280
 83.501   0.347
 84.001   0.360
 84.500   0.400
 85.001   0.412
 85.502   0.408
 86.001   0.440
 86.501   0.529
 87.001   0.500
 87.501   0.469
 88.001   0.440
 88.500   0.520
 89.001   0.460
 89.505   0.608
 90.009   0.580
 90.501   0.367
 91.003   0.240
 91.501   0.340
 92.001   0.347
 92.500   0.392
 93.001   0.551
 93.506   0.451
 94.005   0.429
 94.501   0.490
 95.001   0.327
 95.502   0.300
 96.001   0.480
 96.500   0.510
 97.001   0.408
 97.504   0.380
 98.001   0.408
 98.501   0.314
 99.001   0.360
 99.501   0.429
100.001   0.520
100.500   0.373
101.005   0.490
101.505   0.449
102.001   0.286
102.505   0.392
103.001   0.286
103.501   0.280
104.001   0.388
104.500   0.490
105.001   0.580
105.502   0.620
106.000   0.380
106.501   0.440
107.001   0.540
107.501   0.265
108.001   0.400
108.501   0.420
109.002   0.360
109.501   0.340
110.004   0.440
110.501   0.532
111.001   0.500
111.501   0.400
112.001   0.400
112.503   0.549
113.002   0.520
113.501   0.480
114.001   0.531
114.501   0.500
115.001   0.480
115.501   0.640
116.001   0.549
116.501   0.694
117.003   0.660
117.504   0.720
118.002   0.857
118.500   0.588
119.001   0.360
119.501   0.531
120.001   0.660
120.505   0.720
121.002   0.660
121.500   0.680
122.003   0.640
122.501   0.500
123.001   0.580
123.501   0.520
124.001   0.660
124.502   0.592
125.001   0.580
125.501   0.490
126.001   0.551
126.501   0.520
127.001   0.660
127.501   0.480
128.001   0.580
128.504   0.540
129.000   0.640
129.501   0.700
130.001   0.755
130.501   0.745
131.001   0.660
131.501   0.708
132.006   0.725
132.504   0.667
133.000   0.531
133.501   0.480
134.001   0.608
134.501   0.592
135.001   0.600
135.501   0.449
136.002   0.510
136.502   0.600
137.000   0.653
137.501   0.549
138.001   0.480
138.501   0.347
139.001   0.431
139.501   0.347
140.001   0.627
140.503   0.560
141.000   0.633
141.501   0.560
142.003   0.520
142.501   0.440
143.001   0.500
143.504   0.500
144.003   0.520
144.501   0.480
145.005   0.500
145.500   0.469
146.001   0.392
146.504   0.333
147.001   0.347
147.504   0.400
148.001   0.469
148.503   0.360
149.001   0.451
149.501   0.340
150.001   0.490
150.501   0.360
151.001   0.367
151.501   0.320
152.001   0.442
152.500   0.367
153.001   0.429
153.501   0.471
154.001   0.612
154.501   0.600
155.001   0.680
155.503   0.540
156.001   0.500
156.500   0.469
157.001   0.412
157.501   0.520
158.001   0.347
158.502   0.400
159.002   0.400
159.502   0.340
160.001   0.480
160.503   0.380
161.000   0.286
161.501   0.380
162.001   0.340
162.501   0.471
163.001   0.490
163.504   0.420
164.003   0.400
164.505   0.360
165.000   0.510
165.501   0.569
166.001   0.571
166.504   0.373
167.004   0.500
167.501   0.480
168.001   0.531
168.500   0.431
169.001   0.400
169.501   0.571
170.001   0.500
170.501   0.460
171.001   0.340
171.503   0.373
172.001   0.469
172.501   0.480
173.001   0.500
173.501   0.360
174.001   0.540
174.501   0.580
175.001   0.560
175.502   0.580
176.001   0.531
176.500   0.471
177.001   0.429
177.501   0.400
178.001   0.460
178.501   0.480
179.002   0.412
179.502   0.312
180.001   0.420
180.500   0.423
181.001   0.531
181.501   0.580
182.001   0.510
182.502   0.510
183.001   0.796
