  4.705    2.000   0.000
  4.718    1.000   0.000
  5.508   27.000   0.000
  7.255  245.000   1.000
  9.008  251.000   2.000
 10.759  246.000   3.000
 12.568  301.000   3.000
 14.264  254.000   4.000
 16.027  255.000   6.000
 17.769  235.000   7.000
 19.542  275.000   9.000
 21.273  249.000  10.000
 23.026  260.000   9.000
 24.768  238.000  11.000
 26.525  252.000  12.000
 28.283  249.000  12.000
 30.034  246.000  14.000
 31.773  250.000  14.000
 33.528  244.000  13.000
 35.288  244.000  15.000
 37.058  282.000  16.000
 38.783  249.000  13.000
 40.541  233.000  16.000
 42.275  244.000  12.000
 44.040  256.000  17.000
 45.797  253.000  20.000
 47.538  246.000  16.000
 49.285  248.000  15.000
 51.027  250.000  19.000
 52.777  252.000  16.000
 54.528  251.000  19.000
 56.286  208.000  15.000
 58.039  235.000  17.000
 59.799  228.000  21.000
 61.582  251.000  18.000
 63.291  256.000  20.000
 65.042  236.000  24.000
 66.828  269.000  25.000
 68.540  227.000  27.000
 70.319  250.000  24.000
 72.066  242.000  26.000
 73.790  251.000  23.000
 75.554  255.000  26.000
 77.309  255.000  29.000
 79.043  245.000  23.000
 80.800  249.000  25.000
 82.538  245.000  27.000
 84.294  258.000  25.000
 86.049  252.000  27.000
 87.804  245.000  27.000
 89.562  250.000  32.000
 91.286  240.000  21.000
 93.058  238.000  28.000
 94.800  255.000  29.000
 96.546  250.000  23.000
 98.301  249.000  25.000
100.041  245.000  27.000
101.800  221.000  31.000
103.572  275.000  19.000
105.299  241.000  31.000
107.063  245.000  30.000
108.781  271.000  25.000
110.546  240.000  23.000
112.299  254.000  29.000
114.049  240.000  28.000
115.809  250.000  31.000
117.562  249.000  36.000
119.317  248.000  35.000
121.069  246.000  28.000
122.791  240.000  30.000
124.562  247.000  33.000
126.299  249.000  28.000
128.043  244.000  26.000
129.811  249.000  29.000
131.560  242.000  36.000
133.297  254.000  30.000
135.056  241.000  27.000
136.787  242.000  28.000
138.561  263.000  28.000
140.293  245.000  30.000
142.055  258.000  27.000
143.785  255.000  24.000
145.545  261.000  27.000
147.298  239.000  20.000
149.045  250.000  22.000
150.781  241.000  25.000
152.539  244.000  22.000
154.312  252.000  31.000
156.051  245.000  32.000
157.788  251.000  25.000
159.532  248.000  18.000
161.300  246.000  24.000
163.039  262.000  27.000
164.802  258.000  19.000
166.561  271.000  31.000
168.298  247.000  28.000
170.073  241.000  26.000
171.786  249.000  21.000
173.529  245.000  24.000
175.330  249.000  31.000
177.034  253.000  23.000
178.797  247.000  22.000
180.547  250.000  23.000
182.305  257.000  28.000
