  4.642    2.000   0.000
  4.656    1.000   0.000
  4.669    1.000   0.000
  4.702    2.000   0.000
  4.721    1.000   0.000
  4.743    3.000   0.000
  4.764    2.000   0.000
  4.782    1.000   0.000
  4.806    5.000   0.000
  4.828    7.000   0.000
  4.846    3.000   0.000
  5.284   71.000   0.000
  5.716   38.000   0.000
  6.148   54.000   0.000
  6.583   68.000   0.000
  7.009   60.000   1.000
  7.447   63.000   0.000
  7.877   44.000   0.000
  8.378   48.000   0.000
  8.747   59.000   0.000
  9.190   54.000   1.000
  9.615   62.000   0.000
 10.056   68.000   1.000
 10.483   68.000   1.000
 10.942   92.000   1.000
 11.361   72.000   1.000
 11.782   35.000   1.000
 12.220   62.000   1.000
 12.683   81.000   1.000
 13.108  141.000   2.000
 13.531   81.000   2.000
 13.983   87.000   1.000
 14.409   68.000   1.000
 14.827   53.000   2.000
 15.257   57.000   2.000
 15.706   69.000   2.000
 16.150   87.000   2.000
 16.563   35.000   1.000
 17.019   66.000   3.000
 17.430   62.000   3.000
 17.875   47.000   2.000
 18.294   96.000   2.000
 18.749   82.000   3.000
 19.172   51.000   4.000
 19.599   59.000   4.000
 20.064   62.000   5.000
 20.472   72.000   3.000
 20.904   51.000   3.000
 21.335   60.000   3.000
 21.773   54.000   2.000
 22.208   62.000   4.000
 22.643   63.000   5.000
 23.077   57.000   4.000
 23.505   83.000   4.000
 23.947   48.000   3.000
 24.395   62.000   4.000
 24.811   41.000   5.000
 25.248   59.000   7.000
 25.673   80.000   3.000
 26.117   60.000   5.000
 26.543   58.000   6.000
 26.988   84.000   6.000
 27.415   92.000   6.000
 27.853   65.000   5.000
 28.328  104.000   8.000
 28.711   58.000   3.000
 29.156   65.000   8.000
 29.588   62.000   7.000
 30.029   61.000   7.000
 30.457   62.000   7.000
 30.910   60.000   7.000
 31.322   58.000   7.000
 31.758   55.000   6.000
 32.193   65.000   7.000
 32.668   64.000   7.000
 33.066   60.000   3.000
 33.502   57.000   8.000
 33.923   59.000   8.000
 34.364   71.000   7.000
 34.820   62.000   6.000
 35.233   63.000   4.000
 35.662   63.000   6.000
 36.094   45.000   4.000
 36.536   56.000   7.000
 36.982   58.000   7.000
 37.416   82.000   7.000
 37.862   72.000   5.000
 38.278   72.000   8.000
 38.714   74.000   7.000
 39.132   65.000   7.000
 39.601   59.000   8.000
 40.011   66.000   8.000
 40.465   63.000   8.000
 40.876   37.000   6.000
 41.320   84.000   7.000
 41.733   62.000   9.000
 42.166   63.000   6.000
 42.611   65.000   4.000
 43.060   69.000   7.000
 43.475   81.000   9.000
 43.918   65.000  10.000
 44.345   55.000   8.000
 44.791   76.000  12.000
 45.216   60.000   9.000
 45.658   61.000  12.000
 46.085   59.000   8.000
 46.537   66.000   7.000
 46.942   49.000   4.000
 47.395   59.000   7.000
 47.819   66.000   7.000
 48.248   48.000   5.000
 48.683   60.000   7.000
 49.116   60.000   7.000
 49.554   53.000   8.000
 49.999   58.000  11.000
 50.437   51.000   7.000
 50.853   62.000   9.000
 51.287   45.000   5.000
 51.715   62.000   6.000
 52.172   62.000   9.000
 52.597   59.000   8.000
 53.037   72.000  10.000
 53.472   74.000   8.000
 53.890   61.000   8.000
 54.329   66.000  11.000
 54.774   71.000   7.000
 55.200   58.000   6.000
 55.637  114.000   9.000
 56.065   68.000   6.000
 56.491   28.000   6.000
 56.929   63.000   7.000
 57.366   63.000   9.000
 57.798   81.000   8.000
 58.230   60.000   6.000
 58.683   62.000   6.000
 59.094   53.000   9.000
 59.562   65.000   9.000
 59.970   64.000   8.000
 60.409   56.000   8.000
 60.849   91.000   9.000
 61.266   69.000   6.000
 61.700   64.000   7.000
 62.151   57.000   8.000
 62.578   78.000   9.000
 63.007   32.000   7.000
 63.452   66.000   9.000
 63.887   73.000  12.000
 64.335   62.000  11.000
 64.749   57.000   9.000
 65.175   54.000  11.000
 65.623   63.000  14.000
 66.064   56.000  10.000
 66.474   71.000   8.000
 66.924   56.000  12.000
 67.388   33.000  11.000
 67.789   49.000  10.000
 68.220   56.000  13.000
 68.659   57.000  11.000
 69.103   52.000   9.000
 69.523   54.000  12.000
 69.962   63.000  10.000
 70.388   62.000   8.000
 70.829   71.000  12.000
 71.269   48.000  11.000
 71.699   51.000  11.000
 72.141   55.000  12.000
 72.583   72.000   9.000
 72.991   51.000   8.000
 73.433   63.000  13.000
 73.859   52.000   9.000
 74.312   63.000  12.000
 74.744   60.000  13.000
 75.159   54.000   9.000
 75.593   59.000  10.000
 76.026   63.000   9.000
 76.456   62.000  12.000
 76.901   59.000  11.000
 77.333   67.000  14.000
 77.784   64.000  14.000
 78.202   46.000   8.000
 78.637   68.000   7.000
 79.069   60.000  10.000
 79.511   57.000   9.000
 79.962   78.000  12.000
 80.424   59.000  12.000
 80.810   52.000  10.000
 81.247   48.000  12.000
 81.669   59.000  14.000
 82.138   59.000   8.000
 82.549   72.000  10.000
 82.974   81.000   8.000
 83.415   49.000  10.000
 83.846   59.000  11.000
 84.283   42.000  11.000
 84.718   44.000  11.000
 85.149   66.000  10.000
 85.578   65.000  14.000
 86.018   62.000  12.000
 86.444   49.000  13.000
 86.899   64.000  12.000
 87.319   64.000  12.000
 87.751   62.000  13.000
 88.188   63.000  12.000
 88.613   53.000  11.000
 89.049   50.000  10.000
 89.489   58.000  15.000
 89.931   57.000  15.000
 90.341   58.000  10.000
 90.801  109.000   7.000
 91.242   36.000   8.000
 91.659   67.000  10.000
 92.122   62.000  11.000
 92.529   57.000  11.000
 92.973   55.000  15.000
 93.392   56.000  13.000
 93.829   35.000  16.000
 94.257   81.000  15.000
 94.700   66.000  11.000
 95.141   51.000  10.000
 95.558   98.000  12.000
 96.021   62.000  13.000
 96.428   62.000  14.000
 96.862   57.000  10.000
 97.291   53.000  10.000
 97.742   61.000  13.000
 98.164   58.000  11.000
 98.599   94.000   7.000
 99.046   59.000  11.000
 99.479   59.000  11.000
 99.904   65.000  15.000
100.331   70.000  15.000
100.785   50.000  12.000
101.203   57.000  12.000
101.647   53.000  12.000
102.068   52.000   9.000
102.502   90.000  10.000
102.945   66.000   9.000
103.417   60.000  10.000
103.807   59.000   9.000
104.244   56.000  12.000
104.672   70.000  14.000
105.104   67.000  16.000
105.554   70.000  17.000
105.972   94.000   7.000
106.416   65.000  14.000
106.862   59.000  16.000
107.281   65.000  13.000
107.708   88.000   8.000
108.143   48.000  14.000
108.584   63.000  12.000
109.013   69.000   9.000
109.450   66.000  11.000
109.919   99.000  11.000
110.319   57.000  13.000
110.748   37.000  10.000
111.208   61.000  15.000
111.630   73.000   9.000
112.056   48.000  12.000
112.499   63.000  15.000
112.926   61.000  13.000
113.352   66.000  14.000
113.804   70.000  13.000
114.222   53.000  10.000
114.662   64.000  13.000
115.111   54.000  13.000
115.531   62.000  18.000
115.965   64.000  14.000
116.406   64.000  17.000
116.843   66.000  13.000
117.272   70.000  18.000
117.714   61.000  20.000
118.143   60.000  21.000
118.564   57.000  13.000
119.011   75.000  12.000
119.435   64.000  14.000
119.868   60.000  15.000
120.313   65.000  15.000
120.744   65.000  15.000
121.177   65.000  17.000
121.627   68.000  18.000
122.039   47.000  16.000
122.478   60.000  14.000
122.924   63.000  14.000
123.360   71.000  16.000
123.778   66.000  16.000
124.211   57.000  15.000
124.641   65.000  15.000
125.076   67.000  15.000
125.514   63.000  14.000
125.947   61.000  12.000
126.381   64.000  14.000
126.815   57.000  15.000
127.254   63.000  16.000
127.689   56.000  14.000
128.107   58.000  15.000
128.558   52.000  13.000
128.993   66.000  16.000
129.428   69.000  17.000
129.855   59.000  18.000
130.289   63.000  18.000
130.729   47.000  17.000
131.161   59.000  18.000
131.601   61.000  19.000
132.030   60.000  19.000
132.455   66.000  14.000
132.893   66.000  12.000
133.316   57.000  12.000
133.762   60.000  16.000
134.195   68.000  13.000
134.628   66.000  13.000
135.061   58.000  13.000
135.486   61.000  11.000
135.919   60.000  12.000
136.378   66.000  17.000
136.790   58.000  12.000
137.228   56.000  16.000
137.669   64.000  13.000
138.089   41.000  12.000
138.541   69.000  10.000
138.975   57.000  14.000
139.397   48.000  11.000
139.842   56.000  16.000
140.274   62.000  14.000
140.703   63.000  16.000
141.149   65.000  15.000
141.582   66.000  13.000
142.000   68.000  13.000
142.442   63.000  13.000
142.875   65.000  12.000
143.306   64.000  14.000
143.734   60.000  10.000
144.175   56.000  14.000
144.598   67.000  13.000
145.051   67.000  12.000
145.472   51.000  12.000
145.892   49.000  11.000
146.350   62.000   9.000
146.770   47.000   9.000
147.213   51.000  11.000
147.650   53.000  14.000
148.106   63.000  11.000
148.508   52.000   9.000
148.945   58.000   9.000
149.409   63.000   9.000
149.811   58.000  11.000
150.264   80.000  14.000
150.693   56.000  10.000
151.108   45.000   9.000
151.562   90.000   9.000
151.984   59.000  13.000
152.415   61.000  10.000
152.854   62.000   9.000
153.295   56.000  12.000
153.718   56.000  14.000
154.151   62.000  16.000
154.612   57.000  19.000
155.034   63.000  18.000
155.474   55.000  12.000
155.915   73.000  14.000
156.330   59.000  16.000
156.749   64.000  12.000
157.209   62.000  10.000
157.632   69.000  12.000
158.060   69.000   9.000
158.491   59.000  11.000
158.919   66.000   9.000
159.367   75.000   9.000
159.793   56.000  11.000
160.234   54.000  12.000
160.652   64.000  10.000
161.091   36.000  10.000
161.535   52.000   9.000
161.960   81.000  12.000
162.395   66.000  12.000
162.829   70.000  13.000
163.279   66.000  17.000
163.698   68.000  12.000
164.128   59.000  11.000
164.565   63.000   9.000
165.019   63.000  14.000
165.441   54.000  15.000
165.885   67.000  14.000
166.306   63.000  12.000
166.745   60.000  10.000
167.173   62.000  15.000
167.605   47.000  10.000
168.048   54.000  15.000
168.482   65.000  12.000
168.916   67.000  12.000
169.347   67.000  13.000
169.777   66.000  14.000
170.215   68.000  14.000
170.633   93.000  10.000
171.080   62.000  11.000
171.502   34.000   9.000
171.943   57.000  10.000
172.375   54.000  12.000
172.813   54.000  13.000
173.255   66.000  11.000
173.685   35.000  10.000
174.118   63.000  13.000
174.565   66.000  16.000
174.993   89.000  14.000
175.446   70.000  16.000
175.854   61.000  14.000
176.286   63.000  12.000
176.714   59.000  11.000
177.147   62.000   9.000
177.592   62.000  11.000
178.017   64.000  13.000
178.458   55.000  10.000
178.889   59.000  12.000
179.315   39.000  10.000
179.786   63.000   9.000
180.196   69.000  11.000
180.628   66.000  11.000
181.070   61.000  15.000
181.502   59.000  17.000
181.927   55.000  11.000
182.359   53.000   9.000
182.815   61.000  14.000
