  4.625    1.000   0.000
  4.639    1.000   0.000
  4.652    1.000   0.000
  4.685    3.000   0.000
  4.706    3.000   0.000
  4.725    2.000   0.000
  4.745    1.000   0.000
  4.769    1.000   0.000
  4.788    1.000   0.000
  4.809    1.000   0.000
  4.824    1.000   0.000
  4.847    7.000   0.000
  4.868    2.000   0.000
  4.897    3.000   0.000
  4.922    3.000   0.000
  4.947    3.000   0.000
  4.972    3.000   0.000
  5.001    8.000   0.000
  5.109    3.000   0.000
  5.190   14.000   0.000
  5.223    3.000   0.000
  5.282   10.000   0.000
  5.334   11.000   0.000
  5.370    3.000   0.000
  5.466   38.000   0.000
  5.679   36.000   0.000
  5.892   27.000   0.000
  6.112   24.000   0.000
  6.325   23.000   0.000
  6.547   30.000   0.000
  6.787   57.000   0.000
  7.015   66.000   0.000
  7.195   33.000   0.000
  7.411   24.000   0.000
  7.627   21.000   0.000
  7.852   35.000   0.000
  8.061   27.000   0.000
  8.340   90.000   0.000
  8.502   32.000   0.000
  8.718    9.000   0.000
  8.931   29.000   0.000
  9.151   32.000   0.000
  9.363   29.000   0.000
  9.585   29.000   0.000
  9.798   24.000   0.000
 10.018   30.000   0.000
 10.234   33.000   0.000
 10.456   39.000   0.000
 10.669   29.000   0.000
 10.902   32.000   0.000
 11.110   32.000   0.000
 11.323   24.000   0.000
 11.536   24.000   0.000
 11.765   19.000   0.000
 12.001   59.000   0.000
 12.183   18.000   0.000
 12.466   81.000   0.000
 12.652    5.000   0.000
 12.838   27.000   0.000
 13.074    2.000   0.000
 13.277    4.000   0.000
 13.491   32.000   0.000
 13.749   32.000   0.000
 13.944   44.000   0.000
 14.158   41.000   0.000
 14.371   32.000   0.000
 14.571    7.000   0.000
 14.804   44.000   1.000
 15.016   42.000   1.000
 15.226   38.000   1.000
 15.442   14.000   0.000
 15.667   41.000   0.000
 15.886   36.000   0.000
 16.111   47.000   0.000
 16.330   54.000   0.000
 16.525   29.000   0.000
 16.741    5.000   0.000
 16.978   14.000   0.000
 17.182   23.000   0.000
 17.425   29.000   0.000
 17.610   47.000   1.000
 17.833   17.000   0.000
 18.043   26.000   0.000
 18.314    6.000   0.000
 18.478   26.000   1.000
 18.710   29.000   0.000
 18.913   20.000   1.000
 19.132   26.000   1.000
 19.346   26.000   1.000
 19.564   27.000   1.000
 19.781   26.000   1.000
 20.021   54.000   1.000
 20.224   26.000   1.000
 20.440   38.000   1.000
 20.650    8.000   0.000
 20.866   39.000   1.000
 21.094   41.000   1.000
 21.297   29.000   1.000
 21.517   33.000   0.000
 21.732    9.000   0.000
 21.957   60.000   1.000
 22.168   23.000   1.000
 22.385   26.000   1.000
 22.601   20.000   1.000
 22.822   36.000   1.000
 23.035   45.000   1.000
 23.255   32.000   1.000
 23.473   14.000   1.000
 23.686   14.000   1.000
 23.908   24.000   1.000
 24.122   21.000   1.000
 24.352   39.000   1.000
 24.554   30.000   1.000
 24.772   26.000   1.000
 24.989   23.000   1.000
 25.204   30.000   2.000
 25.449   77.000   1.000
 25.645   47.000   1.000
 25.855   39.000   1.000
 26.075   33.000   1.000
 26.292   39.000   1.000
 26.511   30.000   1.000
 26.726   20.000   1.000
 26.943   12.000   1.000
 27.166   38.000   1.000
 27.382   23.000   1.000
 27.599   35.000   1.000
 27.809   26.000   1.000
 28.032   30.000   1.000
 28.281   30.000   1.000
 28.459   30.000   1.000
 28.678   32.000   1.000
 28.895   29.000   1.000
 29.112   29.000   1.000
 29.331   29.000   1.000
 29.546   29.000   1.000
 29.765   29.000   1.000
 29.982   33.000   2.000
 30.209   44.000   1.000
 30.413   29.000   1.000
 30.636   23.000   2.000
 30.869   47.000   2.000
 31.064   30.000   1.000
 31.287   30.000   2.000
 31.499   23.000   1.000
 31.715   29.000   1.000
 31.934   36.000   2.000
 32.153   27.000   1.000
 32.366   29.000   2.000
 32.626   32.000   1.000
 32.803   32.000   0.000
 33.020   32.000   2.000
 33.257   54.000   2.000
 33.451   30.000   1.000
 33.676   24.000   2.000
 33.888   26.000   1.000
 34.103   29.000   1.000
 34.322   29.000   1.000
 34.535   12.000   1.000
 34.775   30.000   1.000
 34.974   24.000   1.000
 35.191   48.000   1.000
 35.446   84.000   1.000
 35.621   26.000   1.000
 35.839   17.000   1.000
 36.061   30.000   1.000
 36.281   27.000   2.000
 36.504   20.000   1.000
 36.714   36.000   2.000
 36.934   42.000   1.000
 37.155   24.000   1.000
 37.360   17.000   1.000
 37.575   42.000   1.000
 37.814   51.000   2.000
 38.010   15.000   1.000
 38.233   32.000   2.000
 38.451   26.000   1.000
 38.670   29.000   2.000
 38.878   35.000   2.000
 39.097   32.000   1.000
 39.324   66.000   1.000
 39.554   29.000   2.000
 39.757   26.000   2.000
 39.965   26.000   2.000
 40.177   45.000   2.000
 40.418   54.000   1.000
 40.612   29.000   0.000
 40.835   29.000   1.000
 41.068   51.000   1.000
 41.274   20.000   2.000
 41.509   30.000   2.000
 41.698   31.000   1.000
 41.916   29.000   1.000
 42.163   60.000   1.000
 42.351   32.000   1.000
 42.566   29.000   1.000
 42.782   23.000   1.000
 43.018   26.000   2.000
 43.220   18.000   1.000
 43.445   36.000   2.000
 43.655   32.000   3.000
 43.872   23.000   1.000
 44.090   33.000   1.000
 44.304   30.000   2.000
 44.543   33.000   2.000
 44.738   38.000   2.000
 44.964   30.000   2.000
 45.171   32.000   2.000
 45.392   29.000   3.000
 45.606   32.000   3.000
 45.821   26.000   2.000
 46.039   25.000   2.000
 46.259   26.000   1.000
 46.495   46.000   1.000
 46.711   39.000   0.000
 46.907   26.000   1.000
 47.124   18.000   1.000
 47.344   30.000   3.000
 47.564   24.000   1.000
 47.775   30.000   2.000
 47.993   29.000   2.000
 48.212   30.000   1.000
 48.434   31.000   1.000
 48.644   41.000   2.000
 48.859   41.000   1.000
 49.076   24.000   2.000
 49.291    9.000   1.000
 49.511   30.000   2.000
 49.728   29.000   2.000
 49.947   20.000   3.000
 50.166   36.000   1.000
 50.387   32.000   1.000
 50.604   27.000   3.000
 50.810   18.000   1.000
 51.041   14.000   2.000
 51.245   31.000   1.000
 51.464   27.000   1.000
 51.686   18.000   1.000
 51.904   32.000   1.000
 52.125   29.000   3.000
 52.341   32.000   2.000
 52.553   35.000   2.000
 52.775   20.000   3.000
 52.986   29.000   2.000
 53.200   27.000   2.000
 53.425   27.000   2.000
 53.633   29.000   2.000
 53.853   18.000   2.000
 54.068   35.000   3.000
 54.291   29.000   2.000
 54.570   99.000   2.000
 54.728   27.000   0.000
 54.935    6.000   1.000
 55.157   24.000   1.000
 55.377   38.000   2.000
 55.588   20.000   0.000
 55.814   15.000   1.000
 56.021   24.000   1.000
 56.248   41.000   1.000
 56.452   21.000   0.000
 56.744    5.000   1.000
 56.895   39.000   1.000
 57.106   45.000   2.000
 57.336   15.000   2.000
 57.539   26.000   1.000
 57.754   27.000   1.000
 57.978   17.000   0.000
 58.233   24.000   1.000
 58.421   34.000   1.000
 58.629   33.000   2.000
 58.845   27.000   3.000
 59.075   30.000   1.000
 59.279   29.000   2.000
 59.517   45.000   2.000
 59.729   50.000   1.000
 59.927   26.000   1.000
 60.144   15.000   2.000
 60.365   18.000   1.000
 60.580   49.000   2.000
 60.795   29.000   2.000
 61.009   23.000   1.000
 61.228   11.000   1.000
 61.456   30.000   2.000
 61.660    6.000   1.000
 61.904   30.000   1.000
 62.098   18.000   1.000
 62.321   20.000   2.000
 62.534   17.000   1.000
 62.749   20.000   1.000
 62.966   42.000   2.000
 63.183   23.000   2.000
 63.399   28.000   2.000
 63.645   60.000   2.000
 63.833   14.000   1.000
 64.051   41.000   3.000
 64.269   44.000   3.000
 64.487   36.000   2.000
 64.699   33.000   2.000
 64.917   33.000   1.000
 65.136   32.000   3.000
 65.352   26.000   3.000
 65.569    9.000   3.000
 65.793   38.000   3.000
 66.032   14.000   2.000
 66.234   14.000   2.000
 66.442   56.000   2.000
 66.693   66.000   5.000
 66.869   30.000   1.000
 67.125   47.000   3.000
 67.335   32.000   2.000
 67.519   30.000   1.000
 67.736   30.000   3.000
 67.959   21.000   4.000
 68.173   32.000   1.000
 68.407   51.000   2.000
 68.611   26.000   2.000
 68.822   32.000   2.000
 69.051   16.000   2.000
 69.257   27.000   2.000
 69.476   42.000   3.000
 69.698   38.000   2.000
 69.907   24.000   3.000
 70.124   36.000   3.000
 70.344   11.000   2.000
 70.566   38.000   2.000
 70.776   30.000   3.000
 70.994   38.000   2.000
 71.211   29.000   3.000
 71.426   32.000   3.000
 71.648   48.000   3.000
 71.867   33.000   2.000
 72.082   32.000   4.000
 72.305   36.000   3.000
 72.540   36.000   2.000
 72.756   32.000   1.000
 72.960   30.000   2.000
 73.173   53.000   4.000
 73.390   35.000   3.000
 73.597   29.000   1.000
 73.824   35.000   3.000
 74.032   21.000   3.000
 74.252   27.000   3.000
 74.471   26.000   3.000
 74.686   33.000   3.000
 74.906   13.000   3.000
 75.119   29.000   2.000
 75.337   32.000   3.000
 75.558   26.000   2.000
 75.767   17.000   2.000
 75.983   17.000   1.000
 76.206   42.000   3.000
 76.422   26.000   3.000
 76.638   30.000   3.000
 76.858   29.000   3.000
 77.069   42.000   4.000
 77.290   19.000   3.000
 77.510   35.000   3.000
 77.728   29.000   3.000
 77.942   32.000   1.000
 78.158   35.000   1.000
 78.386   38.000   2.000
 78.588    8.000   1.000
 78.809   26.000   2.000
 79.023   27.000   2.000
 79.242   24.000   1.000
 79.457   29.000   4.000
 79.714   17.000   2.000
 79.911   50.000   2.000
 80.115   32.000   2.000
 80.369   32.000   3.000
 80.564   29.000   2.000
 80.763   17.000   3.000
 80.977   15.000   3.000
 81.202   39.000   3.000
 81.412   33.000   2.000
 81.627   27.000   3.000
 81.844   15.000   1.000
 82.086   57.000   2.000
 82.286   28.000   2.000
 82.500   21.000   2.000
 82.777   79.000   1.000
 82.957   30.000   2.000
 83.145   33.000   3.000
 83.369   32.000   2.000
 83.604   24.000   2.000
 83.796   33.000   3.000
 84.019   42.000   2.000
 84.234   14.000   2.000
 84.458   30.000   3.000
 84.670   54.000   3.000
 84.884   33.000   2.000
 85.099   27.000   2.000
 85.334   31.000   2.000
 85.534   29.000   3.000
 85.748   30.000   3.000
 85.982   44.000   4.000
 86.187   33.000   3.000
 86.400   32.000   4.000
 86.624   26.000   3.000
 86.853   29.000   4.000
 87.052   30.000   3.000
 87.272   27.000   3.000
 87.487   29.000   4.000
 87.704   29.000   3.000
 87.921   32.000   3.000
 88.139   29.000   5.000
 88.355   30.000   3.000
 88.571   32.000   3.000
 88.788   20.000   3.000
 89.011   33.000   5.000
 89.226   30.000   4.000
 89.441   29.000   5.000
 89.658   30.000   4.000
 89.874   33.000   5.000
 90.098   45.000   4.000
 90.311   33.000   1.000
 90.521   33.000   1.000
 90.803   57.000   1.000
 90.956   23.000   2.000
 91.190   39.000   1.000
 91.392   29.000   2.000
 91.612   21.000   3.000
 91.827   14.000   2.000
 92.074   14.000   2.000
 92.263   50.000   1.000
 92.481   29.000   3.000
 92.697   18.000   3.000
 92.916   30.000   5.000
 93.129   30.000   3.000
 93.345   29.000   3.000
 93.569   35.000   5.000
 93.781   33.000   3.000
 94.003   42.000   2.000
 94.231   21.000   3.000
 94.432   23.000   3.000
 94.651   35.000   3.000
 94.870   29.000   2.000
 95.108    8.000   1.000
 95.298   30.000   2.000
 95.527   21.000   3.000
 95.736   26.000   3.000
 95.960   32.000   4.000
 96.166   37.000   4.000
 96.410   29.000   3.000
 96.599   26.000   2.000
 96.814   30.000   3.000
 97.044   35.000   3.000
 97.249   30.000   2.000
 97.468   20.000   3.000
 97.693   35.000   3.000
 97.904   23.000   2.000
 98.118   27.000   2.000
 98.333   18.000   2.000
 98.554   56.000   1.000
 98.776   11.000   2.000
 98.989   28.000   3.000
 99.204   36.000   3.000
 99.419   26.000   2.000
 99.645   27.000   5.000
 99.855   30.000   3.000
100.090   44.000   5.000
100.292   23.000   2.000
100.512   30.000   2.000
100.733   27.000   3.000
100.945   21.000   3.000
101.156   26.000   2.000
101.374   32.000   4.000
101.599   26.000   3.000
101.827   34.000   1.000
102.039   18.000   2.000
102.252   29.000   2.000
102.464   32.000   3.000
102.692   24.000   1.000
102.896   33.000   1.000
103.109   23.000   1.000
103.368   69.000   2.000
103.550   32.000   1.000
103.760   20.000   2.000
103.979   24.000   4.000
104.199   27.000   4.000
104.417   32.000   4.000
104.634   36.000   3.000
104.855   29.000   4.000
105.061   33.000   4.000
105.278   31.000   5.000
105.497   27.000   4.000
105.720   39.000   2.000
105.928   26.000   1.000
106.148   26.000   3.000
106.368   32.000   3.000
106.582   47.000   2.000
106.801   31.000   5.000
107.022   33.000   4.000
107.259   35.000   3.000
107.455    6.000   0.000
107.673   29.000   2.000
107.882   21.000   3.000
108.106   32.000   1.000
108.350   51.000   3.000
108.534   29.000   3.000
108.764   42.000   2.000
108.969   23.000   2.000
109.198   32.000   3.000
109.410   51.000   3.000
109.622   23.000   2.000
109.868   52.000   3.000
110.057   33.000   4.000
110.273   32.000   4.000
110.492   32.000   2.000
110.713   37.000   3.000
110.926   26.000   4.000
111.154   36.000   3.000
111.370   32.000   3.000
111.578   29.000   3.000
111.791   24.000   3.000
112.009   25.000   2.000
112.226   32.000   3.000
112.442   27.000   5.000
112.663   32.000   4.000
112.879   24.000   4.000
113.100   32.000   3.000
113.329   48.000   3.000
113.531   15.000   3.000
113.750   30.000   4.000
113.962   32.000   3.000
114.178   23.000   3.000
114.398   17.000   3.000
114.615   27.000   3.000
114.829   30.000   3.000
115.052   30.000   4.000
115.264   36.000   6.000
115.481   26.000   4.000
115.697   31.000   5.000
115.916   27.000   3.000
116.134   31.000   7.000
116.349   30.000   5.000
116.568   27.000   4.000
116.784   29.000   4.000
117.006   25.000   6.000
117.224   33.000   5.000
117.434   29.000   6.000
117.663   34.000   8.000
117.867   26.000   7.000
118.093   27.000   5.000
118.299   32.000   4.000
118.528   34.000   5.000
118.733   33.000   3.000
118.958   25.000   2.000
119.178   38.000   5.000
119.385   26.000   3.000
119.622   29.000   5.000
119.823   24.000   4.000
120.041   23.000   6.000
120.257   32.000   5.000
120.472   36.000   5.000
120.692   31.000   5.000
120.912   29.000   5.000
121.127   35.000   5.000
121.347   36.000   6.000
121.560   28.000   6.000
121.787   36.000   5.000
121.997   35.000   4.000
122.215   39.000   3.000
122.423   35.000   3.000
122.658   29.000   3.000
122.865   29.000   4.000
123.077   39.000   5.000
123.303   36.000   4.000
123.514   29.000   4.000
123.732   24.000   5.000
123.945   29.000   5.000
124.160   25.000   4.000
124.379   32.000   4.000
124.595   30.000   4.000
124.811   29.000   4.000
125.032   29.000   5.000
125.244   20.000   3.000
125.461   33.000   3.000
125.683   29.000   3.000
125.899   29.000   4.000
126.115   32.000   3.000
126.333   32.000   3.000
126.550   45.000   4.000
126.762   42.000   4.000
126.984   31.000   6.000
127.202   33.000   3.000
127.428   44.000   3.000
127.640   39.000   3.000
127.853   32.000   5.000
128.063   32.000   4.000
128.284   29.000   4.000
128.499   19.000   4.000
128.715   24.000   4.000
128.936   32.000   5.000
129.154   24.000   6.000
129.366   33.000   6.000
129.588   32.000   6.000
129.825   50.000   6.000
130.026   29.000   5.000
130.235   29.000   6.000
130.453   30.000   5.000
130.674   35.000   5.000
130.892   29.000   6.000
131.106   32.000   6.000
131.327   34.000   6.000
131.541   31.000   6.000
131.757   30.000   5.000
131.974   30.000   6.000
132.193   32.000   7.000
132.411   27.000   4.000
132.620   30.000   3.000
132.841   29.000   3.000
133.056   31.000   4.000
133.272   30.000   2.000
133.499   27.000   4.000
133.707   30.000   5.000
133.925   26.000   3.000
134.144   33.000   4.000
134.359   30.000   4.000
134.579   33.000   3.000
134.795   29.000   4.000
135.034   51.000   6.000
135.227   32.000   2.000
135.445   31.000   4.000
135.660   26.000   3.000
135.877   30.000   3.000
136.101   36.000   5.000
136.318   33.000   6.000
136.528   29.000   3.000
136.747   32.000   4.000
136.969   30.000   6.000
137.181   36.000   4.000
137.398   32.000   4.000
137.615   30.000   3.000
137.828   32.000   4.000
138.046   24.000   2.000
138.267   42.000   2.000
138.493   33.000   3.000
138.701   29.000   3.000
138.919   33.000   3.000
139.134   30.000   2.000
139.353   14.000   1.000
139.569   26.000   5.000
139.789   30.000   4.000
140.028   51.000   5.000
140.218   29.000   4.000
140.442   29.000   3.000
140.656   30.000   5.000
140.873   26.000   4.000
141.088   33.000   5.000
141.304   32.000   4.000
141.521   27.000   4.000
141.737   27.000   4.000
141.954   30.000   4.000
142.195   30.000   3.000
142.389   30.000   2.000
142.613   35.000   3.000
142.830   33.000   2.000
143.039   24.000   3.000
143.258   20.000   4.000
143.485   60.000   3.000
143.687   25.000   3.000
143.907   27.000   3.000
144.127   26.000   4.000
144.337   29.000   4.000
144.557   29.000   3.000
144.782   30.000   4.000
144.998   36.000   4.000
145.213   30.000   4.000
145.429   29.000   3.000
145.643   24.000   2.000
145.877   49.000   3.000
146.086   21.000   2.000
146.305   35.000   3.000
146.518   32.000   2.000
146.733   29.000   2.000
146.944   53.000   2.000
147.158   38.000   4.000
147.380   33.000   2.000
147.602   35.000   3.000
147.821   24.000   3.000
148.058   69.000   4.000
148.258   39.000   3.000
148.469   27.000   2.000
148.680   30.000   2.000
148.895   32.000   3.000
149.118   33.000   3.000
149.364   35.000   1.000
149.551   26.000   3.000
149.770   36.000   4.000
149.990   36.000   4.000
150.210   16.000   2.000
150.416   20.000   2.000
150.649   42.000   2.000
150.894   47.000   3.000
151.081   26.000   1.000
151.293   39.000   2.000
151.509   27.000   2.000
151.727   29.000   3.000
151.935   29.000   4.000
152.153   32.000   3.000
152.385   20.000   2.000
152.592   27.000   2.000
152.801   30.000   2.000
153.030   30.000   4.000
153.245   29.000   3.000
153.457   33.000   3.000
153.672   32.000   3.000
153.890   32.000   4.000
154.106   34.000   5.000
154.333   38.000   6.000
154.545   34.000   7.000
154.760   30.000   4.000
154.982   37.000   4.000
155.191   34.000   6.000
155.429   35.000   3.000
155.630   35.000   3.000
155.862   20.000   4.000
156.057   23.000   3.000
156.296   34.000   3.000
156.491   15.000   2.000
156.719   25.000   3.000
156.938   66.000   3.000
157.156   31.000   4.000
157.364   30.000   4.000
157.579   33.000   3.000
157.793   30.000   2.000
158.013   30.000   2.000
158.228   36.000   3.000
158.450   17.000   3.000
158.663   27.000   2.000
158.887   15.000   2.000
159.103   35.000   4.000
159.317   33.000   2.000
159.549   29.000   1.000
159.758   18.000   4.000
159.968   28.000   3.000
160.188   35.000   3.000
160.409   33.000   2.000
160.648   47.000   2.000
160.852   32.000   1.000
161.067   30.000   2.000
161.266   45.000   1.000
161.489   59.000   2.000
161.710   15.000   3.000
161.921   24.000   1.000
162.141   39.000   2.000
162.352   29.000   3.000
162.568   23.000   3.000
162.789   35.000   3.000
163.014   30.000   5.000
163.221   41.000   3.000
163.437   32.000   2.000
163.651   35.000   3.000
163.869   39.000   3.000
164.088   27.000   2.000
164.312   29.000   2.000
164.520   20.000   3.000
164.739   29.000   3.000
164.955   30.000   3.000
165.173   23.000   5.000
165.391   29.000   4.000
165.608   33.000   4.000
165.828   30.000   4.000
166.044   29.000   3.000
166.267   12.000   2.000
166.497   62.000   3.000
166.694   18.000   3.000
166.907   32.000   4.000
167.125   32.000   5.000
167.346   50.000   3.000
167.560   24.000   3.000
167.778   39.000   4.000
167.995   32.000   3.000
168.212   29.000   3.000
168.437   35.000   3.000
168.648   36.000   2.000
168.863   39.000   3.000
169.081   33.000   4.000
169.297   32.000   4.000
169.513   30.000   4.000
169.729   30.000   3.000
169.959   33.000   3.000
170.166   27.000   2.000
170.384   24.000   3.000
170.606   26.000   2.000
170.820   36.000   3.000
171.036   30.000   1.000
171.249   33.000   2.000
171.483   47.000   2.000
171.681   30.000   4.000
171.900   32.000   3.000
172.117   23.000   4.000
172.331   23.000   3.000
172.564   45.000   4.000
172.774   36.000   3.000
172.985   27.000   3.000
173.204   35.000   2.000
173.416   47.000   2.000
173.634   29.000   3.000
173.852   31.000   4.000
174.071   30.000   4.000
174.286   26.000   3.000
174.508   32.000   6.000
174.723   35.000   3.000
174.936   21.000   5.000
175.158   25.000   5.000
175.387   27.000   4.000
175.593   21.000   4.000
175.805   27.000   3.000
176.022   33.000   4.000
176.240   23.000   4.000
176.459   39.000   2.000
176.676   17.000   4.000
176.889   15.000   3.000
177.111   24.000   3.000
177.334   38.000   3.000
177.543   32.000   3.000
177.758   27.000   4.000
177.979   29.000   3.000
178.194   25.000   4.000
178.424   24.000   3.000
178.628   35.000   3.000
178.843   24.000   1.000
179.065   42.000   3.000
179.275   11.000   1.000
179.496    6.000   1.000
179.729   42.000   2.000
179.935   32.000   3.000
180.147   26.000   2.000
180.365   35.000   3.000
180.582   33.000   3.000
180.794   26.000   4.000
181.019   32.000   5.000
181.233   30.000   5.000
181.455   38.000   3.000
181.666   33.000   3.000
181.882   32.000   4.000
182.103   32.000   3.000
182.318   22.000   3.000
182.537   28.000   4.000
182.749   30.000   3.000
182.987   14.000   3.000
183.201   28.000   8.000
