  8.022  979.000   2.000
 15.018 1016.000   7.000
 22.035  978.000  12.000
 29.036 1000.000  20.000
 36.045 1004.000  24.000
 43.047 1004.000  28.000
 50.076 1010.000  37.000
 57.068  996.000  37.000
 64.085  993.000  44.000
 71.082  970.000  52.000
 78.083 1012.000  56.000
 85.099  991.000  53.000
 92.088  989.000  57.000
 99.096  998.000  57.000
106.093  998.000  53.000
113.106  995.000  54.000
120.090 1001.000  67.000
127.079  997.000  56.000
134.107  997.000  58.000
141.077  993.000  53.000
148.079  995.000  49.000
155.100 1002.000  49.000
162.083 1003.000  49.000
169.068 1003.000  52.000
176.080 1005.000  49.000
