  4.599    2.000   0.000
  4.612    1.000   0.000
  4.625    1.000   0.000
  4.660    3.000   0.000
  4.680    3.000   0.000
  5.377  122.000   0.000
  6.271  109.000   0.000
  7.129  111.000   1.000
  8.010  126.000   1.000
  8.879  123.000   1.000
  9.758  101.000   1.000
 10.645  138.000   2.000
 11.504  174.000   2.000
 12.389  114.000   2.000
 13.280   68.000   2.000
 14.136  116.000   3.000
 15.012  122.000   3.000
 15.893  111.000   3.000
 16.761  129.000   3.000
 17.637  128.000   5.000
 18.507  166.000   3.000
 19.388  120.000   8.000
 20.266  144.000   8.000
 21.145  114.000   6.000
 22.025  138.000   5.000
 22.892  140.000   7.000
 23.762  125.000   6.000
 24.638  124.000   8.000
 25.530  128.000   9.000
 26.403  115.000   8.000
 27.271  115.000   8.000
 28.145  127.000  10.000
 29.021  125.000   9.000
 29.893  125.000  11.000
 30.775  123.000  10.000
 31.643  140.000  11.000
 32.512  127.000  11.000
 33.404  120.000   9.000
 34.268  129.000  12.000
 35.138  129.000  10.000
 36.025   81.000   8.000
 36.899  131.000  11.000
 37.768  102.000  11.000
 38.658  121.000  12.000
 39.541   93.000  11.000
 40.401  130.000  13.000
 41.299  126.000  11.000
 42.139  123.000  10.000
 43.037  139.000  10.000
 43.899  107.000  11.000
 44.781  126.000  14.000
 45.652  121.000  15.000
 46.527  134.000  13.000
 47.411  123.000  12.000
 48.268  144.000   9.000
 49.145  119.000  12.000
 50.041  124.000  15.000
 50.901  116.000  10.000
 51.779  118.000  10.000
 52.656  140.000  13.000
 53.523  126.000  14.000
 54.402  120.000  14.000
 55.271  111.000  10.000
 56.142  152.000  12.000
 57.041  173.000  11.000
 57.888  106.000  14.000
 58.789  113.000  14.000
 59.702  136.000  15.000
 60.534  121.000  11.000
 61.405   80.000  12.000
 62.272  132.000  12.000
 63.150  120.000  13.000
 64.039  152.000  16.000
 64.923  128.000  15.000
 65.777  127.000  20.000
 66.662  151.000  15.000
 67.525  106.000  18.000
 68.401  125.000  16.000
 69.284  127.000  15.000
 70.155  158.000  18.000
 71.021  108.000  15.000
 71.911  124.000  19.000
 72.768  111.000  16.000
 73.656  142.000  19.000
 74.529  110.000  17.000
 75.403  119.000  18.000
 76.291  126.000  18.000
 77.158  127.000  19.000
 78.046  113.000  16.000
 78.925  120.000  15.000
 79.787  130.000  14.000
 80.663  126.000  18.000
 81.539  117.000  22.000
 82.402  125.000  14.000
 83.287  126.000  16.000
 84.156  124.000  17.000
 85.025  127.000  21.000
 85.901  123.000  16.000
 86.778  116.000  18.000
 87.666  108.000  21.000
 88.533  121.000  18.000
 89.424  136.000  25.000
 90.267  132.000  25.000
 91.155  133.000  12.000
 92.030  129.000  17.000
 92.916  131.000  23.000
 93.786  121.000  21.000
 94.666  131.000  17.000
 95.534  127.000  15.000
 96.404  111.000  19.000
 97.275  122.000  16.000
 98.152  131.000  19.000
 99.040  169.000  16.000
 99.904  123.000  18.000
100.787  123.000  21.000
101.696  106.000  19.000
102.529  132.000  14.000
103.394  126.000  13.000
104.284  132.000  18.000
105.166  127.000  22.000
106.031  125.000  22.000
106.927  125.000  25.000
107.785  128.000  17.000
108.649  120.000  17.000
109.537  117.000  17.000
110.408  129.000  18.000
111.278  134.000  20.000
112.170  107.000  19.000
113.023  134.000  24.000
113.901  115.000  19.000
114.790   99.000  21.000
115.668  117.000  25.000
116.544  122.000  22.000
117.440  127.000  28.000
118.287  109.000  31.000
119.170  126.000  21.000
120.040  127.000  22.000
120.923  122.000  21.000
121.782  123.000  21.000
122.651  124.000  21.000
123.541  118.000  24.000
124.418  127.000  23.000
125.285  146.000  22.000
126.163  135.000  18.000
127.043  127.000  22.000
127.914  113.000  20.000
128.795  122.000  21.000
129.673  133.000  25.000
130.541  129.000  31.000
131.433  123.000  25.000
132.279  126.000  25.000
133.168  132.000  19.000
134.032  124.000  21.000
134.902  125.000  18.000
135.793  128.000  21.000
136.661  125.000  20.000
137.533  124.000  20.000
138.412  130.000  18.000
139.286  122.000  21.000
140.163  125.000  24.000
141.036  120.000  19.000
141.912  123.000  18.000
142.803  132.000  17.000
143.653  124.000  16.000
144.524  124.000  18.000
145.430  134.000  20.000
146.292  138.000  17.000
147.151  125.000  15.000
148.022  130.000  15.000
148.904  127.000  14.000
149.779  122.000  14.000
150.651  127.000  15.000
151.531  127.000  16.000
152.404  129.000  15.000
153.275  130.000  15.000
154.166  123.000  23.000
155.054  118.000  25.000
155.909  126.000  18.000
156.770  126.000  18.000
157.662  126.000  18.000
158.521  130.000  12.000
159.435  168.000  11.000
160.276  129.000  20.000
161.167  138.000  13.000
162.045  132.000  22.000
162.906  126.000  19.000
163.770  119.000  17.000
164.658  136.000  12.000
165.536  127.000  22.000
166.410  127.000  20.000
167.277  122.000  18.000
168.169  122.000  21.000
169.033  124.000  16.000
169.920  126.000  22.000
170.784  139.000  17.000
171.660  126.000  13.000
172.536  125.000  17.000
173.393  123.000  15.000
174.281  131.000  21.000
175.204  133.000  27.000
176.032  118.000  20.000
176.905  126.000  15.000
177.780  133.000  14.000
178.661  122.000  16.000
179.521  137.000  14.000
180.410  127.000  15.000
181.292  121.000  22.000
182.149  127.000  19.000
183.066  128.000  22.000
