  4.740    2.000   0.000
  7.509  503.000   2.000
 11.032  495.000   3.000
 14.526  515.000   5.000
 18.036  477.000   8.000
 21.522  500.000  12.000
 25.032  481.000  12.000
 28.531  503.000  16.000
 32.030  518.000  18.000
 35.566  505.000  18.000
 39.033  477.000  18.000
 42.525  496.000  18.000
 46.053  496.000  27.000
 49.556  503.000  24.000
 53.042  490.000  24.000
 56.545  471.000  25.000
 60.052  500.000  26.000
 63.548  492.000  28.000
 67.063  510.000  36.000
 70.556  503.000  34.000
 74.052  492.000  34.000
 77.570  500.000  40.000
 81.061  477.000  34.000
 84.568  484.000  40.000
 88.074  499.000  37.000
 91.558  499.000  41.000
 95.074  495.000  41.000
 98.584  516.000  38.000
102.073  494.000  43.000
105.574  498.000  37.000
109.055  502.000  38.000
112.571  490.000  37.000
116.079  493.000  43.000
119.577  501.000  50.000
123.065  494.000  42.000
126.571  494.000  41.000
130.079  505.000  36.000
133.556  496.000  46.000
137.059  486.000  42.000
140.575  502.000  40.000
144.060  490.000  34.000
147.563  476.000  33.000
151.053  499.000  33.000
154.583  487.000  35.000
158.046  509.000  39.000
161.607  531.000  31.000
165.061  502.000  35.000
168.561  494.000  41.000
172.058  505.000  34.000
175.590  488.000  40.000
179.053  488.000  31.000
182.567  479.000  34.000
