  0.500   0.000
  1.000   0.143
  1.501   0.300
  2.001   0.000
  2.501   0.041
  3.001   0.040
  3.501   0.020
  4.001   0.265
  4.500   0.140
  5.001   0.041
  5.501   0.020
  6.001   0.000
  6.501   0.039
  7.001   0.000
  7.501   0.020
  8.001   0.020
  8.500   0.000
  9.001   0.020
  9.501   0.020
 10.000   0.059
 10.501   0.000
 11.001   0.040
 11.501   0.000
 12.001   0.020
 12.500   0.041
 13.001   0.020
 13.501   0.000
 14.001   0.040
 14.501   0.000
 15.001   0.020
 15.501   0.060
 16.001   0.000
 16.500   0.020
 17.001   0.040
 17.501   0.000
 18.001   0.020
 18.501   0.041
 19.001   0.020
 19.501   0.000
 20.001   0.060
 20.500   0.039
 21.005   0.020
 21.501   0.061
 22.001   0.000
 22.501   0.111
 23.001   0.176
 23.501   0.061
 24.001   0.000
 24.500   0.060
 25.001   0.000
 25.501   0.021
 26.001   0.061
 26.501   0.000
 27.001   0.000
 27.501   0.080
 28.001   0.000
 28.500   0.000
 29.001   0.078
 29.501   0.000
 30.001   0.000
 30.501   0.082
 31.001   0.000
 31.501   0.000
 32.001   0.100
 32.500   0.000
 33.001   0.000
 33.501   0.780
 34.001   0.000
 34.501   0.000
 35.001   0.082
 35.501   0.000
 36.001   0.000
 36.500   0.080
 37.001   0.000
 37.501   0.000
 38.001   0.100
 38.501   0.000
 39.001   0.000
 39.501   0.100
 40.001   0.000
 40.500   0.000
 41.001   0.120
 41.501   0.000
 42.001   0.000
 42.501   0.100
 43.001   0.000
 43.501   0.020
 44.001   0.102
 44.500   0.000
 45.001   0.000
 45.501   0.143
 46.001   0.000
 46.501   0.000
 47.001   0.157
 47.501   0.000
 48.001   0.000
 48.500   0.140
 49.001   0.000
 49.501   0.000
 50.001   0.120
 50.501   0.000
 51.001   0.000
 51.501   0.122
 52.001   0.000
 52.500   0.020
 53.001   0.122
 53.501   0.020
 54.001   0.000
 54.501   0.122
 55.001   0.000
 55.501   0.000
 56.001   0.140
 56.500   0.000
 57.001   0.000
 57.501   0.143
 58.001   0.000
 58.501   0.000
 59.001   0.157
 59.501   0.000
 60.001   0.000
 60.500   0.143
 61.001   0.000
 61.501   0.000
 62.001   0.157
 62.501   0.000
 63.001   0.000
 63.501   0.163
 64.001   0.000
 64.500   0.000
 65.001   0.200
 65.501   0.000
 66.001   0.000
 66.501   0.220
 67.001   0.000
 67.501   0.000
 68.001   0.180
 68.500   0.020
 69.001   0.000
 69.501   0.163
 70.001   0.000
 70.501   0.000
 71.001   0.180
 71.501   0.000
 72.001   0.000
 72.500   0.160
 73.001   0.000
 73.501   0.000
 74.001   0.180
 74.501   0.000
 75.001   0.000
 75.501   0.220
 76.001   0.000
 76.500   0.000
 77.001   0.220
 77.501   0.000
 78.001   0.000
 78.501   0.200
 79.001   0.000
 79.501   0.000
 80.001   0.157
 80.500   0.000
 81.001   0.000
 81.501   0.180
 82.001   0.000
 82.501   0.000
 83.001   0.204
 83.501   0.000
 84.001   0.000
 84.500   0.220
 85.001   0.020
 85.501   0.020
 86.001   0.184
 86.501   0.020
 87.001   0.000
 87.501   0.208
 88.001   0.000
 88.500   0.000
 89.001   0.216
 89.501   0.000
 90.001   0.000
 90.501   0.260
 91.001   0.000
 91.501   0.000
 92.001   0.180
 92.500   0.000
 93.001   0.000
 93.501   0.240
 94.001   0.000
 94.501   0.000
 95.001   0.220
 95.501   0.000
 96.001   0.000
 96.500   0.176
 97.001   0.000
 97.501   0.000
 98.001   0.200
 98.501   0.000
 99.001   0.000
 99.501   0.240
100.001   0.000
100.500   0.000
101.001   0.220
101.501   0.000
102.001   0.000
102.501   0.200
103.001   0.000
103.501   0.000
104.001   0.122
104.500   0.000
105.001   0.020
105.501   0.163
106.001   0.000
106.501   0.000
107.001   0.216
107.501   0.000
108.001   0.000
108.500   0.184
109.001   0.000
109.501   0.000
110.001   0.212
110.501   0.000
111.001   0.000
111.501   0.180
112.001   0.000
112.501   0.000
113.001   0.224
113.501   0.000
114.001   0.000
114.501   0.240
115.001   0.000
115.501   0.000
116.001   0.240
116.500   0.000
117.001   0.000
117.501   0.280
118.001   0.020
118.501   0.000
119.001   0.260
119.501   0.000
120.001   0.000
120.500   0.260
121.001   0.000
121.501   0.000
122.001   0.204
122.501   0.020
123.001   0.000
123.501   0.204
124.001   0.000
124.501   0.000
125.001   0.255
125.501   0.000
126.001   0.000
126.501   0.184
127.001   0.000
127.501   0.000
128.001   0.157
128.500   0.000
129.001   0.000
129.501   0.196
130.001   0.000
130.501   0.000
131.001   0.240
131.501   0.000
132.001   0.000
132.500   0.224
133.001   0.000
133.501   0.000
134.001   0.220
134.501   0.000
135.001   0.020
135.501   0.245
136.001   0.000
136.501   0.020
137.001   0.220
137.501   0.000
138.001   0.000
138.501   0.200
139.001   0.000
139.501   0.000
140.001   0.216
140.500   0.000
141.001   0.000
141.501   0.200
142.001   0.000
142.501   0.000
143.001   0.220
143.501   0.000
144.001   0.020
144.501   0.184
145.001   0.000
145.501   0.000
146.001   0.176
146.501   0.000
147.001   0.000
147.501   0.163
148.001   0.000
148.501   0.000
149.001   0.180
149.501   0.000
150.004   0.020
150.501   0.163
151.001   0.020
151.501   0.000
152.001   0.160
152.500   0.020
153.001   0.000
153.501   0.160
154.001   0.000
154.501   0.020
155.001   0.260
155.501   0.000
156.001   0.000
156.500   0.235
157.001   0.000
157.501   0.000
158.001   0.204
158.501   0.000
159.001   0.000
159.501   0.196
160.001   0.000
160.500   0.000
161.001   0.180
161.501   0.000
162.001   0.000
162.501   0.200
163.001   0.000
163.501   0.000
164.001   0.212
164.500   0.000
165.001   0.000
165.501   0.143
166.001   0.000
166.501   0.000
167.001   0.200
167.501   0.020
168.001   0.000
168.500   0.224
169.001   0.000
169.501   0.000
170.001   0.216
170.501   0.000
171.001   0.000
171.501   0.200
172.001   0.000
172.500   0.000
173.001   0.160
173.501   0.000
174.001   0.000
174.501   0.184
175.001   0.000
175.501   0.020
176.001   0.260
176.500   0.000
177.001   0.000
177.501   0.180
178.001   0.000
178.501   0.000
179.001   0.163
179.501   0.000
180.001   0.020
180.500   0.184
181.001   0.000
181.501   0.000
182.001   0.220
182.501   0.660
