  4.661    1.000   0.000
  4.676    1.000   0.000
  4.689    1.000   0.000
  4.723    3.000   0.000
  4.741    1.000   0.000
  4.763    3.000   0.000
  4.784    2.000   0.000
  4.801    1.000   0.000
  4.825    1.000   0.000
  4.847    7.000   0.000
  4.869    2.000   0.000
  4.887    1.000   0.000
  4.916    3.000   0.000
  4.941    3.000   0.000
  4.966    3.000   0.000
  4.991    3.000   0.000
  5.016    3.000   0.000
  5.123   73.000   0.000
  5.191   11.000   0.000
  5.242    3.000   0.000
  5.281    4.000   0.000
  5.338   14.000   0.000
  5.379   11.000   0.000
  5.413    2.000   0.000
  5.457    3.000   0.000
  5.545   14.000   0.000
  5.595    4.000   0.000
  5.625    1.000   0.000
  5.737    5.000   0.000
  5.812    4.000   0.000
  5.836    3.000   0.000
  5.920   20.000   0.000
  5.992    2.000   0.000
  6.067    6.000   0.000
  6.142   17.000   0.000
  6.166    2.000   0.000
  6.235    3.000   0.000
  6.304    6.000   0.000
  6.379    9.000   0.000
  6.421    8.000   0.000
  6.487    2.000   0.000
  6.532    2.000   0.000
  6.580    4.000   0.000
  6.616    2.000   0.000
  6.649    6.000   0.000
  6.702    3.000   0.000
  6.748    3.000   0.000
  6.772    3.000   0.000
  6.847    3.000   0.000
  6.904    5.000   0.000
  6.940   12.000   0.000
  6.988    3.000   0.000
  7.054    3.000   0.000
  7.144   14.000   0.000
  7.186    2.000   0.000
  7.213    3.000   0.000
  7.342    8.000   0.000
  7.393    8.000   0.000
  7.444    3.000   0.000
  7.531   20.000   0.000
  7.585    5.000   0.000
  7.642    3.000   0.000
  7.708    5.000   0.000
  7.756    6.000   0.000
  7.792    6.000   0.000
  7.823    2.000   0.000
  7.858    2.000   0.000
  7.904   18.000   0.000
  7.939    8.000   0.000
  7.967    3.000   0.000
  8.000    3.000   0.000
  8.057    8.000   0.000
  8.120   18.000   0.000
  8.194   14.000   0.000
  8.254    8.000   0.000
  8.374    2.000   0.000
  8.435   27.000   0.000
  8.560   12.000   0.000
  8.599    7.000   0.000
  8.683    6.000   0.000
  8.749    8.000   0.000
  8.818   11.000   0.000
  8.885    3.000   0.000
  8.932    5.000   0.000
  8.968    3.000   0.000
  9.046   11.000   0.000
  9.154   17.000   0.000
  9.256   12.000   0.000
  9.364   15.000   0.000
  9.466   11.000   0.000
  9.577   11.000   0.000
  9.688    5.000   0.000
  9.790    3.000   0.000
  9.886   14.000   0.000
  9.991   14.000   0.000
 10.096   14.000   0.000
 10.201   12.000   0.000
 10.309    8.000   0.000
 10.420   17.000   0.000
 10.516   11.000   0.000
 10.621   14.000   0.000
 10.726    5.000   0.000
 10.846   11.000   0.000
 10.972   26.000   0.000
 11.056   12.000   0.000
 11.146    6.000   0.000
 11.263   26.000   0.000
 11.362   20.000   0.000
 11.500   30.000   0.000
 11.569    3.000   0.000
 11.698    5.000   0.000
 11.779    3.000   0.000
 11.881   13.000   0.000
 11.995   22.000   0.000
 12.104   18.000   0.000
 12.200    3.000   0.000
 12.329   27.000   0.000
 12.415   16.000   0.000
 12.529    3.000   0.000
 12.677   74.000   0.000
 12.733    8.000   0.000
 12.826   14.000   0.000
 12.937    3.000   0.000
 13.103    6.000   0.000
 13.144   17.000   0.000
 13.246   14.000   0.000
 13.354   11.000   0.000
 13.471    3.000   0.000
 13.578   29.000   0.000
 13.666   13.000   0.000
 13.814    3.000   0.000
 13.897    8.000   0.000
 13.987    6.000   0.000
 14.101    9.000   0.000
 14.210   18.000   0.000
 14.299   14.000   0.000
 14.422   21.000   0.000
 14.506   15.000   0.000
 14.611    5.000   0.000
 14.719   14.000   0.000
 14.833   26.000   0.000
 14.932   17.000   0.000
 15.046   12.000   0.000
 15.145   18.000   0.000
 15.250   12.000   0.000
 15.347    4.000   0.000
 15.478    5.000   0.000
 15.575    4.000   0.000
 15.676   21.000   0.000
 15.778   20.000   0.000
 15.878    6.000   0.000
 15.979   14.000   0.000
 16.083   11.000   0.000
 16.188    8.000   0.000
 16.307   25.000   0.000
 16.423   16.000   0.000
 16.532    6.000   0.000
 16.616   24.000   0.000
 16.745   11.000   0.000
 16.850   47.000   0.000
 16.942   35.000   0.000
 17.070   55.000   0.000
 17.156    3.000   0.000
 17.245   17.000   0.000
 17.345   15.000   0.000
 17.459    3.000   0.000
 17.552    9.000   0.000
 17.656   14.000   0.000
 17.776   20.000   0.000
 17.866   15.000   0.000
 17.971   11.000   0.000
 18.076    5.000   0.000
 18.226   11.000   0.000
 18.352    2.000   0.000
 18.404    3.000   0.000
 18.502   16.000   0.000
 18.601   12.000   0.000
 18.740    4.000   0.000
 18.820    6.000   0.000
 18.922   20.000   0.000
 19.030    9.000   0.000
 19.126    3.000   0.000
 19.234   14.000   1.000
 19.340    6.000   0.000
 19.471    8.000   0.000
 19.547   11.000   0.000
 19.678   42.000   0.000
 19.757   15.000   0.000
 19.862   14.000   0.000
 19.967   12.000   0.000
 20.086    6.000   0.000
 20.177   11.000   0.000
 20.285    8.000   0.000
 20.390    7.000   0.000
 20.513   37.000   0.000
 20.609   20.000   0.000
 20.702    4.000   0.000
 20.810   18.000   0.000
 20.914   16.000   0.000
 21.024   22.000   0.000
 21.124   14.000   0.000
 21.238   26.000   0.000
 21.342   13.000   0.000
 21.436   15.000   0.000
 21.552    4.000   0.000
 21.685    5.000   0.000
 21.763   10.000   0.000
 21.862    2.000   0.000
 21.986    4.000   0.000
 22.104    4.000   0.000
 22.174   15.000   0.000
 22.285    2.000   0.000
 22.387   14.000   0.000
 22.486   12.000   0.000
 22.594    9.000   0.000
 22.703   15.000   1.000
 22.801    6.000   0.000
 22.909    6.000   0.000
 23.011    8.000   1.000
 23.120   14.000   1.000
 23.221   11.000   0.000
 23.329   12.000   1.000
 23.431   12.000   0.000
 23.536   14.000   0.000
 23.644   12.000   0.000
 23.749   16.000   0.000
 23.856   18.000   1.000
 23.969   12.000   0.000
 24.061   11.000   0.000
 24.176   25.000   0.000
 24.288    5.000   0.000
 24.389    5.000   0.000
 24.484    9.000   0.000
 24.593   15.000   1.000
 24.696   17.000   1.000
 24.803   12.000   0.000
 24.905   18.000   1.000
 25.007   12.000   1.000
 25.110   21.000   1.000
 25.216   18.000   1.000
 25.320   11.000   0.000
 25.473   58.000   0.000
 25.549   30.000   0.000
 25.666   27.000   0.000
 25.745    4.000   0.000
 25.849    5.000   0.000
 25.951    6.000   0.000
 26.056    9.000   0.000
 26.165   18.000   0.000
 26.272   13.000   0.000
 26.375    5.000   0.000
 26.479   16.000   0.000
 26.581    9.000   0.000
 26.695    6.000   0.000
 26.807    3.000   0.000
 26.923   48.000   0.000
 27.002   14.000   1.000
 27.110   17.000   1.000
 27.248   14.000   0.000
 27.316    5.000   0.000
 27.424   12.000   0.000
 27.532   11.000   0.000
 27.631    3.000   0.000
 27.739   15.000   1.000
 27.842   15.000   1.000
 27.950   18.000   1.000
 28.055    8.000   1.000
 28.157   11.000   1.000
 28.263   11.000   1.000
 28.368    2.000   0.000
 28.471   12.000   0.000
 28.576   14.000   0.000
 28.684   14.000   0.000
 28.785    7.000   0.000
 28.891   14.000   1.000
 28.997   18.000   1.000
 29.101   15.000   0.000
 29.207   21.000   1.000
 29.312   14.000   0.000
 29.418   14.000   1.000
 29.522   14.000   1.000
 29.630   14.000   1.000
 29.731   14.000   1.000
 29.840   18.000   1.000
 29.944   21.000   1.000
 30.047   11.000   1.000
 30.152    5.000   0.000
 30.255   11.000   0.000
 30.362   15.000   1.000
 30.487   35.000   0.000
 30.571    7.000   1.000
 30.701   35.000   0.000
 30.784   14.000   1.000
 30.905   41.000   1.000
 30.999    5.000   0.000
 31.100   17.000   1.000
 31.201   11.000   1.000
 31.307    9.000   1.000
 31.426   18.000   1.000
 31.519    3.000   0.000
 31.634    9.000   1.000
 31.729   12.000   1.000
 31.836   15.000   1.000
 31.940   12.000   0.000
 32.048   23.000   1.000
 32.147    4.000   0.000
 32.252   23.000   1.000
 32.358    8.000   1.000
 32.483   29.000   0.000
 32.571   11.000   0.000
 32.736    3.000   0.000
 32.785    5.000   0.000
 32.900   26.000   0.000
 32.991    4.000   0.000
 33.102    5.000   0.000
 33.198   20.000   1.000
 33.304   12.000   1.000
 33.416   24.000   1.000
 33.524   27.000   1.000
 33.618   14.000   1.000
 33.722    7.000   1.000
 33.838   21.000   1.000
 33.933   11.000   1.000
 34.036    8.000   0.000
 34.143    9.000   0.000
 34.246   18.000   1.000
 34.357    6.000   0.000
 34.469   27.000   1.000
 34.562    8.000   1.000
 34.674    5.000   0.000
 34.777   17.000   1.000
 34.877   11.000   1.000
 34.987   32.000   1.000
 35.122    2.000   0.000
 35.206   23.000   0.000
 35.308    9.000   0.000
 35.455   66.000   0.000
 35.536   10.000   0.000
 35.624   10.000   1.000
 35.729   25.000   1.000
 35.852   44.000   0.000
 35.936   15.000   0.000
 36.035   17.000   1.000
 36.153   30.000   1.000
 36.252    6.000   1.000
 36.347   10.000   1.000
 36.456    4.000   0.000
 36.557   11.000   1.000
 36.662    8.000   1.000
 36.779   23.000   1.000
 36.874   20.000   1.000
 36.982   13.000   1.000
 37.085    9.000   0.000
 37.197    4.000   0.000
 37.292    6.000   0.000
 37.396   21.000   1.000
 37.501   14.000   0.000
 37.608    3.000   0.000
 37.712   11.000   1.000
 37.845   15.000   1.000
 37.952    4.000   0.000
 38.031    6.000   1.000
 38.141   14.000   1.000
 38.237   12.000   1.000
 38.351   23.000   1.000
 38.448    6.000   1.000
 38.551   15.000   1.000
 38.669   23.000   1.000
 38.764    5.000   0.000
 38.884   32.000   1.000
 38.986   39.000   1.000
 39.088   27.000   0.000
 39.181   15.000   0.000
 39.319   36.000   1.000
 39.400   15.000   0.000
 39.500   11.000   1.000
 39.602    4.000   0.000
 39.724   30.000   1.000
 39.812   22.000   0.000
 39.918   14.000   1.000
 40.023    4.000   0.000
 40.130   15.000   0.000
 40.243    7.000   0.000
 40.346   11.000   1.000
 40.466   17.000   0.000
 40.557   17.000   0.000
 40.685   48.000   1.000
 40.774    2.000   0.000
 40.864   10.000   1.000
 40.992    3.000   0.000
 41.099   32.000   1.000
 41.189   27.000   0.000
 41.312   15.000   1.000
 41.387   14.000   1.000
 41.502   11.000   1.000
 41.597   12.000   1.000
 41.723   14.000   0.000
 41.807    8.000   0.000
 41.917    5.000   0.000
 42.038   38.000   0.000
 42.122   18.000   0.000
 42.230    6.000   0.000
 42.349   30.000   0.000
 42.476    4.000   0.000
 42.547   12.000   0.000
 42.657    5.000   0.000
 42.755    9.000   0.000
 42.857    9.000   0.000
 42.962   11.000   1.000
 43.099   31.000   0.000
 43.181    6.000   0.000
 43.286    7.000   0.000
 43.385   14.000   2.000
 43.489    8.000   1.000
 43.605   25.000   2.000
 43.700   15.000   1.000
 43.826   14.000   1.000
 43.913    8.000   0.000
 44.012    9.000   1.000
 44.123    3.000   0.000
 44.223   14.000   1.000
 44.327   14.000   1.000
 44.435   10.000   1.000
 44.547   12.000   1.000
 44.667   18.000   1.000
 44.747   13.000   0.000
 44.851    5.000   0.000
 44.963   20.000   0.000
 45.080   19.000   1.000
 45.173   21.000   1.000
 45.272   12.000   1.000
 45.381   18.000   1.000
 45.487   11.000   1.000
 45.587   14.000   1.000
 45.695   18.000   1.000
 45.803   15.000   1.000
 45.908   20.000   1.000
 46.007   11.000   1.000
 46.124    8.000   0.000
 46.217   14.000   1.000
 46.321   24.000   0.000
 46.427    6.000   1.000
 46.550    3.000   0.000
 46.672   12.000   0.000
 46.771   18.000   0.000
 46.856   23.000   1.000
 46.951   14.000   0.000
 47.071   24.000   0.000
 47.172   12.000   1.000
 47.267   14.000   1.000
 47.373   14.000   2.000
 47.476   12.000   1.000
 47.584   10.000   0.000
 47.692   12.000   1.000
 47.794    9.000   1.000
 47.904   21.000   1.000
 48.006   18.000   1.000
 48.107   14.000   1.000
 48.212    7.000   1.000
 48.323   11.000   1.000
 48.424    4.000   0.000
 48.527   12.000   1.000
 48.655    8.000   0.000
 48.758   21.000   1.000
 48.845   12.000   0.000
 48.949   17.000   1.000
 49.053   32.000   1.000
 49.156   11.000   0.000
 49.265   18.000   1.000
 49.368   10.000   1.000
 49.481   26.000   1.000
 49.586   24.000   1.000
 49.689   14.000   1.000
 49.787   14.000   1.000
 49.903   11.000   1.000
 50.000    6.000   1.000
 50.120   11.000   1.000
 50.212    5.000   0.000
 50.323   24.000   1.000
 50.423   17.000   1.000
 50.527   14.000   1.000
 50.632   20.000   1.000
 50.741   23.000   1.000
 50.840   17.000   1.000
 50.948   15.000   1.000
 51.070   15.000   0.000
 51.151    8.000   1.000
 51.265   17.000   0.000
 51.362    5.000   0.000
 51.466    8.000   0.000
 51.587   21.000   1.000
 51.701    4.000   0.000
 51.794   26.000   0.000
 51.893   10.000   1.000
 51.994    6.000   0.000
 52.103    3.000   1.000
 52.209    5.000   0.000
 52.313    5.000   0.000
 52.421   23.000   1.000
 52.535   32.000   1.000
 52.670   41.000   1.000
 52.742   28.000   1.000
 52.856   35.000   1.000
 52.938    5.000   0.000
 53.048   29.000   1.000
 53.149   14.000   1.000
 53.253    5.000   1.000
 53.365    7.000   1.000
 53.472    5.000   0.000
 53.570   12.000   0.000
 53.673   10.000   2.000
 53.781    2.000   1.000
 53.883    6.000   1.000
 53.989   10.000   1.000
 54.098   14.000   1.000
 54.204   17.000   2.000
 54.302    5.000   1.000
 54.422   14.000   1.000
 54.520   31.000   1.000
 54.650    8.000   0.000
 54.758   18.000   0.000
 54.853   35.000   0.000
 54.995    7.000   0.000
 55.076    5.000   0.000
 55.150    5.000   0.000
 55.250    5.000   0.000
 55.359    9.000   2.000
 55.537   32.000   0.000
 55.642   23.000   0.000
 55.742   19.000   0.000
 55.813    5.000   0.000
 55.946   42.000   0.000
 56.011    8.000   0.000
 56.111   14.000   1.000
 56.213   19.000   0.000
 56.338    5.000   0.000
 56.462    4.000   1.000
 56.566    4.000   0.000
 56.769  101.000   0.000
 56.837    6.000   1.000
 56.899    5.000   0.000
 56.946    8.000   1.000
 57.057    6.000   1.000
 57.180    5.000   0.000
 57.251    6.000   1.000
 57.346   10.000   0.000
 57.455   24.000   1.000
 57.566   18.000   0.000
 57.700    5.000   0.000
 57.769   11.000   0.000
 57.949   17.000   0.000
 58.016    5.000   0.000
 58.099    8.000   1.000
 58.199    5.000   0.000
 58.299    7.000   0.000
 58.402   17.000   0.000
 58.511   19.000   1.000
 58.616    5.000   0.000
 58.713    7.000   1.000
 58.840   18.000   1.000
 58.932   21.000   1.000
 59.050   20.000   0.000
 59.147   11.000   0.000
 59.238    4.000   1.000
 59.363   30.000   1.000
 59.470   36.000   0.000
 59.558    6.000   0.000
 59.701   15.000   1.000
 59.768   10.000   0.000
 59.921   14.000   0.000
 59.985   11.000   0.000
 60.095    8.000   0.000
 60.188   14.000   0.000
 60.329   26.000   1.000
 60.400   12.000   0.000
 60.500    7.000   1.000
 60.606    5.000   0.000
 60.755    5.000   0.000
 60.817   15.000   1.000
 60.917   15.000   1.000
 61.040    5.000   0.000
 61.136   30.000   1.000
 61.291   21.000   0.000
 61.348    5.000   0.000
 61.502   18.000   0.000
 61.565    3.000   0.000
 61.690    5.000   0.000
 61.790   36.000   0.000
 61.887    5.000   0.000
 61.975    3.000   0.000
 62.108   10.000   1.000
 62.181   18.000   1.000
 62.288   22.000   1.000
 62.396   20.000   1.000
 62.522    6.000   1.000
 62.599   24.000   1.000
 62.728   21.000   0.000
 62.816   21.000   0.000
 62.929    8.000   0.000
 63.047   45.000   0.000
 63.123    8.000   0.000
 63.243    4.000   1.000
 63.333   24.000   1.000
 63.440   18.000   1.000
 63.568    5.000   1.000
 63.675   40.000   1.000
 63.776   16.000   0.000
 63.860   13.000   1.000
 63.967   10.000   1.000
 64.073   19.000   1.000
 64.189    6.000   1.000
 64.284   13.000   1.000
 64.385   15.000   3.000
 64.487    8.000   0.000
 64.604   12.000   0.000
 64.711    9.000   0.000
 64.809   21.000   1.000
 64.929   12.000   0.000
 65.015   10.000   1.000
 65.120   17.000   3.000
 65.239   36.000   2.000
 65.331    7.000   1.000
 65.438   13.000   2.000
 65.575    8.000   2.000
 65.655    9.000   1.000
 65.766    9.000   1.000
 65.852   15.000   1.000
 65.973   30.000   1.000
 66.086    8.000   1.000
 66.172    5.000   0.000
 66.281    5.000   1.000
 66.377   15.000   0.000
 66.506   21.000   1.000
 66.589   18.000   2.000
 66.720   31.000   1.000
 66.825    5.000   1.000
 66.905    5.000   1.000
 67.014   18.000   1.000
 67.112   15.000   1.000
 67.246    7.000   1.000
 67.322   10.000   2.000
 67.486   31.000   1.000
 67.589   13.000   1.000
 67.649    3.000   2.000
 67.766   17.000   1.000
 67.848    3.000   1.000
 67.959   10.000   2.000
 68.074   15.000   1.000
 68.180   14.000   1.000
 68.273    7.000   1.000
 68.387    5.000   1.000
 68.488   24.000   2.000
 68.588    5.000   1.000
 68.715   50.000   1.000
 68.809   12.000   0.000
 68.904    7.000   1.000
 69.038    6.000   0.000
 69.150    6.000   1.000
 69.271    5.000   1.000
 69.317   10.000   0.000
 69.438    7.000   2.000
 69.535    9.000   1.000
 69.644   26.000   1.000
 69.750   12.000   0.000
 69.855    9.000   1.000
 69.947    9.000   1.000
 70.060   21.000   2.000
 70.175    5.000   1.000
 70.265   17.000   1.000
 70.388    8.000   1.000
 70.478   20.000   1.000
 70.586   12.000   0.000
 70.686   11.000   1.000
 70.800   10.000   3.000
 70.893   10.000   1.000
 71.024    9.000   0.000
 71.102   13.000   1.000
 71.216   21.000   1.000
 71.319   11.000   1.000
 71.426   23.000   1.000
 71.527   10.000   1.000
 71.627   14.000   1.000
 71.735   14.000   1.000
 71.852   24.000   1.000
 71.943   11.000   2.000
 72.069   13.000   3.000
 72.156   17.000   1.000
 72.258   14.000   2.000
 72.377   22.000   1.000
 72.478    7.000   1.000
 72.602    3.000   0.000
 72.734   29.000   0.000
 72.808    5.000   1.000
 72.886    7.000   1.000
 72.997    7.000   1.000
 73.097    5.000   1.000
 73.221   17.000   1.000
 73.309   12.000   1.000
 73.419   10.000   3.000
 73.530    7.000   1.000
 73.628   16.000   1.000
 73.740   26.000   2.000
 73.837    5.000   1.000
 73.943   17.000   1.000
 74.062   16.000   2.000
 74.153   18.000   1.000
 74.255   18.000   2.000
 74.357   11.000   1.000
 74.474   12.000   2.000
 74.571    5.000   1.000
 74.680    5.000   1.000
 74.807   23.000   1.000
 74.895   33.000   1.000
 74.990   18.000   3.000
 75.098   13.000   1.000
 75.197   12.000   1.000
 75.301    5.000   1.000
 75.408   20.000   1.000
 75.512   14.000   1.000
 75.632   12.000   1.000
 75.730   14.000   1.000
 75.846   12.000   1.000
 75.933    6.000   1.000
 76.041   14.000   1.000
 76.150   11.000   2.000
 76.253   18.000   1.000
 76.360   12.000   1.000
 76.459    5.000   1.000
 76.563   19.000   1.000
 76.667    8.000   1.000
 76.779   13.000   2.000
 76.897   20.000   1.000
 76.983   21.000   2.000
 77.097    9.000   1.000
 77.214   33.000   3.000
 77.312   11.000   2.000
 77.421    8.000   2.000
 77.517   11.000   1.000
 77.619    8.000   1.000
 77.716   14.000   1.000
 77.830   17.000   1.000
 77.951   11.000   1.000
 78.051    8.000   1.000
 78.143   14.000   1.000
 78.255   26.000   1.000
 78.374   33.000   0.000
 78.490   15.000   0.000
 78.593    9.000   0.000
 78.669    8.000   0.000
 78.773   21.000   1.000
 78.884   27.000   2.000
 78.992   26.000   1.000
 79.101   33.000   1.000
 79.186   11.000   1.000
 79.300   20.000   1.000
 79.410   15.000   1.000
 79.528   42.000   1.000
 79.610    5.000   1.000
 79.742   44.000   1.000
 79.823   16.000   0.000
 79.940   32.000   1.000
 80.029    7.000   1.000
 80.144   10.000   2.000
 80.252   11.000   1.000
 80.343   23.000   1.000
 80.454   11.000   1.000
 80.552   12.000   2.000
 80.673   15.000   1.000
 80.769   12.000   1.000
 80.926   12.000   3.000
 81.011    3.000   0.000
 81.079   12.000   1.000
 81.182   17.000   2.000
 81.299   22.000   1.000
 81.412   30.000   2.000
 81.507   13.000   3.000
 81.615   23.000   1.000
 81.791    8.000   1.000
 81.845    6.000   0.000
 81.967   33.000   1.000
 82.041   28.000   1.000
 82.138   42.000   1.000
 82.247   35.000   1.000
 82.354    7.000   1.000
 82.442    8.000   1.000
 82.602   12.000   1.000
 82.667   15.000   0.000
 82.819    1.000   0.000
 82.873    5.000   0.000
 82.985    5.000   1.000
 83.081   19.000   1.000
 83.176   27.000   1.000
 83.287    9.000   1.000
 83.396   14.000   1.000
 83.494   27.000   1.000
 83.634    5.000   1.000
 83.710   15.000   1.000
 83.828   14.000   1.000
 83.912    8.000   1.000
 84.018   14.000   1.000
 84.122    6.000   1.000
 84.233   26.000   1.000
 84.334    7.000   1.000
 84.447   13.000   2.000
 84.546   12.000   1.000
 84.659    7.000   0.000
 84.752   12.000   1.000
 84.858   15.000   1.000
 84.980   13.000   1.000
 85.080   12.000   1.000
 85.173   14.000   1.000
 85.278   13.000   1.000
 85.383   12.000   2.000
 85.496   14.000   2.000
 85.592   15.000   2.000
 85.698   12.000   1.000
 85.820   33.000   1.000
 85.907   11.000   1.000
 86.023   12.000   3.000
 86.123   18.000   2.000
 86.229   15.000   2.000
 86.331   16.000   3.000
 86.438   17.000   1.000
 86.542   18.000   2.000
 86.644   14.000   2.000
 86.750    8.000   1.000
 86.874   15.000   3.000
 86.957    9.000   2.000
 87.067    7.000   1.000
 87.185   17.000   2.000
 87.275   14.000   1.000
 87.390   12.000   2.000
 87.486   18.000   1.000
 87.593   15.000   3.000
 87.709   11.000   1.000
 87.799   15.000   2.000
 87.907   13.000   2.000
 88.011   12.000   2.000
 88.112    9.000   2.000
 88.219   15.000   2.000
 88.330   13.000   2.000
 88.435   20.000   2.000
 88.533   11.000   1.000
 88.638    3.000   0.000
 88.744   12.000   2.000
 88.848    9.000   1.000
 88.978   20.000   3.000
 89.063   14.000   1.000
 89.172   14.000   4.000
 89.268   13.000   3.000
 89.380   12.000   3.000
 89.485   17.000   3.000
 89.583   13.000   2.000
 89.711   18.000   4.000
 89.803   15.000   3.000
 89.911   17.000   2.000
 90.003    8.000   1.000
 90.111   18.000   2.000
 90.211   13.000   2.000
 90.316    5.000   1.000
 90.465    6.000   1.000
 90.580   23.000   0.000
 90.665   13.000   0.000
 90.859   38.000   0.000
 90.954    7.000   0.000
 91.040    8.000   0.000
 91.141    6.000   0.000
 91.216   11.000   1.000
 91.269    7.000   1.000
 91.383   18.000   1.000
 91.474   17.000   1.000
 91.595   24.000   1.000
 91.681   17.000   1.000
 91.788   15.000   1.000
 91.892   11.000   1.000
 92.024    9.000   0.000
 92.113    5.000   1.000
 92.229   17.000   0.000
 92.327   28.000   1.000
 92.420    6.000   1.000
 92.523   15.000   1.000
 92.643   26.000   1.000
 92.742   17.000   3.000
 92.840   12.000   3.000
 92.946   15.000   3.000
 93.047   12.000   1.000
 93.159   21.000   2.000
 93.258    7.000   1.000
 93.363   14.000   2.000
 93.475    5.000   1.000
 93.575    7.000   3.000
 93.686    5.000   1.000
 93.791   10.000   2.000
 93.893   17.000   1.000
 94.004   26.000   1.000
 94.103    7.000   2.000
 94.202   12.000   2.000
 94.316   23.000   1.000
 94.416    8.000   1.000
 94.516    9.000   1.000
 94.636   22.000   1.000
 94.726    5.000   1.000
 94.836    5.000   0.000
 94.937    3.000   1.000
 95.051    7.000   1.000
 95.159    3.000   0.000
 95.262   36.000   1.000
 95.392   45.000   1.000
 95.462   14.000   1.000
 95.570   18.000   1.000
 95.674    8.000   1.000
 95.779   13.000   1.000
 95.886    5.000   1.000
 95.990   16.000   1.000
 96.125   30.000   5.000
 96.200    6.000   1.000
 96.302   15.000   2.000
 96.411   17.000   2.000
 96.520    6.000   0.000
 96.623   14.000   1.000
 96.732   11.000   1.000
 96.827   13.000   2.000
 96.932   21.000   2.000
 97.049   12.000   0.000
 97.154   15.000   1.000
 97.262   11.000   1.000
 97.352   15.000   1.000
 97.458   14.000   1.000
 97.566   13.000   3.000
 97.674   12.000   2.000
 97.794    6.000   1.000
 97.876    4.000   0.000
 97.982   13.000   1.000
 98.086   24.000   1.000
 98.196   15.000   2.000
 98.300    7.000   0.000
 98.441    9.000   0.000
 98.570    5.000   0.000
 98.700   51.000   1.000
 98.761    9.000   0.000
 98.821   14.000   1.000
 98.926   10.000   1.000
 99.031   13.000   2.000
 99.140   26.000   1.000
 99.247    8.000   1.000
 99.355   14.000   1.000
 99.459   20.000   2.000
 99.569   12.000   2.000
 99.667   17.000   2.000
 99.773   14.000   1.000
 99.878   21.000   1.000
 99.979   12.000   2.000
100.088   22.000   3.000
100.188    8.000   1.000
100.302   34.000   1.000
100.398   12.000   1.000
100.513    5.000   1.000
100.616    8.000   1.000
100.713    9.000   2.000
100.819   14.000   2.000
100.954   28.000   1.000
101.028   10.000   1.000
101.146   24.000   2.000
101.239   17.000   2.000
101.350   11.000   1.000
101.478    5.000   1.000
101.552    9.000   1.000
101.753   11.000   1.000
101.858   35.000   1.000
101.939   11.000   0.000
101.996    7.000   1.000
102.089   20.000   1.000
102.193    6.000   0.000
102.302   16.000   1.000
102.399   15.000   2.000
102.506   19.000   0.000
102.625    5.000   1.000
102.776   49.000   1.000
102.860    9.000   0.000
102.926    5.000   1.000
103.023   15.000   1.000
103.127   15.000   0.000
103.240    5.000   1.000
103.340   18.000   1.000
103.474   45.000   1.000
103.570   24.000   1.000
103.652    5.000   1.000
103.759    5.000   1.000
103.887   17.000   1.000
103.986    5.000   1.000
104.077   12.000   1.000
104.179    5.000   1.000
104.283    6.000   1.000
104.403   15.000   3.000
104.495   17.000   2.000
104.603   17.000   2.000
104.716   17.000   2.000
104.808   11.000   1.000
104.915    8.000   3.000
105.029   10.000   3.000
105.142   11.000   2.000
105.250   20.000   2.000
105.334    5.000   1.000
105.448   18.000   4.000
105.567   27.000   4.000
105.659   27.000   1.000
105.755    8.000   1.000
105.894    7.000   1.000
105.965   12.000   1.000
106.071   10.000   2.000
106.184   11.000   2.000
106.287   24.000   2.000
106.383   12.000   2.000
106.486   24.000   3.000
106.607    6.000   0.000
106.705    5.000   1.000
106.805   18.000   2.000
106.911   17.000   2.000
107.012   12.000   2.000
107.122   12.000   1.000
107.222    9.000   1.000
107.326    8.000   1.000
107.441    5.000   1.000
107.561    7.000   1.000
107.657   26.000   1.000
107.753   12.000   1.000
107.857   19.000   2.000
107.965    5.000   1.000
108.069   26.000   1.000
108.170   13.000   1.000
108.288   15.000   1.000
108.396   11.000   2.000
108.483   12.000   2.000
108.597   22.000   1.000
108.717    6.000   0.000
108.839   26.000   1.000
108.921    3.000   0.000
109.010   12.000   1.000
109.147    4.000   1.000
109.233   13.000   1.000
109.337    6.000   1.000
109.432    7.000   1.000
109.538   12.000   1.000
109.645   12.000   1.000
109.743   10.000   1.000
109.850   21.000   1.000
109.968    7.000   2.000
110.058   11.000   1.000
110.167   15.000   2.000
110.287    8.000   2.000
110.372   12.000   1.000
110.489   21.000   1.000
110.594   32.000   1.000
110.695   27.000   2.000
110.807   24.000   2.000
110.927   15.000   3.000
111.003    9.000   0.000
111.112   18.000   3.000
111.217   20.000   1.000
111.319   18.000   2.000
111.425   18.000   1.000
111.538   20.000   1.000
111.635   18.000   1.000
111.740   15.000   1.000
111.854   12.000   2.000
111.949   13.000   2.000
112.059   17.000   2.000
112.166   20.000   2.000
112.263    9.000   2.000
112.369   12.000   3.000
112.476   15.000   3.000
112.577   15.000   3.000
112.689   14.000   2.000
112.791   15.000   3.000
112.924   11.000   3.000
113.010   31.000   1.000
113.107   15.000   3.000
113.219   15.000   3.000
113.313   14.000   2.000
113.418   12.000   3.000
113.523   13.000   2.000
113.646   23.000   3.000
113.740   14.000   2.000
113.849   27.000   1.000
113.944   13.000   3.000
114.051    9.000   1.000
114.156   17.000   2.000
114.266    9.000   2.000
114.378    5.000   1.000
114.475    9.000   2.000
114.575   30.000   2.000
114.680   15.000   1.000
114.781    7.000   1.000
114.888   14.000   2.000
114.994   16.000   3.000
115.101   15.000   2.000
115.213    7.000   4.000
115.345   18.000   5.000
115.449   12.000   3.000
115.519    9.000   2.000
115.628   15.000   3.000
115.735   13.000   2.000
115.843   16.000   2.000
115.942   14.000   2.000
116.064   14.000   3.000
116.197   23.000   6.000
116.293   10.000   3.000
116.365    5.000   2.000
116.475   18.000   3.000
116.568   11.000   1.000
116.675   21.000   3.000
116.791    8.000   4.000
116.920   18.000   4.000
117.035   12.000   4.000
117.113    7.000   1.000
117.200   14.000   3.000
117.341   19.000   5.000
117.435    4.000   2.000
117.543   22.000   5.000
117.743   33.000   7.000
117.862   16.000   4.000
117.964    6.000   4.000
118.052   10.000   2.000
118.125   12.000   2.000
118.188   12.000   1.000
118.252    8.000   2.000
118.356   18.000   1.000
118.471   15.000   3.000
118.561   10.000   1.000
118.685    5.000   1.000
118.790   15.000   1.000
118.881   13.000   0.000
118.988   15.000   2.000
119.087   11.000   1.000
119.203   17.000   2.000
119.303   15.000   2.000
119.405   12.000   2.000
119.513   11.000   2.000
119.612   18.000   3.000
119.719   14.000   3.000
119.833   20.000   3.000
119.935   12.000   3.000
120.059   19.000   5.000
120.212   28.000   6.000
120.288    9.000   2.000
120.397   15.000   4.000
120.492   14.000   3.000
120.561   10.000   1.000
120.685   21.000   5.000
120.812   13.000   4.000
120.875    5.000   1.000
121.013   11.000   3.000
121.120    8.000   5.000
121.258   25.000   5.000
121.336   11.000   2.000
121.423    8.000   3.000
121.510   16.000   3.000
121.664   19.000   6.000
121.718    9.000   1.000
121.829   17.000   4.000
121.924   15.000   2.000
122.034   14.000   2.000
122.136   12.000   3.000
122.268   14.000   2.000
122.353   12.000   2.000
122.453   18.000   2.000
122.552   24.000   2.000
122.662   12.000   2.000
122.762   14.000   2.000
122.879   15.000   3.000
122.986   27.000   3.000
123.083   15.000   3.000
123.183   15.000   2.000
123.286   20.000   2.000
123.399   14.000   2.000
123.499    9.000   1.000
123.611   12.000   3.000
123.710    8.000   2.000
123.818   18.000   3.000
123.930   18.000   3.000
124.033   12.000   3.000
124.134   18.000   3.000
124.238   18.000   3.000
124.340   15.000   3.000
124.447   15.000   3.000
124.548   15.000   1.000
124.653    9.000   4.000
124.758   14.000   2.000
124.870   14.000   4.000
124.983   20.000   4.000
125.081   21.000   2.000
125.186   16.000   3.000
125.283   15.000   2.000
125.385   15.000   2.000
125.499   20.000   2.000
125.604   20.000   2.000
125.704   13.000   1.000
125.809   11.000   3.000
125.921   15.000   3.000
126.018   12.000   2.000
126.129   21.000   2.000
126.253   12.000   2.000
126.335   14.000   1.000
126.449   13.000   3.000
126.542   14.000   1.000
126.649   18.000   3.000
126.758    6.000   3.000
126.882   12.000   4.000
127.006    8.000   4.000
127.073    2.000   0.000
127.174   15.000   3.000
127.277    8.000   1.000
127.385   17.000   1.000
127.515   15.000   2.000
127.601   10.000   2.000
127.705   14.000   2.000
127.811   21.000   3.000
127.909   14.000   3.000
128.038   15.000   3.000
128.120    9.000   1.000
128.232   21.000   3.000
128.328   18.000   3.000
128.434   12.000   2.000
128.537   16.000   3.000
128.650   11.000   3.000
128.748    8.000   2.000
128.883   11.000   4.000
128.989   18.000   4.000
129.129   26.000   6.000
129.193    2.000   1.000
129.318   14.000   4.000
129.420    8.000   3.000
129.519   11.000   4.000
129.633   16.000   4.000
129.741   12.000   4.000
129.834   10.000   3.000
129.913   10.000   2.000
130.057   13.000   3.000
130.175   26.000   5.000
130.298   12.000   4.000
130.415    9.000   2.000
130.490    8.000   2.000
130.587   21.000   1.000
130.654    7.000   2.000
130.785   10.000   6.000
130.849   12.000   1.000
130.967   17.000   4.000
131.104    6.000   4.000
131.183    6.000   2.000
131.275   20.000   3.000
131.437   31.000   5.000
131.493    5.000   1.000
131.621   19.000   5.000
131.701    4.000   2.000
131.797   15.000   3.000
131.925   29.000   6.000
132.010   13.000   3.000
132.161   23.000   6.000
132.257   21.000   3.000
132.349    9.000   3.000
132.428   13.000   2.000
132.528   14.000   2.000
132.647   27.000   3.000
132.739   14.000   2.000
132.881   25.000   4.000
132.949    9.000   1.000
133.079   24.000   4.000
133.158   14.000   3.000
133.266   20.000   1.000
133.372   14.000   2.000
133.473   14.000   3.000
133.587    8.000   4.000
133.699   14.000   4.000
133.790   15.000   3.000
133.893   16.000   4.000
134.000   13.000   3.000
134.104   15.000   4.000
134.215    9.000   5.000
134.348   27.000   4.000
134.426    9.000   2.000
134.532   11.000   2.000
134.629   10.000   3.000
134.735   15.000   2.000
134.846   10.000   4.000
134.977   17.000   3.000
135.058   11.000   2.000
135.170   16.000   3.000
135.256   14.000   1.000
135.371   11.000   3.000
135.472   15.000   1.000
135.572    8.000   2.000
135.680   15.000   3.000
135.799   17.000   2.000
135.891   18.000   2.000
136.000   15.000   3.000
136.102   11.000   1.000
136.208   10.000   2.000
136.310   14.000   3.000
136.413   10.000   3.000
136.527   12.000   3.000
136.647   21.000   4.000
136.747   12.000   3.000
136.849   12.000   3.000
137.014   22.000   5.000
137.139   22.000   4.000
137.221    6.000   2.000
137.313    8.000   2.000
137.407   14.000   4.000
137.504   29.000   1.000
137.571   10.000   1.000
137.675   16.000   3.000
137.779   12.000   3.000
137.882   15.000   3.000
137.999   14.000   1.000
138.098    6.000   1.000
138.209    8.000   1.000
138.313    5.000   0.000
138.406    8.000   1.000
138.521   22.000   1.000
138.632    8.000   2.000
138.728   10.000   2.000
138.825   14.000   2.000
138.937   11.000   2.000
139.038   15.000   1.000
139.146    8.000   0.000
139.252    5.000   1.000
139.353    5.000   1.000
139.457    9.000   1.000
139.574   15.000   3.000
139.680   31.000   3.000
139.790   15.000   3.000
139.895   19.000   2.000
139.985   12.000   1.000
140.089   14.000   3.000
140.193   14.000   2.000
140.298    7.000   1.000
140.403   18.000   2.000
140.532   15.000   3.000
140.635    9.000   2.000
140.728   11.000   3.000
140.826   17.000   2.000
140.934   17.000   4.000
141.038   12.000   3.000
141.138   25.000   3.000
141.246   16.000   4.000
141.349   18.000   3.000
141.464   24.000   3.000
141.587   12.000   3.000
141.682    9.000   3.000
141.768   15.000   2.000
141.878   15.000   1.000
141.981   17.000   2.000
142.084   15.000   2.000
142.224   10.000   2.000
142.308   24.000   1.000
142.408    9.000   1.000
142.504    8.000   1.000
142.609   13.000   2.000
142.718   15.000   1.000
142.823   12.000   1.000
142.925    9.000   2.000
143.041   24.000   3.000
143.136    8.000   3.000
143.266   47.000   2.000
143.354   12.000   3.000
143.453   18.000   1.000
143.567   33.000   2.000
143.657   10.000   1.000
143.770   29.000   2.000
143.872   19.000   2.000
143.984   14.000   1.000
144.081   11.000   1.000
144.183   12.000   2.000
144.286   22.000   2.000
144.393   11.000   2.000
144.505   25.000   2.000
144.603   32.000   1.000
144.712   18.000   3.000
144.833   16.000   2.000
144.923    8.000   1.000
145.030   15.000   3.000
145.144   13.000   3.000
145.236   16.000   3.000
145.340   11.000   2.000
145.446   17.000   2.000
145.554    9.000   2.000
145.662   11.000   2.000
145.762    9.000   2.000
145.871   14.000   2.000
145.988   18.000   1.000
146.073    5.000   1.000
146.191   11.000   1.000
146.302   27.000   1.000
146.390   11.000   0.000
146.492    8.000   1.000
146.599    6.000   1.000
146.741    9.000   1.000
146.814    5.000   0.000
146.928   50.000   2.000
147.029   14.000   1.000
147.133    7.000   2.000
147.227   14.000   2.000
147.338    6.000   1.000
147.437   14.000   1.000
147.541    6.000   1.000
147.653   19.000   4.000
147.760   26.000   1.000
147.861    5.000   1.000
147.965   11.000   3.000
148.125    8.000   1.000
148.190    7.000   1.000
148.279   21.000   2.000
148.381   26.000   1.000
148.500   27.000   1.000
148.594   12.000   1.000
148.708    6.000   1.000
148.809   10.000   3.000
148.911   14.000   1.000
149.018   15.000   2.000
149.118   14.000   1.000
149.232    8.000   1.000
149.343   35.000   1.000
149.466   22.000   1.000
149.557   23.000   1.000
149.645   10.000   2.000
149.747   15.000   1.000
149.857   17.000   3.000
150.001   18.000   3.000
150.105   11.000   2.000
150.166    5.000   0.000
150.288   25.000   2.000
150.380   21.000   1.000
150.481   14.000   1.000
150.593   11.000   1.000
150.698   10.000   1.000
150.811    4.000   0.000
150.928    5.000   0.000
151.039   29.000   0.000
151.115   14.000   1.000
151.217   12.000   1.000
151.361   14.000   1.000
151.477   10.000   1.000
151.546    8.000   1.000
151.684   60.000   1.000
151.759   13.000   1.000
151.847   11.000   1.000
151.979    9.000   2.000
152.065    8.000   1.000
152.170    5.000   2.000
152.281   17.000   2.000
152.385    5.000   0.000
152.509   16.000   2.000
152.589    7.000   1.000
152.699   12.000   1.000
152.795   16.000   2.000
152.912   17.000   1.000
153.008   12.000   2.000
153.109   13.000   3.000
153.212   27.000   2.000
153.317   14.000   1.000
153.424   14.000   2.000
153.529   13.000   2.000
153.635   15.000   3.000
153.745   18.000   3.000
153.862   23.000   4.000
153.964   15.000   4.000
154.060    6.000   2.000
154.164   15.000   3.000
154.271   11.000   4.000
154.400   27.000   4.000
154.496    5.000   1.000
154.597    9.000   3.000
154.695   10.000   3.000
154.801   13.000   3.000
154.904   16.000   4.000
155.018    8.000   3.000
155.104    6.000   1.000
155.229   29.000   4.000
155.311   12.000   1.000
155.459   44.000   1.000
155.527   10.000   1.000
155.628   11.000   1.000
155.749   30.000   2.000
155.848   14.000   2.000
155.947    5.000   1.000
156.048    9.000   1.000
156.162   17.000   2.000
156.261   18.000   2.000
156.369    9.000   2.000
156.470   18.000   1.000
156.606   11.000   2.000
156.701   11.000   0.000
156.784    6.000   1.000
156.905    8.000   1.000
157.013   33.000   3.000
157.099   13.000   2.000
157.243   16.000   4.000
157.323   15.000   2.000
157.420   15.000   3.000
157.532   18.000   2.000
157.625   11.000   1.000
157.728   18.000   1.000
157.837   36.000   1.000
157.942   13.000   1.000
158.042   14.000   1.000
158.168   35.000   1.000
158.259    9.000   1.000
158.369   20.000   2.000
158.464   24.000   2.000
158.569    6.000   0.000
158.680   27.000   2.000
158.780   12.000   1.000
158.889    9.000   1.000
158.988   21.000   2.000
159.113   30.000   3.000
159.197   14.000   1.000
159.312   15.000   1.000
159.446   54.000   1.000
159.529    5.000   1.000
159.619    8.000   1.000
159.730   12.000   2.000
159.845    6.000   1.000
159.940   12.000   2.000
160.042    9.000   2.000
160.142    5.000   1.000
160.257   23.000   1.000
160.352   12.000   1.000
160.466   20.000   1.000
160.566    7.000   0.000
160.718   38.000   0.000
160.799   28.000   1.000
160.909    5.000   0.000
160.982   25.000   1.000
161.096   25.000   0.000
161.193    3.000   1.000
161.300    5.000   1.000
161.415   15.000   2.000
161.524    5.000   1.000
161.639   20.000   1.000
161.726    8.000   1.000
161.822   14.000   1.000
161.956    5.000   1.000
162.037   19.000   1.000
162.142   26.000   1.000
162.243    9.000   3.000
162.350   14.000   2.000
162.455    5.000   1.000
162.559   15.000   2.000
162.665   14.000   2.000
162.768   14.000   2.000
162.887   29.000   1.000
162.986   17.000   3.000
163.085   15.000   2.000
163.187   13.000   1.000
163.300   24.000   3.000
163.396    6.000   1.000
163.504    7.000   1.000
163.618   18.000   1.000
163.715    7.000   1.000
163.836   14.000   1.000
163.924    4.000   1.000
164.035   24.000   1.000
164.133   15.000   1.000
164.243   11.000   1.000
164.341   11.000   1.000
164.450    8.000   1.000
164.554    7.000   1.000
164.661    8.000   2.000
164.761   14.000   2.000
164.879   20.000   1.000
164.981   18.000   2.000
165.103   15.000   3.000
165.214   18.000   4.000
165.297    7.000   2.000
165.396   20.000   2.000
165.498   16.000   2.000
165.609   19.000   2.000
165.707   13.000   2.000
165.832   15.000   3.000
165.926   12.000   1.000
166.030   12.000   1.000
166.132   21.000   1.000
166.250   33.000   1.000
166.340   14.000   1.000
166.467   18.000   1.000
166.549    3.000   1.000
166.652    8.000   1.000
166.756   20.000   1.000
166.875   23.000   4.000
166.976   14.000   1.000
167.077   18.000   2.000
167.176   11.000   1.000
167.291    9.000   1.000
167.391   15.000   1.000
167.497   12.000   2.000
167.607    5.000   1.000
167.715   17.000   3.000
167.814   17.000   2.000
167.927    5.000   1.000
168.029   11.000   4.000
168.133   16.000   1.000
168.234   17.000   2.000
168.337   17.000   3.000
168.438   15.000   1.000
168.567    7.000   0.000
168.647    7.000   1.000
168.755   24.000   1.000
168.859   16.000   2.000
168.960   12.000   1.000
169.076   15.000   3.000
169.178   14.000   2.000
169.281   14.000   3.000
169.390   21.000   3.000
169.490   19.000   1.000
169.603   14.000   3.000
169.702   15.000   3.000
169.805   15.000   3.000
169.912   14.000   3.000
170.051   50.000   1.000
170.131   15.000   1.000
170.228   18.000   2.000
170.330   14.000   1.000
170.432    8.000   3.000
170.548   11.000   1.000
170.641   17.000   0.000
170.746    9.000   1.000
170.870   18.000   2.000
170.998   15.000   2.000
171.066   21.000   1.000
171.168    4.000   1.000
171.275   15.000   1.000
171.386   20.000   1.000
171.483    9.000   2.000
171.598   11.000   1.000
171.694   15.000   3.000
171.801   15.000   1.000
171.902   11.000   3.000
172.013    7.000   1.000
172.121   14.000   2.000
172.227   23.000   2.000
172.323   15.000   1.000
172.435   15.000   3.000
172.533   18.000   3.000
172.641   10.000   2.000
172.750   15.000   1.000
172.856    6.000   1.000
172.973   15.000   3.000
173.061   30.000   1.000
173.186   10.000   2.000
173.294   41.000   1.000
173.382    6.000   1.000
173.478   33.000   1.000
173.594   33.000   1.000
173.703   27.000   3.000
173.799   17.000   3.000
173.909   12.000   2.000
174.020   20.000   3.000
174.115   21.000   2.000
174.215   16.000   2.000
174.325   18.000   2.000
174.440   15.000   3.000
174.536   10.000   3.000
174.642   27.000   1.000
174.738    8.000   1.000
174.868   15.000   3.000
174.973   10.000   1.000
175.055   11.000   1.000
175.180   18.000   2.000
175.270   20.000   1.000
175.368   20.000   2.000
175.476   11.000   3.000
175.579   11.000   2.000
175.683   18.000   2.000
175.790    5.000   1.000
175.893   15.000   2.000
176.004   21.000   1.000
176.108   14.000   1.000
176.217   13.000   3.000
176.314    7.000   1.000
176.419   12.000   3.000
176.527   14.000   1.000
176.629   14.000   2.000
176.732   15.000   2.000
176.840    8.000   1.000
176.943   15.000   2.000
177.062    5.000   1.000
177.154   10.000   2.000
177.261    7.000   1.000
177.362   17.000   2.000
177.490   14.000   1.000
177.576   24.000   2.000
177.685   10.000   2.000
177.783   15.000   2.000
177.891   10.000   2.000
177.993   15.000   2.000
178.100   12.000   2.000
178.207   17.000   2.000
178.320   12.000   2.000
178.418   19.000   1.000
178.535   12.000   2.000
178.627    8.000   1.000
178.742   14.000   2.000
178.831    7.000   1.000
178.950    7.000   1.000
179.041   11.000   1.000
179.167   30.000   2.000
179.272    5.000   1.000
179.362   15.000   1.000
179.485   33.000   1.000
179.572    7.000   1.000
179.680   17.000   1.000
179.781   15.000   1.000
179.898   10.000   2.000
179.987   17.000   1.000
180.104   18.000   1.000
180.199   10.000   2.000
180.303   14.000   2.000
180.423   19.000   2.000
180.516   18.000   2.000
180.623   10.000   2.000
180.722   13.000   2.000
180.831   10.000   2.000
180.950   18.000   4.000
181.055    8.000   3.000
181.147   15.000   2.000
181.252   11.000   3.000
181.358   19.000   2.000
181.458   14.000   2.000
181.573   39.000   1.000
181.676   10.000   2.000
181.776   20.000   1.000
181.888   19.000   4.000
181.985   11.000   4.000
182.100   15.000   2.000
182.200   24.000   1.000
182.312    6.000   2.000
182.407   12.000   3.000
182.509   15.000   2.000
182.612   18.000   3.000
182.721   18.000   3.000
182.850   30.000   3.000
183.026   23.000   7.000
183.238   41.000   9.000
183.413   15.000   7.000
