  4.626    2.000   0.000
  4.640    1.000   0.000
  4.653    1.000   0.000
  4.687    4.000   0.000
  4.707    4.000   0.000
  4.726    1.000   0.000
  4.746    1.000   0.000
  4.770    5.000   0.000
  4.789    1.000   0.000
  4.810    9.000   0.000
  4.830    6.000   0.000
  4.851   10.000   0.000
  4.869    2.000   0.000
  4.899    3.000   0.000
  4.925    3.000   0.000
  4.950    3.000   0.000
  4.975    3.000   0.000
  5.004    9.000   0.000
  5.110    3.000   0.000
  5.191   14.000   0.000
  5.225    4.000   0.000
  5.283   10.000   0.000
  5.335   10.000   0.000
  5.373    4.000   0.000
  5.467   39.000   0.000
  5.680   36.000   0.000
  5.893   27.000   0.000
  6.113   24.000   0.000
  6.326   24.000   0.000
  6.548   29.000   0.000
  6.788   57.000   0.000
  7.016   66.000   0.000
  7.196   33.000   0.000
  7.412   23.000   0.000
  7.628   21.000   0.000
  7.853   36.000   0.000
  8.063   27.000   0.000
  8.342   90.000   0.000
  8.503   32.000   0.000
  8.719    8.000   0.000
  8.933   30.000   0.000
  9.153   21.000   0.000
  9.366   33.000   0.000
  9.587   29.000   0.000
  9.801   24.000   1.000
 10.022   30.000   1.000
 10.235   33.000   0.000
 10.458   38.000   0.000
 10.672   30.000   1.000
 10.904   32.000   0.000
 11.111   32.000   0.000
 11.324   23.000   1.000
 11.537   23.000   0.000
 11.767   19.000   0.000
 12.003   60.000   1.000
 12.185   36.000   1.000
 12.468   38.000   0.000
 12.653    5.000   0.000
 12.842   33.000   1.000
 13.075    2.000   0.000
 13.279   30.000   1.000
 13.495   21.000   1.000
 13.750   74.000   1.000
 13.946   44.000   0.000
 14.160   42.000   0.000
 14.373   28.000   1.000
 14.572    7.000   0.000
 14.807   29.000   1.000
 15.019   41.000   1.000
 15.228   35.000   1.000
 15.443   14.000   0.000
 15.669   42.000   0.000
 15.889   20.000   0.000
 16.112   20.000   1.000
 16.331   12.000   1.000
 16.527   18.000   0.000
 16.744    4.000   1.000
 16.982   14.000   1.000
 17.186   26.000   0.000
 17.427   60.000   1.000
 17.612   48.000   1.000
 17.836   26.000   1.000
 18.045   27.000   1.000
 18.316    5.000   0.000
 18.481   26.000   1.000
 18.713   30.000   1.000
 18.915   20.000   1.000
 19.136   29.000   2.000
 19.352   32.000   2.000
 19.567   29.000   2.000
 19.785   27.000   2.000
 20.025   32.000   2.000
 20.226   38.000   1.000
 20.444   39.000   2.000
 20.651   51.000   1.000
 20.868   39.000   3.000
 21.098   29.000   2.000
 21.300   23.000   1.000
 21.519   33.000   1.000
 21.734    3.000   1.000
 21.958   17.000   1.000
 22.171   23.000   1.000
 22.390   36.000   1.000
 22.605   22.000   2.000
 22.827   36.000   3.000
 23.037   45.000   2.000
 23.263   33.000   4.000
 23.476   15.000   2.000
 23.689   14.000   2.000
 23.909   29.000   4.000
 24.128   42.000   2.000
 24.356   38.000   3.000
 24.557   30.000   2.000
 24.775   40.000   2.000
 24.994   40.000   3.000
 25.208   29.000   3.000
 25.451   78.000   1.000
 25.646   47.000   1.000
 25.857   29.000   2.000
 26.079   33.000   3.000
 26.297   22.000   3.000
 26.514   29.000   2.000
 26.732   25.000   3.000
 26.949   12.000   3.000
 27.169   29.000   3.000
 27.387   51.000   2.000
 27.604   27.000   3.000
 27.818   30.000   4.000
 28.040   18.000   4.000
 28.292   29.000   4.000
 28.463   28.000   2.000
 28.681   30.000   3.000
 28.901   28.000   4.000
 29.120   31.000   3.000
 29.339   30.000   3.000
 29.552   30.000   5.000
 29.770   32.000   4.000
 29.988   33.000   5.000
 30.213   45.000   3.000
 30.418   31.000   3.000
 30.642   23.000   3.000
 30.874   48.000   3.000
 31.070   40.000   2.000
 31.296   31.000   6.000
 31.503   25.000   3.000
 31.719   30.000   4.000
 31.939   23.000   4.000
 32.157   25.000   3.000
 32.371   30.000   4.000
 32.628   33.000   2.000
 32.807   32.000   1.000
 33.026   39.000   3.000
 33.264   29.000   4.000
 33.453   29.000   3.000
 33.680   23.000   6.000
 33.893   36.000   4.000
 34.105   48.000   3.000
 34.327   30.000   4.000
 34.538   38.000   3.000
 34.780   29.000   1.000
 34.980   35.000   4.000
 35.193   20.000   1.000
 35.448   35.000   1.000
 35.625   31.000   4.000
 35.842   29.000   2.000
 36.065   26.000   3.000
 36.285   27.000   5.000
 36.511   26.000   4.000
 36.721   32.000   4.000
 36.939   41.000   4.000
 37.156   24.000   3.000
 37.368   45.000   3.000
 37.583   42.000   1.000
 37.822   51.000   6.000
 38.014   15.000   3.000
 38.241   32.000   5.000
 38.457    9.000   4.000
 38.676   30.000   5.000
 38.886   36.000   5.000
 39.101   33.000   3.000
 39.333   66.000   3.000
 39.557   33.000   5.000
 39.761   35.000   3.000
 39.973   30.000   6.000
 40.180   44.000   3.000
 40.422   35.000   4.000
 40.615   30.000   1.000
 40.842   30.000   4.000
 41.071   51.000   3.000
 41.275   51.000   4.000
 41.518   32.000   5.000
 41.701   32.000   2.000
 41.920   22.000   2.000
 42.166   32.000   3.000
 42.359   42.000   2.000
 42.571   31.000   1.000
 42.784   24.000   2.000
 43.021   26.000   3.000
 43.224   16.000   3.000
 43.448   33.000   5.000
 43.660   30.000   7.000
 43.875   22.000   2.000
 44.094   33.000   3.000
 44.312   33.000   5.000
 44.547   31.000   7.000
 44.749   40.000   6.000
 44.971   64.000   4.000
 45.180   32.000   6.000
 45.400   28.000   8.000
 45.616   33.000   8.000
 45.827   25.000   5.000
 46.047   23.000   6.000
 46.262   26.000   2.000
 46.497   36.000   4.000
 46.714   36.000   2.000
 46.910   34.000   3.000
 47.130   36.000   3.000
 47.354   33.000   8.000
 47.568   25.000   3.000
 47.782   30.000   3.000
 47.997   39.000   4.000
 48.219   33.000   2.000
 48.437   32.000   3.000
 48.647   43.000   5.000
 48.861   41.000   3.000
 49.083   25.000   6.000
 49.297   32.000   3.000
 49.519   30.000   3.000
 49.737   30.000   4.000
 49.954   38.000   7.000
 50.171   34.000   4.000
 50.398   33.000   3.000
 50.610   27.000   7.000
 50.814   40.000   4.000
 51.044   13.000   5.000
 51.248   30.000   2.000
 51.467   26.000   2.000
 51.689   32.000   4.000
 51.908   30.000   3.000
 52.131   30.000   8.000
 52.349   34.000   6.000
 52.558   11.000   3.000
 52.788   20.000   7.000
 52.993   30.000   6.000
 53.202   17.000   5.000
 53.427   27.000   5.000
 53.639   26.000   4.000
 53.858   14.000   5.000
 54.073   34.000   8.000
 54.299   30.000   6.000
 54.574   29.000   4.000
 54.731   29.000   2.000
 54.938   75.000   2.000
 55.161   23.000   3.000
 55.384   38.000   6.000
 55.598   32.000   1.000
 55.819   36.000   3.000
 56.025   21.000   3.000
 56.249   40.000   4.000
 56.454   21.000   1.000
 56.751   57.000   2.000
 56.905   38.000   3.000
 57.116   11.000   5.000
 57.346   14.000   6.000
 57.544   18.000   3.000
 57.757   26.000   2.000
 57.986   17.000   3.000
 58.239   24.000   3.000
 58.425   33.000   2.000
 58.636   27.000   4.000
 58.858   26.000   8.000
 59.079   29.000   2.000
 59.290   30.000   7.000
 59.522   45.000   4.000
 59.733   52.000   3.000
 59.934   26.000   3.000
 60.150   64.000   4.000
 60.368   17.000   2.000
 60.589   48.000   4.000
 60.805   94.000   3.000
 61.013   21.000   3.000
 61.233   12.000   3.000
 61.457   30.000   5.000
 61.663   51.000   2.000
 61.914   26.000   5.000
 62.107   21.000   3.000
 62.330   26.000   5.000
 62.547   18.000   3.000
 62.755   21.000   3.000
 62.971   20.000   3.000
 63.192   23.000   6.000
 63.407   36.000   5.000
 63.653   55.000   6.000
 63.843   65.000   3.000
 64.061   19.000   8.000
 64.283   45.000   6.000
 64.494   35.000   6.000
 64.702   32.000   5.000
 64.927   33.000   4.000
 65.146   35.000   8.000
 65.361   25.000   8.000
 65.577   29.000   8.000
 65.804   30.000   8.000
 66.034   73.000   6.000
 66.237   13.000   4.000
 66.444   55.000   4.000
 66.706   66.000  11.000
 66.874   10.000   5.000
 67.136   49.000   8.000
 67.343   59.000   6.000
 67.521    5.000   1.000
 67.741   26.000   8.000
 67.973   21.000   9.000
 68.182   33.000   4.000
 68.420   29.000   6.000
 68.620   27.000   6.000
 68.827   25.000   4.000
 69.060   18.000   5.000
 69.263   24.000   5.000
 69.482   41.000   7.000
 69.703   27.000   6.000
 69.912   25.000   8.000
 70.127   35.000   7.000
 70.352   17.000   4.000
 70.573   42.000   7.000
 70.783   31.000   7.000
 70.998   38.000   5.000
 71.221   26.000   8.000
 71.431   28.000   7.000
 71.652   47.000   7.000
 71.884   32.000   6.000
 72.090   34.000  11.000
 72.312   36.000   7.000
 72.544   35.000   6.000
 72.761   34.000   3.000
 72.969   28.000   6.000
 73.186   51.000   9.000
 73.399   35.000   8.000
 73.602   29.000   4.000
 73.833   36.000   7.000
 74.041   25.000   6.000
 74.262   30.000   7.000
 74.473   35.000   8.000
 74.694   32.000   7.000
 74.922   14.000   7.000
 75.124   29.000   6.000
 75.347   33.000   7.000
 75.566   38.000   6.000
 75.775   18.000   6.000
 75.988   40.000   2.000
 76.213   42.000   8.000
 76.431   28.000   8.000
 76.647   31.000   7.000
 76.869   29.000   7.000
 77.077   45.000   8.000
 77.299   19.000   8.000
 77.521   34.000   8.000
 77.738   32.000   8.000
 77.947   33.000   3.000
 78.163   32.000   4.000
 78.396   39.000   5.000
 78.595   48.000   2.000
 78.819   27.000   6.000
 79.029   25.000   5.000
 79.249   44.000   4.000
 79.462   30.000   9.000
 79.723   19.000   5.000
 79.916   50.000   4.000
 80.123   33.000   6.000
 80.375   32.000   7.000
 80.570   10.000   5.000
 80.778   17.000   8.000
 80.981   43.000   7.000
 81.204   35.000   9.000
 81.422   29.000   6.000
 81.635   32.000   8.000
 81.852   76.000   2.000
 82.092   56.000   5.000
 82.296   24.000   5.000
 82.507   20.000   5.000
 82.781   42.000   4.000
 82.968   33.000   4.000
 83.151   29.000   7.000
 83.379   32.000   4.000
 83.609   29.000   7.000
 83.802   31.000   7.000
 84.028   39.000   4.000
 84.249   15.000   6.000
 84.463   29.000   7.000
 84.686   46.000   6.000
 84.890   33.000   6.000
 85.103   27.000   4.000
 85.338   24.000   6.000
 85.546   28.000   8.000
 85.754   28.000   7.000
 85.994   44.000  10.000
 86.199   33.000   8.000
 86.407   28.000   8.000
 86.630   26.000   8.000
 86.867   42.000  11.000
 87.060   31.000   8.000
 87.283   22.000   8.000
 87.496   31.000  10.000
 87.714   27.000   8.000
 87.930   31.000   7.000
 88.151   32.000  11.000
 88.359   28.000   8.000
 88.576   32.000   8.000
 88.797   40.000   7.000
 89.021   27.000  11.000
 89.241   33.000  11.000
 89.453   30.000  11.000
 89.672   30.000  10.000
 89.885   31.000  12.000
 90.115   25.000   9.000
 90.315   32.000   2.000
 90.524    8.000   3.000
 90.807   38.000   3.000
 90.962   21.000   4.000
 91.201   39.000   3.000
 91.399   30.000   6.000
 91.620   24.000   7.000
 91.835   14.000   7.000
 92.082   58.000   8.000
 92.272   19.000   4.000
 92.497   29.000   8.000
 92.711   18.000   9.000
 92.931   27.000  12.000
 93.138   28.000   8.000
 93.354   30.000   7.000
 93.585   38.000  12.000
 93.793   33.000   7.000
 94.014   38.000   4.000
 94.240   21.000   8.000
 94.441   40.000   7.000
 94.660   37.000   8.000
 94.873   30.000   6.000
 95.114    8.000   4.000
 95.304   27.000   5.000
 95.532   30.000   7.000
 95.744   26.000   7.000
 95.974   36.000   9.000
 96.176   36.000  10.000
 96.421   30.000   8.000
 96.604   28.000   4.000
 96.820   31.000   7.000
 97.052   37.000   7.000
 97.251   29.000   6.000
 97.480   40.000   8.000
 97.698   35.000   8.000
 97.909   23.000   5.000
 98.125   27.000   6.000
 98.336   17.000   5.000
 98.565   56.000   3.000
 98.784   13.000   5.000
 98.998   30.000   7.000
 99.211   39.000   7.000
 99.425   24.000   6.000
 99.660   39.000  12.000
 99.861   29.000   7.000
100.099   35.000  11.000
100.300   25.000   6.000
100.528   16.000   4.000
100.747   22.000   8.000
100.955   29.000   7.000
101.163   24.000   7.000
101.378   31.000   8.000
101.601   26.000   8.000
101.830   33.000   1.000
102.046   16.000   5.000
102.264   31.000   5.000
102.478   31.000   8.000
102.694   28.000   2.000
102.900   31.000   3.000
103.114   23.000   4.000
103.373   34.000   5.000
103.554   50.000   3.000
103.764   35.000   5.000
103.987   24.000   8.000
104.212   26.000   9.000
104.429   36.000  10.000
104.643   36.000   8.000
104.873   29.000  11.000
105.065   32.000   9.000
105.285   27.000  11.000
105.510   26.000  11.000
105.731   39.000   5.000
105.931   13.000   3.000
106.150   27.000   7.000
106.381   31.000   9.000
106.591   20.000   4.000
106.816   25.000  12.000
107.028   33.000  10.000
107.265   16.000   7.000
107.456    8.000   1.000
107.679   19.000   6.000
107.887   27.000   8.000
108.108   28.000   4.000
108.360   32.000   7.000
108.544   24.000   7.000
108.771   37.000   5.000
108.978   25.000   6.000
109.207   21.000   7.000
109.420   16.000   7.000
109.626   45.000   7.000
109.878   35.000   7.000
110.068   24.000   7.000
110.282   32.000   8.000
110.497   34.000   5.000
110.724   28.000   8.000
110.935   25.000  10.000
111.162   24.000   9.000
111.373   32.000   7.000
111.590   25.000   7.000
111.802   23.000   7.000
112.019   40.000   7.000
112.240   32.000   8.000
112.456   29.000  11.000
112.680   32.000  10.000
112.895   25.000   9.000
113.114   32.000   7.000
113.339   49.000   9.000
113.538   15.000   7.000
113.756   29.000   9.000
113.972   32.000   8.000
114.186   24.000   7.000
114.417   17.000   8.000
114.621   30.000   8.000
114.839   37.000   9.000
115.065   33.000   9.000
115.277   31.000  13.000
115.492   28.000  10.000
115.711   32.000  12.000
115.928   27.000   8.000
116.150   31.000  13.000
116.362   30.000  12.000
116.583   32.000   9.000
116.797   24.000  11.000
117.023   36.000  13.000
117.242   32.000  11.000
117.448   32.000  12.000
117.686   30.000  16.000
117.881   32.000  12.000
118.107   28.000  12.000
118.306   33.000  10.000
118.544   34.000  11.000
118.736   33.000   7.000
118.965   36.000   6.000
119.191   27.000  11.000
119.394   26.000   7.000
119.635   34.000  12.000
119.838   23.000   9.000
120.059   22.000  12.000
120.271   32.000  12.000
120.482   27.000  12.000
120.711   30.000  12.000
120.926   26.000  12.000
121.141   29.000  11.000
121.362   35.000  12.000
121.581   34.000  14.000
121.801   37.000  11.000
122.009   36.000  10.000
122.224   34.000   8.000
122.425   33.000   8.000
122.670   31.000   8.000
122.878   29.000  10.000
123.089   39.000  12.000
123.316   33.000  10.000
123.531   30.000  10.000
123.748   23.000  12.000
123.960   29.000  12.000
124.172   30.000  10.000
124.391   32.000  11.000
124.606   29.000  10.000
124.822   29.000  10.000
125.048   31.000  12.000
125.253   37.000   9.000
125.473   22.000   9.000
125.700   36.000   8.000
125.909   30.000  11.000
126.123   29.000   9.000
126.347   33.000   8.000
126.565   42.000   9.000
126.767   23.000   9.000
126.997   33.000  14.000
127.212   34.000   9.000
127.437   32.000   8.000
127.652   35.000   9.000
127.867   32.000  12.000
128.066   25.000   9.000
128.295   30.000   9.000
128.509   27.000   8.000
128.724   35.000  10.000
128.950   29.000  12.000
129.171   32.000  12.000
129.373   28.000  12.000
129.603   36.000  12.000
129.840   54.000  12.000
130.040   32.000  12.000
130.245   25.000  15.000
130.461   31.000  12.000
130.692   32.000  11.000
130.911   34.000  12.000
131.117   28.000  12.000
131.340   28.000  12.000
131.555   28.000  13.000
131.771   32.000  12.000
131.989   31.000  14.000
132.210   34.000  15.000
132.425   47.000  10.000
132.627   30.000   9.000
132.853   31.000   9.000
133.063   27.000  10.000
133.281   27.000   7.000
133.521   35.000   9.000
133.716   32.000  12.000
133.935   26.000   9.000
134.156   31.000  11.000
134.368   32.000   9.000
134.592   33.000   9.000
134.808   31.000  10.000
135.049   26.000  12.000
135.233   29.000   5.000
135.453   24.000   8.000
135.670   35.000   9.000
135.887   29.000   8.000
136.116   32.000  12.000
136.334   26.000  12.000
136.538   30.000   9.000
136.758   29.000  10.000
136.990   33.000  13.000
137.195   30.000  11.000
137.408   30.000  10.000
137.622   41.000   7.000
137.835   31.000   9.000
138.055   33.000   6.000
138.272   35.000   6.000
138.502   40.000   7.000
138.711   28.000   8.000
138.928   32.000   8.000
139.142   36.000   5.000
139.367   15.000   4.000
139.582   26.000  12.000
139.807   27.000   9.000
140.041   31.000  10.000
140.228   22.000   8.000
140.458   31.000   9.000
140.673   26.000  12.000
140.887   37.000  11.000
141.098   35.000  12.000
141.315   32.000  10.000
141.537   27.000   9.000
141.748   28.000  10.000
141.961   26.000  10.000
142.208   30.000   9.000
142.394   30.000   5.000
142.624   35.000   8.000
142.836   31.000   6.000
143.049   27.000   9.000
143.271   22.000  10.000
143.492   57.000   8.000
143.693   36.000   7.000
143.916   36.000   8.000
144.138   38.000  11.000
144.341   26.000   9.000
144.562   29.000   7.000
144.796   30.000  10.000
145.005   37.000   9.000
145.222   30.000  11.000
145.439   39.000   8.000
145.651   23.000   6.000
145.882   47.000   7.000
146.089   19.000   4.000
146.313   37.000   7.000
146.527   33.000   5.000
146.742   30.000   4.000
146.955   19.000   6.000
147.164   40.000   9.000
147.392   27.000   6.000
147.613   25.000   9.000
147.827   22.000   7.000
148.062   31.000   9.000
148.267   39.000   8.000
148.474   25.000   5.000
148.686   30.000   5.000
148.903   33.000   7.000
149.127   47.000   9.000
149.373   22.000   4.000
149.561   14.000   6.000
149.782   34.000   9.000
150.000   34.000   9.000
150.215   15.000   6.000
150.422   34.000   7.000
150.658   42.000   6.000
150.899   15.000   7.000
151.091   28.000   4.000
151.295   33.000   5.000
151.514   24.000   4.000
151.741   29.000   7.000
151.942   29.000   9.000
152.165   31.000   9.000
152.393   48.000   6.000
152.601   27.000   6.000
152.808   34.000   6.000
153.046   27.000   9.000
153.252   30.000   7.000
153.467   32.000   9.000
153.681   30.000   9.000
153.903   33.000  11.000
154.118   37.000  12.000
154.349   42.000  12.000
154.562   31.000  13.000
154.774   30.000  11.000
154.994   32.000  11.000
155.201   36.000  12.000
155.433   35.000   7.000
155.642   39.000   8.000
155.871   41.000   8.000
156.066   23.000   8.000
156.307   30.000   9.000
156.496   14.000   5.000
156.726   15.000   6.000
156.952   67.000   8.000
157.166   40.000   9.000
157.378   32.000   9.000
157.589   33.000   9.000
157.795   30.000   6.000
158.020   30.000   5.000
158.233   32.000   7.000
158.460   31.000   7.000
158.669   25.000   6.000
158.897   30.000   6.000
159.110   37.000   9.000
159.322   27.000   5.000
159.564   30.000   4.000
159.769   52.000  11.000
159.978   19.000   7.000
160.196   33.000   9.000
160.414   32.000   5.000
160.651   46.000   5.000
160.855   16.000   3.000
161.075   29.000   6.000
161.276   29.000   4.000
161.494   56.000   6.000
161.717   15.000   7.000
161.923   27.000   4.000
162.148   38.000   5.000
162.363   32.000   9.000
162.578   38.000   9.000
162.798   29.000   8.000
163.022   26.000  12.000
163.228   40.000   7.000
163.444   33.000   6.000
163.654   36.000   7.000
163.876   35.000   7.000
164.097   27.000   6.000
164.317   29.000   5.000
164.529   21.000   8.000
164.748   35.000   9.000
164.965   32.000   9.000
165.187   25.000  12.000
165.404   31.000  11.000
165.621   31.000   9.000
165.838   28.000   9.000
166.051   30.000   7.000
166.276   12.000   6.000
166.504   62.000   8.000
166.702   16.000   6.000
166.912   28.000  11.000
167.134   33.000  12.000
167.352   50.000   7.000
167.570   25.000   7.000
167.793   31.000  11.000
168.005   30.000   9.000
168.224   28.000   9.000
168.442   35.000   8.000
168.655   36.000   6.000
168.869   40.000   9.000
169.094   31.000   9.000
169.307   31.000   9.000
169.526   39.000   9.000
169.735   30.000   9.000
169.966   17.000   8.000
170.173   27.000   6.000
170.397   25.000   9.000
170.610   26.000   6.000
170.829   35.000   7.000
171.045   30.000   5.000
171.256   33.000   6.000
171.488   29.000   6.000
171.688   28.000   9.000
171.907   30.000   7.000
172.128   21.000   9.000
172.338   23.000   7.000
172.574   25.000  10.000
172.790   34.000   7.000
172.999   35.000   8.000
173.211   29.000   6.000
173.421   45.000   4.000
173.645   28.000   9.000
173.864   34.000   9.000
174.082   23.000  10.000
174.297   27.000   9.000
174.524   34.000  12.000
174.737   24.000   8.000
174.944   20.000  12.000
175.159   35.000  11.000
175.409   21.000   9.000
175.600   41.000   9.000
175.815   27.000   9.000
176.028   35.000  11.000
176.247   47.000   8.000
176.462   37.000   6.000
176.685   22.000   8.000
176.897   30.000   8.000
177.120   25.000   8.000
177.344   26.000   7.000
177.551   33.000   7.000
177.768   27.000   9.000
177.990   31.000   8.000
178.206   35.000   9.000
178.436   23.000   8.000
178.640   34.000   7.000
178.847   29.000   4.000
179.068   41.000   7.000
179.278   45.000   3.000
179.505   54.000   3.000
179.741   22.000   6.000
179.945   33.000   9.000
180.153   32.000   6.000
180.380   31.000   9.000
180.597   27.000   7.000
180.802   26.000   9.000
181.039   31.000  11.000
181.246   28.000   9.000
181.464   39.000   7.000
181.677   32.000   7.000
181.893   32.000  11.000
182.110   32.000   7.000
182.328   21.000   8.000
182.541   30.000  11.000
182.765   29.000  11.000
182.992   15.000   9.000
183.223   28.000  12.000
