  4.738    1.000   0.000
  7.506  503.000   1.000
 11.024  492.000   2.000
 14.514  514.000   2.000
 18.025  476.000   3.000
 21.507  500.000   5.000
 25.017  504.000   6.000
 28.511  494.000   7.000
 32.013  497.000  10.000
 35.550  494.000   9.000
 39.013  494.000   9.000
 42.508  497.000  10.000
 46.020  495.000  15.000
 49.525  499.000  13.000
 53.014  492.000  13.000
 56.517  464.000  13.000
 60.021  503.000  13.000
 63.517  493.000  15.000
 67.025  486.000  19.000
 70.522  503.000  17.000
 74.021  501.000  18.000
 77.525  503.000  21.000
 81.021  476.000  18.000
 84.523  515.000  20.000
 88.025  498.000  20.000
 91.524  501.000  21.000
 95.035  499.000  22.000
 98.541  509.000  20.000
102.034  555.000  22.000
105.525  527.000  19.000
109.023  494.000  20.000
112.525  498.000  19.000
116.028  488.000  23.000
119.526  501.000  26.000
123.023  497.000  20.000
126.530  495.000  22.000
130.027  498.000  19.000
133.519  497.000  25.000
137.019  494.000  22.000
140.528  497.000  21.000
144.023  504.000  18.000
147.522  473.000  17.000
151.024  488.000  18.000
154.530  485.000  19.000
158.017  500.000  21.000
161.559  529.000  17.000
165.022  476.000  18.000
168.524  492.000  23.000
172.022  502.000  18.000
175.531  480.000  21.000
179.019  488.000  18.000
182.527  507.000  19.000
