  4.664    3.000   0.000
  4.677    1.000   0.000
  4.690    1.000   0.000
  4.725    4.000   0.000
  4.744    3.000   0.000
  4.765    4.000   0.000
  4.785    2.000   0.000
  4.803    2.000   0.000
  4.829    4.000   0.000
  4.850    8.000   0.000
  4.870    3.000   0.000
  4.889    2.000   0.000
  4.919    3.000   0.000
  4.944    3.000   0.000
  4.969    3.000   0.000
  4.994    3.000   0.000
  5.019    3.000   0.000
  5.124   72.000   0.000
  5.192   12.000   0.000
  5.245    4.000   0.000
  5.282    4.000   0.000
  5.339   15.000   0.000
  5.380   10.000   0.000
  5.416    4.000   0.000
  5.459    4.000   0.000
  5.546   15.000   0.000
  5.597    4.000   0.000
  5.625    1.000   0.000
  5.738    6.000   0.000
  5.813    4.000   0.000
  5.837    3.000   0.000
  5.921   20.000   0.000
  5.993    3.000   0.000
  6.068    6.000   0.000
  6.143   18.000   0.000
  6.167    3.000   0.000
  6.236    3.000   0.000
  6.305    6.000   0.000
  6.380    9.000   0.000
  6.422    8.000   0.000
  6.488    3.000   0.000
  6.533    2.000   0.000
  6.581    4.000   0.000
  6.618    3.000   0.000
  6.651    2.000   0.000
  6.703    3.000   0.000
  6.749    3.000   0.000
  6.773    3.000   0.000
  6.848    3.000   0.000
  6.906    3.000   0.000
  6.941   12.000   0.000
  6.990    7.000   0.000
  7.056    3.000   0.000
  7.145   15.000   0.000
  7.187    2.000   0.000
  7.214    3.000   0.000
  7.343    9.000   0.000
  7.394    8.000   0.000
  7.445    3.000   0.000
  7.532   20.000   0.000
  7.586    5.000   0.000
  7.643    3.000   0.000
  7.709    5.000   0.000
  7.757    6.000   0.000
  7.792    6.000   0.000
  7.824    3.000   0.000
  7.859    3.000   0.000
  7.906    4.000   0.000
  7.941    2.000   0.000
  7.968    3.000   0.000
  8.001    3.000   0.000
  8.058    8.000   0.000
  8.121   18.000   0.000
  8.195   14.000   0.000
  8.255    9.000   0.000
  8.375    2.000   0.000
  8.436   27.000   0.000
  8.561   12.000   0.000
  8.600    7.000   0.000
  8.685    6.000   0.000
  8.750    9.000   0.000
  8.819   12.000   0.000
  8.886    3.000   0.000
  8.933    6.000   0.000
  8.969    3.000   0.000
  9.047   11.000   0.000
  9.155   17.000   0.000
  9.257   12.000   0.000
  9.365   15.000   0.000
  9.468   18.000   0.000
  9.579   20.000   0.000
  9.689    6.000   0.000
  9.791    3.000   0.000
  9.887   15.000   0.000
  9.994   14.000   0.000
 10.097   15.000   0.000
 10.202   12.000   0.000
 10.310    9.000   0.000
 10.423   20.000   0.000
 10.518   17.000   0.000
 10.623   12.000   0.000
 10.727    6.000   0.000
 10.847   12.000   0.000
 10.973   26.000   0.000
 11.057   12.000   0.000
 11.147    6.000   0.000
 11.264   27.000   0.000
 11.363   21.000   0.000
 11.501   30.000   0.000
 11.570    3.000   0.000
 11.699    6.000   0.000
 11.780    3.000   0.000
 11.882   13.000   0.000
 11.996   23.000   0.000
 12.105   18.000   0.000
 12.201    3.000   0.000
 12.330   27.000   0.000
 12.417   16.000   0.000
 12.530    3.000   0.000
 12.678   74.000   0.000
 12.735    8.000   0.000
 12.828   14.000   0.000
 12.938    4.000   0.000
 13.104    6.000   0.000
 13.145   17.000   0.000
 13.248   15.000   1.000
 13.357   21.000   0.000
 13.472    4.000   0.000
 13.580   29.000   0.000
 13.668    3.000   0.000
 13.815    3.000   0.000
 13.898    8.000   0.000
 13.989    6.000   0.000
 14.103    9.000   0.000
 14.211    2.000   0.000
 14.301   15.000   0.000
 14.424   21.000   0.000
 14.507   15.000   0.000
 14.612    5.000   0.000
 14.722   11.000   1.000
 14.835   27.000   1.000
 14.935    9.000   0.000
 15.048   11.000   1.000
 15.146   18.000   0.000
 15.252   12.000   0.000
 15.348    3.000   0.000
 15.479    6.000   0.000
 15.576    3.000   0.000
 15.677   21.000   0.000
 15.779   20.000   0.000
 15.879    6.000   0.000
 15.980   14.000   0.000
 16.085   12.000   0.000
 16.190    8.000   0.000
 16.308   25.000   0.000
 16.425    6.000   0.000
 16.533    6.000   0.000
 16.618    3.000   0.000
 16.748   13.000   0.000
 16.851   48.000   1.000
 16.944   36.000   0.000
 17.072   56.000   0.000
 17.158    3.000   0.000
 17.247   18.000   0.000
 17.347   15.000   0.000
 17.461   14.000   1.000
 17.554    9.000   1.000
 17.658    3.000   0.000
 17.777   20.000   0.000
 17.868   14.000   0.000
 17.973   12.000   1.000
 18.079   15.000   1.000
 18.227   11.000   0.000
 18.353    2.000   0.000
 18.405    3.000   0.000
 18.504   16.000   0.000
 18.603   11.000   1.000
 18.743    4.000   0.000
 18.823    6.000   0.000
 18.923   19.000   0.000
 19.034    9.000   1.000
 19.128    3.000   0.000
 19.235   14.000   1.000
 19.345    9.000   1.000
 19.473   51.000   1.000
 19.551   11.000   0.000
 19.680   42.000   1.000
 19.759   16.000   1.000
 19.865   12.000   1.000
 19.968   18.000   1.000
 20.088    7.000   0.000
 20.178   11.000   0.000
 20.286    8.000   0.000
 20.392    7.000   0.000
 20.514   21.000   1.000
 20.610   20.000   0.000
 20.706    8.000   1.000
 20.812   18.000   1.000
 20.918    9.000   1.000
 21.026   23.000   1.000
 21.126   14.000   0.000
 21.239   26.000   0.000
 21.344   13.000   0.000
 21.438   15.000   0.000
 21.553   32.000   1.000
 21.686    5.000   1.000
 21.765    9.000   0.000
 21.863    2.000   0.000
 21.988    3.000   0.000
 22.106   32.000   0.000
 22.177   14.000   1.000
 22.286    2.000   0.000
 22.390    9.000   1.000
 22.488   12.000   1.000
 22.596    9.000   1.000
 22.706   15.000   1.000
 22.803    5.000   1.000
 22.910   23.000   1.000
 23.015    9.000   1.000
 23.123   34.000   1.000
 23.224   15.000   1.000
 23.332   18.000   3.000
 23.434   12.000   1.000
 23.539   12.000   1.000
 23.646   12.000   1.000
 23.753   15.000   0.000
 23.861   15.000   2.000
 23.971   12.000   1.000
 24.063   10.000   1.000
 24.177    7.000   1.000
 24.290   16.000   1.000
 24.390   31.000   1.000
 24.488   15.000   1.000
 24.594   20.000   1.000
 24.702   11.000   1.000
 24.804   13.000   0.000
 24.909   18.000   2.000
 25.010   14.000   1.000
 25.112   21.000   2.000
 25.218   15.000   2.000
 25.322   16.000   1.000
 25.475    8.000   1.000
 25.551   30.000   1.000
 25.668   27.000   0.000
 25.748    4.000   0.000
 25.850   23.000   1.000
 25.953   20.000   1.000
 26.058    8.000   1.000
 26.167   16.000   1.000
 26.274   14.000   1.000
 26.379    4.000   2.000
 26.482   17.000   2.000
 26.585   15.000   1.000
 26.697    6.000   0.000
 26.809    3.000   0.000
 26.926   21.000   1.000
 27.009   14.000   2.000
 27.112   18.000   1.000
 27.251    6.000   1.000
 27.318    3.000   0.000
 27.425   18.000   1.000
 27.534   15.000   1.000
 27.634   12.000   1.000
 27.742   15.000   1.000
 27.846   16.000   2.000
 27.955   13.000   2.000
 28.059    9.000   1.000
 28.162    8.000   2.000
 28.270   19.000   2.000
 28.372   10.000   1.000
 28.472   14.000   1.000
 28.577    7.000   1.000
 28.686   17.000   1.000
 28.787   18.000   1.000
 28.892   15.000   1.000
 28.999   19.000   2.000
 29.104   14.000   2.000
 29.208   16.000   1.000
 29.318   15.000   2.000
 29.424   12.000   3.000
 29.524   15.000   1.000
 29.633   15.000   2.000
 29.733   14.000   2.000
 29.842   13.000   2.000
 29.946   20.000   2.000
 30.052   11.000   3.000
 30.158    7.000   1.000
 30.257   15.000   2.000
 30.367   12.000   3.000
 30.489   35.000   1.000
 30.573    9.000   2.000
 30.703   34.000   1.000
 30.787   17.000   1.000
 30.908   41.000   3.000
 31.001    4.000   0.000
 31.104   18.000   3.000
 31.204   12.000   2.000
 31.310   10.000   2.000
 31.428   23.000   1.000
 31.520    3.000   0.000
 31.636    9.000   1.000
 31.732   13.000   2.000
 31.841   29.000   2.000
 31.942   18.000   1.000
 32.053   27.000   2.000
 32.151    4.000   0.000
 32.253   12.000   3.000
 32.365   17.000   2.000
 32.484   17.000   1.000
 32.578   24.000   1.000
 32.737    3.000   0.000
 32.787    5.000   0.000
 32.902   27.000   1.000
 32.994    4.000   1.000
 33.103   16.000   1.000
 33.205   20.000   2.000
 33.306   11.000   1.000
 33.419   23.000   2.000
 33.529   15.000   3.000
 33.625   14.000   2.000
 33.728    9.000   3.000
 33.840   19.000   2.000
 33.940   12.000   1.000
 34.039    9.000   0.000
 34.148    8.000   0.000
 34.248   12.000   1.000
 34.359    5.000   0.000
 34.473   26.000   3.000
 34.566   20.000   1.000
 34.676    4.000   1.000
 34.780   17.000   1.000
 34.881   11.000   1.000
 34.988   11.000   1.000
 35.124    3.000   0.000
 35.208   23.000   0.000
 35.311    8.000   0.000
 35.457   66.000   0.000
 35.538   10.000   0.000
 35.630    9.000   2.000
 35.734   23.000   3.000
 35.854    6.000   0.000
 35.938   15.000   0.000
 36.039   16.000   3.000
 36.159   12.000   1.000
 36.255    6.000   1.000
 36.351   19.000   1.000
 36.459   10.000   1.000
 36.561   12.000   2.000
 36.666   21.000   2.000
 36.780   23.000   2.000
 36.876   20.000   1.000
 36.985   13.000   1.000
 37.086    9.000   0.000
 37.199    8.000   0.000
 37.294    6.000   1.000
 37.398   18.000   4.000
 37.503   18.000   1.000
 37.614   14.000   1.000
 37.717   27.000   2.000
 37.852   14.000   2.000
 37.955   43.000   2.000
 38.036   13.000   1.000
 38.144   17.000   2.000
 38.240   12.000   1.000
 38.357    6.000   2.000
 38.455    6.000   1.000
 38.555    9.000   1.000
 38.671    7.000   2.000
 38.765    5.000   1.000
 38.886   14.000   3.000
 38.987    5.000   1.000
 39.090   15.000   1.000
 39.183   15.000   1.000
 39.322    5.000   2.000
 39.402   15.000   1.000
 39.504   12.000   3.000
 39.608    4.000   1.000
 39.727    5.000   2.000
 39.815    8.000   2.000
 39.924   17.000   3.000
 40.026    4.000   1.000
 40.134   18.000   2.000
 40.245    4.000   1.000
 40.350   11.000   2.000
 40.468   18.000   1.000
 40.562   17.000   1.000
 40.688   49.000   1.000
 40.777    6.000   1.000
 40.869    4.000   1.000
 40.994    4.000   1.000
 41.102   31.000   1.000
 41.190   26.000   2.000
 41.314    6.000   1.000
 41.388   14.000   2.000
 41.506   11.000   2.000
 41.601    8.000   3.000
 41.724   14.000   1.000
 41.810    9.000   1.000
 41.919    3.000   1.000
 42.041    6.000   1.000
 42.124    4.000   1.000
 42.233    7.000   1.000
 42.350   14.000   1.000
 42.477   60.000   1.000
 42.549   12.000   1.000
 42.658    4.000   0.000
 42.758    9.000   2.000
 42.862    9.000   1.000
 42.966   11.000   2.000
 43.101   31.000   1.000
 43.185    6.000   1.000
 43.288    6.000   1.000
 43.397    9.000   4.000
 43.491    9.000   2.000
 43.613   15.000   3.000
 43.704   15.000   3.000
 43.828   13.000   3.000
 43.916   18.000   1.000
 44.016    8.000   2.000
 44.124   27.000   1.000
 44.228   15.000   4.000
 44.332   12.000   2.000
 44.440   11.000   4.000
 44.551    4.000   2.000
 44.673   17.000   2.000
 44.752   12.000   2.000
 44.854    5.000   2.000
 44.965   18.000   1.000
 45.082   31.000   1.000
 45.178   12.000   2.000
 45.277   10.000   3.000
 45.387   15.000   4.000
 45.495   13.000   4.000
 45.592   15.000   4.000
 45.699   19.000   3.000
 45.807   14.000   3.000
 45.912   21.000   3.000
 46.011    8.000   2.000
 46.126   14.000   2.000
 46.221   18.000   2.000
 46.324   23.000   1.000
 46.429    6.000   2.000
 46.552    3.000   1.000
 46.676   21.000   1.000
 46.773   16.000   1.000
 46.860    8.000   1.000
 46.953   15.000   1.000
 47.073   24.000   1.000
 47.178   19.000   3.000
 47.274   13.000   5.000
 47.380   14.000   3.000
 47.476   28.000   2.000
 47.586   10.000   1.000
 47.698   12.000   3.000
 47.800   10.000   1.000
 47.907   21.000   2.000
 48.010   11.000   2.000
 48.111   10.000   2.000
 48.214    7.000   2.000
 48.325   10.000   2.000
 48.426    4.000   1.000
 48.531   11.000   3.000
 48.659    8.000   1.000
 48.761   21.000   3.000
 48.847   13.000   1.000
 48.957   12.000   3.000
 49.058   31.000   3.000
 49.158   12.000   1.000
 49.269   17.000   3.000
 49.373    5.000   2.000
 49.483   20.000   3.000
 49.588   11.000   2.000
 49.691   21.000   2.000
 49.790   15.000   3.000
 49.908   10.000   3.000
 50.012   20.000   3.000
 50.122   12.000   2.000
 50.215    5.000   2.000
 50.327   17.000   2.000
 50.434   16.000   2.000
 50.528   11.000   4.000
 50.636   20.000   3.000
 50.745    7.000   2.000
 50.843   18.000   2.000
 50.953   13.000   4.000
 51.072   15.000   1.000
 51.153   10.000   2.000
 51.267   18.000   1.000
 51.366    6.000   1.000
 51.469    8.000   2.000
 51.591   12.000   2.000
 51.702    3.000   0.000
 51.796   27.000   1.000
 51.898   20.000   3.000
 52.003    6.000   1.000
 52.109   12.000   2.000
 52.213    5.000   2.000
 52.316    4.000   1.000
 52.425   24.000   2.000
 52.540   13.000   2.000
 52.672    9.000   2.000
 52.747   26.000   3.000
 52.860   35.000   2.000
 52.942    5.000   1.000
 53.050   28.000   3.000
 53.156   15.000   3.000
 53.256    6.000   2.000
 53.368    7.000   2.000
 53.477    7.000   2.000
 53.572   11.000   1.000
 53.680   23.000   3.000
 53.787   44.000   2.000
 53.889    6.000   2.000
 53.994   11.000   2.000
 54.100   14.000   3.000
 54.209   17.000   4.000
 54.304    7.000   2.000
 54.424   31.000   3.000
 54.522   13.000   1.000
 54.654    8.000   1.000
 54.760   18.000   1.000
 54.856   35.000   1.000
 54.996    6.000   1.000
 55.078    5.000   1.000
 55.153   18.000   1.000
 55.254    5.000   1.000
 55.361   27.000   3.000
 55.539   32.000   1.000
 55.645   11.000   2.000
 55.747    5.000   1.000
 55.816    5.000   1.000
 55.950   41.000   2.000
 56.013    7.000   1.000
 56.114   15.000   1.000
 56.215    5.000   1.000
 56.340    2.000   0.000
 56.464   30.000   1.000
 56.571    9.000   1.000
 56.772  101.000   1.000
 56.839    7.000   1.000
 56.901    5.000   1.000
 56.950    7.000   2.000
 57.063    5.000   1.000
 57.184    5.000   1.000
 57.253    6.000   1.000
 57.348   11.000   1.000
 57.455   35.000   2.000
 57.568   18.000   1.000
 57.702    6.000   0.000
 57.771   12.000   0.000
 57.952   17.000   1.000
 58.019    5.000   1.000
 58.100    7.000   2.000
 58.202   20.000   1.000
 58.301    7.000   0.000
 58.405    6.000   1.000
 58.515    9.000   2.000
 58.627    5.000   1.000
 58.722   15.000   2.000
 58.850   16.000   4.000
 58.932   11.000   1.000
 59.053   21.000   1.000
 59.153   24.000   1.000
 59.243   36.000   1.000
 59.367   12.000   3.000
 59.473    6.000   2.000
 59.564    8.000   2.000
 59.709   12.000   2.000
 59.771   10.000   1.000
 59.924   15.000   1.000
 59.991    5.000   1.000
 60.097    9.000   1.000
 60.191   14.000   1.000
 60.333   25.000   2.000
 60.406   11.000   2.000
 60.504    9.000   3.000
 60.612    6.000   1.000
 60.757    6.000   1.000
 60.820    5.000   1.000
 60.921   15.000   4.000
 61.042    6.000   1.000
 61.140    8.000   2.000
 61.293    8.000   1.000
 61.350    5.000   1.000
 61.504   72.000   2.000
 61.568    4.000   1.000
 61.693    5.000   1.000
 61.791   36.000   1.000
 61.891   24.000   2.000
 61.977   10.000   1.000
 62.114   11.000   4.000
 62.188   17.000   3.000
 62.291    6.000   2.000
 62.399   20.000   2.000
 62.525    5.000   1.000
 62.607   22.000   2.000
 62.730    5.000   2.000
 62.818   20.000   1.000
 62.932   35.000   1.000
 63.049   45.000   1.000
 63.126    8.000   1.000
 63.244   25.000   2.000
 63.334   31.000   2.000
 63.445    9.000   2.000
 63.572   33.000   2.000
 63.679   40.000   3.000
 63.779    6.000   1.000
 63.864   11.000   2.000
 63.974   10.000   2.000
 64.078   19.000   4.000
 64.196   21.000   2.000
 64.296   10.000   2.000
 64.395   16.000   7.000
 64.494    4.000   2.000
 64.607   17.000   2.000
 64.714   20.000   1.000
 64.814   16.000   2.000
 64.934   12.000   2.000
 65.019   11.000   3.000
 65.122   15.000   6.000
 65.241   33.000   5.000
 65.335    6.000   2.000
 65.440   13.000   3.000
 65.585   10.000   5.000
 65.658    7.000   3.000
 65.770   14.000   3.000
 65.854   13.000   1.000
 65.978   48.000   2.000
 66.089    9.000   2.000
 66.175    9.000   1.000
 66.283   11.000   2.000
 66.382   36.000   2.000
 66.513   21.000   3.000
 66.596   14.000   4.000
 66.723   32.000   2.000
 66.829    9.000   1.000
 66.909    6.000   2.000
 67.019   16.000   2.000
 67.118    9.000   4.000
 67.247   12.000   1.000
 67.327   14.000   4.000
 67.490   30.000   2.000
 67.593    5.000   1.000
 67.657    9.000   3.000
 67.770   18.000   2.000
 67.854    6.000   3.000
 67.961   12.000   3.000
 68.075   13.000   1.000
 68.183   22.000   1.000
 68.277    6.000   2.000
 68.389   20.000   2.000
 68.495   27.000   5.000
 68.592   25.000   1.000
 68.717   29.000   2.000
 68.815   12.000   2.000
 68.912   25.000   3.000
 69.040   11.000   2.000
 69.155    7.000   2.000
 69.273   13.000   2.000
 69.320   10.000   2.000
 69.442   21.000   4.000
 69.539   45.000   2.000
 69.649   11.000   2.000
 69.756   12.000   2.000
 69.858   10.000   2.000
 69.950   17.000   3.000
 70.069   18.000   4.000
 70.177   14.000   2.000
 70.269   13.000   1.000
 70.392    6.000   1.000
 70.482   18.000   3.000
 70.589   12.000   2.000
 70.693   11.000   2.000
 70.806   25.000   4.000
 70.900   11.000   3.000
 71.027   29.000   1.000
 71.107   14.000   3.000
 71.229   17.000   4.000
 71.328   12.000   2.000
 71.430   14.000   4.000
 71.541   10.000   3.000
 71.632   13.000   4.000
 71.744    8.000   2.000
 71.855   21.000   3.000
 71.945    8.000   4.000
 72.076   14.000   6.000
 72.160   15.000   2.000
 72.265   15.000   5.000
 72.381   23.000   3.000
 72.487   12.000   3.000
 72.605    4.000   1.000
 72.737   29.000   1.000
 72.810    5.000   1.000
 72.888    5.000   2.000
 72.999    7.000   1.000
 73.101   15.000   4.000
 73.232   24.000   2.000
 73.317   11.000   3.000
 73.425   12.000   4.000
 73.532    6.000   1.000
 73.630    5.000   2.000
 73.747   26.000   5.000
 73.839   21.000   2.000
 73.945   18.000   1.000
 74.071   18.000   6.000
 74.158   13.000   1.000
 74.262   13.000   5.000
 74.363   11.000   4.000
 74.478   10.000   4.000
 74.581   24.000   2.000
 74.681    4.000   3.000
 74.813   24.000   2.000
 74.897    6.000   1.000
 74.995   13.000   6.000
 75.103   30.000   2.000
 75.202   15.000   2.000
 75.303   14.000   1.000
 75.414   12.000   3.000
 75.516    9.000   2.000
 75.642   14.000   4.000
 75.733   15.000   4.000
 75.853    5.000   2.000
 75.939    5.000   1.000
 76.049    5.000   2.000
 76.156   10.000   4.000
 76.257    8.000   2.000
 76.361   14.000   4.000
 76.469    9.000   2.000
 76.570   18.000   4.000
 76.671   10.000   2.000
 76.783   25.000   5.000
 76.904   12.000   2.000
 76.985    9.000   4.000
 77.105    8.000   2.000
 77.224   17.000   7.000
 77.319   12.000   5.000
 77.435   19.000   4.000
 77.524   17.000   1.000
 77.630   17.000   4.000
 77.720   13.000   3.000
 77.831   38.000   3.000
 77.954   32.000   1.000
 78.058    8.000   1.000
 78.153   14.000   1.000
 78.261   27.000   3.000
 78.377    4.000   1.000
 78.491   53.000   1.000
 78.595    9.000   1.000
 78.672    5.000   1.000
 78.777   19.000   2.000
 78.890    8.000   5.000
 78.994   18.000   1.000
 79.107   16.000   4.000
 79.190   12.000   2.000
 79.311    5.000   2.000
 79.419   14.000   4.000
 79.532   42.000   2.000
 79.614    5.000   1.000
 79.747    6.000   3.000
 79.835    8.000   2.000
 79.944   32.000   2.000
 80.036    8.000   1.000
 80.146   10.000   3.000
 80.255    6.000   1.000
 80.344   20.000   2.000
 80.459   13.000   2.000
 80.555   12.000   5.000
 80.684    9.000   4.000
 80.777    8.000   3.000
 80.934   14.000   7.000
 81.016    5.000   1.000
 81.087   11.000   2.000
 81.183   17.000   5.000
 81.302   11.000   2.000
 81.414   25.000   5.000
 81.517   15.000   7.000
 81.622   24.000   2.000
 81.794    9.000   2.000
 81.846    6.000   1.000
 81.968    5.000   1.000
 82.046    7.000   1.000
 82.139   13.000   1.000
 82.250   35.000   3.000
 82.360    7.000   3.000
 82.447    9.000   2.000
 82.607   11.000   3.000
 82.670    5.000   1.000
 82.821    3.000   1.000
 82.876    6.000   1.000
 82.988   29.000   2.000
 83.082    7.000   3.000
 83.176   22.000   3.000
 83.290   27.000   3.000
 83.399   14.000   2.000
 83.495   25.000   1.000
 83.640   17.000   2.000
 83.719    9.000   4.000
 83.837   14.000   4.000
 83.914    8.000   1.000
 84.024   15.000   2.000
 84.125    9.000   2.000
 84.234   25.000   2.000
 84.341   28.000   2.000
 84.452    7.000   5.000
 84.553   14.000   2.000
 84.663    7.000   2.000
 84.755    9.000   4.000
 84.861   13.000   2.000
 84.984    8.000   3.000
 85.086   10.000   3.000
 85.177   15.000   3.000
 85.284   18.000   4.000
 85.390   16.000   3.000
 85.504   10.000   6.000
 85.595   15.000   6.000
 85.706   17.000   4.000
 85.824   15.000   4.000
 85.912   11.000   4.000
 86.030   27.000   7.000
 86.134   18.000   4.000
 86.235   14.000   4.000
 86.339   15.000   6.000
 86.443   18.000   4.000
 86.549   20.000   5.000
 86.648   11.000   3.000
 86.755   14.000   3.000
 86.885   23.000   8.000
 86.961    9.000   4.000
 87.071    9.000   3.000
 87.189   12.000   6.000
 87.280   14.000   4.000
 87.402   13.000   6.000
 87.492   17.000   5.000
 87.601   12.000   7.000
 87.717   10.000   2.000
 87.805   12.000   4.000
 87.917   13.000   4.000
 88.020   12.000   4.000
 88.117   13.000   4.000
 88.226   12.000   4.000
 88.337   14.000   6.000
 88.443   13.000   6.000
 88.540   10.000   4.000
 88.642   10.000   1.000
 88.753   13.000   6.000
 88.855    9.000   3.000
 88.986   16.000   8.000
 89.072   13.000   2.000
 89.182   12.000   7.000
 89.274   15.000   6.000
 89.390   13.000   7.000
 89.488   15.000   8.000
 89.591   14.000   6.000
 89.721   17.000   8.000
 89.819   13.000   7.000
 89.918   13.000   4.000
 90.010    9.000   3.000
 90.125   18.000   5.000
 90.212   12.000   4.000
 90.319    6.000   2.000
 90.470    6.000   3.000
 90.584   23.000   2.000
 90.668   15.000   2.000
 90.868   38.000   1.000
 90.955    6.000   1.000
 91.042    8.000   1.000
 91.143    6.000   1.000
 91.217   11.000   2.000
 91.273    7.000   1.000
 91.390   18.000   2.000
 91.477   10.000   1.000
 91.599   14.000   5.000
 91.685   16.000   1.000
 91.794   16.000   3.000
 91.895   20.000   3.000
 92.028    8.000   1.000
 92.116    6.000   1.000
 92.235   17.000   2.000
 92.330    8.000   3.000
 92.425   16.000   3.000
 92.528   13.000   5.000
 92.647   14.000   4.000
 92.749   14.000   8.000
 92.849   14.000   6.000
 92.956   16.000   7.000
 93.051   14.000   4.000
 93.166   37.000   5.000
 93.263    7.000   3.000
 93.370   14.000   6.000
 93.482   14.000   4.000
 93.584   11.000   6.000
 93.688   18.000   1.000
 93.797   24.000   6.000
 93.898   43.000   1.000
 94.007   13.000   4.000
 94.116    7.000   4.000
 94.205   12.000   4.000
 94.321   23.000   4.000
 94.418    9.000   3.000
 94.521    9.000   3.000
 94.637   13.000   2.000
 94.729   14.000   2.000
 94.839    9.000   1.000
 94.939    4.000   1.000
 95.052    7.000   3.000
 95.161   12.000   1.000
 95.266   34.000   2.000
 95.396   14.000   4.000
 95.467   13.000   4.000
 95.574   18.000   2.000
 95.677   12.000   3.000
 95.783   13.000   4.000
 95.898   27.000   4.000
 95.994    6.000   2.000
 96.136   24.000   8.000
 96.210    7.000   3.000
 96.305   14.000   4.000
 96.419   19.000   5.000
 96.526    5.000   1.000
 96.627   14.000   3.000
 96.746   12.000   4.000
 96.827    8.000   3.000
 96.933   19.000   4.000
 97.051    9.000   2.000
 97.156    8.000   2.000
 97.267   10.000   4.000
 97.355   15.000   3.000
 97.465    9.000   4.000
 97.573   18.000   6.000
 97.677   16.000   6.000
 97.798   41.000   2.000
 97.879   10.000   2.000
 97.986   15.000   2.000
 98.090    7.000   3.000
 98.210   15.000   6.000
 98.302    6.000   1.000
 98.443    8.000   2.000
 98.572    6.000   1.000
 98.704   12.000   2.000
 98.764    7.000   1.000
 98.824   14.000   2.000
 98.927    9.000   1.000
 99.033   14.000   5.000
 99.149   26.000   2.000
 99.249   18.000   4.000
 99.367   16.000   3.000
 99.466   12.000   5.000
 99.575   14.000   5.000
 99.677   19.000   6.000
 99.784   13.000   4.000
 99.882   11.000   4.000
 99.988   18.000   6.000
100.092   16.000   7.000
100.195   16.000   4.000
100.305   12.000   3.000
100.405    5.000   2.000
100.522    6.000   1.000
100.626   16.000   4.000
100.721   10.000   6.000
100.827   15.000   5.000
100.960   29.000   4.000
101.032   10.000   3.000
101.152   22.000   5.000
101.245   15.000   4.000
101.356   15.000   4.000
101.486   12.000   2.000
101.555    4.000   2.000
101.755   33.000   1.000
101.861   13.000   3.000
101.942   12.000   2.000
101.999    7.000   3.000
102.092   20.000   2.000
102.197    8.000   1.000
102.305   24.000   2.000
102.406   16.000   5.000
102.508   18.000   1.000
102.633    6.000   1.000
102.780   11.000   2.000
102.863    7.000   2.000
102.928   20.000   1.000
103.029   24.000   2.000
103.130   12.000   2.000
103.248    7.000   3.000
103.344   19.000   2.000
103.477    5.000   2.000
103.573   23.000   1.000
103.657   16.000   2.000
103.760    7.000   2.000
103.892   13.000   4.000
103.999   11.000   2.000
104.089   18.000   4.000
104.186   18.000   2.000
104.285   22.000   2.000
104.410   13.000   7.000
104.505   16.000   4.000
104.613   13.000   4.000
104.726   19.000   5.000
104.813   11.000   4.000
104.924   17.000   9.000
105.034   10.000   6.000
105.159   11.000   5.000
105.264   20.000   6.000
105.341   13.000   3.000
105.457   13.000   8.000
105.577   19.000   8.000
105.661   26.000   1.000
105.760   12.000   3.000
105.898    7.000   3.000
105.970   20.000   1.000
106.078   12.000   5.000
106.187   13.000   5.000
106.294   23.000   5.000
106.390   12.000   5.000
106.488   15.000   4.000
106.613    6.000   2.000
106.711    5.000   3.000
106.818   19.000   5.000
106.918   19.000   6.000
107.014   13.000   5.000
107.128   12.000   4.000
107.226   10.000   2.000
107.329    6.000   2.000
107.444    5.000   2.000
107.563    5.000   2.000
107.661   12.000   1.000
107.762   18.000   1.000
107.864    9.000   4.000
107.969   33.000   2.000
108.079   20.000   2.000
108.174    5.000   1.000
108.298   13.000   3.000
108.397   11.000   5.000
108.486   18.000   5.000
108.601   21.000   4.000
108.721   39.000   2.000
108.842   26.000   4.000
108.926    4.000   1.000
109.020   12.000   2.000
109.151    5.000   2.000
109.240   12.000   2.000
109.339    6.000   1.000
109.434   27.000   2.000
109.541   12.000   3.000
109.646   10.000   3.000
109.747    9.000   3.000
109.852   19.000   2.000
109.975   10.000   4.000
110.064   13.000   2.000
110.175   16.000   5.000
110.293    8.000   3.000
110.374   11.000   1.000
110.492   15.000   3.000
110.601   10.000   4.000
110.698   27.000   5.000
110.811    6.000   4.000
110.944   17.000   9.000
111.010    8.000   1.000
111.120   18.000   7.000
111.221   21.000   2.000
111.327   17.000   5.000
111.429    6.000   2.000
111.541   20.000   1.000
111.638    9.000   3.000
111.743    5.000   2.000
111.859   12.000   3.000
111.957   21.000   4.000
112.064   18.000   4.000
112.169   21.000   5.000
112.267   23.000   5.000
112.371   19.000   7.000
112.483   14.000   7.000
112.581   15.000   7.000
112.699   15.000   5.000
112.795   15.000   4.000
112.938   16.000   7.000
113.012   30.000   2.000
113.117   16.000   7.000
113.228   19.000   7.000
113.318   11.000   3.000
113.422   12.000   6.000
113.530   13.000   4.000
113.654   19.000   7.000
113.745    9.000   4.000
113.854   25.000   3.000
113.952   12.000   7.000
114.058   16.000   3.000
114.161   14.000   6.000
114.271    9.000   4.000
114.385    5.000   3.000
114.478    9.000   5.000
114.578   14.000   4.000
114.692   14.000   4.000
114.786    8.000   2.000
114.889   14.000   5.000
114.998   14.000   7.000
115.114   16.000   6.000
115.226   10.000   7.000
115.355   24.000   8.000
115.453   16.000   7.000
115.529   12.000   4.000
115.642   14.000   6.000
115.750   14.000   4.000
115.848    9.000   4.000
115.953   15.000   6.000
116.073   19.000   8.000
116.210   19.000   9.000
116.300   10.000   4.000
116.377    6.000   3.000
116.482   14.000   7.000
116.575    9.000   3.000
116.680   19.000   6.000
116.810   17.000   8.000
116.927   17.000   8.000
117.047   13.000   8.000
117.118    6.000   3.000
117.211   13.000   7.000
117.352   18.000   9.000
117.440    6.000   4.000
117.563   23.000   9.000
117.756   23.000  12.000
117.868   15.000   8.000
117.984   11.000   7.000
118.058   10.000   3.000
118.130    9.000   4.000
118.195   12.000   3.000
118.257    9.000   3.000
118.361   18.000   3.000
118.481   13.000   7.000
118.563   10.000   3.000
118.692    6.000   4.000
118.793   27.000   2.000
118.887   26.000   1.000
118.991   12.000   4.000
119.090   12.000   4.000
119.210   17.000   5.000
119.305   15.000   5.000
119.409   12.000   4.000
119.519   11.000   4.000
119.618   15.000   7.000
119.721   13.000   6.000
119.847   14.000   7.000
119.941   13.000   7.000
120.073   23.000   9.000
120.224   28.000  12.000
120.294   10.000   4.000
120.409   16.000   8.000
120.501   13.000   7.000
120.570    9.000   3.000
120.694   19.000   9.000
120.819   15.000   7.000
120.887    4.000   3.000
121.020   12.000   8.000
121.134   12.000   7.000
121.270   18.000   9.000
121.343   11.000   4.000
121.431   13.000   7.000
121.521   16.000   7.000
121.669   24.000   9.000
121.723    8.000   3.000
121.841   16.000   8.000
121.928   13.000   5.000
122.039   22.000   4.000
122.146   18.000   5.000
122.272   10.000   5.000
122.361   10.000   4.000
122.456   16.000   5.000
122.555   23.000   6.000
122.669   13.000   4.000
122.770   16.000   4.000
122.890   15.000   8.000
122.997   14.000   7.000
123.094   20.000   7.000
123.189   16.000   5.000
123.288   14.000   5.000
123.406   14.000   5.000
123.508   12.000   2.000
123.618   14.000   7.000
123.717    9.000   4.000
123.827   17.000   7.000
123.947   18.000   7.000
124.044    8.000   7.000
124.143   17.000   7.000
124.245   16.000   5.000
124.350   23.000   6.000
124.454   15.000   7.000
124.552   14.000   3.000
124.659   14.000   5.000
124.767   18.000   4.000
124.882   15.000   7.000
124.995   20.000   8.000
125.087   17.000   4.000
125.190   14.000   6.000
125.291   15.000   7.000
125.387   14.000   6.000
125.506   14.000   5.000
125.612   16.000   6.000
125.710   11.000   4.000
125.818   11.000   7.000
125.927   15.000   7.000
126.025   15.000   4.000
126.137   21.000   6.000
126.257   12.000   6.000
126.347   13.000   3.000
126.461   13.000   7.000
126.547   14.000   4.000
126.655   15.000   7.000
126.765    9.000   4.000
126.897   14.000   9.000
127.015   14.000   7.000
127.083    5.000   1.000
127.182   15.000   7.000
127.282   14.000   5.000
127.390   18.000   4.000
127.527   14.000   5.000
127.603   10.000   4.000
127.715   15.000   6.000
127.821   13.000   7.000
127.918   12.000   6.000
128.051   15.000   7.000
128.125   11.000   3.000
128.241   19.000   7.000
128.335   14.000   5.000
128.441   13.000   5.000
128.542   16.000   7.000
128.660   11.000   8.000
128.754   11.000   3.000
128.893   19.000   9.000
128.997   13.000   7.000
129.136   23.000  11.000
129.203   11.000   3.000
129.325   20.000   8.000
129.429    9.000   7.000
129.529   13.000   7.000
129.638   13.000   7.000
129.753   11.000   8.000
129.842   11.000   7.000
129.927   10.000   4.000
130.063   13.000   6.000
130.183   18.000   7.000
130.319   13.000   7.000
130.420    8.000   3.000
130.492    9.000   5.000
130.593   22.000   3.000
130.661    8.000   3.000
130.793   14.000  11.000
130.858    7.000   1.000
130.974   17.000   7.000
131.111   18.000   6.000
131.188   15.000   4.000
131.287   27.000   6.000
131.442   27.000  10.000
131.500    6.000   3.000
131.629   18.000   9.000
131.710    8.000   4.000
131.806   15.000   5.000
131.932   27.000  10.000
132.019   12.000   6.000
132.168   22.000  12.000
132.265   14.000   6.000
132.358   10.000   6.000
132.442    8.000   4.000
132.535   13.000   4.000
132.654   15.000   6.000
132.748   14.000   4.000
132.892   14.000  10.000
132.958    9.000   3.000
133.083   16.000   7.000
133.170   14.000   7.000
133.273   15.000   2.000
133.382   21.000   3.000
133.480   11.000   4.000
133.598   11.000   7.000
133.716   14.000   7.000
133.799   10.000   4.000
133.902   16.000   7.000
134.012   15.000   5.000
134.111   15.000   7.000
134.222   18.000   7.000
134.357   17.000   8.000
134.436    9.000   5.000
134.539   10.000   4.000
134.638   16.000   5.000
134.737   21.000   5.000
134.848   13.000  10.000
134.993   18.000   9.000
135.063   10.000   3.000
135.174   12.000   5.000
135.258   18.000   2.000
135.384   17.000   8.000
135.481   15.000   2.000
135.578   17.000   6.000
135.689   14.000   7.000
135.805   19.000   6.000
135.900   15.000   4.000
136.012   12.000   7.000
136.110   11.000   4.000
136.222   12.000   4.000
136.320   14.000   7.000
136.422    9.000   7.000
136.535   13.000   7.000
136.664   20.000   7.000
136.756   15.000   7.000
136.869   13.000   6.000
137.025   25.000  10.000
137.148   18.000   8.000
137.232   17.000   7.000
137.323    9.000   5.000
137.411   15.000   7.000
137.508   26.000   3.000
137.574   13.000   3.000
137.677   12.000   4.000
137.784    8.000   4.000
137.887   13.000   6.000
138.003   21.000   4.000
138.103    6.000   3.000
138.213   11.000   5.000
138.316   23.000   1.000
138.409    9.000   2.000
138.526    6.000   3.000
138.644   10.000   5.000
138.733   14.000   4.000
138.828   15.000   6.000
138.945   19.000   7.000
139.045   31.000   2.000
139.154    9.000   1.000
139.255    5.000   2.000
139.359    5.000   1.000
139.462   10.000   3.000
139.582   16.000   6.000
139.685   18.000   4.000
139.807   15.000   7.000
139.896   16.000   3.000
139.988   12.000   1.000
140.099   13.000   7.000
140.202   11.000   6.000
140.301    8.000   2.000
140.407   11.000   7.000
140.543   24.000   8.000
140.643   10.000   7.000
140.734   12.000   5.000
140.833    9.000   5.000
140.945   13.000   7.000
141.045   12.000   7.000
141.147   11.000   4.000
141.258   12.000   7.000
141.353   12.000   5.000
141.476   10.000   5.000
141.598   19.000   7.000
141.691   12.000   5.000
141.775   15.000   4.000
141.892   16.000   4.000
141.986   14.000   4.000
142.094   19.000   5.000
142.235   18.000   6.000
142.314   14.000   1.000
142.410   14.000   3.000
142.511   14.000   4.000
142.620   13.000   5.000
142.730    7.000   5.000
142.828   10.000   3.000
142.935   14.000   4.000
143.052   16.000   8.000
143.149    9.000   4.000
143.276   48.000   4.000
143.367   10.000   4.000
143.456   17.000   2.000
143.571   11.000   4.000
143.662    9.000   3.000
143.780   30.000   5.000
143.881   13.000   6.000
143.989   19.000   4.000
144.085   12.000   3.000
144.192   15.000   6.000
144.289   22.000   5.000
144.400   12.000   6.000
144.509   14.000   6.000
144.611   13.000   4.000
144.721   18.000   7.000
144.837   16.000   6.000
144.932    7.000   3.000
145.036   12.000   7.000
145.149   14.000   7.000
145.238   13.000   7.000
145.350   13.000   3.000
145.454   23.000   4.000
145.562   10.000   4.000
145.668   14.000   4.000
145.766   29.000   5.000
145.875   10.000   4.000
145.992   17.000   3.000
146.080    5.000   1.000
146.200   14.000   1.000
146.306    5.000   1.000
146.392   21.000   2.000
146.496   11.000   3.000
146.601    3.000   1.000
146.743   33.000   3.000
146.820    5.000   2.000
146.929   11.000   3.000
147.040   14.000   5.000
147.142   15.000   5.000
147.231   13.000   3.000
147.343    8.000   1.000
147.442   13.000   4.000
147.544   13.000   2.000
147.662   13.000   7.000
147.769   27.000   4.000
147.867    5.000   1.000
147.973   10.000   7.000
148.129    5.000   2.000
148.196    8.000   3.000
148.283   12.000   3.000
148.385    5.000   3.000
148.504    5.000   2.000
148.600   13.000   2.000
148.716    5.000   4.000
148.817   19.000   6.000
148.919   12.000   4.000
149.029   14.000   6.000
149.121   14.000   2.000
149.236   12.000   4.000
149.350   23.000   3.000
149.472   19.000   3.000
149.560   21.000   2.000
149.652   16.000   5.000
149.751   12.000   4.000
149.866   16.000   6.000
150.009   17.000   9.000
150.108   46.000   3.000
150.169    5.000   2.000
150.295   16.000   5.000
150.382    5.000   1.000
150.484   13.000   4.000
150.596   16.000   3.000
150.708   21.000   3.000
150.819   12.000   3.000
150.931   48.000   2.000
151.041   15.000   1.000
151.120   11.000   3.000
151.222   11.000   4.000
151.365   14.000   3.000
151.479   21.000   2.000
151.551    6.000   2.000
151.687   13.000   4.000
151.771    7.000   1.000
151.851   11.000   3.000
151.986   16.000   5.000
152.074    5.000   1.000
152.177    8.000   5.000
152.289   10.000   6.000
152.392    5.000   1.000
152.516   17.000   6.000
152.596    7.000   3.000
152.700   19.000   3.000
152.804   13.000   5.000
152.915   17.000   3.000
153.020   13.000   4.000
153.114   14.000   7.000
153.215   15.000   3.000
153.321   13.000   2.000
153.433   15.000   6.000
153.535   17.000   5.000
153.644   15.000   6.000
153.757   18.000   7.000
153.867   21.000   8.000
153.976   14.000   7.000
154.069    7.000   3.000
154.174   17.000   7.000
154.276   19.000   8.000
154.415   22.000   8.000
154.498    6.000   2.000
154.604    9.000   5.000
154.705   15.000   5.000
154.805    8.000   7.000
154.911   17.000   8.000
155.024   10.000   5.000
155.110    6.000   3.000
155.229   24.000   7.000
155.314   11.000   2.000
155.465   44.000   5.000
155.529    9.000   2.000
155.634   11.000   5.000
155.758   33.000   6.000
155.852   14.000   4.000
155.963   16.000   2.000
156.055   11.000   3.000
156.170   16.000   5.000
156.271   20.000   6.000
156.375   24.000   6.000
156.475   17.000   2.000
156.612   34.000   4.000
156.704   12.000   1.000
156.791   27.000   2.000
156.910   28.000   4.000
157.022   32.000   7.000
157.108   13.000   4.000
157.245   13.000   7.000
157.327    9.000   3.000
157.432   18.000   8.000
157.540    8.000   3.000
157.631   11.000   3.000
157.734   14.000   3.000
157.845   35.000   4.000
157.952    5.000   3.000
158.044   14.000   2.000
158.172   14.000   4.000
158.264    8.000   3.000
158.370   30.000   4.000
158.472   14.000   4.000
158.578   18.000   3.000
158.682   11.000   4.000
158.783   18.000   4.000
158.892    8.000   3.000
158.993   12.000   5.000
159.123   33.000   7.000
159.202   14.000   4.000
159.319   12.000   5.000
159.450   16.000   2.000
159.533    6.000   1.000
159.622    6.000   2.000
159.739   13.000   7.000
159.849    6.000   3.000
159.947   10.000   4.000
160.051    9.000   3.000
160.144   19.000   4.000
160.262   23.000   5.000
160.356    9.000   4.000
160.470   12.000   3.000
160.568   10.000   2.000
160.721   39.000   1.000
160.803    8.000   3.000
160.914    7.000   2.000
160.985   14.000   1.000
161.099   24.000   1.000
161.202    4.000   1.000
161.306    5.000   3.000
161.419   14.000   4.000
161.527    8.000   2.000
161.641   17.000   3.000
161.728    9.000   2.000
161.827   11.000   1.000
161.961   23.000   1.000
162.039   11.000   3.000
162.146    9.000   2.000
162.250    9.000   5.000
162.353   12.000   4.000
162.464   15.000   5.000
162.564   14.000   4.000
162.674   16.000   6.000
162.775   13.000   5.000
162.895   15.000   5.000
162.992   11.000   5.000
163.096   10.000   6.000
163.191   21.000   4.000
163.307   15.000   6.000
163.399   12.000   5.000
163.512   15.000   5.000
163.619   16.000   4.000
163.725    5.000   3.000
163.841   14.000   5.000
163.931    5.000   5.000
164.036   22.000   3.000
164.140   15.000   5.000
164.246   11.000   5.000
164.342   18.000   3.000
164.461   23.000   2.000
164.563   16.000   5.000
164.668   10.000   5.000
164.763   13.000   5.000
164.882   20.000   4.000
164.989   15.000   5.000
165.116   13.000   5.000
165.224   17.000   7.000
165.311   14.000   4.000
165.398   10.000   3.000
165.505   15.000   6.000
165.620   14.000   5.000
165.714   14.000   5.000
165.838   21.000   9.000
165.931    9.000   3.000
166.031   12.000   4.000
166.139   13.000   4.000
166.250   30.000   1.000
166.344   11.000   4.000
166.473   10.000   2.000
166.557    5.000   1.000
166.657   14.000   3.000
166.760    5.000   2.000
166.888   22.000   8.000
166.988   12.000   3.000
167.086    9.000   8.000
167.181   13.000   4.000
167.301   14.000   3.000
167.397   12.000   3.000
167.500   12.000   6.000
167.619    9.000   5.000
167.722   19.000   5.000
167.824   15.000   4.000
167.934   12.000   3.000
168.035   15.000   7.000
168.142   14.000   5.000
168.242   17.000   5.000
168.345   19.000   7.000
168.442   15.000   4.000
168.572    9.000   3.000
168.653   10.000   3.000
168.759    5.000   2.000
168.864   15.000   4.000
168.961   18.000   4.000
169.089   21.000   8.000
169.182   13.000   5.000
169.288   13.000   7.000
169.401   17.000   4.000
169.492    4.000   4.000
169.610   19.000   6.000
169.712   14.000   7.000
169.818    9.000   4.000
169.926   13.000   6.000
170.056   50.000   3.000
170.142    6.000   3.000
170.240   13.000   4.000
170.332    9.000   3.000
170.438   12.000   5.000
170.551   12.000   4.000
170.644    6.000   1.000
170.747   12.000   2.000
170.876   30.000   5.000
171.005   10.000   4.000
171.074    5.000   1.000
171.174    3.000   2.000
171.282   14.000   5.000
171.391   21.000   4.000
171.490   12.000   6.000
171.605   12.000   3.000
171.703   14.000   7.000
171.805   13.000   3.000
171.908   17.000   5.000
172.022   18.000   4.000
172.124   15.000   5.000
172.234   21.000   5.000
172.328   12.000   3.000
172.444   16.000   5.000
172.540   17.000   7.000
172.645   13.000   5.000
172.754   11.000   3.000
172.864    6.000   3.000
172.982   15.000   7.000
173.072   27.000   3.000
173.195    9.000   4.000
173.298   40.000   3.000
173.386    6.000   2.000
173.484    8.000   4.000
173.595   31.000   4.000
173.715   13.000   7.000
173.813   18.000   7.000
173.913   12.000   4.000
174.027   18.000   8.000
174.122   17.000   5.000
174.221   12.000   5.000
174.332   17.000   6.000
174.445   15.000   7.000
174.548   15.000   7.000
174.649   18.000   3.000
174.743    8.000   3.000
174.882   27.000   9.000
174.977   12.000   3.000
175.055   12.000   4.000
175.185   30.000   3.000
175.274   18.000   3.000
175.377   19.000   6.000
175.483   15.000   7.000
175.586   14.000   5.000
175.685   27.000   7.000
175.793   14.000   3.000
175.899   24.000   4.000
176.009   17.000   4.000
176.113   12.000   4.000
176.229   19.000   7.000
176.318   13.000   3.000
176.428   13.000   5.000
176.536   14.000   4.000
176.640   32.000   6.000
176.736   19.000   4.000
176.845    8.000   3.000
176.950   15.000   5.000
177.064    5.000   1.000
177.160    6.000   4.000
177.263   36.000   2.000
177.366   17.000   5.000
177.497   14.000   4.000
177.582   13.000   4.000
177.689   15.000   4.000
177.790    7.000   5.000
177.896   11.000   4.000
178.000   15.000   5.000
178.104   17.000   6.000
178.212   17.000   6.000
178.328   12.000   6.000
178.420   17.000   3.000
178.540   13.000   6.000
178.631   12.000   2.000
178.747   16.000   5.000
178.833    8.000   1.000
178.957   15.000   3.000
179.044   16.000   4.000
179.181   31.000   5.000
179.274    5.000   1.000
179.363    5.000   1.000
179.489    3.000   3.000
179.572    6.000   1.000
179.683   18.000   1.000
179.785   15.000   2.000
179.903   20.000   6.000
179.993   17.000   3.000
180.108   11.000   4.000
180.207   15.000   5.000
180.308   11.000   4.000
180.428   14.000   5.000
180.523   18.000   5.000
180.635   12.000   5.000
180.729   16.000   4.000
180.838   21.000   6.000
180.961   20.000   9.000
181.069    9.000   4.000
181.154   10.000   5.000
181.261   10.000   7.000
181.367   14.000   5.000
181.465   23.000   5.000
181.580   38.000   3.000
181.687   14.000   3.000
181.781   12.000   4.000
181.899   18.000   7.000
181.997   16.000   7.000
182.105   19.000   4.000
182.203   23.000   2.000
182.316   13.000   4.000
182.417   13.000   7.000
182.518   15.000   5.000
182.616   18.000   7.000
182.728   13.000   7.000
182.852   28.000   9.000
183.029   38.000  13.000
183.262   26.000  18.000
183.414   32.000   8.000
