  0.501   0.000
  1.000   0.375
  1.501   0.039
  2.001   0.000
  2.501   0.020
  3.001   0.020
  3.501   0.039
  4.001   0.340
  4.501   0.080
  5.000   0.204
  5.503   0.058
  6.000   0.020
  6.501   0.040
  7.001   0.020
  7.501   0.040
  8.001   0.040
  8.501   0.040
  9.000   0.040
  9.501   0.020
 10.000   0.059
 10.501   0.041
 11.001   0.060
 11.502   0.078
 12.001   0.040
 12.501   0.041
 13.000   0.040
 13.501   0.060
 14.001   0.060
 14.501   0.080
 15.001   0.060
 15.501   0.060
 16.001   0.060
 16.501   0.060
 17.000   0.080
 17.501   0.080
 18.001   0.060
 18.501   0.080
 19.005   0.080
 19.501   0.082
 20.001   0.120
 20.502   0.080
 21.000   0.080
 21.501   0.098
 22.000   0.061
 22.501   0.100
 23.001   0.100
 23.501   0.100
 24.001   0.100
 24.501   0.200
 25.000   0.100
 25.501   0.140
 26.001   0.082
 26.501   0.120
 27.001   0.100
 27.501   0.140
 28.005   0.137
 28.501   0.160
 29.004   0.120
 29.505   0.160
 30.001   0.140
 30.501   0.120
 31.001   0.140
 31.501   0.143
 32.001   0.140
 32.503   0.140
 33.000   0.082
 33.504   0.157
 34.001   0.140
 34.501   0.160
 35.001   0.143
 35.501   0.100
 36.001   0.120
 36.501   0.140
 37.000   0.160
 37.501   0.160
 38.003   0.140
 38.504   0.140
 39.001   0.160
 39.501   0.140
 40.001   0.188
 40.501   0.143
 41.004   0.157
 41.501   0.176
 42.001   0.122
 42.501   0.120
 43.001   0.137
 43.501   0.184
 44.001   0.200
 44.501   0.200
 45.000   0.200
 45.505   0.220
 46.001   0.184
 46.501   0.180
 47.001   0.160
 47.501   0.180
 48.001   0.120
 48.501   0.120
 49.000   0.163
 49.501   0.212
 50.001   0.204
 50.501   0.160
 51.001   0.160
 51.501   0.140
 52.001   0.140
 52.501   0.204
 53.001   0.157
 53.501   0.204
 54.001   0.160
 54.501   0.255
 55.001   0.140
 55.501   0.160
 56.001   0.140
 56.501   0.143
 57.000   0.140
 57.504   0.235
 58.002   0.140
 58.501   0.143
 59.001   0.240
 59.501   0.180
 60.001   0.176
 60.501   0.180
 61.000   0.180
 61.501   0.160
 62.001   0.163
 62.501   0.200
 63.001   0.160
 63.501   0.180
 64.001   0.245
 64.501   0.280
 65.003   0.196
 65.503   0.300
 66.001   0.265
 66.501   0.196
 67.001   0.245
 67.501   0.275
 68.001   0.220
 68.501   0.224
 69.000   0.235
 69.501   0.224
 70.001   0.216
 70.501   0.224
 71.001   0.255
 71.501   0.245
 72.001   0.260
 72.501   0.240
 73.004   0.180
 73.501   0.300
 74.001   0.200
 74.506   0.314
 75.001   0.224
 75.501   0.260
 76.003   0.260
 76.501   0.240
 77.000   0.300
 77.502   0.300
 78.001   0.240
 78.501   0.184
 79.001   0.176
 79.501   0.204
 80.001   0.240
 80.501   0.240
 81.000   0.300
 81.501   0.286
 82.001   0.231
 82.501   0.200
 83.001   0.184
 83.501   0.240
 84.001   0.240
 84.501   0.260
 85.000   0.280
 85.501   0.224
 86.001   0.235
 86.501   0.300
 87.001   0.280
 87.501   0.286
 88.001   0.314
 88.501   0.286
 89.004   0.255
 89.503   0.367
 90.001   0.360
 90.501   0.220
 91.005   0.140
 91.501   0.200
 92.001   0.260
 92.502   0.224
 93.000   0.314
 93.502   0.300
 94.003   0.286
 94.501   0.280
 95.001   0.245
 95.501   0.216
 96.001   0.240
 96.501   0.320
 97.001   0.240
 97.506   0.235
 98.001   0.280
 98.501   0.245
 99.001   0.200
 99.501   0.300
100.002   0.333
100.501   0.306
101.000   0.280
101.503   0.300
102.001   0.184
102.501   0.235
103.001   0.160
103.501   0.180
104.001   0.180
104.501   0.300
105.000   0.260
105.506   0.373
106.003   0.245
106.501   0.300
107.001   0.347
107.501   0.240
108.001   0.216
108.501   0.265
109.001   0.216
109.501   0.220
110.001   0.260
110.503   0.265
111.001   0.280
111.501   0.275
112.001   0.271
112.501   0.320
113.001   0.333
113.501   0.260
114.001   0.280
114.501   0.320
115.002   0.286
115.501   0.380
116.001   0.275
116.501   0.380
117.001   0.320
117.503   0.400
118.001   0.480
118.501   0.360
119.001   0.260
119.506   0.340
120.001   0.320
120.501   0.340
121.000   0.286
121.501   0.333
122.001   0.360
122.502   0.280
123.001   0.300
123.501   0.347
124.001   0.373
124.501   0.347
125.001   0.280
125.501   0.294
126.001   0.265
126.501   0.280
127.006   0.333
127.501   0.271
128.001   0.333
128.501   0.280
129.001   0.306
129.504   0.353
130.006   0.412
130.501   0.449
131.001   0.340
131.502   0.388
132.001   0.360
132.501   0.327
133.000   0.220
133.501   0.245
134.004   0.340
134.501   0.260
135.001   0.240
135.501   0.286
136.003   0.275
136.501   0.320
137.002   0.280
137.501   0.300
138.001   0.245
138.501   0.240
139.001   0.300
139.501   0.260
140.001   0.360
140.501   0.275
141.001   0.286
141.503   0.275
142.005   0.280
142.501   0.260
143.001   0.240
143.503   0.286
144.001   0.240
144.501   0.260
145.005   0.235
145.501   0.265
146.002   0.220
146.506   0.216
147.001   0.180
147.501   0.245
148.003   0.255
148.501   0.200
149.003   0.180
149.501   0.200
150.001   0.245
150.501   0.216
151.001   0.204
151.501   0.240
152.001   0.240
152.501   0.235
153.001   0.180
153.503   0.286
154.005   0.320
154.501   0.373
155.001   0.360
155.501   0.347
156.001   0.260
156.501   0.306
157.001   0.196
157.501   0.300
158.001   0.184
158.501   0.216
159.001   0.163
159.501   0.216
160.004   0.240
160.500   0.245
161.001   0.196
161.501   0.265
162.001   0.216
162.501   0.265
163.001   0.255
163.501   0.286
164.001   0.200
164.504   0.160
165.001   0.224
165.501   0.373
166.003   0.327
166.501   0.240
167.001   0.327
167.501   0.265
168.001   0.280
168.501   0.240
169.003   0.220
169.501   0.280
170.001   0.340
170.501   0.260
171.001   0.180
171.501   0.184
172.002   0.255
172.501   0.240
173.001   0.240
173.501   0.204
174.001   0.280
174.501   0.320
175.001   0.314
175.501   0.380
176.001   0.300
176.506   0.220
177.001   0.200
177.501   0.163
178.003   0.220
178.501   0.220
179.001   0.240
179.502   0.255
180.001   0.220
180.501   0.204
181.006   0.255
181.501   0.400
182.001   0.224
182.506   0.280
183.001   0.740
