  4.703    1.000   0.000
  4.717    1.000   0.000
  5.506  249.000   0.000
  7.252  245.000   1.000
  9.005  251.000   1.000
 10.754  245.000   2.000
 12.564  301.000   1.000
 14.256  255.000   2.000
 16.020  254.000   2.000
 17.761  242.000   2.000
 19.532  239.000   3.000
 21.261  248.000   4.000
 23.015  258.000   4.000
 24.756  239.000   5.000
 26.511  255.000   5.000
 28.265  240.000   6.000
 30.017  248.000   6.000
 31.758  248.000   7.000
 33.510  252.000   6.000
 35.276  251.000   7.000
 37.039  239.000   7.000
 38.769  221.000   7.000
 40.522  253.000   8.000
 42.263  242.000   7.000
 44.016  252.000   9.000
 45.768  251.000  10.000
 47.513  248.000   8.000
 49.262  252.000   7.000
 51.008  254.000   9.000
 52.759  231.000   8.000
 54.510  249.000  10.000
 56.263  255.000   7.000
 58.020  239.000   9.000
 59.775  228.000  11.000
 61.559  254.000   9.000
 63.268  257.000  10.000
 65.015  232.000  13.000
 66.798  252.000  14.000
 68.512  248.000  14.000
 70.287  247.000  13.000
 72.036  242.000  15.000
 73.765  247.000  13.000
 75.526  254.000  14.000
 77.276  257.000  15.000
 79.021  248.000  12.000
 80.769  254.000  14.000
 82.514  272.000  15.000
 84.267  239.000  13.000
 86.021  246.000  15.000
 87.768  242.000  14.000
 89.523  248.000  17.000
 91.262  240.000  10.000
 93.020  252.000  16.000
 94.768  251.000  15.000
 96.517  248.000  13.000
 98.267  248.000  14.000
100.014  239.000  15.000
101.777  215.000  16.000
103.549  273.000  10.000
105.265  248.000  15.000
107.022  245.000  17.000
108.762  270.000  13.000
110.522  258.000  12.000
112.266  243.000  14.000
114.019  244.000  16.000
115.772  249.000  18.000
117.524  248.000  20.000
119.274  245.000  20.000
121.026  248.000  14.000
122.764  245.000  16.000
124.527  257.000  18.000
126.268  245.000  15.000
128.015  248.000  14.000
129.771  248.000  15.000
131.521  245.000  20.000
133.267  248.000  16.000
135.019  252.000  14.000
136.762  243.000  15.000
138.529  261.000  15.000
140.266  249.000  18.000
142.025  248.000  14.000
143.762  254.000  13.000
145.521  249.000  14.000
147.268  237.000  10.000
149.022  252.000  12.000
150.760  248.000  13.000
152.514  252.000  13.000
154.271  248.000  16.000
156.017  249.000  17.000
157.762  252.000  13.000
159.516  251.000  10.000
161.271  225.000  12.000
163.015  246.000  14.000
164.773  230.000  10.000
166.528  272.000  18.000
168.265  249.000  15.000
170.032  257.000  14.000
171.762  245.000  11.000
173.510  245.000  13.000
175.284  249.000  17.000
177.012  252.000  12.000
178.767  249.000  11.000
180.517  245.000  12.000
182.274  243.000  15.000
