  0.501   0.000
  1.001   0.360
  1.500   0.020
  2.001   0.000
  2.501   0.000
  3.001   0.040
  3.501   0.020
  4.001   0.362
  4.501   0.061
  5.001   0.020
  5.501   0.000
  6.005   0.020
  6.500   0.000
  7.001   0.000
  7.501   0.000
  8.003   0.000
  8.501   0.020
  9.001   0.000
  9.501   0.000
 10.001   0.000
 10.501   0.020
 11.001   0.000
 11.501   0.000
 12.001   0.000
 12.501   0.040
 13.001   0.000
 13.501   0.000
 14.001   0.000
 14.501   0.041
 15.001   0.000
 15.501   0.000
 16.001   0.000
 16.501   0.040
 17.001   0.000
 17.501   0.000
 18.001   0.000
 18.501   0.041
 19.001   0.000
 19.501   0.000
 20.002   0.020
 20.501   0.041
 21.001   0.000
 21.501   0.000
 22.001   0.000
 22.501   0.059
 23.001   0.000
 23.501   0.000
 24.001   0.000
 24.501   0.061
 25.001   0.000
 25.501   0.000
 26.006   0.020
 26.501   0.061
 27.001   0.000
 27.501   0.000
 28.001   0.000
 28.501   0.080
 29.001   0.000
 29.501   0.000
 30.004   0.000
 30.500   0.100
 31.001   0.000
 31.501   0.000
 32.004   0.000
 32.501   0.082
 33.001   0.000
 33.501   0.020
 34.001   0.020
 34.501   0.102
 35.001   0.000
 35.501   0.000
 36.001   0.000
 36.501   0.082
 37.001   0.000
 37.500   0.000
 38.001   0.000
 38.501   0.118
 39.001   0.000
 39.501   0.000
 40.001   0.000
 40.501   0.120
 41.001   0.000
 41.500   0.000
 42.003   0.000
 42.500   0.102
 43.001   0.000
 43.501   0.000
 44.001   0.000
 44.501   0.140
 45.001   0.000
 45.501   0.000
 46.001   0.000
 46.501   0.140
 47.001   0.000
 47.501   0.020
 48.001   0.000
 48.501   0.140
 49.001   0.000
 49.500   0.000
 50.003   0.000
 50.501   0.160
 51.001   0.000
 51.501   0.000
 52.001   0.000
 52.501   0.140
 53.001   0.000
 53.500   0.000
 54.005   0.000
 54.501   0.140
 55.001   0.000
 55.501   0.000
 56.001   0.000
 56.501   0.143
 57.001   0.000
 57.501   0.000
 58.001   0.000
 58.501   0.173
 59.001   0.000
 59.501   0.000
 60.001   0.000
 60.501   0.160
 61.001   0.000
 61.500   0.000
 62.001   0.000
 62.501   0.163
 63.001   0.020
 63.501   0.000
 64.001   0.000
 64.501   0.200
 65.001   0.000
 65.501   0.000
 66.001   0.039
 66.501   0.220
 67.001   0.000
 67.501   0.000
 68.001   0.000
 68.501   0.180
 69.001   0.020
 69.500   0.000
 70.002   0.020
 70.501   0.163
 71.001   0.000
 71.501   0.000
 72.001   0.000
 72.501   0.180
 73.001   0.000
 73.500   0.000
 74.003   0.000
 74.501   0.200
 75.001   0.000
 75.501   0.000
 76.001   0.000
 76.501   0.240
 77.001   0.000
 77.500   0.000
 78.001   0.000
 78.501   0.224
 79.001   0.000
 79.501   0.000
 80.005   0.020
 80.501   0.143
 81.001   0.000
 81.500   0.000
 82.001   0.000
 82.501   0.216
 83.001   0.000
 83.501   0.000
 84.001   0.000
 84.501   0.224
 85.001   0.020
 85.500   0.000
 86.004   0.000
 86.501   0.220
 87.001   0.000
 87.501   0.000
 88.001   0.000
 88.501   0.220
 89.001   0.000
 89.500   0.000
 90.003   0.020
 90.501   0.260
 91.001   0.000
 91.501   0.000
 92.001   0.000
 92.501   0.220
 93.001   0.020
 93.500   0.000
 94.001   0.000
 94.501   0.224
 95.001   0.000
 95.501   0.000
 96.001   0.000
 96.501   0.216
 97.001   0.000
 97.500   0.000
 98.005   0.000
 98.501   0.220
 99.001   0.000
 99.501   0.000
100.001   0.000
100.501   0.240
101.001   0.000
101.500   0.000
102.001   0.020
102.501   0.200
103.001   0.000
103.501   0.000
104.004   0.000
104.501   0.160
105.001   0.000
105.500   0.000
106.001   0.000
106.501   0.200
107.001   0.000
107.501   0.000
108.001   0.020
108.501   0.224
109.001   0.000
109.500   0.000
110.005   0.000
110.501   0.220
111.001   0.000
111.501   0.000
112.001   0.000
112.501   0.255
113.001   0.000
113.500   0.000
114.001   0.000
114.501   0.245
115.001   0.000
115.501   0.000
116.004   0.020
116.501   0.245
117.001   0.000
117.500   0.000
118.001   0.000
118.501   0.314
119.001   0.000
119.501   0.000
120.001   0.000
120.501   0.275
121.001   0.000
121.500   0.000
122.001   0.000
122.501   0.255
123.001   0.000
123.501   0.000
124.001   0.000
124.501   0.255
125.001   0.000
125.500   0.000
126.001   0.000
126.501   0.204
127.001   0.020
127.501   0.000
128.005   0.000
128.501   0.180
129.001   0.000
129.500   0.000
130.001   0.000
130.501   0.220
131.001   0.000
131.501   0.020
132.001   0.000
132.501   0.240
133.001   0.000
133.500   0.000
134.003   0.020
134.501   0.260
135.001   0.000
135.501   0.000
136.001   0.000
136.501   0.240
137.001   0.000
137.500   0.000
138.001   0.020
138.501   0.240
139.001   0.000
139.501   0.000
140.006   0.000
140.501   0.220
141.001   0.000
141.500   0.000
142.004   0.020
142.501   0.200
143.001   0.020
143.501   0.000
144.001   0.000
144.501   0.220
145.001   0.000
145.500   0.000
146.001   0.000
146.501   0.180
147.001   0.000
147.501   0.000
148.001   0.000
148.501   0.216
149.001   0.000
149.500   0.000
150.002   0.000
150.501   0.200
151.001   0.000
151.501   0.000
152.001   0.000
152.501   0.200
153.001   0.000
153.500   0.000
154.001   0.020
154.501   0.260
155.001   0.000
155.501   0.000
156.001   0.000
156.501   0.220
157.001   0.000
157.500   0.000
158.004   0.020
158.501   0.220
159.001   0.000
159.501   0.000
160.001   0.000
160.501   0.204
161.001   0.000
161.500   0.000
162.004   0.020
162.501   0.200
163.001   0.000
163.501   0.000
164.006   0.020
164.501   0.163
165.001   0.000
165.500   0.000
166.001   0.000
166.501   0.184
167.001   0.020
167.501   0.000
168.001   0.000
168.501   0.260
169.001   0.020
169.500   0.000
170.001   0.000
170.501   0.204
171.001   0.000
171.501   0.000
172.001   0.000
172.501   0.216
173.001   0.000
173.500   0.000
174.005   0.020
174.501   0.188
175.001   0.000
175.501   0.020
176.001   0.000
176.501   0.280
177.001   0.000
177.500   0.000
178.001   0.000
178.501   0.180
179.001   0.000
179.501   0.000
180.001   0.000
180.501   0.200
181.001   0.000
181.500   0.020
182.004   0.000
182.501   0.204
