  0.500   0.000
  1.000   0.286
  1.501   0.120
  2.001   0.000
  2.501   0.040
  3.001   0.000
  3.501   0.020
  4.001   0.347
  4.501   0.080
  5.004   0.102
  5.500   0.020
  6.001   0.020
  6.501   0.039
  7.001   0.020
  7.501   0.020
  8.001   0.020
  8.503   0.039
  9.000   0.020
  9.501   0.020
 10.000   0.020
 10.501   0.058
 11.001   0.020
 11.501   0.040
 12.001   0.020
 12.501   0.040
 13.003   0.039
 13.501   0.020
 14.001   0.060
 14.501   0.039
 15.001   0.020
 15.501   0.060
 16.001   0.040
 16.501   0.040
 17.001   0.040
 17.501   0.040
 18.001   0.041
 18.501   0.059
 19.001   0.040
 19.501   0.061
 20.001   0.078
 20.505   0.061
 21.004   0.059
 21.501   0.060
 22.001   0.041
 22.505   0.080
 23.001   0.040
 23.501   0.080
 24.001   0.060
 24.501   0.080
 25.001   0.060
 25.501   0.082
 26.001   0.080
 26.501   0.115
 27.001   0.061
 27.501   0.098
 28.001   0.061
 28.505   0.118
 29.001   0.082
 29.501   0.080
 30.001   0.102
 30.501   0.100
 31.001   0.098
 31.501   0.100
 32.001   0.082
 32.501   0.100
 33.001   0.080
 33.501   0.080
 34.001   0.118
 34.504   0.102
 35.001   0.100
 35.501   0.080
 36.003   0.080
 36.500   0.100
 37.001   0.102
 37.501   0.100
 38.001   0.120
 38.501   0.120
 39.001   0.080
 39.501   0.100
 40.001   0.118
 40.501   0.143
 41.001   0.100
 41.501   0.100
 42.003   0.120
 42.501   0.061
 43.001   0.080
 43.501   0.102
 44.001   0.180
 44.503   0.157
 45.002   0.140
 45.501   0.125
 46.001   0.160
 46.504   0.137
 47.001   0.082
 47.501   0.120
 48.003   0.120
 48.500   0.080
 49.002   0.118
 49.501   0.122
 50.001   0.140
 50.501   0.176
 51.004   0.120
 51.501   0.082
 52.001   0.098
 52.501   0.143
 53.001   0.120
 53.501   0.157
 54.003   0.120
 54.501   0.146
 55.001   0.098
 55.501   0.100
 56.000   0.120
 56.501   0.120
 57.001   0.082
 57.501   0.157
 58.001   0.157
 58.501   0.122
 59.001   0.120
 59.501   0.160
 60.000   0.160
 60.506   0.120
 61.001   0.100
 61.501   0.140
 62.001   0.122
 62.501   0.160
 63.002   0.120
 63.501   0.120
 64.000   0.180
 64.501   0.160
 65.003   0.216
 65.501   0.160
 66.001   0.204
 66.501   0.176
 67.001   0.184
 67.501   0.200
 68.000   0.180
 68.503   0.265
 69.001   0.188
 69.501   0.180
 70.001   0.196
 70.501   0.180
 71.001   0.143
 71.501   0.184
 72.000   0.196
 72.501   0.216
 73.001   0.122
 73.501   0.196
 74.001   0.184
 74.501   0.180
 75.003   0.200
 75.501   0.163
 76.001   0.216
 76.506   0.180
 77.001   0.184
 77.501   0.216
 78.001   0.200
 78.501   0.160
 79.001   0.100
 79.502   0.122
 80.000   0.196
 80.502   0.160
 81.006   0.196
 81.501   0.184
 82.001   0.204
 82.502   0.140
 83.001   0.140
 83.501   0.176
 84.000   0.184
 84.501   0.160
 85.004   0.231
 85.501   0.146
 86.001   0.200
 86.501   0.180
 87.001   0.180
 87.501   0.200
 88.001   0.220
 88.504   0.200
 89.001   0.180
 89.501   0.240
 90.007   0.280
 90.500   0.220
 91.001   0.102
 91.501   0.157
 92.001   0.180
 92.501   0.160
 93.006   0.216
 93.501   0.204
 94.001   0.224
 94.505   0.235
 95.001   0.180
 95.501   0.143
 96.006   0.196
 96.501   0.204
 97.001   0.143
 97.503   0.180
 98.001   0.216
 98.501   0.180
 99.001   0.157
 99.501   0.184
100.001   0.260
100.501   0.220
101.001   0.180
101.501   0.200
102.001   0.200
102.501   0.143
103.001   0.140
103.501   0.120
104.000   0.140
104.501   0.200
105.005   0.216
105.501   0.224
106.001   0.240
106.501   0.176
107.001   0.204
107.501   0.240
108.000   0.140
108.501   0.180
109.001   0.160
109.506   0.196
110.001   0.163
110.501   0.180
111.001   0.160
111.501   0.220
112.001   0.180
112.501   0.216
113.001   0.224
113.501   0.200
114.001   0.200
114.501   0.200
115.001   0.200
115.505   0.275
116.000   0.224
116.503   0.235
117.004   0.204
117.501   0.300
118.001   0.320
118.506   0.280
119.001   0.224
119.501   0.220
120.000   0.220
120.504   0.235
121.001   0.160
121.506   0.280
122.001   0.240
122.501   0.220
123.003   0.180
123.501   0.245
124.000   0.235
124.501   0.240
125.001   0.200
125.501   0.220
126.001   0.180
126.501   0.180
127.001   0.184
127.501   0.216
128.000   0.200
128.506   0.184
129.002   0.200
129.501   0.235
130.001   0.220
130.502   0.320
131.001   0.245
131.501   0.260
132.000   0.280
132.501   0.235
133.006   0.184
133.505   0.200
134.001   0.204
134.501   0.216
135.005   0.176
135.501   0.220
136.000   0.184
136.506   0.216
137.001   0.200
137.501   0.224
138.001   0.180
138.501   0.200
139.001   0.200
139.501   0.216
140.000   0.204
140.504   0.200
141.001   0.200
141.501   0.200
142.001   0.180
142.505   0.200
143.001   0.160
143.501   0.220
144.005   0.140
144.500   0.184
145.001   0.173
145.501   0.184
146.001   0.140
146.501   0.157
147.001   0.122
147.501   0.180
148.000   0.160
148.505   0.180
149.000   0.102
149.501   0.160
150.003   0.157
150.501   0.184
151.001   0.157
151.501   0.184
152.000   0.160
152.505   0.176
153.002   0.143
153.501   0.196
154.001   0.184
154.504   0.294
155.001   0.240
155.501   0.245
156.002   0.176
156.505   0.224
157.001   0.180
157.505   0.176
158.001   0.163
158.501   0.120
159.001   0.140
159.501   0.157
160.000   0.163
160.501   0.180
161.001   0.140
161.501   0.180
162.001   0.184
162.501   0.176
163.001   0.220
163.501   0.184
164.000   0.157
164.505   0.137
165.001   0.122
165.501   0.240
166.001   0.220
166.501   0.204
167.001   0.196
167.501   0.184
168.004   0.216
168.501   0.204
169.001   0.140
169.502   0.180
170.001   0.220
170.501   0.200
171.005   0.160
171.501   0.140
172.001   0.120
172.502   0.180
173.001   0.200
173.501   0.160
174.005   0.180
174.501   0.200
175.001   0.240
175.501   0.300
176.000   0.200
176.506   0.180
177.002   0.143
177.501   0.120
178.001   0.137
178.506   0.163
179.001   0.160
179.501   0.196
180.003   0.140
180.501   0.140
181.001   0.180
181.504   0.245
182.001   0.200
182.501   0.200
183.001   0.529
