  0.500   0.022
  1.000   0.362
  1.501   0.039
  2.001   0.000
  2.501   0.000
  3.001   0.039
  3.501   0.020
  4.001   0.347
  4.500   0.060
  5.001   0.469
  5.501   0.077
  6.001   0.060
  6.501   0.060
  7.001   0.060
  7.501   0.041
  8.004   0.080
  8.501   0.060
  9.004   0.060
  9.500   0.060
 10.001   0.080
 10.501   0.061
 11.001   0.080
 11.501   0.060
 12.001   0.080
 12.502   0.078
 13.001   0.082
 13.501   0.080
 14.001   0.080
 14.501   0.100
 15.001   0.100
 15.501   0.102
 16.004   0.115
 16.500   0.082
 17.001   0.100
 17.501   0.120
 18.001   0.100
 18.501   0.082
 19.001   0.118
 19.501   0.143
 20.001   0.157
 20.500   0.122
 21.001   0.118
 21.501   0.122
 22.001   0.100
 22.501   0.140
 23.001   0.140
 23.501   0.140
 24.001   0.140
 24.500   0.160
 25.001   0.140
 25.501   0.176
 26.001   0.122
 26.501   0.180
 27.001   0.160
 27.501   0.160
 28.001   0.160
 28.500   0.180
 29.001   0.163
 29.501   0.216
 30.001   0.200
 30.501   0.180
 31.001   0.163
 31.501   0.196
 32.003   0.180
 32.500   0.200
 33.001   0.120
 33.501   0.220
 34.001   0.200
 34.501   0.163
 35.001   0.160
 35.501   0.140
 36.001   0.160
 36.500   0.200
 37.001   0.200
 37.501   0.180
 38.001   0.180
 38.501   0.200
 39.003   0.204
 39.502   0.184
 40.004   0.255
 40.500   0.200
 41.001   0.160
 41.501   0.204
 42.001   0.180
 42.501   0.140
 43.001   0.180
 43.501   0.240
 44.001   0.275
 44.500   0.224
 45.001   0.240
 45.501   0.280
 46.001   0.260
 46.501   0.220
 47.001   0.180
 47.504   0.240
 48.003   0.184
 48.500   0.180
 49.001   0.200
 49.501   0.235
 50.001   0.280
 50.501   0.224
 51.001   0.216
 51.501   0.163
 52.001   0.200
 52.500   0.220
 53.001   0.255
 53.501   0.240
 54.001   0.245
 54.501   0.314
 55.006   0.160
 55.501   0.204
 56.001   0.184
 56.500   0.176
 57.001   0.160
 57.501   0.280
 58.001   0.163
 58.501   0.196
 59.001   0.280
 59.501   0.240
 60.001   0.220
 60.500   0.224
 61.001   0.220
 61.501   0.220
 62.001   0.196
 62.501   0.240
 63.001   0.204
 63.501   0.235
 64.001   0.320
 64.500   0.340
 65.001   0.245
 65.501   0.360
 66.001   0.320
 66.501   0.220
 67.001   0.320
 67.501   0.320
 68.001   0.340
 68.500   0.286
 69.001   0.275
 69.501   0.294
 70.004   0.286
 70.501   0.245
 71.001   0.320
 71.502   0.327
 72.001   0.333
 72.500   0.333
 73.001   0.200
 73.501   0.340
 74.001   0.260
 74.501   0.360
 75.001   0.327
 75.501   0.280
 76.001   0.280
 76.500   0.294
 77.001   0.367
 77.501   0.360
 78.002   0.320
 78.501   0.245
 79.005   0.275
 79.501   0.280
 80.001   0.280
 80.500   0.320
 81.002   0.320
 81.502   0.380
 82.001   0.224
 82.501   0.294
 83.001   0.204
 83.501   0.300
 84.001   0.280
 84.500   0.333
 85.001   0.327
 85.505   0.314
 86.001   0.333
 86.503   0.373
 87.002   0.360
 87.501   0.400
 88.001   0.320
 88.500   0.388
 89.001   0.340
 89.501   0.451
 90.001   0.460
 90.501   0.265
 91.001   0.196
 91.501   0.245
 92.001   0.320
 92.500   0.260
 93.004   0.420
 93.502   0.353
 94.001   0.347
 94.502   0.388
 95.005   0.308
 95.501   0.286
 96.001   0.300
 96.501   0.400
 97.004   0.300
 97.500   0.306
 98.001   0.333
 98.501   0.260
 99.001   0.260
 99.501   0.347
100.001   0.423
100.500   0.327
101.006   0.380
101.501   0.360
102.003   0.240
102.501   0.320
103.001   0.240
103.501   0.220
104.001   0.260
104.500   0.380
105.001   0.420
105.501   0.469
106.001   0.280
106.501   0.392
107.001   0.408
107.501   0.260
108.001   0.260
108.500   0.360
109.004   0.260
109.500   0.286
110.001   0.346
110.501   0.347
111.001   0.392
111.501   0.306
112.001   0.340
112.500   0.408
113.001   0.392
113.501   0.347
114.001   0.380
114.501   0.380
115.001   0.392
115.501   0.480
116.001   0.400
116.505   0.540
117.004   0.440
117.501   0.560
118.002   0.600
118.501   0.469
119.001   0.314
119.501   0.429
120.001   0.440
120.500   0.529
121.001   0.449
121.501   0.460
122.001   0.500
122.501   0.360
123.001   0.431
123.501   0.429
124.001   0.480
124.504   0.440
125.001   0.408
125.502   0.380
126.001   0.380
126.501   0.412
127.001   0.429
127.501   0.380
128.001   0.460
128.500   0.367
129.001   0.471
129.501   0.500
130.001   0.520
130.501   0.571
131.001   0.490
131.501   0.580
132.001   0.510
132.503   0.460
133.001   0.340
133.501   0.360
134.001   0.420
134.501   0.412
135.001   0.388
135.501   0.360
136.001   0.360
136.500   0.440
137.001   0.431
137.501   0.420
138.001   0.327
138.501   0.300
139.001   0.360
139.501   0.300
140.003   0.440
140.502   0.380
141.000   0.440
141.501   0.367
142.001   0.400
142.501   0.333
143.001   0.360
143.501   0.347
144.001   0.360
144.500   0.360
145.001   0.320
145.501   0.320
146.001   0.260
146.501   0.275
147.001   0.265
147.501   0.380
148.001   0.320
148.501   0.265
149.001   0.280
149.501   0.275
150.001   0.360
150.501   0.265
151.001   0.300
151.501   0.255
152.001   0.327
152.502   0.280
153.000   0.280
153.501   0.373
154.001   0.420
154.501   0.449
155.002   0.510
155.503   0.420
156.001   0.340
156.501   0.408
157.001   0.300
157.501   0.380
158.001   0.255
158.501   0.286
159.001   0.245
159.501   0.255
160.001   0.306
160.501   0.340
161.001   0.200
161.501   0.314
162.001   0.286
162.501   0.360
163.002   0.360
163.503   0.360
164.002   0.300
164.500   0.255
165.001   0.306
165.501   0.490
166.001   0.429
166.501   0.286
167.001   0.380
167.501   0.353
168.001   0.380
168.501   0.306
169.001   0.294
169.501   0.367
170.001   0.451
170.501   0.320
171.004   0.240
171.502   0.265
172.001   0.314
172.501   0.380
173.001   0.327
173.501   0.280
174.001   0.380
174.501   0.408
175.001   0.423
175.501   0.469
176.001   0.380
176.501   0.300
177.001   0.306
177.501   0.240
178.001   0.340
178.503   0.314
179.004   0.340
179.501   0.260
180.001   0.286
180.501   0.300
181.001   0.360
181.501   0.480
182.001   0.340
182.501   0.353
183.001   0.708
