  8.017  978.000   1.000
 15.006  986.000   3.000
 22.018  978.000   5.000
 29.012  999.000   9.000
 36.016 1002.000  12.000
 43.016  988.000  14.000
 50.035 1007.000  20.000
 57.028 1001.000  17.000
 64.031  995.000  21.000
 71.031  999.000  27.000
 78.033  995.000  27.000
 85.040  996.000  25.000
 92.032  988.000  28.000
 99.036 1006.000  28.000
106.032  999.000  26.000
113.038  992.000  27.000
120.033  998.000  34.000
127.033  999.000  30.000
134.036  998.000  32.000
141.027  995.000  27.000
148.028  999.000  25.000
155.035  996.000  24.000
162.028 1001.000  25.000
169.022 1001.000  26.000
176.028 1005.000  24.000
