1055 0 42
942 0 36
891 0 31
1000 0 35
1738 0 63
1000 0 34
1881 0 64
1000 0 34
2112 0 73
1000 0 34
1951 0 67
1000 0 33
2018 0 68
1000 0 35
2168 0 75
1000 0 36
2306 0 84
1000 0 35
2338 0 83
1000 0 35
2019 0 72
1000 0 35
2033 0 71
1000 0 34
2006 0 68
1000 0 34
2130 0 74
1000 0 33
2072 0 72
1000 0 36
2070 0 73
1000 0 33
1992 0 70
1000 0 35
2052 0 72
1000 0 32
2066 0 74
1000 0 35
1974 0 67
1000 0 34
2047 0 71
1000 0 33
2173 0 77
1000 0 33
2244 0 79
1000 0 36
1934 0 68
1000 0 36
2124 0 71
1000 0 36
2136 0 73
1000 0 35
2175 0 76
1000 0 34
1987 0 69
1000 0 34
2167 0 71
1000 0 34
2036 0 70
1000 0 35
2076 0 74
1000 0 34
2092 0 73
1000 0 37
2207 0 77
1000 0 33
2061 0 71
1000 0 33
2181 0 78
1000 0 35
2102 0 72
1000 0 34
2049 0 76
1000 0 34
2053 0 70
1000 0 34
2015 0 70
1000 0 35
2127 0 77
1000 0 36
2088 0 74
1000 0 33
1960 0 70
1000 0 34
2120 0 76
1000 0 34
1919 0 65
1000 0 33
886 0 30
753 0 24
322 675 24
213 753 19
18 441 14
22 198 10
34 461 15
28 252 11
93 538 17
23 207 9
28 438 15
25 225 11
24 553 16
25 225 11
34 513 16
25 225 10
75 466 17
25 225 10
19 645 18
25 225 10
29 717 18
25 234 9
23 545 17
25 225 10
70 581 17
25 225 10
25 495 17
24 216 10
44 630 19
25 225 10
33 540 18
26 234 11
68 609 20
27 243 11
34 486 18
25 225 10
34 510 18
25 225 10
44 630 20
25 225 11
62 675 21
22 198 9
17 622 19
26 243 10
23 623 20
25 225 10
36 538 19
25 225 10
83 729 20
25 234 11
58 639 19
25 234 10
21 664 18
25 234 10
19 609 17
26 234 10
81 752 23
22 207 9
50 650 21
29 261 12
5 469 16
24 216 9
29 505 17
26 234 10
88 685 22
25 225 11
52 566 21
25 225 11
35 637 19
25 225 10
48 687 22
25 225 11
96 753 25
24 216 10
35 727 22
25 225 11
25 553 18
25 225 11
45 595 21
26 234 11
96 730 24
25 225 10
44 568 19
25 225 10
44 642 20
25 225 11
48 624 20
25 225 10
64 819 23
25 225 11
35 677 20
25 225 10
35 730 20
25 225 10
43 647 19
25 225 10
63 782 22
25 225 10
45 591 20
25 225 9
13 608 19
25 225 10
40 627 20
25 225 10
63 662 20
21 198 10
52 597 20
28 252 10
62 594 21
25 225 9
42 704 21
22 207 10
114 734 23
28 252 10
51 653 21
25 225 10
28 668 21
25 225 10
33 759 22
25 225 10
94 741 24
25 225 9
37 738 21
26 234 11
26 726 21
25 225 10
56 685 22
25 225 11
84 807 23
25 225 11
36 714 22
25 225 11
46 778 22
25 225 10
44 591 21
25 225 9
89 828 23
24 216 11
46 806 22
25 225 10
19 633 20
25 225 10
42 586 21
25 225 9
68 840 24
25 225 10
57 691 21
25 225 10
59 699 23
24 225 10
37 751 21
26 234 11
82 786 24
25 225 10
26 775 22
25 225 10
27 567 21
25 225 10
52 655 21
22 198 9
94 832 24
28 252 10
49 647 22
25 225 11
29 691 21
22 198 10
33 704 21
28 252 11
95 772 24
25 225 10
52 723 22
25 225 11
41 701 21
25 225 10
28 603 21
26 234 11
78 688 24
24 216 10
55 714 24
26 234 10
59 614 23
25 225 12
927 0 32
801 0 25
276 676 23
175 801 18
53 567 15
50 450 13
117 596 18
50 450 12
52 652 18
50 450 14
108 793 20
50 450 12
43 755 18
50 450 13
104 757 20
50 450 13
66 779 22
50 450 14
111 768 23
45 414 12
54 714 18
55 495 14
102 783 22
50 450 13
43 795 20
50 450 13
155 897 24
50 450 13
39 867 20
50 450 13
125 914 26
49 441 12
31 693 20
51 459 13
155 874 25
50 450 15
71 836 24
50 450 12
143 1021 26
50 450 13
52 757 21
50 450 12
149 896 25
50 450 13
84 810 23
49 441 13
112 980 27
48 432 13
67 934 24
53 477 13
123 939 26
50 450 13
46 818 23
50 450 13
119 887 26
49 450 13
105 863 25
51 459 12
163 912 28
50 450 12
54 919 24
50 450 13
141 980 27
46 414 13
70 913 25
54 486 13
133 1035 29
50 450 12
78 899 26
50 450 13
141 1062 28
50 450 12
53 826 25
50 450 13
125 1001 29
50 450 13
99 983 28
50 450 12
116 999 28
50 450 12
70 867 24
50 450 13
152 979 28
46 423 14
58 973 25
54 486 14
142 1000 28
50 450 12
69 885 26
49 441 13
145 962 28
51 459 13
84 778 25
50 450 13
105 945 27
50 450 13
20 657 21
50 450 13
129 823 26
50 450 13
93 795 26
50 450 13
99 891 26
50 450 13
95 818 27
46 414 12
120 982 28
54 486 14
53 733 23
50 450 14
128 873 25
50 450 13
78 691 22
50 450 13
153 870 26
50 450 14
112 789 25
46 423 13
168 965 28
54 486 14
88 849 25
50 450 13
176 1005 29
50 450 13
48 854 25
50 450 14
132 1002 27
50 450 13
108 873 26
44 396 12
144 988 26
56 504 13
64 876 24
50 450 12
146 948 29
50 450 13
101 801 26
50 450 12
174 872 28
50 450 14
82 786 26
50 450 12
124 886 27
50 450 14
886 0 33
790 0 25
353 684 27
251 749 21
174 763 21
100 900 18
160 966 27
100 900 18
155 894 26
100 900 20
182 915 26
97 873 18
138 957 26
103 897 20
199 1044 26
96 873 19
148 1022 26
100 900 20
217 1032 29
104 896 21
210 1096 31
100 900 20
216 1035 32
100 900 20
181 1127 31
96 873 17
173 1112 31
100 899 20
213 1063 32
104 896 18
234 1089 30
100 900 20
217 1123 35
100 900 18
214 1167 32
100 900 20
182 1148 30
100 900 20
226 1176 35
100 900 20
178 1136 31
98 882 18
217 1162 31
102 898 18
210 1131 34
100 900 20
236 1123 35
99 891 19
121 1125 30
100 900 20
210 1028 30
98 900 18
214 1102 32
102 898 19
169 1147 30
98 891 18
202 1018 29
102 898 18
258 1042 34
100 900 20
255 1115 33
98 882 18
239 1190 33
102 898 19
213 1193 32
100 900 19
219 1128 33
100 900 18
237 1055 34
100 900 19
250 1008 34
100 900 17
207 1070 32
100 900 19
251 1035 33
100 900 18
218 1068 34
100 900 18
213 1103 34
100 900 17
235 1143 34
100 900 19
227 1095 33
100 900 19
177 1132 32
100 900 18
237 1110 34
100 900 19
289 1108 34
100 900 19
269 1173 35
100 900 19
235 1022 33
100 900 18
232 1141 34
100 900 19
246 1134 34
100 900 19
193 1187 35
100 900 19
172 1176 32
100 900 18
207 1045 31
96 864 19
204 1007 31
104 896 18
245 1110 32
100 900 19
164 1108 30
100 900 19
225 1069 32
96 864 19
198 1048 30
104 896 18
197 1034 29
100 900 19
153 1013 28
100 900 19
179 1000 28
100 900 18
211 1019 29
100 900 18
868 0 34
818 0 31
469 651 29
300 700 24
299 928 29
200 800 20
346 911 32
199 801 21
337 985 32
201 798 20
397 989 36
199 801 20
410 1012 32
201 799 20
328 1073 35
200 800 21
461 1021 40
200 800 20
431 1051 40
200 800 20
411 1122 40
199 801 19
385 1110 36
201 799 21
423 1122 37
200 800 20
362 1133 35
200 800 20
353 1070 34
200 800 19
521 966 40
200 800 22
426 1099 41
200 800 20
468 1099 42
200 800 22
494 1056 42
200 800 20
428 1109 42
200 800 21
429 1102 39
200 800 21
475 1064 42
200 800 22
405 1096 37
200 800 20
539 1132 46
200 800 22
486 1036 44
197 803 20
423 1170 42
203 797 22
360 1101 38
200 800 19
457 1034 42
200 800 22
393 1143 39
197 801 18
372 1031 38
203 797 20
360 959 32
200 800 22
374 980 35
200 800 19
394 889 31
200 800 19
498 926 39
200 800 22
523 1028 41
200 800 20
381 995 35
200 800 18
485 986 37
200 800 20
425 1052 40
200 800 20
424 1018 38
200 800 20
510 1056 44
200 800 20
445 1096 42
200 800 19
443 1101 42
200 800 22
495 1086 43
200 800 20
496 1090 45
200 800 22
487 1182 44
197 802 18
499 1136 41
203 797 20
495 1189 44
200 800 20
564 1195 50
198 802 18
541 1217 50
202 798 21
503 1218 48
200 800 20
508 1186 49
200 800 21
444 1196 46
200 800 20
595 1220 51
197 803 19
470 1297 48
201 799 19
449 1237 42
199 800 19
547 1181 49
203 797 22
891 0 32
942 0 37
638 632 38
400 600 24
652 796 38
400 600 24
766 837 42
400 600 25
823 867 45
399 600 25
792 893 45
398 602 25
827 895 46
403 597 23
735 931 44
400 600 24
939 838 49
400 600 23
897 984 50
400 600 25
858 912 50
400 600 24
862 873 49
400 600 24
984 897 53
400 600 25
863 911 48
400 600 25
795 919 45
399 600 25
742 841 42
400 600 23
729 830 44
400 600 24
964 720 47
400 600 26
914 823 50
400 600 25
880 901 49
400 600 24
931 902 50
400 600 25
900 920 50
400 600 24
963 963 53
400 600 24
942 966 51
400 600 24
1091 999 57
400 600 24
987 1011 56
400 600 26
1026 959 57
400 600 25
878 1065 52
400 600 23
1037 928 55
400 600 24
879 986 51
400 600 25
893 976 49
400 600 23
845 965 48
400 600 24
845 902 48
400 600 24
846 913 48
400 600 24
739 900 45
400 600 24
978 760 50
400 600 24
1017 902 53
400 600 24
843 897 49
399 601 23
886 851 49
400 600 23
909 862 50
401 599 24
907 888 51
400 600 26
898 943 51
400 600 25
910 857 49
399 601 23
980 823 52
401 599 25
777 921 47
400 600 23
934 808 50
400 600 23
1026 847 53
400 600 23
816 940 49
400 600 24
951 860 50
400 600 24
878 924 49
400 600 26
801 888 47
400 600 25
880 819 49
400 600 26
928 850 50
400 600 24
796 950 47
900 0 36
1000 0 36
958 475 46
600 400 30
1114 544 55
600 400 30
1189 611 59
600 400 29
1221 596 56
600 400 29
1154 648 53
600 400 28
1387 583 59
600 400 29
1328 643 60
600 400 28
1357 636 66
600 400 29
1252 626 57
601 399 30
1098 629 53
600 400 31
1254 555 58
600 400 30
1307 549 60
598 402 27
1297 618 56
602 398 29
1374 601 66
594 406 30
1411 630 64
606 394 28
1529 669 73
600 400 30
1449 699 71
600 400 30
1413 683 71
600 400 30
1490 631 67
600 400 31
1270 662 62
599 401 29
1248 657 59
600 400 30
1249 592 56
600 400 29
1245 602 58
600 400 26
1471 586 67
600 400 30
1242 615 62
600 400 30
1369 586 62
600 400 28
1370 644 64
600 400 28
1297 658 57
600 400 28
1334 540 62
600 400 28
1279 577 54
600 400 25
1426 606 63
600 400 29
1337 590 59
600 400 27
1271 665 58
597 403 27
1263 534 55
603 397 28
1267 558 57
600 400 28
1249 634 56
600 400 27
1397 557 60
600 400 27
1285 654 60
600 400 27
1346 626 60
597 403 27
1206 615 55
600 400 30
1366 585 59
604 396 29
1224 585 55
600 400 27
1220 623 53
594 406 26
1412 538 61
606 394 27
1179 619 53
600 400 28
1372 517 59
600 400 29
1402 675 63
598 402 27
1410 617 62
602 398 28
1456 644 63
600 400 29
1175 673 56
600 400 28
1235 568 53
600 400 28
1181 567 53
896 0 32
1000 0 33
1303 245 51
797 202 32
1548 278 57
804 196 32
1598 279 60
799 201 31
1649 297 61
800 200 30
1700 373 64
800 200 30
1797 271 68
800 200 30
1598 298 60
797 202 28
1456 283 54
803 197 31
1757 238 63
800 200 30
1746 294 63
800 200 29
1812 339 68
796 204 29
1944 325 71
804 196 31
1961 321 73
800 200 32
1848 429 71
800 200 30
1715 295 65
800 200 30
1652 363 62
797 203 30
1547 329 57
803 197 31
1872 273 69
800 200 30
1683 283 63
800 200 29
1766 312 66
799 201 29
1749 319 63
800 200 31
1650 269 61
800 200 29
1884 244 71
801 199 31
1713 313 65
799 201 31
1625 320 62
798 202 28
1731 265 62
803 197 29
1608 309 58
800 200 32
1734 250 63
800 200 29
1785 271 65
800 200 30
1659 263 61
799 201 29
1651 293 65
801 199 31
1721 230 63
800 200 30
1714 320 70
795 205 32
1604 309 59
805 195 30
1854 307 66
800 200 31
1838 301 68
800 200 28
1819 326 67
797 203 30
1491 302 55
803 197 30
1590 265 59
800 200 31
1798 201 64
800 200 29
1804 324 69
800 200 30
1776 285 65
800 200 29
1862 299 68
800 200 29
1789 309 68
800 200 31
1715 259 63
800 200 29
1605 283 59
800 200 30
1822 279 66
800 200 30
1644 294 60
800 200 30
1720 236 62
800 200 31
1686 289 66
800 200 30
1894 256 67
800 200 30
898 0 36
1000 0 35
1610 0 63
1000 0 37
1935 5 70
1000 0 37
1881 0 71
998 2 34
2077 7 83
1000 0 35
2137 1 79
1000 0 33
1814 0 59
1000 0 32
2018 0 67
1000 0 36
2091 0 70
1000 0 33
2178 0 73
1000 0 32
2359 3 77
1000 0 33
2339 0 80
1000 0 33
2091 0 71
996 4 33
2014 0 66
1000 0 32
2031 0 67
1000 0 33
2129 0 72
995 3 33
2151 2 70
1000 0 32
2208 0 75
1000 0 31
2011 0 69
1000 0 33
2090 0 72
1000 0 32
2070 0 68
1000 0 33
1990 1 66
997 3 32
2045 0 68
1000 0 32
2097 0 75
1000 0 32
1997 0 66
998 2 36
2006 0 68
1000 0 31
2036 1 68
1000 0 33
1966 0 65
1000 0 33
2178 1 72
1000 0 33
2224 0 74
999 1 32
2071 6 71
1000 0 33
1993 0 67
1000 0 32
2072 7 72
1000 0 33
2115 1 75
1000 0 33
2307 0 77
1000 0 32
2174 0 73
1000 0 34
2086 0 71
1000 0 33
2055 0 70
1000 0 32
2063 0 76
1000 0 33
2112 0 71
996 3 33
1992 0 65
1000 0 33
2172 0 74
1000 0 32
2075 2 71
1000 0 33
2201 0 75
1000 0 32
2149 0 71
1000 0 33
2101 0 70
1000 0 34
2210 0 75
1000 0 33
2159 0 72
1000 0 32
2071 4 80
1000 0 32
2021 0 65
996 3 34
2100 0 71
1000 0 32
2091 0 75
890 0 32
1000 0 35
1675 0 63
1000 0 38
1940 0 78
1000 0 33
2080 0 85
1000 0 34
2124 0 87
1000 0 36
1815 0 64
1000 0 35
2047 0 73
1000 0 34
2169 0 79
1000 0 34
2309 0 80
1000 0 35
2268 0 81
1000 0 35
2095 0 75
1000 0 33
1980 0 65
1000 0 35
2198 0 77
1000 0 33
2035 0 70
1000 0 33
2130 0 75
1000 0 34
2021 0 71
1000 0 34
2130 0 73
1000 0 34
1933 0 64
1000 0 35
1949 0 68
1000 0 35
2095 0 72
1000 0 34
2001 0 70
1000 0 34
1984 0 70
1000 0 35
2084 0 76
1000 0 33
2019 0 70
1000 0 36
2179 0 78
1000 0 33
2070 0 74
999 0 34
1905 0 70
1000 0 36
2168 0 75
1000 0 34
2136 0 76
1000 0 35
2260 0 76
998 0 35
2078 0 73
1000 0 34
2123 0 72
1000 0 33
1988 0 68
1000 0 34
2078 0 74
1000 0 35
2192 0 78
1000 0 33
2092 0 73
1000 0 33
2217 0 77
1000 0 34
2094 0 75
1000 0 34
2238 0 82
1000 0 33
2130 0 75
1000 0 35
2061 0 72
1000 0 34
2130 0 74
1000 0 34
2052 0 73
998 0 31
2067 0 72
1000 0 34
2000 0 68
1000 0 35
2219 0 77
999 0 35
1975 0 68
1000 0 34
2141 0 77
1000 0 35
2083 0 72
1000 0 35
1918 0 73
1000 0 35
998 0 36
1000 0 32
1737 0 59
998 0 33
1844 0 61
1000 0 32
2117 0 80
1000 0 33
1935 0 64
1000 0 35
1995 0 79
1000 0 38
2152 0 84
1000 0 36
2376 0 95
1000 0 37
2268 0 89
1000 0 37
2044 0 73
1000 0 37
2035 0 81
1000 0 33
2005 0 77
998 0 36
2197 0 88
1000 0 36
2114 0 85
1000 0 38
2084 0 84
1000 0 32
1995 0 80
1000 0 38
2008 0 80
1000 0 36
2054 0 79
1000 0 32
2000 0 77
998 0 33
2054 0 78
1000 0 39
2217 0 75
1000 0 32
2242 0 86
1000 0 33
2004 0 67
1000 0 32
2114 0 77
1000 0 34
2128 0 72
1000 0 35
2195 0 76
1000 0 34
1947 0 67
1000 0 32
2101 0 73
1000 0 32
2026 0 71
1000 0 34
2056 0 72
1000 0 32
2136 0 74
1000 0 37
2205 0 76
1000 0 32
2041 0 70
1000 0 32
2168 0 75
1000 0 32
2102 0 70
1000 0 32
2022 0 68
1000 0 34
2063 0 74
1000 0 33
2011 0 67
1000 0 32
2092 0 70
1000 0 34
2061 0 72
1000 0 33
2045 0 69
1000 0 32
2082 0 72
1000 0 35
1913 0 63
1000 0 29
