  4.185 4185.000   0.000
  4.270   85.000   0.000
  4.355   84.000   0.000
  4.404   48.000   0.000
  4.406    2.000   0.000
  4.408    2.000   0.000
  4.411    2.000   0.000
  4.415    3.000   0.000
  4.418    2.000   0.000
  4.420    2.000   0.000
  4.424    2.000   0.000
  4.426    2.000   0.000
  4.430    3.000   0.000
  4.432    2.000   0.000
  4.436    3.000   0.000
  4.440    3.000   0.000
  4.443    3.000   0.000
  4.454   11.000   0.000
  4.460    5.000   0.000
  4.464    3.000   0.000
  4.468    3.000   0.000
  4.472    4.000   0.000
  4.476    3.000   0.000
  4.480    4.000   0.000
  4.485    4.000   0.000
  4.489    4.000   0.000
  4.493    3.000   0.000
  4.497    4.000   0.000
  4.501    3.000   0.000
  4.506    5.000   0.000
  4.510    3.000   0.000
  4.514    4.000   0.000
  4.519    4.000   0.000
  4.523    4.000   0.000
  4.528    4.000   0.000
  4.532    4.000   0.000
  4.536    3.000   0.000
  4.541    5.000   0.000
  4.545    3.000   0.000
  4.549    3.000   0.000
  4.553    4.000   0.000
  4.557    3.000   0.000
  4.561    3.000   0.000
  4.565    4.000   0.000
  4.569    3.000   0.000
  4.573    3.000   0.000
  4.577    4.000   0.000
  4.581    3.000   0.000
  4.585    4.000   0.000
  4.590    5.000   0.000
  4.595    4.000   0.000
  4.599    3.000   0.000
  4.603    4.000   0.000
  4.607    3.000   0.000
  4.616    9.000   0.000
  4.626    9.000   0.000
  4.646   20.000   0.000
  4.656   10.000   0.000
  4.666    9.000   0.000
  4.676    9.000   0.000
  4.686   10.000   0.000
  4.696   10.000   0.000
  4.716   19.000   0.000
  4.725    9.000   0.000
  4.736   10.000   0.000
  4.746   10.000   0.000
  4.755    8.000   0.000
  4.776   20.000   0.000
  4.785    9.000   0.000
  4.796   10.000   0.000
  4.805    9.000   0.000
  4.816   10.000   0.000
  4.836   20.000   0.000
  4.844    7.000   0.000
  4.854   10.000   0.000
  4.863    9.000   0.000
  4.904   40.000   0.000
  4.964   59.000   0.000
  5.024   59.000   0.000
  5.094   70.000   0.000
  5.153   59.000   0.000
  5.214   60.000   0.000
  5.273   59.000   0.000
  5.334   60.000   0.000
  5.403   69.000   0.000
  5.464   60.000   0.000
  5.523   59.000   0.000
  5.583   59.000   0.000
  5.643   60.000   0.000
  5.714   69.000   0.000
  5.773   59.000   0.000
  5.834   60.000   0.000
  5.893   59.000   0.000
  5.953   60.000   0.000
  6.024   70.000   0.000
  6.083   59.000   0.000
  6.143   60.000   0.000
  6.203   59.000   0.000
  6.263   59.000   0.000
  6.333   70.000   0.000
  6.394   59.000   1.000
  6.453   59.000   0.000
  6.513   59.000   0.000
  6.573   59.000   0.000
  6.643   70.000   0.000
  6.703   59.000   0.000
  6.763   59.000   0.000
  6.823   59.000   0.000
  6.883   60.000   0.000
  6.953   70.000   0.000
  7.013   59.000   0.000
  7.073   59.000   0.000
  7.133   60.000   0.000
  7.193   60.000   0.000
  7.263   69.000   0.000
  7.323   59.000   0.000
  7.384   60.000   1.000
  7.443   60.000   0.000
  7.503   60.000   0.000
  7.573   69.000   0.000
  7.633   60.000   0.000
  7.693   60.000   0.000
  7.753   59.000   0.000
  7.823   69.000   0.000
  7.883   60.000   0.000
  7.953   69.000   0.000
  8.014   60.000   1.000
  8.073   60.000   0.000
  8.134   60.000   0.000
  8.204   69.000   0.000
  8.264   60.000   0.000
  8.324   59.000   0.000
  8.384   60.000   0.000
  8.434   49.000   0.000
  8.514   80.000   0.000
  8.574   59.000   0.000
  8.635   60.000   1.000
  8.684   49.000   0.000
  8.744   60.000   0.000
  8.824   80.000   0.000
  8.884   59.000   0.000
  8.934   49.000   0.000
  8.994   60.000   0.000
  9.054   59.000   0.000
  9.134   80.000   0.000
  9.184   49.000   0.000
  9.245   61.000   0.000
  9.304   58.000   0.000
  9.364   60.000   0.000
  9.434   69.000   0.000
  9.494   60.000   0.000
  9.554   59.000   0.000
  9.614   60.000   0.000
  9.684   70.000   0.000
  9.744   59.000   0.000
  9.804   59.000   0.000
  9.865   60.000   1.000
  9.934   69.000   0.000
  9.994   60.000   0.000
 10.054   59.000   0.000
 10.114   60.000   0.000
 10.184   70.000   0.000
 10.245   61.000   0.000
 10.304   58.000   0.000
 10.364   60.000   0.000
 10.434   69.000   0.000
 10.494   60.000   0.000
 10.554   59.000   0.000
 10.614   60.000   0.000
 10.684   69.000   0.000
 10.744   60.000   0.000
 10.804   59.000   0.000
 10.864   60.000   0.000
 10.914   49.000   0.000
 10.994   80.000   0.000
 11.054   59.000   0.000
 11.114   59.000   0.000
 11.164   50.000   0.000
 11.224   59.000   0.000
 11.304   80.000   0.000
 11.364   59.000   0.000
 11.415   49.000   1.000
 11.474   60.000   0.000
 11.534   60.000   0.000
 11.614   80.000   0.000
 11.663   49.000   0.000
 11.723   59.000   0.000
 11.783   60.000   0.000
 11.864   79.000   0.000
 11.913   50.000   0.000
 11.973   59.000   0.000
 12.033   60.000   0.000
 12.094   60.000   0.000
 12.156   60.000   1.000
 12.224   69.000   0.000
 12.284   60.000   0.000
 12.344   60.000   0.000
 12.404   59.000   0.000
 12.474   70.000   0.000
 12.534   59.000   0.000
 12.594   59.000   0.000
 12.654   60.000   0.000
 12.725   70.000   0.000
 12.774   49.000   0.000
 12.844   69.000   0.000
 12.904   60.000   0.000
 12.974   69.000   0.000
 13.024   50.000   0.000
 13.094   69.000   0.000
 13.154   59.000   0.000
 13.224   69.000   0.000
 13.274   50.000   0.000
 13.344   70.000   0.000
 13.394   49.000   0.000
 13.474   79.000   0.000
 13.524   50.000   0.000
 13.594   69.000   0.000
 13.644   50.000   0.000
 13.704   59.000   0.000
 13.774   70.000   0.000
 13.844   70.000   0.000
 13.894   50.000   0.000
 13.954   59.000   0.000
 14.014   60.000   0.000
 14.094   79.000   0.000
 14.144   50.000   0.000
 14.204   59.000   0.000
 14.264   60.000   0.000
 14.324   60.000   0.000
 14.394   69.000   0.000
 14.454   59.000   0.000
 14.514   60.000   0.000
 14.574   59.000   0.000
 14.634   60.000   0.000
 14.704   70.000   0.000
 14.764   59.000   0.000
 14.824   59.000   0.000
 14.884   60.000   0.000
 14.944   59.000   0.000
 15.014   69.000   0.000
 15.074   60.000   0.000
 15.134   59.000   0.000
 15.194   60.000   0.000
 15.264   69.000   0.000
 15.324   60.000   0.000
 15.384   59.000   0.000
 15.444   60.000   0.000
 15.514   69.000   0.000
 15.564   49.000   0.000
 15.634   70.000   0.000
 15.694   59.000   0.000
 15.765   69.000   1.000
 15.814   50.000   0.000
 15.884   69.000   0.000
 15.944   60.000   0.000
 16.014   69.000   0.000
 16.065   51.000   0.000
 16.133   68.000   0.000
 16.184   50.000   0.000
 16.265   80.000   0.000
 16.315   50.000   0.000
 16.384   69.000   0.000
 16.434   49.000   0.000
 16.495   60.000   0.000
 16.565   69.000   0.000
 16.634   69.000   0.000
 16.684   50.000   0.000
 16.744   59.000   0.000
 16.804   60.000   0.000
 16.885   80.000   0.000
 16.934   49.000   0.000
 16.994   59.000   0.000
 17.054   59.000   0.000
 17.115   60.000   0.000
 17.184   69.000   0.000
 17.244   60.000   0.000
 17.304   59.000   0.000
 17.364   59.000   0.000
 17.434   70.000   0.000
 17.494   60.000   0.000
 17.554   60.000   0.000
 17.615   60.000   0.000
 17.685   69.000   1.000
 17.734   50.000   0.000
 17.804   70.000   0.000
 17.865   60.000   0.000
 17.934   69.000   0.000
 17.984   50.000   0.000
 18.054   69.000   0.000
 18.114   60.000   0.000
 18.184   69.000   0.000
 18.234   50.000   0.000
 18.304   70.000   0.000
 18.354   49.000   0.000
 18.434   79.000   0.000
 18.484   49.000   0.000
 18.554   69.000   0.000
 18.604   50.000   0.000
 18.664   59.000   0.000
 18.734   70.000   0.000
 18.804   69.000   0.000
 18.854   49.000   0.000
 18.914   60.000   0.000
 18.974   59.000   0.000
 19.054   80.000   0.000
 19.104   49.000   0.000
 19.164   59.000   0.000
 19.224   60.000   0.000
 19.284   59.000   0.000
 19.354   70.000   0.000
 19.414   59.000   0.000
 19.474   60.000   0.000
 19.534   59.000   0.000
 19.594   60.000   0.000
 19.664   69.000   0.000
 19.724   59.000   0.000
 19.784   60.000   0.000
 19.844   59.000   0.000
 19.904   60.000   0.000
 19.974   69.000   0.000
 20.033   59.000   0.000
 20.095   61.000   0.000
 20.155   59.000   0.000
 20.215   60.000   0.000
 20.284   69.000   0.000
 20.345   60.000   0.000
 20.405   59.000   0.000
 20.465   60.000   0.000
 20.524   59.000   0.000
 20.595   70.000   0.000
 20.655   59.000   0.000
 20.714   59.000   0.000
 20.774   59.000   0.000
 20.845   70.000   0.000
 20.905   59.000   0.000
 20.964   59.000   0.000
 21.024   59.000   0.000
 21.094   70.000   0.000
 21.144   49.000   0.000
 21.214   69.000   0.000
 21.274   59.000   0.000
 21.345   70.000   0.000
 21.394   49.000   0.000
 21.454   59.000   0.000
 21.524   70.000   0.000
 21.594   70.000   0.000
 21.644   49.000   0.000
 21.705   59.000   1.000
 21.764   60.000   0.000
 21.845   80.000   0.000
 21.894   49.000   0.000
 21.954   59.000   0.000
 22.014   60.000   0.000
 22.074   59.000   0.000
 22.144   70.000   0.000
 22.204   59.000   0.000
 22.266   61.000   0.000
 22.324   58.000   0.000
 22.384   60.000   0.000
 22.454   69.000   0.000
 22.514   60.000   0.000
 22.574   59.000   0.000
 22.634   59.000   0.000
 22.694   59.000   0.000
 22.764   70.000   0.000
 22.824   60.000   0.000
 22.884   59.000   0.000
 22.944   59.000   0.000
 23.014   70.000   0.000
 23.074   59.000   0.000
 23.135   59.000   1.000
 23.194   59.000   0.000
 23.264   70.000   0.000
 23.314   49.000   0.000
 23.384   70.000   0.000
 23.444   60.000   0.000
 23.514   69.000   0.000
 23.564   50.000   0.000
 23.624   59.000   0.000
 23.694   69.000   0.000
 23.764   70.000   0.000
 23.814   49.000   0.000
 23.874   60.000   0.000
 23.944   69.000   0.000
 24.014   70.000   0.000
 24.065   50.000   0.000
 24.124   58.000   0.000
 24.184   60.000   0.000
 24.245   60.000   0.000
 24.315   70.000   0.000
 24.374   59.000   0.000
 24.434   59.000   0.000
 24.495   60.000   0.000
 24.554   59.000   0.000
 24.625   70.000   0.000
 24.684   59.000   0.000
 24.745   60.000   0.000
 24.804   59.000   0.000
 24.864   59.000   0.000
 24.935   70.000   0.000
 24.994   59.000   0.000
 25.054   59.000   0.000
 25.114   60.000   0.000
 25.184   70.000   0.000
 25.244   60.000   0.000
 25.304   59.000   0.000
 25.365   59.000   1.000
 25.434   70.000   0.000
 25.484   50.000   0.000
 25.554   69.000   0.000
 25.614   59.000   0.000
 25.684   70.000   0.000
 25.734   50.000   0.000
 25.794   59.000   0.000
 25.864   70.000   0.000
 25.934   69.000   0.000
 25.984   50.000   0.000
 26.044   59.000   0.000
 26.104   59.000   0.000
 26.184   80.000   0.000
 26.234   49.000   0.000
 26.294   60.000   0.000
 26.354   59.000   0.000
 26.414   59.000   0.000
 26.484   70.000   0.000
 26.544   59.000   0.000
 26.605   59.000   1.000
 26.664   60.000   0.000
 26.724   59.000   0.000
 26.794   70.000   0.000
 26.854   59.000   0.000
 26.914   60.000   0.000
 26.974   59.000   0.000
 27.034   59.000   0.000
 27.104   70.000   0.000
 27.164   59.000   0.000
 27.224   60.000   0.000
 27.283   59.000   0.000
 27.344   60.000   0.000
 27.414   69.000   0.000
 27.475   59.000   1.000
 27.533   59.000   0.000
 27.594   60.000   0.000
 27.664   69.000   0.000
 27.724   60.000   0.000
 27.783   59.000   0.000
 27.844   60.000   0.000
 27.904   60.000   0.000
 27.974   69.000   0.000
 28.034   60.000   0.000
 28.095   60.000   0.000
 28.155   59.000   0.000
 28.215   60.000   0.000
 28.274   59.000   0.000
 28.345   70.000   0.000
 28.405   59.000   0.000
 28.465   60.000   0.000
 28.524   59.000   0.000
 28.595   70.000   0.000
 28.655   59.000   0.000
 28.714   59.000   0.000
 28.774   59.000   0.000
 28.845   70.000   0.000
 28.894   49.000   0.000
 28.964   70.000   0.000
 29.024   59.000   0.000
 29.095   70.000   0.000
 29.144   49.000   0.000
 29.204   59.000   0.000
 29.275   70.000   0.000
 29.344   69.000   0.000
 29.394   49.000   0.000
 29.454   59.000   0.000
 29.514   60.000   0.000
 29.595   79.000   0.000
 29.644   50.000   0.000
 29.704   59.000   0.000
 29.764   59.000   0.000
 29.824   60.000   0.000
 29.894   69.000   0.000
 29.954   59.000   0.000
 30.014   60.000   0.000
 30.074   59.000   0.000
 30.134   59.000   0.000
 30.204   69.000   0.000
 30.264   60.000   0.000
 30.324   59.000   0.000
 30.384   59.000   0.000
 30.444   60.000   0.000
 30.514   70.000   0.000
 30.574   59.000   0.000
 30.634   60.000   0.000
 30.694   59.000   0.000
 30.764   70.000   0.000
 30.824   59.000   0.000
 30.885   59.000   1.000
 30.944   59.000   0.000
 31.014   70.000   0.000
 31.064   50.000   0.000
 31.134   69.000   0.000
 31.194   60.000   0.000
 31.264   69.000   0.000
 31.314   50.000   0.000
 31.374   59.000   0.000
 31.444   70.000   0.000
 31.514   70.000   0.000
 31.564   49.000   0.000
 31.624   60.000   0.000
 31.694   69.000   0.000
 31.764   70.000   0.000
 31.814   49.000   0.000
 31.874   59.000   0.000
 31.934   60.000   0.000
 32.014   80.000   0.000
 32.065   51.000   0.000
 32.123   58.000   0.000
 32.186   60.000   1.000
 32.245   60.000   0.000
 32.304   59.000   0.000
 32.375   70.000   0.000
 32.434   59.000   0.000
 32.495   60.000   0.000
 32.554   59.000   0.000
 32.615   60.000   0.000
 32.685   69.000   0.000
 32.744   59.000   0.000
 32.806   61.000   0.000
 32.864   58.000   0.000
 32.935   70.000   0.000
 32.994   59.000   0.000
 33.054   59.000   0.000
 33.114   60.000   0.000
 33.184   70.000   0.000
 33.234   50.000   0.000
 33.304   69.000   0.000
 33.364   59.000   0.000
 33.434   70.000   0.000
 33.484   49.000   0.000
 33.544   60.000   0.000
 33.614   69.000   0.000
 33.684   70.000   0.000
 33.734   49.000   0.000
 33.794   60.000   0.000
 33.854   59.000   0.000
 33.934   80.000   0.000
 33.984   50.000   0.000
 34.044   59.000   0.000
 34.104   59.000   0.000
 34.164   60.000   0.000
 34.234   69.000   0.000
 34.294   60.000   0.000
 34.354   59.000   0.000
 34.414   59.000   0.000
 34.474   60.000   0.000
 34.544   69.000   0.000
 34.605   59.000   1.000
 34.664   60.000   0.000
 34.724   59.000   0.000
 34.784   59.000   0.000
 34.854   70.000   0.000
 34.914   60.000   0.000
 34.974   59.000   0.000
 35.034   59.000   0.000
 35.094   60.000   0.000
 35.164   69.000   0.000
 35.224   59.000   0.000
 35.283   59.000   0.000
 35.344   60.000   0.000
 35.414   69.000   0.000
 35.474   59.000   0.000
 35.534   60.000   0.000
 35.594   60.000   0.000
 35.654   60.000   0.000
 35.724   69.000   0.000
 35.783   59.000   0.000
 35.844   60.000   0.000
 35.904   59.000   0.000
 35.964   60.000   0.000
 36.035   70.000   0.000
 36.105   69.000   0.000
 36.165   59.000   0.000
 36.215   50.000   0.000
 36.285   70.000   0.000
 36.334   49.000   0.000
 36.415   80.000   0.000
 36.464   49.000   0.000
 36.535   70.000   0.000
 36.584   49.000   0.000
 36.644   60.000   0.000
 36.715   70.000   0.000
 36.784   69.000   0.000
 36.834   50.000   0.000
 36.894   60.000   0.000
 36.965   69.000   0.000
 37.034   69.000   0.000
 37.084   49.000   0.000
 37.144   60.000   0.000
 37.214   69.000   0.000
 37.264   49.000   0.000
 37.334   70.000   0.000
 37.394   59.000   0.000
 37.465   70.000   0.000
 37.514   49.000   0.000
 37.574   60.000   0.000
 37.644   69.000   0.000
 37.714   70.000   0.000
 37.764   49.000   0.000
 37.824   60.000   0.000
 37.895   70.000   0.000
 37.964   69.000   0.000
 38.014   50.000   0.000
 38.076   60.000   2.000
 38.144   69.000   0.000
 38.194   49.000   0.000
 38.264   70.000   0.000
 38.324   59.000   0.000
 38.394   70.000   0.000
 38.444   50.000   0.000
 38.504   59.000   0.000
 38.574   69.000   0.000
 38.644   70.000   0.000
 38.694   49.000   0.000
 38.754   59.000   0.000
 38.824   70.000   0.000
 38.894   70.000   0.000
 38.944   49.000   0.000
 39.004   60.000   0.000
 39.074   70.000   0.000
 39.124   49.000   0.000
 39.194   70.000   0.000
 39.254   59.000   0.000
 39.324   70.000   0.000
 39.374   49.000   0.000
 39.444   70.000   0.000
 39.504   59.000   0.000
 39.574   70.000   0.000
 39.624   49.000   0.000
 39.694   70.000   0.000
 39.753   59.000   0.000
 39.824   70.000   0.000
 39.873   49.000   0.000
 39.944   70.000   0.000
 40.004   59.000   0.000
 40.055   51.000   0.000
 40.125   69.000   0.000
 40.195   70.000   0.000
 40.254   59.000   0.000
 40.305   50.000   0.000
 40.375   70.000   0.000
 40.445   70.000   0.000
 40.503   58.000   0.000
 40.555   51.000   0.000
 40.625   69.000   0.000
 40.674   50.000   0.000
 40.755   79.000   0.000
 40.804   50.000   0.000
 40.875   70.000   0.000
 40.924   49.000   0.000
 40.984   60.000   0.000
 41.054   69.000   0.000
 41.125   70.000   0.000
 41.174   49.000   0.000
 41.234   60.000   0.000
 41.305   70.000   0.000
 41.374   69.000   0.000
 41.424   49.000   0.000
 41.484   59.000   0.000
 41.554   70.000   0.000
 41.604   49.000   0.000
 41.674   69.000   0.000
 41.734   60.000   0.000
 41.804   70.000   0.000
 41.854   49.000   0.000
 41.914   60.000   0.000
 41.984   69.000   0.000
 42.054   70.000   0.000
 42.104   49.000   0.000
 42.164   60.000   0.000
 42.234   70.000   0.000
 42.304   69.000   0.000
 42.354   50.000   0.000
 42.414   59.000   0.000
 42.484   70.000   0.000
 42.534   49.000   0.000
 42.604   70.000   0.000
 42.664   59.000   0.000
 42.734   70.000   0.000
 42.784   49.000   0.000
 42.854   69.000   0.000
 42.914   60.000   0.000
 42.984   69.000   0.000
 43.034   50.000   0.000
 43.104   69.000   0.000
 43.164   60.000   0.000
 43.234   70.000   0.000
 43.284   49.000   0.000
 43.354   70.000   0.000
 43.414   59.000   0.000
 43.464   49.000   0.000
 43.534   69.000   0.000
 43.604   70.000   0.000
 43.664   60.000   0.000
 43.713   49.000   0.000
 43.784   70.000   0.000
 43.854   69.000   0.000
 43.914   60.000   0.000
 43.964   49.000   0.000
 44.034   70.000   0.000
 44.085   50.000   0.000
 44.165   80.000   0.000
 44.215   49.000   0.000
 44.285   70.000   0.000
 44.335   49.000   0.000
 44.395   59.000   0.000
 44.465   69.000   0.000
 44.535   70.000   0.000
 44.584   49.000   0.000
 44.645   60.000   0.000
 44.715   70.000   0.000
 44.785   69.000   0.000
 44.834   49.000   0.000
 44.895   60.000   0.000
 44.965   69.000   0.000
 45.014   49.000   0.000
 45.085   70.000   0.000
 45.144   59.000   0.000
 45.214   70.000   0.000
 45.264   49.000   0.000
 45.324   60.000   0.000
 45.395   70.000   0.000
 45.464   69.000   0.000
 45.514   49.000   0.000
 45.574   60.000   0.000
 45.645   70.000   0.000
 45.714   69.000   0.000
 45.764   49.000   0.000
 45.824   60.000   0.000
 45.894   70.000   0.000
 45.944   49.000   0.000
 46.014   70.000   0.000
 46.075   60.000   0.000
 46.144   69.000   0.000
 46.194   50.000   0.000
 46.254   59.000   0.000
 46.324   70.000   0.000
 46.394   69.000   0.000
 46.444   50.000   0.000
 46.504   59.000   0.000
 46.574   69.000   0.000
 46.644   70.000   0.000
 46.694   49.000   0.000
 46.754   59.000   0.000
 46.824   70.000   0.000
 46.874   49.000   0.000
 46.944   70.000   0.000
 47.004   60.000   0.000
 47.074   70.000   0.000
 47.124   49.000   0.000
 47.194   70.000   0.000
 47.254   59.000   0.000
 47.324   70.000   0.000
 47.374   49.000   0.000
 47.444   70.000   0.000
 47.504   59.000   0.000
 47.574   70.000   0.000
 47.624   49.000   0.000
 47.694   70.000   0.000
 47.753   59.000   0.000
 47.804   50.000   0.000
 47.874   70.000   0.000
 47.944   69.000   0.000
 48.004   59.000   0.000
 48.055   50.000   0.000
 48.125   69.000   0.000
 48.195   70.000   0.000
 48.254   59.000   0.000
 48.305   50.000   0.000
 48.375   70.000   0.000
 48.424   49.000   0.000
 48.504   79.000   0.000
 48.555   50.000   0.000
 48.625   69.000   0.000
 48.674   49.000   0.000
 48.734   59.000   0.000
 48.805   70.000   0.000
 48.875   69.000   0.000
 48.924   50.000   0.000
 48.984   59.000   0.000
 49.054   70.000   0.000
 49.125   70.000   0.000
 49.174   49.000   0.000
 49.234   60.000   0.000
 49.304   69.000   0.000
 49.374   69.000   0.000
 49.424   49.000   0.000
 49.484   59.000   0.000
 49.555   70.000   0.000
 49.604   49.000   0.000
 49.664   60.000   0.000
 49.734   69.000   0.000
 49.804   70.000   0.000
 49.854   49.000   0.000
 49.914   60.000   0.000
 49.984   69.000   0.000
 50.054   69.000   0.000
 50.104   49.000   0.000
 50.164   59.000   0.000
 50.234   69.000   0.000
 50.284   49.000   0.000
 50.353   69.000   0.000
 50.414   60.000   0.000
 50.484   69.000   0.000
 50.534   49.000   0.000
 50.604   69.000   0.000
 50.664   59.000   0.000
 50.734   70.000   0.000
 50.784   49.000   0.000
 50.854   70.000   0.000
 50.914   60.000   0.000
 50.984   69.000   0.000
 51.034   49.000   0.000
 51.104   70.000   0.000
 51.164   59.000   0.000
 51.214   49.000   0.000
 51.284   70.000   0.000
 51.354   70.000   0.000
 51.414   59.000   0.000
 51.464   49.000   0.000
 51.534   70.000   0.000
 51.604   69.000   0.000
 51.664   60.000   0.000
 51.713   49.000   0.000
 51.784   70.000   0.000
 51.834   50.000   0.000
 51.914   80.000   0.000
 51.964   49.000   0.000
 52.035   71.000   0.000
 52.085   49.000   0.000
 52.145   60.000   0.000
 52.215   69.000   0.000
 52.285   70.000   0.000
 52.334   49.000   0.000
 52.395   60.000   0.000
 52.465   69.000   0.000
 52.535   70.000   0.000
 52.584   49.000   0.000
 52.645   60.000   0.000
 52.715   70.000   0.000
 52.764   49.000   0.000
 52.835   70.000   0.000
 52.895   60.000   0.000
 52.964   69.000   0.000
 53.014   50.000   0.000
 53.075   59.000   0.000
 53.145   69.000   0.000
 53.214   69.000   0.000
 53.264   50.000   0.000
 53.324   59.000   0.000
 53.394   70.000   0.000
 53.464   70.000   0.000
 53.514   49.000   0.000
 53.574   60.000   0.000
 53.644   70.000   0.000
 53.694   49.000   0.000
 53.765   70.000   0.000
 53.824   59.000   0.000
 53.895   70.000   0.000
 53.944   49.000   0.000
 54.014   70.000   0.000
 54.074   60.000   0.000
 54.144   69.000   0.000
 54.194   49.000   0.000
 54.254   60.000   0.000
 54.324   70.000   0.000
 54.394   70.000   0.000
 54.444   49.000   0.000
 54.504   60.000   0.000
 54.574   69.000   0.000
 54.624   49.000   0.000
 54.694   70.000   0.000
 54.754   59.000   0.000
 54.824   70.000   0.000
 54.874   49.000   0.000
 54.944   69.000   0.000
 55.004   60.000   0.000
 55.074   70.000   0.000
 55.124   49.000   0.000
 55.194   70.000   0.000
 55.254   59.000   0.000
 55.324   70.000   0.000
 55.374   49.000   0.000
 55.444   70.000   0.000
 55.504   59.000   0.000
 55.554   49.000   0.000
 55.624   69.000   0.000
 55.694   70.000   0.000
 55.754   59.000   0.000
 55.804   49.000   0.000
 55.874   70.000   0.000
 55.944   69.000   0.000
 56.004   60.000   0.000
 56.055   50.000   0.000
 56.125   70.000   0.000
 56.174   49.000   0.000
 56.255   80.000   0.000
 56.305   50.000   0.000
 56.375   69.000   0.000
 56.424   49.000   0.000
 56.485   60.000   0.000
 56.555   69.000   0.000
 56.625   70.000   0.000
 56.674   49.000   0.000
 56.734   60.000   0.000
 56.805   70.000   0.000
 56.874   69.000   0.000
 56.924   50.000   0.000
 56.984   59.000   0.000
 57.055   70.000   0.000
 57.104   49.000   0.000
 57.174   70.000   0.000
 57.234   59.000   0.000
 57.304   70.000   0.000
 57.353   48.000   0.000
 57.414   60.000   0.000
 57.485   70.000   0.000
 57.554   69.000   0.000
 57.604   49.000   0.000
 57.664   60.000   0.000
 57.735   70.000   0.000
 57.804   69.000   0.000
 57.854   49.000   0.000
 57.914   60.000   0.000
 57.984   69.000   0.000
 58.034   49.000   0.000
 58.104   69.000   0.000
 58.164   59.000   0.000
 58.234   70.000   0.000
 58.284   49.000   0.000
 58.354   69.000   0.000
 58.414   60.000   0.000
 58.484   70.000   0.000
 58.534   49.000   0.000
 58.604   70.000   0.000
 58.664   59.000   0.000
 58.734   70.000   0.000
 58.784   49.000   0.000
 58.854   70.000   0.000
 58.914   60.000   0.000
 58.964   49.000   0.000
 59.034   70.000   0.000
 59.104   69.000   0.000
 59.164   60.000   0.000
 59.214   49.000   0.000
 59.284   70.000   0.000
 59.354   69.000   0.000
 59.414   59.000   0.000
 59.464   49.000   0.000
 59.534   70.000   0.000
 59.604   69.000   0.000
 59.664   59.000   0.000
 59.714   50.000   0.000
 59.784   69.000   0.000
 59.834   50.000   0.000
 59.894   60.000   0.000
 59.964   69.000   0.000
 60.034   70.000   0.000
 60.084   50.000   0.000
 60.145   60.000   0.000
 60.215   69.000   0.000
 60.285   69.000   0.000
 60.335   50.000   0.000
 60.395   60.000   0.000
 60.465   70.000   0.000
 60.535   69.000   0.000
 60.584   49.000   0.000
 60.645   60.000   0.000
 60.715   69.000   0.000
 60.764   49.000   0.000
 60.824   59.000   0.000
 60.895   70.000   0.000
 60.964   69.000   0.000
 61.015   50.000   0.000
 61.075   59.000   0.000
 61.144   69.000   0.000
 61.214   69.000   0.000
 61.264   49.000   0.000
 61.324   60.000   0.000
 61.394   69.000   0.000
 61.444   49.000   0.000
 61.514   70.000   0.000
 61.574   59.000   0.000
 61.645   70.000   0.000
 61.694   49.000   0.000
 61.754   60.000   0.000
 61.824   70.000   0.000
 61.895   70.000   0.000
 61.944   49.000   0.000
 62.005   60.000   0.000
 62.075   69.000   0.000
 62.144   69.000   0.000
 62.194   49.000   0.000
 62.254   60.000   0.000
 62.324   70.000   0.000
 62.374   49.000   0.000
 62.444   70.000   0.000
 62.504   59.000   0.000
 62.575   70.000   0.000
 62.624   49.000   0.000
 62.694   70.000   0.000
 62.754   59.000   0.000
 62.824   70.000   0.000
 62.874   49.000   0.000
 62.944   70.000   0.000
 63.004   60.000   0.000
 63.074   70.000   0.000
 63.124   49.000   0.000
 63.194   70.000   0.000
 63.254   59.000   0.000
 63.304   50.000   0.000
 63.374   69.000   0.000
 63.444   70.000   0.000
 63.504   60.000   0.000
 63.554   49.000   0.000
 63.624   70.000   0.000
 63.694   69.000   0.000
 63.754   59.000   0.000
 63.804   50.000   0.000
 63.874   69.000   0.000
 63.944   70.000   0.000
 64.004   60.000   0.000
 64.055   50.000   0.000
 64.125   70.000   0.000
 64.174   49.000   0.000
 64.235   60.000   0.000
 64.305   69.000   0.000
 64.375   69.000   0.000
 64.424   49.000   0.000
 64.485   60.000   0.000
 64.555   70.000   0.000
 64.625   69.000   0.000
 64.674   49.000   0.000
 64.734   60.000   0.000
 64.805   69.000   0.000
 64.854   50.000   0.000
 64.924   69.000   0.000
 64.985   60.000   0.000
 65.054   69.000   0.000
 65.104   49.000   0.000
 65.164   60.000   0.000
 65.234   70.000   0.000
 65.305   70.000   0.000
 65.353   48.000   0.000
 65.414   61.000   0.000
 65.484   69.000   0.000
 65.554   69.000   0.000
 65.604   50.000   0.000
 65.664   59.000   0.000
 65.734   70.000   0.000
 65.784   49.000   0.000
 65.854   70.000   0.000
 65.914   59.000   0.000
 65.984   70.000   0.000
 66.034   49.000   0.000
 66.104   70.000   0.000
 66.164   59.000   0.000
 66.234   70.000   0.000
 66.284   49.000   0.000
 66.355   70.000   0.000
 66.414   59.000   0.000
 66.484   70.000   0.000
 66.534   49.000   0.000
 66.604   70.000   0.000
 66.664   59.000   0.000
 66.714   50.000   0.000
 66.784   69.000   0.000
 66.854   70.000   0.000
 66.914   60.000   0.000
 66.964   49.000   0.000
 67.034   70.000   0.000
 67.104   69.000   0.000
 67.164   59.000   0.000
 67.214   49.000   0.000
 67.284   70.000   0.000
 67.334   49.000   0.000
 67.414   80.000   0.000
 67.464   50.000   0.000
 67.534   69.000   0.000
 67.584   49.000   0.000
 67.644   60.000   0.000
 67.714   69.000   0.000
 67.784   70.000   0.000
 67.834   49.000   0.000
 67.894   60.000   0.000
 67.963   69.000   0.000
 68.035   71.000   0.000
 68.085   50.000   0.000
 68.144   59.000   0.000
 68.215   70.000   0.000
 68.264   49.000   0.000
 68.335   70.000   0.000
 68.394   59.000   0.000
 68.465   70.000   0.000
 68.513   48.000   0.000
 68.574   60.000   0.000
 68.645   70.000   0.000
 68.715   70.000   0.000
 68.764   49.000   0.000
 68.824   59.000   0.000
 68.894   69.000   0.000
 68.964   70.000   0.000
 69.014   49.000   0.000
 69.074   60.000   0.000
 69.144   69.000   0.000
 69.194   49.000   0.000
 69.264   69.000   0.000
 69.324   59.000   0.000
 69.394   70.000   0.000
 69.444   50.000   0.000
 69.514   69.000   0.000
 69.574   60.000   0.000
 69.644   69.000   0.000
 69.694   50.000   0.000
 69.754   60.000   0.000
 69.824   69.000   0.000
 69.894   70.000   0.000
 69.944   49.000   0.000
 70.003   59.000   0.000
 70.074   71.000   0.000
 70.124   49.000   0.000
 70.194   70.000   0.000
 70.254   59.000   0.000
 70.324   69.000   0.000
 70.374   49.000   0.000
 70.434   60.000   0.000
 70.504   70.000   0.000
 70.575   69.000   1.000
 70.624   50.000   0.000
 70.684   60.000   0.000
 70.754   70.000   0.000
 70.824   69.000   0.000
 70.874   50.000   0.000
 70.934   60.000   0.000
 71.004   70.000   0.000
 71.054   49.000   0.000
 71.124   70.000   0.000
 71.184   60.000   0.000
 71.254   69.000   0.000
 71.304   49.000   0.000
 71.364   59.000   0.000
 71.434   70.000   0.000
 71.504   70.000   0.000
 71.554   49.000   0.000
 71.614   60.000   0.000
 71.684   69.000   0.000
 71.754   70.000   0.000
 71.804   49.000   0.000
 71.864   59.000   0.000
 71.934   70.000   0.000
 71.984   50.000   0.000
 72.055   70.000   0.000
 72.115   59.000   0.000
 72.185   70.000   0.000
 72.234   49.000   0.000
 72.294   60.000   0.000
 72.365   70.000   0.000
 72.435   69.000   0.000
 72.484   50.000   0.000
 72.544   59.000   0.000
 72.604   59.000   0.000
 72.685   80.000   0.000
 72.734   49.000   0.000
 72.794   60.000   0.000
 72.854   59.000   0.000
 72.915   60.000   0.000
 72.984   69.000   0.000
 73.044   60.000   0.000
 73.104   59.000   0.000
 73.164   59.000   0.000
 73.224   60.000   0.000
 73.294   69.000   0.000
 73.355   60.000   0.000
 73.414   59.000   0.000
 73.474   60.000   0.000
 73.534   59.000   0.000
 73.604   70.000   0.000
 73.664   59.000   0.000
 73.724   59.000   0.000
 73.784   59.000   0.000
 73.854   70.000   0.000
 73.914   60.000   0.000
 73.974   60.000   0.000
 74.034   59.000   0.000
 74.104   70.000   0.000
 74.154   49.000   0.000
 74.224   70.000   0.000
 74.284   59.000   0.000
 74.354   70.000   0.000
 74.404   49.000   0.000
 74.464   60.000   0.000
 74.534   69.000   0.000
 74.604   70.000   0.000
 74.654   49.000   0.000
 74.714   60.000   0.000
 74.784   70.000   0.000
 74.854   70.000   0.000
 74.904   50.000   0.000
 74.964   59.000   0.000
 75.034   70.000   0.000
 75.084   50.000   0.000
 75.154   69.000   0.000
 75.214   60.000   0.000
 75.284   69.000   0.000
 75.334   50.000   0.000
 75.394   59.000   0.000
 75.464   70.000   0.000
 75.534   70.000   0.000
 75.584   49.000   0.000
 75.644   60.000   0.000
 75.714   69.000   0.000
 75.784   69.000   0.000
 75.834   50.000   0.000
 75.893   59.000   0.000
 75.965   71.000   0.000
 76.035   69.000   0.000
 76.085   50.000   0.000
 76.144   59.000   0.000
 76.215   70.000   0.000
 76.265   49.000   0.000
 76.324   59.000   0.000
 76.395   70.000   0.000
 76.465   70.000   0.000
 76.514   49.000   0.000
 76.574   60.000   0.000
 76.644   69.000   0.000
 76.715   70.000   0.000
 76.764   49.000   0.000
 76.824   59.000   0.000
 76.895   70.000   0.000
 76.944   49.000   0.000
 77.015   70.000   0.000
 77.074   60.000   0.000
 77.145   69.000   0.000
 77.194   49.000   0.000
 77.254   59.000   0.000
 77.324   70.000   0.000
 77.394   69.000   0.000
 77.444   50.000   0.000
 77.503   59.000   0.000
 77.574   70.000   0.000
 77.644   69.000   0.000
 77.694   49.000   0.000
 77.754   60.000   0.000
 77.824   69.000   0.000
 77.874   49.000   0.000
 77.944   70.000   0.000
 78.003   59.000   0.000
 78.074   70.000   0.000
 78.124   49.000   0.000
 78.184   60.000   0.000
 78.254   69.000   0.000
 78.324   69.000   0.000
 78.374   49.000   0.000
 78.434   60.000   0.000
 78.504   70.000   0.000
 78.574   69.000   0.000
 78.624   50.000   0.000
 78.684   60.000   0.000
 78.754   70.000   0.000
 78.804   49.000   0.000
 78.874   70.000   0.000
 78.934   59.000   0.000
 79.004   70.000   0.000
 79.054   49.000   0.000
 79.114   60.000   0.000
 79.184   70.000   0.000
 79.254   69.000   0.000
 79.304   49.000   0.000
 79.364   59.000   0.000
 79.434   70.000   0.000
 79.504   70.000   0.000
 79.554   49.000   0.000
 79.614   60.000   0.000
 79.684   70.000   0.000
 79.754   70.000   0.000
 79.803   49.000   0.000
 79.864   60.000   0.000
 79.934   70.000   0.000
 79.984   50.000   0.000
 80.045   60.000   0.000
 80.115   69.000   0.000
 80.185   70.000   0.000
 80.234   49.000   0.000
 80.294   60.000   0.000
 80.354   60.000   0.000
 80.435   80.000   0.000
 80.484   48.000   0.000
 80.544   60.000   0.000
 80.604   60.000   0.000
 80.664   59.000   0.000
 80.734   69.000   0.000
 80.794   60.000   0.000
 80.854   59.000   0.000
 80.915   60.000   0.000
 80.974   59.000   0.000
 81.045   70.000   0.000
 81.104   59.000   0.000
 81.164   60.000   0.000
 81.224   60.000   0.000
 81.284   59.000   0.000
 81.354   69.000   0.000
 81.414   60.000   0.000
 81.474   60.000   0.000
 81.534   59.000   0.000
 81.604   70.000   0.000
 81.664   59.000   0.000
 81.724   59.000   0.000
 81.784   60.000   0.000
 81.854   69.000   0.000
 81.904   50.000   0.000
 81.974   69.000   0.000
 82.034   59.000   0.000
 82.104   70.000   0.000
 82.154   49.000   0.000
 82.214   59.000   0.000
 82.284   70.000   0.000
 82.353   69.000   0.000
 82.404   51.000   0.000
 82.464   59.000   0.000
 82.534   70.000   0.000
 82.604   69.000   0.000
 82.654   50.000   0.000
 82.714   59.000   0.000
 82.784   70.000   0.000
 82.834   50.000   0.000
 82.904   70.000   0.000
 82.964   59.000   0.000
 83.034   70.000   0.000
 83.084   50.000   0.000
 83.144   59.000   0.000
 83.214   69.000   0.000
 83.284   70.000   0.000
 83.334   49.000   0.000
 83.394   60.000   0.000
 83.464   69.000   0.000
 83.534   69.000   0.000
 83.584   49.000   0.000
 83.644   59.000   0.000
 83.714   70.000   0.000
 83.764   49.000   0.000
 83.834   70.000   0.000
 83.895   60.000   0.000
 83.965   69.000   0.000
 84.014   49.000   0.000
 84.075   60.000   0.000
 84.145   69.000   0.000
 84.215   69.000   0.000
 84.265   49.000   0.000
 84.324   59.000   0.000
 84.395   70.000   0.000
 84.465   70.000   0.000
 84.513   48.000   0.000
 84.574   60.000   0.000
 84.645   70.000   0.000
 84.694   49.000   0.000
 84.765   70.000   0.000
 84.824   59.000   0.000
 84.896   70.000   2.000
 84.944   49.000   0.000
 85.004   60.000   0.000
 85.075   70.000   0.000
 85.144   69.000   0.000
 85.194   50.000   0.000
 85.254   60.000   0.000
 85.324   69.000   0.000
 85.394   70.000   0.000
 85.444   49.000   0.000
 85.504   59.000   0.000
 85.574   70.000   0.000
 85.624   50.000   0.000
 85.694   69.000   0.000
 85.754   60.000   0.000
 85.824   69.000   0.000
 85.874   49.000   0.000
 85.934   60.000   0.000
 86.003   69.000   0.000
 86.074   70.000   0.000
 86.124   49.000   0.000
 86.184   60.000   0.000
 86.254   69.000   0.000
 86.324   69.000   0.000
 86.374   50.000   0.000
 86.434   59.000   0.000
 86.504   70.000   0.000
 86.554   49.000   0.000
 86.624   70.000   0.000
 86.684   59.000   0.000
 86.754   70.000   0.000
 86.804   49.000   0.000
 86.864   60.000   0.000
 86.934   70.000   0.000
 87.004   70.000   0.000
 87.054   49.000   0.000
 87.114   59.000   0.000
 87.184   70.000   0.000
 87.254   69.000   0.000
 87.304   49.000   0.000
 87.364   60.000   0.000
 87.433   69.000   0.000
 87.484   50.000   0.000
 87.554   69.000   0.000
 87.614   60.000   0.000
 87.684   69.000   0.000
 87.734   49.000   0.000
 87.804   70.000   0.000
 87.864   59.000   0.000
 87.935   71.000   0.000
 87.984   49.000   0.000
 88.045   60.000   0.000
 88.104   59.000   0.000
 88.185   80.000   1.000
 88.234   49.000   0.000
 88.294   59.000   0.000
 88.355   60.000   0.000
 88.415   59.000   0.000
 88.485   70.000   0.000
 88.544   59.000   0.000
 88.604   60.000   0.000
 88.664   59.000   0.000
 88.724   59.000   0.000
 88.795   70.000   0.000
 88.854   59.000   0.000
 88.915   60.000   0.000
 88.974   59.000   0.000
 89.034   59.000   0.000
 89.104   70.000   0.000
 89.164   59.000   0.000
 89.224   59.000   0.000
 89.284   59.000   0.000
 89.354   69.000   0.000
 89.414   60.000   0.000
 89.474   60.000   0.000
 89.534   59.000   0.000
 89.604   70.000   0.000
 89.654   49.000   0.000
 89.724   70.000   0.000
 89.784   59.000   0.000
 89.854   70.000   0.000
 89.904   50.000   0.000
 89.964   59.000   0.000
 90.034   70.000   0.000
 90.104   70.000   0.000
 90.154   49.000   0.000
 90.214   60.000   0.000
 90.284   69.000   0.000
 90.355   70.000   0.000
 90.404   49.000   0.000
 90.464   60.000   0.000
 90.534   69.000   0.000
 90.584   50.000   0.000
 90.654   70.000   0.000
 90.714   59.000   0.000
 90.784   70.000   0.000
 90.834   50.000   0.000
 90.894   59.000   0.000
 90.964   70.000   0.000
 91.034   69.000   0.000
 91.084   50.000   0.000
 91.144   59.000   0.000
 91.214   70.000   0.000
 91.284   69.000   0.000
 91.334   49.000   0.000
 91.394   60.000   0.000
 91.464   70.000   0.000
 91.534   70.000   0.000
 91.584   49.000   0.000
 91.643   59.000   0.000
 91.714   70.000   0.000
 91.764   49.000   0.000
 91.824   60.000   0.000
 91.895   71.000   0.000
 91.965   69.000   0.000
 92.013   48.000   0.000
 92.075   61.000   0.000
 92.145   69.000   0.000
 92.215   69.000   0.000
 92.265   49.000   0.000
 92.324   59.000   0.000
 92.395   70.000   0.000
 92.445   50.000   0.000
 92.515   69.000   0.000
 92.575   60.000   0.000
 92.645   69.000   0.000
 92.694   50.000   0.000
 92.754   59.000   0.000
 92.824   69.000   0.000
 92.895   70.000   0.000
 92.944   49.000   0.000
 93.004   59.000   0.000
 93.074   70.000   0.000
 93.144   69.000   0.000
 93.194   49.000   0.000
 93.254   59.000   0.000
 93.324   69.000   0.000
 93.374   49.000   0.000
 93.445   70.000   0.000
 93.503   58.000   0.000
 93.574   70.000   0.000
 93.624   49.000   0.000
 93.684   60.000   0.000
 93.754   70.000   0.000
 93.824   69.000   0.000
 93.874   50.000   0.000
 93.934   60.000   0.000
 94.004   69.000   0.000
 94.074   70.000   0.000
 94.124   49.000   0.000
 94.184   60.000   0.000
 94.254   69.000   0.000
 94.304   49.000   0.000
 94.374   69.000   0.000
 94.434   60.000   0.000
 94.504   70.000   0.000
 94.554   49.000   0.000
 94.614   60.000   0.000
 94.684   69.000   0.000
 94.754   70.000   0.000
 94.804   49.000   0.000
 94.864   59.000   0.000
 94.934   70.000   0.000
 95.004   70.000   0.000
 95.054   49.000   0.000
 95.114   59.000   0.000
 95.184   70.000   0.000
 95.234   49.000   0.000
 95.304   70.000   0.000
 95.364   60.000   0.000
 95.434   70.000   0.000
 95.483   49.000   0.000
 95.544   60.000   0.000
 95.614   70.000   0.000
 95.684   70.000   0.000
 95.733   49.000   0.000
 95.794   60.000   0.000
 95.864   69.000   0.000
 95.935   71.000   0.000
 95.984   49.000   0.000
 96.045   60.000   0.000
 96.105   60.000   0.000
 96.165   59.000   0.000
 96.235   69.000   0.000
 96.295   60.000   0.000
 96.354   59.000   0.000
 96.415   60.000   0.000
 96.474   59.000   0.000
 96.545   70.000   0.000
 96.604   59.000   0.000
 96.664   60.000   0.000
 96.724   60.000   0.000
 96.784   59.000   0.000
 96.854   70.000   0.000
 96.915   60.000   0.000
 96.974   59.000   0.000
 97.034   60.000   0.000
 97.104   69.000   0.000
 97.164   59.000   0.000
 97.224   59.000   0.000
 97.284   59.000   0.000
 97.354   69.000   0.000
 97.404   50.000   0.000
 97.474   69.000   0.000
 97.534   59.000   0.000
 97.604   70.000   0.000
 97.654   49.000   0.000
 97.714   59.000   0.000
 97.784   70.000   0.000
 97.854   69.000   0.000
 97.904   50.000   0.000
 97.964   59.000   0.000
 98.034   70.000   0.000
 98.104   69.000   0.000
 98.154   50.000   0.000
 98.214   59.000   0.000
 98.284   70.000   0.000
 98.334   50.000   0.000
 98.404   69.000   0.000
 98.464   59.000   0.000
 98.534   70.000   0.000
 98.584   49.000   0.000
 98.644   60.000   0.000
 98.714   69.000   0.000
 98.784   70.000   0.000
 98.834   49.000   0.000
 98.894   59.000   0.000
 98.964   70.000   0.000
 99.034   69.000   0.000
 99.084   50.000   0.000
 99.144   59.000   0.000
 99.214   70.000   0.000
 99.264   49.000   0.000
 99.334   69.000   0.000
 99.394   60.000   0.000
 99.464   69.000   0.000
 99.514   50.000   0.000
 99.584   69.000   0.000
 99.644   60.000   0.000
 99.714   69.000   0.000
 99.764   50.000   0.000
 99.823   59.000   0.000
 99.894   70.000   0.000
 99.965   71.000   0.000
100.014   48.000   0.000
100.074   60.000   0.000
100.145   70.000   0.000
100.194   49.000   0.000
100.265   70.000   0.000
100.324   59.000   0.000
100.395   70.000   0.000
100.445   50.000   0.000
100.504   59.000   0.000
100.574   70.000   0.000
100.645   70.000   0.000
100.694   49.000   0.000
100.754   60.000   0.000
100.824   69.000   0.000
100.895   70.000   0.000
100.944   49.000   0.000
101.004   59.000   0.000
101.074   70.000   0.000
101.124   50.000   0.000
101.194   69.000   0.000
101.254   60.000   0.000
101.324   69.000   0.000
101.374   49.000   0.000
101.434   60.000   0.000
101.504   69.000   0.000
101.574   70.000   0.000
101.624   50.000   0.000
101.684   59.000   0.000
101.754   70.000   0.000
101.824   69.000   0.000
101.874   50.000   0.000
101.934   59.000   0.000
102.004   69.000   0.000
102.054   50.000   0.000
102.124   70.000   0.000
102.184   59.000   0.000
102.254   70.000   0.000
102.304   49.000   0.000
102.364   60.000   0.000
102.434   70.000   0.000
102.504   70.000   0.000
102.554   49.000   0.000
102.614   60.000   0.000
102.684   70.000   0.000
102.754   70.000   0.000
102.804   49.000   0.000
102.864   60.000   0.000
102.934   70.000   0.000
102.984   49.000   0.000
103.054   70.000   0.000
103.114   59.000   0.000
103.184   70.000   0.000
103.234   49.000   0.000
103.294   60.000   0.000
103.364   70.000   0.000
103.434   69.000   0.000
103.484   50.000   0.000
103.544   59.000   0.000
103.604   60.000   0.000
103.684   80.000   0.000
103.734   49.000   0.000
103.794   60.000   0.000
103.854   59.000   0.000
103.935   81.000   0.000
103.984   49.000   0.000
104.045   60.000   0.000
104.104   59.000   0.000
104.165   59.000   0.000
104.225   60.000   0.000
104.295   70.000   0.000
104.355   60.000   0.000
104.415   59.000   0.000
104.474   59.000   0.000
104.534   60.000   0.000
104.605   70.000   0.000
104.665   59.000   0.000
104.724   59.000   0.000
104.784   59.000   0.000
104.855   70.000   0.000
104.915   60.000   0.000
104.974   59.000   0.000
105.034   59.000   0.000
105.105   70.000   0.000
105.154   49.000   0.000
105.225   70.000   0.000
105.284   59.000   0.000
105.355   71.000   0.000
105.404   49.000   0.000
105.464   60.000   0.000
105.534   69.000   0.000
105.604   70.000   0.000
105.654   49.000   0.000
105.714   59.000   0.000
105.784   70.000   0.000
105.854   69.000   0.000
105.904   50.000   0.000
105.964   59.000   0.000
106.034   69.000   0.000
106.085   50.000   0.000
106.154   69.000   0.000
106.214   60.000   0.000
106.284   69.000   0.000
106.334   50.000   0.000
106.394   59.000   0.000
106.464   70.000   0.000
106.534   69.000   0.000
106.584   50.000   0.000
106.644   59.000   0.000
106.714   70.000   0.000
106.784   69.000   0.000
106.834   50.000   0.000
106.894   59.000   0.000
106.964   69.000   0.000
107.014   50.000   0.000
107.084   70.000   0.000
107.144   59.000   0.000
107.214   70.000   0.000
107.264   50.000   0.000
107.324   59.000   0.000
107.394   70.000   0.000
107.464   70.000   0.000
107.514   49.000   0.000
107.574   60.000   0.000
107.644   69.000   0.000
107.714   69.000   0.000
107.764   49.000   0.000
107.823   59.000   0.000
107.895   71.000   0.000
107.945   49.000   0.000
108.014   68.000   0.000
108.075   61.000   0.000
108.145   69.000   0.000
108.195   50.000   0.000
108.254   59.000   0.000
108.324   69.000   0.000
108.395   70.000   0.000
108.445   49.000   0.000
108.504   59.000   0.000
108.574   70.000   0.000
108.645   70.000   0.000
108.694   49.000   0.000
108.754   59.000   0.000
108.824   70.000   0.000
108.874   49.000   0.000
108.945   70.000   0.000
109.004   59.000   0.000
109.074   70.000   0.000
109.124   50.000   0.000
109.184   60.000   0.000
109.254   70.000   0.000
109.324   69.000   0.000
109.374   49.000   0.000
109.434   60.000   0.000
109.504   69.000   0.000
109.574   70.000   0.000
109.624   49.000   0.000
109.684   60.000   0.000
109.754   69.000   0.000
109.804   49.000   0.000
109.874   70.000   0.000
109.934   60.000   0.000
110.004   69.000   0.000
110.054   50.000   0.000
110.114   60.000   0.000
110.184   69.000   0.000
110.254   70.000   0.000
110.304   49.000   0.000
110.364   59.000   0.000
110.434   70.000   0.000
110.504   70.000   0.000
110.554   49.000   0.000
110.614   59.000   0.000
110.684   70.000   0.000
110.734   49.000   0.000
110.804   70.000   0.000
110.864   60.000   0.000
110.934   70.000   0.000
110.984   49.000   0.000
111.044   60.000   0.000
111.114   69.000   0.000
111.184   70.000   0.000
111.234   49.000   0.000
111.294   60.000   0.000
111.354   60.000   0.000
111.434   80.000   0.000
111.484   49.000   0.000
111.544   59.000   0.000
111.604   60.000   0.000
111.684   80.000   0.000
111.734   49.000   0.000
111.794   59.000   0.000
111.853   59.000   0.000
111.914   60.000   0.000
111.974   60.000   0.000
112.045   70.000   0.000
112.104   59.000   0.000
112.165   60.000   0.000
112.224   59.000   0.000
112.284   59.000   0.000
112.355   70.000   0.000
112.415   59.000   0.000
112.474   59.000   0.000
112.534   59.000   0.000
112.605   70.000   0.000
112.664   59.000   0.000
112.724   59.000   0.000
112.784   59.000   0.000
112.854   70.000   0.000
112.905   50.000   0.000
112.974   69.000   0.000
113.034   59.000   0.000
113.104   70.000   0.000
113.154   49.000   0.000
113.214   60.000   0.000
113.284   69.000   0.000
113.353   69.000   0.000
113.404   50.000   0.000
113.464   59.000   0.000
113.534   70.000   0.000
113.604   69.000   0.000
113.654   50.000   0.000
113.714   59.000   0.000
113.784   69.000   0.000
113.834   50.000   0.000
113.904   69.000   0.000
113.964   59.000   0.000
114.034   70.000   0.000
114.086   50.000   2.000
114.144   59.000   0.000
114.214   70.000   0.000
114.284   70.000   0.000
114.334   50.000   0.000
114.394   59.000   0.000
114.464   69.000   0.000
114.534   69.000   0.000
114.584   50.000   0.000
114.644   59.000   0.000
114.714   70.000   0.000
114.764   49.000   0.000
114.833   69.000   0.000
114.894   60.000   0.000
114.964   70.000   0.000
115.014   49.000   0.000
115.074   60.000   0.000
115.144   70.000   0.000
115.214   69.000   0.000
115.264   50.000   0.000
115.324   59.000   0.000
115.394   70.000   0.000
115.464   70.000   0.000
115.514   49.000   0.000
115.574   60.000   0.000
115.644   69.000   0.000
115.694   50.000   0.000
115.764   69.000   0.000
115.825   60.000   0.000
115.895   70.000   0.000
115.945   49.000   0.000
116.004   59.000   0.000
116.074   70.000   0.000
116.145   70.000   0.000
116.195   50.000   0.000
116.254   59.000   0.000
116.324   69.000   0.000
116.395   70.000   0.000
116.445   49.000   0.000
116.504   59.000   0.000
116.574   70.000   0.000
116.624   50.000   0.000
116.694   69.000   0.000
116.754   59.000   0.000
116.824   70.000   0.000
116.874   49.000   0.000
116.935   60.000   0.000
117.004   69.000   0.000
117.076   71.000   0.000
117.124   48.000   0.000
117.184   60.000   0.000
117.254   69.000   0.000
117.324   69.000   0.000
117.374   50.000   0.000
117.434   60.000   0.000
117.504   69.000   0.000
117.554   50.000   0.000
117.624   70.000   0.000
117.684   59.000   0.000
117.754   70.000   0.000
117.804   49.000   0.000
117.864   59.000   0.000
117.934   70.000   0.000
118.004   69.000   0.000
118.054   49.000   0.000
118.114   59.000   0.000
118.184   70.000   0.000
118.254   69.000   0.000
118.304   49.000   0.000
118.364   60.000   0.000
118.434   70.000   0.000
118.484   49.000   0.000
118.554   70.000   0.000
118.614   59.000   0.000
118.684   70.000   0.000
118.734   49.000   0.000
118.794   60.000   0.000
118.864   69.000   0.000
118.934   70.000   0.000
118.984   49.000   0.000
119.044   59.000   0.000
119.104   60.000   0.000
119.184   80.000   0.000
119.234   49.000   0.000
119.294   59.000   0.000
119.354   60.000   0.000
119.434   80.000   0.000
119.484   49.000   0.000
119.544   60.000   0.000
119.604   59.000   0.000
119.664   60.000   0.000
119.734   69.000   0.000
119.794   60.000   0.000
119.855   61.000   0.000
119.914   59.000   0.000
119.975   60.000   0.000
120.034   59.000   0.000
120.106   70.000   2.000
120.165   59.000   0.000
120.224   60.000   0.000
120.284   59.000   0.000
120.355   70.000   0.000
120.415   59.000   0.000
120.474   59.000   0.000
120.534   59.000   0.000
120.605   70.000   0.000
120.654   49.000   0.000
120.725   70.000   0.000
120.784   59.000   0.000
120.854   70.000   0.000
120.904   50.000   0.000
120.964   59.000   0.000
121.035   70.000   0.000
121.104   69.000   0.000
121.154   49.000   0.000
121.214   59.000   0.000
121.284   70.000   0.000
121.354   69.000   0.000
121.404   50.000   0.000
121.464   60.000   0.000
121.534   69.000   0.000
121.584   50.000   0.000
121.654   69.000   0.000
121.714   59.000   0.000
121.784   70.000   0.000
121.834   50.000   0.000
121.894   60.000   0.000
121.964   69.000   0.000
122.034   69.000   0.000
122.084   50.000   0.000
122.144   59.000   0.000
122.214   70.000   0.000
122.284   69.000   0.000
122.334   50.000   0.000
122.394   59.000   0.000
122.464   70.000   0.000
122.514   49.000   0.000
122.584   70.000   0.000
122.644   59.000   0.000
122.714   70.000   0.000
122.764   49.000   0.000
122.824   60.000   0.000
122.894   69.000   0.000
122.964   70.000   0.000
123.014   49.000   0.000
123.074   59.000   0.000
123.144   70.000   0.000
123.214   69.000   0.000
123.264   50.000   0.000
123.324   59.000   0.000
123.394   70.000   0.000
123.444   50.000   0.000
123.514   69.000   0.000
123.574   60.000   0.000
123.644   69.000   0.000
123.694   50.000   0.000
123.764   69.000   0.000
123.825   60.000   0.000
123.895   70.000   0.000
123.945   49.000   0.000
124.004   59.000   0.000
124.074   70.000   0.000
124.145   70.000   0.000
124.195   50.000   0.000
124.255   59.000   0.000
124.324   69.000   0.000
124.374   50.000   0.000
124.445   70.000   0.000
124.505   60.000   0.000
124.574   69.000   0.000
124.624   50.000   0.000
124.684   59.000   0.000
124.754   69.000   0.000
124.824   69.000   0.000
124.874   49.000   0.000
124.935   60.000   0.000
125.005   69.000   0.000
125.074   69.000   0.000
125.124   50.000   0.000
125.184   60.000   0.000
125.254   70.000   0.000
125.304   49.000   0.000
125.374   70.000   0.000
125.434   60.000   0.000
125.504   69.000   0.000
125.554   50.000   0.000
125.614   59.000   0.000
125.684   70.000   0.000
125.754   69.000   0.000
125.804   49.000   0.000
125.864   59.000   0.000
125.934   70.000   0.000
126.004   69.000   0.000
126.054   50.000   0.000
126.114   60.000   0.000
126.184   70.000   0.000
126.234   49.000   0.000
126.304   70.000   0.000
126.364   59.000   0.000
126.434   70.000   0.000
126.484   49.000   0.000
126.544   60.000   0.000
126.614   69.000   0.000
126.684   69.000   0.000
126.734   49.000   0.000
126.794   60.000   0.000
126.854   59.000   0.000
126.934   80.000   0.000
126.984   49.000   0.000
127.044   59.000   0.000
127.104   59.000   0.000
127.164   60.000   0.000
127.234   69.000   0.000
127.294   60.000   0.000
127.354   60.000   0.000
127.414   59.000   0.000
127.484   70.000   0.000
127.544   59.000   0.000
127.604   60.000   0.000
127.664   59.000   0.000
127.724   60.000   0.000
127.794   70.000   0.000
127.854   60.000   0.000
127.914   59.000   0.000
127.974   60.000   0.000
128.035   60.000   0.000
128.105   69.000   0.000
128.165   59.000   0.000
128.224   59.000   0.000
128.284   59.000   0.000
128.355   70.000   0.000
128.404   49.000   0.000
128.475   70.000   0.000
128.534   59.000   0.000
128.605   70.000   0.000
128.654   49.000   0.000
128.714   59.000   0.000
128.784   69.000   0.000
128.854   70.000   0.000
128.904   50.000   0.000
128.964   59.000   0.000
129.035   70.000   0.000
129.104   69.000   0.000
129.154   49.000   0.000
129.214   59.000   0.000
129.284   70.000   0.000
129.334   50.000   0.000
129.404   69.000   0.000
129.464   60.000   0.000
129.534   69.000   0.000
129.584   50.000   0.000
129.644   59.000   0.000
129.714   69.000   0.000
129.784   70.000   0.000
129.834   50.000   0.000
129.894   59.000   0.000
129.964   70.000   0.000
130.034   69.000   0.000
130.085   50.000   0.000
130.144   59.000   0.000
130.214   70.000   0.000
130.264   49.000   0.000
130.334   70.000   0.000
130.394   59.000   0.000
130.464   70.000   0.000
130.514   50.000   0.000
130.574   59.000   0.000
130.644   70.000   0.000
130.714   69.000   0.000
130.764   49.000   0.000
130.824   60.000   0.000
130.894   69.000   0.000
130.964   69.000   0.000
131.014   49.000   0.000
131.074   59.000   0.000
131.144   70.000   0.000
131.194   49.000   0.000
131.264   69.000   0.000
131.324   60.000   0.000
131.394   69.000   0.000
131.444   50.000   0.000
131.504   59.000   0.000
131.574   69.000   0.000
131.644   70.000   0.000
131.694   49.000   0.000
131.754   60.000   0.000
131.825   70.000   0.000
131.895   70.000   0.000
131.945   50.000   0.000
132.004   58.000   0.000
132.066   62.000   0.000
132.134   68.000   0.000
132.195   60.000   0.000
132.254   59.000   0.000
132.315   60.000   0.000
132.384   69.000   0.000
132.446   60.000   2.000
132.504   58.000   0.000
132.564   60.000   0.000
132.634   70.000   0.000
132.695   60.000   0.000
132.744   49.000   0.000
132.815   70.000   0.000
132.884   69.000   0.000
132.945   60.000   0.000
132.994   49.000   0.000
133.055   60.000   0.000
133.134   79.000   0.000
133.194   60.000   0.000
133.244   49.000   0.000
133.304   60.000   0.000
133.364   59.000   0.000
133.445   80.000   0.000
133.494   49.000   0.000
133.554   60.000   0.000
133.614   59.000   0.000
133.674   60.000   0.000
133.744   69.000   0.000
133.804   60.000   0.000
133.864   59.000   0.000
133.924   60.000   0.000
133.994   69.000   0.000
134.054   60.000   0.000
134.114   59.000   0.000
134.174   59.000   0.000
134.244   70.000   0.000
134.304   60.000   0.000
134.364   59.000   0.000
134.424   59.000   0.000
134.494   70.000   0.000
134.554   60.000   0.000
134.614   59.000   0.000
134.674   59.000   0.000
134.744   70.000   0.000
134.804   60.000   0.000
134.864   59.000   0.000
134.914   50.000   0.000
134.994   79.000   0.000
135.054   60.000   0.000
135.114   60.000   0.000
135.164   49.000   0.000
135.224   60.000   0.000
135.304   79.000   0.000
135.364   59.000   0.000
135.414   49.000   0.000
135.474   59.000   0.000
135.554   80.000   0.000
135.614   59.000   0.000
135.664   50.000   0.000
135.724   59.000   0.000
135.784   60.000   0.000
135.865   81.000   0.000
135.914   49.000   0.000
135.974   60.000   0.000
136.034   59.000   0.000
136.095   60.000   0.000
136.165   69.000   0.000
136.225   60.000   0.000
136.284   59.000   0.000
136.343   59.000   0.000
136.415   71.000   0.000
136.474   59.000   0.000
136.534   59.000   0.000
136.594   59.000   0.000
136.665   70.000   0.000
136.724   59.000   0.000
136.774   49.000   0.000
136.845   70.000   0.000
136.917   70.000   2.000
136.974   59.000   0.000
137.025   49.000   1.000
137.085   60.000   0.000
137.165   79.000   0.000
137.224   59.000   0.000
137.275   51.000   0.000
137.334   58.000   0.000
137.394   59.000   0.000
137.475   80.000   0.000
137.524   49.000   0.000
137.585   60.000   0.000
137.644   59.000   0.000
137.704   59.000   0.000
137.774   69.000   0.000
137.834   60.000   0.000
137.894   59.000   0.000
137.954   59.000   0.000
138.024   69.000   0.000
138.085   60.000   0.000
138.144   59.000   0.000
138.204   59.000   0.000
138.274   70.000   0.000
138.334   60.000   0.000
138.394   60.000   0.000
138.454   59.000   0.000
138.524   70.000   0.000
138.584   60.000   0.000
138.634   49.000   0.000
138.704   70.000   0.000
138.774   69.000   0.000
138.834   60.000   0.000
138.884   49.000   0.000
138.944   60.000   0.000
139.024   79.000   0.000
139.084   60.000   0.000
139.133   49.000   0.000
139.194   60.000   0.000
139.254   59.000   0.000
139.334   80.000   0.000
139.383   49.000   0.000
139.444   60.000   0.000
139.504   59.000   0.000
139.584   79.000   0.000
139.633   49.000   0.000
139.694   60.000   0.000
139.754   59.000   0.000
139.815   61.000   0.000
139.884   69.000   0.000
139.945   60.000   0.000
140.004   59.000   0.000
140.064   60.000   0.000
140.136   71.000   0.000
140.195   58.000   0.000
140.255   59.000   0.000
140.314   59.000   0.000
140.384   69.000   0.000
140.445   60.000   0.000
140.494   49.000   0.000
140.565   70.000   0.000
140.634   69.000   0.000
140.695   60.000   0.000
140.744   49.000   0.000
140.805   60.000   0.000
140.884   79.000   0.000
140.945   60.000   0.000
140.994   49.000   0.000
141.055   60.000   0.000
141.114   59.000   0.000
141.195   80.000   0.000
141.244   49.000   0.000
141.305   60.000   0.000
141.364   59.000   0.000
141.424   59.000   0.000
141.494   70.000   0.000
141.555   60.000   0.000
141.614   59.000   0.000
141.675   59.000   1.000
141.744   70.000   0.000
141.804   60.000   0.000
141.864   59.000   0.000
141.924   60.000   0.000
141.994   70.000   0.000
142.054   60.000   0.000
142.114   59.000   0.000
142.174   59.000   0.000
142.244   70.000   0.000
142.304   60.000   0.000
142.364   60.000   0.000
142.424   59.000   0.000
142.494   70.000   0.000
142.554   60.000   0.000
142.614   59.000   0.000
142.664   49.000   0.000
142.744   80.000   0.000
142.804   60.000   0.000
142.864   59.000   0.000
142.914   50.000   0.000
142.974   59.000   0.000
143.054   80.000   0.000
143.114   59.000   0.000
143.164   50.000   0.000
143.224   59.000   0.000
143.284   59.000   0.000
143.364   80.000   0.000
143.414   49.000   0.000
143.474   60.000   0.000
143.534   59.000   0.000
143.614   80.000   0.000
143.664   49.000   0.000
143.724   60.000   0.000
143.784   59.000   0.000
143.844   60.000   0.000
143.914   70.000   0.000
143.974   60.000   0.000
144.035   60.000   0.000
144.094   59.000   0.000
144.165   70.000   0.000
144.225   59.000   0.000
144.284   59.000   0.000
144.344   59.000   0.000
144.415   71.000   0.000
144.475   59.000   0.000
144.524   49.000   0.000
144.595   70.000   0.000
144.664   69.000   0.000
144.724   59.000   0.000
144.774   49.000   0.000
144.834   60.000   0.000
144.915   80.000   0.000
144.974   59.000   0.000
145.025   51.000   0.000
145.085   59.000   0.000
145.144   59.000   0.000
145.224   79.000   0.000
145.275   49.000   1.000
145.334   60.000   0.000
145.394   59.000   0.000
145.454   59.000   0.000
145.524   69.000   0.000
145.584   60.000   0.000
145.644   59.000   0.000
145.704   59.000   0.000
145.774   70.000   0.000
145.834   60.000   0.000
145.894   60.000   0.000
145.954   59.000   0.000
146.024   70.000   0.000
146.084   60.000   0.000
146.144   59.000   0.000
146.204   59.000   0.000
146.274   70.000   0.000
146.334   60.000   0.000
146.384   49.000   0.000
146.454   70.000   0.000
146.524   69.000   0.000
146.584   59.000   0.000
146.634   49.000   0.000
146.694   60.000   0.000
146.774   79.000   0.000
146.834   60.000   0.000
146.884   49.000   0.000
146.944   60.000   0.000
147.004   59.000   0.000
147.084   80.000   0.000
147.133   49.000   0.000
147.194   60.000   0.000
147.254   59.000   0.000
147.334   80.000   0.000
147.383   49.000   0.000
147.444   60.000   0.000
147.504   59.000   0.000
147.564   59.000   0.000
147.634   70.000   0.000
147.694   60.000   0.000
147.754   59.000   0.000
147.815   60.000   0.000
147.886   71.000   0.000
147.945   58.000   0.000
148.004   59.000   0.000
148.064   60.000   0.000
148.134   70.000   0.000
148.195   60.000   0.000
148.244   49.000   0.000
148.315   70.000   0.000
148.384   69.000   0.000
148.445   60.000   0.000
148.494   49.000   0.000
148.555   60.000   0.000
148.634   79.000   0.000
148.695   60.000   0.000
148.744   49.000   0.000
148.805   60.000   0.000
148.864   59.000   0.000
148.945   80.000   0.000
148.994   49.000   0.000
149.055   60.000   0.000
149.114   59.000   0.000
149.175   59.000   1.000
149.244   70.000   0.000
149.305   60.000   0.000
149.364   59.000   0.000
149.424   59.000   0.000
149.494   69.000   0.000
149.554   60.000   0.000
149.614   59.000   0.000
149.674   59.000   0.000
149.744   70.000   0.000
149.804   60.000   0.000
149.864   59.000   0.000
149.924   59.000   0.000
149.994   70.000   0.000
150.054   60.000   0.000
150.114   59.000   0.000
150.174   59.000   0.000
150.244   69.000   0.000
150.304   60.000   0.000
150.364   59.000   0.000
150.414   50.000   0.000
150.494   79.000   0.000
150.554   60.000   0.000
150.614   59.000   0.000
150.664   50.000   0.000
150.724   60.000   0.000
150.804   80.000   0.000
150.864   59.000   0.000
150.914   50.000   0.000
150.974   59.000   0.000
151.034   59.000   0.000
151.114   80.000   0.000
151.164   49.000   0.000
151.224   59.000   0.000
151.284   60.000   0.000
151.344   59.000   0.000
151.414   70.000   0.000
151.474   59.000   0.000
151.534   60.000   0.000
151.594   59.000   0.000
151.664   70.000   0.000
151.724   60.000   0.000
151.784   60.000   0.000
151.844   59.000   0.000
151.914   70.000   0.000
151.974   60.000   0.000
152.035   60.000   0.000
152.095   60.000   0.000
152.165   69.000   0.000
152.224   59.000   0.000
152.274   49.000   0.000
152.344   69.000   0.000
152.415   70.000   0.000
152.474   59.000   0.000
152.524   49.000   0.000
152.585   60.000   0.000
152.665   79.000   0.000
152.724   59.000   0.000
152.774   49.000   0.000
152.835   60.000   0.000
152.894   59.000   0.000
152.975   80.000   0.000
153.024   49.000   0.000
153.085   60.000   0.000
153.144   59.000   0.000
153.204   59.000   0.000
153.274   70.000   0.000
153.334   60.000   0.000
153.394   60.000   0.000
153.454   59.000   0.000
153.524   70.000   0.000
153.584   60.000   0.000
153.644   59.000   0.000
153.704   60.000   0.000
153.774   69.000   0.000
153.834   60.000   0.000
153.894   59.000   0.000
153.954   59.000   0.000
154.024   69.000   0.000
154.084   60.000   0.000
154.134   49.000   0.000
154.204   70.000   0.000
154.274   70.000   0.000
154.334   59.000   0.000
154.384   49.000   0.000
154.444   60.000   0.000
154.524   79.000   0.000
154.584   60.000   0.000
154.634   49.000   0.000
154.694   60.000   0.000
154.754   59.000   0.000
154.834   80.000   0.000
154.884   49.000   0.000
154.944   60.000   0.000
155.004   59.000   0.000
155.064   59.000   0.000
155.134   69.000   0.000
155.194   60.000   0.000
155.254   59.000   0.000
155.314   59.000   0.000
155.385   70.000   1.000
155.444   60.000   0.000
155.504   60.000   0.000
155.564   59.000   0.000
155.634   70.000   0.000
155.694   60.000   0.000
155.753   59.000   0.000
155.815   61.000   0.000
155.884   69.000   0.000
155.945   60.000   0.000
155.994   49.000   0.000
156.065   70.000   0.000
156.134   69.000   0.000
156.195   60.000   0.000
156.244   49.000   0.000
156.305   60.000   0.000
156.384   79.000   0.000
156.445   60.000   0.000
156.494   49.000   0.000
156.555   60.000   0.000
156.615   59.000   0.000
156.695   80.000   0.000
156.744   49.000   0.000
156.805   60.000   0.000
156.864   59.000   0.000
156.924   59.000   0.000
156.994   70.000   0.000
157.054   59.000   0.000
157.114   60.000   0.000
157.174   59.000   0.000
157.244   70.000   0.000
157.304   59.000   0.000
157.364   60.000   0.000
157.424   59.000   0.000
157.494   69.000   0.000
157.554   60.000   0.000
157.614   59.000   0.000
157.674   59.000   0.000
157.744   70.000   0.000
157.804   60.000   0.000
157.864   60.000   0.000
157.924   59.000   0.000
157.994   70.000   0.000
158.054   59.000   0.000
158.114   59.000   0.000
158.164   49.000   0.000
158.244   80.000   0.000
158.304   60.000   0.000
158.364   59.000   0.000
158.414   49.000   0.000
158.474   60.000   0.000
158.554   80.000   0.000
158.614   59.000   0.000
158.664   49.000   0.000
158.724   60.000   0.000
158.784   59.000   0.000
158.864   80.000   0.000
158.914   49.000   0.000
158.974   60.000   0.000
159.034   59.000   0.000
159.094   60.000   0.000
159.164   69.000   0.000
159.224   59.000   0.000
159.284   59.000   0.000
159.344   59.000   0.000
159.414   70.000   0.000
159.474   60.000   0.000
159.534   59.000   0.000
159.594   60.000   0.000
159.664   69.000   0.000
159.724   60.000   0.000
159.785   60.000   0.000
159.844   58.000   0.000
159.914   70.000   0.000
159.975   60.000   0.000
160.024   49.000   0.000
160.095   70.000   0.000
160.165   69.000   0.000
160.225   59.000   0.000
160.274   49.000   0.000
160.335   60.000   0.000
160.415   79.000   0.000
160.474   59.000   0.000
160.524   49.000   0.000
160.585   60.000   0.000
160.644   59.000   0.000
160.725   80.000   0.000
160.774   49.000   0.000
160.835   60.000   0.000
160.894   59.000   0.000
160.954   59.000   0.000
161.024   69.000   0.000
161.085   60.000   0.000
161.144   59.000   0.000
161.205   59.000   1.000
161.274   70.000   0.000
161.335   60.000   0.000
161.394   59.000   0.000
161.456   61.000   0.000
161.524   68.000   0.000
161.585   60.000   0.000
161.644   59.000   0.000
161.705   61.000   0.000
161.774   68.000   0.000
161.834   60.000   0.000
161.884   49.000   0.000
161.954   70.000   0.000
162.024   69.000   0.000
162.084   60.000   0.000
162.134   49.000   0.000
162.194   60.000   0.000
162.274   79.000   0.000
162.334   60.000   0.000
162.384   49.000   0.000
162.444   60.000   0.000
162.504   59.000   0.000
162.584   79.000   0.000
162.635   50.000   0.000
162.694   58.000   0.000
162.754   59.000   0.000
162.814   60.000   0.000
162.884   69.000   0.000
162.944   60.000   0.000
163.004   59.000   0.000
163.064   59.000   0.000
163.134   69.000   0.000
163.194   60.000   0.000
163.254   59.000   0.000
163.314   59.000   0.000
163.384   70.000   0.000
163.444   60.000   0.000
163.504   60.000   0.000
163.564   59.000   0.000
163.634   69.000   0.000
163.694   60.000   0.000
163.744   50.000   0.000
163.815   70.000   0.000
163.884   69.000   0.000
163.945   60.000   0.000
163.994   49.000   0.000
164.055   60.000   0.000
164.135   79.000   0.000
164.195   60.000   0.000
164.244   49.000   0.000
164.305   60.000   0.000
164.365   59.000   0.000
164.445   80.000   0.000
164.494   49.000   0.000
164.555   60.000   0.000
164.614   59.000   0.000
164.674   59.000   0.000
164.744   69.000   0.000
164.805   60.000   0.000
164.864   59.000   0.000
164.924   60.000   0.000
164.994   69.000   0.000
165.055   60.000   0.000
165.114   59.000   0.000
165.174   59.000   0.000
165.244   70.000   0.000
165.304   60.000   0.000
165.364   59.000   0.000
165.424   59.000   0.000
165.494   70.000   0.000
165.554   60.000   0.000
165.614   59.000   0.000
165.674   59.000   0.000
165.744   70.000   0.000
165.804   60.000   0.000
165.864   59.000   0.000
165.914   50.000   0.000
165.994   79.000   0.000
166.055   60.000   0.000
166.114   59.000   0.000
166.164   50.000   0.000
166.224   59.000   0.000
166.306   80.000   2.000
166.364   59.000   0.000
166.414   49.000   0.000
166.474   60.000   0.000
166.534   59.000   0.000
166.614   80.000   0.000
166.664   49.000   0.000
166.724   60.000   0.000
166.784   59.000   0.000
166.844   59.000   0.000
166.914   70.000   0.000
166.974   59.000   0.000
167.034   60.000   0.000
167.094   60.000   0.000
167.164   69.000   0.000
167.224   59.000   0.000
167.284   59.000   0.000
167.344   60.000   0.000
167.414   69.000   0.000
167.474   60.000   0.000
167.534   59.000   0.000
167.594   60.000   0.000
167.664   70.000   0.000
167.725   60.000   0.000
167.776   49.000   1.000
167.844   69.000   0.000
167.914   70.000   0.000
167.975   60.000   0.000
168.025   49.000   1.000
168.085   60.000   0.000
168.165   80.000   0.000
168.225   60.000   0.000
168.274   49.000   0.000
168.335   60.000   0.000
168.394   59.000   0.000
168.475   80.000   0.000
168.524   49.000   0.000
168.585   60.000   0.000
168.644   59.000   0.000
168.704   59.000   0.000
168.774   70.000   0.000
168.834   60.000   0.000
168.895   60.000   0.000
168.954   59.000   0.000
169.024   70.000   0.000
169.085   60.000   0.000
169.144   59.000   0.000
169.204   59.000   0.000
169.274   69.000   0.000
169.334   60.000   0.000
169.394   59.000   0.000
169.454   59.000   0.000
169.524   70.000   0.000
169.584   60.000   0.000
169.634   49.000   0.000
169.704   70.000   0.000
169.775   71.000   0.000
169.834   58.000   0.000
169.885   49.000   1.000
169.944   60.000   0.000
170.024   79.000   0.000
170.084   60.000   0.000
170.134   49.000   0.000
170.194   60.000   0.000
170.254   59.000   0.000
170.334   80.000   0.000
170.384   49.000   0.000
170.444   60.000   0.000
170.504   59.000   0.000
170.564   59.000   0.000
170.634   69.000   0.000
170.694   60.000   0.000
170.754   59.000   0.000
170.814   59.000   0.000
170.885   71.000   0.000
170.944   58.000   0.000
171.004   60.000   0.000
171.064   59.000   0.000
171.134   70.000   0.000
171.194   59.000   0.000
171.254   59.000   0.000
171.314   60.000   0.000
171.384   69.000   0.000
171.444   60.000   0.000
171.493   49.000   0.000
171.564   70.000   0.000
171.634   69.000   0.000
171.695   61.000   0.000
171.744   49.000   0.000
171.805   60.000   0.000
171.885   79.000   0.000
171.945   60.000   0.000
171.994   49.000   0.000
172.055   60.000   0.000
172.115   59.000   0.000
172.195   80.000   0.000
172.244   49.000   0.000
172.305   60.000   0.000
172.365   59.000   0.000
172.424   59.000   0.000
172.494   70.000   0.000
172.555   60.000   0.000
172.615   60.000   0.000
172.674   59.000   0.000
172.744   70.000   0.000
172.805   59.000   0.000
172.864   60.000   0.000
172.924   59.000   0.000
172.994   69.000   0.000
173.055   60.000   0.000
173.114   59.000   0.000
173.174   59.000   0.000
173.244   70.000   0.000
173.304   60.000   0.000
173.364   60.000   0.000
173.424   59.000   0.000
173.494   70.000   0.000
173.554   59.000   0.000
173.614   59.000   0.000
173.664   50.000   0.000
173.744   79.000   0.000
173.804   60.000   0.000
173.864   60.000   0.000
173.914   49.000   0.000
173.974   59.000   0.000
174.055   80.000   1.000
174.114   59.000   0.000
174.164   49.000   0.000
174.224   60.000   0.000
