  4.187 4187.000   0.000
  4.272   85.000   0.000
  5.012  735.000   4.000
  6.011 1000.000   3.000
  7.014 1000.000   5.000
  8.025 1011.000   5.000
  9.026 1000.000   6.000
 10.027 1000.000   6.000
 11.027 1000.000   6.000
 12.030 1000.000   8.000
 13.031 1000.000   8.000
 14.032 1000.000   9.000
 15.031  998.000   9.000
 16.033 1001.000   9.000
 17.032  999.000   9.000
 18.032  999.000   8.000
 19.031  998.000   9.000
 20.032 1001.000   9.000
 21.032  999.000   9.000
 22.032 1000.000   9.000
 23.031 1000.000   7.000
 24.032  999.000   9.000
 25.033 1000.000   8.000
 26.032  998.000   9.000
 27.031  998.000   9.000
 28.033 1001.000   9.000
 29.032  999.000   9.000
 30.032 1000.000   8.000
 31.031  998.000   9.000
 32.032 1001.000   9.000
 33.032  999.000   9.000
 34.032 1000.000   9.000
 35.031  998.000   9.000
 36.023  991.000   9.000
 37.022 1000.000   8.000
 38.022  999.000   9.000
 39.022 1000.000   8.000
 40.022  999.000   9.000
 41.022 1000.000   8.000
 42.022  998.000   9.000
 43.022 1000.000   9.000
 44.023 1000.000   9.000
 45.023 1000.000   8.000
 46.022  999.000   9.000
 47.022 1000.000   8.000
 48.023 1000.000   8.000
 49.022  999.000   9.000
 50.022 1000.000   8.000
 51.022  999.000   8.000
 52.023 1000.000   9.000
 53.022  999.000   9.000
 54.022 1000.000   8.000
 55.022  999.000   8.000
 56.023 1000.000   9.000
 57.023  999.000   9.000
 58.022  999.000   9.000
 59.022 1000.000   8.000
 60.023 1002.000   7.000
 61.022  997.000   9.000
 62.023 1000.000   8.000
 63.022  999.000   8.000
 64.023  999.000   9.000
 65.023 1000.000   8.000
 66.022  999.000   9.000
 67.022 1000.000   9.000
 68.023 1000.000   9.000
 69.022  999.000   9.000
 70.023 1000.000   9.000
 71.022  998.000   9.000
 72.023 1000.000   9.000
 73.023 1000.000   8.000
 74.022  999.000   8.000
 75.022  999.000   9.000
 76.023 1001.000   9.000
 77.022  998.000   9.000
 78.022 1000.000   8.000
 79.021  999.000   8.000
 80.023 1001.000   8.000
 81.022  999.000   9.000
 82.022 1000.000   9.000
 83.022  999.000   9.000
 84.023 1001.000   8.000
 85.023  999.000   8.000
 86.022  999.000   8.000
 87.022  999.000   8.000
 88.023 1001.000   8.000
 89.023  999.000   8.000
 90.022  999.000   9.000
 91.021  999.000   8.000
 92.023 1001.000   9.000
 93.022  999.000   8.000
 94.022 1000.000   8.000
 95.022  999.000   8.000
 96.023  999.000   9.000
 97.023 1000.000   9.000
 98.022  999.000   9.000
 99.022 1000.000   9.000
100.023  999.000   9.000
101.022  999.000   9.000
102.022 1000.000   9.000
103.022  999.000   9.000
104.023 1001.000   8.000
105.022  999.000   8.000
106.022  999.000   8.000
107.022  999.000   9.000
108.023 1000.000   9.000
109.023 1000.000   8.000
110.022  999.000   8.000
111.021  999.000   8.000
112.023 1001.000   8.000
113.022  999.000   8.000
114.022  999.000   8.000
115.022  999.000   9.000
116.023 1001.000   8.000
117.023  999.000   8.000
118.022  999.000   9.000
119.023 1000.000   9.000
120.023 1000.000   8.000
121.022  999.000   8.000
122.022  999.000   9.000
123.022 1000.000   9.000
124.023 1001.000   8.000
125.022  998.000   9.000
126.022 1000.000   9.000
127.022  999.000   9.000
128.023 1001.000   8.000
129.023  999.000   8.000
130.022  999.000   8.000
131.022 1000.000   9.000
132.023 1000.000   9.000
133.022  999.000   8.000
134.022 1000.000   8.000
135.021  999.000   8.000
136.023 1001.000   8.000
137.022  998.000   8.000
138.022 1000.000   9.000
139.021  999.000   9.000
140.023 1001.000   8.000
141.022  999.000   8.000
142.022 1000.000   8.000
143.022  999.000   9.000
144.022 1000.000   9.000
145.022  999.000   9.000
146.022  999.000   8.000
147.022 1000.000   9.000
148.022 1000.000   8.000
149.022 1000.000   8.000
150.022  999.000   9.000
151.021  999.000   9.000
152.023 1000.000   9.000
153.022 1000.000   8.000
154.022  999.000   8.000
155.022 1000.000   8.000
156.023 1000.000   8.000
157.022  999.000   8.000
158.022 1000.000   8.000
159.023 1000.000   9.000
160.022  999.000   8.000
161.022  999.000   8.000
162.022 1000.000   8.000
163.023 1000.000   8.000
164.022  999.000   8.000
165.022  999.000   8.000
166.022 1000.000   9.000
167.022 1000.000   9.000
168.023 1000.000   8.000
169.022  999.000   9.000
170.022 1000.000   9.000
171.023 1000.000   9.000
172.023 1000.000   8.000
173.022  999.000   8.000
174.035 1002.000  19.000
