  8.011 8002.000   8.000
 12.012 3999.000  10.000
 16.013 4000.000  11.000
 20.013 3999.000  11.000
 24.013 3999.000  11.000
 28.013 4000.000  11.000
 32.012 3999.000  10.000
 36.022 4009.000  10.000
 40.022 4000.000  10.000
 44.023 3999.000  11.000
 48.023 3999.000  11.000
 52.023 3999.000  11.000
 56.023 3999.000  11.000
 60.023 4000.000  11.000
 64.023 3999.000  11.000
 68.023 4000.000  11.000
 72.023 4000.000  11.000
 76.023 4000.000  11.000
 80.023 3999.000  11.000
 84.023 4000.000  11.000
 88.023 3999.000  11.000
 92.023 3999.000  10.000
 96.023 3999.000  11.000
100.023 4000.000  11.000
104.023 3999.000  11.000
108.023 3999.000  11.000
112.023 4000.000  11.000
116.023 4000.000  11.000
120.023 3999.000  11.000
124.023 3999.000  11.000
128.023 3999.000  11.000
132.013 3990.000  11.000
136.014 4000.000  11.000
140.014 3999.000  11.000
144.013 3999.000  11.000
148.013 3999.000  10.000
152.013 4000.000  11.000
156.013 3999.000  11.000
160.013 3999.000  11.000
164.013 3999.000  11.000
168.013 4000.000  10.000
172.013 3999.000  11.000
