  5.607 5603.000    11  0.000000  0.006059  0.006545    0.00000    0.00000
  5.692   87.000    11  0.000000  0.004973  0.004339    0.00000    0.00000
  5.778   85.000    11  0.000000  0.004945  0.003430    0.00000    0.00000
  6.034  253.000    11  0.000000  0.003551  0.002072    0.00000    0.00000
  6.034  253.000    12  0.000000  0.001648  0.000261    0.00000    0.00000
  7.009  973.000    11  0.000000  0.001623  0.000831    0.00000    0.00000
  7.009  973.000    12  0.000000  0.000578  0.000100    0.00000    0.00000
  8.149  998.000    11  0.122030  0.095091  0.143181    0.01985    0.02977
  8.149  998.000    12  0.035492  0.095192  0.125966    0.02821    0.04231
  9.167 1001.000    11  0.224007  0.040790  0.061516    0.02102    0.03065
  9.167 1001.000    12  0.072463  0.051633  0.066366    0.03314    0.04821
 10.093  996.000    11  0.161912  0.029463  0.043037    0.01803    0.02464
 10.093  996.000    12  0.048482  0.042436  0.051951    0.03099    0.04149
 11.118 1018.000    11  0.135194  0.024659  0.034190    0.01702    0.02232
 11.118 1018.000    12  0.038592  0.038235  0.045286    0.03065    0.03897
 12.126  990.000    11  0.138724  0.023339  0.032247    0.01751    0.02222
 12.127  990.000    12  0.033240  0.036721  0.041856    0.03151    0.03863
 13.131  996.000    11  0.129053  0.022306  0.030793    0.01746    0.02158
 13.131  996.000    12  0.030131  0.036919  0.040887    0.03287    0.03920
 14.165 1018.000    11  0.123208  0.021660  0.030568    0.01792    0.02174
 14.166 1018.000    12  0.028263  0.037270  0.040655    0.03428    0.04001
 15.157  979.000    11  0.119012  0.022001  0.031057    0.01874    0.02248
 15.157  979.000    12  0.027337  0.038093  0.040890    0.03581    0.04108
 16.164 1001.000    11  0.119035  0.022747  0.031220    0.01964    0.02325
 16.164 1001.000    12  0.027411  0.038640  0.041271    0.03709    0.04203
 17.158  998.000    11  0.117343  0.022971  0.031153    0.02011    0.02371
 17.158  998.000    12  0.029017  0.039140  0.041533    0.03813    0.04281
 18.149 1001.000    11  0.116369  0.022923  0.030719    0.02017    0.02360
 18.149 1001.000    12  0.032086  0.039600  0.041620    0.03898    0.04345
 19.165 1000.000    11  0.113540  0.023388  0.030914    0.02064    0.02413
 19.165 1000.000    12  0.033559  0.039859  0.041760    0.03960    0.04387
 20.161 1000.000    11  0.111573  0.023749  0.031055    0.02103    0.02445
 20.161 1000.000    12  0.034208  0.040323  0.041583    0.04018    0.04431
 21.170  997.000    11  0.111624  0.024198  0.031526    0.02163    0.02510
 21.170  997.000    12  0.034655  0.040694  0.041657    0.04063    0.04463
 22.173 1001.000    11  0.112215  0.024359  0.032304    0.02184    0.02529
 22.173 1001.000    12  0.036021  0.040883  0.041817    0.04104    0.04492
 23.170 1001.000    11  0.112458  0.024716  0.032542    0.02219    0.02569
 23.170 1001.000    12  0.036850  0.041178  0.041949    0.04141    0.04520
 24.169  997.000    11  0.112977  0.025065  0.032761    0.02257    0.02606
 24.169  997.000    12  0.037986  0.041412  0.042104    0.04173    0.04544
 25.185  999.000    11  0.113020  0.025322  0.033536    0.02289    0.02644
 25.185  999.000    12  0.038989  0.041605  0.042502    0.04196    0.04560
 26.170  998.000    11  0.117313  0.025686  0.033808    0.02321    0.02678
 26.170  998.000    12  0.039906  0.041846  0.042592    0.04225    0.04582
 27.205 1027.000    11  0.121308  0.025914  0.034173    0.02367    0.02730
 27.205 1027.000    12  0.041190  0.041912  0.042615    0.04240    0.04591
 28.175  986.000    11  0.122424  0.026000  0.034179    0.02381    0.02743
 28.175  986.000    12  0.041673  0.042046  0.042769    0.04265    0.04611
 29.186  989.000    11  0.123682  0.026494  0.034612    0.02423    0.02796
 29.186  989.000    12  0.042419  0.042105  0.042854    0.04281    0.04622
 30.158  998.000    11  0.122892  0.026424  0.034459    0.02420    0.02784
 30.158  998.000    12  0.042984  0.042264  0.042945    0.04303    0.04640
 31.156 1001.000    11  0.124925  0.026475  0.034264    0.02418    0.02778
 31.157 1001.000    12  0.043575  0.042321  0.042826    0.04318    0.04651
 32.177 1001.000    11  0.125790  0.026639  0.034345    0.02433    0.02792
 32.177 1001.000    12  0.043552  0.042382  0.042901    0.04329    0.04658
 33.181  997.000    11  0.129848  0.026916  0.034611    0.02464    0.02824
 33.181  997.000    12  0.044781  0.042471  0.042915    0.04341    0.04667
 34.180 1002.000    11  0.135397  0.027186  0.034788    0.02489    0.02846
 34.180 1002.000    12  0.046042  0.042536  0.042970    0.04353    0.04676
 35.169 1000.000    11  0.140457  0.027357  0.034582    0.02502    0.02858
 35.170 1000.000    12  0.046902  0.042627  0.043030    0.04366    0.04686
 36.168  997.000    11  0.143520  0.027379  0.034543    0.02502    0.02858
 36.168  997.000    12  0.048047  0.042774  0.043146    0.04377    0.04694
 37.190 1020.000    11  0.150032  0.027465  0.034683    0.02515    0.02876
 37.190 1020.000    12  0.049577  0.042779  0.043087    0.04380    0.04694
 38.203 1009.000    11  0.154019  0.027536  0.034801    0.02529    0.02892
 38.203 1009.000    12  0.050594  0.042865  0.043122    0.04388    0.04700
 39.179  973.000    11  0.155992  0.027722  0.034946    0.02545    0.02907
 39.179  973.000    12  0.050601  0.042918  0.043200    0.04397    0.04707
 40.152  993.000    11  0.157962  0.027686  0.034906    0.02551    0.02912
 40.152  993.000    12  0.051010  0.042896  0.043133    0.04406    0.04714
 41.175 1020.000    11  0.158458  0.027521  0.034769    0.02547    0.02903
 41.175 1020.000    12  0.050860  0.042938  0.043159    0.04411    0.04717
 42.153  981.000    11  0.158267  0.027411  0.034617    0.02538    0.02891
 42.153  981.000    12  0.050502  0.043031  0.043221    0.04421    0.04726
 43.181 1004.000    11  0.159922  0.027594  0.034745    0.02551    0.02907
 43.181 1004.000    12  0.050578  0.043017  0.043189    0.04424    0.04727
 44.171  997.000    11  0.160291  0.027613  0.034836    0.02561    0.02917
 44.171  997.000    12  0.050786  0.043025  0.043187    0.04429    0.04730
 45.155 1002.000    11  0.159643  0.027548  0.034698    0.02555    0.02908
 45.155 1002.000    12  0.050643  0.042985  0.043228    0.04435    0.04734
 46.170  992.000    11  0.160414  0.027625  0.034835    0.02568    0.02927
 46.170  992.000    12  0.050629  0.043028  0.043164    0.04439    0.04737
 47.148 1003.000    11  0.160883  0.027526  0.034681    0.02561    0.02915
 47.148 1003.000    12  0.050659  0.043030  0.043157    0.04447    0.04745
 48.199 1017.000    11  0.162272  0.027648  0.034911    0.02577    0.02941
 48.199 1017.000    12  0.050647  0.043019  0.043113    0.04447    0.04742
 49.158  985.000    11  0.162621  0.027620  0.034802    0.02569    0.02929
 49.158  985.000    12  0.050718  0.043085  0.043162    0.04456    0.04751
 50.156  998.000    11  0.164062  0.027571  0.034763    0.02570    0.02929
 50.156  998.000    12  0.051036  0.043055  0.043131    0.04460    0.04754
 51.177  999.000    11  0.165851  0.027670  0.034986    0.02584    0.02952
 51.178  999.000    12  0.051235  0.043079  0.043059    0.04462    0.04753
 52.183 1002.000    11  0.167625  0.027840  0.035140    0.02598    0.02971
 52.183 1002.000    12  0.051179  0.043079  0.043090    0.04466    0.04757
 53.176 1001.000    11  0.169290  0.027865  0.035152    0.02603    0.02976
 53.176 1001.000    12  0.051412  0.043096  0.043125    0.04471    0.04761
 54.178  998.000    11  0.170022  0.027886  0.035220    0.02609    0.02981
 54.178  998.000    12  0.051406  0.043113  0.043154    0.04474    0.04763
 55.167 1012.000    11  0.170959  0.027854  0.035009    0.02602    0.02970
 55.167 1012.000    12  0.051443  0.043103  0.043210    0.04479    0.04767
 56.177 1003.000    11  0.172699  0.027798  0.035019    0.02603    0.02969
 56.177 1003.000    12  0.051542  0.043082  0.043145    0.04480    0.04767
 57.187  982.000    11  0.173456  0.027952  0.035232    0.02621    0.02991
 57.187  982.000    12  0.051432  0.043095  0.043141    0.04483    0.04769
 58.167  999.000    11  0.174127  0.028034  0.035256    0.02628    0.02999
 58.167  999.000    12  0.051484  0.043088  0.043122    0.04488    0.04774
 59.174 1006.000    11  0.174906  0.028014  0.035265    0.02631    0.03002
 59.175 1006.000    12  0.051606  0.043084  0.043151    0.04489    0.04774
 60.179  997.000    11  0.175794  0.028041  0.035370    0.02635    0.03005
 60.179  997.000    12  0.051744  0.043118  0.043099    0.04492    0.04776
 61.157  990.000    11  0.176088  0.027965  0.035314    0.02632    0.02999
 61.157  990.000    12  0.051972  0.043142  0.043123    0.04497    0.04780
 62.161 1005.000    11  0.176182  0.027946  0.035253    0.02627    0.02992
 62.161 1005.000    12  0.051876  0.043169  0.043108    0.04500    0.04782
 63.179 1000.000    11  0.176436  0.028005  0.035337    0.02630    0.03001
 63.179 1000.000    12  0.051771  0.043172  0.043106    0.04501    0.04783
 64.166  999.000    11  0.177576  0.028003  0.035332    0.02633    0.03003
 64.166  999.000    12  0.051967  0.043178  0.043150    0.04504    0.04785
 65.171  998.000    11  0.178411  0.028074  0.035352    0.02641    0.03013
 65.171  998.000    12  0.052161  0.043212  0.043110    0.04506    0.04787
 66.201 1006.000    11  0.179966  0.028268  0.035614    0.02661    0.03042
 66.201 1006.000    12  0.052311  0.043192  0.043084    0.04505    0.04784
 67.166  992.000    11  0.180753  0.028268  0.035602    0.02663    0.03041
 67.166  992.000    12  0.052479  0.043222  0.043149    0.04510    0.04789
 68.162 1001.000    11  0.181303  0.028237  0.035551    0.02660    0.03036
 68.162 1001.000    12  0.052450  0.043235  0.043154    0.04513    0.04792
 69.167 1000.000    11  0.181797  0.028194  0.035525    0.02658    0.03034
 69.167 1000.000    12  0.052360  0.043259  0.043205    0.04515    0.04793
 70.185 1014.000    11  0.182443  0.028179  0.035562    0.02661    0.03038
 70.185 1014.000    12  0.052516  0.043281  0.043227    0.04516    0.04793
 71.169  996.000    11  0.182833  0.028099  0.035554    0.02656    0.03031
 71.169  996.000    12  0.052756  0.043274  0.043259    0.04519    0.04796
 72.180  992.000    11  0.183661  0.028171  0.035618    0.02661    0.03039
 72.180  992.000    12  0.052800  0.043274  0.043260    0.04521    0.04797
 73.169  996.000    11  0.183239  0.028203  0.035645    0.02665    0.03043
 73.169  996.000    12  0.052736  0.043308  0.043273    0.04523    0.04800
 74.181 1003.000    11  0.183171  0.028244  0.035715    0.02671    0.03050
 74.181 1003.000    12  0.052812  0.043310  0.043288    0.04525    0.04800
 75.202 1031.000    11  0.183104  0.028230  0.035724    0.02672    0.03050
 75.202 1031.000    12  0.052833  0.043304  0.043287    0.04525    0.04800
 76.197  998.000    11  0.183079  0.028245  0.035680    0.02678    0.03058
 76.197  998.000    12  0.052841  0.043290  0.043319    0.04528    0.04802
 77.159  963.000    11  0.182630  0.028253  0.035701    0.02681    0.03061
 77.159  963.000    12  0.052969  0.043276  0.043342    0.04530    0.04804
 78.158 1005.000    11  0.182175  0.028234  0.035647    0.02680    0.03059
 78.158 1005.000    12  0.052961  0.043249  0.043341    0.04532    0.04806
 79.159 1001.000    11  0.181205  0.028204  0.035560    0.02674    0.03051
 79.159 1001.000    12  0.052827  0.043256  0.043341    0.04534    0.04807
 80.169  996.000    11  0.180831  0.028236  0.035583    0.02677    0.03053
 80.169  996.000    12  0.052702  0.043272  0.043338    0.04535    0.04808
 81.189 1023.000    11  0.180484  0.028219  0.035614    0.02679    0.03057
 81.189 1023.000    12  0.052772  0.043251  0.043331    0.04535    0.04808
 82.169  978.000    11  0.180332  0.028240  0.035651    0.02681    0.03060
 82.169  978.000    12  0.052793  0.043276  0.043345    0.04538    0.04810
 83.175 1002.000    11  0.179887  0.028294  0.035669    0.02685    0.03066
 83.175 1002.000    12  0.052702  0.043288  0.043318    0.04539    0.04811
 84.163  999.000    11  0.179844  0.028299  0.035680    0.02687    0.03070
 84.164  999.000    12  0.052519  0.043275  0.043304    0.04541    0.04813
 85.208 1019.000    11  0.180151  0.028399  0.035826    0.02696    0.03082
 85.208 1019.000    12  0.052420  0.043247  0.043269    0.04539    0.04809
 86.176  984.000    11  0.179984  0.028412  0.035822    0.02699    0.03083
 86.176  984.000    12  0.052530  0.043270  0.043310    0.04542    0.04813
 87.175  996.000    11  0.179671  0.028438  0.035828    0.02700    0.03084
 87.175  996.000    12  0.052446  0.043286  0.043331    0.04544    0.04814
 88.186 1008.000    11  0.179617  0.028449  0.035852    0.02703    0.03086
 88.186 1008.000    12  0.052485  0.043310  0.043361    0.04544    0.04814
 89.175  987.000    11  0.179904  0.028486  0.035899    0.02708    0.03092
 89.175  987.000    12  0.052553  0.043337  0.043399    0.04546    0.04816
 90.187 1024.000    11  0.179350  0.028438  0.035898    0.02709    0.03093
 90.187 1024.000    12  0.052486  0.043329  0.043389    0.04547    0.04816
 91.176  978.000    11  0.178650  0.028474  0.035895    0.02712    0.03095
 91.176  978.000    12  0.052389  0.043351  0.043422    0.04549    0.04818
 92.156  996.000    11  0.178188  0.028487  0.035853    0.02711    0.03092
 92.157  996.000    12  0.052397  0.043337  0.043412    0.04551    0.04820
 93.206 1031.000    11  0.177979  0.028503  0.035874    0.02715    0.03096
 93.206 1031.000    12  0.052391  0.043321  0.043415    0.04550    0.04819
 94.171  970.000    11  0.177689  0.028540  0.035912    0.02718    0.03100
 94.171  970.000    12  0.052290  0.043336  0.043422    0.04552    0.04820
 95.158  999.000    11  0.176822  0.028477  0.035872    0.02717    0.03098
 95.158  999.000    12  0.052188  0.043340  0.043414    0.04552    0.04820
 96.180 1000.000    11  0.176213  0.028516  0.035924    0.02721    0.03104
 96.180 1000.000    12  0.052128  0.043345  0.043404    0.04553    0.04820
 97.178 1000.000    11  0.175764  0.028559  0.035971    0.02725    0.03110
 97.178 1000.000    12  0.052088  0.043350  0.043408    0.04554    0.04821
 98.190 1000.000    11  0.175622  0.028580  0.036132    0.02726    0.03113
 98.191 1000.000    12  0.052220  0.043350  0.043434    0.04554    0.04822
 99.187 1020.000    11  0.175255  0.028571  0.036128    0.02727    0.03114
 99.187 1020.000    12  0.052300  0.043336  0.043455    0.04555    0.04822
100.166  978.000    11  0.175091  0.028570  0.036098    0.02727    0.03112
100.166  978.000    12  0.052247  0.043363  0.043485    0.04557    0.04824
101.170 1000.000    11  0.174554  0.028569  0.036103    0.02727    0.03112
101.170 1000.000    12  0.052280  0.043380  0.043485    0.04558    0.04825
102.183 1000.000    11  0.173998  0.028631  0.036158    0.02731    0.03118
102.183 1000.000    12  0.052206  0.043378  0.043489    0.04559    0.04825
103.181  997.000    11  0.173680  0.028692  0.036230    0.02738    0.03127
103.181  997.000    12  0.052172  0.043379  0.043488    0.04560    0.04826
104.181 1001.000    11  0.173374  0.028731  0.036278    0.02742    0.03132
104.181 1001.000    12  0.052259  0.043387  0.043505    0.04561    0.04827
105.171  999.000    11  0.173143  0.028739  0.036289    0.02745    0.03134
105.172  999.000    12  0.052295  0.043421  0.043513    0.04562    0.04828
106.167  999.000    11  0.173169  0.028752  0.036290    0.02746    0.03135
106.167  999.000    12  0.052387  0.043446  0.043485    0.04563    0.04829
107.175 1007.000    11  0.172700  0.028708  0.036239    0.02743    0.03131
107.175 1007.000    12  0.052321  0.043448  0.043508    0.04564    0.04829
108.180  993.000    11  0.172595  0.028748  0.036278    0.02748    0.03136
108.180  993.000    12  0.052262  0.043450  0.043508    0.04564    0.04829
109.170  999.000    11  0.172126  0.028762  0.036289    0.02748    0.03137
109.170  999.000    12  0.052263  0.043471  0.043510    0.04566    0.04831
110.175 1002.000    11  0.171762  0.028781  0.036285    0.02749    0.03138
110.175 1002.000    12  0.052282  0.043475  0.043523    0.04566    0.04831
111.189  996.000    11  0.171718  0.028869  0.036384    0.02758    0.03148
111.189  996.000    12  0.052425  0.043478  0.043517    0.04567    0.04831
112.192 1002.000    11  0.171311  0.028958  0.036502    0.02767    0.03161
112.193 1002.000    12  0.052350  0.043485  0.043512    0.04567    0.04832
113.178  996.000    11  0.170839  0.029023  0.036551    0.02773    0.03169
113.178  996.000    12  0.052282  0.043500  0.043495    0.04569    0.04833
114.177 1001.000    11  0.170503  0.029058  0.036578    0.02776    0.03172
114.177 1001.000    12  0.052183  0.043510  0.043500    0.04570    0.04834
115.160  999.000    11  0.170038  0.029030  0.036575    0.02773    0.03169
115.160  999.000    12  0.052109  0.043505  0.043509    0.04571    0.04835
116.168 1002.000    11  0.170654  0.029024  0.036570    0.02773    0.03168
116.168 1002.000    12  0.052218  0.043507  0.043510    0.04572    0.04835
117.214  999.000    11  0.170331  0.029018  0.036694    0.02770    0.03164
117.214  999.000    12  0.052248  0.043518  0.043737    0.04571    0.04834
118.164 1000.000    11  0.170661  0.029013  0.036687    0.02770    0.03164
118.164 1000.000    12  0.052337  0.043534  0.043757    0.04572    0.04835
119.190  997.000    11  0.170801  0.029085  0.036774    0.02776    0.03171
119.190  997.000    12  0.052414  0.043535  0.043757    0.04572    0.04835
120.198 1001.000    11  0.171814  0.029160  0.036910    0.02782    0.03179
120.198 1001.000    12  0.052531  0.043569  0.043756    0.04572    0.04835
121.191  999.000    11  0.171665  0.029243  0.037030    0.02792    0.03192
121.191  999.000    12  0.052643  0.043590  0.043743    0.04574    0.04836
122.178 1001.000    11  0.171178  0.029262  0.037055    0.02794    0.03195
122.178 1001.000    12  0.052502  0.043600  0.043756    0.04575    0.04837
123.180  998.000    11  0.170762  0.029299  0.037089    0.02798    0.03200
123.180  998.000    12  0.052435  0.043606  0.043758    0.04575    0.04838
124.186 1003.000    11  0.170868  0.029333  0.037139    0.02803    0.03205
124.186 1003.000    12  0.052560  0.043607  0.043767    0.04576    0.04838
125.166  995.000    11  0.170699  0.029329  0.037105    0.02803    0.03203
125.166  995.000    12  0.052591  0.043627  0.043787    0.04577    0.04839
126.194 1000.000    11  0.170629  0.029404  0.037175    0.02810    0.03212
126.194 1000.000    12  0.052552  0.043636  0.043784    0.04577    0.04839
127.191 1003.000    11  0.170471  0.029473  0.037229    0.02815    0.03220
127.191 1003.000    12  0.052482  0.043653  0.043782    0.04578    0.04839
128.178  997.000    11  0.170199  0.029494  0.037252    0.02818    0.03222
128.178  997.000    12  0.052420  0.043663  0.043789    0.04579    0.04840
129.171 1000.000    11  0.170097  0.029495  0.037229    0.02818    0.03222
129.171 1000.000    12  0.052475  0.043684  0.043790    0.04580    0.04841
130.177  999.000    11  0.170043  0.029508  0.037253    0.02821    0.03225
130.177  999.000    12  0.052496  0.043684  0.043800    0.04580    0.04841
131.200 1000.000    11  0.170404  0.029599  0.037357    0.02830    0.03237
131.200 1000.000    12  0.052604  0.043680  0.043791    0.04580    0.04841
132.207 1014.000    11  0.170603  0.029640  0.037420    0.02835    0.03243
132.207 1014.000    12  0.052669  0.043683  0.043811    0.04580    0.04841
133.173  995.000    11  0.170492  0.029633  0.037393    0.02835    0.03241
133.173  995.000    12  0.052691  0.043692  0.043828    0.04582    0.04842
134.194  992.000    11  0.170503  0.029662  0.037470    0.02842    0.03250
134.194  992.000    12  0.052772  0.043695  0.043827    0.04580    0.04841
135.349 1004.000    11  0.170864  0.029909  0.037752    0.02844    0.03252
135.349 1004.000    12  0.052942  0.043983  0.044070    0.04575    0.04836
