  8.182 8010.000    11  0.119401  0.073292  0.124412    0.01702    0.02553
  8.183 8010.000    12  0.047815  0.094337  0.144966    0.03018    0.04527
 12.266 4001.000    11  0.133253  0.015198  0.022827    0.01050    0.01547
 12.266 4001.000    12  0.025090  0.021790  0.030168    0.01666    0.02441
 16.253 3989.000    11  0.117316  0.013186  0.019111    0.01043    0.01459
 16.254 3989.000    12  0.023604  0.018867  0.024455    0.01638    0.02263
 20.255 4000.000    11  0.110060  0.013001  0.017780    0.01081    0.01484
 20.255 4000.000    12  0.028937  0.017844  0.022165    0.01625    0.02193
 24.285 3998.000    11  0.110671  0.013308  0.018181    0.01149    0.01567
 24.285 3998.000    12  0.032110  0.017291  0.021144    0.01615    0.02154
 28.301 4006.000    11  0.119166  0.013562  0.018571    0.01203    0.01638
 28.302 4006.000    12  0.037110  0.017046  0.020596    0.01610    0.02132
 32.283 3994.000    11  0.122808  0.013676  0.018587    0.01217    0.01652
 32.283 3994.000    12  0.039167  0.016934  0.020249    0.01610    0.02120
 36.312 4016.000    11  0.139382  0.013777  0.018784    0.01240    0.01675
 36.312 4016.000    12  0.042655  0.016837  0.020014    0.01606    0.02108
 40.289 3981.000    11  0.152808  0.013896  0.018913    0.01260    0.01701
 40.289 3981.000    12  0.044432  0.016776  0.019855    0.01606    0.02102
 44.275 4001.000    11  0.155012  0.013751  0.018790    0.01258    0.01697
 44.275 4001.000    12  0.043916  0.016677  0.019659    0.01606    0.02096
 48.309 4014.000    11  0.157411  0.013808  0.018979    0.01275    0.01721
 48.309 4014.000    12  0.044573  0.016587  0.019528    0.01603    0.02090
 52.299 3987.000    11  0.162428  0.013950  0.019225    0.01300    0.01755
 52.299 3987.000    12  0.044951  0.016481  0.019465    0.01604    0.02087
 56.260 3997.000    11  0.167438  0.013875  0.018944    0.01292    0.01742
 56.261 3997.000    12  0.045526  0.016440  0.019297    0.01604    0.02086
 60.301 4007.000    11  0.170618  0.013884  0.019051    0.01306    0.01761
 60.301 4007.000    12  0.045672  0.016428  0.019220    0.01602    0.02081
 64.291 4001.000    11  0.172480  0.013852  0.019025    0.01309    0.01763
 64.291 4001.000    12  0.045544  0.016393  0.019188    0.01603    0.02079
 68.309 3993.000    11  0.177012  0.013972  0.019221    0.01324    0.01784
 68.309 3993.000    12  0.046122  0.016377  0.019139    0.01602    0.02077
 72.299 3999.000    11  0.179608  0.014042  0.019314    0.01331    0.01794
 72.299 3999.000    12  0.047161  0.016340  0.019116    0.01602    0.02075
 76.325 4030.000    11  0.179103  0.014039  0.019442    0.01341    0.01807
 76.325 4030.000    12  0.047562  0.016317  0.019061    0.01601    0.02073
 80.279 3968.000    11  0.176779  0.014007  0.019370    0.01338    0.01801
 80.279 3968.000    12  0.047280  0.016299  0.019056    0.01602    0.02073
 84.315 4000.000    11  0.175855  0.014115  0.019555    0.01351    0.01819
 84.316 4000.000    12  0.047177  0.016303  0.019019    0.01601    0.02071
 88.311 4004.000    11  0.175626  0.014169  0.019646    0.01356    0.01826
 88.312 4004.000    12  0.047357  0.016288  0.019019    0.01601    0.02070
 92.285 3994.000    11  0.174065  0.014172  0.019629    0.01355    0.01824
 92.285 3994.000    12  0.047243  0.016250  0.019006    0.01601    0.02069
 96.297 3998.000    11  0.171910  0.014235  0.019667    0.01363    0.01833
 96.297 3998.000    12  0.046987  0.016225  0.018968    0.01601    0.02068
100.297 4000.000    11  0.171060  0.014279  0.019713    0.01368    0.01840
100.297 4000.000    12  0.047002  0.016202  0.018943    0.01601    0.02067
104.311 4000.000    11  0.169308  0.014381  0.019840    0.01378    0.01855
104.311 4000.000    12  0.046885  0.016200  0.018924    0.01600    0.02066
108.282 4000.000    11  0.168661  0.014379  0.019802    0.01377    0.01853
108.282 4000.000    12  0.047036  0.016179  0.018908    0.01600    0.02066
112.320 4000.000    11  0.167220  0.014473  0.019955    0.01388    0.01871
112.320 4000.000    12  0.046855  0.016161  0.018888    0.01600    0.02065
116.302 3999.000    11  0.166327  0.014522  0.020009    0.01394    0.01877
116.302 3999.000    12  0.046791  0.016143  0.018887    0.01600    0.02064
120.301 4000.000    11  0.167639  0.014578  0.020051    0.01399    0.01884
120.301 4000.000    12  0.047145  0.016128  0.018877    0.01600    0.02064
124.330 4001.000    11  0.166505  0.014700  0.020234    0.01412    0.01902
124.330 4001.000    12  0.047140  0.016115  0.018863    0.01599    0.02063
128.313 3997.000    11  0.165750  0.014792  0.020338    0.01422    0.01915
128.313 3997.000    12  0.047007  0.016117  0.018815    0.01600    0.02063
132.339 4014.000    11  0.166078  0.014874  0.020477    0.01430    0.01926
132.339 4014.000    12  0.047224  0.016118  0.018813    0.01599    0.02062
