  8.020 8012.000   8.000
 12.017 3997.000   8.000
 16.032 4014.000   8.000
 20.032 3998.000   9.000
 24.026 3992.000  11.000
 28.029 4000.000  13.000
 32.035 4010.000   9.000
 36.049 4011.000  12.000
 40.045 3997.000  11.000
 44.044 3998.000  11.000
 48.027 3980.000  13.000
 52.029 4000.000  14.000
 56.038 4010.000  12.000
 60.035 3998.000  11.000
 64.028 3992.000  12.000
 68.038 4009.000  12.000
 72.026 3988.000  12.000
 76.038 4010.000  13.000
 80.055 4019.000  11.000
 84.032 3972.000  15.000
 88.026 3997.000  12.000
 92.035 4009.000  11.000
 96.028 3991.000  13.000
100.024 3997.000  12.000
104.028 4002.000  13.000
108.025 3998.000  12.000
112.033 4003.000  16.000
116.025 3996.000  12.000
120.033 4004.000  16.000
124.028 3998.000  13.000
128.030 4000.000  14.000
132.059 4029.000  14.000
136.033 3971.000  16.000
140.033 4000.000  16.000
144.057 4022.000  18.000
148.063 4007.000  16.000
152.033 3969.000  16.000
