  5.585 5581.000    11  0.000000  0.006162  0.006384    0.00000    0.00000
  6.009  425.000    11  0.000000  0.002637  0.001574    0.00000    0.00000
  6.009  425.000    12  0.000000  0.001596  0.000247    0.00000    0.00000
  7.638 1627.000    11  0.000000  0.000887  0.000455    0.00000    0.00000
  7.638 1627.000    12  0.000000  0.000407  0.000070    0.00000    0.00000
  9.199 1373.000    11  0.221295  0.023348  0.035455    0.01858    0.02787
  9.199 1373.000    12  0.050826  0.034877  0.041301    0.02913    0.04370
 10.643 1521.000    11  0.146572  0.017072  0.024485    0.01475    0.02054
 10.643 1521.000    12  0.032764  0.028090  0.033887    0.02542    0.03478
 12.151 1490.000    11  0.139673  0.015783  0.022808    0.01453    0.01937
 12.151 1490.000    12  0.026868  0.026428  0.030818    0.02519    0.03262
 13.655 1489.000    11  0.127752  0.015610  0.022191    0.01474    0.01895
 13.656 1489.000    12  0.024606  0.026866  0.029801    0.02616    0.03259
 15.178 1499.000    11  0.119352  0.016098  0.022600    0.01534    0.01929
 15.178 1499.000    12  0.023733  0.027814  0.030197    0.02748    0.03328
 16.687 1498.000    11  0.119219  0.016925  0.023283    0.01621    0.02008
 16.687 1498.000    12  0.024713  0.028291  0.030470    0.02839    0.03377
 18.173 1499.000    11  0.116334  0.017139  0.023203    0.01632    0.01999
 18.173 1499.000    12  0.027586  0.028884  0.030615    0.02909    0.03418
 19.681 1499.000    11  0.113191  0.017456  0.023547    0.01671    0.02043
 19.681 1499.000    12  0.029491  0.029239  0.030796    0.02956    0.03443
 21.208 1499.000    11  0.112493  0.017896  0.025140    0.01724    0.02099
 21.208 1499.000    12  0.030160  0.029386  0.031123    0.02988    0.03458
 22.674 1493.000    11  0.113032  0.018050  0.025244    0.01745    0.02117
 22.674 1493.000    12  0.032280  0.029732  0.031247    0.03026    0.03482
 24.200 1506.000    11  0.113832  0.018637  0.025644    0.01797    0.02176
 24.200 1506.000    12  0.033846  0.030015  0.031349    0.03046    0.03491
 25.694 1502.000    11  0.115335  0.019176  0.025920    0.01839    0.02230
 25.694 1502.000    12  0.034738  0.030219  0.031215    0.03069    0.03505
 27.226 1524.000    11  0.120925  0.019559  0.026282    0.01883    0.02278
 27.227 1524.000    12  0.036921  0.030252  0.031288    0.03081    0.03509
 28.708 1477.000    11  0.123047  0.020102  0.026749    0.01926    0.02333
 28.708 1477.000    12  0.038249  0.030425  0.031367    0.03099    0.03520
 30.181 1496.000    11  0.122303  0.020115  0.026677    0.01923    0.02319
 30.181 1496.000    12  0.038973  0.030579  0.031509    0.03116    0.03532
 31.680 1499.000    11  0.123748  0.020184  0.026570    0.01930    0.02323
 31.680 1499.000    12  0.039858  0.030691  0.031409    0.03128    0.03539
 33.203 1500.000    11  0.128494  0.020502  0.026849    0.01957    0.02351
 33.203 1500.000    12  0.040306  0.030801  0.031460    0.03135    0.03541
 34.707 1505.000    11  0.137314  0.020716  0.027122    0.01986    0.02378
 34.707 1505.000    12  0.041966  0.030860  0.031527    0.03143    0.03545
 36.189 1494.000    11  0.142004  0.020775  0.027142    0.01987    0.02377
 36.189 1494.000    12  0.044057  0.030968  0.031630    0.03154    0.03553
 37.711 1522.000    11  0.150513  0.020828  0.027256    0.01998    0.02393
 37.711 1522.000    12  0.045680  0.031017  0.031522    0.03159    0.03554
 39.209 1481.000    11  0.153819  0.020963  0.027576    0.02016    0.02413
 39.209 1481.000    12  0.045793  0.031017  0.031576    0.03165    0.03558
 40.681 1506.000    11  0.156734  0.020937  0.027417    0.02017    0.02411
 40.681 1506.000    12  0.046153  0.030990  0.031525    0.03174    0.03564
 42.179 1490.000    11  0.155886  0.020872  0.027311    0.02010    0.02398
 42.179 1490.000    12  0.045594  0.031015  0.031577    0.03180    0.03568
 43.701 1523.000    11  0.157952  0.020868  0.027073    0.02016    0.02405
 43.701 1523.000    12  0.045683  0.030939  0.031595    0.03183    0.03568
 45.212 1506.000    11  0.157675  0.020818  0.027097    0.02018    0.02407
 45.212 1506.000    12  0.045551  0.030905  0.031621    0.03186    0.03570
 46.703 1485.000    11  0.159052  0.020894  0.027209    0.02028    0.02420
 46.703 1485.000    12  0.045743  0.030951  0.031554    0.03191    0.03572
 48.218 1496.000    11  0.160382  0.021071  0.027478    0.02045    0.02444
 48.218 1496.000    12  0.046232  0.030994  0.031581    0.03194    0.03573
 49.687 1491.000    11  0.161563  0.021055  0.027443    0.02042    0.02438
 49.687 1491.000    12  0.046236  0.031015  0.031658    0.03200    0.03579
 51.212 1507.000    11  0.163559  0.021193  0.027618    0.02055    0.02458
 51.212 1507.000    12  0.046371  0.031033  0.031683    0.03202    0.03578
 52.705 1492.000    11  0.166474  0.021394  0.027795    0.02073    0.02483
 52.705 1492.000    12  0.046735  0.031044  0.031631    0.03205    0.03581
 54.203 1501.000    11  0.167783  0.021404  0.027876    0.02079    0.02487
 54.203 1501.000    12  0.046719  0.031079  0.031682    0.03208    0.03583
 55.675 1495.000    11  0.169433  0.021359  0.027741    0.02073    0.02476
 55.675 1495.000    12  0.047043  0.031132  0.031648    0.03213    0.03586
 57.209 1504.000    11  0.170745  0.021446  0.027916    0.02087    0.02493
 57.209 1504.000    12  0.046981  0.031144  0.031658    0.03213    0.03585
 58.701 1497.000    11  0.171622  0.021554  0.027989    0.02095    0.02501
 58.701 1497.000    12  0.047153  0.031179  0.031702    0.03216    0.03587
 60.189 1507.000    11  0.173319  0.021563  0.027939    0.02099    0.02505
 60.190 1507.000    12  0.047300  0.031171  0.031663    0.03219    0.03589
 61.686 1492.000    11  0.173929  0.021539  0.027881    0.02095    0.02498
 61.686 1492.000    12  0.047425  0.031170  0.031693    0.03222    0.03591
 63.202 1500.000    11  0.174278  0.021608  0.027923    0.02098    0.02503
 63.202 1500.000    12  0.047310  0.031202  0.031721    0.03223    0.03591
 64.693 1492.000    11  0.175534  0.021716  0.027971    0.02104    0.02511
 64.693 1492.000    12  0.047338  0.031215  0.031753    0.03225    0.03592
 66.227 1510.000    11  0.177828  0.021895  0.028332    0.02129    0.02545
 66.227 1510.000    12  0.047515  0.031213  0.031752    0.03225    0.03591
 67.691 1496.000    11  0.179082  0.021917  0.028316    0.02131    0.02544
 67.691 1496.000    12  0.047786  0.031244  0.031808    0.03229    0.03595
 69.189 1493.000    11  0.179798  0.021931  0.028287    0.02128    0.02540
 69.189 1493.000    12  0.047668  0.031260  0.031936    0.03231    0.03596
 70.690 1502.000    11  0.180993  0.021977  0.028283    0.02128    0.02540
 70.690 1502.000    12  0.047549  0.031256  0.031952    0.03232    0.03596
 72.201 1501.000    11  0.181284  0.022065  0.028380    0.02133    0.02547
 72.201 1501.000    12  0.047653  0.031277  0.031964    0.03233    0.03597
 73.682 1494.000    11  0.180910  0.022091  0.028356    0.02132    0.02544
 73.682 1494.000    12  0.047520  0.031307  0.031992    0.03236    0.03599
 75.228 1541.000    11  0.181051  0.022114  0.028309    0.02136    0.02550
 75.228 1541.000    12  0.047692  0.031305  0.031987    0.03235    0.03597
 76.692 1466.000    11  0.180674  0.022207  0.028351    0.02143    0.02559
 76.692 1466.000    12  0.047682  0.031289  0.031960    0.03238    0.03600
 78.182 1492.000    11  0.180043  0.022161  0.028319    0.02141    0.02555
 78.182 1492.000    12  0.047599  0.031295  0.031986    0.03240    0.03601
 79.701 1529.000    11  0.179121  0.022081  0.028217    0.02133    0.02545
 79.701 1529.000    12  0.047786  0.031299  0.031987    0.03240    0.03601
 81.191 1476.000    11  0.178371  0.022120  0.028266    0.02140    0.02553
 81.191 1476.000    12  0.047650  0.031271  0.031991    0.03242    0.03602
 82.696 1500.000    11  0.177961  0.022159  0.028305    0.02142    0.02557
 82.697 1500.000    12  0.047747  0.031287  0.032002    0.03243    0.03602
 84.190 1492.000    11  0.177717  0.022215  0.028407    0.02149    0.02568
 84.190 1492.000    12  0.047559  0.031259  0.031990    0.03244    0.03603
 85.708 1508.000    11  0.178410  0.022301  0.028497    0.02157    0.02578
 85.708 1508.000    12  0.047874  0.031268  0.031997    0.03244    0.03603
 87.192 1500.000    11  0.177582  0.022330  0.028512    0.02158    0.02578
 87.192 1500.000    12  0.047755  0.031291  0.031972    0.03246    0.03604
 88.704 1498.000    11  0.178246  0.022403  0.028595    0.02165    0.02587
 88.704 1498.000    12  0.048023  0.031301  0.031963    0.03246    0.03604
 90.209 1522.000    11  0.177172  0.022368  0.028580    0.02165    0.02586
 90.210 1522.000    12  0.047959  0.031269  0.031971    0.03247    0.03604
 91.692 1477.000    11  0.176202  0.022366  0.028575    0.02166    0.02585
 91.692 1477.000    12  0.047904  0.031291  0.031995    0.03249    0.03606
 93.183 1493.000    11  0.175676  0.022342  0.028585    0.02167    0.02585
 93.183 1493.000    12  0.047846  0.031290  0.032006    0.03250    0.03606
 94.693 1506.000    11  0.174897  0.022343  0.028577    0.02168    0.02585
 94.693 1506.000    12  0.047886  0.031302  0.032015    0.03250    0.03607
 96.207 1499.000    11  0.173776  0.022402  0.028664    0.02174    0.02593
 96.207 1499.000    12  0.047806  0.031315  0.032022    0.03250    0.03606
 97.711 1500.000    11  0.173240  0.022473  0.028772    0.02180    0.02604
 97.711 1500.000    12  0.047714  0.031310  0.032033    0.03251    0.03607
 99.212 1521.000    11  0.172991  0.022471  0.028795    0.02182    0.02606
 99.212 1521.000    12  0.047724  0.031282  0.032039    0.03252    0.03607
100.690 1478.000    11  0.172546  0.022506  0.028785    0.02184    0.02606
100.690 1478.000    12  0.047804  0.031307  0.032013    0.03253    0.03608
102.197 1492.000    11  0.171626  0.022522  0.028830    0.02187    0.02610
102.197 1492.000    12  0.047686  0.031318  0.032013    0.03254    0.03608
103.712 1507.000    11  0.171107  0.022595  0.028919    0.02195    0.02621
103.712 1507.000    12  0.047763  0.031326  0.032021    0.03254    0.03608
105.198 1493.000    11  0.170828  0.022625  0.028977    0.02200    0.02626
105.198 1493.000    12  0.047799  0.031351  0.032030    0.03255    0.03609
106.687 1504.000    11  0.170770  0.022606  0.028947    0.02198    0.02622
106.687 1504.000    12  0.047942  0.031360  0.032049    0.03256    0.03610
108.198 1500.000    11  0.170300  0.022629  0.028959    0.02199    0.02625
108.198 1500.000    12  0.047792  0.031368  0.032064    0.03256    0.03610
109.684 1497.000    11  0.169478  0.022583  0.028950    0.02198    0.02622
109.684 1497.000    12  0.047887  0.031380  0.032064    0.03257    0.03611
111.211 1501.000    11  0.169287  0.022654  0.029048    0.02205    0.02633
111.211 1501.000    12  0.047874  0.031368  0.032065    0.03257    0.03610
112.721 1502.000    11  0.168561  0.022771  0.029166    0.02216    0.02647
112.721 1502.000    12  0.047863  0.031374  0.032068    0.03257    0.03610
114.200 1492.000    11  0.168030  0.022843  0.029238    0.02221    0.02654
114.200 1492.000    12  0.047851  0.031389  0.032071    0.03259    0.03611
115.701 1515.000    11  0.168028  0.022829  0.029233    0.02220    0.02653
115.701 1515.000    12  0.047901  0.031385  0.032080    0.03259    0.03611
117.191 1492.000    11  0.167706  0.022811  0.029194    0.02217    0.02649
117.191 1492.000    12  0.047917  0.031399  0.032104    0.03260    0.03612
118.704 1502.000    11  0.168156  0.022836  0.029227    0.02220    0.02651
118.704 1502.000    12  0.047906  0.031408  0.032093    0.03260    0.03612
120.211 1490.000    11  0.169314  0.022932  0.029322    0.02227    0.02661
120.211 1490.000    12  0.048279  0.031420  0.032107    0.03260    0.03612
121.722 1507.000    11  0.168961  0.023039  0.029455    0.02237    0.02675
121.722 1507.000    12  0.048257  0.031423  0.032110    0.03261    0.03612
123.203 1497.000    11  0.168246  0.023094  0.029535    0.02244    0.02682
123.203 1497.000    12  0.048161  0.031437  0.032078    0.03261    0.03613
124.702 1502.000    11  0.168259  0.023123  0.029547    0.02246    0.02685
124.702 1502.000    12  0.048228  0.031447  0.032088    0.03262    0.03613
126.212 1499.000    11  0.167963  0.023177  0.029616    0.02252    0.02692
126.212 1499.000    12  0.048188  0.031440  0.032095    0.03262    0.03613
127.705 1498.000    11  0.167708  0.023219  0.029669    0.02257    0.02697
127.705 1498.000    12  0.048158  0.031450  0.032091    0.03263    0.03613
129.201 1502.000    11  0.167397  0.023239  0.029673    0.02258    0.02699
129.201 1502.000    12  0.048088  0.031460  0.032099    0.03263    0.03614
130.716 1493.000    11  0.167457  0.023316  0.029784    0.02266    0.02709
130.716 1493.000    12  0.048152  0.031464  0.032099    0.03263    0.03613
132.221 1515.000    11  0.167634  0.023356  0.029858    0.02273    0.02717
132.222 1515.000    12  0.048139  0.031466  0.032114    0.03264    0.03614
133.724 1513.000    11  0.167475  0.023380  0.029882    0.02275    0.02719
133.724 1513.000    12  0.048156  0.031475  0.032110    0.03264    0.03614
135.416 1472.000    11  0.167869  0.023720  0.030380    0.02279    0.02725
135.416 1472.000    12  0.048172  0.031814  0.032440    0.03259    0.03608
