  0.500   0.00000      44      44
  1.001   0.34694      49      32
  1.501   0.11765      51      45
  2.001   0.32653      49      33
  2.501   0.09804      51      46
  3.001   0.00000      49      49
  3.501   0.00000      50      50
  4.000   0.00000      49      49
  4.501   0.00000      50      50
  5.001   0.23529      51      39
  5.501   0.25000      48      36
  6.001   0.08000      50      46
  6.501   0.09804      51      46
  7.001   0.02041      49      48
  7.501   0.05882      51      48
  8.001   0.30612      49      34
  8.501   0.91837      49       4
  9.001   0.21569      51      40
  9.501   0.14286      49      42
 10.001   0.18000      50      41
 10.501   0.18367      49      40
 11.001   0.16000      50      42
 11.501   0.36000      50      32
 12.000   0.20000      50      40
 12.501   0.67347      49      16
 13.001   0.20408      49      39
 13.501   0.24000      50      38
 14.001   0.19608      51      41
 14.501   0.20000      50      40
 15.002   0.30612      49      34
 15.501   0.36735      49      31
 16.003   0.34000      50      33
 16.501   0.78431      51      11
 17.000   0.28571      49      35
 17.501   0.38000      50      31
 18.002   0.36000      50      32
 18.501   0.34000      50      33
 19.001   0.36735      49      31
 19.501   0.34694      49      32
 20.005   0.36000      50      32
 20.501   0.79592      49      10
 21.001   0.38000      50      31
 21.501   0.38000      50      31
 22.002   0.42000      50      29
 22.501   0.42000      50      29
 23.001   0.42857      49      28
 23.501   0.42857      49      28
 24.005   0.40000      50      30
 24.501   0.86000      50       7
 25.000   0.40000      50      30
 25.501   0.47917      48      25
 26.001   0.45098      51      28
 26.501   0.55102      49      22
 27.001   0.34694      49      32
 27.501   0.46000      50      27
 28.004   0.38000      50      31
 28.503   0.91837      49       4
 29.001   0.42000      50      29
 29.500   0.42857      49      28
 30.001   0.34000      50      33
 30.501   0.46939      49      26
 31.001   0.42000      50      29
 31.501   0.35417      48      31
 32.006   0.50000      50      25
 32.500   0.93878      49       3
 33.001   0.50000      50      25
 33.502   0.64000      50      18
 34.003   0.48980      49      25
 34.501   0.56000      50      22
 35.001   0.54000      50      23
 35.501   0.53061      49      23
 36.001   0.50000      48      24
 36.500   0.98000      50       1
 37.006   0.56863      51      22
 37.501   0.51020      49      24
 38.001   0.44000      50      28
 38.505   0.46939      49      26
 39.003   0.39216      51      31
 39.502   0.46939      49      26
 40.005   0.40000      50      30
 40.502   0.86000      50       7
 41.006   0.28571      49      35
 41.502   0.36000      50      32
 42.001   0.32653      49      33
 42.501   0.42857      49      28
 43.003   0.48000      50      26
 43.501   0.36000      50      32
 44.002   0.37255      51      32
 44.502   0.77551      49      11
 45.001   0.34694      49      32
 45.501   0.40000      50      30
 46.001   0.40000      50      30
 46.502   0.40000      50      30
 47.004   0.36000      50      32
 47.501   0.42000      50      29
 48.004   0.39216      51      31
 48.501   0.89583      48       5
 49.003   0.36000      50      32
 49.502   0.44000      50      28
 50.001   0.34694      49      32
 50.501   0.46000      50      27
 51.002   0.44000      50      28
 51.505   0.48000      50      26
 52.003   0.46939      49      26
 52.500   0.92000      50       4
 53.002   0.44898      49      27
 53.501   0.38776      49      30
 54.001   0.49020      51      26
 54.503   0.36735      49      31
 55.001   0.38000      50      31
 55.501   0.48000      50      26
 56.005   0.42857      49      28
 56.501   0.86000      50       7
 57.001   0.44898      49      27
 57.501   0.42000      50      29
 58.003   0.42000      50      29
 58.502   0.38776      49      30
 59.002   0.44000      50      28
 59.501   0.44898      49      27
 60.003   0.40000      50      30
 60.501   0.88000      50       6
 61.001   0.38000      50      31
 61.501   0.41667      48      28
 62.004   0.42000      50      29
 62.501   0.44000      50      28
 63.003   0.40816      49      29
 63.503   0.48000      50      26
 64.002   0.38000      50      31
 64.500   0.92000      50       4
 65.001   0.44898      49      27
 65.502   0.42000      50      29
 66.001   0.46000      50      27
 66.503   0.40000      50      30
 67.001   0.46939      49      26
 67.502   0.48000      50      26
 68.005   0.46000      50      27
 68.501   0.93878      49       3
 69.001   0.44000      50      28
 69.501   0.50000      50      25
 70.006   0.34000      50      33
 70.501   0.48980      49      25
 71.004   0.43137      51      29
 71.504   0.53061      49      23
 72.003   0.50000      50      25
 72.500   0.86000      50       7
 73.001   0.43750      48      27
 73.501   0.41176      51      30
 74.002   0.38776      49      30
 74.503   0.51020      49      24
 75.001   0.32653      49      33
 75.501   0.40000      50      30
 76.000   0.40000      50      30
 76.502   0.86000      50       7
 77.001   0.36735      49      31
 77.500   0.36000      50      32
 78.002   0.36735      49      31
 78.501   0.32000      50      34
 79.002   0.36000      50      32
 79.502   0.40816      49      29
 80.005   0.42000      50      29
 80.501   0.83673      49       8
 81.000   0.36000      50      32
 81.502   0.41176      51      30
 82.001   0.39583      48      29
 82.501   0.38000      50      31
 83.002   0.44000      50      28
 83.501   0.44000      50      28
 84.005   0.41176      51      30
 84.501   0.97959      49       1
 85.000   0.38776      49      30
 85.502   0.48000      50      26
 86.001   0.29167      48      34
 86.501   0.44000      50      28
 87.002   0.42000      50      29
 87.501   0.40816      49      29
 88.004   0.37255      51      32
 88.502   1.00000      49       0
 89.001   0.38000      50      31
 89.502   0.39216      51      31
 90.001   0.33333      48      32
 90.502   0.38000      50      31
 91.001   0.36735      49      31
 91.501   0.38776      49      30
 92.003   0.42000      50      29
 92.501   0.90000      50       5
 93.000   0.30612      49      34
 93.502   0.44898      49      27
 94.001   0.40000      50      30
 94.501   0.37255      51      32
 95.001   0.33333      48      32
 95.501   0.38000      50      31
 96.007   0.39216      51      31
 96.501   0.83673      49       8
 97.001   0.42000      50      29
 97.501   0.40816      49      29
 98.001   0.42000      50      29
 98.501   0.34000      50      33
 99.003   0.42000      50      29
 99.501   0.50000      50      25
100.002   0.38000      50      31
100.501   0.85714      49       7
101.002   0.36000      50      32
101.501   0.38000      50      31
102.002   0.42000      50      29
102.501   0.40816      49      29
103.001   0.38000      50      31
103.502   0.38776      49      30
104.002   0.38000      50      31
104.501   0.90196      51       5
105.002   0.42857      49      28
105.500   0.41667      48      28
106.002   0.44000      50      28
106.500   0.32653      49      33
107.003   0.33333      51      34
107.502   0.48980      49      25
108.006   0.38000      50      31
108.501   0.80000      50      10
109.002   0.36000      50      32
109.500   0.36735      49      31
110.002   0.36000      50      32
110.502   0.42857      49      28
111.001   0.40000      50      30
111.501   0.38776      49      30
112.005   0.41176      51      30
112.501   0.87755      49       6
113.000   0.38776      49      30
113.501   0.36000      50      32
114.001   0.40000      50      30
114.501   0.36735      49      31
115.001   0.32000      50      34
115.501   0.48000      50      26
116.005   0.45098      51      28
116.502   0.87755      49       6
117.002   0.44000      50      28
117.501   0.42000      50      29
118.001   0.43750      48      27
118.501   0.42000      50      29
119.001   0.44000      50      28
119.502   0.55102      49      22
120.005   0.46000      50      27
120.501   0.86000      50       7
121.001   0.41667      48      28
121.501   0.37255      51      32
122.001   0.38000      50      31
122.502   0.36735      49      31
123.001   0.40000      50      30
123.501   0.40816      49      29
124.001   0.42000      50      29
124.501   0.93878      49       3
125.000   0.36000      50      32
125.502   0.44898      49      27
126.002   0.40000      50      30
126.502   0.40816      49      29
127.003   0.40000      50      30
127.501   0.40816      49      29
128.003   0.39216      51      31
128.501   0.83673      49       8
129.002   0.42857      49      28
129.501   0.47059      51      27
130.000   0.36735      49      31
130.501   0.48980      49      25
131.001   0.42000      50      29
131.501   0.36735      49      31
132.003   0.42000      50      29
132.502   0.96000      50       2
133.000   0.36735      49      31
133.501   0.30612      49      34
134.004   0.49020      51      26
134.501   0.42857      49      28
135.001   0.62000      50      19
