  4.195 4192.000   2.000
  4.281   88.000   1.000
  4.365   84.000   0.000
  4.414   48.000   1.000
  4.417    2.000   0.000
  4.420    3.000   0.000
  4.423    2.000   0.000
  4.427    3.000   0.000
  4.429    2.000   0.000
  4.432    2.000   0.000
  4.435    3.000   0.000
  4.438    2.000   0.000
  4.441    2.000   0.000
  4.444    3.000   0.000
  4.447    3.000   0.000
  4.502   53.000   1.000
  4.757  255.000   1.000
  5.007  250.000   1.000
  5.257  249.000   1.000
  5.507  249.000   1.000
  5.757  249.000   1.000
  6.007  249.000   1.000
  6.257  249.000   1.000
  6.507  249.000   1.000
  6.757  249.000   2.000
  7.008  251.000   2.000
  7.258  249.000   2.000
  7.508  250.000   2.000
  7.758  249.000   2.000
  8.018  260.000   2.000
  8.268  249.000   2.000
  8.518  250.000   2.000
  8.768  249.000   2.000
  9.018  250.000   2.000
  9.268  249.000   2.000
  9.518  250.000   2.000
  9.767  249.000   2.000
 10.018  250.000   2.000
 10.268  249.000   2.000
 10.518  250.000   2.000
 10.767  249.000   2.000
 11.018  251.000   2.000
 11.268  249.000   2.000
 11.518  250.000   2.000
 11.768  249.000   2.000
 12.018  250.000   2.000
 12.268  249.000   2.000
 12.518  250.000   2.000
 12.768  249.000   2.000
 13.018  250.000   3.000
 13.268  249.000   3.000
 13.518  250.000   3.000
 13.768  249.000   3.000
 14.018  250.000   3.000
 14.268  249.000   3.000
 14.518  250.000   3.000
 14.768  249.000   3.000
 15.019  250.000   3.000
 15.269  249.000   3.000
 15.519  249.000   3.000
 15.769  249.000   3.000
 16.019  249.000   3.000
 16.269  249.000   3.000
 16.519  250.000   3.000
 16.769  249.000   3.000
 17.018  249.000   3.000
 17.268  249.000   3.000
 17.518  250.000   3.000
 17.768  249.000   3.000
 18.018  250.000   3.000
 18.268  249.000   3.000
 18.518  250.000   3.000
 18.768  249.000   3.000
 19.019  250.000   3.000
 19.269  249.000   3.000
 19.519  250.000   3.000
 19.769  249.000   3.000
 20.019  249.000   3.000
 20.269  249.000   3.000
 20.519  250.000   3.000
 20.769  249.000   3.000
 21.018  249.000   3.000
 21.268  249.000   3.000
 21.518  250.000   3.000
 21.768  249.000   3.000
 22.018  249.000   3.000
 22.268  249.000   3.000
 22.518  250.000   3.000
 22.768  249.000   3.000
 23.019  251.000   3.000
 23.269  249.000   3.000
 23.519  250.000   3.000
 23.769  249.000   3.000
 24.019  249.000   3.000
 24.269  249.000   3.000
 24.519  250.000   3.000
 24.768  249.000   3.000
 25.018  249.000   3.000
 25.268  249.000   3.000
 25.518  250.000   3.000
 25.768  249.000   3.000
 26.018  249.000   3.000
 26.268  249.000   3.000
 26.518  249.000   3.000
 26.768  249.000   3.000
 27.019  250.000   3.000
 27.269  249.000   3.000
 27.519  250.000   3.000
 27.769  249.000   3.000
 28.019  249.000   3.000
 28.269  249.000   3.000
 28.519  250.000   3.000
 28.768  249.000   3.000
 29.018  249.000   3.000
 29.268  249.000   3.000
 29.518  250.000   3.000
 29.768  249.000   3.000
 30.018  249.000   3.000
 30.268  249.000   3.000
 30.518  249.000   3.000
 30.768  249.000   3.000
 31.019  250.000   3.000
 31.269  249.000   3.000
 31.519  250.000   3.000
 31.769  249.000   3.000
 32.019  249.000   3.000
 32.269  249.000   3.000
 32.519  250.000   3.000
 32.768  249.000   3.000
 33.018  250.000   3.000
 33.268  249.000   3.000
 33.518  250.000   3.000
 33.768  249.000   3.000
 34.018  249.000   3.000
 34.268  249.000   3.000
 34.518  250.000   3.000
 34.768  249.000   3.000
 35.019  250.000   3.000
 35.269  249.000   3.000
 35.519  249.000   3.000
 35.769  249.000   3.000
 36.009  240.000   3.000
 36.259  249.000   3.000
 36.509  250.000   3.000
 36.758  249.000   3.000
 37.009  250.000   3.000
 37.258  249.000   3.000
 37.508  250.000   3.000
 37.758  249.000   3.000
 38.008  250.000   3.000
 38.258  249.000   3.000
 38.508  249.000   3.000
 38.758  249.000   3.000
 39.009  251.000   3.000
 39.259  249.000   3.000
 39.509  250.000   3.000
 39.759  249.000   3.000
 40.009  250.000   3.000
 40.259  249.000   3.000
 40.509  249.000   3.000
 40.759  249.000   3.000
 41.009  250.000   3.000
 41.258  249.000   3.000
 41.508  250.000   3.000
 41.758  249.000   3.000
 42.008  250.000   3.000
 42.258  249.000   3.000
 42.508  249.000   3.000
 42.758  249.000   3.000
 43.009  251.000   3.000
 43.259  249.000   3.000
 43.509  250.000   3.000
 43.759  249.000   3.000
 44.009  250.000   3.000
 44.259  249.000   3.000
 44.509  250.000   3.000
 44.759  250.000   3.000
 45.009  249.000   3.000
 45.258  249.000   3.000
 45.508  250.000   3.000
 45.758  249.000   3.000
 46.008  250.000   3.000
 46.258  249.000   3.000
 46.508  249.000   3.000
 46.758  249.000   3.000
 47.009  251.000   3.000
 47.259  249.000   3.000
 47.509  250.000   3.000
 47.759  249.000   3.000
 48.009  250.000   3.000
 48.259  249.000   3.000
 48.509  250.000   3.000
 48.759  249.000   3.000
 49.009  250.000   3.000
 49.258  249.000   3.000
 49.508  250.000   3.000
 49.758  249.000   3.000
 50.008  250.000   3.000
 50.258  249.000   3.000
 50.508  249.000   3.000
 50.758  249.000   3.000
 51.009  251.000   3.000
 51.259  249.000   3.000
 51.509  250.000   3.000
 51.759  249.000   3.000
 52.009  250.000   3.000
 52.259  249.000   3.000
 52.509  249.000   3.000
 52.759  249.000   3.000
 53.009  250.000   3.000
 53.258  249.000   3.000
 53.508  250.000   3.000
 53.758  249.000   3.000
 54.008  250.000   3.000
 54.258  249.000   3.000
 54.508  249.000   3.000
 54.758  249.000   3.000
 55.009  251.000   3.000
 55.259  249.000   3.000
 55.509  249.000   3.000
 55.759  249.000   3.000
 56.009  250.000   3.000
 56.259  249.000   3.000
 56.509  250.000   3.000
 56.758  249.000   3.000
 57.009  250.000   3.000
 57.258  249.000   3.000
 57.508  250.000   3.000
 57.758  249.000   3.000
 58.008  250.000   3.000
 58.258  249.000   3.000
 58.508  249.000   3.000
 58.758  249.000   3.000
 59.009  251.000   3.000
 59.259  249.000   3.000
 59.509  250.000   3.000
 59.759  250.000   3.000
 60.009  249.000   3.000
 60.259  249.000   3.000
 60.509  250.000   3.000
 60.759  249.000   3.000
 61.009  250.000   3.000
 61.258  249.000   3.000
 61.508  250.000   3.000
 61.758  249.000   3.000
 62.008  250.000   3.000
 62.258  249.000   3.000
 62.508  249.000   3.000
 62.758  249.000   3.000
 63.009  251.000   3.000
 63.259  249.000   3.000
 63.509  250.000   3.000
 63.759  249.000   3.000
 64.009  250.000   3.000
 64.259  249.000   3.000
 64.509  250.000   3.000
 64.759  249.000   3.000
 65.009  250.000   3.000
 65.258  249.000   3.000
 65.508  249.000   3.000
 65.759  250.000   3.000
 66.008  249.000   3.000
 66.258  249.000   3.000
 66.508  249.000   3.000
 66.758  249.000   3.000
 67.009  251.000   3.000
 67.259  249.000   3.000
 67.509  250.000   3.000
 67.759  249.000   3.000
 68.009  250.000   3.000
 68.259  249.000   3.000
 68.509  250.000   3.000
 68.758  249.000   3.000
 69.009  250.000   3.000
 69.258  249.000   3.000
 69.508  250.000   3.000
 69.758  249.000   3.000
 70.008  250.000   3.000
 70.258  249.000   3.000
 70.508  249.000   3.000
 70.758  249.000   3.000
 71.009  251.000   3.000
 71.259  249.000   3.000
 71.509  250.000   3.000
 71.759  249.000   3.000
 72.009  250.000   3.000
 72.259  249.000   3.000
 72.509  250.000   3.000
 72.759  249.000   3.000
 73.009  250.000   3.000
 73.258  249.000   3.000
 73.509  250.000   3.000
 73.758  249.000   3.000
 74.008  250.000   3.000
 74.258  249.000   3.000
 74.508  249.000   3.000
 74.758  250.000   3.000
 75.009  250.000   3.000
 75.259  249.000   3.000
 75.509  250.000   3.000
 75.759  249.000   3.000
 76.009  250.000   3.000
 76.259  249.000   3.000
 76.509  250.000   3.000
 76.759  249.000   3.000
 77.009  249.000   3.000
 77.258  249.000   3.000
 77.508  250.000   3.000
 77.758  249.000   3.000
 78.009  250.000   3.000
 78.258  249.000   3.000
 78.508  249.000   3.000
 78.758  249.000   3.000
 79.009  251.000   3.000
 79.259  249.000   3.000
 79.509  250.000   3.000
 79.759  249.000   3.000
 80.009  250.000   3.000
 80.259  249.000   3.000
 80.509  250.000   3.000
 80.759  249.000   3.000
 81.009  250.000   3.000
 81.258  249.000   3.000
 81.508  250.000   3.000
 81.758  249.000   3.000
 82.009  250.000   3.000
 82.258  249.000   3.000
 82.508  250.000   3.000
 82.758  249.000   3.000
 83.009  251.000   3.000
 83.259  249.000   3.000
 83.509  250.000   3.000
 83.759  249.000   3.000
 84.009  250.000   3.000
 84.259  249.000   3.000
 84.509  250.000   3.000
 84.759  249.000   3.000
 85.009  250.000   3.000
 85.258  249.000   3.000
 85.508  250.000   3.000
 85.758  249.000   3.000
 86.009  250.000   3.000
 86.258  249.000   3.000
 86.508  250.000   3.000
 86.758  249.000   3.000
 87.009  251.000   3.000
 87.259  249.000   3.000
 87.509  250.000   3.000
 87.759  249.000   3.000
 88.009  250.000   3.000
 88.259  249.000   3.000
 88.509  250.000   3.000
 88.759  249.000   3.000
 89.009  250.000   3.000
 89.258  249.000   3.000
 89.508  250.000   3.000
 89.758  250.000   3.000
 90.009  250.000   3.000
 90.258  249.000   3.000
 90.508  250.000   3.000
 90.758  249.000   3.000
 91.009  251.000   3.000
 91.259  249.000   3.000
 91.509  250.000   3.000
 91.759  249.000   3.000
 92.009  250.000   3.000
 92.259  249.000   3.000
 92.509  250.000   3.000
 92.759  249.000   3.000
 93.009  250.000   3.000
 93.258  249.000   3.000
 93.509  250.000   3.000
 93.758  249.000   3.000
 94.009  250.000   3.000
 94.258  249.000   3.000
 94.508  250.000   3.000
 94.758  249.000   3.000
 95.009  251.000   3.000
 95.259  249.000   3.000
 95.508  248.000   3.000
 95.759  251.000   3.000
 96.009  250.000   3.000
 96.259  249.000   3.000
 96.509  250.000   3.000
 96.759  249.000   3.000
 97.009  250.000   3.000
 97.258  249.000   3.000
 97.508  249.000   3.000
 97.758  249.000   3.000
 98.009  250.000   3.000
 98.258  249.000   3.000
 98.508  249.000   3.000
 98.759  250.000   3.000
 99.009  250.000   3.000
 99.259  249.000   3.000
 99.509  250.000   3.000
 99.759  249.000   3.000
100.009  250.000   3.000
100.259  249.000   3.000
100.509  249.000   3.000
100.759  249.000   3.000
101.009  250.000   3.000
101.258  249.000   3.000
101.508  249.000   3.000
101.758  249.000   3.000
102.008  250.000   3.000
102.258  249.000   3.000
102.508  250.000   3.000
102.759  250.000   3.000
103.009  250.000   3.000
103.259  249.000   3.000
103.509  250.000   3.000
103.759  249.000   3.000
104.009  250.000   3.000
104.259  249.000   3.000
104.509  250.000   3.000
104.759  250.000   3.000
105.008  249.000   3.000
105.258  249.000   3.000
105.508  249.000   3.000
105.758  249.000   3.000
106.008  249.000   3.000
106.258  249.000   3.000
106.508  250.000   3.000
106.759  250.000   3.000
107.009  250.000   3.000
107.259  249.000   3.000
107.509  250.000   3.000
107.759  249.000   3.000
108.009  250.000   3.000
108.259  249.000   3.000
108.509  250.000   3.000
108.759  249.000   3.000
109.009  250.000   3.000
109.258  249.000   3.000
109.508  250.000   3.000
109.758  249.000   3.000
110.008  250.000   3.000
110.258  249.000   3.000
110.508  249.000   3.000
110.759  251.000   3.000
111.009  250.000   3.000
111.259  249.000   3.000
111.509  250.000   3.000
111.759  249.000   3.000
112.009  250.000   3.000
112.259  249.000   3.000
112.509  250.000   3.000
112.759  249.000   3.000
113.008  250.000   3.000
113.258  249.000   3.000
113.508  250.000   3.000
113.758  249.000   3.000
114.008  250.000   3.000
114.258  249.000   3.000
114.508  250.000   3.000
114.759  250.000   3.000
115.009  250.000   3.000
115.259  249.000   3.000
115.509  249.000   3.000
115.759  249.000   3.000
116.009  250.000   3.000
116.259  249.000   3.000
116.509  250.000   3.000
116.759  249.000   3.000
117.009  250.000   3.000
117.259  249.000   3.000
117.508  250.000   3.000
117.758  249.000   3.000
118.008  250.000   3.000
118.258  249.000   3.000
118.508  250.000   3.000
118.759  250.000   3.000
119.009  250.000   3.000
119.259  249.000   3.000
119.509  250.000   3.000
119.759  250.000   3.000
120.009  249.000   3.000
120.259  249.000   3.000
120.509  249.000   3.000
120.758  249.000   3.000
121.008  250.000   3.000
121.258  249.000   3.000
121.508  250.000   3.000
121.758  249.000   3.000
122.008  250.000   3.000
122.258  249.000   3.000
122.508  250.000   3.000
122.759  250.000   3.000
123.009  250.000   3.000
123.259  249.000   3.000
123.509  250.000   3.000
123.759  249.000   3.000
124.009  250.000   3.000
124.259  249.000   3.000
124.509  250.000   3.000
124.759  249.000   3.000
125.009  250.000   3.000
125.258  249.000   3.000
125.508  250.000   3.000
125.758  249.000   3.000
126.008  250.000   3.000
126.258  249.000   3.000
126.508  250.000   3.000
126.759  251.000   3.000
127.009  250.000   3.000
127.259  249.000   3.000
127.509  250.000   3.000
127.759  249.000   3.000
128.009  250.000   3.000
128.259  249.000   3.000
128.509  250.000   3.000
128.758  249.000   3.000
129.009  250.000   3.000
129.258  249.000   3.000
129.508  250.000   3.000
129.758  249.000   3.000
130.008  250.000   3.000
130.258  249.000   3.000
130.508  249.000   3.000
130.759  251.000   3.000
131.008  248.000   3.000
131.259  250.000   3.000
131.509  250.000   3.000
131.759  249.000   3.000
132.009  250.000   3.000
132.259  249.000   3.000
132.509  250.000   3.000
132.759  249.000   3.000
133.009  250.000   3.000
133.258  249.000   3.000
133.508  250.000   3.000
133.758  249.000   3.000
134.008  250.000   3.000
134.258  249.000   3.000
134.508  250.000   3.000
134.759  251.000   3.000
135.009  249.000   3.000
135.259  249.000   3.000
135.509  249.000   3.000
135.759  249.000   3.000
136.009  250.000   3.000
136.259  249.000   3.000
136.509  250.000   3.000
136.758  249.000   3.000
137.009  250.000   3.000
137.258  249.000   3.000
137.508  250.000   3.000
137.758  249.000   3.000
138.008  250.000   3.000
138.258  249.000   3.000
138.508  250.000   3.000
138.759  251.000   3.000
139.009  250.000   3.000
139.259  249.000   3.000
139.509  249.000   3.000
139.759  249.000   3.000
140.009  250.000   3.000
140.259  249.000   3.000
140.509  249.000   3.000
140.759  249.000   3.000
141.009  250.000   3.000
141.258  249.000   3.000
141.508  250.000   3.000
141.758  249.000   3.000
142.008  250.000   3.000
142.258  249.000   3.000
142.508  250.000   3.000
142.759  250.000   3.000
143.009  250.000   3.000
143.259  249.000   3.000
143.509  250.000   3.000
143.759  249.000   3.000
144.009  250.000   3.000
144.259  249.000   3.000
144.509  250.000   3.000
144.758  249.000   3.000
145.009  250.000   3.000
145.258  249.000   3.000
145.508  249.000   3.000
145.758  249.000   3.000
146.008  250.000   3.000
146.258  249.000   3.000
146.508  250.000   3.000
146.759  250.000   3.000
147.009  250.000   3.000
147.259  249.000   3.000
147.509  250.000   3.000
147.759  249.000   3.000
148.009  250.000   3.000
148.259  249.000   3.000
148.509  250.000   3.000
148.758  249.000   3.000
149.008  250.000   3.000
149.258  249.000   3.000
149.508  249.000   3.000
149.758  249.000   3.000
150.008  249.000   3.000
150.258  249.000   3.000
150.508  249.000   3.000
150.759  251.000   3.000
151.009  250.000   3.000
151.259  249.000   3.000
151.509  250.000   3.000
151.759  249.000   3.000
152.009  250.000   3.000
152.259  249.000   3.000
152.509  250.000   3.000
152.759  249.000   3.000
153.009  250.000   3.000
153.258  249.000   3.000
153.508  250.000   3.000
153.758  249.000   3.000
154.008  250.000   3.000
154.258  249.000   3.000
154.508  250.000   3.000
154.759  250.000   3.000
155.009  250.000   3.000
155.259  249.000   3.000
155.509  249.000   3.000
155.759  249.000   3.000
156.009  250.000   3.000
156.259  249.000   3.000
156.509  250.000   3.000
156.759  249.000   3.000
157.008  250.000   3.000
157.258  249.000   3.000
157.508  250.000   3.000
157.758  249.000   3.000
158.008  249.000   3.000
158.258  249.000   3.000
158.508  250.000   3.000
158.759  250.000   3.000
159.009  250.000   3.000
159.259  249.000   3.000
159.509  250.000   3.000
159.759  249.000   3.000
160.009  250.000   3.000
160.259  249.000   3.000
160.509  249.000   3.000
160.758  249.000   3.000
161.008  250.000   3.000
161.258  249.000   3.000
161.508  250.000   3.000
161.758  249.000   3.000
162.008  249.000   3.000
162.258  249.000   3.000
162.508  249.000   3.000
162.759  250.000   3.000
163.009  250.000   3.000
163.259  249.000   3.000
163.509  250.000   3.000
163.759  249.000   3.000
164.009  249.000   3.000
164.259  249.000   3.000
164.509  250.000   3.000
164.759  249.000   3.000
165.008  249.000   3.000
165.258  249.000   3.000
165.508  249.000   3.000
165.758  249.000   3.000
166.008  249.000   3.000
166.258  249.000   3.000
166.508  250.000   3.000
166.759  250.000   3.000
167.009  250.000   3.000
167.259  249.000   3.000
167.509  250.000   3.000
167.759  249.000   3.000
168.009  250.000   3.000
168.259  249.000   3.000
168.509  250.000   3.000
168.759  249.000   3.000
169.008  250.000   3.000
169.258  249.000   3.000
169.509  250.000   3.000
169.758  249.000   3.000
170.008  249.000   3.000
170.258  249.000   3.000
170.508  249.000   3.000
170.759  251.000   3.000
171.009  250.000   3.000
171.259  249.000   3.000
171.509  250.000   3.000
171.759  249.000   3.000
172.009  250.000   3.000
172.259  249.000   3.000
172.509  250.000   3.000
172.758  249.000   3.000
173.008  250.000   3.000
173.258  249.000   3.000
173.508  250.000   3.000
173.758  249.000   3.000
174.009  249.000   3.000
