  5.357 5355.000    11  0.000000  0.006384  0.006172    0.00000    0.00000
  5.444   87.000    11  0.000000  0.005086  0.004188    0.00000    0.00000
  5.530   86.000    11  0.000000  0.005011  0.003312    0.00000    0.00000
  5.618   86.000    11  0.000000  0.005272  0.002914    0.00000    0.00000
  5.704   85.000    11  0.000000  0.005444  0.002711    0.00000    0.00000
  5.704   85.000    12  0.000000  0.008333  0.000667    0.00000    0.00000
  5.791   86.000    11  0.000000  0.005580  0.002540    0.00000    0.00000
  5.791   86.000    12  0.000000  0.001633  0.000256    0.00000    0.00000
  5.880   88.000    11  0.000000  0.005637  0.002434    0.00000    0.00000
  5.880   88.000    12  0.000000  0.006183  0.000378    0.00000    0.00000
  5.970   88.000    11  0.000000  0.005681  0.002370    0.00000    0.00000
  5.970   88.000    12  0.000000  0.008164  0.000498    0.00000    0.00000
  6.060   90.000    11  0.000000  0.005975  0.002292    0.00000    0.00000
  6.060   90.000    12  0.000000  0.007476  0.000621    0.00000    0.00000
  6.166  105.000    11  0.000000  0.005874  0.002196    0.00000    0.00000
  6.166  105.000    12  0.000000  0.006796  0.000675    0.00000    0.00000
  6.461  295.000    11  0.000000  0.004889  0.001808    0.00000    0.00000
  6.462  295.000    12  0.000000  0.004767  0.000534    0.00000    0.00000
  6.625  164.000    11  0.000000  0.004704  0.001715    0.00000    0.00000
  6.625  164.000    12  0.000000  0.005040  0.000537    0.00000    0.00000
  6.789  163.000    11  0.000000  0.004556  0.001649    0.00000    0.00000
  6.789  163.000    12  0.000000  0.005259  0.000541    0.00000    0.00000
  6.953  163.000    11  0.000000  0.004438  0.001583    0.00000    0.00000
  6.953  163.000    12  0.000000  0.005414  0.000543    0.00000    0.00000
  7.118  164.000    11  0.000000  0.004660  0.001526    0.00000    0.00000
  7.118  164.000    12  0.000000  0.005138  0.000556    0.00000    0.00000
  7.280  162.000    11  0.000000  0.004561  0.001479    0.00000    0.00000
  7.280  162.000    12  0.000000  0.004920  0.000557    0.00000    0.00000
  7.450  170.000    11  0.000000  0.004461  0.001433    0.00000    0.00000
  7.450  170.000    12  0.000000  0.004714  0.000555    0.00000    0.00000
  7.645  191.000    11  0.131167  1.790500  0.830167    0.01643    0.02464
  7.645  191.000    12  0.000000  0.004492  0.000549    0.00000    0.00000
  7.667   12.000    11  0.095793  0.454517  0.293931    0.04899    0.07268
  7.667   12.000    12  0.052316  0.581947  0.149158    0.05188    0.07781
  7.674   17.000    11  0.079657  0.456543  0.247400    0.04059    0.06022
  7.674   17.000    12  0.039192  0.443269  0.112654    0.03791    0.05686
  7.691   14.000    11  0.058385  0.326269  0.178019    0.03082    0.04433
  7.691   14.000    12  0.032605  0.289279  0.080581    0.02865    0.04298
  7.702   10.000    11  0.057571  0.323651  0.178476    0.03038    0.04253
  7.702   10.000    12  0.029593  0.246241  0.071389    0.02555    0.03833
  7.718   11.000    11  0.055500  0.275450  0.232325    0.03263    0.04510
  7.718   11.000    12  0.026901  0.202254  0.063577    0.02360    0.03540
  7.736   15.000    11  0.049165  0.295722  0.198134    0.02936    0.04064
  7.736   15.000    12  0.023500  0.172148  0.109205    0.02016    0.03024
  7.745   17.000    11  0.047664  0.278551  0.187299    0.02961    0.04067
  7.745   17.000    12  0.023755  0.175816  0.104347    0.02012    0.03017
  7.758   10.000    11  0.059475  0.260733  0.175525    0.02994    0.04003
  7.758   10.000    12  0.021207  0.159441  0.092892    0.01776    0.02664
  7.779   18.000    11  0.104429  0.254736  0.165121    0.03127    0.04074
  7.779   18.000    12  0.017833  0.138197  0.079205    0.01493    0.02240
  7.806   14.000    11  0.088988  0.225369  0.147714    0.02752    0.03531
  7.806   14.000    12  0.018447  0.123541  0.120264    0.01612    0.02417
  7.915   46.000    11  0.126395  0.233895  0.182051    0.03000    0.03952
  7.915   46.000    12  0.010985  0.086326  0.078566    0.00960    0.01440
  8.250  220.000    11  0.203355  0.155252  0.127552    0.02571    0.03439
  8.250  220.000    12  0.051750  0.113761  0.150804    0.02910    0.04264
  8.523  352.000    11  0.257765  0.129165  0.112532    0.03497    0.04695
  8.523  352.000    12  0.082445  0.111841  0.145299    0.04968    0.06940
  8.568  134.000    11  0.253836  0.128676  0.111633    0.03727    0.04841
  8.568  134.000    12  0.082736  0.112849  0.144654    0.05312    0.07298
  8.792  215.000    11  0.220023  0.112129  0.101724    0.03731    0.04739
  8.793  215.000    12  0.070001  0.095314  0.121960    0.04703    0.06373
  9.039  251.000    11  0.192917  0.098159  0.090914    0.03572    0.04420
  9.039  251.000    12  0.060592  0.083162  0.105171    0.04342    0.05785
  9.305  259.000    11  0.169790  0.086413  0.084102    0.03393    0.04099
  9.305  259.000    12  0.053456  0.074408  0.093788    0.04071    0.05345
  9.552  251.000    11  0.158303  0.079636  0.078695    0.03287    0.03885
  9.552  251.000    12  0.048378  0.067960  0.085579    0.03859    0.05014
  9.839  272.000    11  0.147331  0.074428  0.075671    0.03344    0.03926
  9.839  272.000    12  0.043893  0.063409  0.078835    0.03721    0.04773
 10.077  249.000    11  0.140906  0.070271  0.073625    0.03343    0.03869
 10.077  249.000    12  0.041152  0.060060  0.074900    0.03643    0.04626
 10.321  237.000    11  0.134934  0.067369  0.074584    0.03395    0.03880
 10.321  237.000    12  0.038667  0.056948  0.070472    0.03547    0.04467
 10.554  232.000    11  0.130761  0.065076  0.074074    0.03382    0.03825
 10.554  232.000    12  0.036906  0.055492  0.067947    0.03545    0.04425
 10.804  249.000    11  0.126390  0.062869  0.071685    0.03421    0.03855
 10.804  249.000    12  0.035323  0.053504  0.064936    0.03512    0.04350
 11.059  248.000    11  0.131419  0.061497  0.069428    0.03464    0.03874
 11.059  248.000    12  0.033893  0.052279  0.062829    0.03500    0.04299
 11.308  247.000    11  0.137745  0.060623  0.068209    0.03544    0.03929
 11.308  247.000    12  0.032790  0.051276  0.061084    0.03498    0.04265
 11.557  249.000    11  0.135006  0.059659  0.066625    0.03588    0.03953
 11.557  249.000    12  0.031820  0.050343  0.059535    0.03495    0.04234
 11.825  259.000    11  0.131854  0.058586  0.066058    0.03611    0.03965
 11.825  259.000    12  0.030915  0.049510  0.058141    0.03501    0.04213
 12.058  240.000    11  0.130767  0.058367  0.065435    0.03706    0.04053
 12.058  240.000    12  0.030234  0.049004  0.057117    0.03516    0.04206
 12.322  264.000    11  0.129597  0.057333  0.063722    0.03723    0.04042
 12.322  264.000    12  0.029525  0.048521  0.056094    0.03540    0.04208
 12.545  235.000    11  0.127561  0.056706  0.062459    0.03738    0.04033
 12.545  235.000    12  0.029036  0.048161  0.055302    0.03558    0.04210
 12.807  250.000    11  0.124206  0.056074  0.061285    0.03754    0.04040
 12.807  250.000    12  0.028492  0.047589  0.054417    0.03562    0.04194
 13.064  251.000    11  0.123088  0.055552  0.060509    0.03795    0.04070
 13.064  251.000    12  0.028214  0.047388  0.053771    0.03604    0.04220
 13.309  251.000    11  0.121998  0.055409  0.060098    0.03855    0.04130
 13.309  251.000    12  0.027883  0.046906  0.053104    0.03621    0.04221
 13.557  251.000    11  0.120738  0.054941  0.059213    0.03867    0.04123
 13.557  251.000    12  0.027618  0.046705  0.052629    0.03649    0.04235
 13.824  246.000    11  0.118916  0.054564  0.059973    0.03909    0.04158
 13.824  246.000    12  0.027358  0.046587  0.052536    0.03682    0.04255
 14.067  249.000    11  0.118020  0.054940  0.060097    0.04021    0.04278
 14.067  249.000    12  0.027164  0.046612  0.052162    0.03724    0.04285
 14.308  250.000    11  0.116985  0.054778  0.059551    0.04068    0.04309
 14.308  250.000    12  0.027041  0.046619  0.051886    0.03764    0.04313
 14.564  251.000    11  0.115051  0.054479  0.058932    0.04092    0.04317
 14.564  251.000    12  0.026859  0.046481  0.051441    0.03793    0.04330
 14.832  250.000    11  0.115042  0.055270  0.059609    0.04192    0.04418
 14.833  250.000    12  0.026773  0.046389  0.051057    0.03813    0.04339
 15.071  250.000    11  0.115160  0.055790  0.059599    0.04272    0.04506
 15.071  250.000    12  0.027194  0.046186  0.050857    0.03835    0.04352
 15.324  248.000    11  0.117107  0.056129  0.059517    0.04333    0.04557
 15.324  248.000    12  0.027221  0.046251  0.050770    0.03873    0.04381
 15.562  249.000    11  0.115987  0.056210  0.059381    0.04376    0.04586
 15.562  249.000    12  0.027334  0.046427  0.050561    0.03903    0.04403
 15.814  250.000    11  0.116073  0.056496  0.059086    0.04407    0.04610
 15.814  250.000    12  0.027667  0.046371  0.050276    0.03925    0.04418
 16.065  250.000    11  0.116639  0.056353  0.058845    0.04432    0.04634
 16.065  250.000    12  0.028246  0.046238  0.049932    0.03936    0.04420
 16.325  248.000    11  0.116717  0.056720  0.059049    0.04489    0.04692
 16.325  248.000    12  0.028986  0.046242  0.049781    0.03963    0.04440
 16.561  250.000    11  0.116407  0.056794  0.058834    0.04516    0.04716
 16.561  250.000    12  0.030101  0.046425  0.049804    0.03988    0.04460
 16.853  284.000    11  0.115365  0.056793  0.058436    0.04530    0.04732
 16.853  284.000    12  0.030569  0.046096  0.049301    0.03993    0.04457
 17.067  219.000    11  0.115548  0.056986  0.058512    0.04543    0.04740
 17.067  219.000    12  0.030622  0.046262  0.049294    0.04021    0.04481
 17.306  246.000    11  0.116370  0.056822  0.058013    0.04539    0.04727
 17.306  246.000    12  0.031547  0.046261  0.049240    0.04042    0.04497
 17.559  250.000    11  0.116443  0.056733  0.057627    0.04550    0.04729
 17.560  250.000    12  0.032541  0.046202  0.049074    0.04056    0.04505
 17.819  249.000    11  0.115206  0.056780  0.057670    0.04570    0.04745
 17.819  249.000    12  0.033410  0.046170  0.048858    0.04067    0.04511
 18.069  252.000    11  0.114605  0.057084  0.057606    0.04603    0.04785
 18.069  252.000    12  0.034025  0.046186  0.048680    0.04081    0.04520
 18.306  246.000    11  0.114095  0.056960  0.057326    0.04618    0.04792
 18.306  246.000    12  0.034765  0.046153  0.048607    0.04091    0.04525
 18.572  251.000    11  0.113316  0.057236  0.057334    0.04655    0.04838
 18.572  251.000    12  0.035241  0.046136  0.048581    0.04107    0.04536
 18.809  248.000    11  0.113040  0.057111  0.057063    0.04659    0.04838
 18.809  248.000    12  0.035426  0.046091  0.048444    0.04115    0.04541
 19.074  260.000    11  0.113275  0.056838  0.056746    0.04665    0.04842
 19.074  260.000    12  0.035801  0.046010  0.048264    0.04122    0.04543
 19.314  240.000    11  0.113290  0.056943  0.056786    0.04687    0.04861
 19.314  240.000    12  0.037084  0.046096  0.048233    0.04145    0.04563
 19.555  249.000    11  0.112922  0.056778  0.056430    0.04684    0.04852
 19.556  249.000    12  0.037459  0.046091  0.048152    0.04158    0.04573
 19.825  251.000    11  0.112449  0.057002  0.056454    0.04709    0.04879
 19.825  251.000    12  0.037840  0.046016  0.048013    0.04162    0.04573
 20.079  248.000    11  0.113045  0.057506  0.057014    0.04762    0.04946
 20.079  248.000    12  0.037848  0.045994  0.047903    0.04170    0.04577
 20.321  248.000    11  0.113905  0.057771  0.057107    0.04809    0.04989
 20.321  248.000    12  0.038991  0.046036  0.047930    0.04183    0.04587
 20.560  251.000    11  0.113669  0.057803  0.056942    0.04824    0.04996
 20.560  251.000    12  0.039054  0.046149  0.047770    0.04195    0.04597
 20.827  248.000    11  0.113572  0.057786  0.057713    0.04836    0.05008
 20.827  248.000    12  0.039684  0.046159  0.047667    0.04199    0.04597
 21.065  251.000    11  0.113805  0.057998  0.057633    0.04861    0.05028
 21.065  251.000    12  0.040232  0.046216  0.047621    0.04211    0.04606
 21.317  249.000    11  0.113094  0.057978  0.057528    0.04873    0.05034
 21.317  249.000    12  0.040103  0.046331  0.047545    0.04219    0.04611
 21.568  250.000    11  0.113500  0.058212  0.057533    0.04897    0.05063
 21.568  250.000    12  0.040379  0.046343  0.047462    0.04226    0.04616
 21.829  250.000    11  0.113740  0.058274  0.058106    0.04905    0.05070
 21.829  250.000    12  0.040806  0.046305  0.047500    0.04231    0.04617
 22.063  249.000    11  0.113959  0.058312  0.058087    0.04916    0.05079
 22.064  249.000    12  0.041244  0.046371  0.047474    0.04243    0.04627
 22.316  249.000    11  0.114397  0.058336  0.057993    0.04930    0.05092
 22.316  249.000    12  0.041794  0.046381  0.047400    0.04249    0.04631
 22.577  251.000    11  0.114771  0.058705  0.058212    0.04973    0.05137
 22.577  251.000    12  0.042206  0.046336  0.047301    0.04252    0.04632
 22.826  248.000    11  0.114780  0.058979  0.058341    0.05001    0.05166
 22.827  248.000    12  0.042363  0.046366  0.047249    0.04259    0.04637
 23.082  250.000    11  0.115537  0.059417  0.058711    0.05050    0.05227
 23.082  250.000    12  0.042678  0.046446  0.047274    0.04264    0.04639
 23.312  247.000    11  0.116159  0.059334  0.058710    0.05058    0.05229
 23.312  247.000    12  0.043003  0.046463  0.047260    0.04273    0.04646
 23.555  251.000    11  0.115702  0.059130  0.058370    0.05042    0.05207
 23.555  251.000    12  0.043190  0.046480  0.047241    0.04284    0.04655
 23.817  249.000    11  0.115201  0.059031  0.058329    0.05040    0.05205
 23.817  249.000    12  0.042999  0.046429  0.047149    0.04287    0.04656
 24.067  251.000    11  0.115734  0.059198  0.058297    0.05058    0.05226
 24.068  251.000    12  0.043294  0.046414  0.047079    0.04292    0.04659
 24.324  248.000    11  0.115753  0.059374  0.058600    0.05080    0.05249
 24.324  248.000    12  0.043580  0.046414  0.047049    0.04296    0.04661
 24.567  251.000    11  0.115527  0.059513  0.058535    0.05096    0.05265
 24.567  251.000    12  0.043711  0.046421  0.047018    0.04303    0.04667
 24.824  248.000    11  0.115837  0.059798  0.058702    0.05127    0.05296
 24.824  248.000    12  0.044365  0.046399  0.046970    0.04306    0.04668
 25.099  253.000    11  0.116229  0.060065  0.059702    0.05151    0.05327
 25.099  253.000    12  0.044351  0.046408  0.046908    0.04305    0.04665
 25.318  244.000    11  0.117444  0.060213  0.059832    0.05161    0.05332
 25.319  244.000    12  0.044545  0.046585  0.046936    0.04318    0.04676
 25.573  265.000    11  0.119218  0.060192  0.059709    0.05173    0.05341
 25.573  265.000    12  0.045173  0.046392  0.046708    0.04308    0.04664
 25.830  237.000    11  0.120881  0.060413  0.059811    0.05198    0.05364
 25.830  237.000    12  0.045306  0.046584  0.046757    0.04324    0.04679
 26.080  252.000    11  0.122060  0.060755  0.059890    0.05229    0.05396
 26.082  252.000    12  0.045934  0.046564  0.046747    0.04328    0.04682
 26.332  245.000    11  0.124333  0.061044  0.060031    0.05268    0.05436
 26.332  245.000    12  0.046463  0.046576  0.046803    0.04333    0.04685
 26.566  251.000    11  0.124135  0.060997  0.059848    0.05269    0.05433
 26.566  251.000    12  0.046589  0.046650  0.046804    0.04340    0.04691
 26.854  270.000    11  0.123663  0.061003  0.060552    0.05280    0.05448
 26.854  270.000    12  0.046934  0.046457  0.046638    0.04331    0.04680
 27.083  230.000    11  0.124448  0.061304  0.060676    0.05309    0.05481
 27.083  230.000    12  0.047072  0.046537  0.046692    0.04345    0.04693
 27.316  248.000    11  0.125286  0.061439  0.060622    0.05328    0.05495
 27.316  248.000    12  0.047754  0.046571  0.046681    0.04353    0.04700
 27.566  249.000    11  0.125320  0.061492  0.060561    0.05340    0.05504
 27.566  249.000    12  0.047885  0.046563  0.046640    0.04357    0.04702
 27.824  259.000    11  0.125556  0.061362  0.060515    0.05340    0.05505
 27.824  259.000    12  0.048234  0.046627  0.046596    0.04358    0.04702
 28.078  240.000    11  0.126659  0.061532  0.060676    0.05362    0.05536
 28.078  240.000    12  0.048844  0.046605  0.046551    0.04361    0.04704
 28.342  252.000    11  0.126718  0.061785  0.061360    0.05386    0.05563
 28.343  252.000    12  0.048993  0.046627  0.046428    0.04362    0.04703
 28.567  247.000    11  0.126565  0.061963  0.061359    0.05404    0.05577
 28.567  247.000    12  0.049213  0.046674  0.046446    0.04371    0.04711
 28.830  248.000    11  0.127174  0.062210  0.061497    0.05422    0.05594
 28.830  248.000    12  0.049401  0.046651  0.046422    0.04371    0.04711
 29.078  252.000    11  0.127587  0.062368  0.061566    0.05438    0.05611
 29.078  252.000    12  0.049794  0.046669  0.046401    0.04375    0.04713
 29.317  249.000    11  0.127572  0.062473  0.061516    0.05451    0.05622
 29.317  249.000    12  0.050152  0.046704  0.046389    0.04380    0.04718
 29.563  250.000    11  0.126996  0.062314  0.061383    0.05439    0.05605
 29.563  250.000    12  0.050519  0.046690  0.046365    0.04385    0.04721
 29.807  248.000    11  0.126258  0.062114  0.061065    0.05417    0.05580
 29.807  248.000    12  0.050343  0.046672  0.046363    0.04389    0.04724
 30.075  250.000    11  0.127312  0.062165  0.061214    0.05417    0.05581
 30.075  250.000    12  0.050973  0.046622  0.046306    0.04388    0.04722
 30.317  249.000    11  0.128756  0.062287  0.061190    0.05434    0.05594
 30.317  249.000    12  0.051403  0.046645  0.046291    0.04393    0.04726
 30.575  252.000    11  0.129106  0.062432  0.061250    0.05454    0.05612
 30.575  252.000    12  0.051573  0.046614  0.046249    0.04394    0.04726
 30.819  247.000    11  0.128679  0.062456  0.061161    0.05457    0.05614
 30.819  247.000    12  0.051659  0.046623  0.046233    0.04398    0.04729
 31.064  250.000    11  0.128701  0.062430  0.061062    0.05459    0.05615
 31.064  250.000    12  0.051680  0.046627  0.046212    0.04402    0.04732
 31.315  248.000    11  0.128438  0.062417  0.061059    0.05461    0.05618
 31.315  248.000    12  0.051687  0.046656  0.046185    0.04404    0.04734
 31.567  255.000    11  0.129792  0.062367  0.060934    0.05462    0.05616
 31.567  255.000    12  0.051795  0.046643  0.046148    0.04406    0.04734
 31.832  246.000    11  0.130214  0.062517  0.060947    0.05477    0.05632
 31.832  246.000    12  0.052003  0.046620  0.046169    0.04407    0.04734
 32.077  250.000    11  0.131463  0.062614  0.061012    0.05490    0.05646
 32.077  250.000    12  0.052356  0.046630  0.046163    0.04410    0.04737
 32.318  249.000    11  0.132615  0.062719  0.060966    0.05500    0.05655
 32.318  249.000    12  0.052591  0.046644  0.046148    0.04414    0.04740
 32.563  247.000    11  0.133003  0.062699  0.060924    0.05500    0.05653
 32.563  247.000    12  0.052733  0.046689  0.046129    0.04417    0.04742
 32.835  249.000    11  0.134133  0.062918  0.061123    0.05525    0.05680
 32.835  249.000    12  0.052930  0.046664  0.046064    0.04416    0.04740
 33.087  252.000    11  0.136559  0.063240  0.061381    0.05559    0.05719
 33.087  252.000    12  0.053208  0.046675  0.046052    0.04418    0.04741
 33.333  247.000    11  0.138807  0.063504  0.061488    0.05586    0.05741
 33.333  247.000    12  0.053838  0.046700  0.046098    0.04421    0.04743
 33.573  252.000    11  0.139304  0.063637  0.061468    0.05604    0.05754
 33.573  252.000    12  0.054167  0.046729  0.046166    0.04425    0.04747
 33.829  251.000    11  0.139979  0.063737  0.061421    0.05613    0.05761
 33.829  251.000    12  0.054082  0.046731  0.046133    0.04426    0.04747
 34.066  247.000    11  0.141762  0.063766  0.061360    0.05616    0.05764
 34.066  247.000    12  0.054809  0.046760  0.046138    0.04430    0.04751
 34.332  254.000    11  0.143657  0.063879  0.061427    0.05635    0.05784
 34.332  254.000    12  0.055080  0.046762  0.046120    0.04426    0.04746
 34.567  247.000    11  0.144464  0.063902  0.061354    0.05644    0.05788
 34.567  247.000    12  0.055474  0.046797  0.046137    0.04433    0.04752
 34.826  246.000    11  0.144980  0.064000  0.061508    0.05652    0.05796
 34.826  246.000    12  0.055625  0.046794  0.046119    0.04435    0.04753
 35.074  250.000    11  0.146059  0.064136  0.061640    0.05665    0.05815
 35.075  250.000    12  0.056113  0.046789  0.046102    0.04437    0.04755
 35.319  249.000    11  0.147057  0.064108  0.061646    0.05667    0.05815
 35.319  249.000    12  0.056124  0.046842  0.046088    0.04440    0.04757
 35.568  253.000    11  0.147935  0.064037  0.061500    0.05658    0.05803
 35.568  253.000    12  0.056701  0.046836  0.046069    0.04442    0.04759
 35.821  245.000    11  0.148163  0.064005  0.061425    0.05655    0.05800
 35.821  245.000    12  0.056885  0.046854  0.046105    0.04444    0.04759
 36.074  253.000    11  0.149730  0.064080  0.061371    0.05660    0.05807
 36.074  253.000    12  0.057022  0.046829  0.046095    0.04445    0.04760
 36.357  283.000    11  0.151241  0.063973  0.061387    0.05664    0.05812
 36.357  283.000    12  0.057265  0.046825  0.046036    0.04444    0.04758
 36.614  246.000    11  0.152677  0.064034  0.061498    0.05675    0.05823
 36.614  246.000    12  0.057354  0.046812  0.046017    0.04444    0.04758
 36.845  244.000    11  0.154167  0.064020  0.061525    0.05685    0.05833
 36.845  244.000    12  0.057929  0.046785  0.046010    0.04447    0.04760
 37.076  226.000    11  0.155381  0.064202  0.061602    0.05697    0.05846
 37.076  226.000    12  0.058045  0.046854  0.046027    0.04452    0.04764
 37.334  264.000    11  0.156124  0.064158  0.061558    0.05708    0.05854
 37.334  264.000    12  0.057921  0.046871  0.045953    0.04453    0.04764
 37.574  237.000    11  0.157107  0.064153  0.061569    0.05713    0.05860
 37.574  237.000    12  0.058084  0.046880  0.045952    0.04456    0.04767
 37.835  256.000    11  0.157208  0.064262  0.061613    0.05722    0.05868
 37.835  256.000    12  0.058082  0.046845  0.045909    0.04456    0.04766
 38.083  239.000    11  0.158433  0.064415  0.062078    0.05734    0.05885
 38.083  239.000    12  0.058167  0.046845  0.045888    0.04458    0.04768
 38.326  252.000    11  0.159898  0.064448  0.062110    0.05744    0.05894
 38.326  252.000    12  0.058251  0.046823  0.045860    0.04457    0.04767
 38.575  248.000    11  0.159723  0.064479  0.062137    0.05748    0.05895
 38.575  248.000    12  0.058217  0.046837  0.045870    0.04462    0.04771
 38.830  251.000    11  0.159777  0.064542  0.062234    0.05754    0.05901
 38.830  251.000    12  0.058082  0.046830  0.045861    0.04463    0.04772
 39.074  250.000    11  0.160718  0.064581  0.062214    0.05756    0.05901
 39.074  250.000    12  0.058049  0.046842  0.045816    0.04465    0.04773
 39.325  248.000    11  0.161328  0.064618  0.062199    0.05758    0.05904
 39.325  248.000    12  0.058197  0.046844  0.045805    0.04467    0.04774
 39.568  252.000    11  0.161379  0.064642  0.062124    0.05758    0.05902
 39.568  252.000    12  0.058228  0.046825  0.045764    0.04466    0.04773
 39.825  244.000    11  0.161703  0.064611  0.062171    0.05759    0.05904
 39.825  244.000    12  0.058338  0.046842  0.045769    0.04470    0.04776
 40.069  254.000    11  0.162437  0.064681  0.062097    0.05762    0.05907
 40.069  254.000    12  0.058303  0.046849  0.045720    0.04472    0.04778
 40.318  252.000    11  0.162401  0.064555  0.061959    0.05755    0.05898
 40.318  252.000    12  0.058128  0.046825  0.045673    0.04471    0.04776
 40.565  244.000    11  0.161976  0.064563  0.061884    0.05755    0.05896
 40.566  244.000    12  0.058169  0.046824  0.045652    0.04472    0.04777
 40.822  258.000    11  0.162091  0.064444  0.061763    0.05754    0.05895
 40.822  258.000    12  0.058186  0.046769  0.045596    0.04473    0.04777
 41.099  270.000    11  0.162386  0.064315  0.061751    0.05752    0.05895
 41.099  270.000    12  0.058209  0.046726  0.045545    0.04475    0.04779
 41.317  222.000    11  0.162488  0.064390  0.061724    0.05757    0.05899
 41.317  222.000    12  0.058215  0.046757  0.045558    0.04479    0.04783
 41.557  247.000    11  0.162242  0.064292  0.061571    0.05750    0.05889
 41.557  247.000    12  0.058195  0.046780  0.045558    0.04482    0.04785
 41.817  249.000    11  0.161803  0.064203  0.061591    0.05745    0.05883
 41.817  249.000    12  0.058097  0.046769  0.045533    0.04482    0.04784
 42.093  269.000    11  0.162229  0.064157  0.061625    0.05752    0.05893
 42.093  269.000    12  0.058193  0.046751  0.045515    0.04480    0.04782
 42.333  238.000    11  0.162744  0.064175  0.061711    0.05766    0.05906
 42.333  238.000    12  0.058098  0.046824  0.045489    0.04480    0.04781
 42.573  244.000    11  0.163773  0.064233  0.061752    0.05775    0.05914
 42.573  244.000    12  0.058207  0.046839  0.045493    0.04482    0.04783
 42.832  249.000    11  0.163872  0.064304  0.061856    0.05780    0.05919
 42.832  249.000    12  0.058169  0.046840  0.045529    0.04485    0.04786
 43.067  249.000    11  0.163977  0.064342  0.061815    0.05782    0.05921
 43.067  249.000    12  0.058064  0.046858  0.045527    0.04488    0.04789
 43.335  271.000    11  0.164081  0.064244  0.061649    0.05777    0.05913
 43.335  271.000    12  0.058290  0.046795  0.045451    0.04487    0.04787
 43.569  229.000    11  0.164311  0.064307  0.061637    0.05780    0.05918
 43.569  229.000    12  0.058101  0.046815  0.045453    0.04490    0.04790
 43.826  247.000    11  0.164263  0.064239  0.061858    0.05782    0.05922
 43.826  247.000    12  0.058107  0.046743  0.045396    0.04488    0.04787
 44.067  250.000    11  0.164221  0.064221  0.061822    0.05783    0.05925
 44.067  250.000    12  0.058111  0.046770  0.045406    0.04493    0.04792
 44.321  248.000    11  0.163871  0.064213  0.061769    0.05787    0.05926
 44.322  248.000    12  0.058148  0.046763  0.045425    0.04493    0.04792
 44.564  257.000    11  0.163700  0.064123  0.061656    0.05784    0.05921
 44.564  257.000    12  0.058077  0.046749  0.045390    0.04493    0.04791
 44.818  249.000    11  0.163837  0.064099  0.061562    0.05780    0.05916
 44.819  249.000    12  0.058205  0.046745  0.045363    0.04493    0.04791
 45.075  248.000    11  0.164073  0.064128  0.061457    0.05776    0.05913
 45.075  248.000    12  0.058252  0.046747  0.045379    0.04496    0.04794
 45.317  247.000    11  0.164414  0.064155  0.061423    0.05779    0.05915
 45.317  247.000    12  0.058211  0.046755  0.045369    0.04498    0.04795
 45.573  250.000    11  0.164383  0.064213  0.061429    0.05783    0.05920
 45.573  250.000    12  0.058242  0.046744  0.045354    0.04498    0.04795
 45.846  267.000    11  0.164668  0.064198  0.061469    0.05792    0.05934
 45.846  267.000    12  0.058245  0.046729  0.045361    0.04497    0.04793
 46.072  231.000    11  0.164960  0.064250  0.061478    0.05795    0.05937
 46.072  231.000    12  0.058227  0.046760  0.045353    0.04501    0.04797
 46.325  249.000    11  0.165174  0.064220  0.061586    0.05797    0.05937
 46.325  249.000    12  0.058269  0.046757  0.045351    0.04501    0.04797
 46.560  249.000    11  0.164997  0.064133  0.061485    0.05794    0.05930
 46.560  249.000    12  0.058364  0.046807  0.045356    0.04504    0.04800
 46.837  271.000    11  0.164962  0.064003  0.061435    0.05790    0.05928
 46.837  271.000    12  0.058319  0.046791  0.045303    0.04502    0.04797
 47.070  239.000    11  0.165333  0.063925  0.061400    0.05789    0.05928
 47.070  239.000    12  0.058369  0.046757  0.045291    0.04502    0.04797
 47.326  237.000    11  0.165471  0.063886  0.061393    0.05788    0.05930
 47.326  237.000    12  0.058504  0.046813  0.045305    0.04505    0.04800
 47.564  251.000    11  0.166146  0.063862  0.061425    0.05795    0.05937
 47.564  251.000    12  0.058474  0.046768  0.045281    0.04505    0.04799
 47.843  263.000    11  0.166546  0.063867  0.061503    0.05805    0.05952
 47.843  263.000    12  0.058580  0.046791  0.045302    0.04503    0.04796
 48.059  236.000    11  0.167021  0.063804  0.061437    0.05803    0.05949
 48.059  236.000    12  0.058648  0.046834  0.045338    0.04507    0.04801
 48.312  245.000    11  0.166939  0.063715  0.061305    0.05795    0.05939
 48.312  245.000    12  0.058636  0.046833  0.045367    0.04508    0.04801
 48.573  256.000    11  0.166848  0.063613  0.061336    0.05790    0.05933
 48.573  256.000    12  0.058521  0.046835  0.045364    0.04510    0.04803
 48.824  250.000    11  0.166627  0.063612  0.061379    0.05787    0.05931
 48.824  250.000    12  0.058488  0.046832  0.045358    0.04511    0.04803
 49.069  250.000    11  0.166999  0.063643  0.061403    0.05791    0.05936
 49.069  250.000    12  0.058415  0.046804  0.045328    0.04512    0.04805
 49.333  249.000    11  0.167634  0.063688  0.061636    0.05796    0.05941
 49.334  249.000    12  0.058306  0.046754  0.045272    0.04511    0.04803
 49.562  247.000    11  0.167792  0.063624  0.061581    0.05789    0.05932
 49.562  247.000    12  0.058211  0.046773  0.045317    0.04515    0.04807
 49.830  251.000    11  0.168005  0.063683  0.061689    0.05792    0.05935
 49.831  251.000    12  0.058146  0.046748  0.045273    0.04513    0.04805
 50.085  251.000    11  0.168778  0.063787  0.061793    0.05800    0.05948
 50.085  251.000    12  0.058174  0.046776  0.045261    0.04514    0.04805
 50.343  282.000    11  0.169088  0.063731  0.061670    0.05797    0.05944
 50.343  282.000    12  0.058145  0.046718  0.045205    0.04512    0.04802
 50.564  216.000    11  0.169498  0.063714  0.061609    0.05797    0.05942
 50.564  216.000    12  0.058335  0.046792  0.045248    0.04518    0.04809
 50.843  252.000    11  0.169782  0.063856  0.061729    0.05806    0.05957
 50.843  252.000    12  0.058272  0.046753  0.045234    0.04516    0.04806
 51.082  249.000    11  0.170657  0.063859  0.061728    0.05810    0.05962
 51.082  249.000    12  0.058461  0.046766  0.045267    0.04518    0.04808
 51.323  251.000    11  0.171316  0.063842  0.061751    0.05817    0.05969
 51.323  251.000    12  0.058500  0.046726  0.045225    0.04517    0.04807
 51.579  247.000    11  0.171819  0.063920  0.061807    0.05825    0.05980
 51.579  247.000    12  0.058562  0.046762  0.045229    0.04519    0.04809
 51.822  248.000    11  0.171930  0.063961  0.061770    0.05828    0.05985
 51.822  248.000    12  0.058534  0.046767  0.045200    0.04521    0.04810
 52.098  268.000    11  0.171859  0.063962  0.061824    0.05830    0.05986
 52.098  268.000    12  0.058339  0.046713  0.045167    0.04519    0.04808
 52.327  230.000    11  0.172849  0.064049  0.061901    0.05838    0.05995
 52.327  230.000    12  0.058623  0.046736  0.045186    0.04522    0.04811
 52.562  250.000    11  0.173035  0.063996  0.061779    0.05834    0.05989
 52.562  250.000    12  0.058751  0.046749  0.045229    0.04524    0.04813
 52.832  252.000    11  0.173604  0.063990  0.061809    0.05839    0.05994
 52.832  252.000    12  0.058692  0.046747  0.045179    0.04521    0.04809
 53.079  247.000    11  0.173563  0.064024  0.061884    0.05841    0.05998
 53.079  247.000    12  0.058759  0.046763  0.045190    0.04524    0.04812
 53.323  246.000    11  0.173603  0.064031  0.061881    0.05845    0.06000
 53.323  246.000    12  0.058794  0.046776  0.045234    0.04525    0.04813
 53.573  255.000    11  0.174167  0.064062  0.061851    0.05848    0.06001
 53.573  255.000    12  0.058745  0.046774  0.045229    0.04526    0.04814
 53.829  249.000    11  0.174442  0.064147  0.061880    0.05853    0.06008
 53.829  249.000    12  0.058688  0.046789  0.045240    0.04526    0.04813
 54.058  245.000    11  0.174812  0.064105  0.061800    0.05851    0.06004
 54.059  245.000    12  0.058670  0.046810  0.045260    0.04529    0.04816
 54.313  250.000    11  0.174915  0.064050  0.061762    0.05849    0.06000
 54.313  250.000    12  0.058699  0.046828  0.045229    0.04527    0.04814
 54.568  251.000    11  0.175229  0.064056  0.061689    0.05848    0.05996
 54.568  251.000    12  0.058771  0.046841  0.045228    0.04529    0.04816
 54.839  270.000    11  0.175669  0.064039  0.061627    0.05847    0.05996
 54.839  270.000    12  0.058853  0.046796  0.045243    0.04528    0.04814
 55.074  230.000    11  0.176158  0.064119  0.061660    0.05851    0.06000
 55.074  230.000    12  0.058855  0.046810  0.045257    0.04530    0.04816
 55.324  246.000    11  0.176503  0.064118  0.061669    0.05854    0.06002
 55.324  246.000    12  0.058916  0.046808  0.045255    0.04531    0.04817
 55.603  286.000    11  0.176850  0.064039  0.061563    0.05851    0.05996
 55.603  286.000    12  0.058914  0.046804  0.045279    0.04531    0.04817
 55.822  213.000    11  0.177159  0.064084  0.061644    0.05855    0.06001
 55.822  213.000    12  0.058968  0.046813  0.045284    0.04532    0.04818
 56.095  271.000    11  0.177365  0.064076  0.061636    0.05854    0.06002
 56.095  271.000    12  0.058871  0.046764  0.045256    0.04531    0.04816
 56.327  229.000    11  0.177623  0.064158  0.061691    0.05863    0.06010
 56.327  229.000    12  0.058971  0.046779  0.045272    0.04533    0.04818
 56.575  250.000    11  0.177939  0.064228  0.061734    0.05869    0.06017
 56.575  250.000    12  0.059123  0.046780  0.045271    0.04534    0.04819
 56.825  249.000    11  0.178408  0.064298  0.061832    0.05879    0.06031
 56.826  249.000    12  0.059090  0.046774  0.045265    0.04532    0.04817
 57.077  247.000    11  0.178905  0.064335  0.061937    0.05886    0.06038
 57.077  247.000    12  0.059245  0.046784  0.045263    0.04533    0.04817
 57.336  252.000    11  0.179026  0.064436  0.062057    0.05897    0.06050
 57.336  252.000    12  0.059257  0.046795  0.045262    0.04535    0.04819
 57.559  251.000    11  0.179170  0.064399  0.061982    0.05893    0.06044
 57.559  251.000    12  0.059269  0.046845  0.045281    0.04538    0.04822
 57.825  250.000    11  0.179161  0.064406  0.061951    0.05891    0.06042
 57.825  250.000    12  0.059161  0.046830  0.045266    0.04537    0.04821
 58.069  247.000    11  0.179422  0.064423  0.061955    0.05895    0.06048
 58.069  247.000    12  0.059160  0.046835  0.045273    0.04538    0.04822
 58.319  252.000    11  0.179489  0.064387  0.061893    0.05892    0.06043
 58.319  252.000    12  0.059249  0.046832  0.045261    0.04539    0.04822
 58.572  251.000    11  0.179540  0.064425  0.061845    0.05893    0.06043
 58.572  251.000    12  0.059309  0.046832  0.045281    0.04539    0.04822
 58.849  266.000    11  0.180014  0.064444  0.061911    0.05898    0.06049
 58.849  266.000    12  0.059285  0.046797  0.045241    0.04535    0.04818
 59.078  231.000    11  0.180402  0.064502  0.061995    0.05900    0.06052
 59.078  231.000    12  0.059351  0.046830  0.045277    0.04539    0.04822
 59.338  263.000    11  0.180595  0.064511  0.061966    0.05903    0.06055
 59.338  263.000    12  0.059376  0.046796  0.045256    0.04539    0.04822
 59.559  234.000    11  0.180553  0.064491  0.061908    0.05903    0.06053
 59.562  234.000    12  0.059437  0.046855  0.045271    0.04542    0.04825
 59.826  256.000    11  0.180880  0.064449  0.061884    0.05906    0.06056
 59.826  256.000    12  0.059439  0.046801  0.045218    0.04540    0.04822
 60.098  274.000    11  0.181220  0.064369  0.061810    0.05905    0.06054
 60.098  274.000    12  0.059490  0.046813  0.045186    0.04540    0.04822
 60.336  233.000    11  0.181219  0.064359  0.061848    0.05908    0.06057
 60.336  233.000    12  0.059586  0.046816  0.045176    0.04542    0.04823
 60.587  269.000    11  0.180968  0.064269  0.061745    0.05900    0.06047
 60.587  269.000    12  0.059561  0.046796  0.045151    0.04543    0.04825
 60.800  214.000    11  0.181109  0.064211  0.061684    0.05899    0.06046
 60.800  214.000    12  0.059526  0.046755  0.045103    0.04540    0.04822
 61.078  254.000    11  0.181290  0.064208  0.061668    0.05898    0.06046
 61.078  254.000    12  0.059576  0.046770  0.045131    0.04544    0.04825
 61.308  248.000    11  0.181293  0.064160  0.061587    0.05893    0.06041
 61.309  248.000    12  0.059541  0.046786  0.045140    0.04546    0.04827
 61.564  250.000    11  0.181092  0.064146  0.061503    0.05889    0.06035
 61.564  250.000    12  0.059469  0.046779  0.045127    0.04546    0.04827
 61.822  250.000    11  0.181373  0.064175  0.061466    0.05889    0.06034
 61.822  250.000    12  0.059430  0.046771  0.045143    0.04546    0.04827
 62.078  249.000    11  0.181850  0.064239  0.061594    0.05896    0.06045
 62.078  249.000    12  0.059407  0.046715  0.045107    0.04543    0.04823
 62.317  249.000    11  0.181974  0.064180  0.061515    0.05889    0.06037
 62.317  249.000    12  0.059383  0.046775  0.045134    0.04547    0.04828
 62.566  250.000    11  0.181860  0.064151  0.061484    0.05887    0.06037
 62.566  250.000    12  0.059432  0.046775  0.045124    0.04548    0.04828
 62.819  250.000    11  0.181896  0.064163  0.061456    0.05886    0.06037
 62.819  250.000    12  0.059398  0.046772  0.045113    0.04548    0.04828
 63.070  250.000    11  0.182401  0.064181  0.061436    0.05887    0.06038
 63.070  250.000    12  0.059500  0.046773  0.045108    0.04549    0.04829
 63.318  249.000    11  0.182790  0.064191  0.061404    0.05887    0.06038
 63.318  249.000    12  0.059657  0.046777  0.045100    0.04549    0.04829
 63.559  247.000    11  0.183044  0.064152  0.061329    0.05886    0.06034
 63.559  247.000    12  0.059726  0.046788  0.045099    0.04551    0.04830
 63.819  249.000    11  0.183012  0.064202  0.061352    0.05891    0.06041
 63.819  249.000    12  0.059675  0.046765  0.045073    0.04549    0.04828
 64.075  254.000    11  0.183186  0.064239  0.061371    0.05893    0.06044
 64.075  254.000    12  0.059785  0.046769  0.045079    0.04550    0.04830
 64.372  294.000    11  0.183524  0.064196  0.061348    0.05897    0.06048
 64.372  294.000    12  0.059743  0.046778  0.045077    0.04548    0.04827
 64.570  202.000    11  0.184020  0.064315  0.061420    0.05908    0.06060
 64.570  202.000    12  0.059721  0.046813  0.045087    0.04551    0.04831
 64.820  250.000    11  0.184152  0.064358  0.061421    0.05912    0.06063
 64.820  250.000    12  0.059725  0.046810  0.045080    0.04552    0.04831
 65.105  264.000    11  0.184419  0.064472  0.061609    0.05927    0.06085
 65.105  264.000    12  0.059766  0.046768  0.045049    0.04548    0.04826
 65.335  234.000    11  0.185119  0.064582  0.061716    0.05941    0.06099
 65.335  234.000    12  0.059792  0.046786  0.045067    0.04550    0.04829
 65.568  250.000    11  0.185706  0.064635  0.061733    0.05948    0.06107
 65.568  250.000    12  0.059905  0.046778  0.045050    0.04552    0.04830
 65.834  252.000    11  0.185889  0.064719  0.061783    0.05956    0.06115
 65.834  252.000    12  0.059852  0.046776  0.045041    0.04553    0.04831
 66.087  252.000    11  0.185946  0.064760  0.061939    0.05962    0.06120
 66.087  252.000    12  0.059806  0.046739  0.045035    0.04551    0.04829
 66.329  246.000    11  0.186013  0.064848  0.061981    0.05970    0.06127
 66.329  246.000    12  0.059791  0.046777  0.045055    0.04554    0.04832
 66.566  250.000    11  0.186265  0.064861  0.061934    0.05970    0.06125
 66.566  250.000    12  0.059795  0.046785  0.045059    0.04555    0.04833
 66.818  249.000    11  0.186508  0.064817  0.061900    0.05969    0.06125
 66.818  249.000    12  0.059752  0.046777  0.045034    0.04554    0.04832
 67.082  248.000    11  0.187033  0.064877  0.061915    0.05975    0.06132
 67.082  248.000    12  0.060011  0.046777  0.045053    0.04555    0.04832
 67.323  251.000    11  0.186908  0.064906  0.061965    0.05979    0.06133
 67.323  251.000    12  0.059991  0.046783  0.045039    0.04556    0.04833
 67.564  248.000    11  0.186890  0.064896  0.061916    0.05978    0.06131
 67.564  248.000    12  0.060062  0.046813  0.045040    0.04557    0.04835
 67.826  252.000    11  0.187217  0.064906  0.061909    0.05977    0.06129
 67.826  252.000    12  0.060012  0.046806  0.045033    0.04557    0.04834
 68.069  248.000    11  0.187486  0.064883  0.061865    0.05976    0.06127
 68.069  248.000    12  0.059983  0.046811  0.045032    0.04558    0.04835
 68.324  266.000    11  0.187527  0.064811  0.061787    0.05974    0.06125
 68.324  266.000    12  0.059963  0.046782  0.045008    0.04558    0.04835
 68.565  235.000    11  0.187588  0.064810  0.061736    0.05971    0.06121
 68.565  235.000    12  0.059843  0.046788  0.045008    0.04559    0.04836
 68.864  289.000    11  0.187819  0.064765  0.061709    0.05970    0.06122
 68.864  289.000    12  0.059839  0.046783  0.044999    0.04557    0.04834
 69.066  211.000    11  0.188758  0.064858  0.061762    0.05979    0.06133
 69.066  211.000    12  0.059739  0.046741  0.044929    0.04551    0.04827
 69.330  250.000    11  0.188972  0.064849  0.061743    0.05980    0.06132
 69.330  250.000    12  0.059857  0.046809  0.044984    0.04559    0.04835
 69.576  247.000    11  0.188871  0.064906  0.061796    0.05987    0.06140
 69.576  247.000    12  0.059906  0.046812  0.044986    0.04560    0.04836
 69.826  262.000    11  0.188680  0.064825  0.061739    0.05983    0.06136
 69.826  262.000    12  0.059834  0.046783  0.044977    0.04559    0.04835
 70.077  238.000    11  0.188948  0.064847  0.061810    0.05983    0.06136
 70.077  238.000    12  0.059886  0.046788  0.044980    0.04560    0.04836
 70.314  248.000    11  0.189280  0.064797  0.061815    0.05981    0.06133
 70.314  248.000    12  0.059919  0.046793  0.044981    0.04561    0.04837
 70.570  253.000    11  0.188931  0.064811  0.061785    0.05982    0.06133
 70.571  253.000    12  0.059864  0.046783  0.044973    0.04561    0.04836
 70.830  257.000    11  0.189238  0.064772  0.061750    0.05981    0.06132
 70.830  257.000    12  0.059800  0.046799  0.044966    0.04561    0.04836
 71.086  242.000    11  0.189683  0.064830  0.061816    0.05987    0.06141
 71.086  242.000    12  0.060046  0.046800  0.044965    0.04561    0.04837
 71.332  258.000    11  0.189799  0.064832  0.061850    0.05989    0.06143
 71.333  258.000    12  0.060152  0.046803  0.044952    0.04561    0.04836
 71.573  239.000    11  0.189742  0.064881  0.061846    0.05993    0.06146
 71.573  239.000    12  0.060213  0.046814  0.044986    0.04563    0.04838
 71.825  251.000    11  0.189958  0.064937  0.061876    0.05997    0.06150
 71.825  251.000    12  0.060229  0.046807  0.044983    0.04563    0.04838
 72.068  248.000    11  0.189728  0.064966  0.061867    0.05999    0.06152
 72.068  248.000    12  0.060195  0.046811  0.044985    0.04564    0.04839
 72.309  248.000    11  0.189650  0.064928  0.061805    0.05996    0.06149
 72.309  248.000    12  0.060238  0.046821  0.044986    0.04565    0.04840
 72.566  249.000    11  0.189494  0.064880  0.061751    0.05992    0.06143
 72.566  249.000    12  0.060250  0.046818  0.044982    0.04565    0.04839
 72.832  249.000    11  0.189620  0.064942  0.061810    0.05997    0.06150
 72.832  249.000    12  0.060241  0.046803  0.044967    0.04564    0.04839
 73.074  253.000    11  0.189862  0.064950  0.061846    0.05998    0.06150
 73.074  253.000    12  0.060330  0.046820  0.044973    0.04565    0.04839
 73.318  249.000    11  0.189707  0.064975  0.061824    0.05999    0.06150
 73.318  249.000    12  0.060366  0.046822  0.044976    0.04566    0.04840
 73.571  248.000    11  0.189558  0.065030  0.061837    0.06003    0.06157
 73.571  248.000    12  0.060389  0.046817  0.044951    0.04566    0.04840
 73.840  253.000    11  0.189476  0.065053  0.062027    0.06004    0.06158
 73.840  253.000    12  0.060307  0.046802  0.044953    0.04565    0.04839
 74.083  248.000    11  0.189644  0.065128  0.062088    0.06010    0.06165
 74.083  248.000    12  0.060430  0.046805  0.044953    0.04566    0.04840
 74.315  251.000    11  0.189851  0.065134  0.062040    0.06009    0.06162
 74.315  251.000    12  0.060550  0.046824  0.044963    0.04567    0.04841
 74.569  249.000    11  0.189709  0.065153  0.062009    0.06009    0.06162
 74.569  249.000    12  0.060599  0.046818  0.044957    0.04567    0.04841
 74.837  270.000    11  0.189337  0.065095  0.061955    0.06005    0.06158
 74.837  270.000    12  0.060552  0.046771  0.044932    0.04564    0.04838
 75.087  229.000    11  0.189735  0.065140  0.062069    0.06012    0.06167
 75.087  229.000    12  0.060698  0.046784  0.044942    0.04566    0.04840
 75.338  247.000    11  0.189527  0.065175  0.062277    0.06015    0.06170
 75.338  247.000    12  0.060642  0.046785  0.044949    0.04567    0.04840
 75.573  249.000    11  0.189322  0.065176  0.062274    0.06016    0.06170
 75.573  249.000    12  0.060603  0.046792  0.044957    0.04568    0.04842
 75.844  281.000    11  0.189405  0.065125  0.062238    0.06015    0.06171
 75.844  281.000    12  0.060529  0.046786  0.044935    0.04567    0.04840
 76.086  219.000    11  0.189241  0.065198  0.062340    0.06023    0.06178
 76.086  219.000    12  0.060547  0.046791  0.044938    0.04568    0.04841
 76.319  250.000    11  0.189062  0.065217  0.062345    0.06023    0.06177
 76.319  250.000    12  0.060566  0.046803  0.044926    0.04570    0.04843
 76.568  249.000    11  0.188984  0.065229  0.062329    0.06026    0.06179
 76.568  249.000    12  0.060550  0.046807  0.044923    0.04570    0.04843
 76.821  249.000    11  0.188909  0.065242  0.062335    0.06029    0.06183
 76.821  249.000    12  0.060581  0.046793  0.044908    0.04570    0.04843
 77.062  249.000    11  0.188902  0.065213  0.062356    0.06031    0.06186
 77.062  249.000    12  0.060513  0.046764  0.044893    0.04569    0.04842
 77.328  251.000    11  0.188792  0.065207  0.062373    0.06030    0.06184
 77.328  251.000    12  0.060550  0.046770  0.044900    0.04570    0.04843
 77.558  248.000    11  0.188757  0.065188  0.062346    0.06034    0.06185
 77.558  248.000    12  0.060523  0.046748  0.044891    0.04570    0.04842
 77.824  250.000    11  0.188416  0.065160  0.062335    0.06032    0.06184
 77.824  250.000    12  0.060551  0.046746  0.044890    0.04571    0.04843
 78.084  250.000    11  0.188213  0.065165  0.062359    0.06032    0.06185
 78.084  250.000    12  0.060516  0.046742  0.044883    0.04571    0.04843
 78.316  250.000    11  0.187958  0.065145  0.062317    0.06031    0.06182
 78.316  250.000    12  0.060481  0.046773  0.044890    0.04572    0.04844
 78.565  250.000    11  0.187663  0.065100  0.062239    0.06027    0.06176
 78.565  250.000    12  0.060438  0.046791  0.044887    0.04573    0.04845
 78.825  250.000    11  0.187352  0.065142  0.062260    0.06030    0.06179
 78.826  250.000    12  0.060328  0.046781  0.044880    0.04572    0.04844
 79.108  277.000    11  0.187183  0.065072  0.062325    0.06026    0.06175
 79.108  277.000    12  0.060336  0.046790  0.044875    0.04572    0.04843
 79.325  222.000    11  0.187355  0.065129  0.062389    0.06031    0.06180
 79.325  222.000    12  0.060399  0.046801  0.044884    0.04573    0.04845
 79.571  248.000    11  0.187231  0.065167  0.062390    0.06034    0.06183
 79.571  248.000    12  0.060342  0.046799  0.044905    0.04573    0.04845
 79.826  247.000    11  0.187116  0.065180  0.062430    0.06039    0.06189
 79.826  247.000    12  0.060273  0.046791  0.044898    0.04573    0.04844
 80.087  254.000    11  0.187066  0.065243  0.062513    0.06044    0.06197
 80.087  254.000    12  0.060377  0.046801  0.044891    0.04573    0.04844
 80.312  248.000    11  0.186958  0.065198  0.062432    0.06040    0.06192
 80.312  248.000    12  0.060456  0.046818  0.044922    0.04575    0.04846
 80.559  261.000    11  0.186715  0.065102  0.062329    0.06034    0.06184
 80.559  261.000    12  0.060393  0.046806  0.044884    0.04573    0.04845
 80.820  236.000    11  0.186686  0.065081  0.062312    0.06031    0.06183
 80.820  236.000    12  0.060366  0.046810  0.044893    0.04575    0.04846
 81.067  254.000    11  0.186892  0.065097  0.062275    0.06032    0.06183
 81.067  254.000    12  0.060351  0.046809  0.044875    0.04575    0.04846
 81.317  246.000    11  0.186786  0.065067  0.062230    0.06029    0.06180
 81.317  246.000    12  0.060385  0.046829  0.044872    0.04576    0.04847
 81.574  251.000    11  0.186771  0.065100  0.062259    0.06032    0.06184
 81.574  251.000    12  0.060426  0.046824  0.044866    0.04576    0.04846
 81.818  249.000    11  0.186597  0.065135  0.062255    0.06034    0.06187
 81.818  249.000    12  0.060471  0.046825  0.044849    0.04576    0.04847
 82.085  256.000    11  0.186439  0.065128  0.062268    0.06035    0.06189
 82.085  256.000    12  0.060413  0.046812  0.044835    0.04575    0.04846
 82.309  243.000    11  0.186381  0.065103  0.062219    0.06033    0.06186
 82.309  243.000    12  0.060426  0.046835  0.044849    0.04577    0.04848
 82.572  251.000    11  0.186264  0.065114  0.062208    0.06034    0.06187
 82.573  251.000    12  0.060372  0.046822  0.044838    0.04577    0.04847
 82.834  249.000    11  0.186203  0.065161  0.062264    0.06038    0.06193
 82.834  249.000    12  0.060348  0.046816  0.044825    0.04576    0.04847
 83.088  259.000    11  0.186295  0.065182  0.062299    0.06041    0.06198
 83.088  259.000    12  0.060288  0.046810  0.044814    0.04576    0.04846
 83.326  237.000    11  0.186348  0.065212  0.062373    0.06045    0.06202
 83.326  237.000    12  0.060418  0.046818  0.044823    0.04577    0.04847
 83.568  251.000    11  0.186284  0.065230  0.062354    0.06046    0.06203
 83.568  251.000    12  0.060402  0.046825  0.044831    0.04578    0.04848
 83.821  250.000    11  0.186109  0.065205  0.062399    0.06043    0.06200
 83.821  250.000    12  0.060429  0.046804  0.044810    0.04578    0.04848
 84.092  251.000    11  0.186393  0.065296  0.062465    0.06049    0.06206
 84.092  251.000    12  0.060347  0.046786  0.044820    0.04577    0.04847
 84.335  246.000    11  0.186455  0.065375  0.062534    0.06055    0.06212
 84.335  246.000    12  0.060318  0.046793  0.044819    0.04578    0.04848
 84.573  248.000    11  0.186397  0.065435  0.062562    0.06061    0.06217
 84.573  248.000    12  0.060326  0.046798  0.044829    0.04579    0.04849
 84.848  272.000    11  0.186448  0.065453  0.062639    0.06068    0.06226
 84.848  272.000    12  0.060321  0.046758  0.044788    0.04575    0.04845
 85.084  230.000    11  0.186798  0.065540  0.062751    0.06076    0.06235
 85.084  230.000    12  0.060507  0.046798  0.044811    0.04579    0.04848
 85.324  250.000    11  0.186710  0.065559  0.062749    0.06078    0.06235
 85.324  250.000    12  0.060502  0.046805  0.044817    0.04579    0.04849
 85.562  249.000    11  0.186467  0.065530  0.062711    0.06078    0.06234
 85.562  249.000    12  0.060484  0.046804  0.044834    0.04580    0.04849
 85.849  267.000    11  0.186263  0.065519  0.062753    0.06081    0.06237
 85.849  267.000    12  0.060395  0.046788  0.044815    0.04578    0.04848
 86.077  233.000    11  0.186200  0.065571  0.062784    0.06085    0.06242
 86.077  233.000    12  0.060491  0.046799  0.044827    0.04580    0.04849
 86.327  249.000    11  0.186111  0.065606  0.062800    0.06088    0.06245
 86.327  249.000    12  0.060471  0.046799  0.044827    0.04580    0.04849
 86.568  251.000    11  0.185868  0.065633  0.062773    0.06089    0.06244
 86.568  251.000    12  0.060486  0.046802  0.044829    0.04581    0.04850
 86.829  250.000    11  0.185894  0.065659  0.062792    0.06091    0.06245
 86.829  250.000    12  0.060506  0.046793  0.044829    0.04581    0.04850
 87.078  249.000    11  0.186039  0.065687  0.062818    0.06093    0.06249
 87.078  249.000    12  0.060503  0.046792  0.044828    0.04581    0.04850
 87.315  248.000    11  0.185818  0.065666  0.062852    0.06094    0.06250
 87.316  248.000    12  0.060571  0.046778  0.044813    0.04582    0.04850
 87.573  250.000    11  0.185821  0.065696  0.062856    0.06097    0.06251
 87.573  250.000    12  0.060551  0.046775  0.044811    0.04582    0.04850
 87.834  255.000    11  0.185928  0.065676  0.062862    0.06096    0.06251
 87.834  255.000    12  0.060616  0.046764  0.044798    0.04581    0.04850
 88.079  246.000    11  0.186258  0.065710  0.062854    0.06098    0.06252
 88.079  246.000    12  0.060639  0.046770  0.044802    0.04582    0.04850
 88.334  246.000    11  0.186446  0.065770  0.062964    0.06105    0.06261
 88.334  246.000    12  0.060624  0.046766  0.044793    0.04582    0.04850
 88.562  249.000    11  0.186169  0.065763  0.062946    0.06104    0.06259
 88.562  249.000    12  0.060670  0.046793  0.044802    0.04583    0.04852
 88.820  249.000    11  0.185903  0.065748  0.062916    0.06103    0.06258
 88.820  249.000    12  0.060574  0.046808  0.044806    0.04583    0.04851
 89.076  252.000    11  0.185809  0.065772  0.062955    0.06105    0.06259
 89.076  252.000    12  0.060596  0.046800  0.044801    0.04583    0.04851
 89.327  250.000    11  0.185653  0.065797  0.062967    0.06106    0.06261
 89.327  250.000    12  0.060553  0.046798  0.044802    0.04583    0.04851
 89.573  250.000    11  0.185578  0.065826  0.062974    0.06110    0.06264
 89.573  250.000    12  0.060510  0.046796  0.044817    0.04584    0.04852
 89.823  248.000    11  0.185359  0.065841  0.062988    0.06111    0.06265
 89.823  248.000    12  0.060474  0.046792  0.044814    0.04584    0.04852
 90.074  253.000    11  0.185186  0.065841  0.062987    0.06110    0.06264
 90.074  253.000    12  0.060441  0.046788  0.044814    0.04584    0.04852
 90.326  248.000    11  0.184980  0.065859  0.062988    0.06112    0.06265
 90.326  248.000    12  0.060387  0.046787  0.044818    0.04584    0.04852
 90.573  249.000    11  0.184836  0.065892  0.063010    0.06116    0.06269
 90.573  249.000    12  0.060364  0.046788  0.044816    0.04584    0.04852
 90.835  250.000    11  0.184567  0.065942  0.063083    0.06121    0.06273
 90.835  250.000    12  0.060350  0.046799  0.044805    0.04584    0.04852
 91.074  249.000    11  0.184457  0.065964  0.063111    0.06122    0.06274
 91.074  249.000    12  0.060367  0.046802  0.044809    0.04585    0.04853
 91.319  249.000    11  0.184258  0.065983  0.063101    0.06123    0.06275
 91.319  249.000    12  0.060386  0.046804  0.044810    0.04585    0.04853
 91.565  249.000    11  0.184057  0.065970  0.063064    0.06122    0.06273
 91.565  249.000    12  0.060385  0.046801  0.044812    0.04586    0.04853
 91.831  250.000    11  0.183980  0.066001  0.063055    0.06125    0.06275
 91.831  250.000    12  0.060391  0.046792  0.044815    0.04585    0.04852
 92.087  250.000    11  0.184281  0.066062  0.063139    0.06130    0.06280
 92.087  250.000    12  0.060487  0.046803  0.044809    0.04585    0.04852
 92.315  247.000    11  0.184261  0.066086  0.063121    0.06132    0.06281
 92.315  247.000    12  0.060603  0.046814  0.044819    0.04586    0.04854
 92.567  248.000    11  0.183938  0.066089  0.063123    0.06133    0.06282
 92.567  248.000    12  0.060580  0.046825  0.044815    0.04586    0.04854
 92.862  277.000    11  0.183696  0.066123  0.063134    0.06135    0.06285
 92.862  277.000    12  0.060585  0.046808  0.044817    0.04585    0.04852
 93.076  225.000    11  0.183656  0.066177  0.063172    0.06139    0.06290
 93.076  225.000    12  0.060633  0.046819  0.044830    0.04586    0.04854
 93.330  249.000    11  0.183626  0.066216  0.063200    0.06143    0.06293
 93.330  249.000    12  0.060563  0.046814  0.044835    0.04586    0.04853
 93.568  250.000    11  0.183590  0.066234  0.063189    0.06146    0.06295
 93.568  250.000    12  0.060528  0.046817  0.044838    0.04587    0.04854
 93.825  249.000    11  0.183377  0.066237  0.063189    0.06145    0.06295
 93.825  249.000    12  0.060518  0.046810  0.044834    0.04587    0.04854
 94.070  249.000    11  0.183281  0.066219  0.063187    0.06143    0.06293
 94.070  249.000    12  0.060537  0.046811  0.044836    0.04588    0.04854
 94.313  249.000    11  0.182951  0.066195  0.063159    0.06141    0.06290
 94.313  249.000    12  0.060501  0.046830  0.044837    0.04588    0.04855
 94.566  249.000    11  0.182683  0.066182  0.063134    0.06141    0.06290
 94.566  249.000    12  0.060412  0.046826  0.044832    0.04588    0.04855
 94.860  284.000    11  0.182363  0.066134  0.063106    0.06138    0.06289
 94.860  284.000    12  0.060337  0.046834  0.044821    0.04588    0.04854
 95.076  216.000    11  0.182269  0.066189  0.063174    0.06142    0.06294
 95.076  216.000    12  0.060319  0.046838  0.044824    0.04588    0.04855
 95.326  247.000    11  0.182039  0.066210  0.063204    0.06144    0.06296
 95.326  247.000    12  0.060301  0.046837  0.044824    0.04588    0.04855
 95.572  252.000    11  0.182012  0.066187  0.063175    0.06143    0.06295
 95.572  252.000    12  0.060301  0.046833  0.044840    0.04589    0.04855
 95.819  248.000    11  0.181753  0.066164  0.063147    0.06141    0.06293
 95.819  248.000    12  0.060249  0.046846  0.044842    0.04589    0.04855
 96.088  250.000    11  0.181648  0.066198  0.063288    0.06145    0.06299
 96.089  250.000    12  0.060273  0.046834  0.044828    0.04588    0.04854
 96.319  249.000    11  0.181499  0.066193  0.063268    0.06145    0.06299
 96.319  249.000    12  0.060227  0.046845  0.044837    0.04589    0.04856
 96.573  250.000    11  0.181520  0.066216  0.063281    0.06147    0.06301
 96.573  250.000    12  0.060240  0.046842  0.044838    0.04589    0.04855
 96.821  250.000    11  0.181334  0.066201  0.063268    0.06145    0.06299
 96.821  250.000    12  0.060245  0.046842  0.044857    0.04590    0.04856
 97.073  250.000    11  0.181160  0.066157  0.063285    0.06142    0.06296
 97.073  250.000    12  0.060197  0.046856  0.044854    0.04590    0.04856
 97.333  250.000    11  0.181184  0.066182  0.063352    0.06144    0.06300
 97.333  250.000    12  0.060158  0.046851  0.044863    0.04589    0.04855
 97.593  279.000    11  0.181251  0.066131  0.063325    0.06143    0.06298
 97.593  279.000    12  0.060188  0.046831  0.044856    0.04589    0.04855
 97.825  221.000    11  0.181225  0.066183  0.063353    0.06147    0.06302
 97.825  221.000    12  0.060216  0.046838  0.044866    0.04590    0.04856
 98.068  247.000    11  0.181034  0.066163  0.063327    0.06146    0.06301
 98.068  247.000    12  0.060201  0.046857  0.044866    0.04591    0.04857
 98.316  250.000    11  0.180725  0.066125  0.063300    0.06143    0.06298
 98.316  250.000    12  0.060206  0.046861  0.044864    0.04591    0.04857
 98.568  251.000    11  0.180539  0.066133  0.063273    0.06143    0.06297
 98.568  251.000    12  0.060165  0.046858  0.044859    0.04591    0.04857
 98.827  251.000    11  0.180817  0.066147  0.063270    0.06145    0.06301
 98.827  251.000    12  0.060175  0.046854  0.044842    0.04591    0.04856
 99.077  248.000    11  0.180994  0.066192  0.063306    0.06149    0.06306
 99.077  248.000    12  0.060188  0.046853  0.044841    0.04591    0.04856
 99.316  249.000    11  0.180945  0.066201  0.063283    0.06149    0.06305
 99.316  249.000    12  0.060207  0.046860  0.044846    0.04592    0.04857
 99.563  250.000    11  0.180895  0.066172  0.063246    0.06148    0.06303
 99.563  250.000    12  0.060198  0.046857  0.044845    0.04592    0.04858
 99.814  248.000    11  0.180633  0.066127  0.063187    0.06143    0.06297
 99.814  248.000    12  0.060121  0.046859  0.044844    0.04592    0.04858
100.069  250.000    11  0.180481  0.066132  0.063187    0.06144    0.06300
100.069  250.000    12  0.060034  0.046849  0.044836    0.04592    0.04857
100.316  249.000    11  0.180336  0.066138  0.063156    0.06143    0.06299
100.316  249.000    12  0.060068  0.046854  0.044840    0.04592    0.04858
100.562  246.000    11  0.180161  0.066132  0.063130    0.06143    0.06297
100.562  246.000    12  0.060054  0.046865  0.044837    0.04592    0.04857
100.826  253.000    11  0.179990  0.066131  0.063161    0.06142    0.06297
100.826  253.000    12  0.059967  0.046860  0.044832    0.04592    0.04857
101.073  250.000    11  0.179906  0.066136  0.063148    0.06141    0.06296
101.073  250.000    12  0.059935  0.046863  0.044850    0.04593    0.04858
101.317  250.000    11  0.179713  0.066142  0.063120    0.06140    0.06295
101.317  250.000    12  0.059973  0.046866  0.044851    0.04593    0.04858
101.579  248.000    11  0.179532  0.066159  0.063111    0.06142    0.06296
101.579  248.000    12  0.059925  0.046856  0.044844    0.04593    0.04858
101.843  251.000    11  0.179496  0.066217  0.063171    0.06147    0.06303
101.843  251.000    12  0.059918  0.046873  0.044858    0.04592    0.04857
102.105  253.000    11  0.179535  0.066259  0.063332    0.06152    0.06310
102.105  253.000    12  0.059958  0.046860  0.044852    0.04591    0.04856
102.328  243.000    11  0.179560  0.066306  0.063396    0.06157    0.06315
102.328  243.000    12  0.059923  0.046875  0.044870    0.04593    0.04858
102.568  250.000    11  0.179566  0.066325  0.063398    0.06160    0.06318
102.568  250.000    12  0.059948  0.046874  0.044869    0.04593    0.04858
102.816  250.000    11  0.179294  0.066311  0.063374    0.06159    0.06317
102.817  250.000    12  0.059914  0.046877  0.044871    0.04594    0.04859
103.071  250.000    11  0.179106  0.066281  0.063354    0.06158    0.06317
103.071  250.000    12  0.059912  0.046869  0.044876    0.04594    0.04858
103.323  251.000    11  0.179083  0.066256  0.063347    0.06156    0.06314
103.323  251.000    12  0.059900  0.046871  0.044893    0.04594    0.04859
103.575  245.000    11  0.179057  0.066297  0.063394    0.06162    0.06321
103.575  245.000    12  0.059946  0.046866  0.044887    0.04594    0.04858
103.841  253.000    11  0.178929  0.066315  0.063487    0.06164    0.06323
103.841  253.000    12  0.059936  0.046861  0.044890    0.04594    0.04858
104.075  251.000    11  0.178890  0.066361  0.063519    0.06169    0.06327
104.075  251.000    12  0.059977  0.046863  0.044891    0.04594    0.04858
104.328  248.000    11  0.178821  0.066387  0.063535    0.06171    0.06329
104.328  248.000    12  0.059936  0.046864  0.044892    0.04594    0.04859
104.583  247.000    11  0.178673  0.066434  0.063572    0.06174    0.06331
104.583  247.000    12  0.059922  0.046862  0.044886    0.04594    0.04859
104.875  288.000    11  0.178743  0.066444  0.063632    0.06175    0.06333
104.875  288.000    12  0.059987  0.046856  0.044874    0.04594    0.04858
105.075  215.000    11  0.178891  0.066502  0.063695    0.06180    0.06338
105.075  215.000    12  0.060041  0.046871  0.044888    0.04595    0.04859
105.316  247.000    11  0.178756  0.066513  0.063683    0.06180    0.06337
105.316  247.000    12  0.060003  0.046875  0.044890    0.04596    0.04860
105.575  250.000    11  0.178840  0.066547  0.063698    0.06184    0.06339
105.575  250.000    12  0.060119  0.046867  0.044886    0.04595    0.04860
105.835  251.000    11  0.178731  0.066591  0.063734    0.06188    0.06344
105.835  251.000    12  0.060101  0.046861  0.044876    0.04595    0.04859
106.071  248.000    11  0.178659  0.066637  0.063742    0.06192    0.06348
106.071  248.000    12  0.060057  0.046866  0.044874    0.04596    0.04860
106.317  249.000    11  0.178680  0.066653  0.063725    0.06193    0.06348
106.317  249.000    12  0.060035  0.046866  0.044876    0.04596    0.04860
106.562  250.000    11  0.178462  0.066628  0.063683    0.06192    0.06345
106.562  250.000    12  0.059989  0.046880  0.044890    0.04597    0.04861
106.837  261.000    11  0.178301  0.066618  0.063713    0.06192    0.06346
106.837  261.000    12  0.059901  0.046869  0.044888    0.04596    0.04859
107.089  241.000    11  0.178402  0.066670  0.063796    0.06197    0.06352
107.089  241.000    12  0.059937  0.046879  0.044885    0.04596    0.04859
107.316  248.000    11  0.178583  0.066682  0.063774    0.06197    0.06352
107.317  248.000    12  0.059995  0.046887  0.044880    0.04597    0.04861
107.567  249.000    11  0.178443  0.066693  0.063757    0.06198    0.06352
107.568  249.000    12  0.059948  0.046885  0.044877    0.04597    0.04861
107.816  248.000    11  0.178264  0.066685  0.063764    0.06198    0.06353
107.816  248.000    12  0.059933  0.046895  0.044873    0.04597    0.04860
108.118  291.000    11  0.178241  0.066666  0.063782    0.06200    0.06357
108.118  291.000    12  0.059873  0.046888  0.044855    0.04596    0.04859
108.348  246.000    11  0.178182  0.066644  0.063769    0.06201    0.06357
108.348  246.000    12  0.059919  0.046882  0.044863    0.04597    0.04860
108.566  211.000    11  0.178021  0.066654  0.063770    0.06202    0.06357
108.566  211.000    12  0.059934  0.046906  0.044864    0.04598    0.04861
108.824  252.000    11  0.177817  0.066640  0.063769    0.06200    0.06355
108.824  252.000    12  0.059885  0.046901  0.044862    0.04597    0.04861
109.069  250.000    11  0.177660  0.066622  0.063749    0.06199    0.06354
109.069  250.000    12  0.059908  0.046902  0.044862    0.04598    0.04861
109.305  247.000    11  0.177510  0.066563  0.063692    0.06195    0.06350
109.305  247.000    12  0.059932  0.046884  0.044860    0.04597    0.04861
109.573  254.000    11  0.177353  0.066550  0.063669    0.06195    0.06350
109.573  254.000    12  0.059889  0.046881  0.044869    0.04597    0.04861
109.835  249.000    11  0.177334  0.066577  0.063719    0.06197    0.06352
109.835  249.000    12  0.059945  0.046878  0.044864    0.04598    0.04861
110.088  249.000    11  0.177318  0.066630  0.063783    0.06202    0.06358
110.088  249.000    12  0.059977  0.046886  0.044861    0.04598    0.04861
110.327  248.000    11  0.177162  0.066656  0.063806    0.06203    0.06360
110.327  248.000    12  0.059953  0.046891  0.044866    0.04598    0.04861
110.583  256.000    11  0.177304  0.066686  0.063835    0.06207    0.06364
110.583  256.000    12  0.060006  0.046882  0.044854    0.04598    0.04861
110.825  241.000    11  0.177257  0.066700  0.063851    0.06209    0.06366
110.825  241.000    12  0.059970  0.046888  0.044861    0.04599    0.04862
111.109  281.000    11  0.177159  0.066676  0.063862    0.06210    0.06368
111.109  281.000    12  0.059987  0.046882  0.044853    0.04598    0.04861
111.325  219.000    11  0.177034  0.066716  0.063922    0.06213    0.06372
111.325  219.000    12  0.060011  0.046889  0.044862    0.04599    0.04862
111.582  250.000    11  0.176967  0.066772  0.063979    0.06219    0.06379
111.583  250.000    12  0.059983  0.046895  0.044853    0.04599    0.04862
111.830  250.000    11  0.176896  0.066826  0.064020    0.06224    0.06384
111.830  250.000    12  0.059940  0.046905  0.044853    0.04599    0.04862
112.084  249.000    11  0.176728  0.066871  0.064063    0.06228    0.06389
112.084  249.000    12  0.059892  0.046903  0.044849    0.04599    0.04862
112.316  248.000    11  0.176530  0.066851  0.064048    0.06228    0.06389
112.316  248.000    12  0.059897  0.046906  0.044850    0.04599    0.04862
112.572  249.000    11  0.176260  0.066836  0.064043    0.06227    0.06387
112.572  249.000    12  0.059901  0.046917  0.044864    0.04600    0.04862
112.834  249.000    11  0.176266  0.066876  0.064114    0.06230    0.06392
112.834  249.000    12  0.059864  0.046913  0.044855    0.04599    0.04862
113.086  252.000    11  0.176290  0.066929  0.064169    0.06236    0.06398
113.086  252.000    12  0.059890  0.046911  0.044851    0.04599    0.04862
113.322  248.000    11  0.176127  0.066942  0.064154    0.06237    0.06399
113.322  248.000    12  0.059900  0.046919  0.044872    0.04600    0.04863
113.580  265.000    11  0.175992  0.066934  0.064126    0.06237    0.06398
113.580  265.000    12  0.059891  0.046904  0.044866    0.04600    0.04862
113.828  235.000    11  0.175848  0.066955  0.064160    0.06238    0.06401
113.828  235.000    12  0.059858  0.046902  0.044867    0.04600    0.04863
114.077  250.000    11  0.175819  0.066975  0.064184    0.06240    0.06403
114.077  250.000    12  0.059821  0.046901  0.044867    0.04600    0.04863
114.310  249.000    11  0.175662  0.066950  0.064147    0.06238    0.06400
114.310  249.000    12  0.059850  0.046925  0.044872    0.04601    0.04864
114.565  249.000    11  0.175430  0.066950  0.064116    0.06237    0.06399
114.565  249.000    12  0.059777  0.046921  0.044869    0.04601    0.04863
114.879  298.000    11  0.175417  0.066940  0.064104    0.06235    0.06398
114.879  298.000    12  0.059699  0.046891  0.044842    0.04598    0.04861
115.078  202.000    11  0.175619  0.066989  0.064144    0.06239    0.06402
115.078  202.000    12  0.059758  0.046913  0.044863    0.04601    0.04863
115.331  251.000    11  0.175868  0.067016  0.064145    0.06241    0.06403
115.331  251.000    12  0.059829  0.046921  0.044871    0.04601    0.04863
115.566  248.000    11  0.175883  0.067023  0.064120    0.06241    0.06402
115.566  248.000    12  0.059825  0.046927  0.044876    0.04602    0.04864
115.816  249.000    11  0.175827  0.066999  0.064112    0.06240    0.06401
115.816  249.000    12  0.059840  0.046922  0.044862    0.04602    0.04864
116.065  248.000    11  0.175683  0.066979  0.064099    0.06239    0.06400
116.065  248.000    12  0.059808  0.046934  0.044862    0.04602    0.04864
116.323  251.000    11  0.175620  0.066943  0.064102    0.06235    0.06395
116.323  251.000    12  0.059736  0.046944  0.044859    0.04602    0.04864
116.565  249.000    11  0.175551  0.066945  0.064076    0.06233    0.06394
116.565  249.000    12  0.059755  0.046945  0.044862    0.04602    0.04864
116.826  251.000    11  0.175617  0.066945  0.064088    0.06232    0.06392
116.826  251.000    12  0.059741  0.046942  0.044859    0.04602    0.04864
117.103  280.000    11  0.175808  0.066903  0.064080    0.06230    0.06391
117.103  280.000    12  0.059776  0.046941  0.044848    0.04601    0.04863
117.325  218.000    11  0.175654  0.066893  0.064121    0.06230    0.06389
117.325  218.000    12  0.059806  0.046969  0.044862    0.04602    0.04864
117.559  249.000    11  0.175785  0.066860  0.064087    0.06228    0.06387
117.559  249.000    12  0.059859  0.046978  0.044865    0.04603    0.04864
117.829  251.000    11  0.175845  0.066865  0.064125    0.06230    0.06390
117.829  251.000    12  0.059902  0.046965  0.044851    0.04601    0.04863
118.076  246.000    11  0.175957  0.066871  0.064148    0.06231    0.06391
118.076  246.000    12  0.059987  0.046973  0.044859    0.04602    0.04864
118.334  258.000    11  0.176139  0.066876  0.064199    0.06234    0.06395
118.334  258.000    12  0.059969  0.046976  0.044844    0.04601    0.04863
118.582  243.000    11  0.176252  0.066925  0.064237    0.06240    0.06401
118.583  243.000    12  0.060018  0.046994  0.044864    0.04602    0.04864
118.899  303.000    11  0.176216  0.066951  0.064293    0.06243    0.06406
118.899  303.000    12  0.060007  0.046980  0.044845    0.04601    0.04862
119.075  195.000    11  0.176461  0.067030  0.064353    0.06249    0.06413
119.075  195.000    12  0.060071  0.047005  0.044873    0.04603    0.04864
119.323  252.000    11  0.176696  0.067061  0.064344    0.06251    0.06414
119.323  252.000    12  0.060091  0.047008  0.044863    0.04603    0.04865
119.594  267.000    11  0.177030  0.067068  0.064341    0.06253    0.06415
119.594  267.000    12  0.060090  0.047000  0.044857    0.04602    0.04864
119.831  231.000    11  0.177169  0.067109  0.064362    0.06257    0.06419
119.831  231.000    12  0.060117  0.047003  0.044871    0.04603    0.04864
120.078  251.000    11  0.177085  0.067133  0.064358    0.06258    0.06420
120.078  251.000    12  0.060099  0.047003  0.044873    0.04603    0.04865
120.319  246.000    11  0.177004  0.067119  0.064366    0.06259    0.06421
120.319  246.000    12  0.060093  0.047016  0.044873    0.04603    0.04865
120.567  249.000    11  0.176962  0.067098  0.064337    0.06256    0.06418
120.567  249.000    12  0.060100  0.047032  0.044875    0.04604    0.04865
120.839  249.000    11  0.177045  0.067146  0.064492    0.06262    0.06428
120.839  249.000    12  0.060162  0.047018  0.044865    0.04603    0.04864
121.067  249.000    11  0.177018  0.067187  0.064489    0.06263    0.06430
121.067  249.000    12  0.060217  0.047025  0.044861    0.04604    0.04865
121.355  287.000    11  0.176809  0.067162  0.064462    0.06262    0.06428
121.355  287.000    12  0.060151  0.047007  0.044854    0.04604    0.04865
121.578  214.000    11  0.176630  0.067178  0.064537    0.06263    0.06428
121.578  214.000    12  0.060169  0.047009  0.044864    0.04604    0.04865
121.830  250.000    11  0.176515  0.067202  0.064544    0.06265    0.06431
121.831  250.000    12  0.060159  0.047006  0.044862    0.04604    0.04865
122.073  249.000    11  0.176383  0.067231  0.064561    0.06267    0.06433
122.073  249.000    12  0.060136  0.047007  0.044863    0.04604    0.04865
122.320  250.000    11  0.176234  0.067231  0.064540    0.06266    0.06432
122.320  250.000    12  0.060131  0.047005  0.044860    0.04604    0.04865
122.569  248.000    11  0.176098  0.067245  0.064523    0.06267    0.06433
122.569  248.000    12  0.060135  0.047007  0.044862    0.04605    0.04866
122.838  249.000    11  0.176032  0.067290  0.064576    0.06271    0.06438
122.838  249.000    12  0.060135  0.047007  0.044858    0.04604    0.04865
123.139  301.000    11  0.176102  0.067308  0.064604    0.06275    0.06442
123.139  301.000    12  0.060181  0.047008  0.044835    0.04603    0.04864
123.314  198.000    11  0.176181  0.067338  0.064637    0.06280    0.06446
123.314  198.000    12  0.060250  0.047032  0.044851    0.04605    0.04866
123.584  250.000    11  0.176083  0.067354  0.064658    0.06282    0.06448
123.584  250.000    12  0.060245  0.047025  0.044840    0.04605    0.04865
123.830  247.000    11  0.176099  0.067418  0.064703    0.06288    0.06454
123.830  247.000    12  0.060264  0.047026  0.044843    0.04605    0.04866
124.082  254.000    11  0.176181  0.067444  0.064736    0.06289    0.06456
124.082  254.000    12  0.060307  0.047024  0.044851    0.04605    0.04866
124.325  248.000    11  0.176055  0.067459  0.064744    0.06291    0.06456
124.325  248.000    12  0.060326  0.047028  0.044855    0.04605    0.04866
124.566  250.000    11  0.175941  0.067436  0.064720    0.06291    0.06456
124.566  250.000    12  0.060316  0.047017  0.044843    0.04605    0.04866
124.825  248.000    11  0.175829  0.067439  0.064714    0.06291    0.06456
124.826  248.000    12  0.060304  0.047016  0.044844    0.04606    0.04866
125.088  250.000    11  0.175918  0.067486  0.064779    0.06296    0.06462
125.088  250.000    12  0.060313  0.047010  0.044839    0.04605    0.04866
125.346  253.000    11  0.175943  0.067560  0.064928    0.06303    0.06470
125.346  253.000    12  0.060346  0.047005  0.044836    0.04605    0.04865
125.597  273.000    11  0.175865  0.067565  0.064898    0.06304    0.06470
125.597  273.000    12  0.060393  0.047014  0.044843    0.04606    0.04866
125.828  223.000    11  0.175830  0.067601  0.064939    0.06307    0.06473
125.828  223.000    12  0.060411  0.047014  0.044845    0.04606    0.04866
126.073  249.000    11  0.175792  0.067604  0.064931    0.06307    0.06473
126.073  249.000    12  0.060438  0.047014  0.044845    0.04606    0.04867
126.324  250.000    11  0.175751  0.067608  0.064921    0.06306    0.06472
126.324  250.000    12  0.060444  0.047012  0.044844    0.04606    0.04867
126.575  254.000    11  0.175682  0.067606  0.064918    0.06306    0.06472
126.575  254.000    12  0.060469  0.047009  0.044842    0.04606    0.04867
126.847  247.000    11  0.175674  0.067671  0.064966    0.06311    0.06479
126.847  247.000    12  0.060444  0.046998  0.044842    0.04606    0.04866
127.076  247.000    11  0.175643  0.067698  0.064990    0.06313    0.06481
127.076  247.000    12  0.060487  0.047005  0.044850    0.04606    0.04867
127.316  248.000    11  0.175582  0.067698  0.064976    0.06314    0.06481
127.316  248.000    12  0.060479  0.047009  0.044851    0.04607    0.04867
127.566  252.000    11  0.175477  0.067694  0.064945    0.06313    0.06479
127.566  252.000    12  0.060446  0.047007  0.044849    0.04607    0.04867
127.833  249.000    11  0.175417  0.067718  0.064973    0.06315    0.06483
127.833  249.000    12  0.060411  0.047000  0.044837    0.04607    0.04867
128.070  250.000    11  0.175410  0.067725  0.064974    0.06316    0.06484
128.070  250.000    12  0.060419  0.046992  0.044830    0.04607    0.04867
128.315  247.000    11  0.175235  0.067698  0.064967    0.06313    0.06481
128.315  247.000    12  0.060363  0.046995  0.044830    0.04607    0.04868
128.578  252.000    11  0.175414  0.067725  0.064984    0.06316    0.06483
128.578  252.000    12  0.060399  0.046989  0.044826    0.04607    0.04867
128.828  247.000    11  0.175360  0.067752  0.065008    0.06319    0.06485
128.829  247.000    12  0.060363  0.046992  0.044829    0.04607    0.04867
129.079  253.000    11  0.175370  0.067797  0.065050    0.06323    0.06492
129.079  253.000    12  0.060346  0.046981  0.044819    0.04607    0.04867
129.334  249.000    11  0.175506  0.067800  0.065123    0.06324    0.06492
129.334  249.000    12  0.060342  0.046979  0.044814    0.04607    0.04867
129.564  251.000    11  0.175376  0.067790  0.065109    0.06323    0.06491
129.564  251.000    12  0.060324  0.046980  0.044816    0.04608    0.04868
129.823  260.000    11  0.175332  0.067766  0.065078    0.06320    0.06488
129.823  260.000    12  0.060331  0.046967  0.044806    0.04608    0.04868
130.093  243.000    11  0.175264  0.067785  0.065103    0.06323    0.06492
130.093  243.000    12  0.060306  0.046955  0.044797    0.04607    0.04867
130.350  247.000    11  0.175534  0.067852  0.065207    0.06330    0.06500
130.350  247.000    12  0.060363  0.046953  0.044797    0.04607    0.04867
130.571  247.000    11  0.175618  0.067879  0.065209    0.06333    0.06502
130.571  247.000    12  0.060447  0.046962  0.044817    0.04608    0.04868
130.836  249.000    11  0.175703  0.067915  0.065248    0.06336    0.06506
130.836  249.000    12  0.060460  0.046956  0.044809    0.04608    0.04867
131.067  249.000    11  0.175660  0.067931  0.065237    0.06337    0.06506
131.067  249.000    12  0.060448  0.046963  0.044814    0.04608    0.04868
131.326  249.000    11  0.175590  0.067952  0.065231    0.06339    0.06508
131.326  249.000    12  0.060460  0.046960  0.044802    0.04608    0.04868
131.576  252.000    11  0.175839  0.067974  0.065239    0.06341    0.06509
131.576  252.000    12  0.060452  0.046959  0.044805    0.04608    0.04868
131.855  260.000    11  0.175810  0.068018  0.065375    0.06345    0.06515
131.855  260.000    12  0.060458  0.046948  0.044794    0.04607    0.04867
132.077  242.000    11  0.176092  0.068028  0.065388    0.06349    0.06519
132.077  242.000    12  0.060501  0.046958  0.044794    0.04607    0.04867
132.316  243.000    11  0.176029  0.068017  0.065363    0.06349    0.06518
132.316  243.000    12  0.060497  0.046984  0.044810    0.04609    0.04869
132.564  252.000    11  0.175925  0.067994  0.065337    0.06347    0.06515
132.564  252.000    12  0.060490  0.046983  0.044810    0.04609    0.04869
132.826  258.000    11  0.175770  0.067946  0.065372    0.06344    0.06513
132.826  258.000    12  0.060422  0.046963  0.044793    0.04608    0.04868
133.074  247.000    11  0.175619  0.067928  0.065371    0.06344    0.06513
133.074  247.000    12  0.060362  0.046959  0.044793    0.04609    0.04868
133.344  265.000    11  0.175636  0.067916  0.065367    0.06344    0.06514
133.344  265.000    12  0.060349  0.046942  0.044777    0.04608    0.04867
133.576  228.000    11  0.175706  0.067950  0.065391    0.06348    0.06517
133.576  228.000    12  0.060329  0.046947  0.044784    0.04609    0.04868
133.828  253.000    11  0.175876  0.067950  0.065419    0.06348    0.06520
133.828  253.000    12  0.060328  0.046927  0.044774    0.04608    0.04867
134.086  245.000    11  0.176117  0.067975  0.065455    0.06352    0.06524
134.086  245.000    12  0.060372  0.046930  0.044782    0.04609    0.04868
134.329  265.000    11  0.176090  0.067977  0.065430    0.06352    0.06525
134.329  265.000    12  0.060345  0.046922  0.044774    0.04609    0.04868
134.608  256.000    11  0.176238  0.068009  0.065446    0.06355    0.06527
134.608  256.000    12  0.060302  0.046932  0.044776    0.04609    0.04868
134.902  238.000    11  0.176254  0.068099  0.065573    0.06355    0.06527
134.902  238.000    12  0.060264  0.046995  0.044899    0.04607    0.04866
135.139  248.000    11  0.176645  0.068287  0.065781    0.06359    0.06530
135.139  248.000    12  0.060194  0.047051  0.044920    0.04605    0.04864
