  0.500   0.00000      45      45
  1.001   0.34000      50      33
  1.501   0.06122      49      46
  2.001   0.00000      50      50
  2.501   0.02000      50      49
  3.001   0.00000      50      50
  3.501   0.00000      50      50
  4.000   0.32000      50      34
  4.501   0.14286      49      42
  5.001   0.02041      49      48
  5.501   0.00000      50      50
  6.001   0.00000      50      50
  6.501   0.03922      51      49
  7.001   0.01961      51      50
  7.501   0.00000      50      50
  8.001   0.02041      49      48
  8.501   0.00000      50      50
  9.001   0.00000      49      49
  9.501   0.02000      50      49
 10.001   0.00000      50      50
 10.501   0.00000      50      50
 11.001   0.04000      50      48
 11.501   0.00000      50      50
 12.001   0.00000      50      50
 12.501   0.04000      50      48
 13.001   0.00000      49      49
 13.501   0.00000      50      50
 14.001   0.04000      50      48
 14.501   0.02000      50      49
 15.001   0.00000      50      50
 15.500   0.04000      50      48
 16.001   0.00000      49      49
 16.501   0.00000      49      49
 17.001   0.05882      51      48
 17.501   0.00000      50      50
 18.001   0.00000      49      49
 18.501   0.04000      50      48
 19.001   0.01961      51      50
 19.500   0.00000      50      50
 20.001   0.04082      49      47
 20.501   0.00000      50      50
 21.001   0.00000      49      49
 21.501   0.06000      50      47
 22.001   0.00000      50      50
 22.501   0.00000      50      50
 23.001   0.04082      49      47
 23.500   0.01961      51      50
 24.001   0.00000      50      50
 24.501   0.06000      50      47
 25.001   0.00000      50      50
 25.501   0.00000      49      49
 26.001   0.05882      51      48
 26.501   0.00000      49      49
 27.001   0.00000      50      50
 27.500   0.04000      50      48
 28.001   0.00000      50      50
 28.501   0.00000      49      49
 29.001   0.05882      51      48
 29.501   0.00000      49      49
 30.001   0.00000      50      50
 30.501   0.04000      50      48
 31.001   0.00000      49      49
 31.500   0.01961      51      50
 32.001   0.04082      49      47
 32.501   0.01961      51      50
 33.001   0.00000      50      50
 33.501   0.04082      49      47
 34.001   0.00000      50      50
 34.501   0.00000      50      50
 35.001   0.06000      50      47
 35.500   0.00000      50      50
 36.001   0.00000      48      48
 36.501   0.04000      50      48
 37.001   0.02000      50      49
 37.501   0.00000      50      50
 38.001   0.04000      50      48
 38.501   0.00000      49      49
 39.001   0.01961      51      50
 39.501   0.04000      50      48
 40.001   0.00000      50      50
 40.501   0.00000      49      49
 41.001   0.04000      50      48
 41.501   0.00000      50      50
 42.001   0.02000      50      49
 42.501   0.04000      50      48
 43.001   0.00000      50      50
 43.501   0.00000      50      50
 44.001   0.04082      49      47
 44.501   0.01961      51      50
 45.001   0.00000      49      49
 45.501   0.04000      50      48
 46.001   0.02000      50      49
 46.501   0.00000      50      50
 47.001   0.04000      50      48
 47.501   0.02000      50      49
 48.001   0.00000      50      50
 48.501   0.04082      49      47
 49.001   0.00000      49      49
 49.501   0.01961      51      50
 50.001   0.04082      49      47
 50.501   0.03922      51      49
 51.001   0.00000      50      50
 51.501   0.04082      49      47
 52.001   0.00000      50      50
 52.501   0.00000      50      50
 53.001   0.06000      50      47
 53.501   0.00000      50      50
 54.001   0.00000      49      49
 54.501   0.04000      50      48
 55.001   0.00000      50      50
 55.500   0.00000      49      49
 56.001   0.04000      50      48
 56.501   0.01961      51      50
 57.001   0.02000      50      49
 57.501   0.10000      50      45
 58.001   0.00000      49      49
 58.501   0.00000      50      50
 59.001   0.04000      50      48
 59.501   0.01961      51      50
 60.001   0.00000      48      48
 60.501   0.04000      50      48
 61.001   0.00000      50      50
 61.501   0.02000      50      49
 62.001   0.06000      50      47
 62.501   0.02000      50      49
 63.001   0.00000      49      49
 63.501   0.05882      51      48
 64.001   0.00000      50      50
 64.501   0.00000      49      49
 65.001   0.04000      50      48
 65.501   0.00000      50      50
 66.001   0.02000      50      49
 66.501   0.06000      50      47
 67.001   0.02041      49      48
 67.501   0.00000      50      50
 68.001   0.05882      51      48
 68.501   0.00000      50      50
 69.001   0.00000      49      49
 69.501   0.04082      49      47
 70.001   0.00000      50      50
 70.501   0.02000      50      49
 71.001   0.04082      49      47
 71.501   0.01961      51      50
 72.001   0.00000      50      50
 72.501   0.04000      50      48
 73.001   0.00000      50      50
 73.501   0.00000      49      49
 74.001   0.05882      51      48
 74.501   0.00000      49      49
 75.001   0.01961      51      50
 75.501   0.04082      49      47
 76.001   0.00000      50      50
 76.501   0.00000      50      50
 77.001   0.06000      50      47
 77.501   0.00000      50      50
 78.001   0.01961      51      50
 78.501   0.04082      49      47
 79.001   0.00000      50      50
 79.501   0.00000      50      50
 80.001   0.04082      49      47
 80.501   0.01961      51      50
 81.001   0.00000      50      50
 81.501   0.04082      49      47
 82.001   0.00000      49      49
 82.501   0.01961      51      50
 83.001   0.04082      49      47
 83.501   0.00000      50      50
 84.001   0.01961      51      50
 84.501   0.04000      50      48
 85.001   0.00000      49      49
 85.501   0.02000      50      49
 86.001   0.04082      49      47
 86.501   0.00000      49      49
 87.000   0.00000      50      50
 87.501   0.04000      50      48
 88.001   0.01961      51      50
 88.501   0.00000      50      50
 89.001   0.04000      50      48
 89.501   0.02000      50      49
 90.001   0.00000      50      50
 90.501   0.04082      49      47
 91.000   0.02041      49      48
 91.501   0.00000      50      50
 92.001   0.04000      50      48
 92.501   0.00000      49      49
 93.001   0.00000      50      50
 93.501   0.05882      51      48
 94.001   0.00000      49      49
 94.501   0.00000      50      50
 95.001   0.06122      49      46
 95.501   0.01961      51      50
 96.001   0.00000      49      49
 96.501   0.05882      51      48
 97.001   0.00000      49      49
 97.501   0.00000      50      50
 98.001   0.04082      49      47
 98.501   0.01961      51      50
 99.000   0.00000      50      50
 99.501   0.04000      50      48
100.001   0.00000      49      49
100.501   0.00000      50      50
101.001   0.07843      51      47
101.501   0.00000      50      50
102.001   0.00000      50      50
102.501   0.02041      49      48
103.000   0.02000      50      49
103.501   0.00000      50      50
104.001   0.04000      50      48
104.501   0.00000      50      50
105.001   0.00000      49      49
105.501   0.04000      50      48
106.001   0.00000      50      50
106.501   0.02000      50      49
107.000   0.04000      50      48
107.501   0.02000      50      49
108.001   0.00000      50      50
108.501   0.04000      50      48
109.001   0.00000      50      50
109.501   0.00000      50      50
110.001   0.04082      49      47
110.501   0.00000      50      50
111.000   0.00000      50      50
111.501   0.07843      51      47
112.001   0.00000      50      50
112.501   0.00000      50      50
113.001   0.04082      49      47
113.501   0.00000      50      50
114.001   0.00000      50      50
114.501   0.04082      49      47
115.000   0.00000      50      50
115.501   0.03922      51      49
116.001   0.04082      49      47
116.501   0.00000      50      50
117.001   0.00000      50      50
117.501   0.04000      50      48
118.001   0.00000      50      50
118.501   0.00000      49      49
119.000   0.04000      50      48
119.501   0.00000      50      50
120.001   0.04000      50      48
120.501   0.04000      50      48
121.001   0.01961      51      50
121.501   0.00000      49      49
122.001   0.04000      50      48
122.501   0.00000      50      50
123.000   0.00000      49      49
123.501   0.04000      50      48
124.001   0.00000      49      49
124.501   0.00000      50      50
125.001   0.05882      51      48
125.501   0.00000      50      50
126.001   0.00000      49      49
126.501   0.06000      50      47
127.000   0.01961      51      50
127.501   0.00000      50      50
128.001   0.04082      49      47
128.501   0.00000      50      50
129.001   0.00000      50      50
129.501   0.04000      50      48
130.001   0.00000      49      49
130.501   0.03922      51      49
131.000   0.04000      50      48
131.501   0.00000      50      50
132.001   0.00000      49      49
132.501   0.04082      49      47
133.001   0.01961      51      50
133.501   0.00000      50      50
134.001   0.04000      50      48
134.501   0.00000      49      49
135.000   0.01961      51      50
135.501   0.06000      50      47
136.001   0.00000      50      50
136.501   0.00000      49      49
137.001   0.04000      50      48
137.501   0.00000      49      49
138.001   0.01961      51      50
138.501   0.04000      50      48
139.000   0.00000      49      49
139.501   0.00000      50      50
140.001   0.05882      51      48
140.501   0.00000      49      49
141.001   0.00000      50      50
141.501   0.05882      51      48
142.001   0.00000      49      49
142.501   0.00000      50      50
143.000   0.04000      50      48
143.501   0.00000      49      49
144.001   0.00000      50      50
144.501   0.05882      51      48
145.001   0.02000      50      49
145.501   0.00000      50      50
146.001   0.04000      50      48
146.501   0.00000      50      50
147.000   0.02000      50      49
147.501   0.04000      50      48
148.001   0.00000      50      50
148.501   0.00000      49      49
149.001   0.04000      50      48
149.501   0.02000      50      49
150.001   0.00000      50      50
150.501   0.04000      50      48
151.000   0.00000      49      49
151.501   0.00000      50      50
152.001   0.05882      51      48
152.501   0.00000      49      49
153.001   0.00000      50      50
153.501   0.05882      51      48
154.001   0.00000      49      49
154.501   0.00000      50      50
155.000   0.04000      50      48
155.501   0.00000      49      49
156.001   0.01961      51      50
156.501   0.04082      49      47
157.001   0.01961      51      50
157.501   0.00000      50      50
158.001   0.04082      49      47
158.501   0.00000      50      50
159.000   0.02000      50      49
159.501   0.04000      50      48
160.001   0.00000      50      50
160.501   0.00000      49      49
161.001   0.06000      50      47
161.501   0.00000      50      50
162.001   0.00000      50      50
162.501   0.04082      49      47
163.000   0.00000      50      50
163.501   0.01961      51      50
164.001   0.05882      51      48
164.501   0.00000      49      49
165.001   0.00000      50      50
165.501   0.04082      49      47
166.001   0.00000      49      49
166.501   0.00000      50      50
167.000   0.05882      51      48
167.501   0.00000      49      49
168.001   0.00000      50      50
168.501   0.04082      49      47
169.001   0.01961      51      50
169.501   0.00000      50      50
170.001   0.04082      49      47
170.501   0.00000      50      50
171.000   0.00000      50      50
171.501   0.06000      50      47
172.001   0.00000      50      50
172.501   0.00000      49      49
173.001   0.04000      50      48
173.501   0.01961      51      50
174.001   0.30000      50      35
