  0.501   0.07317      41      38
  1.001   0.42857      49      28
  1.501   0.12000      50      44
  2.001   0.00000      50      50
  2.501   0.10000      50      45
  3.001   0.00000      50      50
  3.501   0.00000      49      49
  4.001   0.32000      50      34
  4.504   0.32000      50      34
  5.000   0.08000      50      46
  5.501   0.02000      50      49
  6.001   0.02000      50      49
  6.501   0.08000      50      46
  7.001   0.02041      49      48
  7.501   0.02041      49      48
  8.001   0.03922      51      49
  8.501   0.06122      49      46
  9.000   0.08000      50      46
  9.501   0.06000      50      47
 10.000   0.04000      50      48
 10.501   0.16000      50      42
 11.001   0.06000      50      47
 11.502   0.04082      49      47
 12.001   0.05882      51      48
 12.501   0.06122      49      46
 13.001   0.08000      50      46
 13.501   0.04000      50      48
 14.001   0.06000      50      47
 14.501   0.12000      50      44
 15.001   0.04082      49      47
 15.501   0.06000      50      47
 16.001   0.05882      51      48
 16.501   0.10204      49      44
 17.000   0.08000      50      46
 17.501   0.02041      49      48
 18.001   0.04000      50      48
 18.501   0.10000      50      45
 19.001   0.07843      51      47
 19.501   0.06122      49      46
 20.001   0.04000      50      48
 20.501   0.10204      49      44
 21.000   0.10000      50      45
 21.501   0.05882      51      48
 22.001   0.04167      48      46
 22.501   0.10000      50      45
 23.001   0.06000      50      47
 23.501   0.06000      50      47
 24.001   0.04000      50      48
 24.501   0.14000      50      43
 25.000   0.14000      50      43
 25.501   0.08163      49      45
 26.001   0.06000      50      47
 26.501   0.13725      51      44
 27.001   0.06122      49      46
 27.501   0.06000      50      47
 28.001   0.08000      50      46
 28.501   0.10204      49      44
 29.000   0.08000      50      46
 29.501   0.08000      50      46
 30.001   0.06000      50      47
 30.501   0.11765      51      45
 31.001   0.08163      49      45
 31.501   0.08000      50      46
 32.001   0.08163      49      45
 32.501   0.18000      50      41
 33.000   0.12245      49      43
 33.501   0.11765      51      45
 34.001   0.08163      49      45
 34.501   0.13725      51      44
 35.001   0.08163      49      45
 35.501   0.12000      50      44
 36.001   0.11765      51      45
 36.501   0.14286      49      42
 37.000   0.14286      49      42
 37.501   0.11765      51      45
 38.001   0.06000      50      47
 38.501   0.12000      50      44
 39.001   0.08163      49      45
 39.501   0.08000      50      46
 40.001   0.04082      49      47
 40.501   0.12000      50      44
 41.000   0.10000      50      45
 41.501   0.08000      50      46
 42.001   0.10204      49      44
 42.501   0.14000      50      43
 43.001   0.06122      49      46
 43.501   0.06000      50      47
 44.001   0.06000      50      47
 44.501   0.14000      50      43
 45.000   0.12000      50      44
 45.501   0.08000      50      46
 46.001   0.06000      50      47
 46.501   0.12000      50      44
 47.001   0.12000      50      44
 47.501   0.06383      47      44
 48.001   0.06000      50      47
 48.501   0.14000      50      43
 49.000   0.14000      50      43
 49.501   0.08000      50      46
 50.001   0.10000      50      45
 50.501   0.14286      49      42
 51.001   0.10000      50      45
 51.501   0.09804      51      46
 52.001   0.08163      49      45
 52.501   0.12000      50      44
 53.000   0.12000      50      44
 53.501   0.08000      50      46
 54.001   0.08000      50      46
 54.501   0.14286      49      42
 55.001   0.10000      50      45
 55.501   0.08000      50      46
 56.001   0.06122      49      46
 56.501   0.14000      50      43
 57.001   0.13725      51      44
 57.501   0.06122      49      46
 58.001   0.08000      50      46
 58.501   0.14000      50      43
 59.001   0.08163      49      45
 59.501   0.11765      51      45
 60.001   0.04082      49      47
 60.501   0.12000      50      44
 61.000   0.10000      50      45
 61.501   0.08000      50      46
 62.001   0.06000      50      47
 62.501   0.12245      49      43
 63.001   0.10000      50      45
 63.501   0.10000      50      45
 64.001   0.08000      50      46
 64.501   0.16327      49      41
 65.000   0.14000      50      43
 65.501   0.10000      50      45
 66.001   0.10000      50      45
 66.501   0.12000      50      44
 67.001   0.10204      49      44
 67.501   0.06000      50      47
 68.001   0.08163      49      45
 68.501   0.21154      52      41
 69.000   0.10204      49      44
 69.501   0.08000      50      46
 70.001   0.08000      50      46
 70.501   0.12500      48      42
 71.001   0.09804      51      46
 71.501   0.06000      50      47
 72.001   0.06122      49      46
 72.501   0.13725      51      44
 73.000   0.10204      49      44
 73.501   0.08000      50      46
 74.001   0.06122      49      46
 74.501   0.12000      50      44
 75.001   0.10000      50      45
 75.501   0.06000      50      47
 76.001   0.08000      50      46
 76.501   0.12000      50      44
 77.000   0.10000      50      45
 77.501   0.04082      49      47
 78.001   0.05882      51      48
 78.501   0.12245      49      43
 79.001   0.10000      50      45
 79.501   0.06000      50      47
 80.001   0.04082      49      47
 80.501   0.12000      50      44
 81.000   0.10000      50      45
 81.501   0.07843      51      47
 82.001   0.06122      49      46
 82.501   0.12000      50      44
 83.001   0.06122      49      46
 83.501   0.09804      51      46
 84.001   0.07843      51      47
 84.501   0.12245      49      43
 85.000   0.08163      49      45
 85.501   0.06000      50      47
 86.001   0.06000      50      47
 86.501   0.12000      50      44
 87.001   0.11765      51      45
 87.501   0.10204      49      44
 88.001   0.04000      50      48
 88.501   0.10000      50      45
 89.000   0.08333      48      44
 89.501   0.07692      52      48
 90.001   0.04082      49      47
 90.501   0.10000      50      45
 91.001   0.06122      49      46
 91.501   0.09804      51      46
 92.001   0.04082      49      47
 92.501   0.12245      49      43
 93.000   0.10000      50      45
 93.501   0.04000      50      48
 94.001   0.04000      50      48
 94.501   0.10000      50      45
 95.001   0.06122      49      46
 95.501   0.07843      51      47
 96.001   0.06000      50      47
 96.501   0.10000      50      45
 97.000   0.10417      48      43
 97.501   0.04000      50      48
 98.001   0.07843      51      47
 98.501   0.14000      50      43
 99.001   0.06000      50      47
 99.501   0.04082      49      47
100.001   0.04000      50      48
100.501   0.08163      49      45
101.001   0.11765      51      45
101.501   0.08000      50      46
102.001   0.06000      50      47
102.501   0.10204      49      44
103.001   0.08000      50      46
103.501   0.06122      49      46
104.001   0.07843      51      47
104.501   0.12245      49      43
105.001   0.13725      51      44
105.501   0.06122      49      46
106.001   0.05882      51      48
106.501   0.14286      49      42
107.001   0.12000      50      44
107.501   0.06122      49      46
108.001   0.04000      50      48
108.501   0.10000      50      45
109.000   0.10000      50      45
109.501   0.06000      50      47
110.001   0.10000      50      45
110.501   0.10204      49      44
111.001   0.08000      50      46
111.501   0.05882      51      48
112.001   0.06122      49      46
112.501   0.12000      50      44
113.000   0.08000      50      46
113.501   0.04000      50      48
114.001   0.06122      49      46
114.501   0.14000      50      43
115.001   0.06000      50      47
115.501   0.04082      49      47
116.001   0.06000      50      47
116.501   0.11765      51      45
117.000   0.14286      49      42
117.501   0.08163      49      45
118.001   0.07843      51      47
118.501   0.16327      49      41
119.001   0.12000      50      44
119.501   0.06122      49      46
120.001   0.05882      51      48
120.501   0.12000      50      44
121.000   0.08163      49      45
121.501   0.04000      50      48
122.001   0.06250      48      45
122.501   0.12000      50      44
123.001   0.09804      51      46
123.501   0.06000      50      47
124.001   0.06122      49      46
124.501   0.12000      50      44
125.000   0.10000      50      45
125.501   0.06000      50      47
126.001   0.08000      50      46
126.501   0.10000      50      45
127.001   0.07843      51      47
127.501   0.06122      49      46
128.001   0.06000      50      47
128.501   0.12245      49      43
129.000   0.09804      51      46
129.501   0.10000      50      45
130.001   0.08000      50      46
130.501   0.12000      50      44
131.001   0.08163      49      45
131.501   0.09804      51      46
132.001   0.04082      49      47
132.501   0.12000      50      44
133.000   0.15686      51      43
133.501   0.06122      49      46
134.001   0.11765      51      45
134.501   0.12245      49      43
135.001   0.10000      50      45
135.501   0.06000      50      47
136.001   0.09804      51      46
136.501   0.10204      49      44
137.000   0.12000      50      44
137.501   0.04082      49      47
138.001   0.04000      50      48
138.501   0.13725      51      44
139.001   0.08163      49      45
139.501   0.07843      51      47
140.001   0.06122      49      46
140.501   0.12000      50      44
141.000   0.14000      50      43
141.501   0.08000      50      46
142.001   0.06000      50      47
142.501   0.12000      50      44
143.001   0.08000      50      46
143.501   0.11765      51      45
144.001   0.08000      50      46
144.501   0.14286      49      42
145.001   0.13725      51      44
145.501   0.06250      48      45
146.001   0.09804      51      46
146.501   0.10204      49      44
147.001   0.07843      51      47
147.501   0.10000      50      45
148.001   0.06122      49      46
148.501   0.14000      50      43
149.000   0.12000      50      44
149.501   0.08000      50      46
150.001   0.10000      50      45
150.501   0.12000      50      44
151.001   0.12000      50      44
151.501   0.08000      50      46
152.001   0.06000      50      47
152.501   0.12000      50      44
153.001   0.10204      49      44
153.501   0.10000      50      45
154.001   0.11765      51      45
154.501   0.04082      49      47
155.001   0.01961      51      50
155.501   0.00000      50      50
156.001   0.00000      50      50
156.501   0.04000      50      48
157.000   0.04082      49      47
157.501   0.00000      50      50
158.001   0.00000      50      50
158.501   0.04082      49      47
159.001   0.00000      50      50
159.501   0.00000      50      50
160.001   0.00000      50      50
160.501   0.06000      50      47
161.000   0.02000      50      49
161.501   0.00000      50      50
162.001   0.00000      50      50
162.501   0.06000      50      47
163.001   0.00000      50      50
163.501   0.00000      50      50
164.001   0.00000      50      50
164.501   0.04082      49      47
165.000   0.03922      51      49
165.501   0.00000      50      50
166.001   0.00000      50      50
166.501   0.04082      49      47
167.001   0.01961      51      50
167.501   0.00000      49      49
168.001   0.00000      50      50
168.501   0.05882      51      48
169.000   0.02041      49      48
169.501   0.00000      50      50
170.001   0.00000      50      50
170.501   0.05882      51      48
171.001   0.00000      50      50
171.501   0.00000      50      50
172.001   0.00000      49      49
172.501   0.04000      50      48
173.000   0.02041      49      48
173.501   0.00000      50      50
174.001   0.33333      51      34
