  4.504 4502.000   2.000
  6.009 1505.000   2.000
  7.510 1500.000   2.000
  9.041 1530.000   3.000
 10.510 1468.000   3.000
 12.012 1500.000   3.000
 13.512 1499.000   4.000
 15.013 1500.000   5.000
 16.523 1510.000   4.000
 18.012 1488.000   4.000
 19.544 1531.000   5.000
 21.012 1469.000   4.000
 22.513 1499.000   6.000
 24.034 1522.000   5.000
 25.545 1509.000   6.000
 27.016 1471.000   6.000
 28.514 1497.000   6.000
 30.012 1499.000   4.000
 31.514 1500.000   5.000
 33.014 1499.000   6.000
 34.544 1530.000   5.000
 36.017 1473.000   5.000
 37.515 1496.000   6.000
 39.034 1520.000   5.000
 40.513 1479.000   5.000
 42.013 1499.000   5.000
 43.513 1499.000   5.000
 45.014 1500.000   6.000
 46.535 1521.000   5.000
 48.014 1479.000   6.000
 49.545 1530.000   6.000
 51.015 1469.000   7.000
 52.536 1521.000   6.000
 54.024 1489.000   5.000
 55.513 1488.000   5.000
 57.015 1500.000   7.000
 58.524 1510.000   5.000
 60.045 1521.000   5.000
 61.513 1467.000   5.000
 63.024 1511.000   6.000
 64.518 1492.000   7.000
 66.046 1528.000   6.000
 67.524 1479.000   4.000
 69.014 1489.000   6.000
 70.515 1501.000   5.000
 72.035 1519.000   6.000
 73.514 1478.000   5.000
 75.035 1521.000   6.000
 76.513 1478.000   5.000
 78.012 1500.000   5.000
 79.514 1500.000   6.000
 81.013 1499.000   5.000
 82.514 1499.000   7.000
 84.026 1513.000   5.000
 85.513 1487.000   6.000
 87.016 1503.000   5.000
 88.514 1497.000   6.000
 90.013 1499.000   5.000
 91.513 1500.000   5.000
 93.014 1500.000   6.000
 94.513 1499.000   6.000
 96.014 1500.000   6.000
 97.513 1499.000   5.000
 99.014 1500.000   6.000
100.513 1499.000   5.000
102.014 1499.000   7.000
103.514 1500.000   6.000
105.013 1499.000   6.000
106.513 1499.000   5.000
108.014 1500.000   6.000
109.513 1499.000   6.000
111.016 1500.000   8.000
112.525 1509.000   7.000
114.038 1514.000   5.000
115.513 1475.000   5.000
117.045 1531.000   5.000
118.515 1467.000   7.000
120.016 1499.000   8.000
121.514 1499.000   6.000
123.015 1500.000   6.000
124.515 1499.000   7.000
126.015 1499.000   7.000
127.514 1500.000   6.000
129.024 1510.000   6.000
130.547 1521.000   7.000
132.024 1478.000   6.000
133.526 1500.000   7.000
135.015 1489.000   7.000
136.515 1499.000   7.000
138.014 1499.000   6.000
139.517 1500.000   9.000
141.018 1500.000   9.000
142.515 1498.000   8.000
144.017 1501.000   7.000
145.527 1509.000   8.000
147.025 1499.000   6.000
148.516 1488.000   8.000
150.017 1499.000   9.000
151.515 1500.000   7.000
153.028 1511.000   8.000
