  0.500   0.02222      45      44
  1.001   0.01961      51      50
  1.501   0.00000      49      49
  2.001   0.46875      32      17
  2.501   0.42105      38      22
  3.001   0.34783      23      15
  3.501   0.16667      30      25
  4.000   0.31429      35      24
  4.501   0.02041      49      48
  5.001   0.00000      50      50
  5.501   0.00000      50      50
  6.001   0.00000      50      50
  6.501   0.02000      50      49
  7.000   0.02000      50      49
  7.501   0.00000      50      50
  8.001   0.00000      49      49
  8.501   0.00000      50      50
  9.001   0.00000      49      49
  9.501   0.03846      52      50
 10.001   0.00000      49      49
 10.501   0.00000      50      50
 11.000   0.00000      50      50
 11.501   0.00000      49      49
 12.001   0.01961      51      50
 12.501   0.02000      50      49
 13.001   0.00000      50      50
 13.501   0.00000      49      49
 14.001   0.00000      49      49
 14.501   0.03922      51      49
 15.000   0.00000      49      49
 15.501   0.01961      51      50
 16.001   0.00000      49      49
 16.501   0.02000      50      49
 17.001   0.01961      51      50
 17.501   0.00000      49      49
 18.001   0.00000      50      50
 18.501   0.00000      50      50
 19.000   0.00000      49      49
 19.501   0.01961      51      50
 20.001   0.00000      49      49
 20.501   0.00000      50      50
 21.001   0.00000      50      50
 21.501   0.00000      49      49
 22.001   0.00000      50      50
 22.501   0.01961      51      50
 23.000   0.00000      50      50
 23.501   0.00000      49      49
 24.001   0.00000      50      50
 24.501   0.00000      50      50
 25.001   0.00000      50      50
 25.501   0.02000      50      49
 26.001   0.00000      50      50
 26.501   0.00000      49      49
 27.000   0.00000      50      50
 27.501   0.00000      50      50
 28.001   0.00000      49      49
 28.501   0.01961      51      50
 29.001   0.00000      50      50
 29.501   0.00000      50      50
 30.001   0.00000      49      49
 30.501   0.00000      50      50
 31.000   0.03922      51      49
 31.501   0.00000      49      49
 32.001   0.00000      50      50
 32.501   0.00000      50      50
 33.001   0.00000      50      50
 33.501   0.02000      50      49
 34.001   0.00000      50      50
 34.501   0.00000      50      50
 35.000   0.00000      50      50
 35.501   0.02000      50      49
 36.001   0.00000      48      48
 36.501   0.00000      49      49
 37.001   0.00000      50      50
 37.501   0.00000      50      50
 38.001   0.00000      50      50
 38.501   0.00000      49      49
 39.000   0.00000      50      50
 39.501   0.01961      51      50
 40.001   0.00000      49      49
 40.501   0.00000      49      49
 41.001   0.02083      48      47
 41.501   0.00000      50      50
 42.001   0.00000      50      50
 42.501   0.02000      50      49
 43.000   0.00000      50      50
 43.501   0.02000      50      49
 44.001   0.00000      50      50
 44.501   0.00000      50      50
 45.001   0.00000      50      50
 45.501   0.00000      49      49
 46.001   0.02000      50      49
 46.501   0.00000      50      50
 47.000   0.00000      50      50
 47.501   0.00000      49      49
 48.001   0.01961      51      50
 48.501   0.00000      49      49
 49.001   0.00000      50      50
 49.501   0.00000      50      50
 50.001   0.00000      50      50
 50.501   0.02000      50      49
 51.000   0.00000      50      50
 51.501   0.00000      50      50
 52.001   0.00000      49      49
 52.501   0.00000      50      50
 53.001   0.00000      50      50
 53.501   0.00000      50      50
 54.001   0.00000      50      50
 54.501   0.03922      51      49
 55.000   0.00000      50      50
 55.500   0.00000      49      49
 56.001   0.00000      50      50
 56.501   0.01961      51      50
 57.001   0.00000      49      49
 57.501   0.00000      50      50
 58.001   0.00000      50      50
 58.501   0.02000      50      49
 59.000   0.00000      50      50
 59.501   0.00000      50      50
 60.001   0.00000      49      49
 60.501   0.00000      49      49
 61.001   0.00000      50      50
 61.501   0.02000      50      49
 62.001   0.00000      50      50
 62.501   0.00000      50      50
 63.000   0.00000      50      50
 63.501   0.02000      50      49
 64.001   0.00000      50      50
 64.501   0.00000      50      50
 65.001   0.00000      49      49
 65.501   0.01961      51      50
 66.001   0.00000      50      50
 66.501   0.00000      49      49
 67.000   0.00000      50      50
 67.501   0.00000      50      50
 68.001   0.00000      50      50
 68.501   0.02000      50      49
 69.001   0.00000      50      50
 69.501   0.00000      50      50
 70.001   0.00000      50      50
 70.501   0.00000      49      49
 71.000   0.00000      50      50
 71.501   0.02000      50      49
 72.001   0.00000      50      50
 72.501   0.02000      50      49
 73.001   0.00000      50      50
 73.501   0.00000      50      50
 74.001   0.00000      50      50
 74.501   0.02000      50      49
 75.000   0.00000      50      50
 75.501   0.00000      50      50
 76.001   0.00000      48      48
 76.501   0.04000      50      48
 77.001   0.00000      50      50
 77.501   0.00000      50      50
 78.001   0.00000      50      50
 78.501   0.02000      50      49
 79.000   0.00000      50      50
 79.501   0.00000      50      50
 80.001   0.00000      49      49
 80.501   0.03846      52      50
 81.001   0.00000      49      49
 81.501   0.00000      50      50
 82.001   0.00000      50      50
 82.501   0.00000      49      49
 83.000   0.00000      50      50
 83.501   0.01961      51      50
 84.001   0.00000      50      50
 84.501   0.00000      49      49
 85.001   0.00000      50      50
 85.501   0.00000      49      49
 86.001   0.00000      50      50
 86.501   0.01961      51      50
 87.000   0.00000      50      50
 87.501   0.00000      49      49
 88.001   0.00000      50      50
 88.501   0.01961      51      50
 89.001   0.00000      49      49
 89.501   0.00000      50      50
 90.001   0.00000      50      50
 90.501   0.00000      49      49
 91.000   0.00000      50      50
 91.501   0.02000      50      49
 92.001   0.00000      50      50
 92.501   0.00000      50      50
 93.001   0.00000      49      49
 93.501   0.01961      51      50
 94.001   0.00000      50      50
 94.501   0.02000      50      49
 95.001   0.00000      50      50
 95.501   0.00000      50      50
 96.001   0.00000      49      49
 96.501   0.01961      51      50
 97.001   0.00000      50      50
 97.501   0.00000      49      49
 98.001   0.00000      50      50
 98.501   0.00000      50      50
 99.001   0.00000      50      50
 99.501   0.02000      50      49
100.001   0.00000      49      49
100.501   0.00000      50      50
101.001   0.00000      50      50
101.501   0.02000      50      49
102.001   0.00000      50      50
102.501   0.00000      31      31
103.001   0.00000      50      50
103.501   0.00000      50      50
104.001   0.00000      49      49
104.501   0.03922      51      49
105.001   0.00000      50      50
105.501   0.00000      50      50
106.001   0.00000      50      50
106.501   0.02000      50      49
107.001   0.00000      50      50
107.501   0.00000      49      49
108.001   0.00000      50      50
108.501   0.00000      50      50
109.001   0.00000      49      49
109.501   0.01961      51      50
110.001   0.00000      49      49
110.501   0.00000      50      50
111.001   0.00000      50      50
111.501   0.02000      50      49
112.001   0.00000      50      50
112.501   0.00000      50      50
113.001   0.00000      50      50
113.501   0.00000      49      49
114.001   0.00000      50      50
114.501   0.01961      51      50
115.001   0.00000      49      49
115.501   0.00000      50      50
116.001   0.00000      50      50
116.501   0.02000      50      49
117.001   0.00000      50      50
117.501   0.02000      50      49
118.001   0.00000      50      50
118.501   0.00000      50      50
119.001   0.00000      50      50
119.501   0.00000      49      49
120.001   0.00000      50      50
120.501   0.02000      50      49
121.001   0.00000      50      50
121.501   0.00000      50      50
122.001   0.00000      50      50
122.501   0.00000      50      50
123.001   0.00000      49      49
123.501   0.00000      50      50
124.001   0.00000      50      50
124.501   0.02000      50      49
125.001   0.01961      51      50
125.501   0.00000      49      49
126.001   0.00000      50      50
126.501   0.01961      51      50
127.001   0.00000      50      50
127.501   0.00000      49      49
128.001   0.00000      50      50
128.501   0.00000      50      50
129.001   0.00000      50      50
129.501   0.00000      49      49
130.001   0.00000      50      50
130.501   0.00000      50      50
131.001   0.01961      51      50
131.501   0.00000      49      49
132.001   0.00000      50      50
132.501   0.00000      49      49
133.001   0.00000      50      50
133.501   0.00000      50      50
134.001   0.00000      50      50
134.501   0.00000      50      50
135.001   0.02000      50      49
135.501   0.00000      50      50
136.001   0.02000      50      49
136.501   0.00000      49      49
137.001   0.00000      50      50
137.501   0.01961      51      50
138.001   0.00000      50      50
138.501   0.00000      48      48
139.001   0.00000      50      50
139.501   0.02000      50      49
140.001   0.00000      50      50
140.501   0.00000      49      49
141.001   0.00000      50      50
141.501   0.01961      51      50
142.001   0.00000      50      50
142.501   0.00000      50      50
143.001   0.00000      49      49
143.501   0.00000      50      50
144.001   0.00000      50      50
144.501   0.00000      49      49
145.001   0.00000      50      50
145.501   0.02000      50      49
146.001   0.00000      50      50
146.501   0.00000      50      50
147.001   0.00000      50      50
147.501   0.00000      49      49
148.001   0.00000      50      50
148.501   0.01961      51      50
149.001   0.00000      49      49
149.501   0.01961      51      50
150.001   0.00000      50      50
150.500   0.00000      50      50
151.001   0.00000      49      49
151.501   0.01961      51      50
152.001   0.00000      50      50
152.501   0.00000      49      49
153.001   0.02000      50      49
153.501   0.00000      49      49
154.001   0.02000      50      49
154.500   0.00000      50      50
155.001   0.01961      51      50
155.501   0.00000      49      49
156.001   0.00000      50      50
156.501   0.00000      50      50
157.001   0.06250      48      45
157.501   0.02000      50      49
158.001   0.00000      50      50
158.500   0.00000      50      50
159.001   0.00000      50      50
159.501   0.00000      49      49
160.001   0.00000      49      49
160.501   0.01961      51      50
161.001   0.00000      50      50
161.501   0.00000      49      49
162.001   0.00000      50      50
162.500   0.01961      51      50
163.001   0.00000      50      50
163.501   0.00000      49      49
164.001   0.00000      50      50
164.501   0.00000      50      50
165.001   0.02000      50      49
165.501   0.00000      50      50
166.001   0.00000      49      49
166.500   0.00000      49      49
167.001   0.00000      50      50
167.501   0.01961      51      50
168.001   0.00000      49      49
168.501   0.00000      50      50
169.001   0.00000      50      50
169.501   0.02000      50      49
170.001   0.01961      51      50
170.501   0.00000      49      49
171.000   0.00000      50      50
171.501   0.00000      50      50
172.001   0.64000      50      18
