  4.218 4217.000   0.000
  4.305   87.000   0.000
  5.008  700.000   2.000
  6.006  999.000   2.000
  7.007 1000.000   2.000
  8.008 1000.000   2.000
  9.020 1011.000   2.000
 10.041 1020.000   2.000
 11.042 1000.000   3.000
 12.010  967.000   3.000
 13.014 1002.000   5.000
 14.014  997.000   7.000
 15.014 1001.000   5.000
 16.025 1011.000   5.000
 17.010  987.000   3.000
 18.014 1001.000   5.000
 19.013  998.000   5.000
 20.026 1012.000   6.000
 21.013  987.000   5.000
 22.016 1000.000   8.000
 23.014 1000.000   6.000
 24.017 1003.000   5.000
 25.016  997.000   6.000
 26.016  999.000   6.000
 27.038 1022.000   6.000
 28.016  977.000   7.000
 29.045 1031.000   5.000
 30.014  967.000   5.000
 31.014 1000.000   5.000
 32.030 1015.000   6.000
 33.016  986.000   6.000
 34.015  999.000   6.000
 35.047 1032.000   5.000
 36.040  993.000   6.000
 37.015  974.000   6.000
 38.015  999.000   6.000
 39.016 1001.000   5.000
 40.036 1019.000   5.000
 41.016  980.000   5.000
 42.016  998.000   6.000
 43.035 1019.000   6.000
 44.034 1000.000   4.000
 45.016  979.000   7.000
 46.044 1029.000   5.000
 47.039  992.000   7.000
 48.011  975.000   3.000
 49.014 1000.000   6.000
 50.018 1001.000   8.000
 51.017  999.000   8.000
 52.015  999.000   6.000
 53.014  999.000   6.000
 54.013  999.000   5.000
 55.012  998.000   5.000
 56.030 1016.000   7.000
 57.016  986.000   6.000
 58.039 1023.000   5.000
 59.038  998.000   5.000
 60.026  988.000   5.000
 61.012  987.000   3.000
 62.016 1002.000   5.000
 63.046 1029.000   6.000
 64.017  970.000   7.000
 65.031 1013.000   8.000
 66.027  998.000   5.000
 67.012  986.000   4.000
 68.026 1013.000   5.000
 69.016  988.000   6.000
 70.036 1020.000   5.000
 71.015  977.000   6.000
 72.017 1002.000   5.000
 73.015  997.000   6.000
 74.017 1002.000   6.000
 75.018 1000.000   7.000
 76.027 1009.000   6.000
 77.013  986.000   5.000
 78.011  999.000   4.000
 79.015 1001.000   6.000
 80.048 1032.000   7.000
 81.016  967.000   6.000
 82.015  999.000   6.000
 83.046 1031.000   6.000
 84.018  969.000   8.000
 85.037 1021.000   6.000
 86.014  976.000   6.000
 87.038 1024.000   6.000
 88.017  979.000   6.000
 89.016  998.000   5.000
 90.016  998.000   6.000
 91.014  999.000   5.000
 92.027 1012.000   6.000
 93.015  987.000   6.000
 94.014  999.000   6.000
 95.014  999.000   6.000
 96.015 1000.000   6.000
 97.014  998.000   6.000
 98.039 1024.000   6.000
 99.014  975.000   6.000
100.016 1000.000   6.000
101.017 1000.000   7.000
102.016  998.000   7.000
103.015  999.000   7.000
104.016 1001.000   6.000
105.015  999.000   6.000
106.036 1021.000   6.000
107.015  977.000   7.000
108.014 1000.000   6.000
109.015 1000.000   6.000
110.028 1012.000   7.000
111.016  987.000   7.000
112.018 1001.000   7.000
113.017 1000.000   6.000
114.019 1003.000   5.000
115.013  993.000   6.000
116.015 1001.000   6.000
117.026 1011.000   5.000
118.033 1003.000   8.000
119.015  983.000   7.000
120.019 1001.000   8.000
121.016  999.000   6.000
122.015  998.000   6.000
123.017 1001.000   7.000
124.016  999.000   6.000
125.016 1000.000   6.000
126.018 1000.000   8.000
127.015  997.000   6.000
128.016 1001.000   6.000
129.047 1031.000   6.000
130.018  970.000   7.000
131.017  998.000   7.000
132.046 1030.000   6.000
133.040  993.000   7.000
134.019  978.000   7.000
135.019 1000.000   7.000
136.019  999.000   7.000
137.018  998.000   8.000
138.014  997.000   6.000
139.050 1033.000   8.000
140.022  972.000   8.000
141.023  998.000  10.000
142.029 1008.000   7.000
143.017  988.000   7.000
144.042 1024.000   8.000
145.019  976.000   9.000
146.018 1000.000   7.000
147.047 1030.000   6.000
148.050 1001.000   7.000
149.017  966.000   8.000
150.021 1002.000   9.000
151.016  996.000   7.000
152.016 1000.000   7.000
153.052 1034.000   9.000
