  0.501   0.50000      42      21
  1.000   0.02000      50      49
  1.501   0.02000      50      49
  2.001   0.03922      51      49
  2.501   0.00000      50      50
  3.001   0.00000      50      50
  3.501   0.33333      48      32
  4.001   0.14000      50      43
  4.501   0.42000      50      29
  5.001   0.24000      50      38
  5.501   0.18367      49      40
  6.001   0.18000      50      41
  6.501   0.11765      51      45
  7.001   0.08000      50      46
  7.501   0.08163      49      45
  8.001   0.08000      50      46
  8.501   0.10000      50      45
  9.001   0.06122      49      46
  9.501   0.08000      50      46
 10.000   0.11765      51      45
 10.501   0.08163      49      45
 11.001   0.11538      52      46
 11.501   0.08163      49      45
 12.001   0.08000      50      46
 12.501   0.08163      49      45
 13.001   0.10000      50      45
 13.501   0.10000      50      45
 14.001   0.11765      51      45
 14.501   0.10204      49      44
 15.001   0.10000      50      45
 15.501   0.12000      50      44
 16.001   0.10000      50      45
 16.502   0.08000      50      46
 17.001   0.10204      49      44
 17.500   0.11765      51      45
 18.001   0.10000      50      45
 18.501   0.08163      49      45
 19.001   0.12000      50      44
 19.501   0.10204      49      44
 20.001   0.13725      51      44
 20.501   0.08163      49      45
 21.001   0.11765      51      45
 21.501   0.10000      50      45
 22.000   0.12000      50      44
 22.501   0.10204      49      44
 23.001   0.11765      51      45
 23.501   0.10204      49      44
 24.001   0.10000      50      45
 24.501   0.13725      51      44
 25.001   0.12245      49      43
 25.501   0.10000      50      45
 26.001   0.11765      51      45
 26.501   0.10204      49      44
 27.001   0.10000      50      45
 27.501   0.13725      51      44
 28.001   0.10204      49      44
 28.501   0.14000      50      43
 29.001   0.12000      50      44
 29.501   0.14286      49      42
 30.001   0.13725      51      44
 30.501   0.12000      50      44
 31.001   0.10204      49      44
 31.501   0.16000      50      42
 32.001   0.10000      50      45
 32.501   0.10000      50      45
 33.001   0.08163      49      45
 33.501   0.12000      50      44
 34.001   0.10204      49      44
 34.501   0.11765      51      45
 35.001   0.10000      50      45
 35.501   0.08163      49      45
 36.001   0.12000      50      44
 36.501   0.11765      51      45
 37.001   0.10204      49      44
 37.501   0.10204      49      44
 38.001   0.11765      51      45
 38.501   0.08163      49      45
 39.001   0.11765      51      45
 39.501   0.12000      50      44
 40.001   0.10204      49      44
 40.501   0.10204      49      44
 41.001   0.13725      51      44
 41.501   0.10000      50      45
 42.001   0.10000      50      45
 42.501   0.10000      50      45
 43.001   0.10204      49      44
 43.501   0.12000      50      44
 44.001   0.12000      50      44
 44.501   0.12000      50      44
 45.001   0.12000      50      44
 45.501   0.12000      50      44
 46.001   0.10204      49      44
 46.501   0.10000      50      45
 47.001   0.10000      50      45
 47.501   0.13725      51      44
 48.001   0.10000      50      45
 48.501   0.12000      50      44
 49.001   0.10000      50      45
 49.501   0.10204      49      44
 50.001   0.12000      50      44
 50.501   0.10000      50      45
 51.001   0.10000      50      45
 51.501   0.10000      50      45
 52.001   0.12000      50      44
 52.501   0.10000      50      45
 53.001   0.10204      49      44
 53.501   0.10000      50      45
 54.001   0.10204      49      44
 54.501   0.11765      51      45
 55.001   0.10000      50      45
 55.501   0.10000      50      45
 56.001   0.10000      50      45
 56.501   0.08000      50      46
 57.001   0.14000      50      43
 57.501   0.10000      50      45
 58.001   0.08163      49      45
 58.501   0.13725      51      44
 59.001   0.10204      49      44
 59.501   0.12000      50      44
 60.001   0.10000      50      45
 60.501   0.08163      49      45
 61.001   0.13462      52      45
 61.500   0.08163      49      45
 62.001   0.10000      50      45
 62.501   0.10000      50      45
 63.001   0.10204      49      44
 63.501   0.11765      51      45
 64.001   0.12245      49      43
 64.501   0.12000      50      44
 65.001   0.12000      50      44
 65.501   0.12000      50      44
 66.001   0.10000      50      45
 66.501   0.10000      50      45
 67.001   0.10204      49      44
 67.501   0.11765      51      45
 68.001   0.10204      49      44
 68.501   0.10000      50      45
 69.001   0.12000      50      44
 69.501   0.10000      50      45
 70.001   0.12000      50      44
 70.501   0.10000      50      45
 71.001   0.11765      51      45
 71.501   0.10204      49      44
 72.001   0.12000      50      44
 72.501   0.10000      50      45
 73.001   0.12245      49      43
 73.501   0.11765      51      45
 74.001   0.12245      49      43
 74.501   0.10000      50      45
 75.001   0.12000      50      44
 75.501   0.12000      50      44
 76.001   0.10204      49      44
 76.501   0.12000      50      44
 77.001   0.10000      50      45
 77.501   0.12000      50      44
 78.001   0.10000      50      45
 78.501   0.12000      50      44
 79.001   0.10000      50      45
 79.501   0.10000      50      45
 80.001   0.12000      50      44
 80.501   0.10204      49      44
 81.001   0.10204      49      44
 81.501   0.11765      51      45
 82.001   0.12000      50      44
 82.501   0.06000      50      47
 83.001   0.14000      50      43
 83.501   0.12000      50      44
 84.001   0.12000      50      44
 84.501   0.10204      49      44
 85.001   0.11765      51      45
 85.501   0.12245      49      43
 86.001   0.14000      50      43
 86.501   0.10204      49      44
 87.001   0.12000      50      44
 87.501   0.14000      50      43
 88.001   0.12000      50      44
 88.501   0.10204      49      44
 89.001   0.15686      51      43
 89.502   0.14286      49      42
 90.001   0.18750      48      39
 90.500   0.10204      49      44
 91.001   0.10000      50      45
 91.501   0.14000      50      43
 92.001   0.10204      49      44
 92.501   0.13725      51      44
 93.001   0.12000      50      44
 93.501   0.10417      48      43
 94.001   0.11765      51      45
 94.501   0.10204      49      44
 95.001   0.10000      50      45
 95.501   0.11765      51      45
 96.001   0.12245      49      43
 96.501   0.11765      51      45
 97.001   0.12000      50      44
 97.501   0.10204      49      44
 98.001   0.12000      50      44
 98.501   0.10000      50      45
 99.001   0.12000      50      44
 99.501   0.12245      49      43
100.001   0.12000      50      44
100.501   0.12000      50      44
101.001   0.12000      50      44
101.501   0.08000      50      46
102.001   0.13725      51      44
102.501   0.08163      49      45
103.001   0.10000      50      45
103.501   0.12000      50      44
104.001   0.10204      49      44
104.501   0.12000      50      44
105.001   0.14000      50      43
105.501   0.11765      51      45
106.001   0.10204      49      44
106.501   0.12000      50      44
107.001   0.12000      50      44
107.501   0.10000      50      45
108.001   0.10204      49      44
108.501   0.11765      51      45
109.001   0.10204      49      44
109.501   0.11765      51      45
110.001   0.10204      49      44
110.501   0.12000      50      44
111.001   0.10204      49      44
111.501   0.10000      50      45
112.001   0.12000      50      44
112.501   0.12000      50      44
113.001   0.14000      50      43
113.501   0.12000      50      44
114.001   0.14000      50      43
114.501   0.10000      50      45
115.001   0.12245      49      43
115.501   0.15686      51      43
116.001   0.12245      49      43
116.501   0.12000      50      44
117.001   0.16000      50      42
117.501   0.14000      50      43
118.001   0.14000      50      43
118.501   0.10204      49      44
119.001   0.13725      51      44
119.501   0.10204      49      44
120.001   0.12000      50      44
120.501   0.14000      50      43
121.001   0.14000      50      43
121.501   0.15686      51      43
122.001   0.10204      49      44
122.501   0.12000      50      44
123.001   0.12245      49      43
123.501   0.13725      51      44
124.001   0.10204      49      44
124.501   0.14000      50      43
125.001   0.12000      50      44
125.501   0.12000      50      44
126.001   0.11765      51      45
126.501   0.12245      49      43
127.001   0.10000      50      45
127.501   0.12000      50      44
128.001   0.10204      49      44
128.501   0.15686      51      43
129.001   0.12245      49      43
129.501   0.12000      50      44
130.001   0.16000      50      42
130.501   0.12000      50      44
131.001   0.12245      49      43
131.501   0.15686      51      43
132.001   0.14000      50      43
132.502   0.10204      49      44
133.001   0.15686      51      43
133.501   0.12000      50      44
134.001   0.10417      48      43
134.501   0.13725      51      44
135.001   0.12000      50      44
135.501   0.12000      50      44
136.001   0.14000      50      43
136.501   0.12000      50      44
137.001   0.14286      49      42
137.500   0.11765      51      45
138.001   0.10204      49      44
138.501   0.13725      51      44
139.001   0.10204      49      44
139.501   0.12000      50      44
140.001   0.10204      49      44
140.501   0.15686      51      43
141.001   0.10204      49      44
141.501   0.13725      51      44
142.001   0.12000      50      44
142.501   0.10204      49      44
143.001   0.13725      51      44
143.501   0.10204      49      44
144.001   0.13725      51      44
144.502   0.10417      48      43
145.001   0.12000      50      44
145.501   0.12000      50      44
146.001   0.10000      50      45
146.501   0.11765      51      45
147.001   0.12000      50      44
147.501   0.08333      48      44
148.001   0.13725      51      44
148.501   0.10000      50      45
149.001   0.10204      49      44
149.501   0.13725      51      44
150.001   0.10204      49      44
150.501   0.10204      49      44
151.001   0.11765      51      45
151.501   0.12245      49      43
152.001   0.10000      50      45
152.501   0.13725      51      44
153.001   0.10417      48      43
153.501   0.13725      51      44
154.001   0.12245      49      43
154.501   0.13725      51      44
155.001   0.14000      50      43
155.502   0.12000      50      44
156.000   0.14000      50      43
156.501   0.08163      49      45
157.001   0.12245      49      43
157.501   0.11765      51      45
158.001   0.12000      50      44
158.501   0.10204      49      44
159.001   0.12000      50      44
159.501   0.12000      50      44
160.001   0.10204      49      44
160.501   0.11765      51      45
161.001   0.10000      50      45
161.501   0.10204      49      44
162.001   0.11765      51      45
162.501   0.08163      49      45
163.001   0.13725      51      44
163.501   0.10204      49      44
164.002   0.10204      49      44
164.500   0.13725      51      44
165.001   0.12000      50      44
165.501   0.10204      49      44
166.001   0.13725      51      44
166.501   0.10204      49      44
167.002   0.12000      50      44
167.501   0.12245      49      43
168.001   0.13725      51      44
168.501   0.10000      50      45
169.001   0.12000      50      44
169.501   0.12000      50      44
170.001   0.12000      50      44
170.501   0.10000      50      45
171.001   0.10204      49      44
171.501   0.12000      50      44
172.001   0.11765      51      45
172.501   0.10204      49      44
173.001   0.10000      50      45
173.501   0.14000      50      43
174.001   0.12000      50      44
174.501   0.12000      50      44
175.001   0.14000      50      43
175.501   0.12000      50      44
176.001   0.12000      50      44
176.501   0.10204      49      44
177.001   0.11765      51      45
177.501   0.12000      50      44
178.001   0.10204      49      44
178.501   0.13725      51      44
179.001   0.10204      49      44
179.501   0.12000      50      44
180.001   0.12000      50      44
180.501   0.10000      50      45
181.002   0.14000      50      43
181.500   0.12245      49      43
182.001   0.12000      50      44
182.501   0.12000      50      44
183.001   0.13725      51      44
183.501   0.12000      50      44
184.001   0.12245      49      43
184.501   0.12245      49      43
185.001   0.13462      52      45
185.501   0.10204      49      44
186.001   0.12245      49      43
186.501   0.15686      51      43
187.001   0.12000      50      44
187.502   0.12000      50      44
188.001   0.12000      50      44
188.501   0.10204      49      44
189.001   0.15686      51      43
189.501   0.10204      49      44
190.001   0.12000      50      44
190.501   0.14000      50      43
191.001   0.10000      50      45
191.501   0.14000      50      43
192.001   0.10000      50      45
192.501   0.12000      50      44
193.001   0.10417      48      43
193.503   0.12000      50      44
194.001   0.11765      51      45
194.501   0.10204      49      44
195.001   0.14000      50      43
195.501   0.14000      50      43
196.001   0.12245      49      43
196.501   0.10000      50      45
197.001   0.10000      50      45
197.501   0.12000      50      44
198.001   0.12000      50      44
198.501   0.12245      49      43
199.001   0.14000      50      43
199.501   0.12000      50      44
200.001   0.14000      50      43
200.501   0.10000      50      45
201.001   0.12000      50      44
201.501   0.10204      49      44
202.001   0.15686      51      43
202.501   0.10204      49      44
203.001   0.13725      51      44
203.501   0.12245      49      43
204.001   0.10204      49      44
204.501   0.12000      50      44
205.001   0.13725      51      44
205.501   0.12245      49      43
206.001   0.12000      50      44
206.501   0.12245      49      43
207.001   0.12000      50      44
207.501   0.12000      50      44
208.001   0.12000      50      44
208.501   0.12000      50      44
209.001   0.12000      50      44
209.501   0.12000      50      44
210.001   0.10204      49      44
210.501   0.14000      50      43
211.001   0.13725      51      44
211.501   0.14286      49      42
212.001   0.12000      50      44
212.501   0.12000      50      44
213.001   0.10204      49      44
213.501   0.12000      50      44
214.001   0.14000      50      43
214.501   0.10000      50      45
215.001   0.10204      49      44
215.501   0.13725      51      44
216.001   0.12245      49      43
216.501   0.12000      50      44
217.001   0.10000      50      45
217.502   0.12000      50      44
218.000   0.12245      49      43
218.501   0.12000      50      44
219.001   0.12000      50      44
219.501   0.14000      50      43
220.001   0.14000      50      43
220.501   0.10000      50      45
221.001   0.14000      50      43
221.501   0.10000      50      45
222.001   0.12000      50      44
222.501   0.12000      50      44
223.001   0.12245      49      43
223.501   0.12000      50      44
224.001   0.12000      50      44
224.501   0.10204      49      44
225.001   0.12000      50      44
225.503   0.14000      50      43
226.001   0.10000      50      45
226.501   0.12000      50      44
227.001   0.12000      50      44
227.501   0.12000      50      44
228.001   0.10204      49      44
228.501   0.11765      51      45
229.001   0.12245      49      43
229.501   0.10000      50      45
230.001   0.10000      50      45
230.501   0.10000      50      45
231.001   0.13725      51      44
231.501   0.12245      49      43
232.001   0.10204      49      44
232.501   0.14000      50      43
233.002   0.12000      50      44
233.500   0.10000      50      45
234.001   0.13725      51      44
234.501   0.10204      49      44
235.001   0.10000      50      45
235.501   0.12000      50      44
236.001   0.14000      50      43
236.501   0.12245      49      43
237.001   0.14000      50      43
237.500   0.11765      51      45
238.001   0.14000      50      43
238.501   0.12245      49      43
239.001   0.13725      51      44
239.501   0.10204      49      44
240.001   0.11765      51      45
240.501   0.12000      50      44
241.001   0.14000      50      43
241.500   0.12245      49      43
242.001   0.14000      50      43
242.501   0.12245      49      43
243.001   0.11765      51      45
243.501   0.13725      51      44
244.001   0.12500      48      42
244.501   0.11765      51      45
245.001   0.16327      49      41
245.501   0.14000      50      43
246.001   0.16000      50      42
246.501   0.14000      50      43
247.001   0.12245      49      43
247.501   0.12000      50      44
248.001   0.13725      51      44
248.501   0.12245      49      43
249.001   0.12245      49      43
249.501   0.12000      50      44
250.000   0.13725      51      44
250.501   0.12000      50      44
251.001   0.12000      50      44
251.501   0.12245      49      43
252.001   0.15686      51      43
252.501   0.10000      50      45
253.002   0.12000      50      44
253.500   0.10204      49      44
254.001   0.13725      51      44
254.501   0.12245      49      43
255.001   0.10000      50      45
255.501   0.12245      49      43
256.001   0.13725      51      44
256.501   0.14000      50      43
257.001   0.10000      50      45
257.501   0.10204      49      44
258.001   0.12000      50      44
258.501   0.12000      50      44
259.001   0.12000      50      44
259.501   0.14000      50      43
260.001   0.14000      50      43
260.501   0.16327      49      41
261.001   0.13725      51      44
261.501   0.12000      50      44
262.001   0.10204      49      44
262.501   0.12000      50      44
263.001   0.12000      50      44
263.501   0.10204      49      44
264.001   0.13725      51      44
264.501   0.14000      50      43
265.001   0.12000      50      44
265.500   0.12245      49      43
266.001   0.11765      51      45
266.501   0.10204      49      44
267.001   0.10204      49      44
267.501   0.15686      51      43
268.001   0.12000      50      44
268.501   0.12245      49      43
269.001   0.13725      51      44
269.501   0.10417      48      43
270.001   0.12000      50      44
270.501   0.11765      51      45
271.001   0.12000      50      44
271.501   0.14000      50      43
272.001   0.08163      49      45
272.501   0.12000      50      44
273.001   0.10000      50      45
273.501   0.12000      50      44
274.001   0.10204      49      44
274.501   0.12000      50      44
275.001   0.13725      51      44
275.501   0.12245      49      43
276.001   0.12000      50      44
276.501   0.10000      50      45
277.001   0.14000      50      43
277.501   0.10000      50      45
278.001   0.10204      49      44
278.501   0.12000      50      44
279.001   0.12000      50      44
279.501   0.10204      49      44
280.001   0.14000      50      43
280.501   0.13725      51      44
281.001   0.12245      49      43
281.501   0.10000      50      45
282.001   0.12000      50      44
282.501   0.11765      51      45
283.001   0.12000      50      44
283.501   0.10204      49      44
284.001   0.14000      50      43
284.501   0.12245      49      43
285.001   0.12000      50      44
285.500   0.12000      50      44
286.001   0.11765      51      45
286.501   0.10204      49      44
287.001   0.12000      50      44
287.501   0.12000      50      44
288.001   0.12000      50      44
288.501   0.10000      50      45
289.001   0.12000      50      44
289.501   0.12000      50      44
290.001   0.10204      49      44
290.501   0.11765      51      45
291.001   0.12245      49      43
291.501   0.12000      50      44
292.001   0.11765      51      45
292.501   0.10204      49      44
293.001   0.12000      50      44
293.501   0.10000      50      45
294.001   0.14000      50      43
294.501   0.10204      49      44
295.001   0.10000      50      45
295.501   0.10000      50      45
296.001   0.12000      50      44
296.501   0.10204      49      44
297.001   0.13725      51      44
297.501   0.10000      50      45
298.001   0.08163      49      45
298.501   0.10000      50      45
299.003   0.14000      50      43
299.500   0.10000      50      45
300.001   0.14000      50      43
300.501   0.10204      49      44
301.001   0.10000      50      45
301.501   0.12245      49      43
302.001   0.15385      52      44
302.501   0.10417      48      43
303.001   0.13725      51      44
303.501   0.44898      49      27
