  4.510 4508.000   2.000
  6.012 1500.000   3.000
  7.513 1499.000   4.000
  9.024 1510.000   5.000
 10.525 1499.000   6.000
 12.025 1499.000   7.000
 13.527 1500.000   8.000
 15.027 1499.000   8.000
 16.527 1499.000   9.000
 18.027 1500.000   8.000
 19.527 1499.000   8.000
 21.027 1500.000   8.000
 22.527 1499.000   8.000
 24.027 1499.000   8.000
 25.527 1500.000   8.000
 27.027 1499.000   9.000
 28.527 1499.000   9.000
 30.027 1500.000   8.000
 31.527 1499.000   8.000
 33.027 1500.000   8.000
 34.527 1499.000   8.000
 36.017 1489.000   9.000
 37.517 1500.000   8.000
 39.017 1499.000   8.000
 40.516 1499.000   8.000
 42.017 1500.000   8.000
 43.517 1499.000   9.000
 45.016 1499.000   8.000
 46.516 1500.000   8.000
 48.016 1499.000   8.000
 49.517 1500.000   8.000
 51.017 1499.000   9.000
 52.517 1499.000   8.000
 54.017 1500.000   8.000
 55.516 1499.000   8.000
 57.016 1499.000   8.000
 58.517 1500.000   8.000
 60.017 1499.000   8.000
 61.518 1500.000   9.000
 63.017 1499.000   9.000
 64.517 1499.000   8.000
 66.016 1500.000   8.000
 67.516 1499.000   8.000
 69.016 1499.000   8.000
 70.518 1500.000   9.000
 72.018 1499.000   9.000
 73.518 1500.000   9.000
 75.017 1499.000   8.000
 76.516 1499.000   8.000
 78.017 1500.000   8.000
 79.517 1499.000   9.000
 81.017 1500.000   8.000
 82.517 1499.000   8.000
 84.016 1499.000   8.000
 85.518 1500.000   9.000
 87.018 1499.000   9.000
 88.517 1499.000   9.000
 90.017 1500.000   8.000
 91.517 1499.000   8.000
 93.017 1500.000   8.000
 94.517 1499.000   8.000
 96.017 1499.000   9.000
 97.517 1500.000   8.000
 99.016 1499.000   8.000
100.516 1499.000   8.000
102.018 1500.000   9.000
103.517 1499.000   8.000
105.017 1500.000   8.000
106.517 1499.000   8.000
108.017 1499.000   8.000
109.518 1500.000   9.000
111.017 1499.000   8.000
112.516 1499.000   8.000
114.017 1500.000   8.000
115.517 1499.000   9.000
117.017 1500.000   8.000
118.517 1499.000   8.000
120.017 1499.000   8.000
121.517 1500.000   9.000
123.017 1499.000   9.000
124.517 1499.000   8.000
126.017 1500.000   8.000
127.517 1499.000   8.000
129.018 1500.000   9.000
130.517 1499.000   9.000
132.016 1499.000   8.000
133.518 1500.000   9.000
135.017 1499.000   9.000
136.518 1500.000   9.000
138.017 1499.000   8.000
139.516 1499.000   8.000
141.017 1500.000   8.000
142.517 1499.000   8.000
144.017 1499.000   8.000
145.517 1500.000   8.000
147.017 1499.000   9.000
148.517 1500.000   8.000
150.017 1499.000   8.000
151.517 1499.000   8.000
153.017 1500.000   8.000
154.517 1499.000   8.000
156.017 1499.000   9.000
157.518 1500.000   9.000
159.017 1499.000   8.000
160.518 1500.000   9.000
162.017 1499.000   8.000
163.516 1499.000   8.000
165.017 1500.000   8.000
166.517 1499.000   9.000
168.017 1499.000   8.000
169.517 1500.000   8.000
171.017 1499.000   8.000
172.518 1500.000   9.000
174.020 1499.000  11.000
