  6.009 6004.000   5.000
  8.020 2010.000   5.000
 10.021 1999.000   7.000
 12.013 1990.000   8.000
 14.013 1999.000   8.000
 16.013 2000.000   8.000
 18.013 1999.000   8.000
 20.013 2000.000   8.000
 22.013 1999.000   8.000
 24.013 2000.000   8.000
 26.013 1999.000   8.000
 28.013 2000.000   8.000
 30.013 1999.000   8.000
 32.013 2000.000   8.000
 34.013 1999.000   8.000
 36.023 2010.000   8.000
 38.023 1999.000   8.000
 40.023 2000.000   8.000
 42.023 1999.000   8.000
 44.023 2000.000   8.000
 46.023 1999.000   8.000
 48.024 2000.000   8.000
 50.023 1999.000   8.000
 52.023 2000.000   8.000
 54.023 1999.000   8.000
 56.024 2000.000   8.000
 58.023 1999.000   8.000
 60.024 2000.000   8.000
 62.023 1999.000   8.000
 64.023 2000.000   8.000
 66.023 1999.000   8.000
 68.024 2000.000   8.000
 70.023 1999.000   8.000
 72.024 2000.000   9.000
 74.023 1999.000   8.000
 76.024 2000.000   8.000
 78.023 1999.000   8.000
 80.023 2000.000   8.000
 82.023 1999.000   8.000
 84.024 2000.000   9.000
 86.024 1999.000  10.000
 88.025 2000.000  10.000
 90.023 1999.000   9.000
 92.024 2000.000   9.000
 94.023 1999.000   9.000
 96.024 2000.000   9.000
 98.023 1999.000   8.000
100.024 2000.000   9.000
102.023 1999.000   9.000
104.024 2000.000   9.000
106.023 1999.000   9.000
108.023 2000.000   8.000
110.023 1999.000   9.000
112.024 2000.000   9.000
114.023 1999.000   9.000
116.024 2000.000   8.000
118.023 1999.000   8.000
120.024 2000.000   9.000
122.023 1999.000   9.000
124.024 2000.000   9.000
126.023 1999.000   9.000
128.024 2000.000   9.000
130.023 1999.000   9.000
132.013 1990.000   8.000
134.013 1999.000   8.000
136.013 2000.000   8.000
138.013 1999.000   8.000
140.013 2000.000   8.000
142.013 1999.000   8.000
144.013 2000.000   8.000
146.013 1999.000   8.000
148.013 2000.000   8.000
150.013 1999.000   8.000
152.013 2000.000   8.000
154.013 1999.000   8.000
156.013 2000.000   8.000
158.013 1999.000   8.000
160.013 2000.000   8.000
162.013 1999.000   8.000
164.013 2000.000   8.000
166.013 1999.000   8.000
168.013 2000.000   8.000
170.013 1999.000   8.000
172.013 2000.000   8.000
174.018 1999.000  14.000
