  0.500   0.00000      45      45
  1.000   0.35294      51      33
  1.501   0.06000      50      47
  2.001   0.00000      50      50
  2.501   0.02041      49      48
  3.001   0.00000      50      50
  3.501   0.00000      50      50
  4.001   0.30612      49      34
  4.501   0.28000      50      36
  5.001   0.28000      50      36
  5.501   0.20000      50      40
  6.001   0.20408      49      39
  6.501   0.12000      50      44
  7.001   0.08000      50      46
  7.501   0.08000      50      46
  8.000   0.08163      49      45
  8.501   0.10000      50      45
  9.001   0.10000      50      45
  9.501   0.08163      49      45
 10.001   0.11765      51      45
 10.501   0.08163      49      45
 11.001   0.10000      50      45
 11.501   0.10000      50      45
 12.000   0.10000      50      45
 12.501   0.08163      49      45
 13.001   0.11765      51      45
 13.501   0.10000      50      45
 14.001   0.10204      49      44
 14.501   0.10000      50      45
 15.001   0.10204      49      44
 15.501   0.11765      51      45
 16.001   0.10000      50      45
 16.501   0.10204      49      44
 17.001   0.10000      50      45
 17.501   0.12000      50      44
 18.001   0.10000      50      45
 18.501   0.10000      50      45
 19.001   0.12000      50      44
 19.501   0.08163      49      45
 20.000   0.13462      52      45
 20.501   0.10204      49      44
 21.001   0.10204      49      44
 21.501   0.10000      50      45
 22.000   0.12000      50      44
 22.501   0.10000      50      45
 23.001   0.10204      49      44
 23.501   0.10000      50      45
 24.001   0.11765      51      45
 24.501   0.10204      49      44
 25.001   0.10000      50      45
 25.501   0.10204      49      44
 26.001   0.11765      51      45
 26.501   0.12000      50      44
 27.001   0.10417      48      43
 27.501   0.10000      50      45
 28.000   0.11765      51      45
 28.501   0.12000      50      44
 29.001   0.10000      50      45
 29.501   0.12000      50      44
 30.001   0.10000      50      45
 30.501   0.10204      49      44
 31.001   0.11765      51      45
 31.501   0.10204      49      44
 32.001   0.10000      50      45
 32.501   0.10204      49      44
 33.001   0.10000      50      45
 33.501   0.12000      50      44
 34.001   0.12000      50      44
 34.501   0.10000      50      45
 35.001   0.10204      49      44
 35.501   0.10000      50      45
 36.001   0.12000      50      44
 36.501   0.10000      50      45
 37.001   0.12000      50      44
 37.501   0.10204      49      44
 38.001   0.12000      50      44
 38.501   0.10000      50      45
 39.001   0.10204      49      44
 39.501   0.11765      51      45
 40.000   0.12000      50      44
 40.501   0.10204      49      44
 41.001   0.10000      50      45
 41.501   0.10204      49      44
 42.001   0.12000      50      44
 42.501   0.10000      50      45
 43.001   0.12000      50      44
 43.501   0.10000      50      45
 44.000   0.12000      50      44
 44.501   0.10204      49      44
 45.001   0.12000      50      44
 45.501   0.10204      49      44
 46.001   0.11765      51      45
 46.501   0.12000      50      44
 47.001   0.10000      50      45
 47.501   0.12000      50      44
 48.000   0.10204      49      44
 48.501   0.10000      50      45
 49.001   0.10204      49      44
 49.501   0.13725      51      44
 50.001   0.10204      49      44
 50.501   0.10000      50      45
 51.001   0.12000      50      44
 51.501   0.12000      50      44
 52.000   0.10204      49      44
 52.501   0.12000      50      44
 53.001   0.10000      50      45
 53.501   0.10000      50      45
 54.001   0.10000      50      45
 54.501   0.10204      49      44
 55.001   0.11765      51      45
 55.501   0.12000      50      44
 56.000   0.10204      49      44
 56.501   0.10000      50      45
 57.000   0.10204      49      44
 57.501   0.14000      50      43
 58.001   0.10000      50      45
 58.501   0.10000      50      45
 59.001   0.12000      50      44
 59.501   0.10204      49      44
 60.000   0.12000      50      44
 60.501   0.10000      50      45
 61.001   0.12000      50      44
 61.501   0.12000      50      44
 62.001   0.10000      50      45
 62.501   0.10000      50      45
 63.001   0.10204      49      44
 63.501   0.08000      50      46
 64.000   0.10204      49      44
 64.501   0.10000      50      45
 65.001   0.14000      50      43
 65.501   0.12000      50      44
 66.001   0.10000      50      45
 66.501   0.11765      51      45
 67.001   0.12245      49      43
 67.501   0.10000      50      45
 68.000   0.12000      50      44
 68.501   0.08163      49      45
 69.001   0.10000      50      45
 69.501   0.10000      50      45
 70.001   0.10204      49      44
 70.501   0.10000      50      45
 71.001   0.11765      51      45
 71.501   0.10000      50      45
 72.000   0.10204      49      44
 72.501   0.10204      49      44
 73.001   0.11765      51      45
 73.501   0.10204      49      44
 74.001   0.10000      50      45
 74.501   0.10000      50      45
 75.001   0.10204      49      44
 75.501   0.11765      51      45
 76.000   0.10204      49      44
 76.501   0.10000      50      45
 77.001   0.12000      50      44
 77.501   0.11765      51      45
 78.001   0.08163      49      45
 78.501   0.12000      50      44
 79.001   0.14000      50      43
 79.501   0.08163      49      45
 80.000   0.10000      50      45
 80.501   0.10204      49      44
 81.001   0.10000      50      45
 81.501   0.11765      51      45
 82.001   0.10204      49      44
 82.501   0.12000      50      44
 83.001   0.10000      50      45
 83.501   0.10000      50      45
 84.000   0.08163      49      45
 84.501   0.10000      50      45
 85.001   0.12000      50      44
 85.501   0.10000      50      45
 86.001   0.10000      50      45
 86.501   0.12000      50      44
 87.001   0.12245      49      43
 87.501   0.10000      50      45
 88.000   0.10000      50      45
 88.501   0.10000      50      45
 89.001   0.10204      49      44
 89.501   0.10000      50      45
 90.001   0.10204      49      44
 90.501   0.11765      51      45
 91.001   0.10204      49      44
 91.501   0.08163      49      45
 92.000   0.10000      50      45
 92.501   0.12000      50      44
 93.001   0.10000      50      45
 93.501   0.10204      49      44
 94.001   0.10000      50      45
 94.501   0.13725      51      44
 95.001   0.10204      49      44
 95.501   0.10000      50      45
 96.000   0.10000      50      45
 96.501   0.10204      49      44
 97.001   0.10000      50      45
 97.501   0.12000      50      44
 98.001   0.10204      49      44
 98.501   0.10000      50      45
 99.001   0.12000      50      44
 99.501   0.10000      50      45
100.000   0.10000      50      45
100.501   0.10000      50      45
101.001   0.10204      49      44
101.501   0.10000      50      45
102.001   0.10204      49      44
102.501   0.11765      51      45
103.001   0.10000      50      45
103.501   0.10204      49      44
104.000   0.11765      51      45
104.501   0.10000      50      45
105.001   0.10204      49      44
105.501   0.10000      50      45
106.001   0.10204      49      44
106.501   0.10000      50      45
107.001   0.10000      50      45
107.501   0.11765      51      45
108.000   0.10204      49      44
108.501   0.11765      51      45
109.001   0.08333      48      44
109.501   0.11765      51      45
110.001   0.10204      49      44
110.501   0.10000      50      45
111.001   0.10000      50      45
111.501   0.10000      50      45
112.000   0.10204      49      44
112.501   0.11765      51      45
113.001   0.12000      50      44
113.501   0.10204      49      44
114.001   0.10000      50      45
114.501   0.08163      49      45
115.001   0.12000      50      44
115.501   0.10000      50      45
116.000   0.10000      50      45
116.501   0.10204      49      44
117.001   0.10000      50      45
117.501   0.10204      49      44
118.001   0.11765      51      45
118.501   0.10204      49      44
119.001   0.10000      50      45
119.501   0.10000      50      45
120.000   0.10000      50      45
120.501   0.10204      49      44
121.001   0.11765      51      45
121.501   0.12000      50      44
122.001   0.10000      50      45
122.501   0.08333      48      44
123.001   0.11765      51      45
123.501   0.10000      50      45
124.000   0.12000      50      44
124.501   0.08163      49      45
125.001   0.12000      50      44
125.501   0.10000      50      45
126.001   0.10204      49      44
126.501   0.10000      50      45
127.001   0.10000      50      45
127.501   0.12000      50      44
128.000   0.10000      50      45
128.501   0.10204      49      44
129.001   0.10204      49      44
129.501   0.11765      51      45
130.001   0.10000      50      45
130.501   0.10204      49      44
131.001   0.10000      50      45
131.501   0.11765      51      45
132.000   0.10000      50      45
132.501   0.10204      49      44
133.001   0.10000      50      45
133.501   0.10204      49      44
134.001   0.10000      50      45
134.501   0.12000      50      44
135.001   0.12000      50      44
135.501   0.11765      51      45
136.001   0.10000      50      45
136.501   0.10204      49      44
137.001   0.10000      50      45
137.501   0.10204      49      44
138.001   0.12000      50      44
138.501   0.10000      50      45
139.001   0.12000      50      44
139.501   0.10204      49      44
140.001   0.10000      50      45
140.501   0.12000      50      44
141.001   0.12000      50      44
141.501   0.10000      50      45
142.001   0.10204      49      44
142.501   0.10204      49      44
143.001   0.13725      51      44
143.501   0.10000      50      45
144.001   0.10000      50      45
144.501   0.10000      50      45
145.001   0.10204      49      44
145.501   0.10000      50      45
146.001   0.10204      49      44
146.501   0.12000      50      44
147.001   0.12000      50      44
147.501   0.11765      51      45
148.001   0.10000      50      45
148.501   0.10204      49      44
149.001   0.10000      50      45
149.501   0.12000      50      44
150.001   0.10204      49      44
150.501   0.10000      50      45
151.001   0.10204      49      44
151.501   0.10000      50      45
152.001   0.10000      50      45
152.501   0.12000      50      44
153.001   0.10000      50      45
153.501   0.12000      50      44
154.001   0.10204      49      44
154.501   0.10000      50      45
155.001   0.12000      50      44
155.501   0.11765      51      45
156.001   0.10000      50      45
156.501   0.10204      49      44
157.001   0.10000      50      45
157.501   0.12000      50      44
158.001   0.10204      49      44
158.501   0.10204      49      44
159.001   0.11765      51      45
159.501   0.10000      50      45
160.001   0.10204      49      44
160.501   0.10000      50      45
161.001   0.10000      50      45
161.501   0.12000      50      44
162.001   0.10000      50      45
162.501   0.10204      49      44
163.001   0.12000      50      44
163.501   0.10000      50      45
164.001   0.10000      50      45
164.501   0.10204      49      44
165.001   0.13725      51      44
165.501   0.10000      50      45
166.001   0.10204      49      44
166.501   0.10000      50      45
167.001   0.10000      50      45
167.501   0.12000      50      44
168.001   0.10000      50      45
168.501   0.10204      49      44
169.001   0.13725      51      44
169.501   0.10204      49      44
170.001   0.10000      50      45
170.501   0.10000      50      45
171.001   0.08333      48      44
171.500   0.10000      50      45
172.001   0.13462      52      45
172.501   0.10417      48      43
173.001   0.10204      49      44
173.501   0.10000      50      45
174.001   0.36735      49      31
