  0.501   0.00000      42      42
  1.001   0.34000      50      33
  1.500   0.10000      50      45
  2.001   0.32000      50      34
  2.501   0.10000      50      45
  3.001   0.00000      50      50
  3.501   0.02000      50      49
  4.001   0.00000      50      50
  4.501   0.00000      50      50
  5.001   0.20408      49      39
  5.501   0.24000      50      38
  6.001   0.13725      51      44
  6.501   0.14286      49      42
  7.001   0.08000      50      46
  7.501   0.06122      49      46
  8.001   0.19608      51      41
  8.501   1.00000      49       0
  9.001   1.00000      50       0
  9.500   0.87755      49       6
 10.000   0.62000      50      19
 10.501   0.57447      47      20
 11.001   0.40000      50      30
 11.501   0.62000      50      19
 12.001   0.46000      50      27
 12.501   0.48980      49      25
 13.001   0.44000      50      28
 13.501   0.53061      49      23
 14.002   0.46000      50      27
 14.501   0.50000      50      25
 15.001   0.60000      50      20
 15.501   0.68000      50      16
 16.001   0.63265      49      18
 16.510   0.60784      51      20
 17.001   0.60417      48      19
 17.500   0.66000      50      17
 18.001   0.59184      49      20
 18.501   0.62745      51      19
 19.001   0.65306      49      17
 19.501   0.60000      50      20
 20.001   0.60784      51      20
 20.501   0.72340      47      13
 21.001   0.64000      50      18
 21.506   0.70588      51      15
 22.000   0.69388      49      15
 22.501   0.72000      50      14
 23.001   0.73469      49      13
 23.505   0.76000      50      12
 24.001   0.63265      49      18
 24.501   0.71429      49      14
 25.004   0.72000      50      14
 25.500   0.78000      50      11
 26.001   0.81633      49       9
 26.501   0.80392      51      10
 27.003   0.67347      49      16
 27.501   0.77551      49      11
 28.001   0.68000      50      16
 28.501   0.75510      49      12
 29.001   0.76000      50      12
 29.501   0.72000      50      14
 30.001   0.59184      49      20
 30.501   0.77551      49      11
 31.001   0.72549      51      14
 31.501   0.71429      49      14
 32.001   0.74000      50      13
 32.501   0.86000      50       7
 33.001   0.81250      48       9
 33.502   0.92157      51       4
 34.002   0.81633      49       9
 34.500   0.92000      50       4
 35.002   0.85714      49       7
 35.500   0.86275      51       7
 36.001   0.77083      48      11
 36.501   0.88000      50       6
 37.001   0.86000      50       7
 37.500   0.85714      49       7
 38.001   0.75510      49      12
 38.501   0.82353      51       9
 39.001   0.70000      50      15
 39.501   0.76000      50      12
 40.004   0.68000      50      16
 40.501   0.75000      48      12
 41.001   0.56863      51      22
 41.501   0.71429      49      14
 42.001   0.64000      50      18
 42.501   0.70000      50      15
 43.001   0.83673      49       8
 43.501   0.74000      50      13
 44.001   0.63265      49      18
 44.502   0.64000      50      18
 45.001   0.66000      50      17
 45.501   0.69388      49      15
 46.002   0.77551      49      11
 46.500   0.67347      49      16
 47.001   0.64000      50      18
 47.505   0.67347      49      16
 48.001   0.80000      50      10
 48.501   0.68000      50      16
 49.001   0.72000      50      14
 49.502   0.74000      50      13
 50.001   0.67347      49      16
 50.500   0.80392      51      10
 51.001   0.75000      48      12
 51.501   0.82353      51       9
 52.001   0.80000      50      10
 52.501   0.75000      48      12
 53.001   0.70588      51      15
 53.502   0.73469      49      13
 54.001   0.87755      49       6
 54.501   0.68627      51      16
 55.001   0.72000      50      14
 55.502   0.79592      49      10
 56.001   0.76000      50      12
 56.501   0.74000      50      13
 57.001   0.78000      50      11
 57.505   0.80000      50      10
 58.001   0.73469      49      13
 58.501   0.74000      50      13
 59.002   0.78000      50      11
 59.500   0.77551      49      11
 60.001   0.76000      50      12
 60.501   0.69388      49      15
 61.001   0.66667      51      17
 61.500   0.75510      49      12
 62.001   0.71429      49      14
 62.501   0.78000      50      11
 63.001   0.70000      50      15
 63.501   0.80000      50      10
 64.002   0.66000      50      17
 64.501   0.79592      49      10
 65.001   0.77551      49      11
 65.500   0.88000      50       6
 66.001   0.82000      50       9
 66.501   0.79592      49      10
 67.001   0.79592      49      10
 67.501   0.74000      50      13
 68.001   0.77551      49      11
 68.501   0.76000      50      12
 69.001   0.76000      50      12
 69.503   0.82000      50       9
 70.000   0.67347      49      16
 70.501   0.78431      51      11
 71.001   0.73469      49      13
 71.501   0.86000      50       7
 72.001   0.78000      50      11
 72.501   0.71429      49      14
 73.001   0.79592      49      10
 73.500   0.72000      50      14
 74.001   0.75510      49      12
 74.501   0.82000      50       9
 75.002   0.66000      50      17
 75.501   0.75510      49      12
 76.003   0.64706      51      18
 76.501   0.67347      49      16
 77.001   0.70000      50      15
 77.501   0.74000      50      13
 78.001   0.66667      48      16
 78.501   0.66667      51      17
 79.001   0.67347      49      16
 79.501   0.74000      50      13
 80.001   0.67347      49      16
 80.501   0.80000      50      10
 81.001   0.63265      49      18
 81.501   0.74000      50      13
 82.001   0.72549      51      14
 82.501   0.65306      49      17
 83.001   0.75000      48      12
 83.501   0.76471      51      12
 84.001   0.71429      49      14
 84.501   0.86275      51       7
 85.001   0.79592      49      10
 85.500   0.79167      48      10
 86.001   0.64000      50      18
 86.501   0.74000      50      13
 87.001   0.76471      51      12
 87.501   0.72000      50      14
 88.001   0.75000      48      12
 88.501   0.94000      50       3
 89.001   0.64000      50      18
 89.501   0.64000      50      18
 90.001   0.69388      49      15
 90.501   0.70000      50      15
 91.001   0.71429      49      14
 91.501   0.72000      50      14
 92.001   0.68750      48      15
 92.501   0.84314      51       8
 93.005   0.65306      49      17
 93.500   0.77551      49      11
 94.001   0.69388      49      15
 94.501   0.68000      50      16
 95.001   0.64000      50      18
 95.501   0.73469      49      13
 96.001   0.68000      50      16
 96.501   0.72000      50      14
 97.001   0.71429      49      14
 97.501   0.70000      50      15
 98.001   0.77551      49      11
 98.501   0.65306      49      17
 99.003   0.74510      51      13
 99.500   0.79592      49      10
100.001   0.69388      49      15
100.501   0.73469      49      13
101.001   0.66000      50      17
101.501   0.70833      48      14
102.001   0.72000      50      14
102.502   0.82000      50       9
103.001   0.69388      49      15
103.500   0.69388      49      15
104.001   0.78000      50      11
104.501   0.74510      51      13
105.004   0.77551      49      11
105.501   0.80000      50      10
106.000   0.77551      49      11
106.501   0.73469      49      13
107.001   0.58824      51      21
107.501   0.85714      49       7
108.001   0.63265      49      18
108.501   0.71429      49      14
109.001   0.68000      50      16
109.501   0.64000      50      18
110.001   0.76000      50      12
110.501   0.73469      49      13
111.001   0.78431      51      11
111.501   0.65306      49      17
112.001   0.76000      50      12
112.501   0.71429      49      14
113.001   0.66000      50      17
113.501   0.75510      49      12
114.001   0.65306      49      17
114.501   0.70000      50      15
115.001   0.65306      49      17
115.501   0.82000      50       9
116.001   0.76000      50      12
116.501   0.68000      50      16
117.001   0.71429      49      14
117.501   0.75510      49      12
118.001   0.74000      50      13
118.501   0.79592      49      10
119.001   0.77551      49      11
119.501   0.90196      51       5
120.001   0.86000      50       7
120.501   0.71429      49      14
121.002   0.74000      50      13
121.500   0.67347      49      16
122.001   0.68000      50      16
122.501   0.68000      50      16
123.001   0.71429      49      14
123.504   0.74000      50      13
124.003   0.79592      49      10
124.500   0.75510      49      12
125.001   0.68627      51      16
125.501   0.79592      49      10
126.001   0.73469      49      13
126.501   0.72000      50      14
127.001   0.73469      49      13
127.501   0.76000      50      12
128.001   0.68000      50      16
128.501   0.66000      50      17
129.001   0.77551      49      11
129.501   0.80000      50      10
130.004   0.64000      50      18
130.504   0.83333      48       8
131.001   0.84000      50       8
131.501   0.68627      51      16
132.001   0.75510      49      12
132.505   0.80392      51      10
133.001   0.61224      49      19
133.501   0.60417      48      19
134.001   0.81633      49       9
134.501   0.80000      50      10
