  0.501   0.00000      45      45
  1.001   0.40816      49      29
  1.500   0.04000      50      48
  2.001   0.40816      49      29
  2.501   0.00000      50      50
  3.001   0.03922      51      49
  3.501   0.00000      50      50
  4.001   0.00000      50      50
  4.501   0.00000      50      50
  5.001   0.44000      50      28
  5.500   0.10417      48      43
  6.001   0.10000      50      45
  6.503   0.14000      50      43
  7.000   0.08000      50      46
  7.501   0.06122      49      46
  8.001   0.76000      50      12
  8.501   1.00000      50       0
  9.001   0.36000      50      32
  9.501   0.30000      50      35
 10.000   0.32653      49      33
 10.501   0.34000      50      33
 11.001   0.40000      50      30
 11.506   0.50000      50      25
 12.006   0.40816      49      29
 12.503   0.41176      51      30
 13.001   0.39583      48      29
 13.501   0.42000      50      29
 14.003   0.42000      50      29
 14.502   0.44000      50      28
 15.005   0.61224      49      19
 15.504   0.56000      50      22
 16.001   0.53061      49      23
 16.501   0.60000      50      20
 17.001   0.53061      49      23
 17.500   0.56000      50      22
 18.002   0.56000      50      22
 18.500   0.55102      49      22
 19.003   0.54000      50      23
 19.501   0.60000      50      20
 20.001   0.54000      50      23
 20.501   0.63265      49      18
 21.001   0.64000      50      18
 21.501   0.59184      49      20
 22.000   0.64000      50      18
 22.501   0.63265      49      18
 23.001   0.66000      50      17
 23.501   0.61224      49      19
 24.001   0.60000      50      20
 24.501   0.61224      49      19
 25.001   0.66000      50      17
 25.500   0.71429      49      14
 26.001   0.72000      50      14
 26.501   0.71429      49      14
 27.001   0.66000      50      17
 27.501   0.66000      50      17
 28.001   0.67347      49      16
 28.501   0.66000      50      17
 29.001   0.67347      49      16
 29.500   0.59184      49      20
 30.001   0.62000      50      19
 30.502   0.70000      50      15
 31.004   0.61224      49      19
 31.501   0.59184      49      20
 32.001   0.72000      50      14
 32.502   0.71429      49      14
 33.001   0.82353      51       9
 33.501   0.81633      49       9
 34.001   0.77551      49      11
 34.502   0.78000      50      11
 35.001   0.75510      49      12
 35.501   0.74510      51      13
 36.001   0.73469      49      13
 36.501   0.69388      49      15
 37.001   0.80000      50      10
 37.500   0.68000      50      16
 38.001   0.66000      50      17
 38.501   0.70000      50      15
 39.001   0.70000      50      15
 39.505   0.61224      49      19
 40.001   0.66000      50      17
 40.501   0.54167      48      22
 41.001   0.58000      50      21
 41.501   0.59184      49      20
 42.001   0.58824      51      21
 42.501   0.69388      49      15
 43.001   0.61224      49      19
 43.501   0.60000      50      20
 44.001   0.60000      50      20
 44.506   0.52941      51      24
 45.001   0.60417      48      19
 45.500   0.64000      50      18
 46.002   0.65306      49      17
 46.500   0.60000      50      20
 47.004   0.56000      50      22
 47.501   0.66000      50      17
 48.001   0.66000      50      17
 48.501   0.57143      49      21
 49.001   0.66000      50      17
 49.501   0.65306      49      17
 50.002   0.70000      50      15
 50.500   0.66000      50      17
 51.001   0.73469      49      13
 51.501   0.70000      50      15
 52.001   0.62000      50      19
 52.501   0.70833      48      14
 53.001   0.68000      50      16
 53.501   0.68000      50      16
 54.001   0.68000      50      16
 54.502   0.62000      50      19
 55.001   0.63265      49      18
 55.500   0.66000      50      17
 56.001   0.64000      50      18
 56.501   0.68000      50      16
 57.001   0.74000      50      13
 57.500   0.68000      50      16
 58.005   0.63265      49      18
 58.501   0.65306      49      17
 59.001   0.70000      50      15
 59.501   0.64000      50      18
 60.001   0.65306      49      17
 60.501   0.58000      50      21
 61.001   0.56000      50      22
 61.500   0.59184      49      20
 62.001   0.68000      50      16
 62.501   0.63265      49      18
 63.002   0.69388      49      15
 63.501   0.70000      50      15
 64.001   0.62000      50      19
 64.501   0.72000      50      14
 65.001   0.62000      50      19
 65.501   0.79592      49      10
 66.002   0.66000      50      17
 66.501   0.69388      49      15
 67.001   0.72000      50      14
 67.501   0.60784      51      20
 68.001   0.71429      49      14
 68.501   0.59184      49      20
 69.001   0.71429      49      14
 69.500   0.66000      50      17
 70.002   0.60784      51      20
 70.502   0.61224      49      19
 71.001   0.76000      50      12
 71.501   0.69388      49      15
 72.001   0.68000      50      16
 72.502   0.62000      50      19
 73.001   0.73469      49      13
 73.501   0.63265      49      18
 74.002   0.72000      50      14
 74.500   0.68000      50      16
 75.001   0.62000      50      19
 75.501   0.65306      49      17
 76.001   0.62000      50      19
 76.501   0.63265      49      18
 77.001   0.62000      50      19
 77.501   0.62000      50      19
 78.000   0.59184      49      20
 78.501   0.58000      50      21
 79.001   0.57143      49      21
 79.502   0.68000      50      16
 80.001   0.66000      50      17
 80.501   0.60000      50      20
 81.001   0.59184      49      20
 81.500   0.61224      49      19
 82.002   0.57143      49      21
 82.501   0.62745      51      19
 83.005   0.64000      50      18
 83.501   0.70000      50      15
 84.001   0.66000      50      17
 84.502   0.70833      48      14
 85.001   0.69388      49      15
 85.501   0.60000      50      20
 86.002   0.63265      49      18
 86.501   0.63265      49      18
 87.001   0.70000      50      15
 87.501   0.62745      51      19
 88.001   0.73469      49      13
 88.502   0.68000      50      16
 89.001   0.60000      50      20
 89.500   0.61224      49      19
 90.002   0.59184      49      20
 90.500   0.62000      50      19
 91.001   0.64000      50      18
 91.501   0.59184      49      20
 92.001   0.70000      50      15
 92.503   0.62745      51      19
 93.001   0.60417      48      19
 93.500   0.68627      51      16
 94.002   0.62000      50      19
 94.500   0.54000      50      23
 95.001   0.54167      48      22
 95.501   0.62000      50      19
 96.001   0.62000      50      19
 96.501   0.64000      50      18
 97.001   0.61224      49      19
 97.501   0.64583      48      17
 98.001   0.62000      50      19
 98.501   0.56000      50      22
 99.001   0.73469      49      13
 99.501   0.66000      50      17
100.007   0.56000      50      22
100.506   0.57143      49      21
101.001   0.60000      50      20
101.500   0.60000      50      20
102.004   0.70833      48      14
102.501   0.65306      49      17
103.004   0.58000      50      21
103.501   0.60000      50      20
104.003   0.64000      50      18
104.506   0.64000      50      18
105.001   0.71429      49      14
105.500   0.65306      49      17
106.002   0.61224      49      19
106.502   0.54000      50      23
107.001   0.64000      50      18
107.501   0.64000      50      18
108.001   0.59184      49      20
108.505   0.58000      50      21
109.001   0.59184      49      20
109.500   0.58000      50      21
110.001   0.68000      50      16
110.502   0.67347      49      16
111.001   0.60417      48      19
111.501   0.63462      52      19
112.001   0.65306      49      17
112.503   0.57143      49      21
113.001   0.70000      50      15
113.500   0.60000      50      20
114.001   0.62745      51      19
114.503   0.54167      48      22
115.001   0.68000      50      16
115.501   0.72000      50      14
116.003   0.59184      49      20
116.501   0.60000      50      20
117.001   0.68000      50      16
117.502   0.65306      49      17
118.006   0.68627      51      16
118.501   0.69388      49      15
119.001   0.72000      50      14
119.501   0.72000      50      14
120.001   0.67347      49      16
120.506   0.64706      51      18
121.004   0.68750      48      15
121.500   0.50000      50      25
122.001   0.64000      50      18
122.505   0.58000      50      21
123.002   0.65306      49      17
123.500   0.66000      50      17
124.001   0.71429      49      14
124.501   0.61224      49      19
125.001   0.64000      50      18
125.500   0.68750      48      15
126.001   0.66000      50      17
126.502   0.60000      50      20
127.000   0.69388      49      15
127.501   0.58000      50      21
128.001   0.66000      50      17
128.501   0.62000      50      19
129.001   0.66667      48      16
129.501   0.64000      50      18
130.005   0.52000      50      24
130.500   0.77551      49      11
131.005   0.68627      51      16
131.501   0.68750      48      15
132.001   0.70000      50      15
132.501   0.62000      50      19
133.001   0.52000      50      24
133.500   0.62000      50      19
134.002   0.71429      49      14
134.501   0.62000      50      19
135.001   0.91837      49       4
