  0.501   0.00000      45      45
  1.001   0.38000      50      31
  1.501   0.04000      50      48
  2.001   0.00000      49      49
  2.501   0.02000      50      49
  3.001   0.00000      50      50
  3.501   0.00000      50      50
  4.000   0.28571      49      35
  4.501   0.20000      50      40
  5.001   0.00000      50      50
  5.501   0.00000      50      50
  6.001   0.00000      50      50
  6.501   0.04000      50      48
  7.001   0.00000      50      50
  7.500   0.00000      50      50
  8.001   0.00000      50      50
  8.501   0.00000      49      49
  9.001   0.00000      49      49
  9.501   0.04000      50      48
 10.001   0.00000      50      50
 10.501   0.00000      50      50
 11.001   0.00000      50      50
 11.500   0.00000      50      50
 12.001   0.00000      50      50
 12.501   0.04000      50      48
 13.001   0.00000      50      50
 13.501   0.00000      49      49
 14.001   0.00000      50      50
 14.501   0.00000      50      50
 15.001   0.01961      51      50
 15.500   0.04167      48      46
 16.001   0.00000      50      50
 16.501   0.00000      50      50
 17.001   0.01961      51      50
 17.501   0.00000      50      50
 18.001   0.00000      49      49
 18.501   0.04000      50      48
 19.001   0.00000      50      50
 19.500   0.00000      50      50
 20.001   0.00000      50      50
 20.501   0.02000      50      49
 21.001   0.00000      50      50
 21.501   0.04082      49      47
 22.001   0.02000      50      49
 22.501   0.00000      50      50
 23.001   0.00000      50      50
 23.500   0.00000      50      50
 24.001   0.00000      49      49
 24.501   0.07692      52      48
 25.001   0.00000      49      49
 25.501   0.00000      50      50
 26.001   0.00000      50      50
 26.501   0.00000      49      49
 27.001   0.01961      51      50
 27.500   0.04082      49      47
 28.001   0.00000      50      50
 28.501   0.01961      51      50
 29.001   0.00000      49      49
 29.501   0.00000      50      50
 30.001   0.00000      49      49
 30.501   0.05882      51      48
 31.001   0.00000      49      49
 31.500   0.00000      50      50
 32.001   0.00000      50      50
 32.501   0.00000      50      50
 33.001   0.00000      50      50
 33.501   0.06000      50      47
 34.001   0.00000      49      49
 34.501   0.00000      50      50
 35.001   0.00000      50      50
 35.500   0.01961      51      50
 36.001   0.00000      49      49
 36.501   0.04000      50      48
 37.001   0.02083      48      47
 37.501   0.00000      50      50
 38.001   0.02000      50      49
 38.501   0.00000      50      50
 39.001   0.00000      49      49
 39.500   0.05882      51      48
 40.001   0.00000      50      50
 40.501   0.00000      49      49
 41.001   0.00000      50      50
 41.501   0.01961      51      50
 42.001   0.00000      48      48
 42.501   0.04082      49      47
 43.001   0.03922      51      49
 43.500   0.00000      50      50
 44.001   0.00000      49      49
 44.501   0.00000      50      50
 45.001   0.00000      50      50
 45.501   0.06000      50      47
 46.001   0.00000      50      50
 46.501   0.02000      50      49
 47.001   0.00000      50      50
 47.500   0.00000      50      50
 48.001   0.00000      49      49
 48.501   0.07692      52      48
 49.001   0.00000      49      49
 49.501   0.00000      50      50
 50.001   0.02000      50      49
 50.501   0.04545      44      42
 51.001   0.02000      50      49
 51.501   0.04000      50      48
 52.001   0.02000      50      49
 52.501   0.00000      50      50
 53.001   0.00000      50      50
 53.501   0.00000      50      50
 54.001   0.00000      49      49
 54.501   0.06000      50      47
 55.001   0.00000      50      50
 55.501   0.00000      50      50
 56.001   0.02000      50      49
 56.500   0.00000      50      50
 57.001   0.00000      49      49
 57.501   0.07843      51      47
 58.001   0.00000      50      50
 58.501   0.00000      49      49
 59.001   0.00000      50      50
 59.501   0.00000      50      50
 60.001   0.00000      50      50
 60.501   0.06000      50      47
 61.001   0.00000      50      50
 61.501   0.02000      50      49
 62.001   0.00000      50      50
 62.501   0.00000      49      49
 63.001   0.00000      50      50
 63.501   0.04082      49      47
 64.001   0.01961      51      50
 64.501   0.00000      50      50
 65.001   0.00000      49      49
 65.501   0.01961      51      50
 66.001   0.00000      50      50
 66.501   0.06000      50      47
 67.001   0.00000      49      49
 67.501   0.00000      50      50
 68.001   0.00000      50      50
 68.501   0.02000      50      49
 69.001   0.00000      50      50
 69.501   0.04000      50      48
 70.001   0.02000      50      49
 70.501   0.00000      50      50
 71.001   0.00000      49      49
 71.501   0.00000      50      50
 72.001   0.02000      50      49
 72.501   0.08000      50      46
 73.001   0.00000      49      49
 73.501   0.00000      50      50
 74.001   0.01961      51      50
 74.501   0.00000      49      49
 75.001   0.00000      50      50
 75.501   0.06000      50      47
 76.001   0.00000      49      49
 76.501   0.00000      50      50
 77.001   0.00000      48      48
 77.501   0.00000      50      50
 78.001   0.02000      50      49
 78.501   0.04000      50      48
 79.001   0.00000      49      49
 79.501   0.00000      50      50
 80.001   0.01961      51      50
 80.501   0.00000      50      50
 81.001   0.02000      50      49
 81.501   0.04000      50      48
 82.001   0.02000      50      49
 82.501   0.00000      50      50
 83.001   0.00000      50      50
 83.501   0.00000      49      49
 84.001   0.00000      50      50
 84.501   0.06000      50      47
 85.001   0.00000      50      50
 85.501   0.01961      51      50
 86.001   0.00000      49      49
 86.501   0.00000      50      50
 87.001   0.00000      49      49
 87.501   0.06000      50      47
 88.001   0.01961      51      50
 88.501   0.00000      49      49
 89.001   0.00000      50      50
 89.501   0.00000      50      50
 90.001   0.00000      50      50
 90.501   0.06000      50      47
 91.001   0.00000      49      49
 91.501   0.00000      50      50
 92.001   0.02041      49      48
 92.501   0.00000      50      50
 93.001   0.00000      50      50
 93.501   0.04082      49      47
 94.001   0.01961      51      50
 94.501   0.00000      50      50
 95.001   0.00000      49      49
 95.501   0.00000      50      50
 96.001   0.00000      50      50
 96.501   0.06000      50      47
 97.001   0.00000      50      50
 97.501   0.00000      49      49
 98.001   0.00000      50      50
 98.501   0.01961      51      50
 99.001   0.00000      49      49
 99.501   0.05882      51      48
100.001   0.00000      49      49
100.501   0.00000      50      50
101.001   0.01961      51      50
101.501   0.00000      49      49
102.001   0.00000      50      50
102.501   0.06000      50      47
103.001   0.00000      50      50
103.501   0.01961      51      50
104.001   0.00000      49      49
104.501   0.00000      49      49
105.001   0.00000      50      50
105.501   0.05882      51      48
106.001   0.00000      49      49
106.501   0.00000      50      50
107.000   0.02000      50      49
107.501   0.00000      50      50
108.001   0.00000      50      50
108.501   0.04082      49      47
109.001   0.00000      50      50
109.501   0.00000      50      50
110.001   0.02000      50      49
110.501   0.01961      51      50
111.000   0.02000      50      49
111.501   0.04082      49      47
112.001   0.00000      50      50
112.501   0.00000      49      49
113.001   0.01961      51      50
113.501   0.00000      49      49
114.001   0.00000      50      50
114.501   0.06000      50      47
115.000   0.00000      50      50
115.501   0.00000      50      50
116.001   0.00000      49      49
116.501   0.01961      51      50
117.001   0.00000      50      50
117.501   0.04082      49      47
118.001   0.02000      50      49
118.501   0.01961      51      50
119.000   0.00000      50      50
119.501   0.00000      49      49
120.001   0.00000      50      50
120.501   0.06000      50      47
121.001   0.00000      49      49
121.501   0.01961      51      50
122.001   0.00000      49      49
122.501   0.00000      50      50
123.000   0.00000      50      50
123.501   0.05882      51      48
124.001   0.00000      49      49
124.501   0.00000      50      50
125.001   0.00000      50      50
125.501   0.00000      49      49
126.001   0.01961      51      50
126.501   0.04082      49      47
127.000   0.01961      51      50
127.501   0.00000      50      50
128.001   0.00000      49      49
128.501   0.00000      50      50
129.001   0.02000      50      49
129.501   0.06000      50      47
130.001   0.00000      50      50
130.501   0.00000      50      50
131.000   0.00000      49      49
131.501   0.01961      51      50
132.001   0.00000      50      50
132.501   0.04082      49      47
133.001   0.02000      50      49
133.501   0.00000      50      50
134.001   0.00000      50      50
134.501   0.00000      50      50
135.000   0.00000      50      50
135.501   0.04082      49      47
136.001   0.01961      51      50
136.501   0.02000      50      49
137.001   0.00000      50      50
137.501   0.00000      49      49
138.001   0.00000      50      50
138.501   0.05882      51      48
139.000   0.00000      49      49
139.501   0.00000      51      51
140.001   0.00000      49      49
140.501   0.00000      50      50
141.001   0.00000      49      49
141.501   0.05882      51      48
142.001   0.00000      49      49
142.501   0.00000      50      50
143.000   0.00000      50      50
143.501   0.00000      50      50
144.001   0.00000      49      49
144.501   0.05882      51      48
145.001   0.00000      49      49
145.501   0.00000      50      50
146.001   0.02000      50      49
146.501   0.00000      50      50
147.000   0.00000      50      50
147.501   0.06000      50      47
148.001   0.01961      51      50
148.501   0.00000      49      49
149.001   0.00000      50      50
149.501   0.00000      50      50
150.001   0.00000      49      49
150.501   0.04082      49      47
151.000   0.03846      52      50
151.501   0.00000      50      50
152.001   0.00000      49      49
152.501   0.00000      50      50
153.001   0.00000      50      50
153.501   0.04082      49      47
154.001   0.01961      51      50
154.501   0.00000      50      50
155.000   0.00000      49      49
155.501   0.00000      50      50
156.001   0.00000      50      50
156.501   0.06000      50      47
157.001   0.00000      49      49
157.501   0.00000      50      50
158.001   0.00000      49      49
158.501   0.01961      51      50
159.000   0.00000      50      50
159.501   0.04082      49      47
160.001   0.01961      51      50
160.501   0.00000      50      50
161.001   0.02000      50      49
161.501   0.00000      50      50
162.001   0.00000      50      50
162.501   0.06000      50      47
163.000   0.00000      49      49
163.501   0.00000      50      50
164.001   0.00000      50      50
164.501   0.00000      50      50
165.001   0.00000      50      50
165.501   0.06000      50      47
166.001   0.00000      49      49
166.501   0.00000      50      50
167.000   0.02000      50      49
167.501   0.00000      50      50
168.001   0.00000      50      50
168.501   0.05882      51      48
169.001   0.00000      49      49
169.501   0.00000      50      50
170.001   0.00000      50      50
170.501   0.02000      50      49
171.000   0.02000      50      49
171.501   0.04082      49      47
172.001   0.00000      50      50
172.501   0.00000      49      49
173.001   0.00000      50      50
173.501   0.01961      51      50
174.001   0.33333      48      32
