  6.011 6003.000   7.000
  9.010 2998.000   8.000
 12.013 3000.000  10.000
 15.015 3001.000  11.000
 18.014 3000.000  10.000
 21.013 2998.000  11.000
 24.013 3000.000  11.000
 27.015 3001.000  11.000
 30.014 3000.000  10.000
 33.014 2999.000  11.000
 36.013 2999.000  11.000
 39.014 3001.000  10.000
 42.014 3000.000  10.000
 45.013 2998.000  10.000
 48.013 3000.000  11.000
 51.013 3001.000  10.000
 54.014 3000.000  11.000
 57.013 2998.000  11.000
 60.012 3000.000  10.000
 63.015 3001.000  12.000
 66.014 3000.000  10.000
 69.013 2998.000  11.000
 72.013 3000.000  10.000
 75.014 3001.000  11.000
 78.014 3000.000  10.000
 81.013 2998.000  11.000
 84.013 3000.000  11.000
 87.014 3001.000  10.000
 90.014 3000.000  10.000
 93.013 2998.000  11.000
 96.013 3000.000  11.000
 99.014 3001.000  10.000
102.015 3000.000  11.000
105.012 2998.000  10.000
108.013 3000.000  11.000
111.014 3001.000  10.000
114.014 3000.000  11.000
117.013 2998.000  11.000
120.013 3000.000  10.000
123.013 3001.000  10.000
126.014 3000.000  11.000
129.013 2998.000  11.000
132.024 3011.000  11.000
135.023 3000.000  10.000
138.024 3000.000  11.000
141.024 3000.000  10.000
144.024 2999.000  11.000
147.023 3000.000  10.000
150.025 3000.000  11.000
153.024 3000.000  10.000
156.024 2999.000  11.000
159.023 3000.000  10.000
162.025 3000.000  11.000
165.024 3000.000  10.000
168.024 2999.000  11.000
171.023 3000.000  10.000
174.025 3000.000  12.000
