  0.501   0.00000      44      44
  1.001   0.34000      50      33
  1.501   0.10000      50      45
  2.000   0.32000      50      34
  2.501   0.10000      50      45
  3.001   0.00000      50      50
  3.501   0.00000      49      49
  4.001   0.00000      50      50
  4.501   0.00000      50      50
  5.001   0.24000      50      38
  5.501   0.26000      50      37
  6.000   0.08000      50      46
  6.501   0.10000      50      45
  7.001   0.04000      50      48
  7.501   0.04082      49      47
  8.001   0.31373      51      35
  8.501   0.75510      49      12
  9.001   0.24000      50      38
  9.501   0.48980      49      25
 10.003   0.17647      51      42
 10.500   0.16327      49      41
 11.001   0.38000      50      31
 11.501   0.34000      50      33
 12.001   0.20408      49      39
 12.501   0.44000      50      28
 13.001   0.20000      50      40
 13.501   0.24000      50      38
 14.000   0.46000      50      27
 14.501   0.16327      49      41
 15.001   0.31373      51      35
 15.501   0.62000      50      19
 16.001   0.32653      49      33
 16.501   0.38000      50      31
 17.001   0.61224      49      19
 17.501   0.38000      50      31
 18.000   0.36735      49      31
 18.501   0.62000      50      19
 19.001   0.36000      50      32
 19.501   0.34694      49      32
 20.001   0.64000      50      18
 20.502   0.36735      49      31
 21.001   0.36000      50      32
 21.501   0.70000      50      15
 22.002   0.42857      49      28
 22.500   0.42000      50      29
 23.001   0.72000      50      14
 23.501   0.41667      48      28
 24.001   0.39216      51      31
 24.501   0.71429      49      14
 25.001   0.38000      50      31
 25.501   0.48000      50      26
 26.001   0.77551      49      11
 26.500   0.55102      49      22
 27.001   0.36000      50      32
 27.501   0.74000      50      13
 28.001   0.38000      50      31
 28.501   0.48980      49      25
 29.001   0.73469      49      13
 29.501   0.43137      51      29
 30.000   0.36735      49      31
 30.502   0.75510      49      12
 31.000   0.42000      50      29
 31.501   0.38776      49      30
 32.001   0.75510      49      12
 32.501   0.54000      50      23
 33.001   0.51020      49      24
 33.501   0.92000      50       4
 34.000   0.50000      50      25
 34.505   0.57143      49      21
 35.002   0.83673      49       8
 35.500   0.54000      50      23
 36.001   0.48980      49      25
 36.501   0.81633      49       9
 37.001   0.56000      50      22
 37.501   0.48000      50      26
 38.000   0.70000      50      15
 38.501   0.44898      49      27
 39.001   0.39216      51      31
 39.501   0.79592      49      10
 40.002   0.38776      49      30
 40.501   0.38000      50      31
 41.001   0.63265      49      18
 41.501   0.38000      50      31
 42.000   0.34000      50      33
 42.504   0.65306      49      17
 43.000   0.48000      50      26
 43.501   0.38000      50      31
 44.001   0.66000      50      17
 44.501   0.32653      49      33
 45.001   0.38000      50      31
 45.501   0.68000      50      16
 46.001   0.40000      50      30
 46.501   0.34694      49      32
 47.001   0.68627      51      16
 47.502   0.40000      50      30
 48.001   0.42857      49      28
 48.504   0.71429      49      14
 49.001   0.36000      50      32
 49.501   0.45098      51      28
 50.000   0.68000      50      16
 50.501   0.45833      48      26
 51.001   0.39216      51      31
 51.501   0.81250      48       9
 52.001   0.44000      50      28
 52.501   0.44000      50      28
 53.001   0.75510      49      12
 53.501   0.40000      50      30
 54.000   0.46939      49      26
 54.501   0.68000      50      16
 55.001   0.43137      51      29
 55.501   0.46939      49      26
 56.001   0.70000      50      15
 56.501   0.42857      49      28
 57.003   0.44000      50      28
 57.501   0.77551      49      11
 58.001   0.42000      50      29
 58.500   0.40000      50      30
 59.001   0.77083      48      11
 59.501   0.46000      50      27
 60.001   0.40000      50      30
 60.501   0.74000      50      13
 61.001   0.36000      50      32
 61.501   0.40816      49      29
 62.001   0.71429      49      14
 62.501   0.47059      51      27
 63.001   0.40816      49      29
 63.501   0.80000      50      10
 64.001   0.34694      49      32
 64.504   0.46000      50      27
 65.001   0.75510      49      12
 65.501   0.42000      50      29
 66.003   0.48000      50      26
 66.505   0.75510      49      12
 67.004   0.48000      50      26
 67.500   0.40816      49      29
 68.001   0.76000      50      12
 68.501   0.44000      50      28
 69.006   0.44000      50      28
 69.501   0.75510      49      12
 70.000   0.38776      49      30
 70.506   0.49020      51      26
 71.001   0.70833      48      14
 71.501   0.51923      52      25
 72.001   0.47917      48      25
 72.501   0.72000      50      14
 73.001   0.42857      49      28
 73.503   0.38000      50      31
 74.001   0.70000      50      15
 74.501   0.44898      49      27
 75.001   0.38000      50      31
 75.501   0.72000      50      14
 76.001   0.40816      49      29
 76.501   0.43137      51      29
 77.003   0.68750      48      15
 77.501   0.41176      51      30
 78.002   0.40426      47      28
 78.501   0.62745      51      19
 79.001   0.38000      50      31
 79.501   0.38000      50      31
 80.002   0.64583      48      17
 80.500   0.44000      50      28
 81.001   0.36000      50      32
 81.501   0.72000      50      14
 82.001   0.36735      49      31
 82.501   0.38000      50      31
 83.001   0.72000      50      14
 83.501   0.44000      50      28
 84.002   0.40816      49      29
 84.501   0.82000      50       9
 85.001   0.37500      48      30
 85.501   0.47059      51      27
 86.000   0.67347      49      16
 86.501   0.43137      51      29
 87.001   0.40816      49      29
 87.502   0.69388      49      15
 88.000   0.36000      50      32
 88.501   0.59184      49      20
 89.001   0.66000      50      17
 89.501   0.36000      50      32
 90.001   0.37500      48      30
 90.501   0.68627      51      16
 91.001   0.38000      50      31
 91.501   0.38776      49      30
 92.001   0.71429      49      14
 92.501   0.49020      51      26
 93.001   0.30612      49      34
 93.501   0.74000      50      13
 94.001   0.38776      49      30
 94.501   0.37255      51      32
 95.004   0.63265      49      18
 95.500   0.34694      49      32
 96.001   0.38776      49      30
 96.501   0.66000      50      17
 97.001   0.42000      50      29
 97.501   0.38000      50      31
 98.000   0.75000      48      12
 98.501   0.35294      51      33
 99.001   0.40816      49      29
 99.501   0.78000      50      11
100.001   0.38000      50      31
100.501   0.36735      49      31
101.001   0.66000      50      17
101.501   0.37500      48      30
102.002   0.41176      51      30
102.501   0.74000      50      13
103.001   0.34694      49      32
103.501   0.40000      50      30
104.001   0.77551      49      11
104.501   0.40000      50      30
105.001   0.38776      49      30
105.501   0.74000      50      13
106.001   0.43137      51      29
106.501   0.34694      49      32
107.001   0.64000      50      18
107.501   0.48000      50      26
108.001   0.36735      49      31
108.501   0.71429      49      14
109.001   0.36000      50      32
109.506   0.36000      50      32
110.001   0.71429      49      14
110.501   0.40000      50      30
111.001   0.38776      49      30
111.501   0.72000      50      14
112.001   0.34694      49      32
112.501   0.40000      50      30
113.002   0.70000      50      15
113.501   0.42000      50      29
114.005   0.38000      50      31
114.500   0.69388      49      15
115.001   0.31373      51      35
115.502   0.47917      48      25
116.001   0.74000      50      13
116.501   0.38000      50      31
117.001   0.42000      50      29
117.501   0.67347      49      16
118.002   0.40816      49      29
118.502   0.47059      51      27
119.004   0.74000      50      13
119.500   0.54167      48      22
120.004   0.52000      50      24
120.501   0.70000      50      15
121.001   0.42000      50      29
121.501   0.32653      49      33
122.000   0.72000      50      14
122.501   0.32000      50      34
123.001   0.38776      49      30
123.501   0.72000      50      14
124.001   0.38000      50      31
124.501   0.42857      49      28
125.001   0.68000      50      16
125.501   0.44898      49      27
126.001   0.38776      49      30
126.500   0.74510      51      13
127.001   0.40816      49      29
127.501   0.40000      50      30
128.001   0.73469      49      13
128.501   0.40000      50      30
129.001   0.44898      49      27
129.501   0.72000      50      14
130.000   0.34000      50      33
130.507   0.48000      50      26
131.001   0.72000      50      14
131.501   0.36735      49      31
132.001   0.38776      49      30
132.501   0.78431      51      11
133.001   0.36735      49      31
133.501   0.32000      50      34
134.001   0.75510      49      12
134.501   0.41176      51      30
135.001   0.57143      49      21
