  6.021 6013.000   8.000
  8.029 2008.000   7.000
 10.030 2000.000   8.000
 12.024 1992.000   9.000
 14.024 1999.000  10.000
 16.025 2000.000  10.000
 18.025 1999.000  10.000
 20.025 2000.000  10.000
 22.025 1999.000  11.000
 24.026 2001.000   9.000
 26.025 1997.000  10.000
 28.025 2000.000  10.000
 30.025 1999.000  10.000
 32.025 2000.000  10.000
 34.025 1999.000  10.000
 36.035 2010.000  10.000
 38.035 1999.000  10.000
 40.035 2000.000  11.000
 42.035 1999.000  10.000
 44.035 2000.000  10.000
 46.034 1999.000  10.000
 48.035 2000.000  10.000
 50.035 1999.000  10.000
 52.035 2000.000  10.000
 54.035 1999.000  10.000
 56.035 2000.000  10.000
 58.035 1999.000  10.000
 60.035 2000.000  10.000
 62.035 2000.000   9.000
 64.035 1999.000  10.000
 66.035 1999.000  10.000
 68.035 2000.000  10.000
 70.035 1999.000  10.000
 72.036 2000.000  10.000
 74.035 1999.000  10.000
 76.035 2000.000  10.000
 78.035 1999.000  10.000
 80.035 2000.000  10.000
 82.035 1999.000  10.000
 84.035 2000.000  10.000
 86.036 2000.000  10.000
 88.037 2000.000  10.000
 90.036 1998.000  11.000
 92.036 2000.000  10.000
 94.035 1999.000  10.000
 96.036 2000.000  10.000
 98.035 1999.000  10.000
100.036 2000.000  10.000
102.035 1999.000  10.000
104.036 2000.000  10.000
106.035 1999.000  10.000
108.035 2000.000  10.000
110.035 1999.000  10.000
112.036 2000.000  10.000
114.035 1999.000  10.000
116.035 2000.000  10.000
118.035 1999.000  10.000
120.036 2000.000  10.000
122.035 1999.000  10.000
124.036 2000.000  10.000
126.035 1999.000  10.000
128.035 2000.000  10.000
130.035 1999.000  10.000
132.025 1990.000  10.000
134.025 1999.000  10.000
136.025 2000.000  10.000
138.025 1999.000  10.000
140.025 2000.000  10.000
142.025 1999.000  10.000
144.025 2000.000  10.000
146.025 1999.000  10.000
148.025 2000.000  10.000
150.025 1999.000  10.000
152.025 2000.000  10.000
154.024 1999.000  10.000
156.025 2000.000  10.000
158.025 1999.000  10.000
160.025 2000.000  10.000
162.025 1999.000  10.000
164.025 2000.000  10.000
166.025 1999.000  10.000
168.025 2000.000  10.000
170.025 1999.000  10.000
172.025 2000.000  10.000
174.040 2004.000  20.000
