  0.500   0.00000      44      44
  1.001   0.12000      50      44
  1.501   0.20000      50      40
  2.001   0.38000      50      31
  2.501   0.06122      49      46
  3.001   0.03922      51      49
  3.501   0.02000      50      49
  4.000   0.00000      50      50
  4.501   0.00000      50      50
  5.001   0.20408      49      39
  5.501   0.26531      49      36
  6.001   0.09804      51      46
  6.501   0.10204      49      44
  7.001   0.04000      50      48
  7.501   0.04000      50      48
  8.001   0.28000      50      36
  8.501   0.92000      50       4
  9.001   0.18000      50      41
  9.501   0.16327      49      41
 10.003   0.16000      50      42
 10.501   0.54000      50      23
 11.001   0.16000      50      42
 11.503   0.34694      49      32
 12.005   0.21569      51      40
 12.501   0.46939      49      26
 13.001   0.20000      50      40
 13.501   0.22000      50      39
 14.006   0.22000      50      39
 14.501   0.51020      49      24
 15.002   0.31373      51      35
 15.501   0.36735      49      31
 16.005   0.34000      50      33
 16.502   0.63265      49      18
 17.001   0.34000      50      33
 17.501   0.40000      50      30
 18.003   0.34000      50      33
 18.501   0.66000      50      17
 19.001   0.36735      49      31
 19.501   0.34000      50      33
 20.005   0.36000      50      32
 20.504   0.71429      49      14
 21.001   0.36735      49      31
 21.501   0.41176      51      30
 22.005   0.39583      48      29
 22.502   0.76000      50      12
 23.001   0.42857      49      28
 23.501   0.44000      50      28
 24.002   0.36735      49      31
 24.501   0.71429      49      14
 25.000   0.38000      50      31
 25.502   0.48000      50      26
 26.004   0.44898      49      27
 26.501   0.84000      50       8
 27.001   0.38000      50      31
 27.501   0.43750      48      27
 28.001   0.38000      50      31
 28.501   0.82000      50       9
 29.002   0.44000      50      28
 29.501   0.44000      50      28
 30.006   0.36000      50      32
 30.501   0.79592      49      10
 31.001   0.40816      49      29
 31.501   0.34694      49      32
 32.002   0.50000      50      25
 32.503   0.83673      49       8
 33.003   0.49020      51      26
 33.504   0.63265      49      18
 34.002   0.50000      50      25
 34.502   0.89796      49       5
 35.005   0.52941      51      24
 35.503   0.54167      48      22
 36.005   0.51020      49      24
 36.501   0.92000      50       4
 37.000   0.54000      50      23
 37.501   0.51020      49      24
 38.001   0.41176      51      30
 38.501   0.87500      48       6
 39.002   0.38000      50      31
 39.502   0.50000      50      25
 40.003   0.38776      49      30
 40.500   0.74000      50      13
 41.001   0.32000      50      34
 41.501   0.40816      49      29
 42.001   0.33333      51      34
 42.501   0.70833      48      14
 43.001   0.49020      51      26
 43.501   0.38000      50      31
 44.006   0.36735      49      31
 44.501   0.69388      49      15
 45.001   0.33333      51      34
 45.501   0.34694      49      32
 46.001   0.36735      49      31
 46.501   0.74000      50      13
 47.001   0.35294      51      33
 47.501   0.38776      49      30
 48.001   0.42000      50      29
 48.505   0.78000      50      11
 49.000   0.36735      49      31
 49.502   0.44898      49      27
 50.001   0.38000      50      31
 50.502   0.78000      50      11
 51.001   0.41176      51      30
 51.501   0.48980      49      25
 52.006   0.46939      49      26
 52.502   0.84000      50       8
 53.002   0.41667      48      28
 53.501   0.40000      50      30
 54.006   0.49020      51      26
 54.501   0.73469      49      13
 55.002   0.38776      49      30
 55.502   0.44000      50      28
 56.001   0.45098      51      28
 56.500   0.70833      48      14
 57.006   0.47059      51      27
 57.501   0.44898      49      27
 58.003   0.42000      50      29
 58.501   0.76000      50      12
 59.001   0.42857      49      28
 59.501   0.44000      50      28
 60.001   0.40816      49      29
 60.501   0.74000      50      13
 61.001   0.34000      50      33
 61.501   0.40816      49      29
 62.006   0.42000      50      29
 62.501   0.74000      50      13
 63.002   0.39583      48      29
 63.504   0.49020      51      26
 64.002   0.36735      49      31
 64.502   0.79592      49      10
 65.002   0.50000      50      25
 65.500   0.40816      49      29
 66.006   0.44000      50      28
 66.506   0.82000      50       9
 67.006   0.48000      50      26
 67.502   0.46939      49      26
 68.005   0.42857      49      28
 68.501   0.74510      51      13
 69.005   0.42857      49      28
 69.503   0.54000      50      23
 70.005   0.40000      50      30
 70.501   0.77551      49      11
 71.001   0.44000      50      28
 71.501   0.52000      50      24
 72.003   0.48980      49      25
 72.503   0.72000      50      14
 73.001   0.44898      49      27
 73.501   0.40000      50      30
 74.001   0.38000      50      31
 74.501   0.82000      50       9
 75.002   0.36000      50      32
 75.502   0.43750      48      27
 76.000   0.41176      51      30
 76.502   0.74000      50      13
 77.006   0.34694      49      32
 77.503   0.42000      50      29
 78.003   0.36735      49      31
 78.501   0.66000      50      17
 79.003   0.36000      50      32
 79.500   0.40816      49      29
 80.003   0.38000      50      31
 80.502   0.71429      49      14
 81.001   0.36000      50      32
 81.500   0.38000      50      31
 82.006   0.39216      51      31
 82.501   0.66667      48      16
 83.002   0.44000      50      28
 83.501   0.40816      49      29
 84.004   0.40816      49      29
 84.501   0.84000      50       8
 85.001   0.42857      49      28
 85.502   0.49020      51      26
 86.006   0.32653      49      33
 86.502   0.76000      50      12
 87.002   0.40816      49      29
 87.505   0.38000      50      31
 88.003   0.40000      50      30
 88.500   0.87755      49       6
 89.001   0.34694      49      32
 89.501   0.32000      50      34
 90.006   0.40000      50      30
 90.502   0.72549      51      14
 91.001   0.36735      49      31
 91.502   0.38776      49      30
 92.005   0.42000      50      29
 92.502   0.75510      49      12
 93.004   0.34000      50      33
 93.504   0.42000      50      29
 94.005   0.42000      50      29
 94.502   0.70000      50      15
 95.006   0.32653      49      33
 95.501   0.42000      50      29
 96.005   0.37500      48      30
 96.502   0.68627      51      16
 97.001   0.42857      49      28
 97.503   0.36735      49      31
 98.003   0.42000      50      29
 98.501   0.68000      50      16
 99.001   0.34694      49      32
 99.501   0.60417      48      19
100.005   0.38776      49      30
100.501   0.70000      50      15
101.000   0.34694      49      32
101.501   0.38000      50      31
102.005   0.40000      50      30
102.502   0.78000      50      11
103.001   0.32653      49      33
103.501   0.40000      50      30
104.002   0.42000      50      29
104.502   0.75510      49      12
105.001   0.40000      50      30
105.500   0.44898      49      27
106.002   0.42000      50      29
106.501   0.74000      50      13
107.001   0.34000      50      33
107.501   0.48980      49      25
108.003   0.32000      50      34
108.506   0.70000      50      15
109.001   0.34694      49      32
109.505   0.36000      50      32
110.006   0.34000      50      33
110.501   0.75000      48      12
111.001   0.45098      51      28
111.501   0.38776      49      30
112.004   0.40000      50      30
112.503   0.75000      48      12
113.003   0.40000      50      30
113.501   0.38000      50      31
114.006   0.38000      50      31
114.501   0.73469      49      13
115.001   0.32000      50      34
115.505   0.46000      50      27
116.005   0.44000      50      28
116.503   0.71429      49      14
117.002   0.44000      50      28
117.502   0.38776      49      30
118.005   0.42000      50      29
118.506   0.76000      50      12
119.006   0.42857      49      28
119.502   0.55102      49      22
120.008   0.46000      50      27
120.501   0.76000      50      12
121.002   0.42857      49      28
121.502   0.27451      51      37
122.002   0.36735      49      31
122.502   0.69388      49      15
123.003   0.38000      50      31
123.501   0.40816      49      29
124.001   0.42000      50      29
124.502   0.78000      50      11
125.002   0.38000      50      31
125.501   0.40000      50      30
126.004   0.39583      48      29
126.502   0.78000      50      11
127.001   0.40000      50      30
127.501   0.40000      50      30
128.005   0.40000      50      30
128.502   0.68750      48      15
129.002   0.42857      49      28
129.501   0.42000      50      29
130.005   0.29412      51      36
130.502   0.83333      48       8
131.001   0.38462      52      32
131.502   0.34694      49      32
132.002   0.42857      49      28
132.501   0.84000      50       8
133.001   0.36000      50      32
133.501   0.32000      50      34
134.001   0.46939      49      26
134.501   0.82000      50       9
135.005   0.63265      49      18
