  4.185 4182.000   2.000
  4.272   88.000   1.000
  5.008  733.000   3.000
  6.008  999.000   4.000
  7.008  999.000   4.000
  8.020 1010.000   5.000
  9.020  999.000   6.000
 10.020  999.000   6.000
 11.020  998.000   7.000
 12.022 1001.000   8.000
 13.023  999.000   8.000
 14.023  999.000   9.000
 15.022  998.000   9.000
 16.023 1001.000   9.000
 17.023  999.000   8.000
 18.023  999.000   9.000
 19.022  998.000   9.000
 20.023 1001.000   9.000
 21.023  999.000   9.000
 22.023  999.000   9.000
 23.022  998.000   9.000
 24.023 1001.000   8.000
 25.024  999.000  10.000
 26.023  999.000   9.000
 27.021  998.000   8.000
 28.023 1001.000   9.000
 29.023  999.000   8.000
 30.023  999.000   9.000
 31.022  998.000   9.000
 32.023 1001.000   9.000
 33.023  999.000   9.000
 34.023  999.000   9.000
 35.022  998.000   9.000
 36.013  991.000   9.000
 37.013  999.000   9.000
 38.013  999.000   9.000
 39.013  999.000   9.000
 40.013 1000.000   8.000
 41.014  999.000   9.000
 42.013  999.000   9.000
 43.013  999.000   9.000
 44.013 1000.000   9.000
 45.014  999.000   9.000
 46.013  999.000   9.000
 47.013  999.000   9.000
 48.014 1000.000   9.000
 49.013  999.000   8.000
 50.013  999.000   9.000
 51.013  999.000   9.000
 52.013 1000.000   9.000
 53.013  999.000   9.000
 54.014  999.000  10.000
 55.013  999.000   9.000
 56.013 1000.000   9.000
 57.013  999.000   9.000
 58.013  999.000   9.000
 59.013  999.000   9.000
 60.014 1000.000  10.000
 61.013  999.000   9.000
 62.014  999.000  10.000
 63.013  999.000  10.000
 64.013 1000.000   9.000
 65.013  999.000   9.000
 66.013  999.000   9.000
 67.013  999.000   9.000
 68.014 1000.000   9.000
 69.013  999.000   9.000
 70.014  999.000  10.000
 71.013  999.000   9.000
 72.013 1000.000   9.000
 73.014  999.000   9.000
 74.013  999.000   9.000
 75.013  999.000   9.000
 76.014 1000.000  10.000
 77.013  999.000   9.000
 78.013  999.000   9.000
 79.012  999.000   9.000
 80.014 1000.000   9.000
 81.013  999.000   9.000
 82.013  999.000   9.000
 83.013  999.000   9.000
 84.014 1000.000  10.000
 85.014  999.000  10.000
 86.013  999.000   9.000
 87.013  999.000   9.000
 88.014 1000.000  10.000
 89.014  999.000  10.000
 90.013  999.000   9.000
 91.012  999.000   9.000
 92.014 1000.000   9.000
 93.014  999.000   9.000
 94.014  999.000  10.000
 95.013  999.000  10.000
 96.013 1000.000   9.000
 97.014  999.000   9.000
 98.013  999.000   9.000
 99.013  999.000  10.000
100.013 1000.000   9.000
101.013  999.000   9.000
102.013  999.000   9.000
103.013  999.000   9.000
104.014 1000.000  10.000
105.014  999.000   9.000
106.013  999.000   9.000
107.013  999.000   9.000
108.013 1000.000   9.000
109.014  999.000  10.000
110.013  999.000   9.000
111.012  999.000   9.000
112.014 1000.000   9.000
113.014  999.000   9.000
114.013  999.000   9.000
115.012  999.000   9.000
116.014 1000.000   9.000
117.014  999.000   9.000
118.013  999.000   9.000
119.014  999.000  10.000
120.014 1000.000   9.000
121.013  999.000   9.000
122.013  999.000   9.000
123.013  999.000   9.000
124.014 1000.000  10.000
125.013  999.000   9.000
126.013  999.000   9.000
127.013  999.000   9.000
128.014 1000.000  10.000
129.014  999.000   9.000
130.013  999.000   9.000
131.013  999.000  10.000
132.013 1000.000   9.000
133.013  999.000   9.000
134.013  999.000   9.000
135.012  999.000   9.000
136.014 1000.000   9.000
137.013  999.000   8.000
138.013  999.000   9.000
139.012  999.000   9.000
140.014 1000.000   9.000
141.013  999.000   9.000
142.013  999.000   9.000
143.012  999.000   9.000
144.013 1000.000   9.000
145.013  999.000   9.000
146.013  999.000   9.000
147.013  999.000   9.000
148.013 1000.000   9.000
149.013  999.000   9.000
150.013  999.000   9.000
151.012  999.000   9.000
152.013 1000.000   9.000
153.014  999.000   9.000
154.013  999.000   9.000
155.013 1000.000   8.000
156.014  999.000   9.000
157.013  999.000   9.000
158.013  999.000   9.000
159.014 1000.000   9.000
160.013  999.000   9.000
161.013  999.000   9.000
162.013  999.000   9.000
163.014 1000.000   9.000
164.013  999.000   9.000
165.013  999.000   8.000
166.013  999.000   9.000
167.013 1000.000   9.000
168.014  999.000   9.000
169.013  999.000   9.000
170.013  999.000   9.000
171.013 1000.000   9.000
172.014  999.000   9.000
173.013  999.000   9.000
174.015  999.000  11.000
