  0.500   0.00000      40      40
  1.001   0.36000      50      32
  1.501   0.20000      50      40
  2.001   0.00000      50      50
  2.501   0.04000      50      48
  3.001   0.00000      49      49
  3.500   0.09804      51      46
  4.000   0.30000      50      35
  4.501   0.22449      49      38
  5.001   0.02000      50      49
  5.501   0.08000      50      46
  6.001   0.00000      50      50
  6.501   0.02041      49      48
  7.001   0.00000      50      50
  7.500   0.12000      50      44
  8.001   0.00000      50      50
  8.501   0.02041      49      48
  9.001   0.02041      49      48
  9.501   0.08000      50      46
 10.001   0.03922      51      49
 10.501   0.10204      49      44
 11.001   0.00000      50      50
 11.500   0.14000      50      43
 12.001   0.00000      50      50
 12.501   0.02000      50      49
 13.001   0.02000      50      49
 13.501   0.08163      49      45
 14.001   0.05769      52      49
 14.501   0.06122      49      46
 15.001   0.08696      46      42
 15.500   0.14000      50      43
 16.001   0.02000      50      49
 16.501   0.04000      50      48
 17.001   0.02000      50      49
 17.501   0.08163      49      45
 18.001   0.02000      50      49
 18.501   0.04000      50      48
 19.001   0.02000      50      49
 19.500   0.14000      50      43
 20.001   0.00000      49      49
 20.501   0.07692      52      48
 21.001   0.02041      49      48
 21.501   0.10000      50      45
 22.001   0.00000      49      49
 22.501   0.06000      50      47
 23.001   0.00000      50      50
 23.500   0.14000      50      43
 24.001   0.02000      50      49
 24.501   0.06000      50      47
 25.001   0.06000      50      47
 25.501   0.14286      49      42
 26.001   0.02000      50      49
 26.501   0.06000      50      47
 27.001   0.02000      50      49
 27.500   0.16000      50      42
 28.001   0.02000      50      49
 28.501   0.04000      50      48
 29.001   0.02000      50      49
 29.501   0.12245      49      43
 30.001   0.02000      50      49
 30.501   0.06000      50      47
 31.001   0.02041      49      48
 31.500   0.17647      51      42
 32.001   0.04000      50      48
 32.501   0.12000      50      44
 33.001   0.04000      50      48
 33.501   0.16327      49      41
 34.001   0.04000      50      48
 34.501   0.08000      50      46
 35.001   0.06000      50      47
 35.500   0.18000      50      41
 36.001   0.08000      50      46
 36.501   0.10000      50      45
 37.001   0.04082      49      47
 37.501   0.14000      50      43
 38.001   0.02041      49      48
 38.501   0.07843      51      47
 39.001   0.04000      50      48
 39.500   0.16000      50      42
 40.001   0.02000      50      49
 40.501   0.06000      50      47
 41.001   0.00000      49      49
 41.501   0.14000      50      43
 42.001   0.06000      50      47
 42.501   0.06000      50      47
 43.001   0.04082      49      47
 43.501   0.12000      50      44
 44.001   0.04000      50      48
 44.501   0.08000      50      46
 45.001   0.02041      49      48
 45.501   0.15385      52      44
 46.001   0.02000      50      49
 46.501   0.06122      49      46
 47.001   0.04000      50      48
 47.500   0.16000      50      42
 48.001   0.02083      48      47
 48.501   0.09804      51      46
 49.001   0.04000      50      48
 49.501   0.14286      49      42
 50.001   0.05882      51      48
 50.501   0.10000      50      45
 51.001   0.04082      49      47
 51.500   0.18000      50      41
 52.001   0.07843      51      47
 52.501   0.04082      49      47
 53.001   0.06000      50      47
 53.501   0.14000      50      43
 54.001   0.04082      49      47
 54.501   0.07843      51      47
 55.001   0.06122      49      46
 55.500   0.14000      50      43
 56.001   0.04082      49      47
 56.501   0.08000      50      46
 57.001   0.05882      51      48
 57.501   0.12000      50      44
 58.001   0.04082      49      47
 58.501   0.08000      50      46
 59.001   0.04000      50      48
 59.500   0.16327      49      41
 60.001   0.03922      51      49
 60.501   0.04082      49      47
 61.001   0.04000      50      48
 61.501   0.12000      50      44
 62.001   0.04000      50      48
 62.501   0.08000      50      46
 63.001   0.07843      51      47
 63.500   0.16327      49      41
 64.001   0.04000      50      48
 64.501   0.08163      49      45
 65.001   0.06000      50      47
 65.501   0.14000      50      43
 66.001   0.06000      50      47
 66.501   0.07843      51      47
 67.001   0.06000      50      47
 67.500   0.12500      48      42
 68.001   0.04000      50      48
 68.501   0.11765      51      45
 69.001   0.02000      50      49
 69.501   0.14000      50      43
 70.001   0.02041      49      48
 70.501   0.08000      50      46
 71.001   0.04082      49      47
 71.500   0.14000      50      43
 72.001   0.04000      50      48
 72.501   0.09804      51      46
 73.001   0.02041      49      48
 73.501   0.13725      51      44
 74.001   0.02041      49      48
 74.501   0.08333      48      44
 75.001   0.02000      50      49
 75.501   0.14000      50      43
 76.001   0.04000      50      48
 76.501   0.06000      50      47
 77.001   0.02041      49      48
 77.501   0.09804      51      46
 78.001   0.02041      49      48
 78.501   0.07843      51      47
 79.001   0.04000      50      48
 79.500   0.12245      49      43
 80.001   0.02000      50      49
 80.501   0.06122      49      46
 81.001   0.02000      50      49
 81.501   0.12000      50      44
 82.001   0.04000      50      48
 82.501   0.06000      50      47
 83.001   0.02000      50      49
 83.500   0.16327      49      41
 84.001   0.03922      51      49
 84.501   0.06122      49      46
 85.001   0.02000      50      49
 85.501   0.11765      51      45
 86.001   0.02041      49      48
 86.501   0.06000      50      47
 87.001   0.04082      49      47
 87.500   0.19608      51      41
 88.001   0.01961      51      50
 88.501   0.04082      49      47
 89.001   0.02000      50      49
 89.501   0.10000      50      45
 90.001   0.02041      49      48
 90.501   0.04000      50      48
 91.001   0.02000      50      49
 91.500   0.17647      51      42
 92.001   0.02000      50      49
 92.501   0.06000      50      47
 93.001   0.02041      49      48
 93.501   0.08163      49      45
 94.001   0.02041      49      48
 94.501   0.05882      51      48
 95.001   0.02000      50      49
 95.500   0.14000      50      43
 96.001   0.02000      50      49
 96.501   0.06000      50      47
 97.001   0.04000      50      48
 97.501   0.08163      49      45
 98.001   0.05882      51      48
 98.501   0.06122      49      46
 99.001   0.00000      50      50
 99.500   0.14000      50      43
100.001   0.02000      50      49
100.501   0.04000      50      48
101.001   0.02041      49      48
101.501   0.12000      50      44
102.001   0.02000      50      49
102.501   0.04082      49      47
103.001   0.05769      52      49
103.500   0.14000      50      43
104.001   0.02041      49      48
104.501   0.06122      49      46
105.001   0.04000      50      48
105.501   0.12000      50      44
106.001   0.02000      50      49
106.501   0.06000      50      47
107.001   0.02000      50      49
107.500   0.14286      49      42
108.001   0.02000      50      49
108.501   0.02000      50      49
109.001   0.04000      50      48
109.501   0.10204      49      44
110.001   0.07692      52      48
110.501   0.06000      50      47
111.001   0.02041      49      48
111.500   0.12245      49      43
112.001   0.02000      50      49
112.501   0.04082      49      47
113.001   0.01961      51      50
113.501   0.10000      50      45
114.001   0.02000      50      49
114.501   0.08163      49      45
115.001   0.02000      50      49
115.500   0.12000      50      44
116.001   0.04000      50      48
116.501   0.04082      49      47
117.001   0.05882      51      48
117.501   0.14000      50      43
118.001   0.04000      50      48
118.501   0.10000      50      45
119.001   0.06122      49      46
119.500   0.12000      50      44
120.001   0.02000      50      49
120.501   0.08000      50      46
121.001   0.02000      50      49
121.501   0.10000      50      45
122.001   0.02000      50      49
122.501   0.08000      50      46
123.001   0.02041      49      48
123.500   0.14286      49      42
124.001   0.03922      51      49
124.501   0.04082      49      47
125.001   0.02000      50      49
125.501   0.12000      50      44
126.001   0.05882      51      48
126.501   0.04000      50      48
127.001   0.04082      49      47
127.500   0.15686      51      43
128.001   0.02041      49      48
128.501   0.06122      49      46
129.001   0.02000      50      49
129.501   0.14000      50      43
130.001   0.04000      50      48
130.501   0.08000      50      46
131.001   0.04000      50      48
131.500   0.18000      50      41
132.001   0.02000      50      49
132.501   0.06000      50      47
133.001   0.04082      49      47
133.501   0.15686      51      43
134.001   0.04000      50      48
134.501   0.08163      49      45
135.001   0.05882      51      48
135.500   0.14286      49      42
136.001   0.02041      49      48
136.501   0.06000      50      47
137.001   0.03922      51      49
137.501   0.12000      50      44
138.001   0.02000      50      49
138.501   0.04082      49      47
139.001   0.04000      50      48
139.500   0.14000      50      43
140.001   0.02000      50      49
140.501   0.08000      50      46
141.001   0.04000      50      48
141.501   0.14000      50      43
142.001   0.02000      50      49
142.501   0.06122      49      46
143.001   0.04000      50      48
143.500   0.16327      49      41
144.001   0.02000      50      49
144.501   0.11765      51      45
145.001   0.02041      49      48
145.501   0.14000      50      43
146.001   0.06000      50      47
146.501   0.06000      50      47
147.001   0.02041      49      48
147.500   0.17647      51      42
148.001   0.02041      49      48
148.501   0.08000      50      46
149.001   0.04000      50      48
149.501   0.12000      50      44
150.001   0.04082      49      47
150.501   0.08000      50      46
151.001   0.04000      50      48
151.500   0.16000      50      42
152.001   0.02000      50      49
152.501   0.06122      49      46
153.001   0.05882      51      48
153.501   0.14000      50      43
154.001   0.04082      49      47
154.501   0.00000      50      50
155.001   0.00000      50      50
155.501   0.08000      50      46
156.001   0.00000      50      50
156.501   0.00000      50      50
157.001   0.00000      50      50
157.501   0.06122      49      46
158.001   0.00000      50      50
158.501   0.00000      50      50
159.001   0.00000      50      50
159.501   0.09804      51      46
160.001   0.00000      50      50
160.501   0.00000      50      50
161.001   0.00000      50      50
161.501   0.06000      50      47
162.001   0.00000      49      49
162.501   0.00000      50      50
163.001   0.00000      50      50
163.501   0.06122      49      46
164.001   0.00000      50      50
164.501   0.00000      50      50
165.001   0.00000      50      50
165.501   0.06000      50      47
166.001   0.00000      50      50
166.501   0.00000      50      50
167.001   0.00000      50      50
167.501   0.08000      50      46
168.001   0.00000      49      49
168.501   0.00000      50      50
169.001   0.00000      50      50
169.501   0.06000      50      47
170.001   0.00000      50      50
170.501   0.00000      50      50
171.001   0.00000      50      50
171.501   0.08000      50      46
172.001   0.00000      50      50
172.501   0.00000      50      50
173.001   0.00000      48      48
173.501   0.04082      49      47
174.001   0.32000      50      34
