  0.500   0.00000      39      39
  1.001   0.48000      50      26
  1.501   0.02041      49      48
  2.001   0.16000      50      42
  2.500   0.00000      50      50
  3.001   0.00000      50      50
  3.501   0.00000      50      50
  4.000   0.40000      50      30
  4.501   0.16667      48      40
  5.001   0.03922      51      49
  5.501   0.00000      50      50
  6.001   0.10204      49      44
  6.500   0.04000      50      48
  7.001   0.00000      50      50
  7.501   0.00000      50      50
  8.001   0.08000      50      46
  8.501   0.00000      49      49
  9.001   0.02000      50      49
  9.501   0.05882      51      48
 10.001   0.10204      49      44
 10.500   0.08000      50      46
 11.001   0.02000      50      49
 11.501   0.02000      50      49
 12.001   0.06000      50      47
 12.501   0.04000      50      48
 13.001   0.02000      50      49
 13.501   0.00000      50      50
 14.001   0.12245      49      43
 14.500   0.02041      49      48
 15.001   0.02000      50      49
 15.501   0.06000      50      47
 16.001   0.09804      51      46
 16.501   0.02000      50      49
 17.001   0.02000      50      49
 17.501   0.00000      50      50
 18.001   0.10000      50      45
 18.500   0.04082      49      47
 19.001   0.03922      51      49
 19.501   0.02083      48      47
 20.001   0.08000      50      46
 20.501   0.02000      50      49
 21.001   0.02041      49      48
 21.501   0.05882      51      48
 22.001   0.10204      49      44
 22.500   0.02000      50      49
 23.001   0.01961      51      50
 23.501   0.02041      49      48
 24.001   0.07843      51      47
 24.501   0.08163      49      45
 25.001   0.06000      50      47
 25.501   0.06000      50      47
 26.001   0.10204      49      44
 26.500   0.04000      50      48
 27.006   0.04000      50      48
 27.501   0.06000      50      47
 28.001   0.10000      50      45
 28.501   0.00000      50      50
 29.001   0.02000      50      49
 29.501   0.04000      50      48
 30.001   0.12000      50      44
 30.500   0.06122      49      46
 31.001   0.04000      50      48
 31.501   0.06000      50      47
 32.001   0.10204      49      44
 32.501   0.07843      51      47
 33.001   0.04082      49      47
 33.501   0.10000      50      45
 34.001   0.16000      50      42
 34.500   0.06000      50      47
 35.002   0.06000      50      47
 35.500   0.06122      49      46
 36.001   0.13725      51      44
 36.501   0.10204      49      44
 37.001   0.04000      50      48
 37.501   0.09804      51      46
 38.001   0.10204      49      44
 38.500   0.06000      50      47
 39.001   0.04000      50      48
 39.501   0.06122      49      46
 40.001   0.09804      51      46
 40.501   0.04000      50      48
 41.001   0.02000      50      49
 41.501   0.06000      50      47
 42.001   0.14000      50      43
 42.500   0.06122      49      46
 43.001   0.04000      50      48
 43.501   0.02000      50      49
 44.001   0.08000      50      46
 44.501   0.06000      50      47
 45.001   0.04000      50      48
 45.501   0.08163      49      45
 46.001   0.12000      50      44
 46.500   0.04000      50      48
 47.001   0.06000      50      47
 47.501   0.02041      49      48
 48.001   0.09804      51      46
 48.501   0.08163      49      45
 49.001   0.07843      51      47
 49.501   0.06000      50      47
 50.001   0.14000      50      43
 50.500   0.06000      50      47
 51.001   0.04082      49      47
 51.501   0.10000      50      45
 52.001   0.12245      49      43
 52.501   0.05769      52      49
 53.001   0.04082      49      47
 53.501   0.04082      49      47
 54.001   0.13725      51      44
 54.500   0.10000      50      45
 55.001   0.06000      50      47
 55.501   0.04000      50      48
 56.001   0.10417      48      43
 56.501   0.05882      51      48
 57.001   0.02041      49      48
 57.501   0.09804      51      46
 58.001   0.14286      49      42
 58.500   0.05882      51      48
 59.001   0.04082      49      47
 59.500   0.06000      50      47
 60.001   0.10000      50      45
 60.501   0.06000      50      47
 61.001   0.04000      50      48
 61.501   0.04000      50      48
 62.001   0.12245      49      43
 62.500   0.06000      50      47
 63.001   0.06000      50      47
 63.501   0.10000      50      45
 64.001   0.12000      50      44
 64.501   0.06122      49      46
 65.001   0.06000      50      47
 65.501   0.05882      51      48
 66.001   0.14286      49      42
 66.500   0.08000      50      46
 67.001   0.06122      49      46
 67.501   0.04000      50      48
 68.001   0.13725      51      44
 68.501   0.08000      50      46
 69.001   0.02000      50      49
 69.501   0.10000      50      45
 70.001   0.14000      50      43
 70.500   0.06000      50      47
 71.001   0.02041      49      48
 71.501   0.02041      49      48
 72.001   0.10000      50      45
 72.501   0.08000      50      46
 73.001   0.04000      50      48
 73.501   0.04000      50      48
 74.001   0.12245      49      43
 74.500   0.04000      50      48
 75.001   0.04000      50      48
 75.501   0.07843      51      47
 76.001   0.10204      49      44
 76.501   0.03922      51      49
 77.001   0.02041      49      48
 77.501   0.00000      50      50
 78.001   0.10000      50      45
 78.500   0.08163      49      45
 79.001   0.05882      51      48
 79.501   0.02000      50      49
 80.001   0.08163      49      45
 80.501   0.04000      50      48
 81.001   0.02000      50      49
 81.501   0.06000      50      47
 82.001   0.14000      50      43
 82.500   0.02041      49      48
 83.001   0.03922      51      49
 83.501   0.04000      50      48
 84.001   0.10204      49      44
 84.501   0.08000      50      46
 85.001   0.04000      50      48
 85.501   0.02000      50      49
 86.001   0.12000      50      44
 86.500   0.02041      49      48
 87.001   0.06000      50      47
 87.501   0.08000      50      46
 88.001   0.08000      50      46
 88.501   0.02000      50      49
 89.001   0.02000      50      49
 89.501   0.02041      49      48
 90.001   0.11765      51      45
 90.500   0.06000      50      47
 91.001   0.02041      49      48
 91.501   0.04000      50      48
 92.001   0.08000      50      46
 92.501   0.05882      51      48
 93.001   0.00000      49      49
 93.501   0.06000      50      47
 94.001   0.12000      50      44
 94.500   0.02000      50      49
 95.001   0.02000      50      49
 95.501   0.02000      50      49
 96.001   0.08163      49      45
 96.501   0.07843      51      47
 97.001   0.04082      49      47
 97.501   0.00000      50      50
 98.001   0.14286      49      42
 98.500   0.03922      51      49
 99.001   0.02000      50      49
 99.501   0.06000      50      47
100.001   0.08000      50      46
100.501   0.02000      50      49
101.001   0.02000      50      49
101.501   0.02041      49      48
102.001   0.10000      50      45
102.500   0.06122      49      46
103.001   0.04000      50      48
103.501   0.04000      50      48
104.001   0.10000      50      45
104.501   0.04000      50      48
105.001   0.04000      50      48
105.501   0.06122      49      46
106.001   0.11765      51      45
106.500   0.04000      50      48
107.001   0.02000      50      49
107.501   0.04000      50      48
108.001   0.06122      49      46
108.501   0.06000      50      47
109.001   0.04000      50      48
109.501   0.02041      49      48
110.001   0.13725      51      44
110.500   0.04000      50      48
111.001   0.02000      50      49
111.501   0.06000      50      47
112.001   0.08163      49      45
112.501   0.02000      50      49
113.001   0.00000      49      49
113.501   0.01961      51      50
114.001   0.12245      49      43
114.500   0.10000      50      45
115.001   0.02000      50      49
115.501   0.02000      50      49
116.001   0.10000      50      45
116.501   0.03922      51      49
117.001   0.06122      49      46
117.501   0.10000      50      45
118.001   0.12000      50      44
118.500   0.06000      50      47
119.001   0.08000      50      46
119.501   0.02041      49      48
120.001   0.08000      50      46
120.501   0.06122      49      46
121.001   0.02000      50      49
121.501   0.02000      50      49
122.001   0.10000      50      45
122.500   0.04000      50      48
123.001   0.04082      49      47
123.501   0.07843      51      47
124.001   0.10000      50      45
124.501   0.02000      50      49
125.001   0.02041      49      48
125.501   0.02000      50      49
126.001   0.12000      50      44
126.500   0.06122      49      46
127.001   0.03922      51      49
127.501   0.02041      49      48
128.001   0.11765      51      45
128.501   0.02000      50      49
129.001   0.02000      50      49
129.501   0.12000      50      44
130.001   0.10204      49      44
130.500   0.05882      51      48
131.001   0.04082      49      47
131.501   0.04000      50      48
132.001   0.06000      50      47
132.501   0.08163      49      45
133.001   0.06000      50      47
133.501   0.05882      51      48
134.001   0.14286      49      42
134.500   0.06000      50      47
135.001   0.06000      50      47
135.501   0.06122      49      46
136.001   0.08000      50      46
136.501   0.05882      51      48
137.001   0.02000      50      49
137.501   0.02041      49      48
138.001   0.10000      50      45
138.500   0.08000      50      46
139.001   0.04000      50      48
139.501   0.02083      48      47
140.001   0.08000      50      46
140.501   0.04000      50      48
141.001   0.04000      50      48
141.501   0.10000      50      45
142.001   0.12000      50      44
142.500   0.02000      50      49
143.001   0.04082      49      47
143.501   0.07692      52      48
144.001   0.08163      49      45
144.501   0.10204      49      44
145.001   0.04000      50      48
145.501   0.06000      50      47
146.001   0.14000      50      43
146.500   0.02041      49      48
147.001   0.05882      51      48
147.501   0.10000      50      45
148.001   0.08163      49      45
148.501   0.06000      50      47
149.001   0.04000      50      48
149.501   0.02000      50      49
150.001   0.14286      49      42
150.500   0.11765      51      45
151.001   0.04000      50      48
151.501   0.02041      49      48
152.001   0.07843      51      47
152.501   0.04000      50      48
153.001   0.02041      49      48
153.501   0.12000      50      44
154.001   0.14286      49      42
154.500   0.00000      50      50
155.001   0.00000      50      50
155.501   0.00000      50      50
156.001   0.06000      50      47
156.501   0.00000      50      50
157.001   0.00000      50      50
157.501   0.00000      50      50
158.001   0.08000      50      46
158.501   0.00000      50      50
159.001   0.00000      49      49
159.501   0.00000      50      50
160.001   0.05882      51      48
160.501   0.00000      50      50
161.001   0.00000      49      49
161.501   0.00000      50      50
162.001   0.06122      49      46
162.501   0.00000      50      50
163.001   0.00000      50      50
163.501   0.00000      50      50
164.001   0.06000      50      47
164.501   0.00000      50      50
165.001   0.00000      50      50
165.501   0.00000      50      50
166.000   0.08000      50      46
166.501   0.00000      50      50
167.001   0.00000      50      50
167.501   0.00000      50      50
168.001   0.06000      50      47
168.501   0.00000      50      50
169.001   0.00000      50      50
169.501   0.00000      49      49
170.000   0.08000      50      46
170.501   0.00000      51      51
171.001   0.00000      50      50
171.501   0.00000      50      50
172.001   0.04082      49      47
172.501   0.01961      51      50
173.001   0.00000      50      50
173.501   0.00000      50      50
174.001   0.53061      49      23
