  0.501   0.00000      43      43
  1.001   0.28000      50      36
  1.501   0.14000      50      43
  2.001   0.00000      50      50
  2.500   0.02000      50      49
  3.001   0.00000      50      50
  3.501   0.00000      49      49
  4.001   0.29412      51      36
  4.503   0.24490      49      37
  5.001   0.00000      49      49
  5.501   0.02000      50      49
  6.001   0.02000      50      49
  6.500   0.02000      50      49
  7.001   0.02000      50      49
  7.501   0.02000      50      49
  8.001   0.00000      49      49
  8.501   0.02000      50      49
  9.001   0.02000      50      49
  9.501   0.04000      50      48
 10.001   0.02000      50      49
 10.500   0.02000      50      49
 11.001   0.02041      49      48
 11.501   0.02000      50      49
 12.001   0.04000      50      48
 12.501   0.02000      50      49
 13.001   0.02041      49      48
 13.501   0.05882      51      48
 14.001   0.03922      51      49
 14.500   0.02041      49      48
 15.001   0.04000      50      48
 15.501   0.02041      49      48
 16.001   0.04000      50      48
 16.501   0.04000      50      48
 17.001   0.02000      50      49
 17.501   0.04000      50      48
 18.001   0.04000      50      48
 18.500   0.04000      50      48
 19.001   0.02041      49      48
 19.501   0.04000      50      48
 20.001   0.02000      50      49
 20.501   0.04082      49      47
 21.001   0.02000      50      49
 21.501   0.04000      50      48
 22.001   0.04000      50      48
 22.500   0.04000      50      48
 23.001   0.04000      50      48
 23.501   0.04000      50      48
 24.001   0.02041      49      48
 24.501   0.04000      50      48
 25.001   0.02000      50      49
 25.501   0.04000      50      48
 26.001   0.02041      49      48
 26.500   0.04000      50      48
 27.001   0.02000      50      49
 27.501   0.04000      50      48
 28.001   0.04000      50      48
 28.501   0.02041      49      48
 29.001   0.03922      51      49
 29.501   0.04000      50      48
 30.001   0.04000      50      48
 30.500   0.02000      50      49
 31.001   0.04000      50      48
 31.501   0.02041      49      48
 32.001   0.04000      50      48
 32.501   0.04000      50      48
 33.001   0.02041      49      48
 33.501   0.03922      51      49
 34.001   0.04000      50      48
 34.500   0.02041      49      48
 35.001   0.04000      50      48
 35.501   0.04000      50      48
 36.001   0.02041      49      48
 36.501   0.05882      51      48
 37.001   0.04000      50      48
 37.501   0.02041      49      48
 38.001   0.04000      50      48
 38.500   0.04000      50      48
 39.001   0.02041      49      48
 39.501   0.06000      50      47
 40.001   0.04000      50      48
 40.501   0.04000      50      48
 41.001   0.02000      50      49
 41.501   0.04000      50      48
 42.001   0.02041      49      48
 42.500   0.04000      50      48
 43.001   0.04000      50      48
 43.501   0.05882      51      48
 44.001   0.02041      49      48
 44.501   0.04082      49      47
 45.001   0.05882      51      48
 45.501   0.02041      49      48
 46.001   0.04082      49      47
 46.500   0.05882      51      48
 47.001   0.02000      50      49
 47.501   0.04082      49      47
 48.001   0.04000      50      48
 48.501   0.04000      50      48
 49.001   0.02041      49      48
 49.501   0.04000      50      48
 50.001   0.05882      51      48
 50.500   0.02041      49      48
 51.001   0.04000      50      48
 51.501   0.04000      50      48
 52.001   0.04082      49      47
 52.501   0.05882      51      48
 53.001   0.04000      50      48
 53.501   0.02000      50      49
 54.001   0.04000      50      48
 54.500   0.04082      49      47
 55.001   0.04000      50      48
 55.501   0.04000      50      48
 56.001   0.04000      50      48
 56.501   0.04000      50      48
 57.001   0.02041      49      48
 57.501   0.05882      51      48
 58.001   0.04000      50      48
 58.500   0.04000      50      48
 59.000   0.02083      48      47
 59.501   0.04000      50      48
 60.001   0.05882      51      48
 60.501   0.04000      50      48
 61.001   0.04000      50      48
 61.501   0.04082      49      47
 62.001   0.04000      50      48
 62.500   0.02000      50      49
 63.001   0.04000      50      48
 63.501   0.04000      50      48
 64.001   0.02041      49      48
 64.501   0.05882      51      48
 65.001   0.02041      49      48
 65.501   0.08000      50      46
 66.001   0.06000      50      47
 66.500   0.02041      49      48
 67.001   0.05882      51      48
 67.501   0.06122      49      46
 68.001   0.02041      49      48
 68.501   0.04000      50      48
 69.001   0.04000      50      48
 69.501   0.06000      50      47
 70.001   0.02000      50      49
 70.500   0.08000      50      46
 71.001   0.03922      51      49
 71.501   0.02041      49      48
 72.001   0.04000      50      48
 72.501   0.04082      49      47
 73.001   0.04000      50      48
 73.501   0.06000      50      47
 74.001   0.04000      50      48
 74.500   0.04000      50      48
 75.001   0.02041      49      48
 75.501   0.04000      50      48
 76.001   0.04000      50      48
 76.501   0.04082      49      47
 77.001   0.06000      50      47
 77.501   0.04000      50      48
 78.001   0.05882      51      48
 78.500   0.04000      50      48
 79.001   0.02000      50      49
 79.501   0.04082      49      47
 80.001   0.04000      50      48
 80.501   0.04000      50      48
 81.001   0.04000      50      48
 81.501   0.04082      49      47
 82.001   0.03922      51      49
 82.500   0.04000      50      48
 83.001   0.02041      49      48
 83.501   0.04000      50      48
 84.001   0.06000      50      47
 84.501   0.04000      50      48
 85.001   0.02041      49      48
 85.501   0.05882      51      48
 86.001   0.02041      49      48
 86.500   0.04000      50      48
 87.001   0.04000      50      48
 87.501   0.04000      50      48
 88.001   0.04000      50      48
 88.501   0.04000      50      48
 89.001   0.04000      50      48
 89.501   0.04082      49      47
 90.001   0.04000      50      48
 90.500   0.04000      50      48
 91.001   0.03922      51      49
 91.501   0.04082      49      47
 92.001   0.02041      49      48
 92.501   0.04000      50      48
 93.001   0.04000      50      48
 93.501   0.05882      51      48
 94.001   0.02041      49      48
 94.500   0.04000      50      48
 95.001   0.04000      50      48
 95.501   0.04082      49      47
 96.001   0.04000      50      48
 96.501   0.04000      50      48
 97.001   0.04000      50      48
 97.501   0.04000      50      48
 98.001   0.05882      51      48
 98.500   0.02041      49      48
 99.001   0.04000      50      48
 99.501   0.04000      50      48
100.001   0.04000      50      48
100.501   0.04000      50      48
101.001   0.04082      49      47
101.501   0.04000      50      48
102.001   0.04000      50      48
102.500   0.04000      50      48
103.001   0.02041      49      48
103.501   0.05882      51      48
104.001   0.04000      50      48
104.501   0.04000      50      48
105.001   0.04000      50      48
105.501   0.04000      50      48
106.001   0.02041      49      48
106.500   0.04000      50      48
107.001   0.05882      51      48
107.501   0.04082      49      47
108.001   0.04000      50      48
108.501   0.04000      50      48
109.001   0.04000      50      48
109.501   0.04082      49      47
110.001   0.04000      50      48
110.500   0.05882      51      48
111.001   0.04000      50      48
111.501   0.04000      50      48
112.001   0.02041      49      48
112.501   0.04082      49      47
113.001   0.04000      50      48
113.501   0.05882      51      48
114.001   0.04000      50      48
114.500   0.04082      49      47
115.001   0.04000      50      48
115.501   0.02041      49      48
116.001   0.04000      50      48
116.501   0.04000      50      48
117.001   0.04000      50      48
117.501   0.04000      50      48
118.001   0.04000      50      48
118.500   0.04000      50      48
119.001   0.04000      50      48
119.501   0.05882      51      48
120.001   0.02083      48      47
120.501   0.04000      50      48
121.001   0.04000      50      48
121.501   0.04000      50      48
122.001   0.04000      50      48
122.501   0.04000      50      48
123.001   0.04000      50      48
123.501   0.04000      50      48
124.001   0.04000      50      48
124.501   0.04000      50      48
125.001   0.04082      49      47
125.501   0.04000      50      48
126.001   0.04000      50      48
126.501   0.04000      50      48
127.001   0.04000      50      48
127.501   0.04082      49      47
128.001   0.05882      51      48
128.501   0.02041      49      48
129.001   0.04082      49      47
129.501   0.05882      51      48
130.001   0.04000      50      48
130.501   0.04082      49      47
131.001   0.28205      39      28
131.501   0.04000      50      48
132.001   0.04000      50      48
132.501   0.04000      50      48
133.001   0.04000      50      48
133.501   0.06000      50      47
134.001   0.02041      49      48
134.501   0.03922      51      49
135.001   0.04000      50      48
135.501   0.02041      49      48
136.001   0.04082      49      47
136.501   0.04000      50      48
137.001   0.04000      50      48
137.501   0.04000      50      48
138.001   0.06000      50      47
138.501   0.03922      51      49
139.001   0.02041      49      48
139.501   0.04000      50      48
140.001   0.04000      50      48
140.501   0.04082      49      47
141.001   0.04000      50      48
141.501   0.04000      50      48
142.001   0.04000      50      48
142.501   0.02041      49      48
143.001   0.04000      50      48
143.501   0.05882      51      48
144.001   0.04082      49      47
144.501   0.04000      50      48
145.001   0.04000      50      48
145.501   0.02041      49      48
146.001   0.04000      50      48
146.501   0.04000      50      48
147.001   0.02041      49      48
147.501   0.04000      50      48
148.001   0.05882      51      48
148.501   0.04000      50      48
149.001   0.02041      49      48
149.501   0.04000      50      48
150.001   0.05882      51      48
150.501   0.04000      50      48
151.001   0.04082      49      47
151.501   0.04000      50      48
152.001   0.04000      50      48
152.501   0.04000      50      48
153.001   0.02041      49      48
153.501   0.04000      50      48
154.001   0.05882      51      48
154.501   0.02041      49      48
155.001   0.04000      50      48
155.501   0.04000      50      48
156.001   0.04000      50      48
156.501   0.04000      50      48
157.001   0.02041      49      48
157.501   0.06000      50      47
158.001   0.04000      50      48
158.501   0.04000      50      48
159.001   0.04000      50      48
159.501   0.02041      49      48
160.001   0.04000      50      48
160.501   0.05882      51      48
161.001   0.02041      49      48
161.501   0.04000      50      48
162.001   0.04000      50      48
162.501   0.02041      49      48
163.001   0.04000      50      48
163.501   0.04000      50      48
164.001   0.04000      50      48
164.501   0.04082      49      47
165.001   0.04000      50      48
165.501   0.04000      50      48
166.001   0.04000      50      48
166.501   0.02041      49      48
167.001   0.05882      51      48
167.501   0.04000      50      48
168.001   0.02041      49      48
168.501   0.04000      50      48
169.001   0.04000      50      48
169.501   0.04000      50      48
170.001   0.04000      50      48
170.501   0.04082      49      47
171.001   0.04000      50      48
171.501   0.04000      50      48
172.001   0.05882      51      48
172.501   0.02041      49      48
173.001   0.04000      50      48
173.501   0.04000      50      48
174.000   0.34000      50      33
