  6.020 6015.000   4.000
  9.019 2997.000   6.000
 12.021 3002.000   5.000
 15.024 3000.000   8.000
 18.025 2999.000   9.000
 21.025 3000.000   9.000
 24.029 3003.000   9.000
 27.021 2991.000  11.000
 30.025 3005.000   9.000
 33.039 3012.000  10.000
 36.029 2990.000  10.000
 39.028 2999.000  10.000
 42.025 2997.000   8.000
 45.028 3001.000  10.000
 48.028 2999.000  10.000
 51.066 3032.000  15.000
 54.057 2997.000   9.000
 57.060 3000.000  10.000
 60.048 2990.000   8.000
 63.027 2977.000   9.000
 66.055 3026.000  11.000
 69.027 2973.000  10.000
 72.027 3000.000  10.000
 75.042 3012.000  11.000
 78.035 2995.000   9.000
 81.028 2991.000  11.000
 84.032 3002.000  13.000
 87.048 3018.000   9.000
 90.028 2978.000  10.000
 93.028 3000.000  10.000
 96.041 3011.000  11.000
 99.038 2999.000  10.000
102.030 2989.000  11.000
105.028 2999.000  10.000
108.029 3000.000  10.000
111.032 3001.000  12.000
114.032 2999.000  12.000
117.025 2996.000   9.000
120.044 3014.000  14.000
123.030 2988.000  12.000
126.031 3000.000  12.000
129.030 2999.000  11.000
132.042 3010.000  12.000
135.034 2990.000  13.000
138.031 2998.000  12.000
141.042 3004.000  19.000
144.034 2996.000  13.000
147.034 3000.000  13.000
150.057 3020.000  15.000
153.033 2978.000  12.000
