  6.032 6026.000    11  0.000000  0.002011  0.001393    0.00000    0.00000
  6.036 6026.000    12  0.000000  0.001649  0.000255    0.00000    0.00000
  8.167 1985.000    11  0.124843  0.067794  0.128480    0.01820    0.02729
  8.167 1985.000    12  0.036798  0.086969  0.131627    0.02908    0.04362
 10.198 1995.000    11  0.163051  0.020817  0.037852    0.01400    0.02051
 10.198 1995.000    12  0.032564  0.032416  0.042023    0.02280    0.03326
 12.156 1993.000    11  0.141855  0.017100  0.028917    0.01307    0.01800
 12.157 1993.000    12  0.025672  0.027214  0.033304    0.02184    0.02953
 14.161 1999.000    11  0.126491  0.015682  0.024985    0.01299    0.01715
 14.162 1999.000    12  0.023434  0.025841  0.030035    0.02258    0.02907
 16.194 2001.000    11  0.121614  0.015961  0.024276    0.01376    0.01773
 16.194 2001.000    12  0.024366  0.025544  0.028982    0.02335    0.02918
 18.187 1999.000    11  0.118732  0.015944  0.023449    0.01404    0.01785
 18.187 1999.000    12  0.028694  0.025477  0.028545    0.02391    0.02936
 20.197 2000.000    11  0.113815  0.016193  0.023425    0.01446    0.01828
 20.197 2000.000    12  0.031541  0.025436  0.028093    0.02426    0.02944
 22.209 2000.000    11  0.113982  0.016714  0.023747    0.01502    0.01889
 22.209 2000.000    12  0.033447  0.025551  0.027786    0.02451    0.02950
 24.210 2000.000    11  0.114596  0.017124  0.023953    0.01549    0.01944
 24.210 2000.000    12  0.034858  0.025615  0.027682    0.02471    0.02955
 26.215 1999.000    11  0.117941  0.017454  0.024334    0.01588    0.01990
 26.215 1999.000    12  0.036012  0.025602  0.027590    0.02486    0.02959
 28.235 2021.000    11  0.122409  0.017724  0.024633    0.01626    0.02036
 28.236 2021.000    12  0.038000  0.025585  0.027449    0.02497    0.02961
 30.209 1976.000    11  0.123074  0.017949  0.024821    0.01652    0.02064
 30.209 1976.000    12  0.039420  0.025616  0.027346    0.02511    0.02967
 32.196 2001.000    11  0.125548  0.017991  0.024425    0.01659    0.02067
 32.196 2001.000    12  0.040345  0.025635  0.027308    0.02521    0.02972
 34.221 2001.000    11  0.134357  0.018214  0.024618    0.01684    0.02092
 34.221 2001.000    12  0.042055  0.025622  0.027312    0.02526    0.02971
 36.211 1998.000    11  0.142492  0.018329  0.024719    0.01696    0.02104
 36.211 1998.000    12  0.044040  0.025665  0.027335    0.02533    0.02974
 38.239 2031.000    11  0.152717  0.018370  0.024892    0.01714    0.02127
 38.239 2031.000    12  0.046438  0.025528  0.027284    0.02536    0.02972
 40.212 1972.000    11  0.156664  0.018476  0.025000    0.01730    0.02144
 40.212 1972.000    12  0.046728  0.025537  0.027248    0.02543    0.02976
 42.202 2005.000    11  0.156514  0.018348  0.024774    0.01720    0.02126
 42.202 2005.000    12  0.046710  0.025592  0.027259    0.02549    0.02979
 44.214 1995.000    11  0.158532  0.018406  0.024813    0.01730    0.02137
 44.214 1995.000    12  0.046537  0.025540  0.027205    0.02551    0.02979
 46.208 2000.000    11  0.158922  0.018445  0.024869    0.01742    0.02155
 46.208 2000.000    12  0.046844  0.025544  0.027054    0.02555    0.02980
 48.226 2016.000    11  0.160751  0.018538  0.024779    0.01754    0.02171
 48.227 2016.000    12  0.047239  0.025519  0.027015    0.02557    0.02980
 50.186 1979.000    11  0.162448  0.018441  0.024622    0.01749    0.02162
 50.187 1979.000    12  0.047712  0.025497  0.026943    0.02562    0.02984
 52.231 1998.000    11  0.165679  0.018696  0.024963    0.01776    0.02203
 52.231 1998.000    12  0.048030  0.025449  0.026908    0.02562    0.02981
 54.202 2000.000    11  0.167914  0.018731  0.024977    0.01780    0.02206
 54.202 2000.000    12  0.048040  0.025398  0.026945    0.02566    0.02984
 56.186 1999.000    11  0.170313  0.018587  0.024838    0.01774    0.02194
 56.186 1999.000    12  0.048483  0.025344  0.026900    0.02569    0.02986
 58.228 2000.000    11  0.171746  0.018764  0.025034    0.01789    0.02215
 58.228 2000.000    12  0.048343  0.025336  0.026874    0.02569    0.02984
 60.215 2014.000    11  0.173231  0.018802  0.025012    0.01793    0.02219
 60.215 2014.000    12  0.048341  0.025289  0.026799    0.02571    0.02985
 62.192 1984.000    11  0.173674  0.018729  0.024931    0.01786    0.02207
 62.192 1984.000    12  0.047989  0.025299  0.026745    0.02574    0.02987
 64.223 2010.000    11  0.174896  0.018773  0.025030    0.01793    0.02218
 64.223 2010.000    12  0.047772  0.025283  0.026724    0.02574    0.02986
 66.253 2004.000    11  0.177334  0.018953  0.025366    0.01820    0.02255
 66.254 2004.000    12  0.048214  0.025309  0.026695    0.02574    0.02985
 68.204 1988.000    11  0.178956  0.018947  0.025330    0.01818    0.02250
 68.204 1988.000    12  0.048408  0.025331  0.026715    0.02578    0.02987
 70.218 2000.000    11  0.179928  0.018973  0.025379    0.01822    0.02254
 70.218 2000.000    12  0.048392  0.025346  0.026667    0.02579    0.02987
 72.213 1999.000    11  0.180837  0.019026  0.025390    0.01825    0.02258
 72.213 1999.000    12  0.048458  0.025348  0.026664    0.02580    0.02988
 74.216 2002.000    11  0.180229  0.019040  0.025461    0.01830    0.02264
 74.216 2002.000    12  0.048351  0.025300  0.026680    0.02581    0.02988
 76.214 1995.000    11  0.180246  0.019089  0.025511    0.01835    0.02271
 76.214 1995.000    12  0.048676  0.025302  0.026678    0.02582    0.02989
 78.211 2003.000    11  0.179354  0.019104  0.025487    0.01834    0.02268
 78.211 2003.000    12  0.048758  0.025313  0.026700    0.02583    0.02989
 80.205 1999.000    11  0.178183  0.019095  0.025445    0.01830    0.02263
 80.205 1999.000    12  0.048607  0.025312  0.026692    0.02585    0.02990
 82.220 1997.000    11  0.177495  0.019160  0.025495    0.01835    0.02270
 82.220 1997.000    12  0.048533  0.025311  0.026716    0.02585    0.02989
 84.214 1999.000    11  0.176983  0.019203  0.025552    0.01843    0.02282
 84.214 1999.000    12  0.048138  0.025277  0.026716    0.02586    0.02989
 86.211 1998.000    11  0.177165  0.019237  0.025585    0.01849    0.02289
 86.211 1998.000    12  0.048274  0.025243  0.026732    0.02587    0.02990
 88.214 2000.000    11  0.176745  0.019261  0.025630    0.01850    0.02290
 88.214 2000.000    12  0.048196  0.025271  0.026735    0.02587    0.02990
 90.215 1999.000    11  0.176516  0.019308  0.025685    0.01855    0.02295
 90.215 1999.000    12  0.048191  0.025284  0.026726    0.02588    0.02990
 92.196 2002.000    11  0.175339  0.019304  0.025595    0.01852    0.02290
 92.196 2002.000    12  0.048042  0.025261  0.026708    0.02589    0.02991
 94.220 1997.000    11  0.174735  0.019352  0.025652    0.01857    0.02296
 94.220 1997.000    12  0.047967  0.025268  0.026720    0.02589    0.02990
 96.220 2000.000    11  0.173181  0.019405  0.025694    0.01862    0.02302
 96.220 2000.000    12  0.047843  0.025279  0.026730    0.02590    0.02991
 98.220 2000.000    11  0.172628  0.019458  0.025753    0.01868    0.02311
 98.220 2000.000    12  0.047744  0.025295  0.026712    0.02591    0.02991
100.198 1999.000    11  0.172227  0.019462  0.025646    0.01868    0.02310
100.198 1999.000    12  0.047671  0.025298  0.026718    0.02592    0.02992
102.227 2005.000    11  0.171033  0.019526  0.025705    0.01872    0.02315
102.227 2005.000    12  0.047521  0.025298  0.026714    0.02592    0.02991
104.231 1995.000    11  0.170404  0.019624  0.025811    0.01880    0.02327
104.231 1995.000    12  0.047514  0.025305  0.026727    0.02592    0.02991
106.213 2000.000    11  0.170168  0.019638  0.025810    0.01880    0.02326
106.213 2000.000    12  0.047621  0.025325  0.026746    0.02593    0.02992
108.211 2000.000    11  0.169571  0.019643  0.025787    0.01881    0.02327
108.211 2000.000    12  0.047563  0.025329  0.026764    0.02594    0.02992
110.214 1999.000    11  0.168781  0.019658  0.025809    0.01881    0.02327
110.214 1999.000    12  0.047439  0.025336  0.026761    0.02594    0.02992
112.247 1999.000    11  0.168288  0.019819  0.026004    0.01896    0.02347
112.247 1999.000    12  0.047460  0.025319  0.026745    0.02594    0.02991
114.231 2001.000    11  0.167481  0.019874  0.026092    0.01903    0.02357
114.231 2001.000    12  0.047421  0.025329  0.026747    0.02594    0.02992
116.204 1998.000    11  0.167466  0.019865  0.026071    0.01901    0.02354
116.204 1998.000    12  0.047370  0.025327  0.026750    0.02595    0.02993
118.193 1999.000    11  0.167347  0.019809  0.026003    0.01897    0.02348
118.193 1999.000    12  0.047451  0.025315  0.026755    0.02596    0.02993
120.235 2000.000    11  0.168600  0.019889  0.026115    0.01905    0.02359
120.235 2000.000    12  0.047750  0.025310  0.026743    0.02596    0.02992
122.243 1999.000    11  0.167889  0.020022  0.026257    0.01916    0.02375
122.243 1999.000    12  0.047714  0.025307  0.026746    0.02596    0.02992
124.228 2003.000    11  0.167483  0.020075  0.026334    0.01923    0.02382
124.228 2003.000    12  0.047638  0.025313  0.026744    0.02596    0.02992
126.228 1997.000    11  0.167136  0.020134  0.026396    0.01929    0.02389
126.228 1997.000    12  0.047661  0.025319  0.026748    0.02597    0.02993
128.228 1998.000    11  0.166726  0.020200  0.026476    0.01936    0.02398
128.228 1998.000    12  0.047603  0.025316  0.026744    0.02597    0.02993
130.235 2013.000    11  0.166528  0.020217  0.026518    0.01939    0.02401
130.235 2013.000    12  0.047473  0.025322  0.026743    0.02597    0.02993
132.243 1986.000    11  0.166938  0.020314  0.026648    0.01949    0.02413
132.243 1986.000    12  0.047635  0.025326  0.026755    0.02597    0.02993
134.248 2015.000    11  0.166970  0.020348  0.026748    0.01955    0.02422
134.248 2015.000    12  0.047661  0.025334  0.026754    0.02598    0.02992
