  6.021 6016.000   4.000
  8.018 1996.000   5.000
 10.009 1992.000   4.000
 12.020 2009.000   5.000
 14.022 2001.000   5.000
 16.034 2009.000   7.000
 18.023 1989.000   7.000
 20.034 2010.000   7.000
 22.024 1990.000   7.000
 24.026 2002.000   7.000
 26.026 1998.000   8.000
 28.026 1998.000   9.000
 30.023 1998.000   7.000
 32.037 2013.000   8.000
 34.025 1988.000   8.000
 36.049 2023.000   8.000
 38.026 1977.000   8.000
 40.044 2018.000   7.000
 42.025 1980.000   8.000
 44.046 2021.000   7.000
 46.056 2009.000   7.000
 48.025 1968.000   8.000
 50.028 2002.000   9.000
 52.026 1998.000   8.000
 54.015 1991.000   7.000
 56.039 2021.000   9.000
 58.050 2011.000   8.000
 60.035 1986.000   7.000
 62.026 1989.000   8.000
 64.026 2001.000   7.000
 66.039 2010.000   9.000
 68.036 1998.000   7.000
 70.047 2010.000   7.000
 72.026 1978.000   8.000
 74.028 2001.000   8.000
 76.039 2009.000  10.000
 78.023 1986.000   7.000
 80.016 1991.000   8.000
 82.029 2011.000   9.000
 84.020 1990.000  10.000
 86.016 1997.000   7.000
 88.027 2010.000   8.000
 90.025 1998.000   8.000
 92.035 2010.000   7.000
 94.026 1989.000   9.000
 96.027 2000.000   9.000
 98.048 2023.000   7.000
100.025 1976.000   8.000
102.028 2001.000   9.000
104.026 1999.000   9.000
106.046 2021.000   7.000
108.026 1978.000   9.000
110.037 2010.000   9.000
112.031 1992.000  11.000
114.031 2002.000   8.000
116.025 1994.000   7.000
118.042 2015.000  10.000
120.030 1987.000  10.000
122.027 1998.000   9.000
124.027 2000.000   8.000
126.031 2001.000  10.000
128.026 1997.000   9.000
130.030 2002.000  10.000
132.057 2027.000   9.000
134.031 1973.000  10.000
136.030 1998.000  10.000
138.027 1999.000   9.000
140.034 2003.000  12.000
142.044 2009.000  13.000
144.051 2009.000  10.000
146.022 1969.000  11.000
148.020 1999.000   9.000
150.034 2011.000  12.000
152.027 1996.000   9.000
