  0.501   0.00000      44      44
  1.001   0.38776      49      30
  1.501   0.08000      50      46
  2.001   0.00000      50      50
  2.501   0.01961      51      50
  3.000   0.00000      50      50
  3.501   0.00000      49      49
  4.000   0.32000      50      34
  4.501   0.16327      49      41
  5.003   0.25490      51      38
  5.501   0.02000      50      49
  6.001   0.02041      49      48
  6.501   0.03922      51      49
  7.001   0.02041      49      48
  7.502   0.03922      51      49
  8.002   0.02041      49      48
  8.502   0.02000      50      49
  9.000   0.02041      49      48
  9.501   0.03922      51      49
 10.001   0.02041      49      48
 10.501   0.05769      52      49
 11.001   0.02041      49      48
 11.501   0.02000      50      49
 12.001   0.04000      50      48
 12.501   0.02000      50      49
 13.001   0.02041      49      48
 13.501   0.03922      51      49
 14.001   0.04000      50      48
 14.501   0.04082      49      47
 15.004   0.04000      50      48
 15.502   0.04000      50      48
 16.003   0.04000      50      48
 16.500   0.02041      49      48
 17.001   0.03922      51      49
 17.501   0.04000      50      48
 18.001   0.04000      50      48
 18.501   0.04000      50      48
 19.003   0.04000      50      48
 19.504   0.04000      50      48
 20.004   0.06000      50      47
 20.502   0.04000      50      48
 21.001   0.02000      50      49
 21.501   0.04082      49      47
 22.001   0.05882      51      48
 22.501   0.04000      50      48
 23.003   0.04000      50      48
 23.503   0.04000      50      48
 24.003   0.02041      49      48
 24.500   0.05882      51      48
 25.001   0.04000      50      48
 25.501   0.04082      49      47
 26.001   0.04000      50      48
 26.501   0.04000      50      48
 27.003   0.04082      49      47
 27.502   0.05882      51      48
 28.003   0.04000      50      48
 28.501   0.04000      50      48
 29.001   0.04082      49      47
 29.501   0.06000      50      47
 30.001   0.06122      49      46
 30.501   0.07843      51      47
 31.002   0.04000      50      48
 31.503   0.04000      50      48
 32.003   0.04000      50      48
 32.500   0.04082      49      47
 33.001   0.05882      51      48
 33.501   0.02000      50      49
 34.001   0.04082      49      47
 34.501   0.04000      50      48
 35.003   0.04000      50      48
 35.502   0.05882      51      48
 36.002   0.02000      50      49
 36.503   0.04000      50      48
 37.000   0.02041      49      48
 37.501   0.04000      50      48
 38.001   0.04000      50      48
 38.501   0.04000      50      48
 39.003   0.05882      51      48
 39.502   0.04000      50      48
 40.003   0.04000      50      48
 40.501   0.04255      47      45
 41.001   0.02041      49      48
 41.503   0.05882      51      48
 42.001   0.02041      49      48
 42.501   0.04000      50      48
 43.002   0.06000      50      47
 43.503   0.04000      50      48
 44.004   0.04000      50      48
 44.502   0.04082      49      47
 45.003   0.04000      50      48
 45.503   0.06000      50      47
 46.001   0.04082      49      47
 46.501   0.03922      51      49
 47.002   0.04000      50      48
 47.503   0.04082      49      47
 48.001   0.05882      51      48
 48.501   0.02000      50      49
 49.003   0.04000      50      48
 49.500   0.02083      48      47
 50.001   0.05882      51      48
 50.501   0.04000      50      48
 51.002   0.04000      50      48
 51.500   0.04000      50      48
 52.002   0.04000      50      48
 52.502   0.04000      50      48
 53.002   0.04000      50      48
 53.501   0.06000      50      47
 54.001   0.02041      49      48
 54.501   0.04082      49      47
 55.003   0.03922      51      49
 55.502   0.05882      51      48
 56.002   0.02041      49      48
 56.501   0.04000      50      48
 57.001   0.02000      50      49
 57.501   0.04082      49      47
 58.001   0.04000      50      48
 58.501   0.04000      50      48
 59.002   0.04000      50      48
 59.501   0.05882      51      48
 60.002   0.04000      50      48
 60.502   0.04000      50      48
 61.002   0.02041      49      48
 61.501   0.04000      50      48
 62.001   0.04000      50      48
 62.501   0.04000      50      48
 63.002   0.04000      50      48
 63.500   0.04000      50      48
 64.002   0.04000      50      48
 64.504   0.04082      49      47
 65.003   0.04000      50      48
 65.501   0.06000      50      47
 66.001   0.04000      50      48
 66.501   0.06000      50      47
 67.000   0.04000      50      48
 67.503   0.04000      50      48
 68.000   0.02041      49      48
 68.503   0.06000      50      47
 69.000   0.03922      51      49
 69.501   0.04082      49      47
 70.001   0.04000      50      48
 70.501   0.04082      49      47
 71.003   0.05882      51      48
 71.502   0.04000      50      48
 72.003   0.04000      50      48
 72.500   0.04082      49      47
 73.001   0.02000      50      49
 73.501   0.04082      49      47
 74.001   0.05882      51      48
 74.501   0.04000      50      48
 75.000   0.06000      50      47
 75.503   0.04082      49      47
 76.000   0.05882      51      48
 76.504   0.06000      50      47
 77.001   0.02041      49      48
 77.501   0.04000      50      48
 78.001   0.04000      50      48
 78.501   0.04000      50      48
 79.003   0.04000      50      48
 79.501   0.04000      50      48
 80.004   0.04000      50      48
 80.503   0.04082      49      47
 81.004   0.04000      50      48
 81.501   0.06000      50      47
 82.001   0.04082      49      47
 82.501   0.03922      51      49
 83.000   0.04000      50      48
 83.503   0.04082      49      47
 84.001   0.05882      51      48
 84.503   0.04082      49      47
 85.000   0.02041      49      48
 85.501   0.05882      51      48
 86.001   0.02041      49      48
 86.501   0.06000      50      47
 87.001   0.05882      51      48
 87.503   0.04082      49      47
 88.002   0.04000      50      48
 88.502   0.07843      51      47
 89.001   0.02041      49      48
 89.501   0.06000      50      47
 90.001   0.06000      50      47
 90.501   0.04082      49      47
 91.000   0.04000      50      48
 91.503   0.05882      51      48
 92.001   0.04000      50      48
 92.503   0.04082      49      47
 93.000   0.04000      50      48
 93.501   0.05882      51      48
 94.001   0.06000      50      47
 94.501   0.04000      50      48
 95.000   0.04000      50      48
 95.503   0.04000      50      48
 96.000   0.02041      49      48
 96.501   0.07843      51      47
 97.001   0.04000      50      48
 97.501   0.04082      49      47
 98.001   0.04000      50      48
 98.501   0.04082      49      47
 99.003   0.03922      51      49
 99.501   0.04082      49      47
100.002   0.04000      50      48
100.501   0.14583      48      41
101.001   0.04000      50      48
101.501   0.04000      50      48
102.001   0.04000      50      48
102.501   0.04000      50      48
103.000   0.04082      49      47
103.502   0.04000      50      48
104.002   0.04000      50      48
104.502   0.04000      50      48
105.001   0.04000      50      48
105.501   0.04082      49      47
106.001   0.04000      50      48
106.501   0.05882      51      48
107.003   0.06000      50      47
107.502   0.04000      50      48
108.002   0.02041      49      48
108.503   0.04000      50      48
109.001   0.04000      50      48
109.501   0.04000      50      48
110.001   0.04000      50      48
110.501   0.06000      50      47
111.003   0.04000      50      48
111.502   0.06000      50      47
112.004   0.04000      50      48
112.503   0.04000      50      48
113.004   0.04082      49      47
113.501   0.05882      51      48
114.001   0.04000      50      48
114.501   0.06000      50      47
115.003   0.04082      49      47
115.504   0.06000      50      47
116.001   0.04082      49      47
116.503   0.07692      52      48
117.001   0.02083      48      47
117.501   0.07843      51      47
118.001   0.06122      49      46
118.501   0.06000      50      47
119.000   0.04000      50      48
119.503   0.05882      51      48
120.002   0.04082      49      47
120.503   0.06000      50      47
121.001   0.02041      49      48
121.501   0.06000      50      47
122.001   0.05882      51      48
122.501   0.04000      50      48
123.002   0.04000      50      48
123.503   0.06000      50      47
124.003   0.04000      50      48
124.503   0.04082      49      47
125.001   0.04000      50      48
125.501   0.04082      49      47
126.001   0.04000      50      48
126.501   0.06000      50      47
127.003   0.04000      50      48
127.501   0.05882      51      48
128.003   0.06000      50      47
128.503   0.02041      49      48
129.002   0.04000      50      48
129.501   0.06000      50      47
130.001   0.04000      50      48
130.501   0.06122      49      46
131.002   0.06000      50      47
131.503   0.07692      52      48
132.004   0.04082      49      47
132.502   0.04082      49      47
133.001   0.04000      50      48
133.501   0.04000      50      48
134.001   0.05882      51      48
134.501   0.06000      50      47
135.002   0.04082      49      47
135.502   0.04000      50      48
136.003   0.06000      50      47
136.503   0.05882      51      48
137.000   0.04082      49      47
137.501   0.06000      50      47
138.001   0.02041      49      48
138.501   0.04000      50      48
139.003   0.04000      50      48
139.501   0.04000      50      48
140.002   0.07843      51      47
140.501   0.02041      49      48
141.001   0.04082      49      47
141.501   0.05882      51      48
142.001   0.06000      50      47
142.501   0.04000      50      48
143.000   0.04000      50      48
143.504   0.06000      50      47
144.000   0.02041      49      48
144.503   0.05882      51      48
145.000   0.02041      49      48
145.501   0.04000      50      48
146.001   0.04000      50      48
146.501   0.04000      50      48
147.003   0.04000      50      48
147.503   0.06000      50      47
148.002   0.04000      50      48
148.501   0.04000      50      48
149.003   0.04000      50      48
149.500   0.02041      49      48
150.001   0.04000      50      48
150.501   0.06000      50      47
151.003   0.04000      50      48
151.502   0.03922      51      49
152.003   0.04082      49      47
152.500   0.04000      50      48
153.003   0.04000      50      48
153.501   0.04000      50      48
154.001   0.04082      49      47
154.501   0.07843      51      47
155.002   0.04082      49      47
155.501   0.04000      50      48
156.002   0.04000      50      48
156.503   0.07843      51      47
157.001   0.02041      49      48
157.501   0.06000      50      47
158.001   0.04000      50      48
158.501   0.02041      49      48
159.001   0.04000      50      48
159.502   0.05882      51      48
160.000   0.02041      49      48
160.501   0.06000      50      47
161.001   0.03922      51      49
161.501   0.04000      50      48
162.001   0.04082      49      47
162.501   0.02041      49      48
163.003   0.04000      50      48
163.503   0.07692      52      48
164.002   0.02041      49      48
164.502   0.02041      49      48
165.000   0.03922      51      49
165.501   0.04082      49      47
166.001   0.04000      50      48
166.501   0.06000      50      47
167.004   0.04000      50      48
167.502   0.04000      50      48
168.003   0.06000      50      47
168.502   0.04000      50      48
169.001   0.04000      50      48
169.502   0.04000      50      48
170.001   0.04000      50      48
170.501   0.04082      49      47
171.003   0.04000      50      48
171.502   0.05882      51      48
172.001   0.02041      49      48
172.503   0.04000      50      48
173.000   0.02000      50      49
173.501   0.06000      50      47
174.001   0.04000      50      48
174.501   0.06000      50      47
175.002   0.04000      50      48
175.501   0.08000      50      46
176.003   0.04000      50      48
176.501   0.04082      49      47
177.001   0.02000      50      49
177.501   0.04000      50      48
178.001   0.04000      50      48
178.501   0.05882      51      48
179.000   0.04000      50      48
179.501   0.04000      50      48
180.003   0.04082      49      47
180.502   0.02041      49      48
181.003   0.04000      50      48
181.501   0.05882      51      48
182.001   0.06000      50      47
182.501   0.06000      50      47
183.003   0.04000      50      48
183.500   0.04000      50      48
184.003   0.04082      49      47
184.502   0.04000      50      48
185.001   0.04082      49      47
185.501   0.05882      51      48
186.001   0.04000      50      48
186.501   0.06000      50      47
187.000   0.04082      49      47
187.502   0.07843      51      47
188.004   0.04082      49      47
188.503   0.04000      50      48
189.002   0.04082      49      47
189.501   0.07692      52      48
190.001   0.04082      49      47
190.501   0.04000      50      48
191.003   0.06000      50      47
191.502   0.04000      50      48
192.003   0.06000      50      47
192.503   0.04000      50      48
193.003   0.04082      49      47
193.500   0.04000      50      48
194.001   0.04000      50      48
194.501   0.04082      49      47
195.003   0.04000      50      48
195.504   0.07843      51      47
196.003   0.06000      50      47
196.501   0.04000      50      48
197.001   0.02041      49      48
197.501   0.06000      50      47
198.001   0.04000      50      48
198.501   0.06000      50      47
199.003   0.05882      51      48
199.501   0.04082      49      47
200.004   0.04000      50      48
200.503   0.07843      51      47
201.000   0.02041      49      48
201.501   0.04000      50      48
202.001   0.04000      50      48
202.501   0.06000      50      47
203.003   0.04000      50      48
203.502   0.04082      49      47
204.003   0.05882      51      48
204.501   0.04000      50      48
205.003   0.04082      49      47
205.501   0.06000      50      47
206.001   0.04000      50      48
206.501   0.06000      50      47
207.003   0.04000      50      48
207.502   0.06000      50      47
208.004   0.04000      50      48
208.502   0.04082      49      47
209.002   0.04000      50      48
209.501   0.04000      50      48
210.001   0.04000      50      48
210.501   0.06000      50      47
211.002   0.06000      50      47
211.502   0.06000      50      47
212.004   0.04000      50      48
212.502   0.04082      49      47
213.003   0.05882      51      48
213.501   0.04000      50      48
214.001   0.04000      50      48
214.501   0.04000      50      48
215.003   0.04000      50      48
215.502   0.04000      50      48
216.001   0.04082      49      47
216.501   0.05882      51      48
217.001   0.04082      49      47
217.501   0.04000      50      48
218.001   0.04000      50      48
218.501   0.04000      50      48
219.000   0.06000      50      47
219.503   0.04082      49      47
220.004   0.04000      50      48
220.503   0.07843      51      47
221.000   0.02041      49      48
221.501   0.04000      50      48
222.001   0.04000      50      48
222.501   0.04082      49      47
223.003   0.06000      50      47
223.502   0.06000      50      47
224.002   0.04000      50      48
224.502   0.05882      51      48
225.003   0.04082      49      47
225.501   0.04000      50      48
226.001   0.04000      50      48
226.501   0.06000      50      47
227.003   0.04000      50      48
227.501   0.04082      49      47
228.002   0.03922      51      49
228.503   0.04082      49      47
229.002   0.04000      50      48
229.501   0.03922      51      49
230.001   0.02041      49      48
230.501   0.04000      50      48
231.004   0.04000      50      48
231.501   0.06000      50      47
232.002   0.04000      50      48
232.502   0.04000      50      48
233.001   0.04082      49      47
233.502   0.04000      50      48
234.001   0.04000      50      48
234.501   0.05882      51      48
235.004   0.04000      50      48
235.503   0.04000      50      48
236.002   0.04000      50      48
236.503   0.04082      49      47
237.000   0.04082      49      47
237.501   0.05882      51      48
238.001   0.05882      51      48
238.501   0.04082      49      47
239.003   0.04082      49      47
239.503   0.05882      51      48
240.000   0.05882      51      48
240.501   0.04082      49      47
241.001   0.02041      49      48
241.501   0.05882      51      48
242.001   0.06000      50      47
242.501   0.06000      50      47
243.004   0.06000      50      47
243.501   0.04000      50      48
244.003   0.04082      49      47
244.502   0.07843      51      47
245.003   0.04000      50      48
245.503   0.06122      49      46
246.001   0.04000      50      48
246.501   0.09804      51      46
247.003   0.04082      49      47
247.504   0.06122      49      46
248.001   0.05882      51      48
248.503   0.06000      50      47
249.004   0.04000      50      48
249.504   0.04082      49      47
250.001   0.05882      51      48
250.501   0.04082      49      47
251.004   0.05882      51      48
251.504   0.04082      49      47
252.002   0.05882      51      48
252.504   0.06000      50      47
253.003   0.04082      49      47
253.501   0.04000      50      48
254.001   0.04000      50      48
254.501   0.06000      50      47
255.001   0.06000      50      47
255.503   0.04000      50      48
256.004   0.04000      50      48
256.503   0.04082      49      47
257.001   0.04000      50      48
257.501   0.04000      50      48
258.002   0.05882      51      48
258.501   0.04082      49      47
259.002   0.04000      50      48
259.502   0.04000      50      48
260.003   0.04082      49      47
260.503   0.06000      50      47
261.001   0.08000      50      46
261.501   0.04000      50      48
262.001   0.06000      50      47
262.501   0.04000      50      48
263.002   0.04082      49      47
263.503   0.05882      51      48
264.004   0.04000      50      48
264.503   0.04082      49      47
265.002   0.04000      50      48
265.501   0.04082      49      47
266.001   0.04000      50      48
266.501   0.05882      51      48
267.003   0.05882      51      48
267.502   0.04082      49      47
268.003   0.04000      50      48
268.503   0.04000      50      48
269.000   0.06000      50      47
269.501   0.04082      49      47
270.004   0.05882      51      48
270.501   0.02083      48      47
271.003   0.07692      52      48
271.502   0.04082      49      47
272.002   0.06000      50      47
272.503   0.04000      50      48
273.000   0.02041      49      48
273.501   0.03922      51      49
274.001   0.02041      49      48
274.501   0.06000      50      47
275.002   0.03922      51      49
275.504   0.04000      50      48
276.000   0.04167      48      46
276.501   0.05882      51      48
277.001   0.04000      50      48
277.501   0.04082      49      47
278.001   0.04000      50      48
278.501   0.04000      50      48
279.002   0.05882      51      48
279.502   0.04000      50      48
280.003   0.04082      49      47
280.503   0.04000      50      48
281.000   0.04000      50      48
281.502   0.04000      50      48
282.001   0.04000      50      48
282.501   0.06000      50      47
283.003   0.04000      50      48
283.502   0.04082      49      47
284.001   0.04000      50      48
284.503   0.05882      51      48
285.001   0.06000      50      47
285.501   0.04000      50      48
286.001   0.04082      49      47
286.501   0.04000      50      48
287.001   0.04000      50      48
287.502   0.06000      50      47
288.003   0.02000      50      49
288.501   0.04082      49      47
289.001   0.03922      51      49
289.501   0.04082      49      47
290.001   0.05882      51      48
290.501   0.04082      49      47
291.003   0.04000      50      48
291.505   0.04000      50      48
292.002   0.04000      50      48
292.503   0.04082      49      47
293.001   0.05882      51      48
293.501   0.02000      50      49
294.001   0.04000      50      48
294.501   0.06000      50      47
295.002   0.04000      50      48
295.502   0.04000      50      48
296.001   0.02041      49      48
296.502   0.05882      51      48
297.000   0.02041      49      48
297.501   0.04082      49      47
298.001   0.03922      51      49
298.501   0.05882      51      48
299.003   0.04082      49      47
299.502   0.03922      51      49
300.003   0.04082      49      47
300.500   0.04000      50      48
301.002   0.04000      50      48
301.503   0.04000      50      48
302.001   0.05882      51      48
302.501   0.04082      49      47
303.004   0.05882      51      48
303.503   0.04082      49      47
304.004   0.34694      49      32
