  0.501   0.00000      35      35
  1.001   0.40000      50      30
  1.500   0.18000      50      41
  2.001   0.00000      50      50
  2.501   0.02041      49      48
  3.001   0.10000      50      45
  3.501   0.00000      50      50
  4.001   0.26531      49      36
  4.501   0.24000      50      38
  5.001   0.12000      50      44
  5.500   0.00000      50      50
  6.001   0.00000      50      50
  6.501   0.03922      51      49
  7.001   0.10204      49      44
  7.501   0.00000      50      50
  8.001   0.04000      50      48
  8.501   0.00000      50      50
  9.001   0.08163      49      45
  9.500   0.04000      50      48
 10.000   0.02000      50      49
 10.501   0.08000      50      46
 11.001   0.13725      51      44
 11.501   0.02000      50      49
 12.001   0.00000      49      49
 12.501   0.02000      50      49
 13.001   0.08163      49      45
 13.500   0.02000      50      49
 14.001   0.04000      50      48
 14.501   0.04000      50      48
 15.001   0.10000      50      45
 15.501   0.04082      49      47
 16.001   0.03922      51      49
 16.501   0.02000      50      49
 17.001   0.10204      49      44
 17.500   0.01961      51      50
 18.001   0.00000      50      50
 18.501   0.04082      49      47
 19.001   0.10000      50      45
 19.501   0.04000      50      48
 20.001   0.04000      50      48
 20.501   0.00000      49      49
 21.001   0.10000      50      45
 21.500   0.05882      51      48
 22.000   0.02000      50      49
 22.501   0.02000      50      49
 23.001   0.12245      49      43
 23.501   0.02000      50      49
 24.001   0.00000      50      50
 24.501   0.08000      50      46
 25.001   0.10204      49      44
 25.500   0.07843      51      47
 26.001   0.04082      49      47
 26.501   0.04000      50      48
 27.001   0.10000      50      45
 27.501   0.06122      49      46
 28.001   0.03922      51      49
 28.501   0.04000      50      48
 29.001   0.10000      50      45
 29.500   0.04000      50      48
 30.001   0.02000      50      49
 30.501   0.04082      49      47
 31.001   0.14000      50      43
 31.501   0.04000      50      48
 32.001   0.08000      50      46
 32.501   0.08000      50      46
 33.001   0.08163      49      45
 33.500   0.10204      49      44
 34.001   0.07692      52      48
 34.501   0.06000      50      47
 35.001   0.16327      49      41
 35.501   0.08000      50      46
 36.001   0.08000      50      46
 36.501   0.10000      50      45
 37.001   0.10204      49      44
 37.500   0.06000      50      47
 38.001   0.06000      50      47
 38.501   0.04082      49      47
 39.001   0.13725      51      44
 39.501   0.06122      49      46
 40.001   0.02000      50      49
 40.501   0.04000      50      48
 41.001   0.10204      49      44
 41.500   0.07692      52      48
 42.001   0.04000      50      48
 42.501   0.08000      50      46
 43.001   0.12245      49      43
 43.501   0.02000      50      49
 44.001   0.06000      50      47
 44.501   0.06000      50      47
 45.001   0.10000      50      45
 45.500   0.08000      50      46
 46.001   0.02000      50      49
 46.501   0.04000      50      48
 47.001   0.18000      50      41
 47.501   0.04082      49      47
 48.001   0.02000      50      49
 48.501   0.08163      49      45
 49.001   0.11765      51      45
 49.500   0.06122      49      46
 50.001   0.08000      50      46
 50.501   0.06000      50      47
 51.001   0.15686      51      43
 51.501   0.08163      49      45
 52.001   0.05882      51      48
 52.501   0.02041      49      48
 53.001   0.14000      50      43
 53.500   0.04082      49      47
 54.001   0.04000      50      48
 54.501   0.10000      50      45
 55.001   0.18000      50      41
 55.501   0.04082      49      47
 56.001   0.08000      50      46
 56.501   0.05882      51      48
 57.001   0.08163      49      45
 57.500   0.08000      50      46
 58.000   0.04082      49      47
 58.501   0.07843      51      47
 59.001   0.16000      50      42
 59.501   0.06000      50      47
 60.001   0.02041      49      48
 60.501   0.06000      50      47
 61.001   0.08163      49      45
 61.500   0.04000      50      48
 62.001   0.06000      50      47
 62.501   0.06000      50      47
 63.001   0.14000      50      43
 63.501   0.08163      49      45
 64.001   0.05882      51      48
 64.501   0.06000      50      47
 65.001   0.18000      50      41
 65.500   0.04000      50      48
 66.001   0.04082      49      47
 66.501   0.08000      50      46
 67.001   0.14000      50      43
 67.501   0.03922      51      49
 68.001   0.08000      50      46
 68.501   0.08163      49      45
 69.001   0.08000      50      46
 69.500   0.06122      49      46
 70.001   0.04082      49      47
 70.501   0.06000      50      47
 71.001   0.16000      50      42
 71.501   0.02000      50      49
 72.001   0.04000      50      48
 72.501   0.08000      50      46
 73.001   0.10000      50      45
 73.500   0.06000      50      47
 74.001   0.04082      49      47
 74.501   0.05882      51      48
 75.001   0.10204      49      44
 75.501   0.06000      50      47
 76.001   0.05882      51      48
 76.501   0.04000      50      48
 77.001   0.10204      49      44
 77.500   0.02000      50      49
 78.001   0.00000      50      50
 78.501   0.08000      50      46
 79.001   0.12245      49      43
 79.501   0.02000      50      49
 80.001   0.06000      50      47
 80.501   0.04000      50      48
 81.001   0.08000      50      46
 81.500   0.06000      50      47
 82.001   0.02041      49      48
 82.501   0.03922      51      49
 83.001   0.16000      50      42
 83.501   0.04082      49      47
 84.001   0.04000      50      48
 84.501   0.06000      50      47
 85.001   0.06122      49      46
 85.500   0.03922      51      49
 86.001   0.06000      50      47
 86.501   0.04000      50      48
 87.001   0.12245      49      43
 87.501   0.10000      50      45
 88.001   0.00000      50      50
 88.501   0.05882      51      48
 89.001   0.10204      49      44
 89.500   0.02000      50      49
 90.001   0.02000      50      49
 90.501   0.04000      50      48
 91.001   0.12000      50      44
 91.501   0.04082      49      47
 92.001   0.04000      50      48
 92.501   0.04000      50      48
 93.001   0.10000      50      45
 93.500   0.04000      50      48
 94.001   0.00000      49      49
 94.501   0.03922      51      49
 95.001   0.14286      49      42
 95.501   0.03922      51      49
 96.001   0.04082      49      47
 96.501   0.04082      49      47
 97.001   0.12000      50      44
 97.500   0.02000      50      49
 98.001   0.06000      50      47
 98.501   0.04000      50      48
 99.001   0.10000      50      45
 99.501   0.04082      49      47
100.001   0.03922      51      49
100.501   0.02000      50      49
101.001   0.10000      50      45
101.500   0.02041      49      48
102.001   0.02000      50      49
102.501   0.06000      50      47
103.001   0.12245      49      43
103.501   0.04000      50      48
104.001   0.06000      50      47
104.501   0.04000      50      48
105.001   0.08163      49      45
105.500   0.07843      51      47
106.001   0.02000      50      49
106.501   0.06000      50      47
107.001   0.12245      49      43
107.501   0.04000      50      48
108.001   0.00000      49      49
108.501   0.04000      50      48
109.001   0.10000      50      45
109.500   0.02000      50      49
110.001   0.09804      51      46
110.501   0.02000      50      49
111.001   0.10204      49      44
111.501   0.06000      50      47
112.001   0.02000      50      49
112.501   0.02000      50      49
113.001   0.11765      51      45
113.500   0.00000      49      49
114.001   0.02000      50      49
114.501   0.10000      50      45
115.001   0.10204      49      44
115.501   0.02000      50      49
116.001   0.06000      50      47
116.501   0.04000      50      48
117.001   0.10000      50      45
117.500   0.08000      50      46
118.001   0.02041      49      48
118.501   0.10000      50      45
119.001   0.18367      49      40
119.501   0.02000      50      49
120.001   0.01961      51      50
120.501   0.06122      49      46
121.001   0.08000      50      46
121.501   0.02000      50      49
122.001   0.06000      50      47
122.501   0.04082      49      47
123.001   0.11765      51      45
123.501   0.06250      48      45
124.001   0.02000      50      49
124.501   0.04000      50      48
125.001   0.12000      50      44
125.501   0.02000      50      49
126.001   0.04000      50      48
126.501   0.04082      49      47
127.001   0.13725      51      44
127.501   0.04000      50      48
128.001   0.04082      49      47
128.501   0.04000      50      48
129.001   0.08000      50      46
129.501   0.08163      49      45
130.001   0.04000      50      48
130.501   0.04000      50      48
131.001   0.18000      50      41
131.501   0.04000      50      48
132.001   0.00000      50      50
132.501   0.07843      51      47
133.001   0.10204      49      44
133.501   0.04000      50      48
134.001   0.10000      50      45
134.501   0.04082      49      47
135.001   0.14000      50      43
135.501   0.06000      50      47
136.001   0.02000      50      49
136.501   0.04000      50      48
137.001   0.12245      49      43
137.500   0.03922      51      49
138.001   0.02000      50      49
138.501   0.06000      50      47
139.001   0.12245      49      43
139.501   0.02000      50      49
140.001   0.06122      49      46
140.501   0.03922      51      49
141.001   0.12000      50      44
141.501   0.08000      50      46
142.001   0.02000      50      49
142.501   0.02041      49      48
143.001   0.16000      50      42
143.501   0.06000      50      47
144.001   0.02000      50      49
144.501   0.10000      50      45
145.001   0.11765      51      45
145.501   0.04082      49      47
146.001   0.08000      50      46
146.501   0.04000      50      48
147.001   0.12000      50      44
147.501   0.08000      50      46
148.001   0.02041      49      48
148.501   0.06000      50      47
149.001   0.14000      50      43
149.501   0.04000      50      48
150.001   0.04000      50      48
150.501   0.08000      50      46
151.001   0.14000      50      43
151.501   0.04000      50      48
152.001   0.04082      49      47
152.501   0.04000      50      48
153.001   0.06122      49      46
153.501   0.11765      51      45
154.001   0.06000      50      47
154.501   0.00000      50      50
155.001   0.08000      50      46
155.501   0.00000      50      50
156.001   0.00000      50      50
156.501   0.00000      50      50
157.001   0.06000      50      47
157.500   0.00000      49      49
158.001   0.00000      50      50
158.501   0.00000      50      50
159.001   0.08163      49      45
159.501   0.00000      50      50
160.001   0.00000      50      50
160.501   0.00000      50      50
161.001   0.06000      50      47
161.500   0.00000      50      50
162.001   0.00000      50      50
162.501   0.00000      50      50
163.001   0.08000      50      46
163.501   0.00000      50      50
164.001   0.00000      50      50
164.501   0.00000      50      50
165.001   0.04082      49      47
165.500   0.00000      50      50
166.001   0.00000      50      50
166.501   0.00000      50      50
167.001   0.08000      50      46
167.501   0.00000      50      50
168.001   0.00000      50      50
168.501   0.00000      49      49
169.001   0.07692      52      48
169.500   0.00000      50      50
170.001   0.00000      50      50
170.501   0.00000      50      50
171.001   0.06122      49      46
171.501   0.00000      50      50
172.001   0.00000      50      50
172.501   0.00000      50      50
173.001   0.06000      50      47
173.500   0.00000      50      50
174.001   0.26000      50      37
