  6.011 6004.000   7.000
  8.021 2010.000   6.000
 10.022 1999.000   7.000
 12.014 1990.000   9.000
 14.014 1999.000   9.000
 16.015 2000.000   9.000
 18.014 1999.000   9.000
 20.014 2000.000   9.000
 22.014 1999.000   9.000
 24.015 2000.000  10.000
 26.014 1999.000   9.000
 28.015 2000.000  10.000
 30.014 1999.000  10.000
 32.015 2000.000  10.000
 34.014 1999.000   9.000
 36.024 2010.000   9.000
 38.024 1999.000   9.000
 40.024 2000.000   9.000
 42.024 1999.000   9.000
 44.024 2000.000   9.000
 46.024 1999.000   9.000
 48.024 2000.000   9.000
 50.024 1999.000   9.000
 52.024 2000.000   9.000
 54.024 1999.000   9.000
 56.024 2000.000   9.000
 58.024 1999.000   9.000
 60.024 2000.000   9.000
 62.024 1999.000  10.000
 64.024 2000.000   9.000
 66.024 1999.000   9.000
 68.025 2000.000  10.000
 70.024 1999.000  10.000
 72.025 2000.000  10.000
 74.024 1999.000  10.000
 76.025 2000.000  10.000
 78.024 1999.000   9.000
 80.024 2000.000   9.000
 82.024 1999.000   9.000
 84.025 2000.000  10.000
 86.025 1999.000  11.000
 88.026 2000.000  11.000
 90.025 1999.000  10.000
 92.025 2000.000  10.000
 94.024 1999.000  10.000
 96.025 2000.000  10.000
 98.024 1999.000  10.000
100.025 2000.000  10.000
102.024 1999.000  10.000
104.025 2000.000  10.000
106.024 1999.000  10.000
108.025 2000.000  10.000
110.024 1999.000  10.000
112.025 2000.000  10.000
114.024 1999.000  10.000
116.025 2000.000  10.000
118.024 1999.000  10.000
120.025 2000.000  10.000
122.024 1999.000  10.000
124.025 2000.000  10.000
126.024 1999.000  10.000
128.025 2000.000  10.000
130.024 1999.000  10.000
132.015 1990.000  10.000
134.014 1999.000   9.000
136.015 2000.000  10.000
138.014 1999.000  10.000
140.015 2000.000  10.000
142.014 1999.000  10.000
144.014 2000.000   9.000
146.014 1999.000  10.000
148.015 2000.000  10.000
150.014 1999.000  10.000
152.015 2000.000  10.000
154.014 1999.000   9.000
156.015 2000.000  10.000
158.014 1999.000  10.000
160.015 2000.000  10.000
162.014 1999.000  10.000
164.014 2000.000   9.000
166.014 1999.000  10.000
168.014 2000.000   9.000
170.014 1999.000  10.000
172.014 2000.000   9.000
174.019 1999.000  15.000
