  4.215 4212.000   3.000
  4.305   91.000   1.000
  5.005  698.000   3.000
  6.004  999.000   2.000
  7.005  999.000   3.000
  8.005 1000.000   3.000
  9.017 1011.000   3.000
 10.038 1020.000   3.000
 11.037  998.000   4.000
 12.006  969.000   4.000
 13.009 1002.000   4.000
 14.007  997.000   5.000
 15.008 1000.000   5.000
 16.019 1011.000   5.000
 17.007  988.000   4.000
 18.008 1000.000   5.000
 19.007  999.000   5.000
 20.020 1012.000   5.000
 21.007  988.000   5.000
 22.008  999.000   5.000
 23.008  999.000   6.000
 24.011 1002.000   6.000
 25.009  999.000   5.000
 26.009  998.000   6.000
 27.031 1022.000   6.000
 28.009  977.000   6.000
 29.040 1032.000   5.000
 30.008  967.000   5.000
 31.008  998.000   6.000
 32.023 1014.000   7.000
 33.009  986.000   6.000
 34.008  999.000   6.000
 35.041 1032.000   5.000
 36.034  992.000   6.000
 37.008  974.000   6.000
 38.008 1000.000   6.000
 39.010 1002.000   5.000
 40.030 1020.000   5.000
 41.010  979.000   5.000
 42.009  997.000   6.000
 43.029 1020.000   5.000
 44.029 1001.000   4.000
 45.009  977.000   6.000
 46.039 1031.000   4.000
 47.031  990.000   6.000
 48.007  977.000   4.000
 49.008  999.000   5.000
 50.009 1000.000   6.000
 51.008  998.000   6.000
 52.008 1001.000   5.000
 53.008  999.000   5.000
 54.008 1000.000   4.000
 55.007  998.000   4.000
 56.023 1013.000   7.000
 57.010  987.000   6.000
 58.033 1022.000   6.000
 59.031  999.000   6.000
 60.020  989.000   5.000
 61.008  987.000   5.000
 62.010 1000.000   6.000
 63.039 1030.000   5.000
 64.010  969.000   6.000
 65.023 1012.000   7.000
 66.021  999.000   5.000
 67.007  986.000   5.000
 68.021 1013.000   5.000
 69.009  987.000   6.000
 70.030 1022.000   5.000
 71.008  977.000   6.000
 72.011 1002.000   6.000
 73.008  997.000   6.000
 74.011 1002.000   5.000
 75.011  999.000   6.000
 76.021 1009.000   5.000
 77.007  987.000   5.000
 78.006  999.000   4.000
 79.008 1000.000   6.000
 80.041 1033.000   5.000
 81.009  967.000   6.000
 82.009 1000.000   5.000
 83.040 1031.000   5.000
 84.010  968.000   7.000
 85.031 1022.000   6.000
 86.008  976.000   5.000
 87.032 1023.000   6.000
 88.011  979.000   6.000
 89.010  999.000   5.000
 90.009  998.000   6.000
 91.008  999.000   5.000
 92.021 1012.000   6.000
 93.009  988.000   6.000
 94.008 1000.000   5.000
 95.008  999.000   6.000
 96.008 1000.000   6.000
 97.007  999.000   5.000
 98.032 1023.000   6.000
 99.008  976.000   6.000
100.009 1001.000   5.000
101.009  999.000   6.000
102.008  998.000   6.000
103.008  999.000   6.000
104.009 1001.000   6.000
105.009  998.000   6.000
106.030 1022.000   5.000
107.008  976.000   6.000
108.008 1000.000   5.000
109.008 1000.000   6.000
110.020 1010.000   7.000
111.008  988.000   6.000
112.010 1001.000   6.000
113.010  999.000   7.000
114.013 1004.000   5.000
115.007  994.000   5.000
116.009 1001.000   5.000
117.020 1011.000   5.000
118.024 1001.000   8.000
119.008  985.000   6.000
120.010 1000.000   7.000
121.009 1000.000   6.000
122.008  998.000   6.000
123.009 1000.000   6.000
124.009 1000.000   6.000
125.009  999.000   7.000
126.010 1000.000   7.000
127.008  998.000   6.000
128.009 1001.000   6.000
129.040 1031.000   6.000
130.010  968.000   7.000
131.009  999.000   7.000
132.039 1031.000   6.000
133.032  991.000   7.000
134.011  979.000   6.000
135.011  998.000   8.000
136.011  999.000   8.000
137.010  999.000   7.000
138.008  999.000   5.000
139.041 1031.000   7.000
140.014  971.000   8.000
141.012  997.000   9.000
142.021 1010.000   7.000
143.009  988.000   7.000
144.033 1022.000   8.000
145.010  977.000   7.000
146.010 1001.000   6.000
147.041 1030.000   6.000
148.042 1001.000   7.000
149.009  967.000   6.000
150.011 1000.000   8.000
151.008  998.000   7.000
152.009 1000.000   6.000
153.043 1032.000   8.000
