  0.500   0.28889      45      32
  1.001   0.32000      50      34
  1.501   0.02000      50      49
  2.001   0.02000      50      49
  2.501   0.06000      50      47
  3.001   0.00000      50      50
  3.501   0.12000      50      44
  4.000   0.36735      49      31
  4.501   0.17391      46      38
  5.001   0.00000      50      50
  5.501   0.00000      50      50
  6.001   0.00000      50      50
  6.501   0.06122      49      46
  7.001   0.00000      50      50
  7.501   0.01961      51      50
  8.000   0.00000      49      49
  8.501   0.10000      50      45
  9.001   0.02000      50      49
  9.501   0.02041      49      48
 10.001   0.08000      50      46
 10.501   0.08000      50      46
 11.001   0.02000      50      49
 11.501   0.00000      49      49
 12.001   0.01961      51      50
 12.501   0.10204      49      44
 13.001   0.01961      51      50
 13.501   0.00000      50      50
 14.001   0.06250      48      45
 14.501   0.06122      49      46
 15.001   0.02000      50      49
 15.501   0.02041      49      48
 16.000   0.03922      51      49
 16.501   0.10000      50      45
 17.001   0.00000      49      49
 17.501   0.01961      51      50
 18.001   0.00000      50      50
 18.501   0.08163      49      45
 19.001   0.03922      51      49
 19.501   0.00000      49      49
 20.001   0.02041      49      48
 20.501   0.10000      50      45
 21.001   0.03922      51      49
 21.501   0.02000      50      49
 22.001   0.02000      50      49
 22.501   0.06000      50      47
 23.001   0.02000      50      49
 23.501   0.04082      49      47
 24.000   0.04000      50      48
 24.501   0.16000      50      42
 25.001   0.08000      50      46
 25.501   0.02000      50      49
 26.001   0.04167      48      46
 26.501   0.06383      47      44
 27.001   0.04000      50      48
 27.501   0.02000      50      49
 28.000   0.04000      50      48
 28.501   0.08163      49      45
 29.001   0.05882      51      48
 29.501   0.02041      49      48
 30.001   0.02000      50      49
 30.501   0.10000      50      45
 31.001   0.02041      49      48
 31.501   0.06000      50      47
 32.000   0.08000      50      46
 32.501   0.13462      52      45
 33.001   0.06250      48      45
 33.501   0.06000      50      47
 34.001   0.06000      50      47
 34.501   0.10000      50      45
 35.001   0.06383      47      44
 35.501   0.08000      50      46
 36.000   0.08000      50      46
 36.501   0.14000      50      43
 37.001   0.06122      49      46
 37.501   0.04000      50      48
 38.001   0.04000      50      48
 38.501   0.11765      51      45
 39.001   0.04082      49      47
 39.501   0.02000      50      49
 40.001   0.04000      50      48
 40.501   0.10000      50      45
 41.001   0.04082      49      47
 41.501   0.04082      49      47
 42.001   0.04000      50      48
 42.501   0.08000      50      46
 43.001   0.05882      51      48
 43.501   0.02000      50      49
 44.001   0.06000      50      47
 44.501   0.12000      50      44
 45.001   0.04082      49      47
 45.501   0.02000      50      49
 46.001   0.04000      50      48
 46.501   0.10204      49      44
 47.001   0.04000      50      48
 47.501   0.04000      50      48
 48.001   0.04082      49      47
 48.501   0.15385      52      44
 49.001   0.06122      49      46
 49.501   0.04000      50      48
 50.001   0.06250      48      45
 50.501   0.10000      50      45
 51.001   0.06000      50      47
 51.501   0.06000      50      47
 52.001   0.04000      50      48
 52.501   0.14000      50      43
 53.001   0.04000      50      48
 53.501   0.04000      50      48
 54.001   0.06122      49      46
 54.501   0.12000      50      44
 55.001   0.06000      50      47
 55.501   0.03922      51      49
 56.001   0.06000      50      47
 56.501   0.10204      49      44
 57.001   0.07843      51      47
 57.501   0.04000      50      48
 58.001   0.06122      49      46
 58.501   0.09804      51      46
 59.001   0.04082      49      47
 59.501   0.04000      50      48
 60.001   0.02041      49      48
 60.501   0.12000      50      44
 61.001   0.06000      50      47
 61.501   0.02000      50      49
 62.001   0.06000      50      47
 62.501   0.12245      49      43
 63.001   0.05882      51      48
 63.501   0.04167      48      46
 64.001   0.06000      50      47
 64.501   0.16000      50      42
 65.001   0.05882      51      48
 65.501   0.04000      50      48
 66.001   0.06000      50      47
 66.501   0.08163      49      45
 67.001   0.06000      50      47
 67.501   0.02041      49      48
 68.001   0.08000      50      46
 68.501   0.13725      51      44
 69.001   0.06000      50      47
 69.501   0.04000      50      48
 70.001   0.06122      49      46
 70.501   0.08000      50      46
 71.001   0.02041      49      48
 71.501   0.03922      51      49
 72.001   0.04082      49      47
 72.501   0.13725      51      44
 73.001   0.06000      50      47
 73.501   0.04000      50      48
 74.001   0.04082      49      47
 74.501   0.08000      50      46
 75.001   0.04000      50      48
 75.501   0.02041      49      48
 76.001   0.04082      49      47
 76.501   0.12000      50      44
 77.001   0.02000      50      49
 77.501   0.00000      50      50
 78.001   0.04000      50      48
 78.501   0.10000      50      45
 79.001   0.04000      50      48
 79.501   0.02000      50      49
 80.001   0.04000      50      48
 80.501   0.10000      50      45
 81.001   0.04000      50      48
 81.501   0.02000      50      49
 82.001   0.04082      49      47
 82.501   0.08000      50      46
 83.001   0.06000      50      47
 83.501   0.02000      50      49
 84.002   0.04082      49      47
 84.500   0.12000      50      44
 85.001   0.04000      50      48
 85.501   0.00000      50      50
 86.001   0.04082      49      47
 86.501   0.10000      50      45
 87.001   0.09804      51      46
 87.501   0.00000      50      50
 88.001   0.02041      49      48
 88.501   0.11765      51      45
 89.001   0.00000      49      49
 89.501   0.02000      50      49
 90.001   0.02041      49      48
 90.501   0.07843      51      47
 91.001   0.06122      49      46
 91.501   0.00000      50      50
 92.001   0.04000      50      48
 92.501   0.10000      50      45
 93.001   0.02000      50      49
 93.501   0.00000      50      50
 94.001   0.02041      49      48
 94.501   0.09804      51      46
 95.001   0.02000      50      49
 95.501   0.02000      50      49
 96.001   0.02041      49      48
 96.501   0.14000      50      43
 97.001   0.02000      50      49
 97.501   0.00000      48      48
 98.001   0.05882      51      48
 98.501   0.06122      49      46
 99.001   0.03922      51      49
 99.501   0.02000      50      49
100.001   0.00000      49      49
100.501   0.10000      50      45
101.001   0.04000      50      48
101.501   0.02000      50      49
102.001   0.03922      51      49
102.501   0.08163      49      45
103.001   0.02041      49      48
103.501   0.02000      50      49
104.001   0.04000      50      48
104.501   0.13725      51      44
105.001   0.02083      48      47
105.501   0.02000      50      49
106.001   0.07843      51      47
106.501   0.06122      49      46
107.001   0.03922      51      49
107.501   0.00000      49      49
108.001   0.00000      50      50
108.501   0.12000      50      44
109.001   0.02041      49      48
109.501   0.04000      50      48
110.001   0.04000      50      48
110.501   0.09804      51      46
111.001   0.00000      49      49
111.501   0.02000      50      49
112.001   0.02000      50      49
112.501   0.10000      50      45
113.001   0.02000      50      49
113.501   0.00000      49      49
114.001   0.05882      51      48
114.501   0.10204      49      44
115.001   0.00000      50      50
115.501   0.02000      50      49
116.001   0.04167      48      46
116.501   0.13725      51      44
117.001   0.04082      49      47
117.501   0.04000      50      48
118.001   0.06000      50      47
118.501   0.15686      51      43
119.001   0.02000      50      49
119.501   0.02000      50      49
120.001   0.02041      49      48
120.501   0.10204      49      44
121.001   0.02000      50      49
121.501   0.02000      50      49
122.001   0.04000      50      48
122.501   0.09804      51      46
123.001   0.04000      50      48
123.501   0.02000      50      49
124.001   0.02041      49      48
124.501   0.12000      50      44
125.001   0.02000      50      49
125.501   0.02000      50      49
126.001   0.02041      49      48
126.501   0.08000      50      46
127.001   0.04000      50      48
127.501   0.02041      49      48
128.001   0.03922      51      49
128.501   0.10204      49      44
129.001   0.05882      51      48
129.501   0.06000      50      47
130.001   0.02041      49      48
130.501   0.10000      50      45
131.001   0.06000      50      47
131.501   0.00000      49      49
132.001   0.01961      51      50
132.501   0.14000      50      43
133.001   0.04000      50      48
133.501   0.06000      50      47
134.001   0.04082      49      47
134.501   0.11765      51      45
135.001   0.02041      49      48
135.501   0.02000      50      49
136.001   0.04000      50      48
136.501   0.10204      49      44
137.001   0.02000      50      49
137.501   0.02000      50      49
138.001   0.03922      51      49
138.501   0.08163      49      45
139.001   0.03922      51      49
139.501   0.00000      49      49
140.001   0.04000      50      48
140.501   0.12000      50      44
141.001   0.06000      50      47
141.501   0.02000      50      49
142.001   0.02041      49      48
142.501   0.10000      50      45
143.001   0.04000      50      48
143.501   0.04000      50      48
144.001   0.04082      49      47
144.501   0.14000      50      43
145.001   0.04000      50      48
145.501   0.06000      50      47
146.001   0.06000      50      47
146.501   0.08000      50      46
147.001   0.04082      49      47
147.501   0.04000      50      48
148.001   0.06000      50      47
148.501   0.12245      49      43
149.001   0.04000      50      48
149.501   0.05882      51      48
150.001   0.04000      50      48
150.501   0.08163      49      45
151.001   0.05882      51      48
151.501   0.02000      50      49
152.001   0.02041      49      48
152.501   0.10000      50      45
153.001   0.06000      50      47
153.501   0.04000      50      48
154.001   0.04000      50      48
154.501   0.04082      49      47
155.001   0.00000      50      50
155.500   0.00000      50      50
156.001   0.00000      50      50
156.501   0.08000      50      46
157.001   0.00000      50      50
157.501   0.00000      50      50
158.001   0.00000      50      50
158.501   0.06000      50      47
159.001   0.00000      50      50
159.501   0.00000      50      50
160.001   0.00000      50      50
160.501   0.06122      49      46
161.001   0.00000      50      50
161.501   0.00000      49      49
162.001   0.01961      51      50
162.501   0.04000      50      48
163.001   0.00000      50      50
163.500   0.00000      50      50
164.001   0.00000      50      50
164.501   0.08000      50      46
165.001   0.00000      49      49
165.501   0.00000      50      50
166.001   0.00000      50      50
166.501   0.05882      51      48
167.001   0.00000      50      50
167.500   0.00000      50      50
168.001   0.00000      50      50
168.501   0.08163      49      45
169.001   0.00000      50      50
169.501   0.00000      50      50
170.001   0.00000      50      50
170.501   0.04082      49      47
171.001   0.00000      50      50
171.500   0.00000      50      50
172.001   0.00000      50      50
172.501   0.08000      50      46
173.001   0.00000      50      50
173.501   0.09804      51      46
