  8.026 8015.000  10.000
 12.026 3997.000  13.000
 16.028 4002.000  12.000
 20.028 3998.000  14.000
 24.028 3999.000  13.000
 28.028 4001.000  12.000
 32.027 3997.000  13.000
 36.037 4010.000  13.000
 40.037 4000.000  13.000
 44.037 4000.000  13.000
 48.037 4000.000  13.000
 52.037 3999.000  13.000
 56.037 3999.000  13.000
 60.037 4000.000  13.000
 64.037 3999.000  13.000
 68.038 4001.000  12.000
 72.037 3998.000  13.000
 76.037 4000.000  13.000
 80.037 4000.000  13.000
 84.037 4000.000  13.000
 88.038 4000.000  13.000
 92.037 3998.000  13.000
 96.037 4000.000  13.000
100.037 3999.000  13.000
104.037 4000.000  13.000
108.037 3999.000  13.000
112.037 3999.000  13.000
116.037 4000.000  13.000
120.037 3999.000  13.000
124.037 4000.000  13.000
128.037 4000.000  13.000
132.028 3990.000  13.000
136.028 4000.000  13.000
140.028 4000.000  13.000
144.027 3999.000  13.000
148.027 3999.000  13.000
152.027 4000.000  13.000
156.027 3999.000  13.000
160.027 3999.000  13.000
164.027 4000.000  13.000
168.027 3999.000  13.000
172.027 4000.000  13.000
