  6.020 6011.000   8.000
  9.019 2998.000   9.000
 12.024 3004.000  10.000
 15.027 3000.000  12.000
 18.026 2999.000  12.000
 21.026 2999.000  12.000
 24.026 3000.000  11.000
 27.027 3000.000  12.000
 30.025 2999.000  11.000
 33.027 3000.000  12.000
 36.026 2998.000  12.000
 39.026 3000.000  12.000
 42.026 2999.000  12.000
 45.025 2998.000  12.000
 48.026 3000.000  12.000
 51.026 3000.000  12.000
 54.027 3001.000  12.000
 57.025 2998.000  12.000
 60.025 2999.000  12.000
 63.028 3003.000  11.000
 66.026 2998.000  12.000
 69.025 2998.000  12.000
 72.025 2999.000  12.000
 75.027 3001.000  12.000
 78.026 2999.000  12.000
 81.025 2999.000  12.000
 84.026 3000.000  12.000
 87.026 3000.000  12.000
 90.026 2999.000  12.000
 93.025 2999.000  12.000
 96.026 3000.000  12.000
 99.026 3000.000  12.000
102.027 3000.000  12.000
105.024 2997.000  12.000
108.026 3001.000  12.000
111.026 3000.000  12.000
114.027 3000.000  12.000
117.025 2998.000  12.000
120.025 2999.000  12.000
123.026 3000.000  12.000
126.027 3001.000  12.000
129.025 2998.000  12.000
132.036 3010.000  11.000
135.036 2999.000  12.000
138.036 3000.000  11.000
141.036 2999.000  12.000
144.036 3000.000  11.000
147.036 2999.000  12.000
150.037 3001.000  11.000
153.036 2999.000  12.000
156.036 3000.000  11.000
159.035 2999.000  12.000
162.037 3001.000  11.000
165.036 2999.000  12.000
168.036 3000.000  12.000
171.036 2999.000  12.000
174.053 3001.000  27.000
