  4.511 4509.000   2.000
  6.013 1501.000   2.000
  7.515 1501.000   3.000
  9.045 1530.000   3.000
 10.516 1470.000   3.000
 12.018 1500.000   5.000
 13.519 1500.000   6.000
 15.021 1501.000   6.000
 16.530 1509.000   5.000
 18.020 1488.000   6.000
 19.552 1531.000   6.000
 21.022 1468.000   8.000
 22.522 1502.000   6.000
 24.042 1519.000   6.000
 25.553 1510.000   7.000
 27.024 1470.000   7.000
 28.523 1498.000   8.000
 30.018 1497.000   5.000
 31.522 1502.000   7.000
 33.023 1500.000   7.000
 34.552 1530.000   7.000
 36.025 1473.000   7.000
 37.523 1497.000   7.000
 39.042 1518.000   7.000
 40.521 1479.000   6.000
 42.022 1500.000   7.000
 43.522 1500.000   7.000
 45.023 1500.000   8.000
 46.545 1521.000   8.000
 48.022 1478.000   7.000
 49.554 1530.000   8.000
 51.026 1470.000   9.000
 52.544 1520.000   6.000
 54.031 1488.000   5.000
 55.521 1489.000   7.000
 57.024 1501.000   8.000
 58.533 1509.000   7.000
 60.052 1521.000   6.000
 61.521 1467.000   7.000
 63.033 1513.000   6.000
 64.529 1492.000   9.000
 66.054 1527.000   7.000
 67.531 1477.000   6.000
 69.023 1490.000   8.000
 70.523 1501.000   7.000
 72.043 1519.000   7.000
 73.522 1478.000   7.000
 75.044 1521.000   7.000
 76.521 1477.000   7.000
 78.019 1499.000   6.000
 79.522 1501.000   7.000
 81.021 1499.000   7.000
 82.524 1500.000   8.000
 84.035 1512.000   8.000
 85.521 1486.000   7.000
 87.024 1502.000   7.000
 88.523 1497.000   8.000
 90.022 1499.000   7.000
 91.520 1499.000   6.000
 93.024 1501.000   8.000
 94.523 1499.000   8.000
 96.023 1500.000   8.000
 97.521 1499.000   7.000
 99.022 1500.000   7.000
100.521 1499.000   7.000
102.025 1501.000   9.000
103.523 1499.000   8.000
105.022 1499.000   7.000
106.521 1499.000   7.000
108.023 1501.000   8.000
109.523 1499.000   8.000
111.028 1503.000   9.000
112.535 1508.000   9.000
114.046 1512.000   7.000
115.520 1475.000   6.000
117.053 1532.000   6.000
118.526 1470.000   9.000
120.027 1499.000  10.000
121.524 1498.000   8.000
123.024 1500.000   8.000
124.525 1500.000   8.000
126.025 1499.000   8.000
127.523 1499.000   7.000
129.033 1509.000   8.000
130.557 1522.000   8.000
132.033 1477.000   7.000
133.537 1501.000   9.000
135.026 1489.000   9.000
136.526 1499.000   9.000
138.023 1498.000   8.000
139.530 1503.000  11.000
141.031 1500.000  12.000
142.526 1497.000   9.000
144.028 1501.000   9.000
145.539 1510.000  10.000
147.034 1497.000   8.000
148.528 1491.000  10.000
150.029 1500.000  11.000
151.525 1497.000   8.000
153.039 1512.000   9.000
