  0.501   0.00000      45      45
  1.001   0.34000      50      33
  1.501   0.10000      50      45
  2.001   0.34000      50      33
  2.500   0.08000      50      46
  3.001   0.00000      50      50
  3.501   0.00000      49      49
  4.001   0.01961      51      50
  4.501   0.00000      50      50
  5.001   0.20408      49      39
  5.501   0.26000      50      37
  6.001   0.12000      50      44
  6.501   0.10000      50      45
  7.001   0.02041      49      48
  7.501   0.06000      50      47
  8.001   0.26531      49      36
  8.502   0.96000      50       2
  9.001   0.25490      51      38
  9.501   0.44898      49      27
 10.001   0.16667      48      40
 10.500   0.34000      50      33
 11.001   0.16327      49      41
 11.501   0.54000      50      23
 12.001   0.18367      49      40
 12.501   0.40000      50      30
 13.001   0.20000      50      40
 13.501   0.46000      50      27
 14.001   0.18000      50      41
 14.500   0.46939      49      26
 15.003   0.31373      51      35
 15.500   0.60417      48      19
 16.001   0.32653      49      33
 16.501   0.62745      51      19
 17.001   0.34000      50      33
 17.501   0.63265      49      18
 18.001   0.36000      50      32
 18.501   0.56000      50      22
 19.001   0.38776      49      30
 19.501   0.59184      49      20
 20.001   0.34694      49      32
 20.501   0.62000      50      19
 21.001   0.36000      50      32
 21.501   0.66000      50      17
 22.001   0.42857      49      28
 22.500   0.68000      50      16
 23.001   0.42000      50      29
 23.501   0.69388      49      15
 24.001   0.38000      50      31
 24.501   0.66000      50      17
 25.001   0.40000      50      30
 25.501   0.73469      49      13
 26.001   0.48980      49      25
 26.501   0.76000      50      12
 27.000   0.36000      50      32
 27.501   0.72000      50      14
 28.001   0.36735      49      31
 28.501   0.71429      49      14
 29.001   0.42857      49      28
 29.501   0.68627      51      16
 30.001   0.34694      49      32
 30.501   0.72000      50      14
 31.001   0.42857      49      28
 31.501   0.60000      50      20
 32.001   0.43750      48      27
 32.501   0.80000      50      10
 33.001   0.48000      50      26
 33.501   0.92000      50       4
 34.001   0.48000      50      26
 34.502   0.83673      49       8
 35.001   0.54000      50      23
 35.500   0.81250      48       9
 36.001   0.50000      50      25
 36.501   0.82000      50       9
 37.001   0.56000      50      22
 37.501   0.78000      50      11
 38.001   0.41667      48      28
 38.500   0.78000      50      11
 39.001   0.38000      50      31
 39.501   0.76000      50      12
 40.001   0.42000      50      29
 40.501   0.63265      49      18
 41.001   0.28000      50      36
 41.501   0.65306      49      17
 42.001   0.33333      51      34
 42.502   0.67347      49      16
 43.000   0.48000      50      26
 43.501   0.70000      50      15
 44.006   0.36000      50      32
 44.501   0.60417      48      19
 45.001   0.31373      51      35
 45.501   0.69388      49      15
 46.001   0.36735      49      31
 46.500   0.68000      50      16
 47.001   0.30612      49      34
 47.501   0.66000      50      17
 48.001   0.38000      50      31
 48.503   0.74000      50      13
 49.001   0.36735      49      31
 49.501   0.70000      50      15
 50.002   0.36000      50      32
 50.501   0.73469      49      13
 51.003   0.41176      51      30
 51.501   0.75000      48      12
 52.001   0.45098      51      28
 52.501   0.75000      48      12
 53.001   0.42000      50      29
 53.501   0.66000      50      17
 54.001   0.50000      50      25
 54.501   0.66000      50      17
 55.001   0.38776      49      30
 55.501   0.70000      50      15
 56.000   0.42857      49      28
 56.501   0.64706      51      18
 57.002   0.44898      49      27
 57.501   0.76000      50      12
 58.001   0.40816      49      29
 58.501   0.70000      50      15
 59.002   0.45098      51      28
 59.500   0.75510      49      12
 60.001   0.42000      50      29
 60.501   0.69388      49      15
 61.002   0.38000      50      31
 61.501   0.68000      50      16
 62.001   0.39583      48      29
 62.501   0.70000      50      15
 63.001   0.42000      50      29
 63.501   0.78000      50      11
 64.003   0.36000      50      32
 64.501   0.72917      48      13
 65.001   0.48000      50      26
 65.501   0.74000      50      13
 66.002   0.48000      50      26
 66.501   0.72000      50      14
 67.003   0.50000      50      25
 67.500   0.68750      48      15
 68.001   0.44000      50      28
 68.501   0.68627      51      16
 69.001   0.44898      49      27
 69.501   0.76000      50      12
 70.000   0.30000      50      35
 70.501   0.75000      48      12
 71.001   0.37255      51      32
 71.501   0.75510      49      12
 72.001   0.48000      50      26
 72.501   0.67347      49      16
 73.001   0.44000      50      28
 73.501   0.68000      50      16
 74.001   0.40816      49      29
 74.501   0.74000      50      13
 75.001   0.36000      50      32
 75.501   0.69388      49      15
 76.001   0.38776      49      30
 76.501   0.66000      50      17
 77.003   0.36000      50      32
 77.501   0.67347      49      16
 78.001   0.36000      50      32
 78.500   0.57143      49      21
 79.001   0.38000      50      31
 79.501   0.63265      49      18
 80.001   0.36000      50      32
 80.501   0.69388      49      15
 81.001   0.38000      50      31
 81.501   0.68000      50      16
 82.000   0.40816      49      29
 82.501   0.65306      49      17
 83.001   0.44000      50      28
 83.501   0.72000      50      14
 84.001   0.40000      50      30
 84.501   0.75510      49      12
 85.001   0.38000      50      31
 85.501   0.76000      50      12
 86.000   0.36000      50      32
 86.501   0.69388      49      15
 87.001   0.42000      50      29
 87.501   0.67347      49      16
 88.001   0.38000      50      31
 88.501   0.84000      50       8
 89.001   0.34694      49      32
 89.501   0.66000      50      17
 90.001   0.34694      49      32
 90.501   0.64000      50      18
 91.001   0.34694      49      32
 91.501   0.66000      50      17
 92.001   0.40816      49      29
 92.501   0.70000      50      15
 93.001   0.32000      50      34
 93.501   0.71429      49      14
 94.000   0.37255      51      32
 94.501   0.63265      49      18
 95.001   0.34000      50      33
 95.501   0.63265      49      18
 96.001   0.39216      51      31
 96.501   0.63265      49      18
 97.001   0.39583      48      29
 97.501   0.68627      51      16
 98.000   0.38776      49      30
 98.501   0.62745      51      19
 99.001   0.42000      50      29
 99.501   0.75510      49      12
100.001   0.38000      50      31
100.501   0.67347      49      16
101.001   0.34000      50      33
101.501   0.64000      50      18
102.001   0.40000      50      30
102.500   0.69388      49      15
103.001   0.36735      49      31
103.501   0.70000      50      15
104.001   0.38000      50      31
104.501   0.67347      49      16
105.002   0.40816      49      29
105.501   0.70000      50      15
106.001   0.42000      50      29
106.501   0.63265      49      18
107.001   0.30000      50      35
107.501   0.73469      49      13
108.001   0.37255      51      32
108.502   0.67347      49      16
109.001   0.34000      50      33
109.501   0.62000      50      19
110.000   0.38776      49      30
110.501   0.69388      49      15
111.001   0.42000      50      29
111.501   0.66000      50      17
112.001   0.38776      49      30
112.501   0.66667      51      17
113.001   0.38776      49      30
113.501   0.64000      50      18
114.001   0.34694      49      32
114.500   0.66000      50      17
115.001   0.36735      49      31
115.502   0.78000      50      11
116.000   0.44000      50      28
116.501   0.66667      48      16
117.001   0.42000      50      29
117.501   0.75510      49      12
118.001   0.46000      50      27
118.501   0.68000      50      16
119.001   0.44898      49      27
119.500   0.82000      50       9
120.001   0.44898      49      27
120.501   0.70000      50      15
121.001   0.42857      49      28
121.501   0.64000      50      18
122.000   0.36000      50      32
122.501   0.62000      50      19
123.001   0.38776      49      30
123.501   0.72000      50      14
124.003   0.42000      50      29
124.501   0.71429      49      14
125.001   0.36735      49      31
125.501   0.67347      49      16
126.001   0.38000      50      31
126.501   0.70000      50      15
127.001   0.40816      49      29
127.501   0.68000      50      16
128.001   0.36735      49      31
128.501   0.62000      50      19
129.001   0.46000      50      27
129.501   0.68000      50      16
130.001   0.32653      49      33
130.501   0.77551      49      11
131.001   0.47059      51      27
131.503   0.67347      49      16
132.000   0.42000      50      29
132.501   0.75510      49      12
133.001   0.36000      50      32
133.501   0.58000      50      21
134.000   0.44898      49      27
134.501   0.74510      51      13
135.001   0.67347      49      16
135.501   1.00000      49       0
