  0.501   0.07317      41      38
  1.001   0.36000      50      32
  1.500   0.14286      49      42
  2.001   0.00000      50      50
  2.501   0.13725      51      44
  3.001   0.00000      50      50
  3.501   0.00000      50      50
  4.001   0.27083      48      35
  4.501   0.32653      49      33
  5.001   0.02000      50      49
  5.500   0.00000      50      50
  6.001   0.00000      50      50
  6.501   0.14000      50      43
  7.001   0.00000      50      50
  7.501   0.00000      50      50
  8.001   0.02000      50      49
  8.501   0.08163      49      45
  9.001   0.04000      50      48
  9.500   0.01961      51      50
 10.004   0.02041      49      48
 10.501   0.20000      50      40
 11.001   0.02000      50      49
 11.501   0.02000      50      49
 12.001   0.00000      50      50
 12.501   0.10000      50      45
 13.001   0.02000      50      49
 13.501   0.00000      50      50
 14.001   0.02000      50      49
 14.501   0.16327      49      41
 15.001   0.00000      50      50
 15.501   0.02041      49      48
 16.001   0.02000      50      49
 16.501   0.12000      50      44
 17.001   0.00000      50      50
 17.500   0.02000      50      49
 18.001   0.01961      51      50
 18.501   0.12000      50      44
 19.001   0.02041      49      48
 19.501   0.04000      50      48
 20.001   0.00000      49      49
 20.501   0.11765      51      45
 21.001   0.02041      49      48
 21.500   0.02000      50      49
 22.000   0.00000      50      50
 22.501   0.14286      49      42
 23.001   0.01961      51      50
 23.501   0.04000      50      48
 24.001   0.00000      49      49
 24.501   0.14000      50      43
 25.001   0.06000      50      47
 25.500   0.06000      50      47
 26.001   0.02000      50      49
 26.501   0.16000      50      42
 27.001   0.02041      49      48
 27.501   0.04000      50      48
 28.001   0.03922      51      49
 28.501   0.10204      49      44
 29.001   0.01961      51      50
 29.500   0.04082      49      47
 30.001   0.03922      51      49
 30.501   0.14286      49      42
 31.001   0.04000      50      48
 31.501   0.04082      49      47
 32.001   0.05882      51      48
 32.501   0.18000      50      41
 33.001   0.04000      50      48
 33.500   0.06122      49      46
 34.002   0.04082      49      47
 34.500   0.18000      50      41
 35.001   0.05882      51      48
 35.501   0.06122      49      46
 36.001   0.08000      50      46
 36.501   0.16000      50      42
 37.001   0.06000      50      47
 37.500   0.06122      49      46
 38.001   0.02000      50      49
 38.501   0.19608      51      41
 39.001   0.04000      50      48
 39.501   0.04082      49      47
 40.001   0.02000      50      49
 40.501   0.14000      50      43
 41.001   0.02000      50      49
 41.500   0.06000      50      47
 42.001   0.04082      49      47
 42.501   0.17647      51      42
 43.001   0.04000      50      48
 43.501   0.02000      50      49
 44.001   0.04000      50      48
 44.501   0.14000      50      43
 45.001   0.04082      49      47
 45.500   0.04000      50      48
 46.001   0.02000      50      49
 46.501   0.18000      50      41
 47.001   0.04082      49      47
 47.501   0.04000      50      48
 48.001   0.03922      51      49
 48.501   0.12500      48      42
 49.001   0.07843      51      47
 49.500   0.06000      50      47
 50.001   0.06000      50      47
 50.501   0.20000      50      40
 51.001   0.04000      50      48
 51.501   0.04082      49      47
 52.001   0.06000      50      47
 52.501   0.12245      49      43
 53.001   0.07843      51      47
 53.500   0.06000      50      47
 54.005   0.04000      50      48
 54.500   0.16327      49      41
 55.002   0.06000      50      47
 55.501   0.05882      51      48
 56.001   0.06000      50      47
 56.501   0.14000      50      43
 57.001   0.02041      49      48
 57.500   0.04082      49      47
 58.001   0.05882      51      48
 58.500   0.16327      49      41
 59.001   0.05882      51      48
 59.501   0.04082      49      47
 60.001   0.03922      51      49
 60.501   0.14000      50      43
 61.001   0.02041      49      48
 61.500   0.04000      50      48
 62.001   0.04000      50      48
 62.501   0.19608      51      41
 63.001   0.04082      49      47
 63.501   0.06000      50      47
 64.001   0.04082      49      47
 64.501   0.16000      50      42
 65.001   0.06000      50      47
 65.500   0.06000      50      47
 66.001   0.04000      50      48
 66.501   0.16000      50      42
 67.001   0.06000      50      47
 67.501   0.04000      50      48
 68.001   0.04082      49      47
 68.501   0.19608      51      41
 69.001   0.02041      49      48
 69.500   0.04000      50      48
 70.001   0.06000      50      47
 70.501   0.19608      51      41
 71.001   0.04000      50      48
 71.501   0.00000      49      49
 72.001   0.04000      50      48
 72.501   0.16000      50      42
 73.001   0.04000      50      48
 73.500   0.04167      48      46
 74.001   0.04000      50      48
 74.501   0.14286      49      42
 75.001   0.02000      50      49
 75.501   0.04000      50      48
 76.001   0.06000      50      47
 76.501   0.12245      49      43
 77.001   0.02000      50      49
 77.500   0.02000      50      49
 78.001   0.01961      51      50
 78.501   0.16327      49      41
 79.001   0.04082      49      47
 79.501   0.02000      50      49
 80.003   0.02041      49      48
 80.501   0.13725      51      44
 81.001   0.00000      49      49
 81.500   0.04000      50      48
 82.001   0.03922      51      49
 82.501   0.14286      49      42
 83.001   0.04000      50      48
 83.501   0.06000      50      47
 84.003   0.04000      50      48
 84.501   0.12245      49      43
 85.001   0.02000      50      49
 85.500   0.02000      50      49
 86.006   0.04000      50      48
 86.501   0.16000      50      42
 87.001   0.04000      50      48
 87.501   0.06122      49      46
 88.001   0.01961      51      50
 88.501   0.12000      50      44
 89.001   0.02000      50      49
 89.500   0.04000      50      48
 90.001   0.02041      49      48
 90.501   0.12245      49      43
 91.001   0.03922      51      49
 91.501   0.04082      49      47
 92.001   0.01961      51      50
 92.501   0.12245      49      43
 93.001   0.02000      50      49
 93.500   0.00000      50      50
 94.001   0.03922      51      49
 94.501   0.14286      49      42
 95.001   0.02000      50      49
 95.501   0.02000      50      49
 96.001   0.02041      49      48
 96.501   0.12000      50      44
 97.001   0.04000      50      48
 97.500   0.02000      50      49
 98.001   0.04000      50      48
 98.501   0.16000      50      42
 99.001   0.02000      50      49
 99.501   0.02041      49      48
100.001   0.02000      50      49
100.501   0.10000      50      45
101.001   0.02000      50      49
101.500   0.04000      50      48
102.002   0.02000      50      49
102.501   0.14286      49      42
103.001   0.05882      51      48
103.501   0.02000      50      49
104.001   0.04000      50      48
104.501   0.14000      50      43
105.001   0.04000      50      48
105.500   0.04000      50      48
106.001   0.02041      49      48
106.501   0.16000      50      42
107.001   0.02000      50      49
107.501   0.04000      50      48
108.001   0.00000      49      49
108.501   0.10000      50      45
109.001   0.04000      50      48
109.500   0.02000      50      49
110.001   0.06000      50      47
110.501   0.16000      50      42
111.001   0.02000      50      49
111.501   0.00000      49      49
112.001   0.02000      50      49
112.501   0.12000      50      44
113.001   0.02000      50      49
113.500   0.02000      50      49
114.001   0.03922      51      49
114.501   0.18367      49      40
115.001   0.02000      50      49
115.501   0.02000      50      49
116.001   0.02000      50      49
116.501   0.12245      49      43
117.001   0.05882      51      48
117.500   0.04082      49      47
118.001   0.04000      50      48
118.501   0.18367      49      40
119.001   0.08000      50      46
119.501   0.03922      51      49
120.001   0.02041      49      48
120.501   0.12000      50      44
121.001   0.02000      50      49
121.500   0.02041      49      48
122.001   0.02000      50      49
122.501   0.17647      51      42
123.001   0.02041      49      48
123.501   0.02000      50      49
124.001   0.04000      50      48
124.501   0.14000      50      43
125.001   0.02000      50      49
125.500   0.02041      49      48
126.001   0.04000      50      48
126.501   0.14286      49      42
127.001   0.05882      51      48
127.501   0.04000      50      48
128.001   0.02000      50      49
128.501   0.12500      48      42
129.001   0.05882      51      48
129.503   0.05882      51      48
130.000   0.02041      49      48
130.501   0.18000      50      41
131.001   0.06000      50      47
131.501   0.04000      50      48
132.001   0.02000      50      49
132.501   0.12245      49      43
133.001   0.04082      49      47
133.501   0.03922      51      49
134.001   0.04167      48      46
134.501   0.20000      50      40
135.001   0.04000      50      48
135.501   0.04000      50      48
136.001   0.02000      50      49
136.501   0.14286      49      42
137.001   0.03922      51      49
137.500   0.02000      50      49
138.001   0.02000      50      49
138.501   0.16000      50      42
139.001   0.04000      50      48
139.501   0.02041      49      48
140.001   0.02000      50      49
140.501   0.12245      49      43
141.001   0.05882      51      48
141.500   0.02041      49      48
142.001   0.03922      51      49
142.501   0.16327      49      41
143.001   0.02041      49      48
143.501   0.07843      51      47
144.001   0.05000      40      38
144.501   0.17647      51      42
145.001   0.04000      50      48
145.501   0.04082      49      47
146.001   0.05882      51      48
146.501   0.16327      49      41
147.001   0.02041      49      48
147.501   0.06000      50      47
148.006   0.03922      51      49
148.501   0.14286      49      42
149.001   0.04000      50      48
149.500   0.04000      50      48
150.001   0.06000      50      47
150.501   0.16327      49      41
151.001   0.05882      51      48
151.501   0.04000      50      48
152.001   0.02000      50      49
152.501   0.12245      49      43
153.001   0.02000      50      49
153.500   0.06000      50      47
154.001   0.06000      50      47
154.501   0.08163      49      45
155.001   0.00000      50      50
155.501   0.00000      50      50
156.001   0.00000      50      50
156.501   0.04000      50      48
157.001   0.00000      50      50
157.500   0.00000      49      49
158.001   0.00000      51      51
158.501   0.08163      49      45
159.001   0.00000      50      50
159.501   0.00000      50      50
160.001   0.00000      50      50
160.501   0.06000      50      47
161.001   0.00000      50      50
161.500   0.00000      50      50
162.001   0.00000      50      50
162.501   0.08000      50      46
163.001   0.00000      50      50
163.501   0.00000      50      50
164.001   0.00000      50      50
164.501   0.06000      50      47
165.001   0.00000      50      50
165.500   0.00000      50      50
166.001   0.00000      50      50
166.501   0.06122      49      46
167.001   0.00000      50      50
167.501   0.00000      50      50
168.001   0.00000      50      50
168.501   0.06000      50      47
169.001   0.00000      50      50
169.500   0.00000      50      50
170.001   0.00000      49      49
170.501   0.08000      50      46
171.001   0.00000      50      50
171.501   0.00000      50      50
172.001   0.00000      50      50
172.501   0.04000      50      48
173.001   0.00000      50      50
173.500   0.00000      50      50
174.001   0.32653      49      33
