  0.501   0.00000      45      45
  1.000   0.36000      50      32
  1.501   0.06000      50      47
  2.001   0.00000      50      50
  2.501   0.02000      50      49
  3.001   0.00000      50      50
  3.501   0.00000      50      50
  4.001   0.30612      49      34
  4.500   0.18367      49      40
  5.001   0.00000      50      50
  5.501   0.02000      50      49
  6.001   0.00000      50      50
  6.501   0.11628      43      38
  7.001   0.00000      50      50
  7.501   0.02041      49      48
  8.001   0.00000      50      50
  8.500   0.02000      50      49
  9.001   0.00000      50      50
  9.501   0.02000      50      49
 10.001   0.00000      49      49
 10.501   0.03922      51      49
 11.001   0.01961      51      50
 11.501   0.02041      49      48
 12.001   0.00000      50      50
 12.500   0.04000      50      48
 13.001   0.00000      50      50
 13.501   0.04000      50      48
 14.001   0.00000      49      49
 14.501   0.04000      50      48
 15.001   0.00000      50      50
 15.501   0.05882      51      48
 16.001   0.00000      49      49
 16.500   0.04000      50      48
 17.001   0.00000      50      50
 17.501   0.04000      50      48
 18.001   0.00000      50      50
 18.501   0.04082      49      47
 19.001   0.00000      50      50
 19.501   0.04000      50      48
 20.001   0.00000      49      49
 20.500   0.04000      50      48
 21.001   0.01961      51      50
 21.501   0.04000      50      48
 22.001   0.00000      49      49
 22.501   0.04000      50      48
 23.001   0.00000      50      50
 23.501   0.04082      49      47
 24.001   0.00000      50      50
 24.500   0.05882      51      48
 25.001   0.00000      50      50
 25.501   0.04000      50      48
 26.001   0.02000      50      49
 26.501   0.04000      50      48
 27.001   0.00000      49      49
 27.501   0.04000      50      48
 28.001   0.00000      50      50
 28.500   0.04000      50      48
 29.001   0.00000      49      49
 29.501   0.05882      51      48
 30.001   0.00000      49      49
 30.501   0.04082      49      47
 31.001   0.00000      50      50
 31.501   0.04000      50      48
 32.001   0.00000      50      50
 32.500   0.05882      51      48
 33.001   0.00000      50      50
 33.501   0.04082      49      47
 34.001   0.01961      51      50
 34.501   0.04082      49      47
 35.001   0.00000      50      50
 35.501   0.06000      50      47
 36.001   0.00000      50      50
 36.500   0.04000      50      48
 37.001   0.00000      49      49
 37.501   0.04000      50      48
 38.001   0.00000      49      49
 38.501   0.05882      51      48
 39.001   0.00000      50      50
 39.501   0.04082      49      47
 40.001   0.00000      50      50
 40.500   0.04082      49      47
 41.001   0.01961      51      50
 41.501   0.04000      50      48
 42.001   0.02000      50      49
 42.501   0.04000      50      48
 43.001   0.00000      49      49
 43.501   0.04000      50      48
 44.001   0.00000      50      50
 44.500   0.04000      50      48
 45.001   0.03922      51      49
 45.501   0.04000      50      48
 46.001   0.00000      50      50
 46.501   0.04082      49      47
 47.001   0.00000      50      50
 47.501   0.04000      50      48
 48.001   0.00000      49      49
 48.500   0.04000      50      48
 49.001   0.01961      51      50
 49.501   0.04000      50      48
 50.001   0.00000      49      49
 50.501   0.05882      51      48
 51.001   0.02000      50      49
 51.501   0.04000      50      48
 52.001   0.00000      49      49
 52.500   0.04000      50      48
 53.001   0.00000      50      50
 53.501   0.04000      50      48
 54.001   0.02000      50      49
 54.501   0.04000      50      48
 55.001   0.01961      51      50
 55.501   0.04082      49      47
 56.001   0.00000      49      49
 56.500   0.04000      50      48
 57.001   0.01961      51      50
 57.501   0.04082      49      47
 58.001   0.00000      50      50
 58.501   0.04082      49      47
 59.001   0.00000      50      50
 59.501   0.06000      50      47
 60.001   0.01961      51      50
 60.500   0.04082      49      47
 61.001   0.00000      50      50
 61.501   0.04000      50      48
 62.001   0.00000      50      50
 62.501   0.06000      50      47
 63.001   0.00000      50      50
 63.501   0.04082      49      47
 64.001   0.00000      50      50
 64.500   0.07843      51      47
 65.001   0.00000      50      50
 65.501   0.04082      49      47
 66.001   0.00000      50      50
 66.501   0.09091      44      40
 67.001   0.02000      50      49
 67.501   0.04000      50      48
 68.001   0.00000      49      49
 68.500   0.04000      50      48
 69.001   0.00000      50      50
 69.501   0.04000      50      48
 70.001   0.00000      50      50
 70.501   0.04082      49      47
 71.001   0.03922      51      49
 71.501   0.06000      50      47
 72.001   0.00000      48      48
 72.500   0.04000      50      48
 73.001   0.01961      51      50
 73.501   0.04000      50      48
 74.001   0.00000      49      49
 74.501   0.04000      50      48
 75.001   0.01961      51      50
 75.501   0.04082      49      47
 76.001   0.00000      50      50
 76.501   0.04000      50      48
 77.001   0.00000      49      49
 77.501   0.04000      50      48
 78.001   0.00000      50      50
 78.501   0.04082      49      47
 79.001   0.01961      51      50
 79.501   0.04000      50      48
 80.001   0.02000      50      49
 80.501   0.04000      50      48
 81.001   0.00000      50      50
 81.501   0.04000      50      48
 82.001   0.00000      50      50
 82.501   0.04082      49      47
 83.001   0.00000      50      50
 83.501   0.04000      50      48
 84.001   0.00000      49      49
 84.501   0.04000      50      48
 85.001   0.01961      51      50
 85.501   0.04000      50      48
 86.001   0.02000      50      49
 86.501   0.04000      50      48
 87.001   0.00000      49      49
 87.501   0.04000      50      48
 88.001   0.00000      50      50
 88.501   0.04000      50      48
 89.001   0.02000      50      49
 89.501   0.04000      50      48
 90.001   0.00000      49      49
 90.501   0.04000      50      48
 91.001   0.00000      50      50
 91.501   0.04082      49      47
 92.001   0.00000      50      50
 92.501   0.04000      50      48
 93.001   0.01961      51      50
 93.501   0.06000      50      47
 94.001   0.00000      50      50
 94.501   0.04000      50      48
 95.001   0.00000      50      50
 95.501   0.04082      49      47
 96.001   0.00000      50      50
 96.501   0.04000      50      48
 97.001   0.02000      50      49
 97.501   0.04000      50      48
 98.001   0.00000      49      49
 98.501   0.04000      50      48
 99.001   0.00000      50      50
 99.501   0.04000      50      48
100.001   0.00000      49      49
100.501   0.05882      51      48
101.001   0.02000      50      49
101.501   0.04000      50      48
102.001   0.00000      49      49
102.501   0.05882      51      48
103.001   0.00000      50      50
103.501   0.04082      49      47
104.001   0.00000      50      50
104.501   0.04000      50      48
105.001   0.00000      49      49
105.501   0.06000      50      47
106.001   0.00000      50      50
106.501   0.04000      50      48
107.001   0.00000      50      50
107.501   0.04000      50      48
108.001   0.00000      49      49
108.501   0.04000      50      48
109.001   0.00000      50      50
109.501   0.06000      50      47
110.001   0.00000      50      50
110.501   0.06000      50      47
111.001   0.00000      50      50
111.501   0.04082      49      47
112.001   0.00000      50      50
112.501   0.04000      50      48
113.001   0.00000      49      49
113.501   0.04000      50      48
114.001   0.00000      50      50
114.501   0.05882      51      48
115.001   0.00000      49      49
115.501   0.04000      50      48
116.001   0.02000      50      49
116.501   0.04000      50      48
117.001   0.00000      50      50
117.501   0.04082      49      47
118.001   0.01961      51      50
118.501   0.04000      50      48
119.001   0.00000      50      50
119.501   0.04082      49      47
120.001   0.00000      50      50
120.501   0.04082      49      47
121.001   0.01961      51      50
121.501   0.04000      50      48
122.001   0.00000      50      50
122.501   0.04082      49      47
123.001   0.00000      50      50
123.501   0.04000      50      48
124.001   0.00000      50      50
124.501   0.08000      50      46
125.001   0.00000      50      50
125.501   0.04000      50      48
126.001   0.00000      49      49
126.501   0.04000      50      48
127.001   0.01961      51      50
127.501   0.04082      49      47
128.001   0.00000      50      50
128.501   0.04000      50      48
129.001   0.00000      49      49
129.501   0.04000      50      48
130.001   0.01961      51      50
130.501   0.04000      50      48
131.001   0.00000      49      49
131.501   0.06000      50      47
132.001   0.00000      50      50
132.501   0.04000      50      48
133.001   0.00000      49      49
133.501   0.05882      51      48
134.001   0.00000      50      50
134.501   0.04000      50      48
135.001   0.02000      50      49
135.501   0.04000      50      48
136.000   0.00000      50      50
136.501   0.04000      50      48
137.001   0.00000      49      49
137.501   0.04000      50      48
138.001   0.00000      50      50
138.501   0.04082      49      47
139.001   0.00000      50      50
139.501   0.04000      50      48
140.000   0.00000      49      49
140.501   0.04000      50      48
141.001   0.03922      51      49
141.501   0.02041      49      48
142.001   0.01961      51      50
142.501   0.04000      50      48
143.001   0.00000      50      50
143.501   0.04082      49      47
144.000   0.00000      50      50
144.501   0.04000      50      48
145.001   0.00000      49      49
145.501   0.05882      51      48
146.001   0.00000      49      49
146.501   0.04000      50      48
147.001   0.00000      50      50
147.501   0.04000      50      48
148.000   0.00000      50      50
148.501   0.05882      51      48
149.001   0.02000      50      49
149.501   0.04000      50      48
150.001   0.00000      49      49
150.501   0.04082      49      47
151.001   0.00000      50      50
151.501   0.04000      50      48
152.000   0.00000      50      50
152.501   0.04000      50      48
153.001   0.00000      50      50
153.501   0.04082      49      47
154.001   0.01961      51      50
154.501   0.04000      50      48
155.001   0.00000      49      49
155.501   0.04000      50      48
156.000   0.01961      51      50
156.501   0.04000      50      48
157.001   0.00000      49      49
157.501   0.04000      50      48
158.001   0.00000      49      49
158.501   0.04000      50      48
159.001   0.01961      51      50
159.501   0.04000      50      48
160.000   0.00000      50      50
160.501   0.04000      50      48
161.001   0.00000      49      49
161.501   0.04000      50      48
162.001   0.02000      50      49
162.501   0.04000      50      48
163.001   0.00000      49      49
163.501   0.04000      50      48
164.000   0.00000      50      50
164.501   0.04000      50      48
165.001   0.03922      51      49
165.501   0.02041      49      48
166.001   0.02000      50      49
166.501   0.04000      50      48
167.001   0.00000      50      50
167.501   0.04000      50      48
168.000   0.00000      50      50
168.501   0.04000      50      48
169.001   0.00000      49      49
169.501   0.04000      50      48
170.001   0.00000      50      50
170.501   0.04082      49      47
171.001   0.00000      50      50
171.501   0.04000      50      48
172.000   0.01961      51      50
172.501   0.04000      50      48
173.001   0.00000      49      49
173.501   0.04000      50      48
174.001   0.30612      49      34
