  4.324 4323.000   0.000
  4.573  249.000   0.000
  4.825  251.000   0.000
  4.831    5.000   0.000
  4.832    2.000   0.000
  4.836    3.000   0.000
  4.838    1.000   0.000
  4.840    1.000   0.000
  4.842    1.000   0.000
  4.844    1.000   0.000
  4.845    1.000   0.000
  4.847    1.000   0.000
  4.849    1.000   0.000
  4.851    1.000   0.000
  4.853    1.000   0.000
  4.855    1.000   0.000
  4.856    1.000   0.000
  4.858    2.000   0.000
  4.860    1.000   0.000
  4.862    1.000   0.000
  4.864    1.000   0.000
  4.874    9.000   0.000
  4.881    7.000   0.000
  4.887    5.000   1.000
  4.890    3.000   0.000
  4.892    1.000   1.000
  4.893    2.000   0.000
  4.897    3.000   0.000
  4.899    2.000   0.000
  4.903    3.000   0.000
  4.907    3.000   0.000
  4.908    1.000   0.000
  4.910    2.000   0.000
  4.914    3.000   0.000
  4.916    2.000   0.000
  4.921    4.000   0.000
  4.924    2.000   0.000
  4.925    1.000   0.000
  5.002   77.000   0.000
  5.132  129.000   1.000
  5.261  129.000   0.000
  5.381  119.000   0.000
  5.521  140.000   0.000
  5.631  109.000   0.000
  5.771  140.000   0.000
  5.911  140.000   0.000
  6.021  110.000   0.000
  6.141  120.000   0.000
  6.261  119.000   0.000
  6.391  130.000   0.000
  6.511  119.000   0.000
  6.631  119.000   0.000
  6.752  121.000   0.000
  6.881  129.000   0.000
  7.002  121.000   0.000
  7.132  129.000   0.000
  7.252  119.000   0.000
  7.392  139.000   0.000
  7.502  110.000   0.000
  7.631  129.000   0.000
  7.751  120.000   0.000
  7.882  130.000   0.000
  8.002  119.000   0.000
  8.132  129.000   0.000
  8.252  120.000   0.000
  8.402  149.000   0.000
  8.502   99.000   0.000
  8.631  129.000   0.000
  8.781  150.000   0.000
  8.912  130.000   0.000
  9.022  110.000   0.000
  9.131  109.000   0.000
  9.262  130.000   0.000
  9.381  119.000   0.000
  9.522  140.000   0.000
  9.631  109.000   0.000
  9.771  139.000   0.000
  9.881  110.000   0.000
 10.022  140.000   0.000
 10.132  109.000   0.000
 10.262  130.000   1.000
 10.392  130.000   0.000
 10.512  119.000   0.000
 10.632  119.000   0.000
 10.752  120.000   0.000
 10.893  140.000   0.000
 11.003  109.000   1.000
 11.142  139.000   0.000
 11.252  109.000   0.000
 11.382  130.000   0.000
 11.513  130.000   1.000
 11.642  129.000   0.000
 11.752  109.000   0.000
 11.922  170.000   0.000
 12.022   99.000   0.000
 12.142  119.000   0.000
 12.272  130.000   0.000
 12.382  109.000   0.000
 12.522  140.000   0.000
 12.632  110.000   0.000
 12.761  129.000   0.000
 12.922  160.000   0.000
 13.012   89.000   0.000
 13.153  140.000   1.000
 13.342  189.000   1.000
 13.392   49.000   0.000
 13.553  160.000   1.000
 13.632   79.000   0.000
 13.762  130.000   1.000
 13.882  119.000   0.000
 14.022  140.000   0.000
 14.132  110.000   1.000
 14.273  140.000   1.000
 14.382  109.000   1.000
 14.522  140.000   0.000
 14.652  129.000   1.000
 14.752  100.000   0.000
 14.883  130.000   0.000
 15.004  120.000   1.000
 15.133  129.000   0.000
 15.253  120.000   1.000
 15.392  139.000   0.000
 15.503  110.000   1.000
 15.633  129.000   1.000
 15.752  119.000   0.000
 15.882  130.000   0.000
 16.003  120.000   0.000
 16.133  130.000   1.000
 16.252  119.000   0.000
 16.392  140.000   0.000
 16.512  119.000   0.000
 16.642  129.000   0.000
 16.761  119.000   0.000
 16.882  120.000   0.000
 17.013  130.000   1.000
 17.142  129.000   0.000
 17.262  120.000   1.000
 17.391  129.000   0.000
 17.513  120.000   1.000
 17.633  119.000   1.000
 17.762  129.000   0.000
 17.882  119.000   1.000
 18.022  139.000   1.000
 18.132  110.000   1.000
 18.283  149.000   1.000
 18.391  109.000   0.000
 18.511  119.000   0.000
 18.631  119.000   0.000
 18.752  120.000   0.000
 18.882  129.000   1.000
 19.003  120.000   0.000
 19.143  140.000   1.000
 19.253  109.000   1.000
 19.383  130.000   1.000
 19.504  120.000   1.000
 19.654  150.000   1.000
 19.752   99.000   0.000
 19.883  130.000   1.000
 20.004  120.000   1.000
 20.133  129.000   1.000
 20.253  120.000   1.000
 20.382  129.000   0.000
 20.503  120.000   1.000
 20.632  129.000   0.000
 20.762  130.000   0.000
 20.882  119.000   0.000
 21.013  130.000   1.000
 21.132  119.000   0.000
 21.273  140.000   1.000
 21.382  109.000   0.000
 21.513  130.000   1.000
 21.641  129.000   0.000
 21.761  119.000   0.000
 21.922  160.000   1.000
 22.012   89.000   0.000
 22.152  140.000   1.000
 22.292  139.000   0.000
 22.414  121.000   1.000
 22.511   98.000   0.000
 22.632  120.000   1.000
 22.763  130.000   0.000
 22.882  119.000   0.000
 23.003  121.000   1.000
 23.133  129.000   0.000
 23.253  120.000   1.000
 23.413  159.000   0.000
 23.503   90.000   1.000
 23.643  139.000   1.000
 23.752  109.000   0.000
 23.882  130.000   0.000
 24.003  120.000   1.000
 24.134  130.000   1.000
 24.252  119.000   0.000
 24.383  130.000   1.000
 24.533  150.000   1.000
 24.632   99.000   0.000
 24.762  129.000   0.000
 24.882  120.000   0.000
 25.023  140.000   1.000
 25.133  109.000   1.000
 25.263  129.000   1.000
 25.382  119.000   1.000
 25.524  141.000   1.000
 25.642  118.000   0.000
 25.762  119.000   0.000
 25.882  120.000   0.000
 26.012  130.000   1.000
 26.133  120.000   1.000
 26.262  129.000   1.000
 26.383  120.000   1.000
 26.512  129.000   1.000
 26.632  119.000   1.000
 26.763  130.000   0.000
 26.912  149.000   0.000
 27.003   90.000   1.000
 27.163  159.000   1.000
 27.254   90.000   1.000
 27.393  139.000   1.000
 27.503  109.000   1.000
 27.633  130.000   1.000
 27.753  119.000   0.000
 27.883  130.000   1.000
 28.003  120.000   1.000
 28.134  130.000   1.000
 28.253  119.000   1.000
 28.393  139.000   1.000
 28.514  121.000   1.000
 28.633  118.000   1.000
 28.762  130.000   1.000
 28.882  119.000   1.000
 29.013  130.000   1.000
 29.154  141.000   1.000
 29.253   98.000   1.000
 29.404  150.000   1.000
 29.513  108.000   1.000
 29.633  120.000   1.000
 29.754  120.000   1.000
 29.882  128.000   1.000
 30.014  130.000   1.000
 30.154  140.000   1.000
 30.263  108.000   1.000
 30.383  119.000   1.000
 30.522  139.000   0.000
 30.632  109.000   1.000
 30.773  140.000   1.000
 30.882  109.000   0.000
 31.004  121.000   1.000
 31.143  139.000   1.000
 31.252  109.000   0.000
 31.383  130.000   1.000
 31.504  120.000   1.000
 31.633  129.000   1.000
 31.752  119.000   0.000
 31.883  130.000   1.000
 32.003  120.000   1.000
 32.133  130.000   1.000
 32.253  120.000   1.000
 32.383  129.000   1.000
 32.513  130.000   1.000
 32.633  119.000   1.000
 32.762  129.000   0.000
 32.902  140.000   0.000
 33.012  109.000   0.000
 33.142  130.000   0.000
 33.262  119.000   0.000
 33.383  120.000   1.000
 33.533  149.000   1.000
 33.632   99.000   1.000
 33.773  141.000   1.000
 33.892  119.000   0.000
 34.012  119.000   1.000
 34.133  120.000   1.000
 34.262  129.000   1.000
 34.382  119.000   0.000
 34.512  130.000   1.000
 34.631  119.000   0.000
 34.753  121.000   0.000
 34.902  149.000   0.000
 35.003  101.000   1.000
 35.143  139.000   1.000
 35.253  109.000   0.000
 35.392  139.000   0.000
 35.502  110.000   0.000
 35.632  129.000   0.000
 35.752  119.000   0.000
 35.893  140.000   0.000
 36.003  109.000   1.000
 36.132  129.000   0.000
 36.264  130.000   1.000
 36.382  119.000   0.000
 36.503  120.000   0.000
 36.632  129.000   1.000
 36.762  130.000   0.000
 36.882  119.000   0.000
 37.023  140.000   1.000
 37.132  109.000   0.000
 37.263  129.000   1.000
 37.382  119.000   1.000
 37.522  140.000   1.000
 37.634  110.000   2.000
 37.761  128.000   0.000
 37.892  130.000   0.000
 38.012  120.000   1.000
 38.142  130.000   1.000
 38.272  129.000   1.000
 38.382  109.000   1.000
 38.522  140.000   0.000
 38.631  109.000   0.000
 38.753  121.000   0.000
 38.892  139.000   0.000
 39.003  110.000   1.000
 39.134  130.000   1.000
 39.253  119.000   0.000
 39.383  130.000   1.000
 39.503  120.000   1.000
 39.632  129.000   0.000
 39.753  120.000   1.000
 39.883  129.000   1.000
 40.003  120.000   1.000
 40.133  130.000   1.000
 40.263  129.000   1.000
 40.383  119.000   1.000
 40.503  120.000   0.000
 40.633  129.000   1.000
 40.762  129.000   0.000
 40.882  120.000   0.000
 41.012  130.000   0.000
 41.143  130.000   1.000
 41.262  119.000   1.000
 41.392  130.000   1.000
 41.503  110.000   1.000
 41.633  129.000   1.000
 41.782  149.000   1.000
 41.892  109.000   0.000
 42.012  120.000   0.000
 42.152  140.000   1.000
 42.272  119.000   0.000
 42.382  109.000   0.000
 42.512  130.000   0.000
 42.652  139.000   0.000
 42.761  109.000   0.000
 42.893  130.000   0.000
 43.003  110.000   1.000
 43.133  129.000   0.000
 43.253  120.000   1.000
 43.382  129.000   0.000
 43.503  120.000   0.000
 43.634  130.000   1.000
 43.753  119.000   1.000
 43.884  130.000   1.000
 44.004  120.000   1.000
 44.133  129.000   1.000
 44.253  120.000   1.000
 44.382  129.000   0.000
 44.503  120.000   1.000
 44.633  129.000   1.000
 44.774  140.000   1.000
 44.882  109.000   0.000
 45.003  120.000   1.000
 45.132  129.000   1.000
 45.273  140.000   1.000
 45.382  109.000   1.000
 45.503  120.000   1.000
 45.633  129.000   1.000
 45.763  130.000   1.000
 45.883  119.000   1.000
 46.012  129.000   1.000
 46.132  119.000   0.000
 46.282  150.000   1.000
 46.392  109.000   0.000
 46.512  120.000   0.000
 46.632  119.000   0.000
 46.771  139.000   0.000
 46.882  110.000   0.000
 47.004  120.000   1.000
 47.153  149.000   1.000
 47.252   99.000   0.000
 47.382  130.000   0.000
 47.502  120.000   0.000
 47.633  130.000   1.000
 47.753  119.000   1.000
 47.882  129.000   0.000
 48.003  120.000   0.000
 48.132  129.000   0.000
 48.252  120.000   0.000
 48.382  129.000   0.000
 48.512  130.000   0.000
 48.632  119.000   0.000
 48.763  130.000   1.000
 48.903  140.000   1.000
 49.002   99.000   0.000
 49.132  129.000   1.000
 49.273  140.000   1.000
 49.382  109.000   1.000
 49.513  130.000   1.000
 49.652  139.000   0.000
 49.761  109.000   0.000
 49.882  120.000   0.000
 50.014  130.000   1.000
 50.142  129.000   1.000
 50.263  120.000   1.000
 50.381  119.000   0.000
 50.511  129.000   0.000
 50.631  119.000   0.000
 50.754  121.000   1.000
 50.882  128.000   0.000
 51.002  120.000   0.000
 51.142  139.000   0.000
 51.292  150.000   0.000
 51.382   89.000   0.000
 51.512  130.000   0.000
 51.642  129.000   0.000
 51.752  110.000   0.000
 51.923  170.000   1.000
 52.002   79.000   0.000
 52.143  140.000   1.000
 52.253  109.000   1.000
 52.383  129.000   1.000
 52.502  119.000   1.000
 52.632  129.000   0.000
 52.762  130.000   0.000
 52.882  119.000   0.000
 53.003  120.000   1.000
 53.143  139.000   1.000
 53.263  120.000   0.000
 53.383  120.000   1.000
 53.512  129.000   0.000
 53.632  119.000   0.000
 53.771  139.000   0.000
 53.902  130.000   0.000
 54.012  110.000   0.000
 54.142  129.000   1.000
 54.263  120.000   1.000
 54.392  129.000   1.000
 54.512  119.000   0.000
 54.632  119.000   1.000
 54.752  120.000   0.000
 54.881  128.000   0.000
 55.003  121.000   1.000
 55.173  170.000   0.000
 55.252   79.000   0.000
 55.392  139.000   0.000
 55.502  109.000   0.000
 55.642  140.000   0.000
 55.752  109.000   0.000
 55.892  140.000   0.000
 56.003  109.000   1.000
 56.142  139.000   0.000
 56.253  110.000   0.000
 56.402  149.000   0.000
 56.522  119.000   0.000
 56.652  130.000   0.000
 56.772  119.000   0.000
 56.952  180.000   0.000
 57.013   60.000   1.000
 57.143  129.000   1.000
 57.263  120.000   1.000
 57.382  119.000   0.000
 57.522  140.000   1.000
 57.642  120.000   1.000
 57.772  129.000   1.000
 57.932  159.000   0.000
 58.011   79.000   0.000
 58.151  140.000   0.000
 58.262  110.000   0.000
 58.391  129.000   0.000
 58.532  140.000   0.000
 58.631   99.000   0.000
 58.753  121.000   1.000
 58.882  128.000   1.000
 59.004  121.000   1.000
 59.134  129.000   1.000
 59.252  119.000   0.000
 59.382  129.000   0.000
 59.504  121.000   1.000
 59.632  128.000   0.000
 59.752  119.000   0.000
 59.882  130.000   1.000
 60.002  119.000   0.000
 60.132  130.000   0.000
 60.272  140.000   0.000
 60.392  119.000   0.000
 60.502  109.000   0.000
 60.642  140.000   0.000
 60.782  139.000   0.000
 60.952  170.000   0.000
 61.002   49.000   0.000
 61.134  130.000   1.000
 61.262  129.000   0.000
 61.382  119.000   0.000
 61.532  150.000   1.000
 61.632   99.000   1.000
 61.762  129.000   0.000
 61.882  120.000   1.000
 62.032  149.000   0.000
 62.132  100.000   0.000
 62.292  159.000   0.000
 62.382   89.000   1.000
 62.522  140.000   0.000
 62.642  119.000   0.000
 62.762  120.000   0.000
 62.892  129.000   1.000
 63.002  111.000   0.000
 63.143  139.000   0.000
 63.253  109.000   1.000
 63.403  150.000   0.000
 63.523  120.000   0.000
 63.643  119.000   1.000
 63.772  129.000   0.000
 63.883  110.000   1.000
 64.002  119.000   0.000
 64.133  130.000   1.000
 64.253  120.000   1.000
 64.382  129.000   0.000
 64.503  120.000   1.000
 64.643  139.000   1.000
 64.762  119.000   0.000
 64.882  120.000   0.000
 65.003  120.000   1.000
 65.133  130.000   1.000
 65.264  130.000   1.000
 65.382  119.000   1.000
 65.512  129.000   0.000
 65.633  120.000   1.000
 65.763  129.000   1.000
 65.882  119.000   1.000
 66.013  130.000   1.000
 66.162  149.000   1.000
 66.291  129.000   0.000
 66.381   89.000   0.000
 66.512  130.000   1.000
 66.642  129.000   0.000
 66.763  121.000   0.000
 66.883  120.000   1.000
 67.023  139.000   0.000
 67.143  120.000   1.000
 67.253  109.000   1.000
 67.393  139.000   0.000
 67.502  109.000   0.000
 67.643  140.000   1.000
 67.761  119.000   0.000
 67.883  120.000   1.000
 68.013  130.000   1.000
 68.143  129.000   1.000
 68.253  110.000   1.000
 68.382  129.000   0.000
 68.503  120.000   0.000
 68.632  129.000   0.000
 68.763  130.000   1.000
 68.882  119.000   0.000
 69.022  140.000   0.000
 69.132  109.000   1.000
 69.262  129.000   0.000
 69.392  130.000   1.000
 69.523  130.000   1.000
 69.633  109.000   1.000
 69.762  129.000   0.000
 69.892  130.000   1.000
 70.013  120.000   1.000
 70.132  119.000   1.000
 70.262  129.000   1.000
 70.382  120.000   1.000
 70.512  129.000   0.000
 70.631  119.000   0.000
 70.762  130.000   1.000
 70.883  120.000   1.000
 71.003  120.000   1.000
 71.134  130.000   1.000
 71.252  119.000   0.000
 71.382  129.000   0.000
 71.503  120.000   1.000
 71.633  130.000   1.000
 71.753  119.000   1.000
 71.883  130.000   1.000
 72.002  119.000   0.000
 72.133  130.000   1.000
 72.253  119.000   1.000
 72.383  129.000   1.000
 72.512  129.000   0.000
 72.632  120.000   0.000
 72.772  139.000   0.000
 72.881  109.000   0.000
 73.032  150.000   0.000
 73.133  100.000   1.000
 73.263  130.000   1.000
 73.382  119.000   1.000
 73.523  140.000   1.000
 73.633  109.000   1.000
 73.761  129.000   0.000
 73.882  120.000   0.000
 74.013  130.000   1.000
 74.141  129.000   0.000
 74.263  120.000   1.000
 74.382  119.000   0.000
 74.512  130.000   1.000
 74.642  129.000   0.000
 74.754  111.000   1.000
 74.883  129.000   0.000
 75.034  149.000   1.000
 75.133   99.000   1.000
 75.264  130.000   1.000
 75.382  119.000   0.000
 75.503  120.000   1.000
 75.632  129.000   0.000
 75.753  120.000   1.000
 75.884  130.000   1.000
 76.013  129.000   1.000
 76.132  119.000   0.000
 76.252  119.000   0.000
 76.384  131.000   1.000
 76.503  119.000   1.000
 76.632  129.000   1.000
 76.763  129.000   1.000
 76.883  120.000   1.000
 77.004  120.000   1.000
 77.132  128.000   1.000
 77.263  130.000   1.000
 77.382  119.000   1.000
 77.513  130.000   1.000
 77.632  119.000   1.000
 77.762  129.000   0.000
 77.883  120.000   1.000
 78.013  129.000   1.000
 78.142  129.000   0.000
 78.262  120.000   1.000
 78.382  119.000   0.000
 78.512  129.000   0.000
 78.631  119.000   0.000
 78.793  161.000   0.000
 78.882   89.000   0.000
 79.002  120.000   0.000
 79.133  130.000   1.000
 79.252  119.000   0.000
 79.403  150.000   1.000
 79.512  109.000   0.000
 79.633  120.000   1.000
 79.773  139.000   1.000
 79.882  109.000   0.000
 80.003  120.000   1.000
 80.133  129.000   1.000
 80.252  119.000   0.000
 80.393  140.000   1.000
 80.503  110.000   0.000
 80.642  139.000   0.000
 80.763  120.000   1.000
 80.882  119.000   0.000
 81.003  120.000   1.000
 81.144  139.000   1.000
 81.273  129.000   1.000
 81.383  109.000   1.000
 81.532  149.000   1.000
 81.633  100.000   1.000
 81.773  140.000   1.000
 81.883  109.000   1.000
 82.031  149.000   0.000
 82.172  139.000   0.000
 82.261   89.000   0.000
 82.382  120.000   0.000
 82.523  140.000   1.000
 82.642  119.000   0.000
 82.753  111.000   0.000
 82.882  128.000   0.000
 83.052  170.000   0.000
 83.133   80.000   1.000
 83.262  129.000   0.000
 83.404  141.000   1.000
 83.502   99.000   0.000
 83.643  140.000   1.000
 83.753  109.000   1.000
 83.882  129.000   0.000
 84.004  120.000   1.000
 84.143  139.000   1.000
 84.252  109.000   0.000
 84.403  150.000   1.000
 84.503   99.000   1.000
 84.643  139.000   1.000
 84.762  119.000   0.000
 84.892  130.000   1.000
 85.034  140.000   1.000
 85.142  109.000   0.000
 85.262  119.000   1.000
 85.382  119.000   0.000
 85.512  130.000   1.000
 85.632  120.000   1.000
 85.753  120.000   1.000
 85.882  129.000   1.000
 86.012  129.000   1.000
 86.143  130.000   1.000
 86.263  119.000   1.000
 86.382  119.000   1.000
 86.512  130.000   1.000
 86.632  119.000   1.000
 86.762  129.000   0.000
 86.882  120.000   1.000
 87.003  120.000   1.000
 87.134  130.000   1.000
 87.253  119.000   1.000
 87.383  129.000   1.000
 87.502  119.000   0.000
 87.634  131.000   1.000
 87.753  118.000   1.000
 87.883  130.000   1.000
 88.002  119.000   0.000
 88.133  130.000   1.000
 88.253  120.000   1.000
 88.383  130.000   1.000
 88.502  119.000   0.000
 88.633  130.000   1.000
 88.762  129.000   1.000
 88.882  120.000   0.000
 89.012  129.000   0.000
 89.133  120.000   1.000
 89.264  130.000   1.000
 89.384  119.000   1.000
 89.514  129.000   1.000
 89.632  119.000   1.000
 89.763  130.000   1.000
 89.883  120.000   1.000
 90.014  130.000   1.000
 90.133  119.000   1.000
 90.262  129.000   0.000
 90.383  120.000   1.000
 90.521  139.000   0.000
 90.681  159.000   0.000
 90.782  100.000   0.000
 90.881   99.000   0.000
 91.042  161.000   0.000
 91.173  129.000   0.000
 91.272   99.000   0.000
 91.382  109.000   0.000
 91.503  120.000   1.000
 91.633  129.000   1.000
 91.753  120.000   1.000
 91.884  130.000   1.000
 92.003  119.000   1.000
 92.133  129.000   1.000
 92.273  139.000   1.000
 92.382  109.000   0.000
 92.503  120.000   1.000
 92.632  129.000   1.000
 92.763  130.000   1.000
 92.883  120.000   1.000
 93.014  130.000   1.000
 93.133  119.000   1.000
 93.263  129.000   1.000
 93.382  119.000   1.000
 93.512  130.000   0.000
 93.633  120.000   1.000
 93.763  129.000   1.000
 93.903  140.000   1.000
 94.023  119.000   1.000
 94.132  109.000   0.000
 94.262  130.000   1.000
 94.383  120.000   1.000
 94.512  129.000   1.000
 94.631  119.000   0.000
 94.763  130.000   1.000
 94.892  129.000   0.000
 95.044  151.000   1.000
 95.142   98.000   0.000
 95.252  109.000   0.000
 95.382  130.000   0.000
 95.502  120.000   0.000
 95.643  140.000   1.000
 95.772  129.000   0.000
 95.883  110.000   1.000
 96.013  129.000   1.000
 96.133  119.000   1.000
 96.253  120.000   1.000
 96.384  130.000   2.000
 96.513  129.000   1.000
 96.632  119.000   0.000
 96.762  130.000   0.000
 96.882  120.000   0.000
 97.013  130.000   1.000
 97.132  119.000   1.000
 97.262  129.000   1.000
 97.382  120.000   1.000
 97.522  140.000   1.000
 97.632  109.000   0.000
 97.763  130.000   1.000
 97.883  120.000   1.000
 98.033  150.000   1.000
 98.132   98.000   1.000
 98.263  130.000   1.000
 98.382  119.000   1.000
 98.522  140.000   0.000
 98.631  109.000   0.000
 98.781  149.000   0.000
 98.892  111.000   0.000
 99.003  110.000   0.000
 99.144  140.000   1.000
 99.254  109.000   1.000
 99.383  129.000   1.000
 99.503  119.000   1.000
 99.633  130.000   1.000
 99.754  120.000   1.000
 99.883  129.000   1.000
100.003  119.000   1.000
100.133  129.000   1.000
100.254  120.000   1.000
100.383  129.000   1.000
100.513  129.000   1.000
100.632  119.000   0.000
100.752  120.000   0.000
100.883  130.000   1.000
101.014  130.000   1.000
101.133  119.000   1.000
101.262  129.000   1.000
101.392  130.000   1.000
101.513  120.000   1.000
101.632  119.000   1.000
101.762  129.000   0.000
101.942  180.000   0.000
102.013   70.000   1.000
102.132  119.000   0.000
102.262  130.000   1.000
102.381  119.000   0.000
102.522  140.000   1.000
102.632  109.000   1.000
102.761  129.000   0.000
102.881  119.000   0.000
103.022  141.000   0.000
103.132  109.000   0.000
103.252  120.000   0.000
103.382  129.000   0.000
103.502  120.000   0.000
103.642  139.000   0.000
103.752  110.000   0.000
103.882  130.000   0.000
104.002  120.000   0.000
104.133  130.000   1.000
104.273  139.000   1.000
104.383  109.000   1.000
104.503  119.000   1.000
104.633  129.000   1.000
104.753  120.000   1.000
104.882  129.000   0.000
105.013  130.000   1.000
105.143  129.000   1.000
105.264  120.000   1.000
105.383  119.000   1.000
105.513  130.000   1.000
105.632  119.000   1.000
105.763  130.000   1.000
105.903  140.000   1.000
106.022  119.000   0.000
106.131  109.000   0.000
106.262  130.000   1.000
106.383  120.000   1.000
106.513  129.000   1.000
106.632  119.000   1.000
106.763  130.000   1.000
106.883  119.000   1.000
107.004  121.000   2.000
107.134  130.000   1.000
107.253  119.000   1.000
107.383  130.000   1.000
107.503  119.000   1.000
107.642  139.000   0.000
107.752  109.000   0.000
107.883  130.000   0.000
108.003  119.000   1.000
108.143  140.000   1.000
108.253  110.000   1.000
108.383  129.000   1.000
108.502  119.000   0.000
108.633  130.000   1.000
108.762  129.000   0.000
108.892  130.000   0.000
109.013  120.000   1.000
109.132  119.000   0.000
109.263  130.000   1.000
109.382  119.000   0.000
109.523  140.000   1.000
109.631  109.000   0.000
109.763  130.000   1.000
109.882  119.000   0.000
110.022  140.000   1.000
110.142  119.000   0.000
110.273  130.000   1.000
110.382  109.000   1.000
110.512  129.000   0.000
110.632  119.000   1.000
110.772  140.000   0.000
110.882  109.000   0.000
111.003  121.000   1.000
111.134  130.000   1.000
111.253  119.000   1.000
111.383  129.000   1.000
111.503  120.000   1.000
111.632  129.000   0.000
111.753  120.000   0.000
111.883  129.000   0.000
112.003  120.000   1.000
112.143  139.000   1.000
112.252  109.000   1.000
112.383  130.000   1.000
112.503  120.000   1.000
112.634  130.000   1.000
112.763  129.000   1.000
112.882  119.000   0.000
113.004  121.000   1.000
113.133  129.000   1.000
113.262  129.000   1.000
113.383  120.000   1.000
113.523  140.000   1.000
113.632  109.000   1.000
113.762  130.000   1.000
113.882  120.000   1.000
114.023  140.000   1.000
114.131  109.000   0.000
114.263  130.000   1.000
114.383  120.000   1.000
114.512  129.000   1.000
114.632  119.000   0.000
114.762  130.000   1.000
114.882  119.000   0.000
115.003  120.000   1.000
115.133  130.000   1.000
115.254  120.000   1.000
115.385  131.000   1.000
115.504  118.000   1.000
115.633  129.000   1.000
115.753  119.000   1.000
115.883  130.000   1.000
116.013  130.000   1.000
116.132  119.000   0.000
116.253  120.000   1.000
116.384  130.000   1.000
116.503  119.000   1.000
116.633  129.000   1.000
116.763  129.000   1.000
116.882  119.000   0.000
117.014  131.000   1.000
117.134  119.000   1.000
117.254  120.000   2.000
117.382  129.000   0.000
117.514  130.000   1.000
117.633  119.000   1.000
117.763  130.000   1.000
117.884  119.000   1.000
118.015  130.000   2.000
118.132  119.000   1.000
118.274  140.000   1.000
118.382  109.000   1.000
118.512  129.000   1.000
118.632  120.000   1.000
118.753  120.000   1.000
118.882  129.000   1.000
119.013  130.000   0.000
119.143  129.000   0.000
119.253  109.000   1.000
119.384  130.000   1.000
119.503  119.000   1.000
119.632  129.000   0.000
119.753  120.000   1.000
119.883  130.000   1.000
120.003  119.000   1.000
120.133  130.000   1.000
120.253  119.000   1.000
120.384  130.000   1.000
120.503  120.000   1.000
120.633  129.000   1.000
120.772  139.000   0.000
120.882  109.000   0.000
121.024  141.000   1.000
121.133  108.000   1.000
121.263  129.000   1.000
121.382  119.000   1.000
121.514  130.000   1.000
121.632  119.000   1.000
121.762  130.000   1.000
121.884  120.000   1.000
122.012  129.000   1.000
122.133  120.000   1.000
122.262  129.000   1.000
122.382  119.000   1.000
122.512  129.000   0.000
122.632  120.000   1.000
122.762  129.000   1.000
122.882  119.000   0.000
123.004  121.000   1.000
123.133  129.000   1.000
123.254  120.000   1.000
123.383  129.000   1.000
123.503  119.000   1.000
123.633  129.000   1.000
123.753  120.000   1.000
123.884  129.000   1.000
124.003  119.000   1.000
124.132  129.000   0.000
124.254  120.000   1.000
124.383  129.000   1.000
124.502  119.000   0.000
124.633  130.000   1.000
124.762  129.000   0.000
124.882  119.000   1.000
125.003  120.000   1.000
125.133  129.000   1.000
125.263  130.000   1.000
125.383  119.000   1.000
125.512  129.000   0.000
125.652  139.000   1.000
125.762  109.000   0.000
125.882  119.000   0.000
126.013  130.000   1.000
126.132  119.000   0.000
126.262  130.000   1.000
126.382  119.000   1.000
126.512  130.000   1.000
126.632  119.000   1.000
126.763  130.000   0.000
126.882  119.000   0.000
127.003  120.000   1.000
127.134  130.000   1.000
127.253  119.000   1.000
127.383  129.000   0.000
127.512  129.000   0.000
127.633  120.000   1.000
127.753  120.000   1.000
127.884  130.000   1.000
128.003  119.000   1.000
128.133  129.000   1.000
128.253  120.000   1.000
128.402  149.000   0.000
128.503  100.000   1.000
128.633  129.000   1.000
128.762  129.000   0.000
128.883  120.000   1.000
129.004  120.000   1.000
129.132  129.000   1.000
129.253  120.000   1.000
129.393  139.000   1.000
129.513  120.000   1.000
129.632  119.000   0.000
129.763  130.000   1.000
129.894  131.000   1.000
130.014  119.000   2.000
130.132  118.000   1.000
130.264  130.000   1.000
130.384  120.000   2.000
130.513  129.000   1.000
130.634  120.000   1.000
130.762  129.000   1.000
130.882  120.000   0.000
131.004  120.000   1.000
131.133  129.000   1.000
131.254  120.000   1.000
131.384  129.000   1.000
131.503  119.000   1.000
131.634  130.000   1.000
131.753  119.000   1.000
131.884  130.000   1.000
132.003  119.000   1.000
132.133  129.000   1.000
132.253  119.000   1.000
132.383  130.000   1.000
132.502  119.000   0.000
132.633  130.000   1.000
132.762  129.000   0.000
132.892  130.000   0.000
133.012  119.000   0.000
133.133  120.000   1.000
133.263  129.000   1.000
133.382  119.000   1.000
133.512  129.000   1.000
133.632  119.000   0.000
133.763  130.000   1.000
133.883  119.000   1.000
134.013  130.000   1.000
134.132  119.000   1.000
134.275  142.000   1.000
134.382  107.000   0.000
134.512  130.000   0.000
134.632  119.000   1.000
134.762  130.000   0.000
134.882  119.000   1.000
135.002  120.000   0.000
135.133  130.000   1.000
135.253  120.000   1.000
135.383  129.000   1.000
135.502  119.000   0.000
135.633  130.000   1.000
135.753  119.000   0.000
135.883  130.000   1.000
136.003  119.000   1.000
136.133  129.000   1.000
136.264  130.000   1.000
136.383  119.000   1.000
136.503  119.000   1.000
136.633  130.000   1.000
136.763  129.000   1.000
136.893  130.000   1.000
137.012  119.000   1.000
137.155  141.000   1.000
137.263  108.000   1.000
137.383  119.000   1.000
137.512  130.000   0.000
137.632  119.000   1.000
137.762  129.000   0.000
137.882  120.000   1.000
138.013  130.000   1.000
138.132  119.000   1.000
138.262  129.000   0.000
138.382  120.000   0.000
138.522  140.000   0.000
138.642  119.000   1.000
138.762  120.000   0.000
138.882  119.000   1.000
139.003  120.000   1.000
139.133  130.000   1.000
139.253  119.000   1.000
139.382  129.000   0.000
139.533  150.000   1.000
139.633   99.000   0.000
139.753  120.000   0.000
139.883  130.000   1.000
140.004  120.000   1.000
140.143  139.000   1.000
140.253  109.000   1.000
140.383  130.000   1.000
140.523  139.000   1.000
140.643  119.000   1.000
140.773  130.000   0.000
140.882  109.000   1.000
141.013  130.000   1.000
141.133  119.000   1.000
141.263  130.000   1.000
141.382  119.000   0.000
141.512  129.000   1.000
141.632  119.000   0.000
141.764  131.000   1.000
141.882  118.000   1.000
142.012  130.000   1.000
142.133  120.000   1.000
142.271  139.000   0.000
142.382  110.000   1.000
142.523  140.000   1.000
142.641  119.000   0.000
142.762  120.000   0.000
142.882  120.000   1.000
143.014  131.000   1.000
143.133  119.000   1.000
143.263  129.000   1.000
143.384  120.000   1.000
143.503  120.000   1.000
143.653  149.000   1.000
143.752   99.000   0.000
143.882  130.000   1.000
144.014  130.000   1.000
144.133  119.000   1.000
144.253  120.000   1.000
144.383  129.000   1.000
144.503  120.000   1.000
144.633  130.000   0.000
144.762  129.000   0.000
144.882  120.000   0.000
145.013  130.000   1.000
145.133  119.000   1.000
145.263  129.000   1.000
145.382  119.000   1.000
145.523  140.000   1.000
145.632  109.000   0.000
145.762  129.000   0.000
145.882  120.000   1.000
146.012  129.000   0.000
146.131  119.000   0.000
146.262  130.000   0.000
146.382  119.000   0.000
146.512  130.000   1.000
146.631  119.000   0.000
146.772  140.000   1.000
146.881  109.000   0.000
147.002  121.000   0.000
147.133  130.000   0.000
147.254  120.000   1.000
147.382  128.000   0.000
147.503  120.000   1.000
147.633  130.000   0.000
147.752  119.000   0.000
147.883  130.000   1.000
148.002  119.000   0.000
148.133  130.000   1.000
148.253  119.000   1.000
148.382  129.000   0.000
148.503  120.000   1.000
148.633  129.000   1.000
148.761  129.000   0.000
148.883  120.000   1.000
149.003  119.000   0.000
149.132  129.000   1.000
149.263  130.000   1.000
149.392  129.000   0.000
149.512  119.000   0.000
149.641  130.000   0.000
149.762  119.000   0.000
149.882  120.000   1.000
150.012  130.000   1.000
150.133  120.000   1.000
150.262  129.000   0.000
150.381  119.000   0.000
150.512  130.000   0.000
150.631  119.000   0.000
150.761  129.000   0.000
150.881  119.000   0.000
151.003  121.000   0.000
151.163  160.000   1.000
151.253   89.000   0.000
151.393  140.000   0.000
151.503  109.000   1.000
151.642  140.000   0.000
151.752  109.000   0.000
151.933  180.000   1.000
152.002   69.000   0.000
152.132  129.000   0.000
152.263  130.000   1.000
152.403  139.000   1.000
152.523  120.000   1.000
152.632  109.000   0.000
152.762  130.000   0.000
152.882  120.000   0.000
153.003  120.000   1.000
153.133  129.000   1.000
153.263  130.000   1.000
153.383  119.000   1.000
153.522  139.000   0.000
153.632  109.000   0.000
153.762  130.000   1.000
153.883  120.000   1.000
154.013  130.000   1.000
154.133  119.000   1.000
154.263  130.000   1.000
154.382  119.000   0.000
154.523  140.000   1.000
154.632  109.000   1.000
154.753  120.000   1.000
154.893  138.000   1.000
155.004  111.000   1.000
155.133  128.000   1.000
155.253  120.000   1.000
155.383  130.000   1.000
155.504  120.000   1.000
155.632  129.000   0.000
155.762  129.000   0.000
155.883  120.000   1.000
156.003  119.000   1.000
156.133  129.000   1.000
156.254  120.000   1.000
156.383  129.000   1.000
156.503  120.000   1.000
156.642  139.000   0.000
156.762  119.000   1.000
156.902  140.000   0.000
157.012  110.000   0.000
157.141  129.000   0.000
157.264  121.000   1.000
157.382  119.000   1.000
157.513  130.000   1.000
157.632  119.000   0.000
157.762  129.000   0.000
157.882  120.000   0.000
158.012  129.000   0.000
158.131  119.000   0.000
158.271  140.000   0.000
158.381  109.000   0.000
158.512  130.000   1.000
158.632  119.000   1.000
158.771  139.000   0.000
158.882  110.000   1.000
159.012  130.000   0.000
159.132  119.000   0.000
159.254  120.000   1.000
159.383  129.000   1.000
159.502  119.000   0.000
159.632  130.000   0.000
159.772  139.000   0.000
159.883  110.000   1.000
160.013  130.000   1.000
160.132  119.000   0.000
160.264  130.000   1.000
160.383  119.000   1.000
160.512  129.000   0.000
160.632  120.000   1.000
160.762  129.000   0.000
160.882  120.000   0.000
161.032  150.000   0.000
161.132   99.000   0.000
161.283  150.000   1.000
161.392  109.000   0.000
161.513  120.000   1.000
161.633  120.000   1.000
161.762  129.000   0.000
161.882  120.000   0.000
162.012  130.000   0.000
162.153  140.000   1.000
162.282  129.000   1.000
162.381   99.000   0.000
162.512  130.000   1.000
162.632  120.000   0.000
162.762  130.000   1.000
162.883  120.000   1.000
163.002  119.000   0.000
163.153  150.000   1.000
163.254  100.000   1.000
163.383  129.000   1.000
163.503  119.000   0.000
163.642  139.000   0.000
163.752  109.000   0.000
163.882  129.000   0.000
164.002  119.000   0.000
164.132  130.000   0.000
164.272  139.000   0.000
164.382  109.000   0.000
164.502  120.000   0.000
164.632  129.000   0.000
164.772  140.000   0.000
164.883  110.000   1.000
165.013  130.000   1.000
165.133  119.000   1.000
165.254  120.000   1.000
165.383  129.000   1.000
165.513  130.000   1.000
165.632  119.000   1.000
165.762  129.000   0.000
165.883  120.000   1.000
166.013  130.000   1.000
166.133  119.000   1.000
166.272  139.000   1.000
166.382  109.000   1.000
166.512  130.000   1.000
166.632  119.000   0.000
166.762  129.000   0.000
166.883  120.000   1.000
167.004  120.000   1.000
167.154  149.000   1.000
167.253   99.000   1.000
167.382  129.000   0.000
167.502  119.000   0.000
167.633  130.000   1.000
167.752  119.000   0.000
167.886  132.000   1.000
168.003  117.000   1.000
168.133  129.000   1.000
168.253  120.000   1.000
168.382  129.000   0.000
168.502  120.000   1.000
168.632  129.000   0.000
168.762  129.000   0.000
168.882  120.000   0.000
169.023  140.000   1.000
169.132  109.000   1.000
169.262  129.000   1.000
169.382  120.000   1.000
169.502  120.000   1.000
169.632  129.000   0.000
169.763  130.000   1.000
169.882  119.000   1.000
170.013  130.000   1.000
170.133  120.000   1.000
170.292  159.000   1.000
170.382   89.000   0.000
170.512  130.000   1.000
170.632  119.000   0.000
170.761  129.000   0.000
170.881  120.000   0.000
171.003  121.000   0.000
171.172  169.000   0.000
171.253   80.000   1.000
171.393  139.000   0.000
171.502  109.000   0.000
171.632  129.000   0.000
171.752  120.000   0.000
171.883  130.000   0.000
172.013  129.000   1.000
172.143  130.000   1.000
172.253  109.000   1.000
172.382  129.000   0.000
172.503  120.000   1.000
172.632  129.000   0.000
172.762  130.000   0.000
172.882  119.000   0.000
173.013  130.000   1.000
173.133  119.000   1.000
173.263  130.000   1.000
173.382  119.000   1.000
173.542  160.000   0.000
173.631   89.000   0.000
173.763  130.000   1.000
173.882  119.000   1.000
174.014  130.000   1.000
174.152  139.000   1.000
174.263  110.000   1.000
174.383  120.000   1.000
174.512  129.000   1.000
174.632  120.000   1.000
174.763  130.000   1.000
174.881  119.000   0.000
175.003  121.000   1.000
175.135  130.000   2.000
175.255  120.000   2.000
175.384  129.000   2.000
175.513  129.000   0.000
175.633  120.000   1.000
175.753  119.000   0.000
175.883  130.000   1.000
176.003  119.000   1.000
176.133  130.000   1.000
176.253  119.000   1.000
176.382  129.000   0.000
176.502  119.000   0.000
176.632  129.000   0.000
176.753  120.000   0.000
176.882  129.000   0.000
177.012  130.000   0.000
177.152  139.000   0.000
177.262  109.000   0.000
177.382  119.000   0.000
177.512  130.000   0.000
177.652  140.000   0.000
177.762  109.000   0.000
177.882  120.000   0.000
178.012  129.000   1.000
178.132  120.000   1.000
178.262  129.000   1.000
178.381  119.000   0.000
178.512  130.000   1.000
178.631  119.000   0.000
178.762  130.000   1.000
178.883  120.000   1.000
179.023  140.000   0.000
179.133  110.000   1.000
179.253  119.000   1.000
179.383  130.000   1.000
179.513  129.000   0.000
179.632  119.000   0.000
179.762  130.000   0.000
179.882  119.000   0.000
180.003  120.000   1.000
180.143  139.000   1.000
180.252  109.000   1.000
180.382  129.000   0.000
180.502  120.000   0.000
180.633  130.000   1.000
180.762  129.000   0.000
180.882  120.000   0.000
181.003  120.000   1.000
181.132  129.000   1.000
181.265  131.000   2.000
181.383  119.000   1.000
181.536  152.000   1.000
181.634   97.000   1.000
181.762  128.000   0.000
181.881  119.000   0.000
182.013  130.000   1.000
182.133  119.000   1.000
182.263  130.000   1.000
182.381  119.000   0.000
182.513  130.000   1.000
182.632  119.000   0.000
182.762  129.000   0.000
182.882  120.000   1.000
183.003  120.000   1.000
183.133  129.000   1.000
183.253  120.000   1.000
183.384  130.000   1.000
183.513  129.000   1.000
183.633  119.000   1.000
183.763  129.000   1.000
183.884  120.000   1.000
184.003  119.000   1.000
184.133  129.000   1.000
184.253  119.000   1.000
184.414  161.000   1.000
184.503   88.000   1.000
184.633  130.000   1.000
184.762  129.000   0.000
184.914  151.000   1.000
185.013   98.000   1.000
185.133  120.000   1.000
185.253  120.000   1.000
185.382  129.000   0.000
185.512  130.000   1.000
185.631  119.000   0.000
185.762  130.000   0.000
185.882  119.000   0.000
186.013  130.000   1.000
186.133  119.000   1.000
186.262  129.000   1.000
186.382  120.000   1.000
186.513  130.000   1.000
186.633  119.000   1.000
186.773  140.000   1.000
186.892  119.000   1.000
187.023  130.000   1.000
187.132  109.000   0.000
187.264  131.000   1.000
187.384  119.000   1.000
187.503  119.000   1.000
187.634  129.000   1.000
187.753  119.000   0.000
187.883  129.000   1.000
188.004  120.000   1.000
188.143  139.000   1.000
188.254  110.000   1.000
188.383  129.000   1.000
188.503  120.000   1.000
188.632  129.000   0.000
188.753  120.000   1.000
188.912  159.000   0.000
189.003   89.000   1.000
189.133  130.000   1.000
189.263  130.000   1.000
189.383  120.000   1.000
189.512  129.000   1.000
189.632  119.000   0.000
189.762  130.000   1.000
189.892  129.000   0.000
190.013  120.000   1.000
190.142  129.000   1.000
190.272  130.000   1.000
190.382  109.000   1.000
190.524  140.000   2.000
190.631  108.000   0.000
190.772  140.000   1.000
190.883  110.000   1.000
191.004  120.000   1.000
191.133  129.000   1.000
191.284  150.000   1.000
191.383   99.000   1.000
191.502  119.000   0.000
191.633  130.000   0.000
191.753  119.000   1.000
191.893  140.000   1.000
192.003  109.000   1.000
192.163  159.000   1.000
192.253   90.000   1.000
192.382  129.000   0.000
192.503  120.000   1.000
192.643  139.000   1.000
192.763  120.000   1.000
192.892  129.000   0.000
193.003  110.000   1.000
193.142  139.000   1.000
193.253  110.000   1.000
193.383  129.000   1.000
193.513  130.000   1.000
193.632  119.000   1.000
193.762  129.000   1.000
193.892  129.000   1.000
194.034  141.000   1.000
194.131   97.000   0.000
194.272  140.000   0.000
194.382  110.000   0.000
194.512  130.000   0.000
194.632  120.000   1.000
194.761  129.000   0.000
194.903  140.000   1.000
195.003  100.000   1.000
195.133  129.000   0.000
195.253  119.000   1.000
195.393  139.000   1.000
195.504  110.000   1.000
195.634  129.000   1.000
195.753  119.000   1.000
195.883  130.000   1.000
196.005  120.000   2.000
196.133  129.000   1.000
196.254  121.000   1.000
196.383  128.000   1.000
196.513  130.000   0.000
196.632  119.000   0.000
196.772  139.000   0.000
196.902  130.000   0.000
197.013  110.000   1.000
197.132  119.000   0.000
197.273  140.000   1.000
197.383  110.000   1.000
197.512  129.000   0.000
197.632  119.000   1.000
197.772  139.000   0.000
197.881  109.000   0.000
198.014  130.000   2.000
198.132  119.000   1.000
198.273  140.000   1.000
198.382  109.000   1.000
198.512  130.000   1.000
198.632  119.000   0.000
198.763  130.000   1.000
198.902  140.000   1.000
199.003  100.000   1.000
199.134  129.000   1.000
199.263  130.000   1.000
199.383  119.000   1.000
199.513  129.000   0.000
199.632  119.000   0.000
199.763  130.000   0.000
199.883  120.000   1.000
200.004  120.000   1.000
200.134  129.000   1.000
200.253  119.000   1.000
200.382  129.000   0.000
200.503  120.000   1.000
200.632  129.000   0.000
200.773  140.000   0.000
200.882  109.000   0.000
201.012  130.000   0.000
201.183  170.000   1.000
201.252   69.000   0.000
201.382  129.000   1.000
201.513  130.000   1.000
201.633  119.000   1.000
201.772  139.000   0.000
201.903  130.000   1.000
202.013  109.000   1.000
202.132  119.000   1.000
202.254  121.000   1.000
202.383  129.000   1.000
202.513  130.000   1.000
202.642  129.000   1.000
202.762  120.000   1.000
202.882  119.000   1.000
203.004  121.000   1.000
203.133  129.000   1.000
203.253  120.000   0.000
203.383  130.000   1.000
203.503  119.000   1.000
203.633  130.000   1.000
203.762  129.000   0.000
203.882  119.000   0.000
204.003  120.000   1.000
204.133  129.000   1.000
204.253  119.000   1.000
204.384  130.000   1.000
204.513  129.000   1.000
204.633  119.000   1.000
204.753  120.000   1.000
204.893  139.000   1.000
205.003  110.000   1.000
205.132  129.000   0.000
205.263  130.000   1.000
205.383  120.000   1.000
205.513  129.000   1.000
205.632  119.000   0.000
205.763  130.000   1.000
205.883  119.000   1.000
206.014  130.000   2.000
206.134  119.000   1.000
206.262  129.000   1.000
206.383  120.000   1.000
206.512  129.000   1.000
206.643  130.000   1.000
206.762  119.000   1.000
206.883  120.000   1.000
207.004  120.000   1.000
207.133  129.000   1.000
207.252  119.000   0.000
207.383  130.000   1.000
207.502  119.000   0.000
207.633  130.000   1.000
207.752  119.000   0.000
207.884  131.000   1.000
208.004  119.000   1.000
208.134  129.000   1.000
208.253  119.000   1.000
208.382  129.000   1.000
208.502  119.000   0.000
208.633  130.000   1.000
208.773  140.000   1.000
208.883  109.000   1.000
209.002  119.000   0.000
209.132  129.000   1.000
209.263  130.000   1.000
209.384  120.000   1.000
209.512  129.000   0.000
209.632  120.000   0.000
209.772  139.000   1.000
209.882  110.000   1.000
210.013  130.000   1.000
210.133  119.000   1.000
210.262  129.000   0.000
210.382  119.000   0.000
210.522  140.000   1.000
210.633  110.000   1.000
210.764  130.000   2.000
210.883  120.000   1.000
211.003  120.000   1.000
211.134  130.000   1.000
211.285  151.000   1.000
211.384   99.000   1.000
211.503  119.000   1.000
211.643  140.000   1.000
211.752  109.000   0.000
211.884  131.000   2.000
212.003  119.000   1.000
212.133  129.000   1.000
212.253  119.000   1.000
212.382  129.000   1.000
212.503  120.000   1.000
212.633  129.000   1.000
212.762  129.000   1.000
212.883  120.000   1.000
213.002  119.000   0.000
213.133  130.000   1.000
213.262  129.000   1.000
213.382  119.000   1.000
213.512  130.000   1.000
213.633  120.000   1.000
213.761  129.000   0.000
213.884  121.000   1.000
214.013  129.000   1.000
214.133  119.000   1.000
214.272  139.000   0.000
214.382  110.000   1.000
214.512  130.000   1.000
214.632  119.000   1.000
214.762  129.000   0.000
214.892  130.000   1.000
215.003  110.000   0.000
215.132  129.000   0.000
215.253  120.000   0.000
215.393  139.000   1.000
215.502  109.000   0.000
215.633  130.000   1.000
215.753  119.000   1.000
215.883  130.000   1.000
216.004  120.000   1.000
216.133  129.000   1.000
216.254  120.000   1.000
216.383  129.000   1.000
216.513  130.000   1.000
216.632  119.000   0.000
216.783  150.000   1.000
216.883   99.000   1.000
217.013  129.000   1.000
217.132  119.000   0.000
217.252  120.000   0.000
217.393  139.000   1.000
217.512  119.000   1.000
217.633  120.000   1.000
217.782  149.000   1.000
217.882  100.000   0.000
218.013  130.000   1.000
218.142  129.000   1.000
218.273  130.000   1.000
218.393  119.000   1.000
218.513  120.000   1.000
218.643  129.000   1.000
218.772  129.000   0.000
218.882  109.000   0.000
219.013  131.000   1.000
219.133  120.000   1.000
219.253  120.000   1.000
219.383  129.000   1.000
219.503  120.000   1.000
219.633  130.000   1.000
219.753  119.000   0.000
219.884  130.000   1.000
220.003  119.000   1.000
220.164  160.000   1.000
220.284  120.000   1.000
220.382   98.000   0.000
220.503  120.000   0.000
220.633  129.000   1.000
220.761  129.000   0.000
220.891  130.000   0.000
221.032  140.000   0.000
221.132   99.000   1.000
221.253  120.000   1.000
221.393  139.000   1.000
221.522  129.000   0.000
221.631  109.000   0.000
221.763  130.000   1.000
221.882  119.000   0.000
222.012  130.000   1.000
222.163  150.000   1.000
222.262   99.000   1.000
222.382  119.000   1.000
222.512  130.000   0.000
222.632  120.000   1.000
222.762  130.000   1.000
222.882  119.000   0.000
223.003  120.000   0.000
223.133  130.000   1.000
223.253  120.000   1.000
223.382  129.000   0.000
223.504  121.000   1.000
223.634  129.000   1.000
223.753  119.000   1.000
223.883  129.000   1.000
224.004  120.000   1.000
224.144  139.000   1.000
224.253  109.000   1.000
224.383  129.000   1.000
224.503  120.000   1.000
224.633  129.000   1.000
224.753  120.000   1.000
224.882  129.000   0.000
225.002  120.000   0.000
225.132  129.000   1.000
225.253  120.000   1.000
225.383  129.000   1.000
225.523  140.000   1.000
225.632  109.000   0.000
225.762  130.000   1.000
225.882  119.000   1.000
226.014  130.000   1.000
226.163  149.000   1.000
226.262   99.000   1.000
226.382  119.000   0.000
226.512  129.000   0.000
226.632  120.000   1.000
226.762  129.000   0.000
226.883  121.000   0.000
227.003  119.000   1.000
227.133  129.000   0.000
227.253  120.000   0.000
227.384  130.000   1.000
227.503  119.000   1.000
227.642  139.000   0.000
227.752  109.000   0.000
227.882  130.000   1.000
228.002  119.000   0.000
228.133  130.000   1.000
228.253  120.000   1.000
228.382  129.000   0.000
228.503  120.000   1.000
228.643  139.000   1.000
228.752  109.000   1.000
228.882  129.000   0.000
229.002  120.000   0.000
229.142  140.000   0.000
229.252  109.000   0.000
229.382  129.000   0.000
229.512  130.000   0.000
229.642  129.000   0.000
229.772  130.000   0.000
229.882  109.000   0.000
230.012  130.000   1.000
230.132  119.000   1.000
230.272  139.000   0.000
230.402  129.000   0.000
230.521  120.000   0.000
230.631  109.000   0.000
230.762  130.000   1.000
230.882  120.000   0.000
231.003  120.000   1.000
231.133  129.000   1.000
231.254  120.000   1.000
231.384  130.000   1.000
231.503  119.000   0.000
231.643  139.000   1.000
231.753  109.000   0.000
231.904  150.000   1.000
232.002   98.000   0.000
232.132  129.000   0.000
232.253  120.000   1.000
232.382  129.000   0.000
232.502  120.000   0.000
232.633  130.000   1.000
232.754  120.000   1.000
232.884  130.000   1.000
233.012  128.000   1.000
233.132  119.000   0.000
233.253  120.000   1.000
233.382  129.000   1.000
233.502  120.000   0.000
233.642  139.000   0.000
233.762  119.000   0.000
233.882  120.000   1.000
234.012  130.000   1.000
234.142  129.000   0.000
234.261  119.000   0.000
234.381  119.000   0.000
234.512  130.000   0.000
234.642  129.000   0.000
234.762  120.000   1.000
234.883  120.000   1.000
235.003  120.000   1.000
235.133  129.000   1.000
235.254  120.000   1.000
235.383  129.000   1.000
235.503  119.000   0.000
235.633  130.000   1.000
235.752  119.000   0.000
235.883  130.000   0.000
236.003  119.000   1.000
236.133  130.000   1.000
236.253  119.000   1.000
236.393  139.000   1.000
236.503  110.000   1.000
236.634  130.000   1.000
236.754  120.000   1.000
236.882  129.000   0.000
237.033  150.000   1.000
237.153  119.000   0.000
237.252   99.000   1.000
237.383  130.000   1.000
237.512  129.000   1.000
237.633  120.000   1.000
237.762  129.000   0.000
237.882  119.000   0.000
238.012  130.000   1.000
238.132  120.000   1.000
238.262  129.000   1.000
238.382  119.000   1.000
238.513  130.000   1.000
238.633  119.000   1.000
238.762  129.000   0.000
238.882  119.000   0.000
239.003  121.000   1.000
239.144  140.000   1.000
239.253  109.000   0.000
239.383  130.000   1.000
239.503  119.000   1.000
239.642  139.000   0.000
239.753  110.000   1.000
239.883  130.000   1.000
240.014  130.000   1.000
240.134  120.000   1.000
240.253  119.000   1.000
240.383  130.000   0.000
240.512  129.000   0.000
240.633  120.000   1.000
240.762  129.000   0.000
240.883  119.000   1.000
241.013  129.000   1.000
241.132  119.000   0.000
241.252  120.000   0.000
241.383  130.000   1.000
241.512  129.000   1.000
241.633  120.000   1.000
241.763  129.000   1.000
241.883  120.000   1.000
242.014  130.000   2.000
242.133  119.000   1.000
242.262  129.000   1.000
242.383  120.000   1.000
242.513  130.000   1.000
242.632  119.000   0.000
242.763  130.000   1.000
242.894  131.000   1.000
243.004  109.000   1.000
243.134  129.000   1.000
243.253  119.000   0.000
243.383  129.000   1.000
243.503  120.000   1.000
243.633  130.000   1.000
243.754  120.000   1.000
243.893  139.000   1.000
244.003  109.000   1.000
244.134  130.000   1.000
244.253  119.000   1.000
244.394  140.000   1.000
244.505  110.000   2.000
244.634  129.000   1.000
244.763  129.000   0.000
244.883  120.000   1.000
245.003  120.000   1.000
245.144  140.000   1.000
245.262  118.000   1.000
245.382  119.000   1.000
245.504  120.000   1.000
245.632  129.000   1.000
245.763  130.000   1.000
245.883  119.000   1.000
246.014  130.000   1.000
246.135  120.000   2.000
246.263  129.000   1.000
246.383  120.000   1.000
246.514  130.000   2.000
246.633  119.000   1.000
246.763  129.000   1.000
246.883  119.000   1.000
247.005  121.000   1.000
247.134  129.000   1.000
247.254  119.000   1.000
247.383  129.000   1.000
247.504  120.000   1.000
247.633  129.000   1.000
247.753  119.000   1.000
247.883  130.000   1.000
248.003  120.000   1.000
248.134  130.000   2.000
248.254  119.000   1.000
248.383  129.000   1.000
248.503  120.000   1.000
248.633  129.000   1.000
248.753  120.000   1.000
248.883  129.000   1.000
249.004  120.000   1.000
249.133  129.000   1.000
249.253  120.000   1.000
249.382  129.000   1.000
249.504  120.000   1.000
249.643  139.000   1.000
249.762  119.000   1.000
249.883  120.000   1.000
250.013  129.000   1.000
250.133  120.000   1.000
250.263  129.000   1.000
250.383  119.000   1.000
250.513  130.000   1.000
250.633  119.000   1.000
250.762  130.000   1.000
250.883  120.000   1.000
251.003  120.000   1.000
251.133  129.000   1.000
251.253  120.000   1.000
251.383  129.000   1.000
251.504  120.000   1.000
251.633  129.000   1.000
251.753  119.000   1.000
251.883  130.000   1.000
252.003  119.000   1.000
252.134  130.000   2.000
252.253  119.000   1.000
252.383  130.000   1.000
252.504  120.000   1.000
252.633  129.000   1.000
252.763  129.000   1.000
252.883  119.000   1.000
253.004  120.000   1.000
253.133  129.000   1.000
253.272  139.000   0.000
253.381  109.000   0.000
253.512  130.000   0.000
253.632  120.000   0.000
253.762  129.000   0.000
253.882  120.000   0.000
254.013  130.000   1.000
254.133  119.000   1.000
254.263  130.000   1.000
254.383  119.000   1.000
254.513  130.000   1.000
254.632  119.000   1.000
254.763  130.000   1.000
254.882  119.000   1.000
255.014  130.000   1.000
255.152  139.000   0.000
255.253  100.000   0.000
255.383  130.000   1.000
255.502  119.000   0.000
255.633  130.000   1.000
255.752  119.000   0.000
255.883  129.000   1.000
256.004  120.000   1.000
256.134  130.000   1.000
256.253  119.000   1.000
256.383  129.000   1.000
256.504  120.000   1.000
256.643  139.000   1.000
256.762  119.000   0.000
256.883  120.000   1.000
257.013  130.000   1.000
257.132  119.000   1.000
257.263  130.000   1.000
257.382  119.000   0.000
257.513  130.000   1.000
257.632  119.000   0.000
257.762  129.000   0.000
257.882  120.000   0.000
258.005  121.000   1.000
258.132  128.000   1.000
258.262  130.000   1.000
258.382  119.000   0.000
258.512  130.000   1.000
258.632  119.000   0.000
258.763  130.000   1.000
258.881  119.000   0.000
259.003  121.000   1.000
259.133  129.000   1.000
259.253  120.000   1.000
259.383  129.000   1.000
259.504  120.000   1.000
259.633  129.000   1.000
259.753  120.000   1.000
259.882  129.000   0.000
260.004  120.000   2.000
260.135  131.000   1.000
260.254  118.000   1.000
260.384  129.000   1.000
260.502  119.000   0.000
260.656  152.000   2.000
260.753   97.000   1.000
260.884  130.000   1.000
261.004  119.000   1.000
261.134  130.000   1.000
261.264  129.000   1.000
261.382  119.000   0.000
261.513  130.000   1.000
261.663  150.000   1.000
261.762   99.000   0.000
261.883  120.000   0.000
262.013  129.000   1.000
262.133  119.000   1.000
262.262  129.000   1.000
262.382  119.000   1.000
262.512  130.000   1.000
262.634  120.000   1.000
262.763  129.000   1.000
262.892  130.000   0.000
263.003  110.000   1.000
263.133  129.000   1.000
263.252  119.000   0.000
263.382  129.000   0.000
263.503  120.000   0.000
263.633  129.000   1.000
263.772  139.000   0.000
263.892  119.000   0.000
264.003  110.000   1.000
264.133  129.000   1.000
264.254  120.000   1.000
264.392  139.000   1.000
264.503  110.000   1.000
264.632  129.000   0.000
264.763  130.000   1.000
264.882  119.000   0.000
265.004  120.000   1.000
265.133  129.000   1.000
265.263  129.000   1.000
265.382  119.000   0.000
265.513  130.000   1.000
265.632  119.000   1.000
265.762  129.000   1.000
265.883  120.000   1.000
266.013  129.000   1.000
266.132  119.000   1.000
266.263  129.000   1.000
266.382  119.000   0.000
266.511  129.000   0.000
266.632  120.000   1.000
266.763  130.000   1.000
266.893  130.000   1.000
267.002  110.000   0.000
267.174  170.000   1.000
267.253   79.000   0.000
267.382  129.000   0.000
267.504  120.000   1.000
267.633  129.000   0.000
267.753  120.000   1.000
267.884  130.000   1.000
268.003  118.000   1.000
268.133  130.000   1.000
268.253  119.000   1.000
268.382  129.000   0.000
268.503  120.000   1.000
268.635  131.000   2.000
268.753  118.000   1.000
268.883  129.000   1.000
269.012  129.000   0.000
269.133  120.000   1.000
269.263  130.000   1.000
269.383  119.000   1.000
269.513  130.000   1.000
269.632  119.000   1.000
269.762  130.000   1.000
269.882  119.000   1.000
270.005  121.000   2.000
270.132  128.000   0.000
270.263  130.000   1.000
270.382  119.000   1.000
270.522  139.000   1.000
270.632  109.000   1.000
270.762  129.000   0.000
270.881  119.000   0.000
271.002  121.000   0.000
271.133  130.000   0.000
271.254  120.000   1.000
271.383  129.000   1.000
271.504  120.000   1.000
271.633  129.000   1.000
271.753  120.000   1.000
271.883  129.000   1.000
272.003  119.000   1.000
272.132  130.000   0.000
272.253  120.000   1.000
272.382  129.000   1.000
272.502  120.000   0.000
272.642  139.000   0.000
272.782  140.000   0.000
272.913  130.000   0.000
273.012   99.000   0.000
273.132  119.000   0.000
273.262  130.000   0.000
273.391  129.000   0.000
273.512  120.000   1.000
273.652  139.000   0.000
273.763  110.000   1.000
273.881  119.000   0.000
274.013  130.000   1.000
274.132  119.000   0.000
274.263  129.000   1.000
274.381  119.000   0.000
274.512  130.000   1.000
274.651  139.000   0.000
274.762  110.000   1.000
274.882  120.000   0.000
275.003  120.000   1.000
275.133  129.000   1.000
275.252  119.000   0.000
275.382  129.000   0.000
275.504  120.000   1.000
275.635  130.000   2.000
275.754  119.000   1.000
275.893  139.000   1.000
276.023  129.000   1.000
276.133  109.000   1.000
276.253  119.000   1.000
276.382  129.000   0.000
276.513  130.000   1.000
276.633  120.000   1.000
276.763  129.000   1.000
276.883  119.000   1.000
277.012  129.000   0.000
277.132  119.000   0.000
277.263  130.000   1.000
277.382  119.000   0.000
277.513  130.000   1.000
277.642  129.000   0.000
277.761  119.000   0.000
277.902  140.000   0.000
278.023  120.000   1.000
278.132  109.000   0.000
278.282  150.000   1.000
278.381   99.000   0.000
278.543  160.000   1.000
278.632   89.000   0.000
278.782  150.000   1.000
278.882   99.000   1.000
279.005  122.000   1.000
279.132  128.000   0.000
279.253  120.000   0.000
279.383  130.000   1.000
279.504  120.000   1.000
279.633  129.000   1.000
279.752  119.000   0.000
279.883  130.000   1.000
280.003  119.000   1.000
280.133  129.000   1.000
280.253  120.000   1.000
280.383  130.000   0.000
280.503  119.000   1.000
280.634  130.000   1.000
280.763  129.000   1.000
280.883  120.000   1.000
281.013  129.000   1.000
281.133  120.000   1.000
281.262  129.000   0.000
281.382  120.000   0.000
281.502  120.000   0.000
281.632  129.000   0.000
281.762  130.000   0.000
281.882  119.000   0.000
282.012  130.000   1.000
282.133  120.000   1.000
282.263  129.000   1.000
282.382  119.000   0.000
282.512  129.000   0.000
282.632  120.000   1.000
282.762  130.000   1.000
282.882  119.000   1.000
283.003  120.000   1.000
283.133  129.000   1.000
283.253  120.000   1.000
283.383  129.000   1.000
283.502  119.000   0.000
283.643  140.000   1.000
283.753  110.000   1.000
283.883  129.000   1.000
284.023  139.000   1.000
284.133  110.000   1.000
284.254  119.000   1.000
284.382  129.000   0.000
284.504  120.000   1.000
284.633  129.000   1.000
284.763  129.000   1.000
284.883  120.000   1.000
285.013  129.000   1.000
285.132  119.000   0.000
285.262  129.000   0.000
285.383  120.000   1.000
285.513  130.000   1.000
285.643  130.000   1.000
285.761  119.000   0.000
285.882  120.000   1.000
286.033  150.000   1.000
286.142  109.000   1.000
286.263  119.000   1.000
286.381  119.000   0.000
286.523  140.000   1.000
286.631  109.000   0.000
286.762  130.000   1.000
286.884  120.000   1.000
287.014  130.000   1.000
287.143  129.000   1.000
287.253  110.000   1.000
287.402  149.000   0.000
287.503  100.000   1.000
287.632  129.000   0.000
287.752  120.000   0.000
287.882  129.000   0.000
288.004  120.000   1.000
288.133  130.000   1.000
288.253  120.000   1.000
288.383  129.000   1.000
288.513  130.000   1.000
288.632  119.000   0.000
288.762  130.000   0.000
288.882  120.000   0.000
289.013  130.000   1.000
289.134  120.000   1.000
289.283  149.000   1.000
289.392  109.000   0.000
289.513  120.000   1.000
289.642  129.000   0.000
289.763  120.000   1.000
289.882  119.000   0.000
290.012  130.000   0.000
290.133  120.000   1.000
290.263  129.000   1.000
290.382  119.000   1.000
290.553  170.000   1.000
290.631   79.000   0.000
290.763  130.000   1.000
290.882  119.000   1.000
291.003  120.000   0.000
291.133  130.000   1.000
291.262  129.000   0.000
291.384  121.000   1.000
291.504  119.000   1.000
291.633  128.000   1.000
291.752  119.000   0.000
291.883  130.000   1.000
292.004  120.000   1.000
292.133  129.000   1.000
292.253  119.000   1.000
292.382  129.000   0.000
292.502  120.000   0.000
292.642  139.000   0.000
292.752  110.000   0.000
292.882  129.000   1.000
293.002  120.000   0.000
293.132  129.000   0.000
293.272  140.000   0.000
293.381  109.000   0.000
293.513  130.000   1.000
293.632  119.000   0.000
293.762  129.000   0.000
293.892  129.000   0.000
294.012  120.000   1.000
294.132  119.000   0.000
294.262  130.000   1.000
294.382  119.000   1.000
294.512  130.000   1.000
294.632  119.000   0.000
294.783  150.000   1.000
294.902  119.000   1.000
295.003  101.000   1.000
295.133  130.000   1.000
295.253  119.000   1.000
295.433  179.000   0.000
295.502   69.000   0.000
295.632  129.000   0.000
295.752  119.000   0.000
295.882  130.000   0.000
296.012  129.000   0.000
296.134  120.000   1.000
296.253  119.000   1.000
296.412  159.000   0.000
296.502   90.000   0.000
296.642  140.000   0.000
296.762  119.000   0.000
296.883  120.000   1.000
297.012  129.000   0.000
297.133  120.000   1.000
297.273  139.000   1.000
297.382  110.000   0.000
297.513  130.000   1.000
297.632  119.000   0.000
297.761  129.000   0.000
297.892  130.000   0.000
298.012  119.000   0.000
298.142  130.000   0.000
298.292  149.000   1.000
298.381   89.000   0.000
298.562  180.000   0.000
298.631   69.000   0.000
298.762  130.000   1.000
298.912  150.000   0.000
299.003   90.000   1.000
299.133  130.000   1.000
299.252  119.000   0.000
299.413  160.000   0.000
299.503   89.000   1.000
299.634  130.000   1.000
299.752  119.000   0.000
299.882  129.000   0.000
300.003  120.000   1.000
300.143  140.000   1.000
300.253  109.000   1.000
300.383  129.000   1.000
300.513  129.000   1.000
300.633  120.000   1.000
300.763  130.000   1.000
300.882  119.000   0.000
301.003  120.000   1.000
301.133  130.000   1.000
301.262  129.000   0.000
301.382  120.000   0.000
301.504  120.000   1.000
301.632  129.000   1.000
301.762  130.000   1.000
301.883  120.000   1.000
302.013  129.000   1.000
302.133  120.000   1.000
302.273  139.000   1.000
302.382  109.000   1.000
302.512  130.000   1.000
302.632  119.000   1.000
302.762  130.000   1.000
302.883  121.000   1.000
303.004  120.000   1.000
303.134  129.000   1.000
303.253  120.000   1.000
303.393  139.000   1.000
303.503  109.000   0.000
303.633  129.000   1.000
303.753  119.000   1.000
303.883  130.000   1.000
304.004  120.000   1.000
304.134  130.000   1.000
