  4.183 4181.000   2.000
  4.270   88.000   1.000
  4.355   84.000   0.000
  4.403   48.000   1.000
  4.406    2.000   0.000
  4.408    2.000   0.000
  4.411    2.000   0.000
  4.414    3.000   0.000
  4.417    2.000   0.000
  4.420    2.000   0.000
  4.423    2.000   0.000
  4.426    2.000   0.000
  4.429    2.000   1.000
  4.432    3.000   0.000
  4.436    3.000   1.000
  4.439    3.000   0.000
  4.442    2.000   1.000
  4.454   11.000   1.000
  4.459    5.000   1.000
  4.463    3.000   1.000
  4.467    3.000   1.000
  4.471    4.000   1.000
  4.475    3.000   1.000
  4.479    4.000   1.000
  4.484    4.000   1.000
  4.488    4.000   1.000
  4.492    3.000   1.000
  4.496    4.000   1.000
  4.500    3.000   1.000
  4.505    5.000   1.000
  4.509    3.000   1.000
  4.513    4.000   1.000
  4.518    4.000   1.000
  4.522    4.000   1.000
  4.527    4.000   1.000
  4.531    4.000   1.000
  4.535    3.000   1.000
  4.540    5.000   1.000
  4.544    3.000   1.000
  4.548    3.000   1.000
  4.552    4.000   1.000
  4.556    3.000   1.000
  4.560    3.000   1.000
  4.564    4.000   1.000
  4.568    3.000   1.000
  4.572    3.000   1.000
  4.576    4.000   1.000
  4.580    3.000   1.000
  4.584    4.000   1.000
  4.589    5.000   1.000
  4.594    4.000   1.000
  4.598    3.000   1.000
  4.602    4.000   1.000
  4.606    4.000   1.000
  4.615    8.000   1.000
  4.625    9.000   1.000
  4.645   20.000   1.000
  4.655    9.000   1.000
  4.665   10.000   1.000
  4.675    9.000   1.000
  4.685   10.000   1.000
  4.695   10.000   1.000
  4.715   19.000   1.000
  4.725    9.000   1.000
  4.735   10.000   1.000
  4.746   10.000   1.000
  4.755    8.000   1.000
  4.775   19.000   1.000
  4.785    9.000   1.000
  4.795   10.000   1.000
  4.805    9.000   1.000
  4.815   10.000   1.000
  4.836   20.000   1.000
  4.843    7.000   1.000
  4.853    9.000   1.000
  4.863    9.000   1.000
  4.904   40.000   1.000
  4.963   59.000   1.000
  5.023   60.000   1.000
  5.093   70.000   1.000
  5.153   59.000   1.000
  5.213   60.000   1.000
  5.273   59.000   1.000
  5.333   60.000   1.000
  5.403   69.000   1.000
  5.463   60.000   1.000
  5.523   60.000   1.000
  5.583   59.000   1.000
  5.643   60.000   1.000
  5.713   69.000   1.000
  5.773   60.000   1.000
  5.833   60.000   1.000
  5.893   59.000   1.000
  5.953   59.000   1.000
  6.023   70.000   1.000
  6.083   59.000   1.000
  6.143   60.000   1.000
  6.203   59.000   1.000
  6.263   59.000   1.000
  6.333   70.000   1.000
  6.393   60.000   1.000
  6.453   59.000   1.000
  6.513   59.000   1.000
  6.573   59.000   1.000
  6.643   70.000   1.000
  6.703   59.000   1.000
  6.763   60.000   1.000
  6.823   60.000   1.000
  6.883   59.000   1.000
  6.953   69.000   1.000
  7.013   59.000   1.000
  7.073   60.000   1.000
  7.133   59.000   1.000
  7.193   60.000   1.000
  7.263   69.000   1.000
  7.323   60.000   1.000
  7.383   59.000   1.000
  7.443   60.000   1.000
  7.503   60.000   1.000
  7.573   69.000   1.000
  7.633   60.000   1.000
  7.693   60.000   1.000
  7.753   59.000   1.000
  7.823   69.000   1.000
  7.883   60.000   1.000
  7.953   69.000   1.000
  8.013   60.000   1.000
  8.073   60.000   1.000
  8.134   60.000   1.000
  8.204   69.000   1.000
  8.264   60.000   1.000
  8.324   59.000   1.000
  8.384   60.000   1.000
  8.433   49.000   1.000
  8.514   80.000   1.000
  8.573   59.000   1.000
  8.634   60.000   1.000
  8.683   49.000   1.000
  8.744   60.000   1.000
  8.824   79.000   1.000
  8.884   60.000   1.000
  8.933   49.000   1.000
  8.994   60.000   1.000
  9.053   59.000   1.000
  9.133   79.000   1.000
  9.183   49.000   1.000
  9.244   60.000   1.000
  9.303   59.000   1.000
  9.364   60.000   1.000
  9.433   69.000   1.000
  9.494   60.000   1.000
  9.553   59.000   1.000
  9.614   60.000   1.000
  9.684   69.000   1.000
  9.743   59.000   1.000
  9.803   59.000   1.000
  9.863   60.000   1.000
  9.933   69.000   1.000
  9.994   60.000   1.000
 10.053   59.000   1.000
 10.113   60.000   1.000
 10.183   69.000   1.000
 10.243   60.000   1.000
 10.303   59.000   1.000
 10.363   60.000   1.000
 10.433   69.000   1.000
 10.493   60.000   1.000
 10.553   59.000   1.000
 10.613   60.000   1.000
 10.683   69.000   1.000
 10.743   60.000   1.000
 10.803   59.000   1.000
 10.863   60.000   1.000
 10.913   49.000   1.000
 10.993   79.000   1.000
 11.053   60.000   1.000
 11.113   59.000   1.000
 11.163   50.000   1.000
 11.223   59.000   1.000
 11.303   79.000   1.000
 11.363   60.000   1.000
 11.413   50.000   1.000
 11.473   59.000   1.000
 11.533   60.000   1.000
 11.613   80.000   1.000
 11.663   49.000   1.000
 11.723   59.000   1.000
 11.783   60.000   1.000
 11.863   79.000   1.000
 11.913   50.000   1.000
 11.973   59.000   1.000
 12.033   59.000   1.000
 12.094   61.000   1.000
 12.154   59.000   1.000
 12.224   70.000   1.000
 12.284   59.000   1.000
 12.344   60.000   1.000
 12.404   59.000   1.000
 12.474   70.000   1.000
 12.534   59.000   1.000
 12.594   60.000   1.000
 12.654   59.000   1.000
 12.724   70.000   1.000
 12.774   49.000   1.000
 12.844   69.000   1.000
 12.904   60.000   1.000
 12.973   69.000   1.000
 13.024   50.000   1.000
 13.094   69.000   1.000
 13.154   59.000   1.000
 13.224   70.000   1.000
 13.274   50.000   1.000
 13.344   70.000   1.000
 13.394   49.000   1.000
 13.473   79.000   1.000
 13.524   50.000   1.000
 13.593   69.000   1.000
 13.644   50.000   1.000
 13.703   59.000   1.000
 13.773   70.000   1.000
 13.843   70.000   1.000
 13.894   50.000   1.000
 13.953   59.000   1.000
 14.014   60.000   1.000
 14.094   79.000   1.000
 14.144   50.000   1.000
 14.203   59.000   1.000
 14.263   60.000   1.000
 14.323   59.000   1.000
 14.393   70.000   1.000
 14.453   59.000   1.000
 14.513   60.000   1.000
 14.573   59.000   1.000
 14.633   60.000   1.000
 14.704   70.000   1.000
 14.763   59.000   1.000
 14.823   59.000   1.000
 14.883   60.000   1.000
 14.943   59.000   1.000
 15.013   69.000   1.000
 15.073   59.000   1.000
 15.133   60.000   1.000
 15.193   59.000   1.000
 15.263   69.000   1.000
 15.323   59.000   1.000
 15.383   60.000   1.000
 15.443   60.000   1.000
 15.513   69.000   1.000
 15.563   49.000   1.000
 15.633   70.000   1.000
 15.693   59.000   1.000
 15.763   69.000   1.000
 15.813   50.000   1.000
 15.883   69.000   1.000
 15.943   60.000   1.000
 16.013   69.000   1.000
 16.064   51.000   1.000
 16.133   68.000   1.000
 16.184   51.000   1.000
 16.264   79.000   1.000
 16.314   50.000   1.000
 16.384   69.000   1.000
 16.434   50.000   1.000
 16.494   59.000   1.000
 16.564   69.000   1.000
 16.634   69.000   1.000
 16.684   50.000   1.000
 16.744   59.000   1.000
 16.804   60.000   1.000
 16.884   80.000   1.000
 16.934   49.000   1.000
 16.994   59.000   1.000
 17.054   60.000   1.000
 17.114   59.000   1.000
 17.184   69.000   1.000
 17.244   60.000   1.000
 17.304   60.000   1.000
 17.364   59.000   1.000
 17.434   70.000   1.000
 17.494   60.000   1.000
 17.554   60.000   1.000
 17.614   60.000   1.000
 17.683   69.000   1.000
 17.733   50.000   1.000
 17.804   70.000   1.000
 17.864   60.000   1.000
 17.933   69.000   1.000
 17.984   50.000   1.000
 18.053   69.000   1.000
 18.114   59.000   1.000
 18.183   69.000   1.000
 18.233   50.000   1.000
 18.304   69.000   1.000
 18.353   50.000   1.000
 18.433   79.000   1.000
 18.483   50.000   1.000
 18.553   69.000   1.000
 18.603   50.000   1.000
 18.663   59.000   1.000
 18.733   70.000   1.000
 18.803   70.000   1.000
 18.853   49.000   1.000
 18.913   60.000   1.000
 18.973   59.000   1.000
 19.054   80.000   1.000
 19.103   50.000   1.000
 19.163   59.000   1.000
 19.223   60.000   1.000
 19.283   59.000   1.000
 19.353   70.000   1.000
 19.413   59.000   1.000
 19.473   60.000   1.000
 19.533   59.000   1.000
 19.593   60.000   1.000
 19.663   69.000   1.000
 19.723   60.000   1.000
 19.783   59.000   1.000
 19.843   60.000   1.000
 19.903   59.000   1.000
 19.973   69.000   1.000
 20.033   59.000   1.000
 20.094   61.000   1.000
 20.154   59.000   1.000
 20.214   60.000   1.000
 20.284   69.000   1.000
 20.344   60.000   1.000
 20.404   59.000   1.000
 20.464   60.000   1.000
 20.524   59.000   1.000
 20.594   70.000   1.000
 20.654   59.000   1.000
 20.714   60.000   1.000
 20.774   59.000   1.000
 20.844   70.000   1.000
 20.904   60.000   1.000
 20.964   59.000   1.000
 21.024   59.000   1.000
 21.094   70.000   1.000
 21.144   49.000   1.000
 21.214   69.000   1.000
 21.273   59.000   1.000
 21.344   70.000   1.000
 21.394   49.000   1.000
 21.453   59.000   1.000
 21.524   70.000   1.000
 21.594   70.000   1.000
 21.644   49.000   1.000
 21.703   59.000   1.000
 21.763   60.000   1.000
 21.844   80.000   1.000
 21.894   50.000   1.000
 21.953   59.000   1.000
 22.014   60.000   1.000
 22.073   59.000   1.000
 22.144   70.000   1.000
 22.203   59.000   1.000
 22.264   60.000   1.000
 22.323   59.000   1.000
 22.384   60.000   1.000
 22.453   69.000   1.000
 22.513   60.000   1.000
 22.573   59.000   1.000
 22.633   60.000   1.000
 22.693   60.000   1.000
 22.763   69.000   1.000
 22.823   60.000   1.000
 22.883   59.000   1.000
 22.943   60.000   1.000
 23.014   70.000   1.000
 23.073   59.000   1.000
 23.133   59.000   1.000
 23.193   60.000   1.000
 23.263   69.000   1.000
 23.313   49.000   1.000
 23.383   69.000   1.000
 23.443   60.000   1.000
 23.513   69.000   1.000
 23.563   49.000   1.000
 23.623   60.000   1.000
 23.693   69.000   1.000
 23.763   70.000   1.000
 23.813   49.000   1.000
 23.873   60.000   1.000
 23.943   69.000   1.000
 24.013   70.000   1.000
 24.064   51.000   1.000
 24.123   58.000   1.000
 24.184   60.000   1.000
 24.244   60.000   1.000
 24.314   70.000   1.000
 24.374   59.000   1.000
 24.434   59.000   1.000
 24.494   60.000   1.000
 24.554   59.000   1.000
 24.624   69.000   1.000
 24.684   60.000   1.000
 24.744   59.000   1.000
 24.804   59.000   1.000
 24.864   59.000   1.000
 24.934   70.000   1.000
 24.994   60.000   1.000
 25.054   59.000   1.000
 25.114   60.000   1.000
 25.184   69.000   1.000
 25.244   60.000   1.000
 25.304   59.000   1.000
 25.363   59.000   1.000
 25.434   70.000   1.000
 25.484   50.000   1.000
 25.554   69.000   1.000
 25.613   59.000   1.000
 25.684   69.000   1.000
 25.734   50.000   1.000
 25.794   59.000   1.000
 25.864   70.000   1.000
 25.934   69.000   1.000
 25.984   50.000   1.000
 26.043   59.000   1.000
 26.103   59.000   1.000
 26.184   79.000   1.000
 26.233   50.000   1.000
 26.294   59.000   1.000
 26.353   60.000   1.000
 26.413   59.000   1.000
 26.483   70.000   1.000
 26.543   60.000   1.000
 26.603   59.000   1.000
 26.663   59.000   1.000
 26.723   60.000   1.000
 26.793   70.000   1.000
 26.853   59.000   1.000
 26.914   60.000   1.000
 26.973   59.000   1.000
 27.033   59.000   1.000
 27.103   69.000   1.000
 27.163   59.000   1.000
 27.223   60.000   1.000
 27.283   59.000   1.000
 27.343   60.000   1.000
 27.413   69.000   1.000
 27.473   60.000   1.000
 27.533   59.000   1.000
 27.593   60.000   1.000
 27.663   69.000   1.000
 27.723   60.000   1.000
 27.783   59.000   1.000
 27.843   60.000   1.000
 27.903   60.000   1.000
 27.973   69.000   1.000
 28.034   61.000   1.000
 28.094   60.000   1.000
 28.154   59.000   1.000
 28.214   60.000   1.000
 28.274   59.000   1.000
 28.344   70.000   1.000
 28.404   59.000   1.000
 28.464   60.000   1.000
 28.524   59.000   1.000
 28.594   70.000   1.000
 28.654   59.000   1.000
 28.714   60.000   1.000
 28.774   59.000   1.000
 28.844   70.000   1.000
 28.894   49.000   1.000
 28.964   69.000   1.000
 29.024   59.000   1.000
 29.094   70.000   1.000
 29.144   49.000   1.000
 29.203   59.000   1.000
 29.274   70.000   1.000
 29.344   69.000   1.000
 29.394   49.000   1.000
 29.453   59.000   1.000
 29.514   60.000   1.000
 29.594   79.000   1.000
 29.644   50.000   1.000
 29.704   60.000   1.000
 29.764   59.000   1.000
 29.824   59.000   1.000
 29.894   70.000   1.000
 29.953   59.000   1.000
 30.014   60.000   1.000
 30.073   59.000   1.000
 30.133   59.000   1.000
 30.203   69.000   1.000
 30.264   60.000   1.000
 30.323   59.000   1.000
 30.383   59.000   1.000
 30.443   60.000   1.000
 30.513   69.000   1.000
 30.573   59.000   1.000
 30.634   60.000   1.000
 30.693   59.000   1.000
 30.763   69.000   1.000
 30.823   60.000   1.000
 30.883   59.000   1.000
 30.943   60.000   1.000
 31.013   70.000   1.000
 31.063   50.000   1.000
 31.133   69.000   1.000
 31.193   60.000   1.000
 31.263   69.000   1.000
 31.313   49.000   1.000
 31.373   60.000   1.000
 31.443   70.000   1.000
 31.513   69.000   1.000
 31.563   49.000   1.000
 31.623   60.000   1.000
 31.693   69.000   1.000
 31.763   69.000   1.000
 31.813   50.000   1.000
 31.873   60.000   1.000
 31.933   59.000   1.000
 32.013   79.000   1.000
 32.064   51.000   1.000
 32.123   58.000   1.000
 32.184   61.000   1.000
 32.244   59.000   1.000
 32.304   59.000   1.000
 32.374   69.000   1.000
 32.434   60.000   1.000
 32.494   59.000   1.000
 32.554   59.000   1.000
 32.614   60.000   1.000
 32.684   69.000   1.000
 32.744   60.000   1.000
 32.804   59.000   1.000
 32.864   60.000   1.000
 32.934   69.000   1.000
 32.994   60.000   1.000
 33.054   59.000   1.000
 33.114   60.000   1.000
 33.184   69.000   1.000
 33.234   50.000   1.000
 33.304   69.000   1.000
 33.363   59.000   1.000
 33.434   70.000   1.000
 33.484   50.000   1.000
 33.544   59.000   1.000
 33.613   69.000   1.000
 33.684   70.000   1.000
 33.734   49.000   1.000
 33.794   60.000   1.000
 33.853   59.000   1.000
 33.934   80.000   1.000
 33.984   50.000   1.000
 34.043   59.000   1.000
 34.103   59.000   1.000
 34.163   59.000   1.000
 34.233   70.000   1.000
 34.294   60.000   1.000
 34.353   60.000   1.000
 34.413   59.000   1.000
 34.473   60.000   1.000
 34.543   69.000   1.000
 34.603   59.000   1.000
 34.663   59.000   1.000
 34.723   60.000   1.000
 34.783   59.000   1.000
 34.853   69.000   1.000
 34.914   60.000   1.000
 34.973   59.000   1.000
 35.033   59.000   1.000
 35.093   60.000   1.000
 35.163   69.000   1.000
 35.223   60.000   1.000
 35.283   59.000   1.000
 35.343   60.000   1.000
 35.413   69.000   1.000
 35.473   60.000   1.000
 35.533   59.000   1.000
 35.593   60.000   1.000
 35.653   59.000   1.000
 35.723   70.000   1.000
 35.783   59.000   1.000
 35.843   60.000   1.000
 35.903   59.000   1.000
 35.963   60.000   1.000
 36.034   70.000   1.000
 36.104   69.000   1.000
 36.164   59.000   1.000
 36.214   50.000   1.000
 36.284   69.000   1.000
 36.334   50.000   1.000
 36.414   79.000   1.000
 36.464   50.000   1.000
 36.534   69.000   1.000
 36.584   50.000   1.000
 36.644   59.000   1.000
 36.714   70.000   1.000
 36.784   69.000   1.000
 36.834   50.000   1.000
 36.894   60.000   1.000
 36.964   69.000   1.000
 37.034   69.000   1.000
 37.084   50.000   1.000
 37.144   59.000   1.000
 37.214   69.000   1.000
 37.264   49.000   1.000
 37.334   69.000   1.000
 37.394   60.000   1.000
 37.464   69.000   1.000
 37.513   49.000   1.000
 37.574   60.000   1.000
 37.644   69.000   1.000
 37.714   69.000   1.000
 37.763   50.000   1.000
 37.824   60.000   1.000
 37.894   70.000   1.000
 37.964   69.000   1.000
 38.014   50.000   1.000
 38.074   60.000   1.000
 38.144   69.000   1.000
 38.193   50.000   1.000
 38.264   69.000   1.000
 38.323   60.000   1.000
 38.394   69.000   1.000
 38.444   50.000   1.000
 38.504   60.000   1.000
 38.573   69.000   1.000
 38.643   70.000   1.000
 38.693   50.000   1.000
 38.753   59.000   1.000
 38.823   69.000   1.000
 38.894   70.000   1.000
 38.943   49.000   1.000
 39.003   60.000   1.000
 39.074   70.000   1.000
 39.123   49.000   1.000
 39.193   69.000   1.000
 39.253   59.000   1.000
 39.323   69.000   1.000
 39.373   49.000   1.000
 39.443   70.000   1.000
 39.503   60.000   1.000
 39.573   69.000   1.000
 39.623   50.000   1.000
 39.693   70.000   1.000
 39.753   59.000   1.000
 39.823   69.000   1.000
 39.873   49.000   1.000
 39.943   70.000   1.000
 40.003   60.000   1.000
 40.054   50.000   1.000
 40.124   69.000   1.000
 40.194   70.000   1.000
 40.254   59.000   1.000
 40.304   50.000   1.000
 40.374   69.000   1.000
 40.444   70.000   1.000
 40.503   59.000   1.000
 40.554   50.000   1.000
 40.624   69.000   1.000
 40.674   50.000   1.000
 40.754   79.000   1.000
 40.804   50.000   1.000
 40.874   70.000   1.000
 40.924   49.000   1.000
 40.984   59.000   1.000
 41.054   69.000   1.000
 41.124   69.000   1.000
 41.174   50.000   1.000
 41.234   59.000   1.000
 41.304   69.000   1.000
 41.374   69.000   1.000
 41.424   50.000   1.000
 41.484   59.000   1.000
 41.554   69.000   1.000
 41.604   50.000   1.000
 41.674   69.000   1.000
 41.734   60.000   1.000
 41.804   70.000   1.000
 41.853   49.000   1.000
 41.914   60.000   1.000
 41.984   69.000   1.000
 42.054   69.000   1.000
 42.103   50.000   1.000
 42.164   60.000   1.000
 42.234   69.000   1.000
 42.303   69.000   1.000
 42.354   50.000   1.000
 42.413   59.000   1.000
 42.484   70.000   1.000
 42.533   49.000   1.000
 42.603   69.000   1.000
 42.663   60.000   1.000
 42.734   70.000   1.000
 42.783   49.000   1.000
 42.853   69.000   1.000
 42.914   60.000   1.000
 42.983   69.000   1.000
 43.033   50.000   1.000
 43.103   69.000   1.000
 43.163   60.000   1.000
 43.233   69.000   1.000
 43.283   50.000   1.000
 43.353   70.000   1.000
 43.413   59.000   1.000
 43.463   49.000   1.000
 43.533   69.000   1.000
 43.603   70.000   1.000
 43.663   60.000   1.000
 43.713   49.000   1.000
 43.783   69.000   1.000
 43.853   70.000   1.000
 43.913   60.000   1.000
 43.963   49.000   1.000
 44.033   69.000   1.000
 44.084   50.000   1.000
 44.164   79.000   1.000
 44.214   50.000   1.000
 44.284   70.000   1.000
 44.334   49.000   1.000
 44.394   59.000   1.000
 44.464   69.000   1.000
 44.534   69.000   1.000
 44.584   50.000   1.000
 44.644   59.000   1.000
 44.714   70.000   1.000
 44.784   69.000   1.000
 44.834   50.000   1.000
 44.894   60.000   1.000
 44.964   69.000   1.000
 45.014   50.000   1.000
 45.084   69.000   1.000
 45.144   60.000   1.000
 45.214   69.000   1.000
 45.264   49.000   1.000
 45.324   60.000   1.000
 45.394   69.000   1.000
 45.464   69.000   1.000
 45.514   49.000   1.000
 45.574   60.000   1.000
 45.644   70.000   1.000
 45.714   69.000   1.000
 45.763   50.000   1.000
 45.824   60.000   1.000
 45.894   70.000   1.000
 45.944   49.000   1.000
 46.014   69.000   1.000
 46.074   60.000   1.000
 46.144   69.000   1.000
 46.194   50.000   1.000
 46.253   59.000   1.000
 46.324   69.000   1.000
 46.393   70.000   1.000
 46.444   50.000   1.000
 46.503   60.000   1.000
 46.573   69.000   1.000
 46.643   70.000   1.000
 46.693   50.000   1.000
 46.753   59.000   1.000
 46.823   69.000   1.000
 46.873   49.000   1.000
 46.943   70.000   1.000
 47.003   60.000   1.000
 47.074   69.000   1.000
 47.123   49.000   1.000
 47.193   70.000   1.000
 47.253   59.000   1.000
 47.323   69.000   1.000
 47.373   49.000   1.000
 47.443   70.000   1.000
 47.503   60.000   1.000
 47.574   69.000   1.000
 47.623   49.000   1.000
 47.693   69.000   1.000
 47.753   59.000   1.000
 47.803   50.000   1.000
 47.873   70.000   1.000
 47.943   69.000   1.000
 48.003   60.000   1.000
 48.054   50.000   1.000
 48.124   69.000   1.000
 48.194   70.000   1.000
 48.254   59.000   1.000
 48.304   50.000   1.000
 48.374   69.000   1.000
 48.424   50.000   1.000
 48.503   79.000   1.000
 48.554   50.000   1.000
 48.624   69.000   1.000
 48.674   50.000   1.000
 48.734   59.000   1.000
 48.804   70.000   1.000
 48.874   69.000   1.000
 48.924   50.000   1.000
 48.984   59.000   1.000
 49.054   69.000   1.000
 49.124   69.000   1.000
 49.174   50.000   1.000
 49.234   59.000   1.000
 49.304   70.000   1.000
 49.374   69.000   1.000
 49.424   50.000   1.000
 49.484   59.000   1.000
 49.554   69.000   1.000
 49.604   50.000   1.000
 49.664   60.000   1.000
 49.734   69.000   1.000
 49.804   70.000   1.000
 49.854   49.000   1.000
 49.914   60.000   1.000
 49.984   69.000   1.000
 50.054   69.000   1.000
 50.104   49.000   1.000
 50.164   60.000   1.000
 50.233   69.000   1.000
 50.283   50.000   1.000
 50.353   68.000   1.000
 50.414   61.000   1.000
 50.484   69.000   1.000
 50.533   49.000   1.000
 50.603   69.000   1.000
 50.663   60.000   1.000
 50.733   69.000   1.000
 50.783   50.000   1.000
 50.853   69.000   1.000
 50.913   60.000   1.000
 50.983   69.000   1.000
 51.033   50.000   1.000
 51.103   69.000   1.000
 51.163   60.000   1.000
 51.213   49.000   1.000
 51.283   69.000   1.000
 51.353   70.000   1.000
 51.413   59.000   1.000
 51.463   49.000   1.000
 51.533   69.000   1.000
 51.603   70.000   1.000
 51.663   60.000   1.000
 51.713   49.000   1.000
 51.783   69.000   1.000
 51.833   50.000   1.000
 51.913   80.000   1.000
 51.963   49.000   1.000
 52.034   70.000   1.000
 52.084   49.000   1.000
 52.144   60.000   1.000
 52.214   69.000   1.000
 52.284   69.000   1.000
 52.334   50.000   1.000
 52.394   59.000   1.000
 52.464   69.000   1.000
 52.534   69.000   1.000
 52.584   49.000   1.000
 52.644   60.000   1.000
 52.714   69.000   1.000
 52.764   50.000   1.000
 52.834   69.000   1.000
 52.894   60.000   1.000
 52.964   69.000   1.000
 53.014   50.000   1.000
 53.074   60.000   1.000
 53.144   69.000   1.000
 53.214   69.000   1.000
 53.264   50.000   1.000
 53.324   59.000   1.000
 53.394   70.000   1.000
 53.464   69.000   1.000
 53.514   50.000   1.000
 53.574   59.000   1.000
 53.644   70.000   1.000
 53.693   49.000   1.000
 53.764   70.000   1.000
 53.824   59.000   1.000
 53.894   70.000   1.000
 53.943   49.000   1.000
 54.014   69.000   1.000
 54.074   60.000   1.000
 54.144   69.000   1.000
 54.193   50.000   1.000
 54.254   60.000   1.000
 54.324   69.000   1.000
 54.394   70.000   1.000
 54.443   50.000   1.000
 54.504   60.000   1.000
 54.573   69.000   1.000
 54.623   50.000   1.000
 54.694   70.000   1.000
 54.753   59.000   1.000
 54.823   69.000   1.000
 54.873   50.000   1.000
 54.943   69.000   1.000
 55.003   60.000   1.000
 55.074   69.000   1.000
 55.123   49.000   1.000
 55.193   69.000   1.000
 55.253   60.000   1.000
 55.323   69.000   1.000
 55.373   50.000   1.000
 55.443   69.000   1.000
 55.503   60.000   1.000
 55.553   49.000   1.000
 55.623   69.000   1.000
 55.693   70.000   1.000
 55.753   60.000   1.000
 55.803   49.000   1.000
 55.873   70.000   1.000
 55.943   69.000   1.000
 56.003   60.000   1.000
 56.054   50.000   1.000
 56.124   69.000   1.000
 56.174   49.000   1.000
 56.254   80.000   1.000
 56.304   50.000   1.000
 56.374   69.000   1.000
 56.424   50.000   1.000
 56.484   60.000   1.000
 56.554   69.000   1.000
 56.624   70.000   1.000
 56.674   49.000   1.000
 56.734   59.000   1.000
 56.804   70.000   1.000
 56.874   69.000   1.000
 56.924   50.000   1.000
 56.984   59.000   1.000
 57.054   69.000   1.000
 57.104   49.000   1.000
 57.174   69.000   1.000
 57.234   60.000   1.000
 57.304   69.000   1.000
 57.353   49.000   1.000
 57.414   61.000   1.000
 57.484   69.000   1.000
 57.554   69.000   1.000
 57.604   50.000   1.000
 57.664   60.000   1.000
 57.734   70.000   1.000
 57.804   69.000   1.000
 57.853   49.000   1.000
 57.914   60.000   1.000
 57.984   69.000   1.000
 58.034   50.000   1.000
 58.104   69.000   1.000
 58.163   60.000   1.000
 58.234   69.000   1.000
 58.283   50.000   1.000
 58.353   68.000   2.000
 58.413   61.000   1.000
 58.484   69.000   1.000
 58.533   49.000   1.000
 58.604   69.000   1.000
 58.663   60.000   1.000
 58.733   69.000   1.000
 58.783   50.000   1.000
 58.853   69.000   1.000
 58.913   60.000   1.000
 58.963   49.000   1.000
 59.033   70.000   1.000
 59.103   69.000   1.000
 59.163   60.000   1.000
 59.213   49.000   1.000
 59.284   70.000   1.000
 59.353   69.000   1.000
 59.413   59.000   1.000
 59.463   49.000   1.000
 59.533   69.000   1.000
 59.603   70.000   1.000
 59.663   60.000   1.000
 59.713   50.000   1.000
 59.783   69.000   1.000
 59.833   50.000   1.000
 59.893   60.000   1.000
 59.963   69.000   1.000
 60.033   69.000   1.000
 60.084   50.000   1.000
 60.144   60.000   1.000
 60.214   69.000   1.000
 60.284   69.000   1.000
 60.334   50.000   1.000
 60.394   60.000   1.000
 60.464   69.000   1.000
 60.534   69.000   1.000
 60.584   49.000   1.000
 60.644   60.000   1.000
 60.714   69.000   1.000
 60.764   50.000   1.000
 60.824   59.000   1.000
 60.894   70.000   1.000
 60.964   69.000   1.000
 61.014   50.000   1.000
 61.074   60.000   1.000
 61.144   69.000   1.000
 61.214   69.000   1.000
 61.264   50.000   1.000
 61.324   59.000   1.000
 61.394   70.000   1.000
 61.444   50.000   1.000
 61.514   69.000   1.000
 61.574   60.000   1.000
 61.644   70.000   1.000
 61.693   49.000   1.000
 61.754   60.000   1.000
 61.824   69.000   1.000
 61.894   70.000   1.000
 61.943   49.000   1.000
 62.003   59.000   1.000
 62.074   70.000   1.000
 62.144   69.000   1.000
 62.193   50.000   1.000
 62.253   60.000   1.000
 62.324   69.000   1.000
 62.373   50.000   1.000
 62.444   69.000   1.000
 62.503   60.000   1.000
 62.574   69.000   1.000
 62.623   49.000   1.000
 62.693   69.000   1.000
 62.753   60.000   1.000
 62.823   69.000   1.000
 62.873   50.000   1.000
 62.943   69.000   1.000
 63.003   60.000   1.000
 63.074   69.000   1.000
 63.123   49.000   1.000
 63.193   69.000   1.000
 63.253   60.000   1.000
 63.303   49.000   1.000
 63.373   69.000   1.000
 63.443   70.000   1.000
 63.503   60.000   1.000
 63.553   49.000   1.000
 63.623   69.000   1.000
 63.693   69.000   1.000
 63.753   60.000   1.000
 63.803   49.000   1.000
 63.873   69.000   1.000
 63.943   70.000   1.000
 64.003   60.000   1.000
 64.054   50.000   1.000
 64.124   69.000   1.000
 64.174   49.000   1.000
 64.234   60.000   1.000
 64.304   69.000   1.000
 64.374   69.000   1.000
 64.424   49.000   1.000
 64.484   60.000   1.000
 64.554   69.000   1.000
 64.624   69.000   1.000
 64.674   49.000   1.000
 64.734   60.000   1.000
 64.804   69.000   1.000
 64.854   50.000   1.000
 64.924   69.000   1.000
 64.984   60.000   1.000
 65.054   69.000   1.000
 65.104   50.000   1.000
 65.164   59.000   1.000
 65.234   70.000   1.000
 65.304   70.000   1.000
 65.353   49.000   1.000
 65.414   60.000   1.000
 65.484   70.000   1.000
 65.554   69.000   1.000
 65.604   50.000   1.000
 65.663   59.000   1.000
 65.734   70.000   1.000
 65.783   49.000   1.000
 65.854   70.000   1.000
 65.914   60.000   1.000
 65.984   69.000   1.000
 66.033   49.000   1.000
 66.104   69.000   1.000
 66.163   59.000   1.000
 66.234   70.000   1.000
 66.283   49.000   1.000
 66.354   69.000   3.000
 66.413   60.000   1.000
 66.484   70.000   1.000
 66.533   49.000   1.000
 66.604   70.000   1.000
 66.663   59.000   1.000
 66.713   50.000   1.000
 66.783   69.000   1.000
 66.853   70.000   1.000
 66.913   60.000   1.000
 66.963   49.000   1.000
 67.033   69.000   1.000
 67.103   70.000   1.000
 67.163   59.000   1.000
 67.213   50.000   1.000
 67.283   69.000   1.000
 67.333   50.000   1.000
 67.413   79.000   1.000
 67.463   50.000   1.000
 67.533   69.000   1.000
 67.583   50.000   1.000
 67.643   59.000   1.000
 67.713   69.000   1.000
 67.783   69.000   1.000
 67.833   50.000   1.000
 67.893   60.000   1.000
 67.963   69.000   1.000
 68.034   70.000   1.000
 68.084   50.000   1.000
 68.144   59.000   1.000
 68.214   69.000   1.000
 68.264   49.000   1.000
 68.334   70.000   1.000
 68.394   59.000   1.000
 68.464   69.000   1.000
 68.513   48.000   1.000
 68.574   61.000   1.000
 68.644   69.000   1.000
 68.714   70.000   1.000
 68.764   50.000   1.000
 68.824   59.000   1.000
 68.894   69.000   1.000
 68.964   69.000   1.000
 69.014   50.000   1.000
 69.074   60.000   1.000
 69.144   69.000   1.000
 69.194   50.000   1.000
 69.264   69.000   1.000
 69.324   60.000   1.000
 69.394   69.000   1.000
 69.444   50.000   1.000
 69.514   69.000   1.000
 69.574   60.000   1.000
 69.644   69.000   1.000
 69.694   50.000   1.000
 69.754   59.000   1.000
 69.823   69.000   1.000
 69.894   69.000   1.000
 69.944   50.000   1.000
 70.003   59.000   1.000
 70.074   70.000   1.000
 70.123   49.000   1.000
 70.194   70.000   1.000
 70.253   59.000   1.000
 70.323   69.000   1.000
 70.373   49.000   1.000
 70.434   60.000   1.000
 70.504   70.000   1.000
 70.573   69.000   1.000
 70.623   50.000   1.000
 70.683   60.000   1.000
 70.753   69.000   1.000
 70.823   69.000   1.000
 70.873   49.000   1.000
 70.933   60.000   1.000
 71.004   70.000   1.000
 71.053   49.000   1.000
 71.123   69.000   1.000
 71.183   60.000   1.000
 71.253   69.000   1.000
 71.303   50.000   1.000
 71.363   59.000   1.000
 71.433   70.000   1.000
 71.503   70.000   1.000
 71.553   49.000   1.000
 71.613   60.000   1.000
 71.683   69.000   1.000
 71.753   70.000   1.000
 71.803   50.000   1.000
 71.863   59.000   1.000
 71.933   70.000   1.000
 71.984   50.000   1.000
 72.054   69.000   1.000
 72.114   60.000   1.000
 72.184   69.000   1.000
 72.234   49.000   1.000
 72.294   60.000   1.000
 72.364   69.000   1.000
 72.434   69.000   1.000
 72.484   50.000   1.000
 72.544   59.000   1.000
 72.604   59.000   1.000
 72.684   79.000   1.000
 72.734   50.000   1.000
 72.794   59.000   1.000
 72.854   60.000   1.000
 72.914   60.000   1.000
 72.984   69.000   1.000
 73.044   60.000   1.000
 73.104   60.000   1.000
 73.164   59.000   1.000
 73.224   60.000   1.000
 73.294   69.000   1.000
 73.354   59.000   2.000
 73.414   60.000   1.000
 73.474   60.000   1.000
 73.533   59.000   1.000
 73.604   70.000   1.000
 73.664   59.000   1.000
 73.723   60.000   1.000
 73.783   59.000   1.000
 73.854   70.000   1.000
 73.914   60.000   1.000
 73.974   60.000   1.000
 74.033   59.000   1.000
 74.104   69.000   1.000
 74.153   49.000   1.000
 74.224   70.000   1.000
 74.284   60.000   1.000
 74.354   69.000   1.000
 74.403   49.000   1.000
 74.463   60.000   1.000
 74.533   69.000   1.000
 74.603   70.000   1.000
 74.653   49.000   1.000
 74.713   60.000   1.000
 74.783   69.000   1.000
 74.853   70.000   1.000
 74.903   50.000   1.000
 74.963   59.000   1.000
 75.033   69.000   1.000
 75.083   50.000   1.000
 75.153   69.000   1.000
 75.213   60.000   1.000
 75.283   69.000   1.000
 75.333   50.000   1.000
 75.393   59.000   1.000
 75.463   69.000   1.000
 75.533   69.000   1.000
 75.583   50.000   1.000
 75.643   60.000   1.000
 75.713   69.000   1.000
 75.783   69.000   1.000
 75.833   50.000   1.000
 75.893   59.000   1.000
 75.964   70.000   1.000
 76.034   69.000   1.000
 76.084   50.000   1.000
 76.144   59.000   1.000
 76.214   70.000   1.000
 76.264   49.000   1.000
 76.324   60.000   1.000
 76.394   69.000   1.000
 76.464   69.000   1.000
 76.514   50.000   1.000
 76.574   60.000   1.000
 76.644   69.000   1.000
 76.714   70.000   1.000
 76.764   49.000   1.000
 76.824   60.000   1.000
 76.894   70.000   1.000
 76.944   49.000   1.000
 77.014   69.000   1.000
 77.074   60.000   1.000
 77.144   69.000   1.000
 77.194   50.000   1.000
 77.254   59.000   1.000
 77.324   69.000   1.000
 77.394   69.000   1.000
 77.444   50.000   1.000
 77.503   59.000   1.000
 77.574   70.000   1.000
 77.644   69.000   1.000
 77.694   50.000   1.000
 77.754   59.000   1.000
 77.823   69.000   1.000
 77.873   49.000   1.000
 77.944   70.000   1.000
 78.003   59.000   1.000
 78.074   70.000   1.000
 78.123   49.000   1.000
 78.184   60.000   1.000
 78.253   69.000   1.000
 78.323   69.000   1.000
 78.373   49.000   1.000
 78.433   60.000   1.000
 78.504   70.000   1.000
 78.573   69.000   1.000
 78.623   50.000   1.000
 78.683   60.000   1.000
 78.753   69.000   1.000
 78.803   50.000   1.000
 78.873   69.000   1.000
 78.933   60.000   1.000
 79.003   70.000   1.000
 79.053   49.000   1.000
 79.113   59.000   1.000
 79.183   70.000   1.000
 79.253   70.000   1.000
 79.303   50.000   1.000
 79.363   59.000   1.000
 79.433   70.000   1.000
 79.503   70.000   1.000
 79.553   49.000   1.000
 79.613   59.000   1.000
 79.683   69.000   1.000
 79.753   70.000   1.000
 79.803   50.000   1.000
 79.863   59.000   1.000
 79.933   70.000   1.000
 79.984   50.000   1.000
 80.044   60.000   1.000
 80.114   69.000   1.000
 80.184   69.000   1.000
 80.234   49.000   1.000
 80.294   60.000   1.000
 80.354   60.000   1.000
 80.434   80.000   1.000
 80.483   48.000   1.000
 80.544   60.000   1.000
 80.604   59.000   1.000
 80.664   59.000   1.000
 80.734   69.000   1.000
 80.794   60.000   1.000
 80.854   59.000   1.000
 80.914   60.000   1.000
 80.974   59.000   1.000
 81.044   70.000   1.000
 81.104   59.000   1.000
 81.164   59.000   1.000
 81.224   60.000   1.000
 81.284   60.000   1.000
 81.353   68.000   2.000
 81.414   60.000   1.000
 81.474   60.000   1.000
 81.534   60.000   1.000
 81.604   69.000   1.000
 81.664   59.000   1.000
 81.724   60.000   1.000
 81.784   60.000   1.000
 81.854   69.000   1.000
 81.904   50.000   1.000
 81.974   69.000   1.000
 82.033   60.000   1.000
 82.104   69.000   1.000
 82.153   50.000   1.000
 82.213   59.000   1.000
 82.283   70.000   1.000
 82.353   69.000   1.000
 82.404   51.000   1.000
 82.463   59.000   1.000
 82.533   69.000   1.000
 82.603   70.000   1.000
 82.653   50.000   1.000
 82.713   59.000   1.000
 82.783   69.000   1.000
 82.833   50.000   1.000
 82.903   70.000   1.000
 82.963   59.000   1.000
 83.033   69.000   1.000
 83.083   50.000   1.000
 83.143   60.000   1.000
 83.213   69.000   1.000
 83.283   70.000   1.000
 83.333   50.000   1.000
 83.393   60.000   1.000
 83.463   69.000   1.000
 83.533   69.000   1.000
 83.583   50.000   1.000
 83.643   60.000   1.000
 83.713   69.000   1.000
 83.763   50.000   1.000
 83.833   69.000   1.000
 83.894   60.000   1.000
 83.964   69.000   1.000
 84.013   49.000   1.000
 84.074   61.000   1.000
 84.144   69.000   1.000
 84.214   70.000   1.000
 84.264   50.000   1.000
 84.324   59.000   1.000
 84.394   69.000   1.000
 84.464   69.000   1.000
 84.513   49.000   1.000
 84.574   60.000   1.000
 84.644   70.000   1.000
 84.694   50.000   1.000
 84.764   69.000   1.000
 84.824   60.000   1.000
 84.894   70.000   1.000
 84.944   49.000   1.000
 85.004   60.000   1.000
 85.074   69.000   1.000
 85.144   69.000   1.000
 85.194   50.000   1.000
 85.254   60.000   1.000
 85.324   69.000   1.000
 85.394   70.000   1.000
 85.444   50.000   1.000
 85.503   59.000   1.000
 85.573   70.000   1.000
 85.624   50.000   1.000
 85.694   69.000   1.000
 85.754   60.000   1.000
 85.824   69.000   1.000
 85.874   50.000   1.000
 85.934   59.000   1.000
 86.003   69.000   1.000
 86.074   70.000   1.000
 86.123   49.000   1.000
 86.184   59.000   1.000
 86.253   70.000   1.000
 86.323   69.000   1.000
 86.374   50.000   1.000
 86.433   59.000   1.000
 86.504   70.000   1.000
 86.553   49.000   1.000
 86.623   69.000   1.000
 86.683   60.000   1.000
 86.753   70.000   1.000
 86.803   49.000   1.000
 86.863   60.000   1.000
 86.933   70.000   1.000
 87.003   70.000   1.000
 87.053   49.000   1.000
 87.113   59.000   1.000
 87.183   70.000   1.000
 87.253   70.000   1.000
 87.303   49.000   1.000
 87.363   59.000   1.000
 87.432   69.000   1.000
 87.483   50.000   1.000
 87.553   69.000   1.000
 87.613   60.000   1.000
 87.683   69.000   1.000
 87.733   50.000   1.000
 87.803   69.000   1.000
 87.863   60.000   1.000
 87.934   71.000   1.000
 87.984   50.000   1.000
 88.044   59.000   1.000
 88.104   60.000   1.000
 88.184   79.000   1.000
 88.234   50.000   1.000
 88.294   59.000   1.000
 88.354   60.000   1.000
 88.414   59.000   1.000
 88.484   70.000   1.000
 88.544   59.000   1.000
 88.604   60.000   1.000
 88.664   59.000   1.000
 88.724   60.000   1.000
 88.794   70.000   1.000
 88.854   60.000   1.000
 88.914   60.000   1.000
 88.974   60.000   1.000
 89.034   59.000   1.000
 89.104   70.000   1.000
 89.164   59.000   1.000
 89.224   60.000   1.000
 89.283   59.000   1.000
 89.353   69.000   1.000
 89.414   60.000   1.000
 89.474   60.000   1.000
 89.533   59.000   1.000
 89.604   70.000   1.000
 89.653   49.000   1.000
 89.724   69.000   1.000
 89.783   59.000   1.000
 89.854   70.000   1.000
 89.904   50.000   1.000
 89.963   59.000   1.000
 90.033   69.000   1.000
 90.104   70.000   1.000
 90.153   49.000   1.000
 90.213   60.000   1.000
 90.283   69.000   1.000
 90.354   69.000   3.000
 90.403   50.000   1.000
 90.463   60.000   1.000
 90.533   69.000   1.000
 90.583   50.000   1.000
 90.653   69.000   1.000
 90.713   60.000   1.000
 90.783   69.000   1.000
 90.833   50.000   1.000
 90.893   59.000   1.000
 90.963   69.000   1.000
 91.033   69.000   1.000
 91.083   50.000   1.000
 91.143   59.000   1.000
 91.213   69.000   1.000
 91.283   69.000   1.000
 91.333   50.000   1.000
 91.393   60.000   1.000
 91.463   69.000   1.000
 91.533   69.000   1.000
 91.583   50.000   1.000
 91.643   59.000   1.000
 91.713   69.000   1.000
 91.763   50.000   1.000
 91.823   60.000   1.000
 91.894   71.000   1.000
 91.964   69.000   1.000
 92.013   49.000   1.000
 92.074   61.000   1.000
 92.144   69.000   1.000
 92.214   70.000   1.000
 92.264   49.000   1.000
 92.324   60.000   1.000
 92.394   69.000   1.000
 92.444   50.000   1.000
 92.514   69.000   1.000
 92.574   60.000   1.000
 92.644   69.000   1.000
 92.694   50.000   1.000
 92.754   59.000   1.000
 92.824   69.000   1.000
 92.894   69.000   1.000
 92.944   50.000   1.000
 93.003   59.000   1.000
 93.074   70.000   1.000
 93.144   69.000   1.000
 93.194   50.000   1.000
 93.254   59.000   1.000
 93.324   69.000   1.000
 93.374   49.000   1.000
 93.444   70.000   1.000
 93.503   59.000   1.000
 93.574   70.000   1.000
 93.623   50.000   1.000
 93.684   60.000   1.000
 93.754   69.000   1.000
 93.823   69.000   1.000
 93.873   49.000   1.000
 93.934   60.000   1.000
 94.003   69.000   1.000
 94.074   70.000   1.000
 94.123   49.000   1.000
 94.184   60.000   1.000
 94.253   69.000   1.000
 94.303   50.000   1.000
 94.373   69.000   1.000
 94.433   60.000   1.000
 94.504   70.000   1.000
 94.553   49.000   1.000
 94.613   59.000   1.000
 94.683   69.000   1.000
 94.753   70.000   1.000
 94.803   50.000   1.000
 94.863   59.000   1.000
 94.933   70.000   1.000
 95.003   70.000   1.000
 95.053   49.000   1.000
 95.113   59.000   1.000
 95.183   69.000   1.000
 95.233   49.000   1.000
 95.303   69.000   1.000
 95.363   60.000   1.000
 95.433   70.000   1.000
 95.482   49.000   1.000
 95.543   60.000   1.000
 95.613   69.000   1.000
 95.683   69.000   1.000
 95.733   49.000   1.000
 95.793   60.000   1.000
 95.863   69.000   1.000
 95.934   71.000   1.000
 95.984   49.000   1.000
 96.044   60.000   1.000
 96.104   59.000   1.000
 96.164   59.000   1.000
 96.234   69.000   1.000
 96.294   60.000   1.000
 96.354   60.000   1.000
 96.414   59.000   1.000
 96.474   59.000   1.000
 96.544   70.000   1.000
 96.604   59.000   1.000
 96.664   59.000   1.000
 96.724   59.000   1.000
 96.784   60.000   1.000
 96.854   69.000   1.000
 96.914   60.000   1.000
 96.974   59.000   1.000
 97.034   60.000   1.000
 97.104   69.000   1.000
 97.164   59.000   1.000
 97.224   60.000   1.000
 97.284   60.000   1.000
 97.353   68.000   1.000
 97.404   51.000   1.000
 97.474   69.000   1.000
 97.534   60.000   1.000
 97.604   69.000   1.000
 97.654   50.000   1.000
 97.713   59.000   1.000
 97.784   69.000   1.000
 97.854   70.000   1.000
 97.904   50.000   1.000
 97.963   59.000   1.000
 98.034   69.000   1.000
 98.103   70.000   1.000
 98.154   50.000   1.000
 98.213   59.000   1.000
 98.283   69.000   1.000
 98.333   50.000   1.000
 98.403   69.000   1.000
 98.463   60.000   1.000
 98.533   69.000   1.000
 98.583   50.000   1.000
 98.643   60.000   1.000
 98.713   69.000   1.000
 98.783   69.000   1.000
 98.833   50.000   1.000
 98.893   60.000   1.000
 98.963   69.000   1.000
 99.033   70.000   1.000
 99.084   50.000   1.000
 99.143   59.000   1.000
 99.213   69.000   1.000
 99.263   50.000   1.000
 99.333   69.000   1.000
 99.393   60.000   1.000
 99.463   69.000   1.000
 99.513   50.000   1.000
 99.583   69.000   1.000
 99.643   60.000   1.000
 99.713   69.000   1.000
 99.763   50.000   1.000
 99.823   59.000   1.000
 99.893   69.000   1.000
 99.964   70.000   1.000
100.013   49.000   1.000
100.074   60.000   1.000
100.144   70.000   1.000
100.194   50.000   1.000
100.264   69.000   1.000
100.324   60.000   1.000
100.394   69.000   1.000
100.444   50.000   1.000
100.503   59.000   1.000
100.574   70.000   1.000
100.644   70.000   1.000
100.694   49.000   1.000
100.754   60.000   1.000
100.824   69.000   1.000
100.894   70.000   1.000
100.944   50.000   1.000
101.003   59.000   1.000
101.074   70.000   1.000
101.124   50.000   1.000
101.194   69.000   1.000
101.254   60.000   1.000
101.324   69.000   1.000
101.374   50.000   1.000
101.434   59.000   1.000
101.503   69.000   1.000
101.573   70.000   1.000
101.624   50.000   1.000
101.683   59.000   1.000
101.754   70.000   1.000
101.823   69.000   1.000
101.874   50.000   1.000
101.933   59.000   1.000
102.003   69.000   1.000
102.053   50.000   1.000
102.124   69.000   1.000
102.183   60.000   1.000
102.253   70.000   1.000
102.303   49.000   1.000
102.363   60.000   1.000
102.433   69.000   1.000
102.504   70.000   1.000
102.553   49.000   1.000
102.613   59.000   1.000
102.683   69.000   1.000
102.753   70.000   1.000
102.803   49.000   1.000
102.863   60.000   1.000
102.933   70.000   1.000
102.983   50.000   1.000
103.053   69.000   1.000
103.113   60.000   1.000
103.183   69.000   1.000
103.233   50.000   1.000
103.293   59.000   1.000
103.363   69.000   1.000
103.433   70.000   1.000
103.483   50.000   1.000
103.543   59.000   1.000
103.603   60.000   1.000
103.683   79.000   1.000
103.733   50.000   1.000
103.793   59.000   1.000
103.853   60.000   1.000
103.934   80.000   1.000
103.984   50.000   1.000
104.044   59.000   1.000
104.104   60.000   1.000
104.164   59.000   1.000
104.224   60.000   1.000
104.294   70.000   1.000
104.354   60.000   1.000
104.414   59.000   1.000
104.474   59.000   1.000
104.534   60.000   1.000
104.604   70.000   1.000
104.664   59.000   1.000
104.724   60.000   1.000
104.784   59.000   1.000
104.854   70.000   1.000
104.914   60.000   1.000
104.974   59.000   1.000
105.034   59.000   1.000
105.104   70.000   1.000
105.154   49.000   1.000
105.224   69.000   1.000
105.283   59.000   1.000
105.354   69.000   3.000
105.404   50.000   1.000
105.464   60.000   1.000
105.534   69.000   1.000
105.604   70.000   1.000
105.654   49.000   1.000
105.713   60.000   1.000
105.784   69.000   1.000
105.854   70.000   1.000
105.904   50.000   1.000
105.963   59.000   1.000
106.033   69.000   1.000
106.084   50.000   1.000
106.153   69.000   1.000
106.213   60.000   1.000
106.283   69.000   1.000
106.333   50.000   1.000
106.393   59.000   1.000
106.463   69.000   1.000
106.533   69.000   1.000
106.583   50.000   1.000
106.643   59.000   1.000
106.713   69.000   1.000
106.783   69.000   1.000
106.833   50.000   1.000
106.893   59.000   1.000
106.963   69.000   1.000
107.013   50.000   1.000
107.083   70.000   1.000
107.143   59.000   1.000
107.213   69.000   1.000
107.263   50.000   1.000
107.323   60.000   1.000
107.393   69.000   1.000
107.463   69.000   1.000
107.513   49.000   1.000
107.573   60.000   1.000
107.643   69.000   1.000
107.713   69.000   1.000
107.763   49.000   1.000
107.823   60.000   1.000
107.894   70.000   1.000
107.944   50.000   1.000
108.013   68.000   1.000
108.074   61.000   1.000
108.144   69.000   1.000
108.194   50.000   1.000
108.254   59.000   1.000
108.324   69.000   1.000
108.394   70.000   1.000
108.444   50.000   1.000
108.503   59.000   1.000
108.574   70.000   1.000
108.644   70.000   1.000
108.694   50.000   1.000
108.754   59.000   1.000
108.824   69.000   1.000
108.874   49.000   1.000
108.944   70.000   1.000
109.003   59.000   1.000
109.074   70.000   1.000
109.124   50.000   1.000
109.184   60.000   1.000
109.254   69.000   1.000
109.324   69.000   1.000
109.373   49.000   1.000
109.434   60.000   1.000
109.503   69.000   1.000
109.574   70.000   1.000
109.623   50.000   1.000
109.684   60.000   1.000
109.754   69.000   1.000
109.803   50.000   1.000
109.874   69.000   1.000
109.934   60.000   1.000
110.003   69.000   1.000
110.053   50.000   1.000
110.114   59.000   1.000
110.183   69.000   1.000
110.253   70.000   1.000
110.303   50.000   1.000
110.363   59.000   1.000
110.433   69.000   1.000
110.504   70.000   1.000
110.553   49.000   1.000
110.613   59.000   1.000
110.683   69.000   1.000
110.733   49.000   1.000
110.803   69.000   1.000
110.863   60.000   1.000
110.933   70.000   1.000
110.983   49.000   1.000
111.043   60.000   1.000
111.113   69.000   1.000
111.183   69.000   1.000
111.233   49.000   1.000
111.293   60.000   1.000
111.353   60.000   1.000
111.433   79.000   1.000
111.483   50.000   1.000
111.543   59.000   1.000
111.603   60.000   1.000
111.683   79.000   1.000
111.733   50.000   1.000
111.793   59.000   1.000
111.853   60.000   1.000
111.913   59.000   1.000
111.974   60.000   1.000
112.044   70.000   1.000
112.104   60.000   1.000
112.164   59.000   1.000
112.224   60.000   1.000
112.284   59.000   1.000
112.354   70.000   1.000
112.414   59.000   1.000
112.474   59.000   1.000
112.534   59.000   1.000
112.604   70.000   1.000
112.664   59.000   1.000
112.724   60.000   1.000
112.784   59.000   1.000
112.854   70.000   1.000
112.904   50.000   1.000
112.974   69.000   1.000
113.034   60.000   1.000
113.104   70.000   1.000
113.154   49.000   1.000
113.214   60.000   1.000
113.284   69.000   1.000
113.353   69.000   1.000
113.404   50.000   1.000
113.464   60.000   1.000
113.534   69.000   1.000
113.604   70.000   1.000
113.654   50.000   1.000
113.714   59.000   1.000
113.783   69.000   1.000
113.834   50.000   1.000
113.904   69.000   1.000
113.963   59.000   1.000
114.034   69.000   1.000
114.084   50.000   1.000
114.143   59.000   1.000
114.213   69.000   1.000
114.283   69.000   1.000
114.333   50.000   1.000
114.393   59.000   1.000
114.463   69.000   1.000
114.533   69.000   1.000
114.583   50.000   1.000
114.643   59.000   1.000
114.713   69.000   1.000
114.763   49.000   1.000
114.833   69.000   1.000
114.893   60.000   1.000
114.963   69.000   1.000
115.013   50.000   1.000
115.073   60.000   1.000
115.143   69.000   1.000
115.213   69.000   1.000
115.263   50.000   1.000
115.323   60.000   1.000
115.393   69.000   1.000
115.463   69.000   1.000
115.513   49.000   1.000
115.573   60.000   1.000
115.643   69.000   1.000
115.693   50.000   1.000
115.763   69.000   1.000
115.824   61.000   1.000
115.894   69.000   1.000
115.944   50.000   1.000
116.003   59.000   1.000
116.074   70.000   1.000
116.144   70.000   1.000
116.194   50.000   1.000
116.254   59.000   1.000
116.324   69.000   1.000
116.394   70.000   1.000
116.444   50.000   1.000
116.503   59.000   1.000
116.574   70.000   1.000
116.624   50.000   1.000
116.694   69.000   1.000
116.754   60.000   1.000
116.824   69.000   1.000
116.874   49.000   1.000
116.934   60.000   1.000
117.003   69.000   1.000
117.074   70.000   1.000
117.124   50.000   1.000
117.184   60.000   1.000
117.254   69.000   1.000
117.324   69.000   1.000
117.374   49.000   1.000
117.434   60.000   1.000
117.503   69.000   1.000
117.554   50.000   1.000
117.624   69.000   1.000
117.684   60.000   1.000
117.754   69.000   1.000
117.804   50.000   1.000
117.863   59.000   1.000
117.934   70.000   1.000
118.004   70.000   1.000
118.053   49.000   1.000
118.113   59.000   1.000
118.184   70.000   1.000
118.253   70.000   1.000
118.303   50.000   1.000
118.363   59.000   1.000
118.433   70.000   1.000
118.483   49.000   1.000
118.553   69.000   1.000
118.613   60.000   1.000
118.683   69.000   1.000
118.733   49.000   1.000
118.793   60.000   1.000
118.863   69.000   1.000
118.933   70.000   1.000
118.983   49.000   1.000
119.043   60.000   1.000
119.103   59.000   1.000
119.183   79.000   1.000
119.233   50.000   1.000
119.293   59.000   1.000
119.353   60.000   1.000
119.433   79.000   1.000
119.483   50.000   1.000
119.543   59.000   1.000
119.603   60.000   1.000
119.663   59.000   1.000
119.733   69.000   1.000
119.793   60.000   1.000
119.854   61.000   1.000
119.913   58.000   1.000
119.974   60.000   1.000
120.034   59.000   1.000
120.104   70.000   1.000
120.164   59.000   1.000
120.224   60.000   1.000
120.284   59.000   1.000
120.354   70.000   1.000
120.414   59.000   1.000
120.474   59.000   1.000
120.534   59.000   1.000
120.604   70.000   1.000
120.654   49.000   1.000
120.724   69.000   1.000
120.784   59.000   1.000
120.854   70.000   1.000
120.904   50.000   1.000
120.964   59.000   1.000
121.034   69.000   1.000
121.104   70.000   1.000
121.154   49.000   1.000
121.214   60.000   1.000
121.284   69.000   1.000
121.353   69.000   1.000
121.404   50.000   1.000
121.464   60.000   1.000
121.534   69.000   1.000
121.584   50.000   1.000
121.654   69.000   1.000
121.713   60.000   1.000
121.784   69.000   1.000
121.834   50.000   1.000
121.894   59.000   1.000
121.963   69.000   1.000
122.033   69.000   1.000
122.084   50.000   1.000
122.143   59.000   1.000
122.213   69.000   1.000
122.283   69.000   1.000
122.334   50.000   1.000
122.393   59.000   1.000
122.463   69.000   1.000
122.513   49.000   1.000
122.583   69.000   1.000
122.643   60.000   1.000
122.713   69.000   1.000
122.763   50.000   1.000
122.823   60.000   1.000
122.893   69.000   1.000
122.963   69.000   1.000
123.013   49.000   1.000
123.073   60.000   1.000
123.143   69.000   1.000
123.213   69.000   1.000
123.263   50.000   1.000
123.323   60.000   1.000
123.393   69.000   1.000
123.443   50.000   1.000
123.513   69.000   1.000
123.573   60.000   1.000
123.643   69.000   1.000
123.693   50.000   1.000
123.763   69.000   1.000
123.824   61.000   1.000
123.894   69.000   1.000
123.944   50.000   1.000
124.003   59.000   1.000
124.074   70.000   1.000
124.144   70.000   1.000
124.194   50.000   1.000
124.254   59.000   1.000
124.324   69.000   1.000
124.374   49.000   1.000
124.444   70.000   1.000
124.504   60.000   1.000
124.574   69.000   1.000
124.624   49.000   1.000
124.684   60.000   1.000
124.754   69.000   1.000
124.824   69.000   1.000
124.874   49.000   1.000
124.934   60.000   1.000
125.004   69.000   1.000
125.074   69.000   1.000
125.124   50.000   1.000
125.184   60.000   1.000
125.254   69.000   1.000
125.304   50.000   1.000
125.374   69.000   1.000
125.434   60.000   1.000
125.503   69.000   1.000
125.553   50.000   1.000
125.613   59.000   1.000
125.684   69.000   1.000
125.754   70.000   1.000
125.804   50.000   1.000
125.863   59.000   1.000
125.934   70.000   1.000
126.003   69.000   1.000
126.053   50.000   1.000
126.113   59.000   1.000
126.183   69.000   1.000
126.233   49.000   1.000
126.303   69.000   1.000
126.363   60.000   1.000
126.433   69.000   1.000
126.483   49.000   1.000
126.543   60.000   1.000
126.613   69.000   1.000
126.683   69.000   1.000
126.733   49.000   1.000
126.793   60.000   1.000
126.853   59.000   1.000
126.934   80.000   1.000
126.983   49.000   1.000
127.043   59.000   1.000
127.103   60.000   1.000
127.163   59.000   1.000
127.233   69.000   1.000
127.293   60.000   1.000
127.353   60.000   1.000
127.413   59.000   1.000
127.483   70.000   1.000
127.543   60.000   1.000
127.603   60.000   1.000
127.663   59.000   1.000
127.723   60.000   1.000
127.793   69.000   1.000
127.854   61.000   1.000
127.913   58.000   1.000
127.974   60.000   1.000
128.034   60.000   1.000
128.104   69.000   1.000
128.164   59.000   1.000
128.224   60.000   1.000
128.284   59.000   1.000
128.354   70.000   1.000
128.404   49.000   1.000
128.474   69.000   1.000
128.534   59.000   1.000
128.604   70.000   1.000
128.654   50.000   1.000
128.714   59.000   1.000
128.784   69.000   1.000
128.854   70.000   1.000
128.904   50.000   1.000
128.964   59.000   1.000
129.034   69.000   1.000
129.104   70.000   1.000
129.154   49.000   1.000
129.214   60.000   1.000
129.284   69.000   1.000
129.334   50.000   1.000
129.404   69.000   1.000
129.464   60.000   1.000
129.534   69.000   1.000
129.584   50.000   1.000
129.644   59.000   1.000
129.713   69.000   1.000
129.784   69.000   1.000
129.834   50.000   1.000
129.893   59.000   1.000
129.964   69.000   1.000
130.033   69.000   1.000
130.084   50.000   1.000
130.143   59.000   1.000
130.214   69.000   1.000
130.263   50.000   1.000
130.333   70.000   1.000
130.393   60.000   1.000
130.463   69.000   1.000
130.513   49.000   1.000
130.573   60.000   1.000
130.643   69.000   1.000
130.713   69.000   1.000
130.763   50.000   1.000
130.823   60.000   1.000
130.893   69.000   1.000
130.963   69.000   1.000
131.013   49.000   1.000
131.073   60.000   1.000
131.143   69.000   1.000
131.193   50.000   1.000
131.263   69.000   1.000
131.323   60.000   1.000
131.393   69.000   1.000
131.443   50.000   1.000
131.503   60.000   1.000
131.573   69.000   1.000
131.643   70.000   1.000
131.693   50.000   1.000
131.753   59.000   1.000
131.824   70.000   1.000
131.894   69.000   1.000
131.944   50.000   1.000
132.003   59.000   1.000
132.065   60.000   2.000
132.134   69.000   1.000
132.194   60.000   1.000
132.254   59.000   1.000
132.314   60.000   1.000
132.384   69.000   1.000
132.444   60.000   1.000
132.503   59.000   1.000
132.564   60.000   1.000
132.634   69.000   1.000
132.694   60.000   1.000
132.744   49.000   1.000
132.814   70.000   1.000
132.884   69.000   1.000
132.944   60.000   1.000
132.994   49.000   1.000
133.054   60.000   1.000
133.134   79.000   1.000
133.194   60.000   1.000
133.243   49.000   1.000
133.304   60.000   1.000
133.364   59.000   1.000
133.444   79.000   1.000
133.493   49.000   1.000
133.554   60.000   1.000
133.613   59.000   1.000
133.673   59.000   1.000
133.743   70.000   1.000
133.804   60.000   1.000
133.863   59.000   1.000
133.924   59.000   1.000
133.993   70.000   1.000
134.054   60.000   1.000
134.113   59.000   1.000
134.173   59.000   1.000
134.243   70.000   1.000
134.304   60.000   1.000
134.364   60.000   1.000
134.423   59.000   1.000
134.493   70.000   1.000
134.553   60.000   1.000
134.613   59.000   1.000
134.673   59.000   1.000
134.743   70.000   1.000
134.804   60.000   1.000
134.863   59.000   1.000
134.913   50.000   1.000
134.993   79.000   1.000
135.053   60.000   1.000
135.113   60.000   1.000
135.163   49.000   1.000
135.223   59.000   1.000
135.303   79.000   1.000
135.363   60.000   1.000
135.413   50.000   1.000
135.473   59.000   1.000
135.553   79.000   1.000
135.613   59.000   1.000
135.663   50.000   1.000
135.723   59.000   1.000
135.783   59.000   1.000
135.864   80.000   1.000
135.913   49.000   1.000
135.974   60.000   1.000
136.034   59.000   1.000
136.094   60.000   1.000
136.164   69.000   1.000
136.224   60.000   1.000
136.284   59.000   1.000
136.343   59.000   1.000
136.414   71.000   1.000
136.474   59.000   1.000
136.534   59.000   1.000
136.594   60.000   1.000
136.664   69.000   1.000
136.724   60.000   1.000
136.774   50.000   1.000
136.844   69.000   1.000
136.914   70.000   1.000
136.974   59.000   1.000
137.024   50.000   1.000
137.084   60.000   1.000
137.164   79.000   1.000
137.224   60.000   1.000
137.273   50.000   1.000
137.334   59.000   1.000
137.394   60.000   1.000
137.474   79.000   1.000
137.523   50.000   1.000
137.584   60.000   1.000
137.644   59.000   1.000
137.703   59.000   1.000
137.773   70.000   1.000
137.834   60.000   1.000
137.894   60.000   1.000
137.954   59.000   1.000
138.023   69.000   1.000
138.084   60.000   1.000
138.143   59.000   1.000
138.203   59.000   1.000
138.273   70.000   1.000
138.333   60.000   1.000
138.393   60.000   1.000
138.453   59.000   1.000
138.523   70.000   1.000
138.583   60.000   1.000
138.633   50.000   1.000
138.703   69.000   1.000
138.773   70.000   1.000
138.833   60.000   1.000
138.883   49.000   1.000
138.943   59.000   1.000
139.023   79.000   1.000
139.084   60.000   1.000
139.133   49.000   1.000
139.193   59.000   1.000
139.253   59.000   1.000
139.333   80.000   1.000
139.383   49.000   1.000
139.443   60.000   1.000
139.503   60.000   1.000
139.583   79.000   1.000
139.633   50.000   1.000
139.693   59.000   1.000
139.753   59.000   1.000
139.814   61.000   1.000
139.884   69.000   1.000
139.944   60.000   1.000
140.003   59.000   1.000
140.064   60.000   1.000
140.134   69.000   1.000
140.194   60.000   1.000
140.254   59.000   1.000
140.314   60.000   1.000
140.384   69.000   1.000
140.444   60.000   1.000
140.494   49.000   1.000
140.564   69.000   1.000
140.634   69.000   1.000
140.694   60.000   1.000
140.744   50.000   1.000
140.804   59.000   1.000
140.884   79.000   1.000
140.944   60.000   1.000
140.994   49.000   1.000
141.054   60.000   1.000
141.114   59.000   1.000
141.194   80.000   1.000
141.243   49.000   1.000
141.304   60.000   1.000
141.364   59.000   1.000
141.424   59.000   1.000
141.494   70.000   1.000
141.554   60.000   1.000
141.614   59.000   1.000
141.673   59.000   1.000
141.743   70.000   1.000
141.804   60.000   1.000
141.863   59.000   1.000
141.924   59.000   1.000
141.994   70.000   1.000
142.054   59.000   1.000
142.113   59.000   1.000
142.173   59.000   1.000
142.243   70.000   1.000
142.304   60.000   1.000
142.364   60.000   1.000
142.423   59.000   1.000
142.493   70.000   1.000
142.553   60.000   1.000
142.613   59.000   1.000
142.663   50.000   1.000
142.743   79.000   1.000
142.803   60.000   1.000
142.863   59.000   1.000
142.913   50.000   1.000
142.973   59.000   1.000
143.053   80.000   1.000
143.113   59.000   1.000
143.163   50.000   1.000
143.223   59.000   1.000
143.283   59.000   1.000
143.363   80.000   1.000
143.413   50.000   1.000
143.473   59.000   1.000
143.533   59.000   1.000
143.613   79.000   1.000
143.663   50.000   1.000
143.723   59.000   1.000
143.783   59.000   1.000
143.843   60.000   1.000
143.913   70.000   1.000
143.974   60.000   1.000
144.034   59.000   1.000
144.094   60.000   1.000
144.164   69.000   1.000
144.224   60.000   1.000
144.284   59.000   1.000
144.343   58.000   1.000
144.414   71.000   1.000
144.474   59.000   1.000
144.524   50.000   1.000
144.594   69.000   1.000
144.664   69.000   1.000
144.724   60.000   1.000
144.774   50.000   1.000
144.834   59.000   1.000
144.914   80.000   1.000
144.974   59.000   1.000
145.024   50.000   1.000
145.084   60.000   1.000
145.144   59.000   1.000
145.224   79.000   1.000
145.273   50.000   1.000
145.334   59.000   1.000
145.394   60.000   1.000
145.454   59.000   1.000
145.523   70.000   1.000
145.584   60.000   1.000
145.643   60.000   1.000
145.703   59.000   1.000
145.773   69.000   1.000
145.834   60.000   1.000
145.894   60.000   1.000
145.953   59.000   1.000
146.023   70.000   1.000
146.084   60.000   1.000
146.143   60.000   1.000
146.203   59.000   1.000
146.273   70.000   1.000
146.333   60.000   1.000
146.383   50.000   1.000
146.453   69.000   1.000
146.523   70.000   1.000
146.583   59.000   1.000
146.633   50.000   1.000
146.693   59.000   1.000
146.773   79.000   1.000
146.833   60.000   1.000
146.883   49.000   1.000
146.943   60.000   1.000
147.003   60.000   1.000
147.083   79.000   1.000
147.133   50.000   1.000
147.193   59.000   1.000
147.253   59.000   1.000
147.333   79.000   1.000
147.383   50.000   1.000
147.443   60.000   1.000
147.503   60.000   1.000
147.563   59.000   1.000
147.633   70.000   1.000
147.693   60.000   1.000
147.753   59.000   1.000
147.814   61.000   1.000
147.884   69.000   1.000
147.944   60.000   1.000
148.003   59.000   1.000
148.064   60.000   1.000
148.134   70.000   1.000
148.194   60.000   1.000
148.244   50.000   1.000
148.314   69.000   1.000
148.384   69.000   1.000
148.444   60.000   1.000
148.494   49.000   1.000
148.554   59.000   1.000
148.634   79.000   1.000
148.694   60.000   1.000
148.744   49.000   1.000
148.804   60.000   1.000
148.864   59.000   1.000
148.944   79.000   1.000
148.994   50.000   1.000
149.054   60.000   1.000
149.114   59.000   1.000
149.173   59.000   1.000
149.244   70.000   1.000
149.304   60.000   1.000
149.364   60.000   1.000
149.424   59.000   1.000
149.494   70.000   1.000
149.554   60.000   1.000
149.614   59.000   1.000
149.673   59.000   1.000
149.744   70.000   1.000
149.804   60.000   1.000
149.864   59.000   1.000
149.923   59.000   1.000
149.993   70.000   1.000
150.054   60.000   1.000
150.114   60.000   1.000
150.173   59.000   1.000
150.243   70.000   1.000
150.304   60.000   1.000
150.363   59.000   1.000
150.413   50.000   1.000
150.493   79.000   1.000
150.553   60.000   1.000
150.613   59.000   1.000
150.663   50.000   1.000
150.723   59.000   1.000
150.803   79.000   1.000
150.863   59.000   1.000
150.913   50.000   1.000
150.973   59.000   1.000
151.033   59.000   1.000
151.113   79.000   1.000
151.163   50.000   1.000
151.223   59.000   1.000
151.283   59.000   1.000
151.343   60.000   1.000
151.413   69.000   1.000
151.473   60.000   1.000
151.533   59.000   1.000
151.593   60.000   1.000
151.663   69.000   1.000
151.723   60.000   1.000
151.784   60.000   1.000
151.843   59.000   1.000
151.913   70.000   1.000
151.974   60.000   1.000
152.034   59.000   1.000
152.094   60.000   1.000
152.164   69.000   1.000
152.224   60.000   1.000
152.274   50.000   1.000
152.343   68.000   1.000
152.414   71.000   1.000
152.474   59.000   1.000
152.524   50.000   1.000
152.584   60.000   1.000
152.664   79.000   1.000
152.724   60.000   1.000
152.774   50.000   1.000
152.834   59.000   1.000
152.894   60.000   1.000
152.974   79.000   1.000
153.024   50.000   1.000
153.084   59.000   1.000
153.144   59.000   1.000
153.203   59.000   1.000
153.274   70.000   1.000
153.334   60.000   1.000
153.394   60.000   1.000
153.453   59.000   1.000
153.523   70.000   1.000
153.584   59.000   1.000
153.643   60.000   1.000
153.703   59.000   1.000
153.773   70.000   1.000
153.834   60.000   1.000
153.894   60.000   1.000
153.953   59.000   1.000
154.023   70.000   1.000
154.083   60.000   1.000
154.133   50.000   1.000
154.203   69.000   1.000
154.273   70.000   1.000
154.333   60.000   1.000
154.383   50.000   1.000
154.444   60.000   1.000
154.523   79.000   1.000
154.583   59.000   1.000
154.633   50.000   1.000
154.693   59.000   1.000
154.753   59.000   1.000
154.833   80.000   1.000
154.883   50.000   1.000
154.943   59.000   1.000
155.003   60.000   1.000
155.063   59.000   1.000
155.133   69.000   1.000
155.193   60.000   1.000
155.253   59.000   1.000
155.313   59.000   1.000
155.383   69.000   1.000
155.443   60.000   1.000
155.503   60.000   1.000
155.563   59.000   1.000
155.633   70.000   1.000
155.693   60.000   1.000
155.753   59.000   1.000
155.814   61.000   1.000
155.884   69.000   1.000
155.944   60.000   1.000
155.994   50.000   1.000
156.064   69.000   1.000
156.134   69.000   1.000
156.194   60.000   1.000
156.244   50.000   1.000
156.304   59.000   1.000
156.384   79.000   1.000
156.444   60.000   1.000
156.494   49.000   1.000
156.554   59.000   1.000
156.614   60.000   1.000
156.694   79.000   1.000
156.744   50.000   1.000
156.804   59.000   1.000
156.864   60.000   1.000
156.924   59.000   1.000
156.994   70.000   1.000
157.054   59.000   1.000
157.114   60.000   1.000
157.173   59.000   1.000
157.244   70.000   1.000
157.304   59.000   1.000
157.364   60.000   1.000
157.424   59.000   1.000
157.494   70.000   1.000
157.554   59.000   1.000
157.614   60.000   1.000
157.673   59.000   1.000
157.743   70.000   1.000
157.804   60.000   1.000
157.864   60.000   1.000
157.923   59.000   1.000
157.994   70.000   1.000
158.053   59.000   1.000
158.113   60.000   1.000
158.163   49.000   1.000
158.243   79.000   1.000
158.304   60.000   1.000
158.363   60.000   1.000
158.413   49.000   1.000
158.473   60.000   1.000
158.553   79.000   1.000
158.613   60.000   1.000
158.663   50.000   1.000
158.723   59.000   1.000
158.783   59.000   1.000
158.863   79.000   1.000
158.913   50.000   1.000
158.973   59.000   1.000
159.033   59.000   1.000
159.093   60.000   1.000
159.163   69.000   1.000
159.223   60.000   1.000
159.283   59.000   1.000
159.343   60.000   1.000
159.413   69.000   1.000
159.473   60.000   1.000
159.533   59.000   1.000
159.593   60.000   1.000
159.663   69.000   1.000
159.723   60.000   1.000
159.784   60.000   1.000
159.843   59.000   1.000
159.913   70.000   1.000
159.974   60.000   1.000
160.024   49.000   1.000
160.094   70.000   1.000
160.164   69.000   1.000
160.224   60.000   1.000
160.274   49.000   1.000
160.334   60.000   1.000
160.414   79.000   1.000
160.474   60.000   1.000
160.524   49.000   1.000
160.584   60.000   1.000
160.644   59.000   1.000
160.724   79.000   1.000
160.773   49.000   1.000
160.834   60.000   1.000
160.894   59.000   1.000
160.954   59.000   1.000
161.024   70.000   1.000
161.084   60.000   1.000
161.144   59.000   1.000
161.203   59.000   1.000
161.273   69.000   1.000
161.334   60.000   1.000
161.394   60.000   1.000
161.453   59.000   1.000
161.523   70.000   1.000
161.584   60.000   1.000
161.643   59.000   1.000
161.703   59.000   1.000
161.773   69.000   1.000
161.834   60.000   1.000
161.883   49.000   1.000
161.954   69.000   1.000
162.023   70.000   1.000
162.084   60.000   1.000
162.133   49.000   1.000
162.194   60.000   1.000
162.273   79.000   1.000
162.333   60.000   1.000
162.383   49.000   1.000
162.444   60.000   1.000
162.504   59.000   1.000
162.583   79.000   1.000
162.633   50.000   1.000
162.693   59.000   1.000
162.753   59.000   1.000
162.813   59.000   1.000
162.883   69.000   1.000
162.943   60.000   1.000
163.003   60.000   1.000
163.063   59.000   1.000
163.133   70.000   1.000
163.193   60.000   1.000
163.253   59.000   1.000
163.313   59.000   1.000
163.383   70.000   1.000
163.443   60.000   1.000
163.503   60.000   1.000
163.563   59.000   1.000
163.633   70.000   1.000
163.693   60.000   1.000
163.744   51.000   1.000
163.814   69.000   1.000
163.884   69.000   1.000
163.944   60.000   1.000
163.994   50.000   1.000
164.054   59.000   1.000
164.134   79.000   1.000
164.194   60.000   1.000
164.244   49.000   1.000
164.304   60.000   1.000
164.364   60.000   1.000
164.444   79.000   1.000
164.494   49.000   1.000
164.554   60.000   1.000
164.614   59.000   1.000
164.674   59.000   1.000
164.744   70.000   1.000
164.804   60.000   1.000
164.864   59.000   1.000
164.924   59.000   1.000
164.994   70.000   1.000
165.054   60.000   1.000
165.114   60.000   1.000
165.173   59.000   1.000
165.244   70.000   1.000
165.304   60.000   1.000
165.364   59.000   1.000
165.423   59.000   1.000
165.494   70.000   1.000
165.554   60.000   1.000
165.614   59.000   1.000
165.673   59.000   1.000
165.743   70.000   1.000
165.804   60.000   1.000
165.863   59.000   1.000
165.914   50.000   1.000
165.994   79.000   1.000
166.054   60.000   1.000
166.113   59.000   1.000
166.163   50.000   1.000
166.223   59.000   1.000
166.303   79.000   1.000
166.363   60.000   1.000
166.413   50.000   1.000
166.473   59.000   1.000
166.533   59.000   1.000
166.614   79.000   1.000
166.663   50.000   1.000
166.723   59.000   1.000
166.783   59.000   1.000
166.843   59.000   1.000
166.914   70.000   1.000
166.973   59.000   1.000
167.033   59.000   1.000
167.093   60.000   1.000
167.163   69.000   1.000
167.223   60.000   1.000
167.283   59.000   1.000
167.343   60.000   1.000
167.413   69.000   1.000
167.473   60.000   1.000
167.533   59.000   1.000
167.593   60.000   1.000
167.663   69.000   1.000
167.724   61.000   1.000
167.774   50.000   1.000
167.843   68.000   1.000
167.913   70.000   1.000
167.974   60.000   1.000
168.024   49.000   1.000
168.084   59.000   1.000
168.164   79.000   1.000
168.224   60.000   1.000
168.274   49.000   1.000
168.334   59.000   1.000
168.394   60.000   1.000
168.474   79.000   1.000
168.524   50.000   1.000
168.584   59.000   1.000
168.644   60.000   1.000
168.704   59.000   1.000
168.774   70.000   1.000
168.834   60.000   1.000
168.894   60.000   1.000
168.954   59.000   1.000
169.024   70.000   1.000
169.084   60.000   1.000
169.144   59.000   1.000
169.204   59.000   1.000
169.274   69.000   1.000
169.334   60.000   1.000
169.394   60.000   1.000
169.453   59.000   1.000
169.523   70.000   1.000
169.584   60.000   1.000
169.633   50.000   1.000
169.704   69.000   1.000
169.773   69.000   1.000
169.834   60.000   1.000
169.883   49.000   1.000
169.944   59.000   1.000
170.023   79.000   1.000
170.084   60.000   1.000
170.133   50.000   1.000
170.194   59.000   1.000
170.253   59.000   1.000
170.334   80.000   1.000
170.383   50.000   1.000
170.444   60.000   1.000
170.503   60.000   1.000
170.563   59.000   1.000
170.633   70.000   1.000
170.693   60.000   1.000
170.753   59.000   1.000
170.813   59.000   1.000
170.883   69.000   1.000
170.943   60.000   1.000
171.003   60.000   1.000
171.063   59.000   1.000
171.133   69.000   1.000
171.193   60.000   1.000
171.253   59.000   1.000
171.313   59.000   1.000
171.383   70.000   1.000
171.443   60.000   1.000
171.493   49.000   1.000
171.563   69.000   1.000
171.633   70.000   1.000
171.694   61.000   1.000
171.744   50.000   1.000
171.804   59.000   1.000
171.884   79.000   1.000
171.944   60.000   1.000
171.994   50.000   1.000
172.054   59.000   1.000
172.114   60.000   1.000
172.194   79.000   1.000
172.244   50.000   1.000
172.304   59.000   1.000
172.364   60.000   1.000
172.424   59.000   1.000
172.494   70.000   1.000
172.554   60.000   1.000
172.614   60.000   1.000
172.674   59.000   1.000
172.744   70.000   1.000
172.804   60.000   1.000
172.864   60.000   1.000
172.924   59.000   1.000
172.994   70.000   1.000
173.054   60.000   1.000
173.114   60.000   1.000
173.173   59.000   1.000
173.244   70.000   1.000
173.304   60.000   1.000
173.364   60.000   1.000
173.423   59.000   1.000
173.494   70.000   1.000
173.554   59.000   1.000
173.614   60.000   1.000
173.664   50.000   1.000
173.744   79.000   1.000
173.804   60.000   1.000
173.864   60.000   1.000
173.914   49.000   1.000
173.974   59.000   1.000
174.054   79.000   1.000
174.113   60.000   1.000
174.163   49.000   1.000
174.224   60.000   1.000
