  4.506 4502.000   4.000
  6.010 1505.000   3.000
  7.511 1500.000   3.000
  9.042 1530.000   3.000
 10.512 1468.000   4.000
 12.012 1500.000   4.000
 13.513 1499.000   5.000
 15.014 1500.000   6.000
 16.524 1510.000   5.000
 18.013 1488.000   5.000
 19.545 1531.000   6.000
 21.013 1469.000   5.000
 22.514 1499.000   7.000
 24.035 1522.000   6.000
 25.545 1509.000   7.000
 27.016 1471.000   6.000
 28.515 1497.000   7.000
 30.012 1499.000   5.000
 31.515 1500.000   6.000
 33.015 1499.000   7.000
 34.545 1530.000   6.000
 36.018 1473.000   6.000
 37.515 1496.000   7.000
 39.034 1520.000   5.000
 40.514 1479.000   6.000
 42.014 1499.000   6.000
 43.514 1499.000   6.000
 45.015 1500.000   7.000
 46.536 1521.000   7.000
 48.015 1479.000   6.000
 49.546 1530.000   7.000
 51.016 1469.000   8.000
 52.537 1521.000   7.000
 54.025 1489.000   6.000
 55.514 1488.000   6.000
 57.015 1500.000   7.000
 58.525 1510.000   6.000
 60.046 1521.000   6.000
 61.513 1467.000   6.000
 63.026 1511.000   7.000
 64.519 1492.000   8.000
 66.047 1528.000   7.000
 67.525 1479.000   5.000
 69.015 1489.000   7.000
 70.516 1501.000   6.000
 72.036 1519.000   6.000
 73.515 1478.000   6.000
 75.036 1521.000   7.000
 76.514 1478.000   6.000
 78.013 1500.000   5.000
 79.514 1500.000   6.000
 81.014 1499.000   6.000
 82.515 1499.000   7.000
 84.027 1513.000   7.000
 85.514 1487.000   7.000
 87.017 1503.000   6.000
 88.514 1497.000   7.000
 90.014 1499.000   6.000
 91.514 1500.000   6.000
 93.015 1500.000   7.000
 94.514 1499.000   7.000
 96.015 1500.000   6.000
 97.514 1499.000   6.000
 99.015 1500.000   6.000
100.514 1499.000   6.000
102.015 1499.000   8.000
103.515 1500.000   7.000
105.014 1499.000   6.000
106.514 1499.000   6.000
108.015 1500.000   7.000
109.514 1499.000   7.000
111.018 1500.000   9.000
112.526 1509.000   8.000
114.039 1514.000   6.000
115.514 1475.000   6.000
117.046 1531.000   6.000
118.516 1467.000   8.000
120.016 1499.000   9.000
121.515 1499.000   7.000
123.016 1500.000   7.000
124.516 1499.000   8.000
126.016 1499.000   8.000
127.515 1500.000   7.000
129.025 1510.000   7.000
130.548 1521.000   8.000
132.025 1478.000   7.000
133.527 1500.000   8.000
135.016 1489.000   8.000
136.516 1499.000   8.000
138.015 1499.000   7.000
139.518 1500.000  10.000
141.019 1500.000  10.000
142.517 1498.000   9.000
144.018 1501.000   8.000
145.528 1509.000   9.000
147.026 1499.000   7.000
148.517 1488.000  10.000
150.018 1499.000  10.000
151.516 1500.000   8.000
153.029 1511.000   9.000
