  0.500   0.00000      44      44
  1.001   0.38000      50      31
  1.501   0.11765      51      45
  2.000   0.00000      50      50
  2.501   0.02000      50      49
  3.001   0.00000      50      50
  3.501   0.00000      49      49
  4.001   0.24000      50      38
  4.501   0.24000      50      38
  5.001   0.04000      50      48
  5.501   0.48980      49      25
  6.000   0.08000      50      46
  6.501   0.06000      50      47
  7.001   0.04000      50      48
  7.501   0.04082      49      47
  8.001   0.05882      51      48
  8.501   0.04000      50      48
  9.001   0.06000      50      47
  9.501   0.04000      50      48
 10.000   0.04082      49      47
 10.501   0.05882      51      48
 11.001   0.04082      49      47
 11.501   0.05882      51      48
 12.001   0.06000      50      47
 12.501   0.04000      50      48
 13.001   0.04082      49      47
 13.501   0.06000      50      47
 14.000   0.06000      50      47
 14.501   0.06000      50      47
 15.001   0.04082      49      47
 15.501   0.09615      52      47
 16.001   0.06122      49      46
 16.501   0.04082      49      47
 17.001   0.07692      52      48
 17.501   0.06000      50      47
 18.001   0.06000      50      47
 18.501   0.04167      48      46
 19.001   0.06000      50      47
 19.501   0.06000      50      47
 20.001   0.06000      50      47
 20.501   0.09804      51      46
 21.001   0.06000      50      47
 21.501   0.06122      49      46
 22.000   0.06000      50      47
 22.501   0.06000      50      47
 23.001   0.06000      50      47
 23.501   0.06000      50      47
 24.001   0.08000      50      46
 24.501   0.08000      50      46
 25.001   0.06000      50      47
 25.501   0.06250      48      45
 26.000   0.07843      51      47
 26.501   0.08000      50      46
 27.001   0.04082      49      47
 27.501   0.08000      50      46
 28.001   0.04000      50      48
 28.501   0.08000      50      46
 29.001   0.09804      51      46
 29.501   0.10000      50      45
 30.000   0.08163      49      45
 30.501   0.08163      49      45
 31.001   0.07843      51      47
 31.501   0.06122      49      46
 32.001   0.07843      51      47
 32.501   0.08000      50      46
 33.001   0.04082      49      47
 33.501   0.22000      50      39
 34.001   0.07843      51      47
 34.501   0.06122      49      46
 35.001   0.06000      50      47
 35.501   0.04082      49      47
 36.001   0.06000      50      47
 36.501   0.06000      50      47
 37.001   0.06000      50      47
 37.501   0.09804      51      46
 38.001   0.06122      49      46
 38.501   0.06000      50      47
 39.001   0.06000      50      47
 39.501   0.06000      50      47
 40.001   0.08511      47      43
 40.501   0.08000      50      46
 41.001   0.06000      50      47
 41.501   0.06000      50      47
 42.000   0.06122      49      46
 42.501   0.06000      50      47
 43.001   0.06000      50      47
 43.501   0.07843      51      47
 44.001   0.08000      50      46
 44.501   0.06122      49      46
 45.001   0.06122      49      46
 45.501   0.07843      51      47
 46.000   0.08163      49      45
 46.501   0.06000      50      47
 47.001   0.06000      50      47
 47.501   0.07843      51      47
 48.001   0.04082      49      47
 48.501   0.08000      50      46
 49.001   0.07843      51      47
 49.501   0.06122      49      46
 50.001   0.06000      50      47
 50.501   0.08000      50      46
 51.001   0.04082      49      47
 51.501   0.06000      50      47
 52.001   0.06000      50      47
 52.501   0.07843      51      47
 53.001   0.06000      50      47
 53.501   0.06122      49      46
 54.000   0.05882      51      48
 54.501   0.06000      50      47
 55.001   0.04082      49      47
 55.501   0.07843      51      47
 56.001   0.04082      49      47
 56.501   0.06000      50      47
 57.001   0.04000      50      48
 57.501   0.08000      50      46
 58.001   0.06000      50      47
 58.501   0.06000      50      47
 59.001   0.06000      50      47
 59.501   0.06122      49      46
 60.001   0.06000      50      47
 60.501   0.07843      51      47
 61.001   0.04082      49      47
 61.501   0.08000      50      46
 62.001   0.06000      50      47
 62.501   0.06000      50      47
 63.001   0.06000      50      47
 63.501   0.06000      50      47
 64.001   0.06000      50      47
 64.501   0.06122      49      46
 65.001   0.06000      50      47
 65.501   0.08000      50      46
 66.001   0.08000      50      46
 66.501   0.06000      50      47
 67.001   0.04082      49      47
 67.501   0.09615      52      47
 68.001   0.04082      49      47
 68.501   0.06122      49      46
 69.001   0.05882      51      48
 69.501   0.08000      50      46
 70.000   0.06122      49      46
 70.501   0.06000      50      47
 71.001   0.06000      50      47
 71.501   0.06122      49      46
 72.001   0.07843      51      47
 72.501   0.07843      51      47
 73.001   0.04082      49      47
 73.501   0.08000      50      46
 74.000   0.06000      50      47
 74.501   0.06000      50      47
 75.001   0.06250      48      45
 75.501   0.07843      51      47
 76.001   0.08000      50      46
 76.501   0.07843      51      47
 77.001   0.06122      49      46
 77.501   0.06000      50      47
 78.000   0.08000      50      46
 78.501   0.06000      50      47
 79.001   0.06000      50      47
 79.501   0.04082      49      47
 80.001   0.10000      50      45
 80.501   0.06000      50      47
 81.001   0.06000      50      47
 81.501   0.06122      49      46
 82.000   0.07843      51      47
 82.501   0.07843      51      47
 83.001   0.04082      49      47
 83.501   0.06122      49      46
 84.001   0.09804      51      46
 84.501   0.06000      50      47
 85.001   0.06122      49      46
 85.501   0.06000      50      47
 86.000   0.06000      50      47
 86.501   0.08000      50      46
 87.001   0.10000      50      45
 87.501   0.06000      50      47
 88.001   0.08000      50      46
 88.501   0.08000      50      46
 89.001   0.06000      50      47
 89.501   0.08163      49      45
 90.000   0.08000      50      46
 90.501   0.08000      50      46
 91.001   0.07843      51      47
 91.501   0.06000      50      47
 92.001   0.06122      49      46
 92.501   0.06000      50      47
 93.001   0.06122      49      46
 93.501   0.07843      51      47
 94.000   0.08000      50      46
 94.501   0.06122      49      46
 95.001   0.06000      50      47
 95.501   0.06000      50      47
 96.001   0.06000      50      47
 96.501   0.08000      50      46
 97.001   0.06000      50      47
 97.501   0.08163      49      45
 98.000   0.09615      52      47
 98.501   0.08000      50      46
 99.001   0.04082      49      47
 99.501   0.06122      49      46
100.001   0.08000      50      46
100.501   0.08000      50      46
101.001   0.07843      51      47
101.501   0.06122      49      46
102.000   0.06000      50      47
102.501   0.06000      50      47
103.001   0.06000      50      47
103.501   0.06000      50      47
104.001   0.06000      50      47
104.501   0.07843      51      47
105.001   0.06000      50      47
105.501   0.06250      48      45
106.000   0.06000      50      47
106.501   0.06000      50      47
107.001   0.09804      51      46
107.501   0.06122      49      46
108.001   0.06000      50      47
108.501   0.06000      50      47
109.001   0.07843      51      47
109.501   0.06122      49      46
110.000   0.06122      49      46
110.501   0.07843      51      47
111.001   0.06000      50      47
111.501   0.08000      50      46
112.001   0.06122      49      46
112.501   0.07843      51      47
113.001   0.06122      49      46
113.501   0.08163      49      45
114.000   0.07843      51      47
114.501   0.09804      51      46
115.001   0.06000      50      47
115.501   0.08000      50      46
116.001   0.06122      49      46
116.501   0.08000      50      46
117.001   0.10000      50      45
117.501   0.10000      50      45
118.001   0.06122      49      46
118.501   0.10000      50      45
119.001   0.07843      51      47
119.501   0.06122      49      46
120.001   0.07843      51      47
120.501   0.06122      49      46
121.001   0.09804      51      46
121.501   0.08000      50      46
122.000   0.08163      49      45
122.501   0.08000      50      46
123.001   0.06000      50      47
123.501   0.08000      50      46
124.001   0.08000      50      46
124.501   0.08000      50      46
125.001   0.08000      50      46
125.501   0.06122      49      46
126.001   0.07843      51      47
126.501   0.06000      50      47
127.001   0.08000      50      46
127.501   0.06122      49      46
128.001   0.08000      50      46
128.501   0.07843      51      47
129.001   0.06122      49      46
129.501   0.08000      50      46
130.000   0.08000      50      46
130.501   0.10000      50      45
131.001   0.10000      50      45
131.501   0.08000      50      46
132.001   0.10000      50      45
132.501   0.08000      50      46
133.001   0.06122      49      46
133.501   0.08000      50      46
134.001   0.07843      51      47
134.501   0.08163      49      45
135.001   0.07843      51      47
135.501   0.08163      49      45
136.001   0.06000      50      47
136.501   0.10000      50      45
137.001   0.08000      50      46
137.501   0.08000      50      46
138.000   0.08000      50      46
138.501   0.06000      50      47
139.001   0.06000      50      47
139.501   0.06122      49      46
140.001   0.06000      50      47
140.501   0.09804      51      46
141.001   0.06122      49      46
141.501   0.08000      50      46
142.001   0.08000      50      46
142.501   0.06000      50      47
143.001   0.06000      50      47
143.501   0.08163      49      45
144.001   0.06000      50      47
144.501   0.08000      50      46
145.001   0.08000      50      46
145.501   0.08000      50      46
146.000   0.04082      49      47
146.501   0.07843      51      47
147.001   0.06000      50      47
147.501   0.06122      49      46
148.001   0.07843      51      47
148.501   0.06122      49      46
149.001   0.06000      50      47
149.501   0.06122      49      46
150.001   0.06000      50      47
150.501   0.09804      51      46
151.001   0.06000      50      47
151.501   0.06000      50      47
152.001   0.06000      50      47
152.501   0.06122      49      46
153.001   0.06000      50      47
153.501   0.09804      51      46
154.000   0.06122      49      46
154.501   0.08000      50      46
155.001   0.08000      50      46
155.501   0.08000      50      46
156.001   0.06000      50      47
156.501   0.08000      50      46
157.001   0.06122      49      46
157.501   0.09804      51      46
158.000   0.06122      49      46
158.501   0.06000      50      47
159.001   0.06000      50      47
159.501   0.06000      50      47
160.001   0.07843      51      47
160.501   0.08000      50      46
161.001   0.06000      50      47
161.501   0.06000      50      47
162.000   0.06122      49      46
162.501   0.06000      50      47
163.001   0.06122      49      46
163.501   0.07843      51      47
164.001   0.08000      50      46
164.501   0.04000      50      48
165.001   0.06122      49      46
165.501   0.08000      50      46
166.000   0.07843      51      47
166.501   0.06122      49      46
167.001   0.09804      51      46
167.501   0.06000      50      47
168.001   0.06122      49      46
168.501   0.08000      50      46
169.001   0.06000      50      47
169.501   0.06000      50      47
170.000   0.08000      50      46
170.501   0.06000      50      47
171.001   0.06000      50      47
171.501   0.08000      50      46
172.001   0.06000      50      47
172.501   0.06000      50      47
173.001   0.04082      49      47
173.501   0.09804      51      46
174.000   0.06000      50      47
174.501   0.08000      50      46
175.001   0.06000      50      47
175.501   0.08163      49      45
176.001   0.08000      50      46
176.501   0.07843      51      47
177.001   0.06122      49      46
177.501   0.06000      50      47
178.000   0.04082      49      47
178.501   0.06000      50      47
179.001   0.09615      52      47
179.501   0.08000      50      46
180.001   0.04082      49      47
180.501   0.06122      49      46
181.001   0.06000      50      47
181.501   0.09804      51      46
182.000   0.09804      51      46
182.501   0.06122      49      46
183.001   0.06000      50      47
183.501   0.08000      50      46
184.001   0.08000      50      46
184.501   0.10000      50      45
185.001   0.06122      49      46
185.501   0.07843      51      47
186.000   0.06000      50      47
186.501   0.06122      49      46
187.001   0.08000      50      46
187.501   0.09804      51      46
188.001   0.08000      50      46
188.501   0.08000      50      46
189.001   0.06122      49      46
189.501   0.08000      50      46
190.000   0.08000      50      46
190.501   0.08000      50      46
191.001   0.08000      50      46
191.501   0.08000      50      46
192.001   0.06000      50      47
192.501   0.08000      50      46
193.001   0.06122      49      46
193.501   0.08000      50      46
194.000   0.07843      51      47
194.501   0.06000      50      47
195.001   0.08000      50      46
195.501   0.06122      49      46
196.001   0.09804      51      46
196.501   0.08163      49      45
197.001   0.06000      50      47
197.501   0.06000      50      47
198.001   0.06000      50      47
198.501   0.06122      49      46
199.001   0.09804      51      46
199.501   0.08000      50      46
200.001   0.08000      50      46
200.501   0.08000      50      46
201.001   0.06000      50      47
201.501   0.08000      50      46
202.000   0.06000      50      47
202.501   0.08163      49      45
203.001   0.06000      50      47
203.501   0.08000      50      46
204.001   0.06000      50      47
204.501   0.08000      50      46
205.001   0.06000      50      47
205.501   0.10000      50      45
206.000   0.07843      51      47
206.501   0.08163      49      45
207.001   0.06000      50      47
207.501   0.08000      50      46
208.001   0.06122      49      46
208.501   0.08000      50      46
209.001   0.07843      51      47
209.501   0.08163      49      45
210.000   0.06000      50      47
210.501   0.08000      50      46
211.001   0.08000      50      46
211.501   0.09804      51      46
212.001   0.06122      49      46
212.501   0.08000      50      46
213.001   0.08000      50      46
213.501   0.06122      49      46
214.000   0.07843      51      47
214.501   0.06122      49      46
215.001   0.08000      50      46
215.501   0.06000      50      47
216.001   0.07843      51      47
216.501   0.06122      49      46
217.001   0.06000      50      47
217.501   0.08000      50      46
218.000   0.06000      50      47
218.501   0.06122      49      46
219.001   0.09804      51      46
219.501   0.06000      50      47
220.001   0.06122      49      46
220.501   0.10000      50      45
221.001   0.04082      49      47
221.501   0.07843      51      47
222.000   0.07843      51      47
222.501   0.06122      49      46
223.001   0.06000      50      47
223.501   0.06122      49      46
224.001   0.08000      50      46
224.501   0.08000      50      46
225.001   0.06000      50      47
225.501   0.08000      50      46
226.000   0.06122      49      46
226.501   0.09615      52      47
227.001   0.04082      49      47
227.501   0.08000      50      46
228.001   0.06000      50      47
228.501   0.06122      49      46
229.001   0.06000      50      47
229.501   0.06000      50      47
230.000   0.07843      51      47
230.501   0.06000      50      47
231.001   0.04082      49      47
231.501   0.08000      50      46
232.001   0.08000      50      46
232.501   0.06000      50      47
233.001   0.10000      50      45
233.501   0.08000      50      46
234.001   0.04082      49      47
234.501   0.05882      51      48
235.001   0.06122      49      46
235.501   0.08000      50      46
236.001   0.06000      50      47
236.501   0.08000      50      46
237.001   0.07843      51      47
237.501   0.06250      48      45
238.000   0.07843      51      47
238.501   0.08000      50      46
239.001   0.08000      50      46
239.501   0.08000      50      46
240.001   0.06122      49      46
240.501   0.06000      50      47
241.001   0.06000      50      47
241.501   0.08000      50      46
242.000   0.08163      49      45
242.501   0.09804      51      46
243.001   0.08000      50      46
243.501   0.06000      50      47
244.001   0.06122      49      46
244.501   0.08000      50      46
245.001   0.09804      51      46
245.501   0.08163      49      45
246.000   0.08000      50      46
246.501   0.10000      50      45
247.001   0.08163      49      45
247.501   0.08000      50      46
248.001   0.08000      50      46
248.501   0.08000      50      46
249.001   0.09804      51      46
249.501   0.06122      49      46
250.000   0.08000      50      46
250.501   0.08000      50      46
251.001   0.06122      49      46
251.501   0.09804      51      46
252.001   0.06122      49      46
252.501   0.08000      50      46
253.001   0.07843      51      47
253.501   0.06122      49      46
254.000   0.06000      50      47
254.501   0.08000      50      46
255.001   0.08000      50      46
255.501   0.06000      50      47
256.001   0.08000      50      46
256.501   0.09804      51      46
257.001   0.06122      49      46
257.501   0.08000      50      46
258.000   0.06000      50      47
258.501   0.06000      50      47
259.001   0.06122      49      46
259.501   0.07843      51      47
260.001   0.06122      49      46
260.501   0.11765      51      45
261.001   0.08163      49      45
261.501   0.08000      50      46
262.000   0.08000      50      46
262.501   0.06122      49      46
263.001   0.08000      50      46
263.501   0.07843      51      47
264.001   0.06000      50      47
264.501   0.08163      49      45
265.001   0.06000      50      47
265.501   0.08000      50      46
266.000   0.09804      51      46
266.501   0.06122      49      46
267.001   0.06000      50      47
267.501   0.08000      50      46
268.001   0.08000      50      46
268.501   0.06122      49      46
269.001   0.09804      51      46
269.501   0.08000      50      46
270.000   0.06122      49      46
270.501   0.08000      50      46
271.001   0.07843      51      47
271.501   0.08000      50      46
272.001   0.06122      49      46
272.501   0.08000      50      46
273.001   0.05882      51      48
273.501   0.04082      49      47
274.000   0.08000      50      46
274.501   0.06122      49      46
275.001   0.06000      50      47
275.501   0.06000      50      47
276.001   0.09804      51      46
276.501   0.06122      49      46
277.001   0.08000      50      46
277.501   0.08000      50      46
278.000   0.04000      50      48
278.501   0.06122      49      46
279.001   0.09804      51      46
279.501   0.06000      50      47
280.001   0.06122      49      46
280.501   0.08000      50      46
281.001   0.07843      51      47
281.501   0.06122      49      46
282.000   0.06000      50      47
282.501   0.06000      50      47
283.001   0.06122      49      46
283.501   0.07843      51      47
284.001   0.07843      51      47
284.501   0.08000      50      46
285.001   0.06122      49      46
285.501   0.06122      49      46
286.000   0.09804      51      46
286.501   0.06000      50      47
287.001   0.08000      50      46
287.501   0.06122      49      46
288.001   0.07843      51      47
288.501   0.06000      50      47
289.001   0.08000      50      46
289.501   0.06000      50      47
290.000   0.06000      50      47
290.501   0.08000      50      46
291.001   0.06122      49      46
291.501   0.06000      50      47
292.001   0.08000      50      46
292.501   0.08000      50      46
293.001   0.07843      51      47
293.501   0.06000      50      47
294.000   0.06000      50      47
294.501   0.08163      49      45
295.001   0.06000      50      47
295.501   0.06122      49      46
296.001   0.05882      51      48
296.501   0.06000      50      47
297.001   0.08000      50      46
297.501   0.06122      49      46
298.000   0.06000      50      47
298.501   0.06000      50      47
299.001   0.06000      50      47
299.501   0.07843      51      47
300.001   0.06122      49      46
300.501   0.06000      50      47
301.001   0.06000      50      47
301.501   0.06122      49      46
302.000   0.09804      51      46
302.501   0.08163      49      45
303.001   0.08000      50      46
303.501   0.06122      49      46
304.001   0.29412      51      36
