  4.512 4508.000   4.000
  6.013 1500.000   4.000
  7.513 1499.000   5.000
  9.025 1510.000   6.000
 10.526 1499.000   7.000
 12.026 1499.000   8.000
 13.528 1500.000   9.000
 15.028 1499.000  10.000
 16.528 1499.000  10.000
 18.028 1500.000  10.000
 19.528 1499.000  10.000
 21.028 1500.000   9.000
 22.528 1499.000  10.000
 24.028 1499.000   9.000
 25.528 1500.000   9.000
 27.028 1499.000  10.000
 28.528 1499.000  10.000
 30.028 1500.000  10.000
 31.528 1499.000   9.000
 33.028 1500.000   9.000
 34.528 1499.000   9.000
 36.018 1489.000  10.000
 37.519 1500.000  10.000
 39.017 1499.000   9.000
 40.517 1499.000   9.000
 42.018 1500.000  10.000
 43.518 1499.000  10.000
 45.018 1499.000  10.000
 46.517 1500.000   9.000
 48.018 1499.000   9.000
 49.518 1500.000   9.000
 51.018 1499.000  10.000
 52.518 1499.000  10.000
 54.018 1500.000   9.000
 55.518 1499.000   9.000
 57.017 1499.000   9.000
 58.518 1500.000   9.000
 60.018 1499.000  10.000
 61.519 1500.000  10.000
 63.018 1499.000  10.000
 64.518 1499.000  10.000
 66.017 1500.000   9.000
 67.518 1499.000   9.000
 69.017 1499.000   9.000
 70.519 1500.000  10.000
 72.018 1499.000  10.000
 73.519 1500.000  10.000
 75.018 1499.000  10.000
 76.517 1499.000   9.000
 78.018 1500.000   9.000
 79.518 1499.000   9.000
 81.019 1500.000  10.000
 82.518 1499.000   9.000
 84.017 1499.000   9.000
 85.519 1500.000  10.000
 87.019 1499.000  10.000
 88.518 1499.000  10.000
 90.019 1500.000  10.000
 91.518 1499.000   9.000
 93.018 1500.000   9.000
 94.518 1499.000   9.000
 96.018 1499.000  10.000
 97.519 1500.000  10.000
 99.017 1499.000   9.000
100.517 1499.000   9.000
102.018 1500.000  10.000
103.518 1499.000  10.000
105.018 1500.000   9.000
106.518 1499.000   9.000
108.018 1499.000   9.000
109.519 1500.000  10.000
111.018 1499.000  10.000
112.517 1499.000   9.000
114.018 1500.000   9.000
115.518 1499.000  10.000
117.019 1500.000  10.000
118.518 1499.000   9.000
120.018 1499.000   9.000
121.519 1500.000  10.000
123.018 1499.000   9.000
124.518 1499.000  10.000
126.017 1500.000   9.000
127.518 1499.000   9.000
129.019 1500.000  10.000
130.519 1499.000  10.000
132.017 1499.000   9.000
133.518 1500.000   9.000
135.018 1499.000   9.000
136.519 1500.000  10.000
138.018 1499.000  10.000
139.517 1499.000   9.000
141.018 1500.000   9.000
142.518 1499.000  10.000
144.018 1499.000   9.000
145.518 1500.000   9.000
147.018 1499.000  10.000
148.518 1500.000   9.000
150.018 1499.000   9.000
151.518 1499.000   9.000
153.018 1500.000   9.000
154.518 1499.000   9.000
156.018 1499.000  10.000
157.519 1500.000  10.000
159.018 1499.000   9.000
160.519 1500.000   9.000
162.018 1499.000  10.000
163.517 1499.000   9.000
165.018 1500.000   9.000
166.518 1499.000   9.000
168.018 1499.000   9.000
169.518 1500.000   9.000
171.018 1499.000   9.000
172.519 1500.000   9.000
174.021 1499.000  12.000
