  4.213 4212.000   0.000
  4.304   91.000   0.000
  5.004  698.000   2.000
  6.003  999.000   1.000
  7.004  999.000   2.000
  8.005 1000.000   2.000
  9.016 1011.000   2.000
 10.037 1020.000   3.000
 11.036  998.000   3.000
 12.005  969.000   3.000
 13.008 1002.000   4.000
 14.006  997.000   4.000
 15.007 1000.000   4.000
 16.018 1011.000   4.000
 17.006  988.000   3.000
 18.007 1000.000   4.000
 19.006  999.000   4.000
 20.019 1012.000   4.000
 21.007  988.000   4.000
 22.007  999.000   4.000
 23.007  999.000   5.000
 24.010 1002.000   5.000
 25.008  999.000   5.000
 26.008  998.000   5.000
 27.030 1022.000   5.000
 28.008  977.000   5.000
 29.039 1032.000   4.000
 30.007  967.000   4.000
 31.007  998.000   5.000
 32.022 1014.000   5.000
 33.008  986.000   5.000
 34.008  999.000   5.000
 35.039 1032.000   4.000
 36.033  992.000   5.000
 37.007  974.000   5.000
 38.008 1000.000   5.000
 39.010 1002.000   4.000
 40.029 1020.000   4.000
 41.009  979.000   4.000
 42.008  997.000   5.000
 43.028 1020.000   4.000
 44.029 1001.000   4.000
 45.008  977.000   5.000
 46.038 1031.000   4.000
 47.030  990.000   5.000
 48.006  977.000   4.000
 49.007  999.000   4.000
 50.008 1000.000   5.000
 51.008  998.000   6.000
 52.008 1001.000   5.000
 53.007  999.000   5.000
 54.007 1000.000   4.000
 55.006  998.000   3.000
 56.021 1013.000   6.000
 57.009  987.000   5.000
 58.031 1022.000   5.000
 59.030  999.000   4.000
 60.019  989.000   4.000
 61.007  987.000   4.000
 62.008 1000.000   5.000
 63.038 1030.000   4.000
 64.009  969.000   5.000
 65.022 1012.000   6.000
 66.020  999.000   5.000
 67.006  986.000   4.000
 68.020 1013.000   4.000
 69.008  987.000   5.000
 70.029 1022.000   4.000
 71.008  977.000   5.000
 72.010 1002.000   4.000
 73.008  997.000   5.000
 74.010 1002.000   4.000
 75.010  999.000   5.000
 76.020 1009.000   5.000
 77.007  987.000   4.000
 78.006  999.000   4.000
 79.007 1000.000   5.000
 80.040 1033.000   5.000
 81.008  967.000   5.000
 82.008 1000.000   5.000
 83.039 1031.000   5.000
 84.009  968.000   6.000
 85.030 1022.000   5.000
 86.007  976.000   5.000
 87.030 1023.000   5.000
 88.010  979.000   5.000
 89.009  999.000   4.000
 90.008  998.000   5.000
 91.007  999.000   5.000
 92.020 1012.000   5.000
 93.008  988.000   5.000
 94.007 1000.000   4.000
 95.007  999.000   5.000
 96.008 1000.000   5.000
 97.007  999.000   4.000
 98.031 1023.000   5.000
 99.007  976.000   5.000
100.008 1001.000   4.000
101.008  999.000   5.000
102.008  998.000   5.000
103.007  999.000   5.000
104.009 1001.000   5.000
105.008  998.000   5.000
106.029 1022.000   4.000
107.007  976.000   5.000
108.007 1000.000   5.000
109.008 1000.000   5.000
110.019 1010.000   6.000
111.007  988.000   6.000
112.009 1001.000   6.000
113.009  999.000   6.000
114.012 1004.000   4.000
115.006  994.000   4.000
116.008 1001.000   4.000
117.020 1011.000   4.000
118.023 1001.000   7.000
119.007  985.000   5.000
120.009 1000.000   6.000
121.008 1000.000   5.000
122.007  998.000   5.000
123.008 1000.000   5.000
124.008 1000.000   5.000
125.008  999.000   6.000
126.009 1000.000   6.000
127.007  998.000   5.000
128.008 1001.000   5.000
129.039 1031.000   5.000
130.009  968.000   6.000
131.008  999.000   6.000
132.039 1031.000   5.000
133.031  991.000   6.000
134.010  979.000   5.000
135.010  998.000   6.000
136.009  999.000   6.000
137.009  999.000   6.000
138.007  999.000   5.000
139.040 1031.000   6.000
140.013  971.000   7.000
141.011  997.000   8.000
142.020 1010.000   6.000
143.008  988.000   6.000
144.032 1022.000   7.000
145.009  977.000   6.000
146.010 1001.000   6.000
147.039 1030.000   5.000
148.041 1001.000   6.000
149.008  967.000   6.000
150.010 1000.000   7.000
151.007  998.000   6.000
152.008 1000.000   5.000
153.042 1032.000   7.000
