  0.501   0.00000      44      44
  1.001   0.34000      50      33
  1.501   0.10000      50      45
  2.001   0.34000      50      33
  2.501   0.06122      49      46
  3.001   0.00000      50      50
  3.500   0.03922      51      49
  4.000   0.00000      49      49
  4.501   0.00000      51      51
  5.001   0.22449      49      38
  5.501   0.28000      50      36
  6.001   0.10000      50      45
  6.501   0.17647      51      42
  7.001   0.04082      49      47
  7.500   0.04082      49      47
  8.001   0.24490      49      37
  8.501   0.96078      51       2
  9.004   0.44000      50      28
  9.501   0.26531      49      36
 10.001   0.28000      50      36
 10.501   0.30000      50      35
 11.004   0.30000      50      35
 11.502   0.44898      49      27
 12.001   0.34000      50      33
 12.501   0.32000      50      34
 13.004   0.38000      50      31
 13.506   0.38000      50      31
 14.004   0.34694      49      32
 14.505   0.33333      51      34
 15.003   0.48980      49      25
 15.504   0.53061      49      23
 16.004   0.49020      51      26
 16.501   0.46939      49      26
 17.006   0.46939      49      26
 17.502   0.54000      50      23
 18.006   0.50000      50      25
 18.506   0.48980      49      25
 19.004   0.54000      50      23
 19.503   0.50000      50      25
 20.005   0.48980      49      25
 20.506   0.56000      50      22
 21.001   0.55102      49      22
 21.505   0.50000      50      25
 22.006   0.60000      50      20
 22.502   0.58000      50      21
 23.005   0.60000      50      20
 23.505   0.61224      49      19
 24.003   0.56250      48      21
 24.503   0.56000      50      22
 25.001   0.57143      49      21
 25.502   0.62745      51      19
 26.004   0.64000      50      18
 26.503   0.69388      49      15
 27.001   0.54000      50      23
 27.505   0.63265      49      18
 28.004   0.54902      51      23
 28.504   0.63265      49      18
 29.000   0.60000      50      20
 29.504   0.62000      50      19
 30.003   0.51020      49      24
 30.505   0.64000      50      18
 31.006   0.59184      49      20
 31.504   0.51020      49      24
 32.003   0.60000      50      20
 32.505   0.68627      51      16
 33.001   0.65306      49      17
 33.501   0.82000      50       9
 34.006   0.67347      49      16
 34.501   0.76000      50      12
 35.005   0.70000      50      15
 35.504   0.71429      49      14
 36.007   0.65306      49      17
 36.505   0.70000      50      15
 37.005   0.72000      50      14
 37.501   0.69388      49      15
 38.001   0.62000      50      19
 38.503   0.64000      50      18
 39.002   0.57143      49      21
 39.504   0.64000      50      18
 40.002   0.57143      49      21
 40.505   0.56863      51      22
 41.004   0.44898      49      27
 41.505   0.53061      49      23
 42.006   0.52000      50      24
 42.503   0.60000      50      20
 43.005   0.65306      49      17
 43.500   0.56000      50      22
 44.005   0.54000      50      23
 44.501   0.45833      48      26
 45.003   0.49020      51      26
 45.502   0.60784      51      20
 46.001   0.53061      49      23
 46.503   0.56250      48      21
 47.004   0.52941      51      24
 47.501   0.54000      50      23
 48.005   0.63265      49      18
 48.500   0.62000      50      19
 49.002   0.54000      50      23
 49.504   0.61224      49      19
 50.002   0.58824      51      21
 50.501   0.59184      49      20
 51.005   0.66000      50      17
 51.506   0.65306      49      17
 52.005   0.60000      50      20
 52.503   0.62000      50      19
 53.002   0.61224      49      19
 53.505   0.56863      51      22
 54.004   0.65306      49      17
 54.501   0.57143      49      21
 55.003   0.62000      50      19
 55.502   0.59184      49      20
 56.000   0.62000      50      19
 56.504   0.54000      50      23
 57.001   0.63265      49      18
 57.506   0.64706      51      18
 58.000   0.63265      49      18
 58.503   0.56000      50      22
 59.002   0.62500      48      18
 59.500   0.60784      51      20
 60.006   0.60000      50      20
 60.504   0.58000      50      21
 61.005   0.48000      50      26
 61.503   0.58000      50      21
 62.003   0.58333      48      20
 62.506   0.58824      51      21
 63.003   0.61224      49      19
 63.504   0.65306      49      17
 64.001   0.56000      50      22
 64.503   0.64000      50      18
 65.005   0.63265      49      18
 65.504   0.60784      51      20
 66.001   0.68750      48      15
 66.502   0.56000      50      22
 67.001   0.64706      51      18
 67.504   0.56000      50      22
 68.003   0.65306      49      17
 68.500   0.57143      49      21
 69.001   0.61224      49      19
 69.503   0.60784      51      20
 70.006   0.50000      50      25
 70.501   0.64000      50      18
 71.003   0.58000      50      21
 71.503   0.65306      49      17
 72.002   0.65306      49      17
 72.503   0.58000      50      21
 73.002   0.61224      49      19
 73.500   0.60000      50      20
 74.004   0.56000      50      22
 74.504   0.65306      49      17
 75.001   0.54000      50      23
 75.502   0.58000      50      21
 76.000   0.57143      49      21
 76.504   0.57143      49      21
 77.001   0.52000      50      24
 77.504   0.56863      51      22
 78.002   0.56250      48      21
 78.505   0.52941      51      24
 79.003   0.53061      49      23
 79.504   0.57143      49      21
 80.002   0.52000      50      24
 80.502   0.58000      50      21
 81.001   0.58000      50      21
 81.505   0.60000      50      20
 82.003   0.54167      48      22
 82.505   0.54902      51      23
 83.004   0.60000      50      20
 83.503   0.61224      49      19
 84.003   0.58000      50      21
 84.502   0.65306      49      17
 85.001   0.59184      49      20
 85.503   0.66667      51      17
 86.005   0.54000      50      23
 86.502   0.58333      48      20
 87.003   0.59184      49      20
 87.501   0.54000      50      23
 88.004   0.60784      51      20
 88.503   0.73469      49      13
 89.004   0.55102      49      22
 89.506   0.49020      51      26
 90.001   0.57143      49      21
 90.505   0.54000      50      23
 91.004   0.53061      49      23
 91.506   0.58000      50      21
 92.005   0.57143      49      21
 92.505   0.62000      50      19
 93.001   0.47917      48      25
 93.505   0.62745      51      19
 94.005   0.55102      49      22
 94.506   0.53061      49      23
 95.001   0.48000      50      26
 95.502   0.53061      49      23
 96.005   0.60000      50      20
 96.501   0.54000      50      23
 97.001   0.62000      50      19
 97.505   0.57143      49      21
 98.009   0.62000      50      19
 98.504   0.51020      49      24
 99.003   0.58000      50      21
 99.502   0.65306      49      17
100.003   0.56000      50      22
100.502   0.55102      49      22
101.006   0.52000      50      24
101.504   0.54000      50      23
102.006   0.58000      50      21
102.506   0.55102      49      22
103.004   0.57143      49      21
103.505   0.58000      50      21
104.004   0.52000      50      24
104.504   0.59184      49      20
105.001   0.57143      49      21
105.502   0.60000      50      20
106.005   0.62000      50      19
106.503   0.55102      49      22
107.004   0.48000      50      26
107.506   0.65306      49      17
108.004   0.54000      50      23
108.500   0.50000      50      25
109.006   0.54000      50      23
109.501   0.53061      49      23
110.006   0.58824      51      21
110.500   0.58333      48      20
111.005   0.58824      51      21
111.502   0.57143      49      21
112.004   0.57143      49      21
112.502   0.58000      50      21
113.001   0.52000      50      24
113.503   0.61224      49      19
114.005   0.54902      51      23
114.506   0.54000      50      23
115.002   0.50000      48      24
115.501   0.62000      50      19
116.004   0.63265      49      18
116.505   0.55102      49      22
117.006   0.60000      50      20
117.506   0.56000      50      22
118.001   0.64000      50      18
118.501   0.60417      48      19
119.001   0.62000      50      19
119.503   0.73469      49      13
120.003   0.70000      50      15
120.505   0.58000      50      21
121.004   0.63265      49      18
121.501   0.48980      49      25
122.002   0.54000      50      23
122.506   0.52000      50      24
123.003   0.60000      50      20
123.502   0.57143      49      21
124.001   0.62000      50      19
124.503   0.59184      49      20
125.002   0.54000      50      23
125.502   0.61224      49      19
126.003   0.59184      49      20
126.506   0.58000      50      21
127.006   0.56000      50      22
127.504   0.59184      49      20
128.004   0.56000      50      22
128.502   0.51020      49      24
129.006   0.62000      50      19
129.502   0.57143      49      21
130.001   0.52000      50      24
130.508   0.66000      50      17
131.005   0.64000      50      18
131.500   0.57143      49      21
132.002   0.62000      50      19
132.501   0.60000      50      20
133.001   0.54167      48      22
133.501   0.49020      51      26
134.004   0.66000      50      17
134.501   0.59184      49      20
135.001   0.81633      49       9
135.501   1.00000      51       0
