  0.501   0.40000      40      24
  1.000   0.00000      50      50
  1.501   0.04000      50      48
  2.001   0.00000      50      50
  2.501   0.00000      50      50
  3.001   0.00000      50      50
  3.501   0.20000      50      40
  4.001   0.21277      47      37
  4.501   0.06000      50      47
  5.000   0.02041      49      48
  5.501   0.01961      51      50
  6.001   0.00000      49      49
  6.501   0.02000      50      49
  7.001   0.02000      50      49
  7.501   0.02000      50      49
  8.001   0.00000      49      49
  8.501   0.02000      50      49
  9.000   0.04000      50      48
  9.501   0.02000      50      49
 10.000   0.02000      50      49
 10.501   0.02000      50      49
 11.001   0.02000      50      49
 11.501   0.02000      50      49
 12.001   0.02000      50      49
 12.501   0.02000      50      49
 13.000   0.02041      49      48
 13.501   0.03922      51      49
 14.001   0.02041      49      48
 14.501   0.02000      50      49
 15.001   0.02041      49      48
 15.501   0.03922      51      49
 16.001   0.02000      50      49
 16.501   0.02041      49      48
 17.000   0.03922      51      49
 17.501   0.02041      49      48
 18.001   0.04000      50      48
 18.501   0.02000      50      49
 19.001   0.04000      50      48
 19.501   0.06000      50      47
 20.001   0.04000      50      48
 20.501   0.02000      50      49
 21.000   0.02041      49      48
 21.501   0.03922      51      49
 22.000   0.02041      49      48
 22.501   0.02000      50      49
 23.001   0.04000      50      48
 23.501   0.02041      49      48
 24.001   0.05769      52      49
 24.501   0.02041      49      48
 25.000   0.02041      49      48
 25.501   0.03922      51      49
 26.001   0.02041      49      48
 26.501   0.03922      51      49
 27.001   0.02041      49      48
 27.501   0.03922      51      49
 28.001   0.02041      49      48
 28.501   0.02041      49      48
 29.000   0.03922      51      49
 29.501   0.02000      50      49
 30.001   0.02041      49      48
 30.501   0.03922      51      49
 31.001   0.02041      49      48
 31.501   0.02041      49      48
 32.001   0.04000      50      48
 32.501   0.05882      51      48
 33.000   0.02000      50      49
 33.501   0.02041      49      48
 34.001   0.03922      51      49
 34.501   0.02041      49      48
 35.001   0.02000      50      49
 35.501   0.03922      51      49
 36.001   0.02041      49      48
 36.501   0.02041      49      48
 37.000   0.04082      49      47
 37.501   0.02000      50      49
 38.001   0.04000      50      48
 38.501   0.02000      50      49
 39.001   0.02041      49      48
 39.501   0.05769      52      49
 40.001   0.02041      49      48
 40.501   0.02041      49      48
 41.000   0.03922      51      49
 41.501   0.02041      49      48
 42.001   0.02083      48      47
 42.501   0.04000      50      48
 43.001   0.03922      51      49
 43.501   0.04000      50      48
 44.001   0.02000      50      49
 44.501   0.02041      49      48
 45.000   0.04000      50      48
 45.501   0.02000      50      49
 46.001   0.02041      49      48
 46.501   0.03922      51      49
 47.001   0.02041      49      48
 47.501   0.03922      51      49
 48.001   0.04000      50      48
 48.501   0.02000      50      49
 49.000   0.02041      49      48
 49.501   0.04000      50      48
 50.001   0.02000      50      49
 50.501   0.04000      50      48
 51.001   0.02041      49      48
 51.501   0.03922      51      49
 52.001   0.02041      49      48
 52.501   0.02000      50      49
 53.000   0.02041      49      48
 53.501   0.03922      51      49
 54.001   0.04000      50      48
 54.501   0.02000      50      49
 55.001   0.02041      49      48
 55.501   0.03922      51      49
 56.001   0.02041      49      48
 56.501   0.03922      51      49
 57.000   0.02041      49      48
 57.501   0.04000      50      48
 58.001   0.02000      50      49
 58.501   0.02000      50      49
 59.001   0.04000      50      48
 59.501   0.03922      51      49
 60.001   0.02041      49      48
 60.501   0.02000      50      49
 61.000   0.04000      50      48
 61.501   0.02041      49      48
 62.001   0.02000      50      49
 62.501   0.04000      50      48
 63.001   0.02000      50      49
 63.501   0.02000      50      49
 64.001   0.02041      49      48
 64.501   0.03922      51      49
 65.000   0.04000      50      48
 65.501   0.02000      50      49
 66.001   0.04000      50      48
 66.501   0.02000      50      49
 67.001   0.02041      49      48
 67.501   0.03922      51      49
 68.001   0.02041      49      48
 68.501   0.04000      50      48
 69.000   0.02000      50      49
 69.501   0.04082      49      47
 70.001   0.02000      50      49
 70.501   0.04000      50      48
 71.001   0.04000      50      48
 71.501   0.02041      49      48
 72.001   0.03922      51      49
 72.501   0.02041      49      48
 73.000   0.03922      51      49
 73.501   0.02041      49      48
 74.001   0.02041      49      48
 74.501   0.05769      52      49
 75.001   0.02041      49      48
 75.501   0.02000      50      49
 76.001   0.04000      50      48
 76.501   0.02000      50      49
 77.000   0.02083      48      47
 77.501   0.03922      51      49
 78.001   0.02041      49      48
 78.501   0.02000      50      49
 79.001   0.04000      50      48
 79.501   0.04000      50      48
 80.001   0.03922      51      49
 80.501   0.02041      49      48
 81.000   0.02000      50      49
 81.501   0.04000      50      48
 82.001   0.02041      49      48
 82.501   0.03922      51      49
 83.001   0.02000      50      49
 83.501   0.02041      49      48
 84.001   0.03922      51      49
 84.501   0.02041      49      48
 85.000   0.04000      50      48
 85.501   0.02000      50      49
 86.001   0.02041      49      48
 86.501   0.02041      49      48
 87.001   0.03922      51      49
 87.501   0.02041      49      48
 88.001   0.05769      52      49
 88.501   0.02041      49      48
 89.000   0.02000      50      49
 89.501   0.02000      50      49
 90.001   0.04000      50      48
 90.501   0.02041      49      48
 91.001   0.02000      50      49
 91.501   0.04000      50      48
 92.001   0.04000      50      48
 92.501   0.02041      49      48
 93.000   0.03922      51      49
 93.501   0.02000      50      49
 94.001   0.04000      50      48
 94.501   0.02041      49      48
 95.001   0.02000      50      49
 95.501   0.03922      51      49
 96.001   0.02041      49      48
 96.501   0.02000      50      49
 97.000   0.02041      49      48
 97.501   0.03922      51      49
 98.001   0.02041      49      48
 98.501   0.05769      52      49
 99.001   0.02041      49      48
 99.501   0.04000      50      48
100.001   0.02041      49      48
100.501   0.02000      50      49
101.000   0.04000      50      48
101.501   0.02000      50      49
102.001   0.04000      50      48
102.501   0.04000      50      48
103.001   0.03922      51      49
103.501   0.02041      49      48
104.001   0.04000      50      48
104.501   0.02000      50      49
105.000   0.02000      50      49
105.501   0.02041      49      48
106.001   0.04000      50      48
106.501   0.02000      50      49
107.001   0.02041      49      48
107.501   0.03922      51      49
108.001   0.02041      49      48
108.501   0.02000      50      49
109.000   0.05882      51      48
109.501   0.02041      49      48
110.001   0.03922      51      49
110.501   0.02041      49      48
111.001   0.02000      50      49
111.501   0.04000      50      48
112.001   0.02041      49      48
112.501   0.03922      51      49
113.000   0.02041      49      48
113.501   0.02000      50      49
114.001   0.04000      50      48
114.501   0.04000      50      48
115.001   0.04000      50      48
115.501   0.02000      50      49
116.001   0.04000      50      48
116.501   0.02041      49      48
117.000   0.03922      51      49
117.501   0.02041      49      48
118.001   0.02041      49      48
118.501   0.03922      51      49
119.001   0.02041      49      48
119.501   0.02000      50      49
120.001   0.04000      50      48
120.501   0.03922      51      49
121.000   0.04000      50      48
121.501   0.02041      49      48
122.001   0.02000      50      49
122.501   0.04000      50      48
123.001   0.02000      50      49
123.501   0.04000      50      48
124.001   0.02041      49      48
124.501   0.03922      51      49
125.001   0.02041      49      48
125.501   0.03922      51      49
126.001   0.02041      49      48
126.501   0.02041      49      48
127.001   0.03922      51      49
127.501   0.02041      49      48
128.001   0.02000      50      49
128.501   0.05882      51      48
129.001   0.02041      49      48
129.501   0.02000      50      49
130.001   0.04000      50      48
130.501   0.02041      49      48
131.001   0.04000      50      48
131.501   0.02000      50      49
132.001   0.05882      51      48
132.501   0.02041      49      48
133.001   0.03922      51      49
133.501   0.02041      49      48
134.001   0.02041      49      48
134.501   0.02000      50      49
135.001   0.04000      50      48
135.501   0.02041      49      48
136.001   0.03922      51      49
136.501   0.02041      49      48
137.001   0.02000      50      49
137.501   0.05882      51      48
138.001   0.02000      50      49
138.501   0.04000      50      48
139.001   0.04000      50      48
139.501   0.02000      50      49
140.001   0.02041      49      48
140.501   0.02041      49      48
141.001   0.02000      50      49
141.501   0.05769      52      49
142.001   0.02041      49      48
142.501   0.02041      49      48
143.001   0.03922      51      49
143.501   0.02041      49      48
144.001   0.04000      50      48
144.501   0.02000      50      49
145.001   0.02041      49      48
145.501   0.05882      51      48
146.001   0.02000      50      49
146.501   0.04000      50      48
147.001   0.02041      49      48
147.501   0.04000      50      48
148.001   0.02000      50      49
148.501   0.02041      49      48
149.001   0.03922      51      49
149.501   0.02041      49      48
150.001   0.03922      51      49
150.501   0.02041      49      48
151.001   0.04000      50      48
151.501   0.02000      50      49
152.001   0.08000      50      46
152.501   0.02000      50      49
153.001   0.02000      50      49
153.501   0.02041      49      48
154.001   0.04000      50      48
154.501   0.02000      50      49
155.001   0.04000      50      48
155.501   0.02041      49      48
156.001   0.03922      51      49
156.501   0.02041      49      48
157.001   0.02000      50      49
157.501   0.04000      50      48
158.001   0.03922      51      49
158.501   0.02041      49      48
159.001   0.04000      50      48
159.501   0.04000      50      48
160.001   0.02000      50      49
160.501   0.04000      50      48
161.001   0.02000      50      49
161.501   0.04082      49      47
162.001   0.04000      50      48
162.501   0.04000      50      48
163.001   0.04000      50      48
163.501   0.02000      50      49
164.001   0.02041      49      48
164.501   0.04000      50      48
165.001   0.02000      50      49
165.501   0.02000      50      49
166.001   0.02041      49      48
166.501   0.04000      50      48
167.001   0.04000      50      48
167.501   0.02000      50      49
168.001   0.04000      50      48
168.501   0.03922      51      49
169.001   0.02041      49      48
169.501   0.02000      50      49
170.001   0.04000      50      48
170.501   0.02041      49      48
171.001   0.04000      50      48
171.501   0.02000      50      49
172.001   0.04000      50      48
172.501   0.02000      50      49
173.001   0.02000      50      49
