  6.055 6050.000    11  0.000000  0.002364  0.001333    0.00000    0.00000
  6.057 6050.000    12  0.000000  0.001648  0.000264    0.00000    0.00000
  9.192 2951.000    11  0.224770  0.023608  0.036348    0.01919    0.02879
  9.192 2951.000    12  0.061101  0.034656  0.043321    0.03046    0.04569
 12.176 2998.000    11  0.137650  0.013821  0.020360    0.01226    0.01725
 12.176 2998.000    12  0.029173  0.020853  0.025574    0.02006    0.02790
 15.217 3001.000    11  0.118172  0.013120  0.018547    0.01191    0.01608
 15.217 3001.000    12  0.025052  0.019935  0.023361    0.01966    0.02599
 18.226 2998.000    11  0.114290  0.013197  0.018193    0.01218    0.01611
 18.226 2998.000    12  0.027549  0.019729  0.022485    0.01956    0.02529
 21.239 3000.000    11  0.110289  0.013613  0.018585    0.01264    0.01668
 21.239 3000.000    12  0.030916  0.019572  0.022062    0.01951    0.02491
 24.245 3001.000    11  0.110850  0.014021  0.018931    0.01304    0.01715
 24.246 3001.000    12  0.032429  0.019506  0.021835    0.01947    0.02467
 27.293 3033.000    11  0.117603  0.014360  0.019501    0.01358    0.01786
 27.293 3033.000    12  0.036335  0.019434  0.021768    0.01942    0.02446
 30.251 2964.000    11  0.119641  0.014638  0.019796    0.01383    0.01813
 30.251 2964.000    12  0.038590  0.019482  0.021766    0.01944    0.02439
 33.254 3001.000    11  0.126409  0.014874  0.019906    0.01396    0.01826
 33.254 3001.000    12  0.040228  0.019429  0.021771    0.01943    0.02430
 36.244 2996.000    11  0.139547  0.015084  0.019737    0.01415    0.01841
 36.244 2996.000    12  0.042847  0.019477  0.021775    0.01943    0.02424
 39.258 3003.000    11  0.151145  0.015260  0.020055    0.01434    0.01868
 39.258 3003.000    12  0.044718  0.019391  0.021698    0.01942    0.02417
 42.238 3007.000    11  0.153113  0.015136  0.019885    0.01424    0.01849
 42.238 3007.000    12  0.044612  0.019376  0.021649    0.01943    0.02415
 45.264 3008.000    11  0.154769  0.015143  0.020008    0.01431    0.01857
 45.264 3008.000    12  0.044785  0.019355  0.021576    0.01941    0.02409
 48.288 3006.000    11  0.157503  0.015356  0.020292    0.01455    0.01892
 48.288 3006.000    12  0.045418  0.019337  0.021540    0.01939    0.02404
 51.248 2976.000    11  0.161048  0.015453  0.020394    0.01466    0.01906
 51.248 2976.000    12  0.045848  0.019364  0.021465    0.01941    0.02403
 54.253 3000.000    11  0.165323  0.015528  0.020538    0.01478    0.01923
 54.253 3000.000    12  0.045760  0.019277  0.021408    0.01941    0.02401
 57.249 3005.000    11  0.168446  0.015537  0.020562    0.01481    0.01926
 57.249 3005.000    12  0.046256  0.019273  0.021288    0.01941    0.02399
 60.262 3010.000    11  0.170366  0.015510  0.020625    0.01487    0.01932
 60.262 3010.000    12  0.046338  0.019278  0.021211    0.01940    0.02396
 63.246 2983.000    11  0.171274  0.015509  0.020657    0.01487    0.01932
 63.246 2983.000    12  0.046161  0.019288  0.021213    0.01940    0.02395
 66.289 3015.000    11  0.174610  0.015757  0.020921    0.01513    0.01969
 66.289 3015.000    12  0.046629  0.019203  0.021206    0.01939    0.02392
 69.248 2987.000    11  0.176273  0.015696  0.020893    0.01510    0.01961
 69.248 2987.000    12  0.046521  0.019225  0.021236    0.01940    0.02392
 72.258 2998.000    11  0.178243  0.015776  0.020999    0.01515    0.01967
 72.258 2998.000    12  0.047058  0.019186  0.021218    0.01940    0.02391
 75.248 2999.000    11  0.177629  0.015775  0.021069    0.01519    0.01972
 75.248 2999.000    12  0.047266  0.019177  0.021206    0.01940    0.02390
 78.261 3003.000    11  0.176735  0.015852  0.021141    0.01524    0.01977
 78.262 3003.000    12  0.046994  0.019175  0.021215    0.01939    0.02389
 81.263 3015.000    11  0.174842  0.015814  0.021134    0.01523    0.01976
 81.263 3015.000    12  0.046747  0.019147  0.021227    0.01939    0.02388
 84.259 2982.000    11  0.174196  0.015910  0.021252    0.01534    0.01993
 84.260 2982.000    12  0.046633  0.019092  0.021224    0.01939    0.02387
 87.263 2999.000    11  0.174085  0.015996  0.021340    0.01540    0.01999
 87.263 2999.000    12  0.046605  0.019101  0.021212    0.01939    0.02386
 90.285 3031.000    11  0.173739  0.015973  0.021376    0.01544    0.02004
 90.285 3031.000    12  0.046891  0.019081  0.021215    0.01939    0.02385
 93.282 3005.000    11  0.172367  0.015936  0.021342    0.01542    0.02000
 93.282 3005.000    12  0.046861  0.019079  0.021238    0.01939    0.02384
 96.261 2961.000    11  0.170581  0.016014  0.021413    0.01549    0.02009
 96.261 2961.000    12  0.046652  0.019085  0.021243    0.01939    0.02384
 99.302 3034.000    11  0.169779  0.016088  0.021498    0.01555    0.02019
 99.302 3034.000    12  0.046450  0.019076  0.021253    0.01938    0.02382
102.253 2969.000    11  0.168645  0.016155  0.021494    0.01560    0.02023
102.253 2969.000    12  0.046356  0.019094  0.021208    0.01939    0.02383
105.271 3000.000    11  0.167859  0.016207  0.021576    0.01566    0.02033
105.272 3000.000    12  0.046523  0.019103  0.021222    0.01939    0.02382
108.253 2997.000    11  0.167352  0.016196  0.021574    0.01566    0.02031
108.253 2997.000    12  0.046543  0.019097  0.021238    0.01939    0.02382
111.257 2999.000    11  0.166495  0.016255  0.021642    0.01571    0.02039
111.257 2999.000    12  0.046427  0.019096  0.021192    0.01939    0.02381
114.284 3000.000    11  0.165204  0.016365  0.021797    0.01583    0.02057
114.284 3000.000    12  0.046375  0.019089  0.021202    0.01938    0.02380
117.246 2999.000    11  0.164978  0.016355  0.021768    0.01579    0.02051
117.246 2999.000    12  0.046347  0.019099  0.021213    0.01939    0.02381
120.273 2999.000    11  0.166473  0.016436  0.021855    0.01586    0.02060
120.273 2999.000    12  0.046787  0.019093  0.021226    0.01938    0.02380
123.291 3001.000    11  0.165357  0.016573  0.022033    0.01599    0.02078
123.291 3001.000    12  0.046660  0.019097  0.021239    0.01938    0.02379
126.276 3000.000    11  0.165037  0.016618  0.022126    0.01606    0.02086
126.276 3000.000    12  0.046725  0.019104  0.021246    0.01938    0.02379
129.264 2997.000    11  0.164458  0.016672  0.022187    0.01611    0.02093
129.264 2997.000    12  0.046553  0.019103  0.021244    0.01938    0.02379
132.286 3000.000    11  0.164747  0.016763  0.022339    0.01620    0.02104
132.286 3000.000    12  0.046475  0.019091  0.021249    0.01938    0.02378
