  6.013 6009.000   3.000
  8.012 1999.000   3.000
 10.004 1991.000   3.000
 12.013 2008.000   4.000
 14.015 2000.000   5.000
 16.025 2010.000   5.000
 18.015 1989.000   5.000
 20.025 2010.000   5.000
 22.016 1989.000   6.000
 24.016 2000.000   6.000
 26.016 1999.000   6.000
 28.016 1999.000   7.000
 30.015 2000.000   5.000
 32.028 2011.000   6.000
 34.016 1988.000   6.000
 36.039 2022.000   7.000
 38.016 1977.000   6.000
 40.035 2019.000   5.000
 42.016 1979.000   6.000
 44.037 2021.000   6.000
 46.047 2009.000   6.000
 48.016 1968.000   6.000
 50.017 2001.000   7.000
 52.016 1999.000   7.000
 54.007 1992.000   6.000
 56.029 2020.000   7.000
 58.040 2011.000   7.000
 60.027 1988.000   6.000
 62.016 1988.000   6.000
 64.016 1999.000   6.000
 66.029 2012.000   7.000
 68.027 1999.000   6.000
 70.038 2010.000   6.000
 72.017 1978.000   6.000
 74.018 2001.000   6.000
 76.027 2008.000   7.000
 78.015 1988.000   5.000
 80.006 1991.000   6.000
 82.018 2010.000   7.000
 84.009 1990.000   7.000
 86.006 1998.000   6.000
 88.017 2010.000   7.000
 90.016 1999.000   6.000
 92.026 2010.000   6.000
 94.016 1989.000   7.000
 96.016 1999.000   7.000
 98.039 2023.000   7.000
100.016 1976.000   6.000
102.017 2000.000   7.000
104.016 1999.000   7.000
106.037 2022.000   5.000
108.016 1977.000   7.000
110.026 2010.000   7.000
112.019 1990.000   9.000
114.021 2004.000   7.000
116.016 1995.000   5.000
118.031 2012.000   8.000
120.017 1985.000   8.000
122.017 2000.000   7.000
124.016 2000.000   7.000
126.018 2000.000   8.000
128.016 1999.000   7.000
130.018 2000.000   8.000
132.046 2029.000   7.000
134.019 1971.000   8.000
136.017 1998.000   8.000
138.017 2000.000   7.000
140.020 2001.000  10.000
142.030 2009.000  10.000
144.039 2010.000   9.000
146.009 1969.000   9.000
148.009 2000.000   8.000
150.020 2008.000  10.000
152.016 1999.000   7.000
