  6.014 6009.000   5.000
  8.013 1999.000   4.000
 10.005 1991.000   4.000
 12.014 2008.000   5.000
 14.015 2000.000   6.000
 16.026 2010.000   6.000
 18.015 1989.000   6.000
 20.026 2010.000   7.000
 22.016 1989.000   7.000
 24.019 2000.000   9.000
 26.017 1999.000   7.000
 28.017 1999.000   8.000
 30.015 2000.000   6.000
 32.029 2011.000   8.000
 34.017 1988.000   7.000
 36.040 2022.000   8.000
 38.017 1977.000   7.000
 40.036 2019.000   6.000
 42.016 1979.000   7.000
 44.038 2021.000   7.000
 46.048 2009.000   7.000
 48.016 1968.000   7.000
 50.019 2001.000   8.000
 52.017 1999.000   8.000
 54.008 1992.000   6.000
 56.030 2020.000   8.000
 58.041 2011.000   8.000
 60.028 1988.000   6.000
 62.017 1988.000   7.000
 64.017 1999.000   8.000
 66.030 2012.000   8.000
 68.028 1999.000   7.000
 70.039 2010.000   7.000
 72.018 1978.000   7.000
 74.019 2001.000   7.000
 76.029 2008.000   8.000
 78.015 1988.000   6.000
 80.007 1991.000   7.000
 82.019 2010.000   8.000
 84.010 1990.000   8.000
 86.008 1998.000   7.000
 88.018 2010.000   8.000
 90.017 1999.000   7.000
 92.027 2010.000   7.000
 94.017 1989.000   7.000
 96.017 1999.000   8.000
 98.040 2023.000   8.000
100.017 1976.000   7.000
102.018 2000.000   8.000
104.017 1999.000   8.000
106.038 2022.000   7.000
108.017 1977.000   8.000
110.027 2010.000   8.000
112.020 1990.000  10.000
114.022 2004.000   8.000
116.017 1995.000   7.000
118.032 2012.000   9.000
120.019 1985.000  10.000
122.018 2000.000   8.000
124.018 2000.000   8.000
126.019 2000.000  10.000
128.017 1999.000   8.000
130.019 2000.000   9.000
132.047 2029.000   8.000
134.020 1971.000   9.000
136.019 1998.000   9.000
138.018 2000.000   8.000
140.021 2001.000  11.000
142.031 2009.000  11.000
144.040 2010.000  10.000
146.010 1969.000  10.000
148.010 2000.000   9.000
150.021 2008.000  11.000
152.017 1999.000   8.000
