  4.516 4513.000   2.000
  6.019 1499.000   5.000
  7.520 1500.000   6.000
  9.032 1511.000   7.000
 10.534 1501.000   6.000
 12.035 1499.000   8.000
 13.538 1501.000   9.000
 15.038 1499.000   9.000
 16.538 1499.000  10.000
 18.038 1500.000   9.000
 19.538 1499.000  10.000
 21.038 1499.000   9.000
 22.539 1500.000   9.000
 24.038 1499.000  10.000
 25.539 1500.000  10.000
 27.038 1499.000  10.000
 28.538 1500.000   9.000
 30.039 1500.000  10.000
 31.538 1499.000  10.000
 33.038 1499.000   9.000
 34.538 1500.000  10.000
 36.028 1489.000   9.000
 37.528 1500.000   9.000
 39.027 1499.000   9.000
 40.527 1499.000   9.000
 42.028 1500.000   9.000
 43.528 1499.000   9.000
 45.027 1499.000   9.000
 46.527 1499.000   9.000
 48.027 1500.000   9.000
 49.528 1500.000   9.000
 51.028 1500.000   9.000
 52.528 1499.000   9.000
 54.028 1500.000   9.000
 55.527 1499.000   9.000
 57.027 1499.000   9.000
 58.528 1500.000   9.000
 60.028 1500.000   8.000
 61.528 1499.000   9.000
 63.028 1499.000   9.000
 64.528 1499.000   9.000
 66.027 1499.000  10.000
 67.527 1500.000   9.000
 69.027 1499.000  10.000
 70.529 1501.000   9.000
 72.028 1499.000   9.000
 73.528 1500.000   9.000
 75.028 1499.000   9.000
 76.527 1499.000   9.000
 78.028 1500.000   9.000
 79.528 1499.000   9.000
 81.029 1500.000   9.000
 82.528 1499.000   9.000
 84.027 1499.000   9.000
 85.528 1501.000   9.000
 87.028 1500.000   9.000
 88.527 1498.000   9.000
 90.028 1500.000   9.000
 91.527 1499.000   9.000
 93.028 1500.000   9.000
 94.528 1499.000   9.000
 96.028 1499.000   9.000
 97.528 1500.000   9.000
 99.027 1498.000  10.000
100.527 1500.000  10.000
102.028 1501.000   9.000
103.528 1499.000   9.000
105.028 1499.000  10.000
106.528 1500.000   9.000
108.027 1499.000   9.000
109.528 1500.000   9.000
111.028 1499.000   9.000
112.527 1498.000  10.000
114.027 1500.000   9.000
115.528 1500.000   9.000
117.029 1500.000   9.000
118.528 1498.000   9.000
120.027 1499.000   9.000
121.528 1500.000   9.000
123.028 1499.000   9.000
124.528 1499.000   9.000
126.027 1499.000  10.000
127.527 1500.000   9.000
129.029 1501.000   9.000
130.528 1499.000   9.000
132.027 1498.000   9.000
133.528 1501.000   9.000
135.028 1499.000  10.000
136.529 1501.000  10.000
138.028 1499.000   9.000
139.527 1498.000   9.000
141.028 1500.000   9.000
142.528 1500.000  10.000
144.028 1499.000   9.000
145.527 1499.000   9.000
147.028 1500.000  10.000
148.529 1500.000  10.000
150.028 1499.000  10.000
151.528 1499.000  10.000
153.028 1499.000   9.000
154.527 1499.000   9.000
156.028 1500.000  10.000
157.529 1500.000  10.000
159.028 1499.000  10.000
160.528 1500.000   9.000
162.028 1499.000  10.000
163.527 1498.000   9.000
165.028 1500.000  10.000
166.528 1499.000  10.000
168.028 1499.000   9.000
169.527 1499.000   9.000
171.027 1500.000   9.000
172.529 1501.000  10.000
174.041 1502.000  20.000
