  6.009 6003.000   5.000
  9.009 2998.000   7.000
 12.011 3000.000   9.000
 15.014 3001.000  10.000
 18.013 3000.000   9.000
 21.012 2998.000  10.000
 24.012 3000.000   9.000
 27.014 3001.000  10.000
 30.013 3000.000   9.000
 33.013 2999.000  10.000
 36.012 2999.000  10.000
 39.013 3001.000   9.000
 42.013 3000.000   9.000
 45.012 2998.000   9.000
 48.012 3000.000  10.000
 51.013 3001.000   9.000
 54.014 3000.000  10.000
 57.012 2998.000  10.000
 60.011 3000.000   9.000
 63.014 3001.000  10.000
 66.013 3000.000   9.000
 69.012 2998.000  10.000
 72.012 3000.000   9.000
 75.013 3001.000  10.000
 78.013 3000.000   9.000
 81.012 2998.000  10.000
 84.012 3000.000  10.000
 87.013 3001.000   9.000
 90.013 3000.000   9.000
 93.012 2998.000  10.000
 96.012 3000.000  10.000
 99.013 3001.000   9.000
102.014 3000.000  10.000
105.011 2998.000   9.000
108.012 3000.000  10.000
111.013 3001.000   9.000
114.013 3000.000  10.000
117.012 2998.000  10.000
120.012 3000.000   9.000
123.012 3001.000   9.000
126.013 3000.000  10.000
129.012 2998.000  10.000
132.023 3011.000  10.000
135.022 3000.000   9.000
138.023 3000.000  10.000
141.023 3000.000   9.000
144.024 2999.000  10.000
147.022 3000.000   9.000
150.024 3000.000  10.000
153.023 3000.000   9.000
156.023 2999.000  10.000
159.022 3000.000   9.000
162.024 3000.000  10.000
165.023 3000.000   9.000
168.024 2999.000  10.000
171.022 3000.000   9.000
174.025 3000.000  11.000
