  8.010 8002.000   7.000
 12.009 4000.000   6.000
 16.022 4010.000   9.000
 20.022 3999.000   8.000
 24.014 3990.000  10.000
 28.015 3998.000  12.000
 32.024 4011.000   9.000
 36.037 4011.000  10.000
 40.034 3997.000  10.000
 44.033 4000.000   9.000
 48.014 3978.000  11.000
 52.014 4000.000  11.000
 56.025 4011.000  10.000
 60.024 3999.000   9.000
 64.015 3988.000  11.000
 68.025 4011.000  10.000
 72.014 3989.000  10.000
 76.024 4010.000  10.000
 80.044 4020.000   9.000
 84.016 3968.000  13.000
 88.014 4000.000  10.000
 92.023 4009.000   9.000
 96.014 3989.000  11.000
100.012 3999.000  10.000
104.014 4001.000  11.000
108.013 3999.000  10.000
112.016 4000.000  12.000
116.012 3999.000   9.000
120.017 3999.000  14.000
124.015 4000.000  11.000
128.016 4000.000  12.000
132.045 4029.000  12.000
136.016 3970.000  13.000
140.016 4001.000  12.000
144.039 4019.000  15.000
148.047 4010.000  12.000
152.016 3968.000  13.000
