  4.181 4181.000   0.000
  4.269   88.000   0.000
  4.354   84.000   0.000
  4.402   48.000   0.000
  4.405    2.000   0.000
  4.408    2.000   0.000
  4.411    2.000   0.000
  4.414    3.000   0.000
  4.417    2.000   0.000
  4.420    2.000   0.000
  4.423    2.000   0.000
  4.426    2.000   0.000
  4.429    2.000   0.000
  4.432    3.000   0.000
  4.435    3.000   0.000
  4.439    3.000   0.000
  4.442    2.000   0.000
  4.453   11.000   0.000
  4.459    5.000   0.000
  4.463    3.000   0.000
  4.467    3.000   0.000
  4.471    4.000   0.000
  4.475    3.000   0.000
  4.479    4.000   0.000
  4.484    4.000   0.000
  4.488    4.000   0.000
  4.492    3.000   0.000
  4.496    4.000   0.000
  4.500    3.000   0.000
  4.505    5.000   0.000
  4.509    3.000   0.000
  4.513    4.000   0.000
  4.518    4.000   0.000
  4.522    4.000   0.000
  4.527    4.000   0.000
  4.531    4.000   0.000
  4.535    3.000   0.000
  4.540    5.000   0.000
  4.544    3.000   0.000
  4.548    3.000   0.000
  4.552    4.000   0.000
  4.556    3.000   0.000
  4.560    3.000   0.000
  4.564    4.000   0.000
  4.568    3.000   0.000
  4.572    3.000   0.000
  4.576    4.000   0.000
  4.580    3.000   0.000
  4.584    4.000   0.000
  4.589    5.000   0.000
  4.594    4.000   0.000
  4.598    3.000   0.000
  4.602    4.000   0.000
  4.606    4.000   0.000
  4.615    8.000   0.000
  4.625    9.000   0.000
  4.645   20.000   0.000
  4.655    9.000   0.000
  4.665   10.000   0.000
  4.675    9.000   0.000
  4.685   10.000   0.000
  4.695   10.000   0.000
  4.715   19.000   0.000
  4.725    9.000   0.000
  4.735   10.000   0.000
  4.746   10.000   0.000
  4.755    8.000   0.000
  4.775   19.000   0.000
  4.785    9.000   0.000
  4.795   10.000   0.000
  4.805    9.000   0.000
  4.815   10.000   0.000
  4.835   20.000   0.000
  4.843    7.000   0.000
  4.853    9.000   0.000
  4.863    9.000   0.000
  4.903   40.000   0.000
  4.962   59.000   0.000
  5.022   60.000   0.000
  5.093   70.000   0.000
  5.152   59.000   0.000
  5.212   60.000   0.000
  5.272   59.000   0.000
  5.332   60.000   0.000
  5.402   69.000   0.000
  5.462   60.000   0.000
  5.522   60.000   0.000
  5.582   59.000   0.000
  5.642   60.000   0.000
  5.712   69.000   0.000
  5.772   60.000   0.000
  5.832   60.000   0.000
  5.892   59.000   0.000
  5.952   59.000   0.000
  6.022   70.000   0.000
  6.082   59.000   0.000
  6.142   60.000   0.000
  6.202   59.000   0.000
  6.262   59.000   0.000
  6.332   70.000   0.000
  6.392   60.000   0.000
  6.452   59.000   0.000
  6.512   59.000   0.000
  6.572   59.000   0.000
  6.642   70.000   0.000
  6.702   59.000   0.000
  6.762   60.000   0.000
  6.822   60.000   0.000
  6.882   59.000   0.000
  6.952   69.000   0.000
  7.012   59.000   0.000
  7.072   60.000   0.000
  7.132   59.000   0.000
  7.192   60.000   0.000
  7.262   69.000   0.000
  7.322   60.000   0.000
  7.382   59.000   0.000
  7.442   60.000   0.000
  7.502   60.000   0.000
  7.572   69.000   0.000
  7.632   60.000   0.000
  7.692   60.000   0.000
  7.752   59.000   0.000
  7.822   69.000   0.000
  7.882   60.000   0.000
  7.952   69.000   0.000
  8.012   60.000   0.000
  8.072   60.000   0.000
  8.133   60.000   0.000
  8.203   69.000   0.000
  8.263   60.000   0.000
  8.323   59.000   0.000
  8.383   60.000   0.000
  8.433   49.000   0.000
  8.513   80.000   0.000
  8.573   59.000   0.000
  8.633   60.000   0.000
  8.683   49.000   0.000
  8.743   60.000   0.000
  8.823   79.000   0.000
  8.883   60.000   0.000
  8.933   49.000   0.000
  8.993   60.000   0.000
  9.053   59.000   0.000
  9.133   79.000   0.000
  9.183   49.000   0.000
  9.243   60.000   0.000
  9.303   59.000   0.000
  9.363   60.000   0.000
  9.433   69.000   0.000
  9.493   60.000   0.000
  9.553   59.000   0.000
  9.613   60.000   0.000
  9.683   69.000   0.000
  9.743   59.000   0.000
  9.803   59.000   0.000
  9.863   60.000   0.000
  9.933   69.000   0.000
  9.993   60.000   0.000
 10.053   59.000   0.000
 10.113   60.000   0.000
 10.182   69.000   0.000
 10.243   60.000   0.000
 10.302   59.000   0.000
 10.363   60.000   0.000
 10.432   69.000   0.000
 10.493   60.000   0.000
 10.552   59.000   0.000
 10.613   60.000   0.000
 10.682   69.000   0.000
 10.743   60.000   0.000
 10.802   59.000   0.000
 10.863   60.000   0.000
 10.912   49.000   0.000
 10.993   79.000   0.000
 11.052   60.000   0.000
 11.112   59.000   0.000
 11.162   50.000   0.000
 11.222   59.000   0.000
 11.302   79.000   0.000
 11.362   60.000   0.000
 11.412   50.000   0.000
 11.472   59.000   0.000
 11.532   60.000   0.000
 11.613   80.000   0.000
 11.662   49.000   0.000
 11.722   59.000   0.000
 11.782   60.000   0.000
 11.862   79.000   0.000
 11.912   50.000   0.000
 11.972   59.000   0.000
 12.032   59.000   0.000
 12.093   61.000   0.000
 12.153   59.000   0.000
 12.223   70.000   0.000
 12.283   59.000   0.000
 12.343   60.000   0.000
 12.403   59.000   0.000
 12.473   70.000   0.000
 12.533   59.000   0.000
 12.593   60.000   0.000
 12.653   59.000   0.000
 12.723   70.000   0.000
 12.773   49.000   0.000
 12.843   69.000   0.000
 12.903   60.000   0.000
 12.973   69.000   0.000
 13.023   50.000   0.000
 13.093   69.000   0.000
 13.153   59.000   0.000
 13.223   70.000   0.000
 13.273   50.000   0.000
 13.343   70.000   0.000
 13.393   49.000   0.000
 13.473   79.000   0.000
 13.523   50.000   0.000
 13.593   69.000   0.000
 13.643   50.000   0.000
 13.703   59.000   0.000
 13.773   70.000   0.000
 13.843   70.000   0.000
 13.893   50.000   0.000
 13.953   59.000   0.000
 14.013   60.000   0.000
 14.093   79.000   0.000
 14.143   50.000   0.000
 14.203   59.000   0.000
 14.263   60.000   0.000
 14.323   59.000   0.000
 14.393   70.000   0.000
 14.453   59.000   0.000
 14.513   60.000   0.000
 14.573   59.000   0.000
 14.633   60.000   0.000
 14.703   70.000   0.000
 14.763   59.000   0.000
 14.823   59.000   0.000
 14.882   60.000   0.000
 14.943   59.000   0.000
 15.012   69.000   0.000
 15.073   59.000   0.000
 15.132   60.000   0.000
 15.193   59.000   0.000
 15.262   69.000   0.000
 15.322   59.000   0.000
 15.382   60.000   0.000
 15.443   60.000   0.000
 15.512   69.000   0.000
 15.562   49.000   0.000
 15.633   70.000   0.000
 15.692   59.000   0.000
 15.762   69.000   0.000
 15.812   50.000   0.000
 15.882   69.000   0.000
 15.942   60.000   0.000
 16.012   69.000   0.000
 16.063   51.000   0.000
 16.132   68.000   0.000
 16.183   51.000   0.000
 16.263   79.000   0.000
 16.313   50.000   0.000
 16.383   69.000   0.000
 16.433   50.000   0.000
 16.493   59.000   0.000
 16.563   69.000   0.000
 16.633   69.000   0.000
 16.683   50.000   0.000
 16.743   59.000   0.000
 16.803   60.000   0.000
 16.883   80.000   0.000
 16.933   49.000   0.000
 16.993   59.000   0.000
 17.053   60.000   0.000
 17.113   59.000   0.000
 17.183   69.000   0.000
 17.243   60.000   0.000
 17.303   60.000   0.000
 17.363   59.000   0.000
 17.433   70.000   0.000
 17.493   60.000   0.000
 17.553   60.000   0.000
 17.613   60.000   0.000
 17.683   69.000   0.000
 17.733   50.000   0.000
 17.803   70.000   0.000
 17.863   60.000   0.000
 17.933   69.000   0.000
 17.983   50.000   0.000
 18.053   69.000   0.000
 18.113   59.000   0.000
 18.183   69.000   0.000
 18.233   50.000   0.000
 18.303   69.000   0.000
 18.353   50.000   0.000
 18.433   79.000   0.000
 18.483   50.000   0.000
 18.553   69.000   0.000
 18.603   50.000   0.000
 18.662   59.000   0.000
 18.733   70.000   0.000
 18.803   70.000   0.000
 18.852   49.000   0.000
 18.913   60.000   0.000
 18.972   59.000   0.000
 19.053   80.000   0.000
 19.103   50.000   0.000
 19.162   59.000   0.000
 19.222   60.000   0.000
 19.282   59.000   0.000
 19.353   70.000   0.000
 19.412   59.000   0.000
 19.472   60.000   0.000
 19.532   59.000   0.000
 19.592   60.000   0.000
 19.662   69.000   0.000
 19.722   60.000   0.000
 19.782   59.000   0.000
 19.842   60.000   0.000
 19.902   59.000   0.000
 19.972   69.000   0.000
 20.032   59.000   0.000
 20.093   61.000   0.000
 20.153   59.000   0.000
 20.213   60.000   0.000
 20.283   69.000   0.000
 20.343   60.000   0.000
 20.403   59.000   0.000
 20.463   60.000   0.000
 20.523   59.000   0.000
 20.593   70.000   0.000
 20.653   59.000   0.000
 20.713   60.000   0.000
 20.773   59.000   0.000
 20.843   70.000   0.000
 20.903   60.000   0.000
 20.963   59.000   0.000
 21.023   59.000   0.000
 21.093   70.000   0.000
 21.143   49.000   0.000
 21.213   69.000   0.000
 21.273   59.000   0.000
 21.343   70.000   0.000
 21.393   49.000   0.000
 21.453   59.000   0.000
 21.523   70.000   0.000
 21.593   70.000   0.000
 21.643   49.000   0.000
 21.703   59.000   0.000
 21.763   60.000   0.000
 21.843   80.000   0.000
 21.893   50.000   0.000
 21.953   59.000   0.000
 22.013   60.000   0.000
 22.073   59.000   0.000
 22.143   70.000   0.000
 22.202   59.000   0.000
 22.263   60.000   0.000
 22.323   59.000   0.000
 22.383   60.000   0.000
 22.453   69.000   0.000
 22.513   60.000   0.000
 22.573   59.000   0.000
 22.632   60.000   0.000
 22.692   60.000   0.000
 22.763   69.000   0.000
 22.823   60.000   0.000
 22.882   59.000   0.000
 22.942   60.000   0.000
 23.013   70.000   0.000
 23.072   59.000   0.000
 23.132   59.000   0.000
 23.192   60.000   0.000
 23.262   69.000   0.000
 23.312   49.000   0.000
 23.382   69.000   0.000
 23.442   60.000   0.000
 23.512   69.000   0.000
 23.562   49.000   0.000
 23.622   60.000   0.000
 23.692   69.000   0.000
 23.763   70.000   0.000
 23.812   49.000   0.000
 23.872   60.000   0.000
 23.942   69.000   0.000
 24.012   70.000   0.000
 24.063   51.000   0.000
 24.122   58.000   0.000
 24.183   60.000   0.000
 24.243   60.000   0.000
 24.313   70.000   0.000
 24.373   59.000   0.000
 24.433   59.000   0.000
 24.493   60.000   0.000
 24.553   59.000   0.000
 24.623   69.000   0.000
 24.683   60.000   0.000
 24.743   59.000   0.000
 24.803   59.000   0.000
 24.863   59.000   0.000
 24.933   70.000   0.000
 24.993   60.000   0.000
 25.053   59.000   0.000
 25.113   60.000   0.000
 25.183   69.000   0.000
 25.243   60.000   0.000
 25.303   59.000   0.000
 25.363   59.000   0.000
 25.433   70.000   0.000
 25.483   50.000   0.000
 25.553   69.000   0.000
 25.613   59.000   0.000
 25.683   69.000   0.000
 25.733   50.000   0.000
 25.793   59.000   0.000
 25.863   70.000   0.000
 25.933   69.000   0.000
 25.983   50.000   0.000
 26.043   59.000   0.000
 26.103   59.000   0.000
 26.183   79.000   0.000
 26.233   50.000   0.000
 26.293   59.000   0.000
 26.353   60.000   0.000
 26.413   59.000   0.000
 26.483   70.000   0.000
 26.543   60.000   0.000
 26.602   59.000   0.000
 26.663   59.000   0.000
 26.723   60.000   0.000
 26.793   70.000   0.000
 26.852   59.000   0.000
 26.913   60.000   0.000
 26.972   59.000   0.000
 27.032   59.000   0.000
 27.102   69.000   0.000
 27.162   59.000   0.000
 27.222   60.000   0.000
 27.282   59.000   0.000
 27.343   60.000   0.000
 27.412   69.000   0.000
 27.472   60.000   0.000
 27.532   59.000   0.000
 27.592   60.000   0.000
 27.662   69.000   0.000
 27.722   60.000   0.000
 27.782   59.000   0.000
 27.842   60.000   0.000
 27.902   60.000   0.000
 27.972   69.000   0.000
 28.033   61.000   0.000
 28.093   60.000   0.000
 28.153   59.000   0.000
 28.213   60.000   0.000
 28.273   59.000   0.000
 28.343   70.000   0.000
 28.403   59.000   0.000
 28.463   60.000   0.000
 28.523   59.000   0.000
 28.593   70.000   0.000
 28.653   59.000   0.000
 28.713   60.000   0.000
 28.773   59.000   0.000
 28.843   70.000   0.000
 28.893   49.000   0.000
 28.963   69.000   0.000
 29.023   59.000   0.000
 29.093   70.000   0.000
 29.143   49.000   0.000
 29.203   59.000   0.000
 29.273   70.000   0.000
 29.343   69.000   0.000
 29.393   49.000   0.000
 29.453   59.000   0.000
 29.513   60.000   0.000
 29.593   79.000   0.000
 29.643   50.000   0.000
 29.703   60.000   0.000
 29.763   59.000   0.000
 29.823   59.000   0.000
 29.893   70.000   0.000
 29.953   59.000   0.000
 30.013   60.000   0.000
 30.073   59.000   0.000
 30.133   59.000   0.000
 30.203   69.000   0.000
 30.263   60.000   0.000
 30.323   59.000   0.000
 30.383   59.000   0.000
 30.443   60.000   0.000
 30.513   69.000   0.000
 30.573   59.000   0.000
 30.633   60.000   0.000
 30.692   59.000   0.000
 30.763   69.000   0.000
 30.823   60.000   0.000
 30.882   59.000   0.000
 30.942   60.000   0.000
 31.013   70.000   0.000
 31.063   50.000   0.000
 31.132   69.000   0.000
 31.192   60.000   0.000
 31.262   69.000   0.000
 31.312   49.000   0.000
 31.372   60.000   0.000
 31.442   70.000   0.000
 31.513   69.000   0.000
 31.562   49.000   0.000
 31.622   60.000   0.000
 31.692   69.000   0.000
 31.762   69.000   0.000
 31.812   50.000   0.000
 31.872   60.000   0.000
 31.932   59.000   0.000
 32.012   79.000   0.000
 32.064   51.000   0.000
 32.122   58.000   0.000
 32.183   61.000   0.000
 32.243   59.000   0.000
 32.303   59.000   0.000
 32.373   69.000   0.000
 32.433   60.000   0.000
 32.493   59.000   0.000
 32.553   59.000   0.000
 32.613   60.000   0.000
 32.683   69.000   0.000
 32.743   60.000   0.000
 32.803   59.000   0.000
 32.863   60.000   0.000
 32.933   69.000   0.000
 32.993   60.000   0.000
 33.053   59.000   0.000
 33.113   60.000   0.000
 33.183   69.000   0.000
 33.233   50.000   0.000
 33.303   69.000   0.000
 33.363   59.000   0.000
 33.433   70.000   0.000
 33.483   50.000   0.000
 33.543   59.000   0.000
 33.613   69.000   0.000
 33.683   70.000   0.000
 33.733   49.000   0.000
 33.793   60.000   0.000
 33.853   59.000   0.000
 33.933   80.000   0.000
 33.983   50.000   0.000
 34.043   59.000   0.000
 34.103   59.000   0.000
 34.163   59.000   0.000
 34.233   70.000   0.000
 34.293   60.000   0.000
 34.353   60.000   0.000
 34.413   59.000   0.000
 34.473   60.000   0.000
 34.543   69.000   0.000
 34.602   59.000   0.000
 34.663   59.000   0.000
 34.722   60.000   0.000
 34.782   59.000   0.000
 34.852   69.000   0.000
 34.913   60.000   0.000
 34.972   59.000   0.000
 35.032   59.000   0.000
 35.093   60.000   0.000
 35.162   69.000   0.000
 35.222   60.000   0.000
 35.282   59.000   0.000
 35.343   60.000   0.000
 35.412   69.000   0.000
 35.472   60.000   0.000
 35.532   59.000   0.000
 35.592   60.000   0.000
 35.652   59.000   0.000
 35.722   70.000   0.000
 35.782   59.000   0.000
 35.842   60.000   0.000
 35.902   59.000   0.000
 35.962   60.000   0.000
 36.033   70.000   0.000
 36.103   69.000   0.000
 36.163   59.000   0.000
 36.213   50.000   0.000
 36.283   69.000   0.000
 36.333   50.000   0.000
 36.413   79.000   0.000
 36.463   50.000   0.000
 36.533   69.000   0.000
 36.583   50.000   0.000
 36.643   59.000   0.000
 36.713   70.000   0.000
 36.783   69.000   0.000
 36.833   50.000   0.000
 36.893   60.000   0.000
 36.963   69.000   0.000
 37.033   69.000   0.000
 37.083   50.000   0.000
 37.143   59.000   0.000
 37.213   69.000   0.000
 37.263   49.000   0.000
 37.333   69.000   0.000
 37.393   60.000   0.000
 37.463   69.000   0.000
 37.513   49.000   0.000
 37.573   60.000   0.000
 37.643   69.000   0.000
 37.713   69.000   0.000
 37.763   50.000   0.000
 37.823   60.000   0.000
 37.893   70.000   0.000
 37.963   69.000   0.000
 38.013   50.000   0.000
 38.073   60.000   0.000
 38.143   69.000   0.000
 38.193   50.000   0.000
 38.263   69.000   0.000
 38.323   60.000   0.000
 38.393   69.000   0.000
 38.443   50.000   1.000
 38.503   60.000   0.000
 38.573   69.000   0.000
 38.643   70.000   0.000
 38.693   50.000   0.000
 38.752   59.000   0.000
 38.823   69.000   0.000
 38.893   70.000   0.000
 38.943   49.000   0.000
 39.003   60.000   0.000
 39.073   70.000   0.000
 39.122   49.000   0.000
 39.193   69.000   0.000
 39.252   59.000   0.000
 39.323   69.000   1.000
 39.372   49.000   0.000
 39.443   70.000   0.000
 39.502   60.000   0.000
 39.573   69.000   1.000
 39.622   50.000   0.000
 39.693   70.000   0.000
 39.752   59.000   0.000
 39.822   69.000   1.000
 39.872   49.000   0.000
 39.942   70.000   0.000
 40.002   60.000   0.000
 40.053   50.000   0.000
 40.123   69.000   0.000
 40.193   70.000   0.000
 40.253   59.000   0.000
 40.303   50.000   0.000
 40.373   69.000   0.000
 40.443   70.000   0.000
 40.502   59.000   0.000
 40.553   50.000   0.000
 40.623   69.000   0.000
 40.673   50.000   0.000
 40.753   79.000   0.000
 40.803   50.000   0.000
 40.873   70.000   0.000
 40.923   49.000   0.000
 40.983   59.000   0.000
 41.053   69.000   0.000
 41.123   69.000   0.000
 41.173   50.000   0.000
 41.233   59.000   0.000
 41.303   69.000   0.000
 41.373   69.000   0.000
 41.423   50.000   0.000
 41.483   59.000   0.000
 41.553   69.000   0.000
 41.603   50.000   0.000
 41.673   69.000   0.000
 41.733   60.000   0.000
 41.803   70.000   0.000
 41.853   49.000   0.000
 41.913   60.000   0.000
 41.983   69.000   0.000
 42.053   69.000   0.000
 42.103   50.000   0.000
 42.163   60.000   0.000
 42.233   69.000   0.000
 42.303   69.000   0.000
 42.353   50.000   0.000
 42.413   59.000   0.000
 42.483   70.000   0.000
 42.533   49.000   0.000
 42.603   69.000   0.000
 42.663   60.000   0.000
 42.733   70.000   0.000
 42.783   49.000   0.000
 42.853   69.000   0.000
 42.913   60.000   0.000
 42.983   69.000   0.000
 43.033   50.000   0.000
 43.103   69.000   0.000
 43.163   60.000   0.000
 43.233   69.000   0.000
 43.282   50.000   0.000
 43.353   70.000   0.000
 43.412   59.000   0.000
 43.462   49.000   0.000
 43.532   69.000   0.000
 43.602   70.000   0.000
 43.662   60.000   0.000
 43.712   49.000   0.000
 43.782   69.000   0.000
 43.852   70.000   0.000
 43.912   60.000   0.000
 43.962   49.000   0.000
 44.032   69.000   0.000
 44.083   50.000   0.000
 44.163   79.000   0.000
 44.213   50.000   0.000
 44.284   70.000   0.000
 44.333   49.000   0.000
 44.393   59.000   0.000
 44.463   69.000   0.000
 44.533   69.000   0.000
 44.583   50.000   0.000
 44.643   59.000   0.000
 44.713   70.000   0.000
 44.783   69.000   0.000
 44.833   50.000   0.000
 44.893   60.000   0.000
 44.963   69.000   0.000
 45.013   50.000   0.000
 45.083   69.000   0.000
 45.143   60.000   0.000
 45.213   69.000   0.000
 45.263   49.000   0.000
 45.323   60.000   0.000
 45.393   69.000   0.000
 45.463   69.000   0.000
 45.513   49.000   0.000
 45.573   60.000   0.000
 45.643   70.000   0.000
 45.713   69.000   0.000
 45.763   50.000   0.000
 45.823   60.000   0.000
 45.893   70.000   0.000
 45.943   49.000   0.000
 46.013   69.000   0.000
 46.073   60.000   0.000
 46.143   69.000   0.000
 46.193   50.000   0.000
 46.253   59.000   0.000
 46.323   69.000   0.000
 46.393   70.000   0.000
 46.443   50.000   0.000
 46.503   60.000   0.000
 46.573   69.000   0.000
 46.643   70.000   0.000
 46.693   50.000   0.000
 46.752   59.000   0.000
 46.823   69.000   0.000
 46.872   49.000   0.000
 46.943   70.000   0.000
 47.003   60.000   0.000
 47.073   69.000   0.000
 47.122   49.000   0.000
 47.193   70.000   0.000
 47.252   59.000   0.000
 47.323   69.000   0.000
 47.372   49.000   0.000
 47.443   70.000   0.000
 47.502   60.000   0.000
 47.573   69.000   0.000
 47.622   49.000   0.000
 47.692   69.000   0.000
 47.752   59.000   0.000
 47.802   50.000   0.000
 47.873   70.000   0.000
 47.942   69.000   0.000
 48.002   60.000   0.000
 48.053   50.000   0.000
 48.123   69.000   0.000
 48.193   70.000   0.000
 48.253   59.000   0.000
 48.303   50.000   0.000
 48.373   69.000   0.000
 48.423   50.000   0.000
 48.502   79.000   0.000
 48.553   50.000   0.000
 48.623   69.000   0.000
 48.673   50.000   0.000
 48.733   59.000   0.000
 48.803   70.000   0.000
 48.873   69.000   0.000
 48.923   50.000   0.000
 48.983   59.000   0.000
 49.053   69.000   0.000
 49.123   69.000   0.000
 49.173   50.000   0.000
 49.233   59.000   0.000
 49.303   70.000   0.000
 49.373   69.000   0.000
 49.423   50.000   0.000
 49.483   59.000   0.000
 49.553   69.000   0.000
 49.603   50.000   0.000
 49.663   60.000   0.000
 49.733   69.000   0.000
 49.803   70.000   0.000
 49.853   49.000   0.000
 49.913   60.000   0.000
 49.983   69.000   0.000
 50.053   69.000   0.000
 50.103   49.000   0.000
 50.163   60.000   0.000
 50.233   69.000   0.000
 50.283   50.000   0.000
 50.352   68.000   0.000
 50.413   61.000   0.000
 50.483   69.000   0.000
 50.533   49.000   0.000
 50.603   69.000   0.000
 50.663   60.000   0.000
 50.733   69.000   0.000
 50.783   50.000   0.000
 50.853   69.000   0.000
 50.913   60.000   0.000
 50.983   69.000   0.000
 51.033   50.000   0.000
 51.103   69.000   0.000
 51.163   60.000   0.000
 51.212   49.000   0.000
 51.282   69.000   0.000
 51.353   70.000   0.000
 51.412   59.000   0.000
 51.462   49.000   0.000
 51.532   69.000   0.000
 51.602   70.000   0.000
 51.662   60.000   0.000
 51.712   49.000   0.000
 51.782   69.000   0.000
 51.832   50.000   0.000
 51.913   80.000   0.000
 51.962   49.000   0.000
 52.033   70.000   0.000
 52.083   49.000   0.000
 52.143   60.000   0.000
 52.213   69.000   0.000
 52.283   69.000   0.000
 52.333   50.000   0.000
 52.393   59.000   0.000
 52.463   69.000   0.000
 52.533   69.000   0.000
 52.583   49.000   0.000
 52.643   60.000   0.000
 52.713   69.000   0.000
 52.763   50.000   0.000
 52.833   69.000   0.000
 52.893   60.000   0.000
 52.963   69.000   0.000
 53.013   50.000   0.000
 53.073   60.000   0.000
 53.143   69.000   0.000
 53.213   69.000   0.000
 53.263   50.000   0.000
 53.323   59.000   0.000
 53.393   70.000   0.000
 53.463   69.000   0.000
 53.513   50.000   0.000
 53.573   59.000   0.000
 53.643   70.000   0.000
 53.693   49.000   0.000
 53.763   70.000   0.000
 53.823   59.000   0.000
 53.893   70.000   0.000
 53.943   49.000   0.000
 54.013   69.000   1.000
 54.073   60.000   0.000
 54.143   69.000   0.000
 54.193   50.000   0.000
 54.253   60.000   0.000
 54.323   69.000   0.000
 54.393   70.000   0.000
 54.443   50.000   0.000
 54.503   60.000   0.000
 54.573   69.000   0.000
 54.623   50.000   0.000
 54.693   70.000   0.000
 54.753   59.000   0.000
 54.823   69.000   0.000
 54.873   50.000   0.000
 54.943   69.000   0.000
 55.003   60.000   0.000
 55.073   69.000   0.000
 55.122   49.000   0.000
 55.193   69.000   0.000
 55.252   60.000   0.000
 55.323   69.000   0.000
 55.372   50.000   0.000
 55.443   69.000   0.000
 55.503   60.000   0.000
 55.552   49.000   0.000
 55.622   69.000   0.000
 55.692   70.000   0.000
 55.752   60.000   0.000
 55.802   49.000   0.000
 55.873   70.000   0.000
 55.942   69.000   0.000
 56.002   60.000   0.000
 56.053   50.000   0.000
 56.123   69.000   0.000
 56.173   49.000   0.000
 56.253   80.000   0.000
 56.303   50.000   0.000
 56.373   69.000   0.000
 56.423   50.000   0.000
 56.483   60.000   0.000
 56.553   69.000   0.000
 56.623   70.000   0.000
 56.673   49.000   0.000
 56.733   59.000   0.000
 56.803   70.000   0.000
 56.873   69.000   0.000
 56.923   50.000   0.000
 56.983   59.000   0.000
 57.053   69.000   0.000
 57.103   49.000   0.000
 57.173   69.000   0.000
 57.233   60.000   0.000
 57.303   69.000   0.000
 57.352   49.000   0.000
 57.413   61.000   0.000
 57.483   69.000   0.000
 57.553   69.000   0.000
 57.603   50.000   0.000
 57.663   60.000   0.000
 57.733   70.000   0.000
 57.803   69.000   0.000
 57.853   49.000   0.000
 57.913   60.000   0.000
 57.983   69.000   0.000
 58.033   50.000   0.000
 58.103   69.000   0.000
 58.163   60.000   0.000
 58.233   69.000   0.000
 58.283   50.000   0.000
 58.352   68.000   0.000
 58.413   61.000   0.000
 58.483   69.000   0.000
 58.533   49.000   0.000
 58.603   69.000   0.000
 58.663   60.000   0.000
 58.733   69.000   0.000
 58.783   50.000   0.000
 58.853   69.000   0.000
 58.913   60.000   0.000
 58.962   49.000   0.000
 59.033   70.000   0.000
 59.103   69.000   0.000
 59.163   60.000   0.000
 59.212   49.000   0.000
 59.283   70.000   0.000
 59.353   69.000   0.000
 59.413   59.000   0.000
 59.462   49.000   0.000
 59.532   69.000   0.000
 59.602   70.000   0.000
 59.662   60.000   0.000
 59.712   50.000   0.000
 59.782   69.000   0.000
 59.832   50.000   0.000
 59.892   60.000   0.000
 59.962   69.000   0.000
 60.032   69.000   0.000
 60.083   50.000   0.000
 60.143   60.000   0.000
 60.213   69.000   0.000
 60.283   69.000   0.000
 60.333   50.000   0.000
 60.393   60.000   0.000
 60.463   69.000   0.000
 60.533   69.000   0.000
 60.583   49.000   0.000
 60.643   60.000   0.000
 60.713   69.000   0.000
 60.763   50.000   0.000
 60.823   59.000   0.000
 60.893   70.000   0.000
 60.963   69.000   0.000
 61.013   50.000   0.000
 61.073   60.000   0.000
 61.143   69.000   0.000
 61.213   69.000   0.000
 61.263   50.000   0.000
 61.323   59.000   0.000
 61.393   70.000   0.000
 61.443   50.000   0.000
 61.513   69.000   0.000
 61.573   60.000   0.000
 61.643   70.000   0.000
 61.693   49.000   0.000
 61.753   60.000   0.000
 61.823   69.000   0.000
 61.893   70.000   0.000
 61.943   49.000   0.000
 62.002   59.000   0.000
 62.073   70.000   0.000
 62.143   69.000   0.000
 62.193   50.000   0.000
 62.253   60.000   0.000
 62.323   69.000   0.000
 62.373   50.000   0.000
 62.443   69.000   0.000
 62.503   60.000   0.000
 62.573   69.000   1.000
 62.623   49.000   0.000
 62.693   69.000   0.000
 62.753   60.000   0.000
 62.823   69.000   0.000
 62.873   50.000   0.000
 62.943   69.000   0.000
 63.003   60.000   0.000
 63.073   69.000   0.000
 63.122   49.000   0.000
 63.193   69.000   0.000
 63.252   60.000   0.000
 63.302   49.000   0.000
 63.372   69.000   0.000
 63.443   70.000   0.000
 63.503   60.000   0.000
 63.552   49.000   0.000
 63.622   69.000   0.000
 63.692   69.000   0.000
 63.752   60.000   0.000
 63.802   49.000   0.000
 63.872   69.000   0.000
 63.942   70.000   0.000
 64.002   60.000   0.000
 64.053   50.000   0.000
 64.123   69.000   0.000
 64.173   49.000   0.000
 64.233   60.000   0.000
 64.303   69.000   0.000
 64.373   69.000   0.000
 64.423   49.000   0.000
 64.483   60.000   0.000
 64.553   69.000   0.000
 64.623   69.000   0.000
 64.673   49.000   0.000
 64.733   60.000   0.000
 64.803   69.000   0.000
 64.853   50.000   0.000
 64.923   69.000   0.000
 64.983   60.000   0.000
 65.053   69.000   0.000
 65.103   50.000   0.000
 65.163   59.000   0.000
 65.233   70.000   0.000
 65.303   70.000   0.000
 65.352   49.000   0.000
 65.413   60.000   0.000
 65.483   70.000   0.000
 65.553   69.000   0.000
 65.603   50.000   0.000
 65.663   59.000   0.000
 65.733   70.000   0.000
 65.783   49.000   0.000
 65.853   70.000   0.000
 65.913   60.000   0.000
 65.983   69.000   0.000
 66.033   49.000   0.000
 66.103   69.000   0.000
 66.163   59.000   0.000
 66.233   70.000   0.000
 66.283   49.000   0.000
 66.352   69.000   0.000
 66.413   60.000   0.000
 66.483   70.000   0.000
 66.533   49.000   0.000
 66.603   70.000   0.000
 66.663   59.000   0.000
 66.713   50.000   0.000
 66.783   69.000   0.000
 66.853   70.000   0.000
 66.913   60.000   0.000
 66.962   49.000   0.000
 67.033   69.000   0.000
 67.103   70.000   0.000
 67.162   59.000   0.000
 67.212   50.000   0.000
 67.282   69.000   0.000
 67.332   50.000   0.000
 67.412   79.000   0.000
 67.462   50.000   0.000
 67.532   69.000   0.000
 67.582   50.000   0.000
 67.642   59.000   0.000
 67.712   69.000   0.000
 67.782   69.000   0.000
 67.832   50.000   0.000
 67.893   60.000   0.000
 67.962   69.000   0.000
 68.033   70.000   0.000
 68.083   50.000   0.000
 68.143   59.000   0.000
 68.213   69.000   0.000
 68.263   49.000   0.000
 68.333   70.000   0.000
 68.393   59.000   0.000
 68.463   69.000   0.000
 68.512   48.000   0.000
 68.573   61.000   0.000
 68.643   69.000   0.000
 68.713   70.000   0.000
 68.763   50.000   0.000
 68.823   59.000   0.000
 68.893   69.000   0.000
 68.963   69.000   0.000
 69.013   50.000   0.000
 69.073   60.000   0.000
 69.143   69.000   0.000
 69.193   50.000   0.000
 69.263   69.000   0.000
 69.323   60.000   0.000
 69.393   69.000   0.000
 69.443   50.000   0.000
 69.513   69.000   0.000
 69.573   60.000   0.000
 69.643   69.000   0.000
 69.693   50.000   0.000
 69.753   59.000   0.000
 69.823   69.000   0.000
 69.893   69.000   0.000
 69.943   50.000   0.000
 70.002   59.000   0.000
 70.073   70.000   0.000
 70.123   49.000   0.000
 70.193   70.000   0.000
 70.253   59.000   0.000
 70.323   69.000   0.000
 70.373   49.000   0.000
 70.433   60.000   0.000
 70.503   70.000   0.000
 70.572   69.000   0.000
 70.623   50.000   0.000
 70.683   60.000   0.000
 70.753   69.000   0.000
 70.822   69.000   0.000
 70.872   49.000   0.000
 70.933   60.000   0.000
 71.003   70.000   0.000
 71.052   49.000   0.000
 71.122   69.000   0.000
 71.183   60.000   0.000
 71.252   69.000   0.000
 71.302   50.000   0.000
 71.362   59.000   0.000
 71.432   70.000   0.000
 71.503   70.000   0.000
 71.552   49.000   0.000
 71.613   60.000   0.000
 71.682   69.000   0.000
 71.752   70.000   0.000
 71.802   50.000   0.000
 71.862   59.000   0.000
 71.932   70.000   0.000
 71.983   50.000   0.000
 72.053   69.000   0.000
 72.113   60.000   0.000
 72.183   69.000   0.000
 72.233   49.000   0.000
 72.293   60.000   0.000
 72.363   69.000   0.000
 72.433   69.000   0.000
 72.483   50.000   0.000
 72.543   59.000   0.000
 72.603   59.000   0.000
 72.683   79.000   1.000
 72.733   50.000   0.000
 72.793   59.000   0.000
 72.853   60.000   0.000
 72.913   60.000   0.000
 72.983   69.000   0.000
 73.043   60.000   0.000
 73.103   60.000   0.000
 73.163   59.000   0.000
 73.223   60.000   0.000
 73.293   69.000   0.000
 73.352   59.000   0.000
 73.413   60.000   0.000
 73.473   60.000   0.000
 73.533   59.000   0.000
 73.603   70.000   0.000
 73.663   59.000   0.000
 73.723   60.000   0.000
 73.783   59.000   0.000
 73.853   70.000   0.000
 73.913   60.000   0.000
 73.973   60.000   0.000
 74.033   59.000   0.000
 74.103   69.000   0.000
 74.153   49.000   0.000
 74.223   70.000   0.000
 74.283   60.000   0.000
 74.353   69.000   0.000
 74.403   49.000   0.000
 74.463   60.000   0.000
 74.533   69.000   0.000
 74.603   70.000   0.000
 74.653   49.000   0.000
 74.713   60.000   0.000
 74.783   69.000   0.000
 74.853   70.000   0.000
 74.903   50.000   0.000
 74.962   59.000   0.000
 75.032   69.000   0.000
 75.083   50.000   0.000
 75.152   69.000   0.000
 75.212   60.000   0.000
 75.282   69.000   0.000
 75.332   50.000   0.000
 75.392   59.000   0.000
 75.462   69.000   0.000
 75.532   69.000   0.000
 75.582   50.000   0.000
 75.642   60.000   0.000
 75.712   69.000   0.000
 75.782   69.000   0.000
 75.832   50.000   0.000
 75.892   59.000   0.000
 75.963   70.000   0.000
 76.033   69.000   0.000
 76.083   50.000   0.000
 76.143   59.000   0.000
 76.213   70.000   0.000
 76.263   49.000   0.000
 76.323   60.000   0.000
 76.393   69.000   0.000
 76.463   69.000   0.000
 76.513   50.000   0.000
 76.573   60.000   0.000
 76.643   69.000   0.000
 76.713   70.000   0.000
 76.763   49.000   0.000
 76.823   60.000   0.000
 76.893   70.000   0.000
 76.943   49.000   0.000
 77.013   69.000   0.000
 77.073   60.000   0.000
 77.143   69.000   0.000
 77.193   50.000   0.000
 77.253   59.000   0.000
 77.323   69.000   0.000
 77.393   69.000   0.000
 77.443   50.000   0.000
 77.502   59.000   0.000
 77.573   70.000   0.000
 77.643   69.000   0.000
 77.693   50.000   0.000
 77.753   59.000   0.000
 77.823   69.000   0.000
 77.873   49.000   0.000
 77.943   70.000   0.000
 78.002   59.000   0.000
 78.073   70.000   0.000
 78.123   49.000   0.000
 78.183   60.000   0.000
 78.253   69.000   0.000
 78.323   69.000   0.000
 78.373   49.000   0.000
 78.433   60.000   0.000
 78.503   70.000   0.000
 78.572   69.000   0.000
 78.623   50.000   0.000
 78.683   60.000   0.000
 78.753   69.000   0.000
 78.802   50.000   0.000
 78.872   69.000   0.000
 78.933   60.000   0.000
 79.003   70.000   0.000
 79.052   49.000   0.000
 79.112   59.000   0.000
 79.183   70.000   0.000
 79.252   70.000   0.000
 79.302   50.000   0.000
 79.362   59.000   0.000
 79.432   70.000   0.000
 79.503   70.000   0.000
 79.552   49.000   0.000
 79.612   59.000   0.000
 79.682   69.000   0.000
 79.752   70.000   0.000
 79.802   50.000   0.000
 79.862   59.000   0.000
 79.932   70.000   0.000
 79.983   50.000   0.000
 80.043   60.000   0.000
 80.113   69.000   0.000
 80.183   69.000   0.000
 80.233   49.000   0.000
 80.293   60.000   0.000
 80.353   60.000   0.000
 80.434   80.000   1.000
 80.482   48.000   0.000
 80.543   60.000   0.000
 80.603   59.000   0.000
 80.663   59.000   0.000
 80.733   69.000   0.000
 80.793   60.000   0.000
 80.853   59.000   0.000
 80.913   60.000   0.000
 80.973   59.000   0.000
 81.043   70.000   0.000
 81.103   59.000   0.000
 81.163   59.000   0.000
 81.223   60.000   0.000
 81.283   60.000   0.000
 81.352   68.000   0.000
 81.413   60.000   0.000
 81.473   60.000   0.000
 81.533   60.000   0.000
 81.603   69.000   0.000
 81.663   59.000   0.000
 81.723   60.000   0.000
 81.783   60.000   0.000
 81.853   69.000   0.000
 81.903   50.000   0.000
 81.973   69.000   0.000
 82.033   60.000   0.000
 82.103   69.000   0.000
 82.153   50.000   0.000
 82.213   59.000   0.000
 82.283   70.000   0.000
 82.352   69.000   0.000
 82.403   51.000   0.000
 82.462   59.000   0.000
 82.533   69.000   0.000
 82.603   70.000   0.000
 82.653   50.000   0.000
 82.712   59.000   0.000
 82.782   69.000   0.000
 82.833   50.000   0.000
 82.903   70.000   0.000
 82.962   59.000   0.000
 83.032   69.000   0.000
 83.082   50.000   0.000
 83.142   60.000   0.000
 83.212   69.000   0.000
 83.282   70.000   0.000
 83.332   50.000   0.000
 83.392   60.000   0.000
 83.462   69.000   0.000
 83.532   69.000   0.000
 83.582   50.000   0.000
 83.642   60.000   0.000
 83.712   69.000   0.000
 83.762   50.000   0.000
 83.832   69.000   0.000
 83.893   60.000   0.000
 83.963   69.000   0.000
 84.012   49.000   0.000
 84.073   61.000   0.000
 84.143   69.000   0.000
 84.213   70.000   0.000
 84.263   50.000   0.000
 84.323   59.000   0.000
 84.393   69.000   0.000
 84.463   69.000   0.000
 84.512   49.000   0.000
 84.573   60.000   0.000
 84.643   70.000   0.000
 84.693   50.000   0.000
 84.763   69.000   0.000
 84.823   60.000   0.000
 84.893   70.000   0.000
 84.943   49.000   0.000
 85.003   60.000   0.000
 85.073   69.000   0.000
 85.143   69.000   0.000
 85.193   50.000   0.000
 85.253   60.000   0.000
 85.323   69.000   0.000
 85.393   70.000   0.000
 85.443   50.000   0.000
 85.502   59.000   0.000
 85.573   70.000   0.000
 85.623   50.000   0.000
 85.693   69.000   0.000
 85.753   60.000   0.000
 85.823   69.000   0.000
 85.873   50.000   0.000
 85.933   59.000   0.000
 86.002   69.000   0.000
 86.073   70.000   0.000
 86.123   49.000   0.000
 86.183   59.000   0.000
 86.253   70.000   0.000
 86.323   69.000   0.000
 86.373   50.000   0.000
 86.433   59.000   0.000
 86.503   70.000   0.000
 86.552   49.000   0.000
 86.623   69.000   0.000
 86.682   60.000   0.000
 86.753   70.000   0.000
 86.802   49.000   0.000
 86.862   60.000   0.000
 86.933   70.000   0.000
 87.003   70.000   0.000
 87.052   49.000   0.000
 87.112   59.000   0.000
 87.182   70.000   0.000
 87.252   70.000   0.000
 87.302   49.000   0.000
 87.362   59.000   0.000
 87.432   69.000   0.000
 87.482   50.000   0.000
 87.552   69.000   0.000
 87.612   60.000   0.000
 87.682   69.000   0.000
 87.732   50.000   0.000
 87.802   69.000   0.000
 87.862   60.000   0.000
 87.933   71.000   0.000
 87.983   50.000   0.000
 88.043   59.000   0.000
 88.103   60.000   0.000
 88.183   79.000   1.000
 88.233   50.000   0.000
 88.293   59.000   0.000
 88.353   60.000   0.000
 88.413   59.000   0.000
 88.483   70.000   0.000
 88.543   59.000   0.000
 88.603   60.000   0.000
 88.663   59.000   0.000
 88.723   60.000   0.000
 88.793   70.000   0.000
 88.853   60.000   0.000
 88.913   60.000   0.000
 88.973   60.000   0.000
 89.033   59.000   0.000
 89.103   70.000   0.000
 89.163   59.000   0.000
 89.223   60.000   0.000
 89.283   59.000   0.000
 89.352   69.000   1.000
 89.413   60.000   0.000
 89.473   60.000   0.000
 89.533   59.000   0.000
 89.603   70.000   0.000
 89.653   49.000   0.000
 89.723   69.000   0.000
 89.783   59.000   0.000
 89.853   70.000   0.000
 89.903   50.000   0.000
 89.963   59.000   0.000
 90.033   69.000   0.000
 90.103   70.000   0.000
 90.153   49.000   0.000
 90.213   60.000   0.000
 90.283   69.000   0.000
 90.352   69.000   0.000
 90.403   50.000   0.000
 90.463   60.000   0.000
 90.533   69.000   0.000
 90.583   50.000   0.000
 90.653   69.000   0.000
 90.712   60.000   0.000
 90.782   69.000   0.000
 90.833   50.000   0.000
 90.892   59.000   0.000
 90.963   69.000   0.000
 91.032   69.000   0.000
 91.083   50.000   0.000
 91.142   59.000   0.000
 91.212   69.000   0.000
 91.282   69.000   0.000
 91.332   50.000   0.000
 91.392   60.000   0.000
 91.462   69.000   0.000
 91.532   69.000   0.000
 91.582   50.000   0.000
 91.642   59.000   0.000
 91.712   69.000   0.000
 91.762   50.000   0.000
 91.822   60.000   0.000
 91.893   71.000   0.000
 91.963   69.000   0.000
 92.012   49.000   0.000
 92.073   61.000   0.000
 92.143   69.000   0.000
 92.213   70.000   0.000
 92.263   49.000   0.000
 92.323   60.000   0.000
 92.393   69.000   0.000
 92.443   50.000   0.000
 92.513   69.000   0.000
 92.573   60.000   0.000
 92.643   69.000   0.000
 92.693   50.000   0.000
 92.753   59.000   0.000
 92.823   69.000   0.000
 92.893   69.000   0.000
 92.943   50.000   0.000
 93.002   59.000   0.000
 93.073   70.000   0.000
 93.143   69.000   0.000
 93.193   50.000   0.000
 93.253   59.000   0.000
 93.323   69.000   0.000
 93.373   49.000   0.000
 93.443   70.000   0.000
 93.502   59.000   0.000
 93.573   70.000   0.000
 93.623   50.000   0.000
 93.683   60.000   0.000
 93.753   69.000   0.000
 93.823   69.000   0.000
 93.873   49.000   0.000
 93.933   60.000   0.000
 94.002   69.000   0.000
 94.073   70.000   0.000
 94.123   49.000   0.000
 94.183   60.000   0.000
 94.253   69.000   0.000
 94.303   50.000   0.000
 94.373   69.000   0.000
 94.433   60.000   0.000
 94.503   70.000   0.000
 94.553   49.000   0.000
 94.613   59.000   0.000
 94.683   69.000   0.000
 94.753   70.000   0.000
 94.802   50.000   0.000
 94.862   59.000   0.000
 94.933   70.000   0.000
 95.003   70.000   0.000
 95.052   49.000   0.000
 95.112   59.000   0.000
 95.182   69.000   0.000
 95.232   49.000   0.000
 95.302   69.000   0.000
 95.362   60.000   0.000
 95.432   70.000   0.000
 95.481   49.000   0.000
 95.542   60.000   0.000
 95.612   69.000   0.000
 95.682   69.000   0.000
 95.732   49.000   0.000
 95.792   60.000   0.000
 95.862   69.000   0.000
 95.933   71.000   0.000
 95.983   49.000   0.000
 96.043   60.000   0.000
 96.103   59.000   0.000
 96.163   59.000   0.000
 96.233   69.000   0.000
 96.293   60.000   0.000
 96.353   60.000   0.000
 96.413   59.000   0.000
 96.473   59.000   0.000
 96.543   70.000   0.000
 96.603   59.000   0.000
 96.663   59.000   0.000
 96.723   59.000   0.000
 96.783   60.000   0.000
 96.853   69.000   0.000
 96.913   60.000   0.000
 96.973   59.000   0.000
 97.033   60.000   0.000
 97.103   69.000   0.000
 97.163   59.000   0.000
 97.223   60.000   0.000
 97.283   60.000   0.000
 97.352   68.000   0.000
 97.403   51.000   0.000
 97.473   69.000   0.000
 97.533   60.000   0.000
 97.603   69.000   0.000
 97.653   50.000   0.000
 97.713   59.000   0.000
 97.783   69.000   0.000
 97.853   70.000   0.000
 97.903   50.000   0.000
 97.963   59.000   0.000
 98.033   69.000   0.000
 98.103   70.000   0.000
 98.153   50.000   0.000
 98.212   59.000   0.000
 98.283   69.000   0.000
 98.333   50.000   0.000
 98.403   69.000   0.000
 98.462   60.000   0.000
 98.533   69.000   0.000
 98.583   50.000   0.000
 98.643   60.000   0.000
 98.713   69.000   0.000
 98.783   69.000   0.000
 98.833   50.000   0.000
 98.892   60.000   0.000
 98.963   69.000   0.000
 99.032   70.000   0.000
 99.083   50.000   0.000
 99.142   59.000   0.000
 99.212   69.000   0.000
 99.262   50.000   0.000
 99.332   69.000   0.000
 99.392   60.000   0.000
 99.462   69.000   0.000
 99.512   50.000   0.000
 99.582   69.000   0.000
 99.642   60.000   0.000
 99.712   69.000   0.000
 99.762   50.000   0.000
 99.822   59.000   0.000
 99.892   69.000   0.000
 99.963   70.000   0.000
100.012   49.000   0.000
100.073   60.000   0.000
100.143   70.000   0.000
100.193   50.000   0.000
100.263   69.000   0.000
100.323   60.000   0.000
100.393   69.000   0.000
100.443   50.000   0.000
100.502   59.000   0.000
100.573   70.000   0.000
100.643   70.000   0.000
100.693   49.000   0.000
100.753   60.000   0.000
100.823   69.000   0.000
100.893   70.000   0.000
100.943   50.000   0.000
101.002   59.000   0.000
101.073   70.000   0.000
101.123   50.000   0.000
101.193   69.000   0.000
101.253   60.000   0.000
101.323   69.000   0.000
101.373   50.000   0.000
101.433   59.000   0.000
101.502   69.000   0.000
101.573   70.000   0.000
101.623   50.000   0.000
101.683   59.000   0.000
101.753   70.000   0.000
101.823   69.000   0.000
101.873   50.000   0.000
101.933   59.000   0.000
102.002   69.000   0.000
102.053   50.000   0.000
102.123   69.000   0.000
102.183   60.000   0.000
102.253   70.000   0.000
102.303   49.000   0.000
102.363   60.000   0.000
102.433   69.000   0.000
102.503   70.000   0.000
102.552   49.000   0.000
102.612   59.000   0.000
102.683   69.000   0.000
102.753   70.000   0.000
102.802   49.000   0.000
102.862   60.000   0.000
102.933   70.000   0.000
102.982   50.000   0.000
103.052   69.000   0.000
103.112   60.000   0.000
103.182   69.000   0.000
103.232   50.000   0.000
103.292   59.000   0.000
103.362   69.000   0.000
103.432   70.000   0.000
103.482   50.000   0.000
103.542   59.000   0.000
103.602   60.000   0.000
103.682   79.000   1.000
103.732   50.000   0.000
103.792   59.000   0.000
103.852   60.000   0.000
103.933   80.000   1.000
103.983   50.000   0.000
104.043   59.000   0.000
104.103   60.000   0.000
104.163   59.000   0.000
104.223   60.000   0.000
104.293   70.000   0.000
104.353   60.000   0.000
104.413   59.000   0.000
104.473   59.000   0.000
104.533   60.000   0.000
104.603   70.000   0.000
104.663   59.000   0.000
104.723   60.000   0.000
104.783   59.000   0.000
104.853   70.000   0.000
104.913   60.000   0.000
104.973   59.000   0.000
105.033   59.000   0.000
105.103   70.000   0.000
105.153   49.000   0.000
105.223   69.000   0.000
105.283   59.000   0.000
105.352   69.000   0.000
105.403   50.000   0.000
105.463   60.000   0.000
105.533   69.000   0.000
105.603   70.000   0.000
105.653   49.000   0.000
105.713   60.000   0.000
105.783   69.000   0.000
105.853   70.000   0.000
105.903   50.000   0.000
105.963   59.000   0.000
106.033   69.000   0.000
106.083   50.000   0.000
106.153   69.000   0.000
106.213   60.000   0.000
106.283   69.000   0.000
106.333   50.000   0.000
106.393   59.000   0.000
106.463   69.000   0.000
106.533   69.000   0.000
106.583   50.000   0.000
106.642   59.000   0.000
106.713   69.000   0.000
106.782   69.000   0.000
106.833   50.000   0.000
106.893   59.000   0.000
106.962   69.000   0.000
107.012   50.000   0.000
107.083   70.000   0.000
107.142   59.000   0.000
107.212   69.000   0.000
107.262   50.000   0.000
107.322   60.000   0.000
107.392   69.000   0.000
107.462   69.000   0.000
107.512   49.000   0.000
107.572   60.000   0.000
107.642   69.000   0.000
107.712   69.000   0.000
107.762   49.000   0.000
107.822   60.000   0.000
107.893   70.000   0.000
107.943   50.000   0.000
108.012   68.000   0.000
108.073   61.000   0.000
108.143   69.000   0.000
108.193   50.000   0.000
108.253   59.000   0.000
108.323   69.000   0.000
108.393   70.000   0.000
108.443   50.000   0.000
108.502   59.000   0.000
108.573   70.000   0.000
108.643   70.000   0.000
108.693   50.000   0.000
108.753   59.000   0.000
108.823   69.000   0.000
108.873   49.000   0.000
108.943   70.000   0.000
109.002   59.000   0.000
109.073   70.000   0.000
109.123   50.000   0.000
109.183   60.000   0.000
109.253   69.000   0.000
109.323   69.000   0.000
109.373   49.000   0.000
109.433   60.000   0.000
109.502   69.000   0.000
109.573   70.000   0.000
109.623   50.000   0.000
109.683   60.000   0.000
109.753   69.000   0.000
109.803   50.000   0.000
109.873   69.000   0.000
109.933   60.000   0.000
110.002   69.000   0.000
110.053   50.000   0.000
110.113   59.000   0.000
110.183   69.000   0.000
110.253   70.000   0.000
110.303   50.000   0.000
110.363   59.000   0.000
110.433   69.000   0.000
110.503   70.000   0.000
110.553   49.000   0.000
110.612   59.000   0.000
110.683   69.000   0.000
110.732   49.000   0.000
110.802   69.000   0.000
110.862   60.000   0.000
110.933   70.000   0.000
110.982   49.000   0.000
111.043   60.000   0.000
111.112   69.000   0.000
111.182   69.000   0.000
111.232   49.000   0.000
111.292   60.000   0.000
111.352   60.000   0.000
111.433   79.000   1.000
111.482   50.000   0.000
111.542   59.000   0.000
111.602   60.000   0.000
111.682   79.000   1.000
111.732   50.000   0.000
111.792   59.000   0.000
111.852   60.000   0.000
111.912   59.000   0.000
111.973   60.000   0.000
112.043   70.000   0.000
112.103   60.000   0.000
112.163   59.000   0.000
112.223   60.000   0.000
112.283   59.000   0.000
112.353   70.000   0.000
112.413   59.000   0.000
112.473   59.000   0.000
112.533   59.000   0.000
112.603   70.000   0.000
112.663   59.000   0.000
112.723   60.000   0.000
112.783   59.000   0.000
112.853   70.000   0.000
112.903   50.000   0.000
112.973   69.000   0.000
113.033   60.000   0.000
113.103   70.000   0.000
113.153   49.000   0.000
113.213   60.000   0.000
113.283   69.000   0.000
113.352   69.000   0.000
113.403   50.000   0.000
113.463   60.000   0.000
113.533   69.000   0.000
113.603   70.000   0.000
113.653   50.000   0.000
113.713   59.000   0.000
113.783   69.000   0.000
113.833   50.000   0.000
113.903   69.000   0.000
113.963   59.000   0.000
114.033   69.000   1.000
114.083   50.000   0.000
114.143   59.000   0.000
114.213   69.000   0.000
114.283   69.000   0.000
114.333   50.000   0.000
114.393   59.000   0.000
114.463   69.000   0.000
114.533   69.000   0.000
114.583   50.000   0.000
114.642   59.000   0.000
114.713   69.000   0.000
114.762   49.000   0.000
114.832   69.000   0.000
114.892   60.000   0.000
114.962   69.000   0.000
115.012   50.000   0.000
115.072   60.000   0.000
115.143   69.000   0.000
115.212   69.000   0.000
115.262   50.000   0.000
115.322   60.000   0.000
115.392   69.000   0.000
115.462   69.000   0.000
115.512   49.000   0.000
115.572   60.000   0.000
115.642   69.000   0.000
115.692   50.000   0.000
115.762   69.000   0.000
115.823   61.000   0.000
115.893   69.000   0.000
115.943   50.000   0.000
116.002   59.000   0.000
116.073   70.000   0.000
116.143   70.000   0.000
116.193   50.000   0.000
116.253   59.000   0.000
116.323   69.000   0.000
116.393   70.000   0.000
116.443   50.000   0.000
116.502   59.000   0.000
116.573   70.000   0.000
116.623   50.000   0.000
116.693   69.000   0.000
116.753   60.000   0.000
116.823   69.000   0.000
116.873   49.000   0.000
116.933   60.000   0.000
117.002   69.000   0.000
117.073   70.000   0.000
117.123   50.000   0.000
117.183   60.000   0.000
117.253   69.000   0.000
117.323   69.000   0.000
117.373   49.000   0.000
117.433   60.000   0.000
117.502   69.000   0.000
117.553   50.000   0.000
117.623   69.000   0.000
117.683   60.000   0.000
117.753   69.000   0.000
117.803   50.000   0.000
117.863   59.000   0.000
117.933   70.000   0.000
118.003   70.000   0.000
118.053   49.000   0.000
118.113   59.000   0.000
118.183   70.000   0.000
118.253   70.000   0.000
118.303   50.000   0.000
118.363   59.000   0.000
118.433   70.000   0.000
118.482   49.000   0.000
118.553   69.000   0.000
118.612   60.000   0.000
118.683   69.000   0.000
118.732   49.000   0.000
118.793   60.000   0.000
118.863   69.000   0.000
118.933   70.000   0.000
118.982   49.000   0.000
119.042   60.000   0.000
119.102   59.000   0.000
119.183   79.000   1.000
119.232   50.000   0.000
119.292   59.000   0.000
119.353   60.000   0.000
119.433   79.000   1.000
119.482   50.000   0.000
119.542   59.000   0.000
119.602   60.000   0.000
119.662   59.000   0.000
119.732   69.000   0.000
119.792   60.000   0.000
119.853   61.000   0.000
119.912   58.000   0.000
119.973   60.000   0.000
120.033   59.000   0.000
120.103   70.000   0.000
120.163   59.000   0.000
120.223   60.000   0.000
120.283   59.000   0.000
120.353   70.000   0.000
120.413   59.000   0.000
120.473   59.000   0.000
120.533   59.000   0.000
120.603   70.000   0.000
120.653   49.000   0.000
120.723   69.000   0.000
120.783   59.000   0.000
120.853   70.000   0.000
120.903   50.000   0.000
120.963   59.000   0.000
121.033   69.000   0.000
121.103   70.000   0.000
121.153   49.000   0.000
121.213   60.000   0.000
121.283   69.000   0.000
121.352   69.000   0.000
121.403   50.000   0.000
121.463   60.000   0.000
121.533   69.000   0.000
121.583   50.000   0.000
121.653   69.000   0.000
121.713   60.000   0.000
121.783   69.000   0.000
121.833   50.000   0.000
121.893   59.000   0.000
121.963   69.000   0.000
122.033   69.000   0.000
122.083   50.000   0.000
122.143   59.000   0.000
122.213   69.000   0.000
122.283   69.000   0.000
122.333   50.000   0.000
122.393   59.000   0.000
122.463   69.000   0.000
122.513   49.000   0.000
122.583   69.000   0.000
122.642   60.000   0.000
122.712   69.000   0.000
122.762   50.000   0.000
122.823   60.000   0.000
122.893   69.000   0.000
122.962   69.000   0.000
123.012   49.000   0.000
123.072   60.000   0.000
123.143   69.000   0.000
123.212   69.000   0.000
123.262   50.000   0.000
123.322   60.000   0.000
123.392   69.000   0.000
123.442   50.000   0.000
123.512   69.000   0.000
123.572   60.000   0.000
123.642   69.000   0.000
123.692   50.000   0.000
123.762   69.000   0.000
123.823   61.000   0.000
123.893   69.000   0.000
123.943   50.000   0.000
124.002   59.000   0.000
124.073   70.000   0.000
124.143   70.000   0.000
124.193   50.000   0.000
124.253   59.000   0.000
124.323   69.000   0.000
124.373   49.000   0.000
124.443   70.000   0.000
124.503   60.000   0.000
124.573   69.000   0.000
124.623   49.000   0.000
124.683   60.000   0.000
124.753   69.000   0.000
124.823   69.000   0.000
124.873   49.000   0.000
124.933   60.000   0.000
125.003   69.000   0.000
125.073   69.000   0.000
125.123   50.000   0.000
125.183   60.000   0.000
125.253   69.000   0.000
125.303   50.000   0.000
125.373   69.000   0.000
125.433   60.000   0.000
125.502   69.000   0.000
125.553   50.000   0.000
125.613   59.000   0.000
125.683   69.000   0.000
125.753   70.000   0.000
125.803   50.000   0.000
125.863   59.000   0.000
125.933   70.000   0.000
126.002   69.000   0.000
126.053   50.000   0.000
126.113   59.000   0.000
126.183   69.000   0.000
126.232   49.000   0.000
126.303   69.000   0.000
126.363   60.000   0.000
126.433   69.000   0.000
126.482   49.000   0.000
126.543   60.000   0.000
126.613   69.000   0.000
126.683   69.000   0.000
126.732   49.000   0.000
126.793   60.000   0.000
126.852   59.000   0.000
126.933   80.000   1.000
126.982   49.000   0.000
127.042   59.000   0.000
127.102   60.000   0.000
127.162   59.000   0.000
127.232   69.000   0.000
127.292   60.000   0.000
127.352   60.000   0.000
127.412   59.000   0.000
127.482   70.000   0.000
127.542   60.000   0.000
127.602   60.000   0.000
127.662   59.000   0.000
127.722   60.000   0.000
127.792   69.000   0.000
127.853   61.000   0.000
127.912   58.000   0.000
127.973   60.000   0.000
128.033   60.000   0.000
128.103   69.000   0.000
128.163   59.000   0.000
128.223   60.000   0.000
128.283   59.000   0.000
128.353   70.000   0.000
128.403   49.000   0.000
128.473   69.000   0.000
128.533   59.000   0.000
128.603   70.000   0.000
128.653   50.000   0.000
128.713   59.000   0.000
128.783   69.000   0.000
128.853   70.000   0.000
128.903   50.000   0.000
128.963   59.000   0.000
129.033   69.000   0.000
129.103   70.000   0.000
129.153   49.000   0.000
129.213   60.000   0.000
129.283   69.000   0.000
129.333   50.000   0.000
129.403   69.000   0.000
129.463   60.000   0.000
129.533   69.000   0.000
129.583   50.000   0.000
129.643   59.000   0.000
129.713   69.000   0.000
129.783   69.000   0.000
129.833   50.000   0.000
129.893   59.000   0.000
129.963   69.000   0.000
130.033   69.000   0.000
130.083   50.000   0.000
130.143   59.000   0.000
130.213   69.000   0.000
130.263   50.000   0.000
130.333   70.000   0.000
130.393   60.000   0.000
130.463   69.000   0.000
130.512   49.000   0.000
130.572   60.000   0.000
130.643   69.000   0.000
130.713   69.000   0.000
130.762   50.000   0.000
130.822   60.000   0.000
130.892   69.000   0.000
130.962   69.000   0.000
131.012   49.000   0.000
131.072   60.000   0.000
131.142   69.000   0.000
131.192   50.000   0.000
131.262   69.000   0.000
131.322   60.000   0.000
131.392   69.000   0.000
131.442   50.000   0.000
131.503   60.000   0.000
131.572   69.000   0.000
131.642   70.000   0.000
131.692   50.000   0.000
131.752   59.000   0.000
131.823   70.000   0.000
131.893   69.000   0.000
131.943   50.000   0.000
132.002   59.000   0.000
132.063   60.000   0.000
132.133   69.000   0.000
132.193   60.000   0.000
132.253   59.000   0.000
132.313   60.000   0.000
132.383   69.000   0.000
132.443   60.000   0.000
132.502   59.000   0.000
132.563   60.000   0.000
132.633   69.000   0.000
132.693   60.000   0.000
132.743   49.000   0.000
132.813   70.000   0.000
132.883   69.000   0.000
132.943   60.000   0.000
132.993   49.000   0.000
133.053   60.000   0.000
133.133   79.000   0.000
133.193   60.000   0.000
133.243   49.000   0.000
133.303   60.000   0.000
133.363   59.000   0.000
133.443   79.000   1.000
133.493   49.000   0.000
133.553   60.000   0.000
133.613   59.000   0.000
133.673   59.000   0.000
133.743   70.000   0.000
133.803   60.000   0.000
133.863   59.000   0.000
133.923   59.000   0.000
133.993   70.000   0.000
134.053   60.000   0.000
134.113   59.000   0.000
134.173   59.000   0.000
134.243   70.000   0.000
134.303   60.000   0.000
134.363   60.000   0.000
134.423   59.000   0.000
134.493   70.000   0.000
134.553   60.000   0.000
134.613   59.000   0.000
134.672   59.000   0.000
134.742   70.000   0.000
134.803   60.000   0.000
134.862   59.000   0.000
134.912   50.000   0.000
134.993   79.000   0.000
135.053   60.000   0.000
135.113   60.000   0.000
135.162   49.000   0.000
135.222   59.000   0.000
135.303   79.000   0.000
135.362   60.000   0.000
135.412   50.000   0.000
135.472   59.000   0.000
135.553   79.000   1.000
135.612   59.000   0.000
135.662   50.000   0.000
135.722   59.000   0.000
135.782   59.000   0.000
135.863   80.000   0.000
135.912   49.000   0.000
135.973   60.000   0.000
136.033   59.000   0.000
136.093   60.000   0.000
136.163   69.000   0.000
136.223   60.000   0.000
136.283   59.000   0.000
136.342   59.000   0.000
136.413   71.000   0.000
136.473   59.000   0.000
136.533   59.000   0.000
136.593   60.000   0.000
136.663   69.000   0.000
136.723   60.000   0.000
136.773   50.000   0.000
136.843   69.000   1.000
136.913   70.000   0.000
136.973   59.000   0.000
137.023   50.000   0.000
137.083   60.000   0.000
137.163   79.000   0.000
137.223   60.000   0.000
137.273   50.000   0.000
137.333   59.000   0.000
137.393   60.000   0.000
137.473   79.000   1.000
137.523   50.000   0.000
137.583   60.000   0.000
137.643   59.000   0.000
137.703   59.000   0.000
137.773   70.000   0.000
137.833   60.000   0.000
137.893   60.000   0.000
137.953   59.000   0.000
138.023   69.000   0.000
138.083   60.000   0.000
138.143   59.000   0.000
138.203   59.000   0.000
138.273   70.000   0.000
138.333   60.000   0.000
138.393   60.000   0.000
138.452   59.000   0.000
138.522   70.000   0.000
138.583   60.000   0.000
138.632   50.000   0.000
138.703   69.000   0.000
138.772   70.000   0.000
138.833   60.000   0.000
138.882   49.000   0.000
138.943   59.000   0.000
139.022   79.000   0.000
139.083   60.000   0.000
139.132   49.000   0.000
139.192   59.000   0.000
139.252   59.000   0.000
139.333   80.000   0.000
139.382   49.000   0.000
139.442   60.000   0.000
139.503   60.000   0.000
139.582   79.000   0.000
139.632   50.000   0.000
139.692   59.000   0.000
139.752   59.000   0.000
139.813   61.000   0.000
139.883   69.000   0.000
139.943   60.000   0.000
140.002   59.000   0.000
140.063   60.000   0.000
140.133   69.000   0.000
140.193   60.000   0.000
140.253   59.000   0.000
140.313   60.000   0.000
140.383   69.000   0.000
140.443   60.000   0.000
140.493   49.000   0.000
140.563   69.000   1.000
140.633   69.000   0.000
140.693   60.000   0.000
140.743   50.000   0.000
140.803   59.000   0.000
140.883   79.000   0.000
140.943   60.000   0.000
140.993   49.000   0.000
141.053   60.000   0.000
141.113   59.000   0.000
141.193   80.000   1.000
141.243   49.000   0.000
141.303   60.000   0.000
141.363   59.000   0.000
141.423   59.000   0.000
141.493   70.000   0.000
141.553   60.000   0.000
141.613   59.000   0.000
141.673   59.000   0.000
141.743   70.000   0.000
141.803   60.000   0.000
141.863   59.000   0.000
141.923   59.000   0.000
141.993   70.000   0.000
142.053   59.000   0.000
142.113   59.000   0.000
142.173   59.000   0.000
142.243   70.000   0.000
142.303   60.000   0.000
142.363   60.000   0.000
142.423   59.000   0.000
142.493   70.000   0.000
142.553   60.000   0.000
142.613   59.000   0.000
142.663   50.000   0.000
142.743   79.000   0.000
142.803   60.000   0.000
142.862   59.000   0.000
142.913   50.000   0.000
142.972   59.000   0.000
143.053   80.000   0.000
143.112   59.000   0.000
143.162   50.000   0.000
143.222   59.000   0.000
143.282   59.000   0.000
143.363   80.000   1.000
143.412   50.000   0.000
143.472   59.000   0.000
143.532   59.000   0.000
143.612   79.000   0.000
143.662   50.000   0.000
143.722   59.000   0.000
143.782   59.000   0.000
143.842   60.000   0.000
143.912   70.000   0.000
143.973   60.000   0.000
144.033   59.000   0.000
144.093   60.000   0.000
144.163   69.000   0.000
144.223   60.000   0.000
144.283   59.000   0.000
144.342   58.000   0.000
144.413   71.000   0.000
144.473   59.000   0.000
144.523   50.000   0.000
144.593   69.000   0.000
144.663   69.000   0.000
144.723   60.000   0.000
144.773   50.000   0.000
144.833   59.000   0.000
144.913   80.000   0.000
144.973   59.000   0.000
145.023   50.000   0.000
145.083   60.000   0.000
145.143   59.000   0.000
145.223   79.000   0.000
145.273   50.000   0.000
145.333   59.000   0.000
145.393   60.000   0.000
145.453   59.000   0.000
145.523   70.000   0.000
145.583   60.000   0.000
145.643   60.000   0.000
145.703   59.000   0.000
145.773   69.000   0.000
145.833   60.000   0.000
145.893   60.000   0.000
145.953   59.000   0.000
146.023   70.000   0.000
146.083   60.000   0.000
146.143   60.000   0.000
146.203   59.000   0.000
146.273   70.000   0.000
146.333   60.000   0.000
146.383   50.000   0.000
146.453   69.000   0.000
146.522   70.000   0.000
146.583   59.000   0.000
146.632   50.000   0.000
146.693   59.000   0.000
146.772   79.000   0.000
146.833   60.000   0.000
146.882   49.000   0.000
146.943   60.000   0.000
147.003   60.000   0.000
147.083   79.000   0.000
147.132   50.000   0.000
147.193   59.000   0.000
147.252   59.000   0.000
147.332   79.000   0.000
147.382   50.000   0.000
147.442   60.000   0.000
147.503   60.000   0.000
147.562   59.000   0.000
147.632   70.000   0.000
147.692   60.000   0.000
147.752   59.000   0.000
147.813   61.000   0.000
147.883   69.000   0.000
147.943   60.000   0.000
148.002   59.000   0.000
148.063   60.000   0.000
148.133   70.000   0.000
148.193   60.000   0.000
148.243   50.000   0.000
148.313   69.000   1.000
148.383   69.000   0.000
148.443   60.000   0.000
148.493   49.000   0.000
148.553   59.000   0.000
148.633   79.000   0.000
148.693   60.000   0.000
148.743   49.000   0.000
148.803   60.000   0.000
148.863   59.000   0.000
148.943   79.000   0.000
148.993   50.000   0.000
149.053   60.000   0.000
149.113   59.000   0.000
149.173   59.000   0.000
149.243   70.000   0.000
149.303   60.000   0.000
149.363   60.000   0.000
149.423   59.000   0.000
149.493   70.000   0.000
149.553   60.000   0.000
149.613   59.000   0.000
149.673   59.000   0.000
149.743   70.000   0.000
149.803   60.000   0.000
149.863   59.000   0.000
149.923   59.000   0.000
149.993   70.000   0.000
150.053   60.000   0.000
150.113   60.000   0.000
150.173   59.000   0.000
150.243   70.000   0.000
150.303   60.000   0.000
150.363   59.000   0.000
150.413   50.000   0.000
150.493   79.000   0.000
150.553   60.000   0.000
150.612   59.000   0.000
150.663   50.000   0.000
150.723   59.000   0.000
150.803   79.000   0.000
150.863   59.000   0.000
150.912   50.000   0.000
150.972   59.000   0.000
151.032   59.000   0.000
151.113   79.000   0.000
151.162   50.000   0.000
151.222   59.000   0.000
151.282   59.000   0.000
151.342   60.000   0.000
151.412   69.000   0.000
151.472   60.000   0.000
151.532   59.000   0.000
151.592   60.000   0.000
151.662   69.000   0.000
151.722   60.000   0.000
151.783   60.000   0.000
151.842   59.000   0.000
151.912   70.000   0.000
151.973   60.000   0.000
152.033   59.000   0.000
152.093   60.000   0.000
152.163   69.000   0.000
152.223   60.000   0.000
152.273   50.000   0.000
152.342   68.000   1.000
152.413   71.000   0.000
152.473   59.000   0.000
152.523   50.000   0.000
152.583   60.000   0.000
152.663   79.000   0.000
152.723   60.000   0.000
152.773   50.000   0.000
152.833   59.000   0.000
152.893   60.000   0.000
152.973   79.000   0.000
153.023   50.000   0.000
153.083   59.000   0.000
153.143   59.000   0.000
153.203   59.000   0.000
153.273   70.000   0.000
153.333   60.000   0.000
153.393   60.000   0.000
153.453   59.000   0.000
153.523   70.000   0.000
153.583   59.000   0.000
153.643   60.000   0.000
153.703   59.000   0.000
153.773   70.000   0.000
153.833   60.000   0.000
153.893   60.000   0.000
153.953   59.000   0.000
154.023   70.000   0.000
154.083   60.000   0.000
154.133   50.000   0.000
154.203   69.000   0.000
154.273   70.000   0.000
154.333   60.000   0.000
154.382   50.000   0.000
154.443   60.000   0.000
154.523   79.000   0.000
154.583   59.000   0.000
154.632   50.000   0.000
154.693   59.000   0.000
154.752   59.000   0.000
154.833   80.000   0.000
154.882   50.000   0.000
154.943   59.000   0.000
155.003   60.000   0.000
155.062   59.000   0.000
155.132   69.000   0.000
155.192   60.000   0.000
155.252   59.000   0.000
155.312   59.000   0.000
155.382   69.000   0.000
155.442   60.000   0.000
155.502   60.000   0.000
155.562   59.000   0.000
155.632   70.000   0.000
155.692   60.000   0.000
155.752   59.000   0.000
155.813   61.000   0.000
155.883   69.000   0.000
155.943   60.000   0.000
155.993   50.000   0.000
156.063   69.000   0.000
156.133   69.000   0.000
156.193   60.000   0.000
156.243   50.000   0.000
156.303   59.000   0.000
156.383   79.000   0.000
156.443   60.000   0.000
156.493   49.000   0.000
156.553   59.000   0.000
156.613   60.000   0.000
156.693   79.000   0.000
156.743   50.000   0.000
156.803   59.000   0.000
156.863   60.000   0.000
156.923   59.000   0.000
156.993   70.000   0.000
157.053   59.000   0.000
157.113   60.000   0.000
157.173   59.000   0.000
157.243   70.000   0.000
157.303   59.000   0.000
157.363   60.000   0.000
157.423   59.000   0.000
157.493   70.000   0.000
157.553   59.000   0.000
157.613   60.000   0.000
157.673   59.000   0.000
157.743   70.000   0.000
157.803   60.000   0.000
157.863   60.000   0.000
157.923   59.000   0.000
157.993   70.000   0.000
158.053   59.000   0.000
158.113   60.000   0.000
158.163   49.000   0.000
158.243   79.000   0.000
158.303   60.000   0.000
158.363   60.000   0.000
158.412   49.000   0.000
158.473   60.000   0.000
158.553   79.000   0.000
158.613   60.000   0.000
158.663   50.000   0.000
158.723   59.000   0.000
158.782   59.000   0.000
158.863   79.000   0.000
158.912   50.000   0.000
158.973   59.000   0.000
159.032   59.000   0.000
159.093   60.000   0.000
159.162   69.000   0.000
159.222   60.000   0.000
159.282   59.000   0.000
159.342   60.000   0.000
159.412   69.000   0.000
159.472   60.000   0.000
159.532   59.000   0.000
159.592   60.000   0.000
159.662   69.000   0.000
159.722   60.000   0.000
159.783   60.000   0.000
159.842   59.000   0.000
159.912   70.000   0.000
159.973   60.000   0.000
160.023   49.000   0.000
160.094   70.000   0.000
160.163   69.000   0.000
160.223   60.000   0.000
160.273   49.000   0.000
160.333   60.000   0.000
160.413   79.000   0.000
160.473   60.000   0.000
160.523   49.000   0.000
160.583   60.000   0.000
160.643   59.000   0.000
160.723   79.000   1.000
160.773   49.000   0.000
160.833   60.000   0.000
160.893   59.000   0.000
160.953   59.000   0.000
161.023   70.000   0.000
161.083   60.000   0.000
161.143   59.000   0.000
161.203   59.000   0.000
161.273   69.000   0.000
161.333   60.000   0.000
161.393   60.000   0.000
161.453   59.000   0.000
161.523   70.000   0.000
161.583   60.000   0.000
161.643   59.000   0.000
161.703   59.000   0.000
161.773   69.000   0.000
161.833   60.000   0.000
161.882   49.000   0.000
161.953   69.000   0.000
162.023   70.000   0.000
162.083   60.000   0.000
162.132   49.000   0.000
162.193   60.000   0.000
162.273   79.000   0.000
162.333   60.000   0.000
162.382   49.000   0.000
162.443   60.000   0.000
162.503   59.000   0.000
162.583   79.000   0.000
162.632   50.000   0.000
162.693   59.000   0.000
162.752   59.000   0.000
162.812   59.000   0.000
162.882   69.000   0.000
162.943   60.000   0.000
163.003   60.000   0.000
163.062   59.000   0.000
163.132   70.000   0.000
163.192   60.000   0.000
163.252   59.000   0.000
163.312   59.000   0.000
163.382   70.000   0.000
163.442   60.000   0.000
163.502   60.000   0.000
163.562   59.000   0.000
163.632   70.000   0.000
163.692   60.000   0.000
163.743   51.000   0.000
163.813   69.000   0.000
163.883   69.000   0.000
163.943   60.000   0.000
163.993   50.000   0.000
164.053   59.000   0.000
164.133   79.000   0.000
164.193   60.000   0.000
164.243   49.000   0.000
164.303   60.000   0.000
164.363   60.000   0.000
164.443   79.000   1.000
164.493   49.000   0.000
164.553   60.000   0.000
164.613   59.000   0.000
164.673   59.000   0.000
164.743   70.000   0.000
164.803   60.000   0.000
164.863   59.000   0.000
164.923   59.000   0.000
164.993   70.000   0.000
165.053   60.000   0.000
165.113   60.000   0.000
165.173   59.000   0.000
165.243   70.000   0.000
165.303   60.000   0.000
165.363   59.000   0.000
165.423   59.000   0.000
165.493   70.000   0.000
165.553   60.000   0.000
165.613   59.000   0.000
165.673   59.000   0.000
165.743   70.000   0.000
165.803   60.000   0.000
165.863   59.000   0.000
165.913   50.000   0.000
165.993   79.000   0.000
166.053   60.000   0.000
166.113   59.000   0.000
166.163   50.000   0.000
166.223   59.000   0.000
166.303   79.000   0.000
166.363   60.000   0.000
166.413   50.000   0.000
166.473   59.000   0.000
166.532   59.000   0.000
166.613   79.000   0.000
166.663   50.000   0.000
166.722   59.000   0.000
166.782   59.000   0.000
166.842   59.000   0.000
166.913   70.000   0.000
166.972   59.000   0.000
167.032   59.000   0.000
167.093   60.000   0.000
167.162   69.000   0.000
167.222   60.000   0.000
167.282   59.000   0.000
167.342   60.000   0.000
167.412   69.000   0.000
167.472   60.000   0.000
167.532   59.000   0.000
167.592   60.000   0.000
167.662   69.000   0.000
167.723   61.000   0.000
167.773   50.000   0.000
167.842   68.000   0.000
167.912   70.000   0.000
167.973   60.000   0.000
168.023   49.000   0.000
168.083   59.000   0.000
168.163   79.000   0.000
168.223   60.000   0.000
168.273   49.000   0.000
168.333   59.000   0.000
168.393   60.000   0.000
168.473   79.000   0.000
168.523   50.000   0.000
168.583   59.000   0.000
168.643   60.000   0.000
168.703   59.000   0.000
168.773   70.000   0.000
168.833   60.000   0.000
168.893   60.000   0.000
168.953   59.000   0.000
169.023   70.000   0.000
169.083   60.000   0.000
169.143   59.000   0.000
169.203   59.000   0.000
169.273   69.000   0.000
169.333   60.000   0.000
169.393   60.000   0.000
169.453   59.000   0.000
169.523   70.000   0.000
169.583   60.000   0.000
169.633   50.000   0.000
169.703   69.000   0.000
169.773   69.000   0.000
169.833   60.000   0.000
169.883   49.000   0.000
169.943   59.000   0.000
170.023   79.000   0.000
170.083   60.000   0.000
170.133   50.000   0.000
170.193   59.000   0.000
170.253   59.000   0.000
170.333   80.000   0.000
170.382   50.000   0.000
170.443   60.000   0.000
170.503   60.000   0.000
170.562   59.000   0.000
170.632   70.000   0.000
170.693   60.000   0.000
170.753   59.000   0.000
170.812   59.000   0.000
170.882   69.000   0.000
170.943   60.000   0.000
171.003   60.000   0.000
171.062   59.000   0.000
171.132   69.000   0.000
171.192   60.000   0.000
171.252   59.000   0.000
171.312   59.000   0.000
171.382   70.000   0.000
171.442   60.000   0.000
171.492   49.000   0.000
171.562   69.000   0.000
171.632   70.000   0.000
171.693   61.000   0.000
171.743   50.000   0.000
171.803   59.000   0.000
171.883   79.000   0.000
171.943   60.000   0.000
171.993   50.000   0.000
172.053   59.000   0.000
172.113   60.000   0.000
172.193   79.000   0.000
172.243   50.000   0.000
172.303   59.000   0.000
172.363   60.000   0.000
172.423   59.000   0.000
172.493   70.000   0.000
172.553   60.000   0.000
172.613   60.000   0.000
172.673   59.000   0.000
172.743   70.000   0.000
172.803   60.000   0.000
172.863   60.000   0.000
172.923   59.000   0.000
172.993   70.000   0.000
173.053   60.000   0.000
173.113   60.000   0.000
173.173   59.000   0.000
173.243   70.000   0.000
173.303   60.000   0.000
173.363   60.000   0.000
173.423   59.000   0.000
173.493   70.000   0.000
173.553   59.000   0.000
173.613   60.000   0.000
173.663   50.000   0.000
173.743   79.000   0.000
173.803   60.000   0.000
173.863   60.000   0.000
173.913   49.000   0.000
173.973   59.000   0.000
174.053   79.000   0.000
174.113   60.000   0.000
174.163   49.000   0.000
174.223   60.000   0.000
