  4.194 4191.000   2.000
  4.282   89.000   1.000
  4.366   84.000   1.000
  4.414   48.000   1.000
  4.417    2.000   1.000
  4.420    2.000   0.000
  4.423    2.000   0.000
  4.426    3.000   0.000
  4.429    3.000   1.000
  4.433    3.000   0.000
  4.436    2.000   0.000
  4.439    2.000   0.000
  4.442    3.000   0.000
  4.445    2.000   0.000
  4.448    3.000   0.000
  4.451    2.000   0.000
  4.454    3.000   0.000
  4.465   11.000   1.000
  4.470    4.000   1.000
  4.474    3.000   1.000
  4.478    3.000   1.000
  4.482    4.000   1.000
  4.487    4.000   1.000
  4.491    4.000   1.000
  4.495    3.000   1.000
  4.499    4.000   1.000
  4.503    4.000   1.000
  4.508    4.000   1.000
  4.513    4.000   1.000
  4.517    4.000   1.000
  4.521    3.000   1.000
  4.525    4.000   1.000
  4.529    4.000   1.000
  4.533    3.000   1.000
  4.632   98.000   1.000
  4.752  119.000   1.000
  4.881  129.000   1.000
  5.002  120.000   1.000
  5.132  129.000   1.000
  5.252  119.000   1.000
  5.382  130.000   1.000
  5.502  120.000   1.000
  5.632  129.000   1.000
  5.751  119.000   1.000
  5.881  129.000   1.000
  6.002  120.000   1.000
  6.133  130.000   1.000
  6.252  119.000   1.000
  6.382  130.000   1.000
  6.503  120.000   1.000
  6.632  129.000   1.000
  6.752  119.000   1.000
  6.882  130.000   1.000
  7.003  120.000   1.000
  7.132  129.000   1.000
  7.252  119.000   1.000
  7.382  130.000   1.000
  7.502  120.000   1.000
  7.632  129.000   1.000
  7.752  119.000   1.000
  7.882  130.000   1.000
  8.002  119.000   1.000
  8.142  139.000   1.000
  8.252  109.000   1.000
  8.392  139.000   1.000
  8.502  110.000   1.000
  8.642  139.000   1.000
  8.752  109.000   1.000
  8.892  140.000   1.000
  9.002  109.000   1.000
  9.142  139.000   1.000
  9.252  109.000   1.000
  9.392  140.000   1.000
  9.502  110.000   1.000
  9.642  139.000   1.000
  9.752  109.000   1.000
  9.892  140.000   1.000
 10.002  109.000   1.000
 10.143  140.000   1.000
 10.253  109.000   1.000
 10.393  140.000   1.000
 10.502  108.000   1.000
 10.643  141.000   1.000
 10.753  109.000   1.000
 10.893  140.000   1.000
 11.003  110.000   1.000
 11.143  140.000   1.000
 11.253  109.000   1.000
 11.393  140.000   2.000
 11.503  110.000   1.000
 11.643  139.000   1.000
 11.752  109.000   1.000
 11.893  140.000   1.000
 12.003  109.000   1.000
 12.143  140.000   2.000
 12.252  109.000   1.000
 12.393  140.000   2.000
 12.502  109.000   1.000
 12.642  140.000   2.000
 12.752  109.000   1.000
 12.892  140.000   2.000
 13.002  109.000   1.000
 13.142  140.000   2.000
 13.252  109.000   1.000
 13.392  140.000   2.000
 13.502  109.000   1.000
 13.642  140.000   2.000
 13.752  109.000   1.000
 13.892  140.000   2.000
 14.002  110.000   2.000
 14.143  141.000   2.000
 14.253  109.000   1.000
 14.393  140.000   2.000
 14.503  110.000   2.000
 14.643  139.000   2.000
 14.753  109.000   2.000
 14.893  140.000   2.000
 15.003  110.000   1.000
 15.143  139.000   2.000
 15.253  109.000   1.000
 15.393  140.000   2.000
 15.503  110.000   2.000
 15.643  139.000   2.000
 15.753  109.000   2.000
 15.893  140.000   2.000
 16.003  109.000   1.000
 16.143  140.000   2.000
 16.253  109.000   2.000
 16.393  140.000   2.000
 16.503  110.000   2.000
 16.643  139.000   2.000
 16.753  109.000   2.000
 16.893  140.000   2.000
 17.002  109.000   1.000
 17.143  139.000   2.000
 17.252  109.000   2.000
 17.392  140.000   2.000
 17.503  110.000   2.000
 17.642  139.000   2.000
 17.752  109.000   1.000
 17.893  140.000   2.000
 18.002  109.000   2.000
 18.143  140.000   2.000
 18.253  109.000   2.000
 18.393  140.000   2.000
 18.503  110.000   2.000
 18.643  139.000   2.000
 18.753  109.000   1.000
 18.893  140.000   2.000
 19.003  110.000   2.000
 19.143  139.000   2.000
 19.253  109.000   2.000
 19.393  140.000   2.000
 19.503  110.000   1.000
 19.643  139.000   2.000
 19.753  109.000   1.000
 19.893  140.000   2.000
 20.003  109.000   1.000
 20.133  130.000   2.000
 20.253  119.000   2.000
 20.383  130.000   2.000
 20.503  119.000   2.000
 20.633  130.000   2.000
 20.752  119.000   1.000
 20.883  130.000   2.000
 21.003  120.000   1.000
 21.133  129.000   2.000
 21.252  119.000   2.000
 21.383  130.000   2.000
 21.502  119.000   2.000
 21.632  130.000   2.000
 21.752  119.000   2.000
 21.882  130.000   2.000
 22.003  121.000   1.000
 22.133  129.000   2.000
 22.253  119.000   2.000
 22.383  130.000   2.000
 22.503  120.000   2.000
 22.633  129.000   2.000
 22.753  119.000   1.000
 22.883  130.000   2.000
 23.003  120.000   2.000
 23.133  129.000   2.000
 23.253  119.000   2.000
 23.383  130.000   2.000
 23.503  120.000   1.000
 23.633  129.000   2.000
 23.753  119.000   1.000
 23.883  130.000   2.000
 24.003  119.000   2.000
 24.133  130.000   2.000
 24.253  119.000   2.000
 24.383  130.000   2.000
 24.503  119.000   1.000
 24.633  130.000   2.000
 24.752  119.000   1.000
 24.883  130.000   2.000
 25.003  120.000   2.000
 25.133  129.000   2.000
 25.252  119.000   2.000
 25.383  130.000   2.000
 25.502  119.000   1.000
 25.633  130.000   2.000
 25.752  119.000   1.000
 25.882  130.000   2.000
 26.002  120.000   2.000
 26.134  131.000   2.000
 26.253  119.000   2.000
 26.383  130.000   2.000
 26.503  120.000   1.000
 26.633  129.000   2.000
 26.753  119.000   1.000
 26.883  130.000   2.000
 27.003  120.000   2.000
 27.133  129.000   2.000
 27.253  119.000   2.000
 27.383  130.000   2.000
 27.503  119.000   1.000
 27.633  129.000   2.000
 27.753  119.000   1.000
 27.883  130.000   2.000
 28.003  119.000   2.000
 28.133  130.000   2.000
 28.253  119.000   2.000
 28.383  130.000   2.000
 28.503  119.000   2.000
 28.633  130.000   2.000
 28.753  119.000   2.000
 28.883  130.000   2.000
 29.003  120.000   2.000
 29.133  129.000   2.000
 29.252  119.000   1.000
 29.383  130.000   2.000
 29.502  119.000   2.000
 29.632  130.000   2.000
 29.752  119.000   2.000
 29.882  130.000   2.000
 30.003  121.000   2.000
 30.133  129.000   2.000
 30.253  119.000   1.000
 30.383  130.000   2.000
 30.503  120.000   1.000
 30.633  129.000   2.000
 30.753  119.000   2.000
 30.883  130.000   2.000
 31.003  120.000   2.000
 31.133  129.000   2.000
 31.253  119.000   1.000
 31.383  130.000   2.000
 31.503  120.000   1.000
 31.633  129.000   2.000
 31.753  119.000   2.000
 31.883  130.000   2.000
 32.003  119.000   2.000
 32.133  130.000   2.000
 32.253  119.000   1.000
 32.383  130.000   2.000
 32.503  120.000   1.000
 32.633  129.000   2.000
 32.753  119.000   2.000
 32.883  130.000   2.000
 33.002  119.000   1.000
 33.133  130.000   2.000
 33.252  119.000   1.000
 33.383  130.000   2.000
 33.503  119.000   2.000
 33.633  129.000   2.000
 33.752  119.000   1.000
 33.882  130.000   2.000
 34.003  121.000   1.000
 34.133  129.000   2.000
 34.253  119.000   2.000
 34.383  130.000   2.000
 34.503  120.000   1.000
 34.633  129.000   2.000
 34.753  119.000   1.000
 34.883  130.000   2.000
 35.003  120.000   1.000
 35.133  129.000   2.000
 35.253  119.000   2.000
 35.383  130.000   2.000
 35.503  120.000   2.000
 35.633  129.000   2.000
 35.753  119.000   1.000
 35.883  130.000   2.000
 36.013  129.000   2.000
 36.133  119.000   2.000
 36.263  129.000   2.000
 36.383  120.000   2.000
 36.513  129.000   1.000
 36.633  119.000   2.000
 36.762  129.000   1.000
 36.883  120.000   2.000
 37.013  129.000   2.000
 37.133  119.000   2.000
 37.262  129.000   2.000
 37.382  120.000   2.000
 37.512  129.000   1.000
 37.633  119.000   2.000
 37.762  129.000   1.000
 37.882  120.000   2.000
 38.014  130.000   2.000
 38.133  119.000   2.000
 38.263  129.000   2.000
 38.383  120.000   2.000
 38.513  129.000   1.000
 38.633  119.000   2.000
 38.763  129.000   1.000
 38.883  120.000   2.000
 39.013  129.000   2.000
 39.133  119.000   2.000
 39.263  129.000   2.000
 39.383  120.000   2.000
 39.513  129.000   1.000
 39.633  119.000   2.000
 39.763  129.000   1.000
 39.883  120.000   2.000
 40.013  129.000   2.000
 40.133  119.000   2.000
 40.263  129.000   2.000
 40.383  120.000   2.000
 40.513  129.000   2.000
 40.633  119.000   2.000
 40.762  129.000   1.000
 40.883  120.000   2.000
 41.013  129.000   2.000
 41.133  120.000   2.000
 41.262  129.000   1.000
 41.383  120.000   2.000
 41.512  129.000   2.000
 41.633  119.000   2.000
 41.762  129.000   1.000
 41.882  120.000   2.000
 42.014  130.000   2.000
 42.133  119.000   2.000
 42.263  129.000   2.000
 42.383  120.000   2.000
 42.513  129.000   1.000
 42.633  119.000   2.000
 42.763  129.000   2.000
 42.883  120.000   2.000
 43.013  129.000   2.000
 43.133  120.000   2.000
 43.263  129.000   1.000
 43.383  120.000   2.000
 43.513  129.000   1.000
 43.633  119.000   2.000
 43.763  129.000   2.000
 43.883  120.000   2.000
 44.013  129.000   2.000
 44.133  119.000   2.000
 44.263  129.000   1.000
 44.383  120.000   2.000
 44.513  129.000   1.000
 44.633  119.000   2.000
 44.763  129.000   2.000
 44.883  120.000   2.000
 45.013  129.000   2.000
 45.133  119.000   2.000
 45.262  129.000   1.000
 45.383  120.000   2.000
 45.512  129.000   2.000
 45.632  119.000   2.000
 45.762  129.000   2.000
 45.882  120.000   2.000
 46.013  130.000   2.000
 46.133  119.000   2.000
 46.263  129.000   1.000
 46.383  120.000   2.000
 46.513  129.000   1.000
 46.633  119.000   2.000
 46.763  129.000   2.000
 46.883  120.000   2.000
 47.013  129.000   2.000
 47.133  119.000   2.000
 47.263  129.000   2.000
 47.383  120.000   2.000
 47.513  130.000   1.000
 47.633  119.000   2.000
 47.763  129.000   2.000
 47.883  120.000   2.000
 48.013  129.000   1.000
 48.133  119.000   2.000
 48.263  129.000   2.000
 48.383  120.000   2.000
 48.513  129.000   2.000
 48.633  119.000   2.000
 48.763  129.000   2.000
 48.883  120.000   2.000
 49.013  129.000   1.000
 49.133  119.000   2.000
 49.263  130.000   2.000
 49.383  119.000   2.000
 49.512  129.000   2.000
 49.632  119.000   2.000
 49.762  129.000   1.000
 49.882  120.000   2.000
 50.013  130.000   1.000
 50.133  119.000   2.000
 50.263  129.000   2.000
 50.383  120.000   2.000
 50.513  129.000   2.000
 50.633  119.000   2.000
 50.763  129.000   1.000
 50.883  120.000   2.000
 51.013  129.000   2.000
 51.133  119.000   2.000
 51.263  129.000   2.000
 51.383  120.000   2.000
 51.513  129.000   1.000
 51.633  119.000   2.000
 51.763  129.000   1.000
 51.883  120.000   2.000
 52.013  129.000   2.000
 52.133  119.000   2.000
 52.263  129.000   2.000
 52.383  120.000   2.000
 52.513  129.000   1.000
 52.633  119.000   2.000
 52.763  129.000   2.000
 52.883  120.000   2.000
 53.013  129.000   2.000
 53.133  119.000   2.000
 53.262  129.000   2.000
 53.382  120.000   2.000
 53.512  129.000   1.000
 53.633  119.000   2.000
 53.762  129.000   2.000
 53.882  120.000   2.000
 54.014  130.000   2.000
 54.133  119.000   2.000
 54.263  129.000   1.000
 54.383  120.000   2.000
 54.513  129.000   1.000
 54.633  119.000   2.000
 54.763  129.000   2.000
 54.883  120.000   2.000
 55.013  129.000   2.000
 55.133  119.000   2.000
 55.263  129.000   1.000
 55.383  120.000   2.000
 55.513  129.000   2.000
 55.633  119.000   2.000
 55.763  129.000   2.000
 55.883  120.000   2.000
 56.013  129.000   1.000
 56.133  120.000   2.000
 56.263  129.000   2.000
 56.383  120.000   2.000
 56.513  129.000   2.000
 56.633  119.000   2.000
 56.762  129.000   1.000
 56.883  120.000   2.000
 57.013  129.000   1.000
 57.133  119.000   2.000
 57.262  129.000   2.000
 57.383  120.000   2.000
 57.512  129.000   1.000
 57.633  119.000   2.000
 57.762  129.000   1.000
 57.882  120.000   2.000
 58.013  130.000   1.000
 58.133  119.000   2.000
 58.263  129.000   2.000
 58.383  120.000   2.000
 58.513  129.000   1.000
 58.633  119.000   2.000
 58.763  129.000   1.000
 58.883  120.000   2.000
 59.013  129.000   2.000
 59.133  119.000   2.000
 59.263  129.000   2.000
 59.383  120.000   2.000
 59.513  129.000   2.000
 59.633  119.000   2.000
 59.763  129.000   2.000
 59.883  120.000   2.000
 60.013  129.000   2.000
 60.133  119.000   2.000
 60.263  129.000   1.000
 60.383  120.000   2.000
 60.513  129.000   2.000
 60.633  119.000   2.000
 60.763  129.000   2.000
 60.883  120.000   2.000
 61.013  129.000   2.000
 61.133  119.000   2.000
 61.262  129.000   1.000
 61.383  120.000   2.000
 61.512  130.000   1.000
 61.632  119.000   2.000
 61.762  129.000   2.000
 61.882  120.000   2.000
 62.013  130.000   2.000
 62.133  119.000   2.000
 62.263  129.000   1.000
 62.383  120.000   2.000
 62.513  130.000   1.000
 62.633  119.000   2.000
 62.763  129.000   2.000
 62.883  120.000   2.000
 63.013  129.000   2.000
 63.133  119.000   2.000
 63.263  129.000   1.000
 63.383  120.000   2.000
 63.513  129.000   2.000
 63.633  119.000   2.000
 63.763  129.000   2.000
 63.883  120.000   2.000
 64.013  129.000   1.000
 64.133  119.000   2.000
 64.263  130.000   2.000
 64.383  119.000   2.000
 64.513  129.000   2.000
 64.633  119.000   2.000
 64.762  129.000   1.000
 64.883  120.000   2.000
 65.013  129.000   2.000
 65.133  119.000   2.000
 65.262  129.000   2.000
 65.382  120.000   2.000
 65.512  129.000   1.000
 65.632  119.000   2.000
 65.762  129.000   1.000
 65.882  120.000   2.000
 66.013  130.000   2.000
 66.133  119.000   2.000
 66.263  129.000   2.000
 66.383  120.000   2.000
 66.513  129.000   1.000
 66.633  119.000   2.000
 66.763  129.000   1.000
 66.883  120.000   2.000
 67.013  129.000   2.000
 67.133  119.000   2.000
 67.263  129.000   2.000
 67.383  120.000   2.000
 67.513  129.000   1.000
 67.633  119.000   2.000
 67.763  129.000   1.000
 67.883  120.000   2.000
 68.013  129.000   2.000
 68.133  119.000   1.000
 68.263  129.000   2.000
 68.383  119.000   2.000
 68.513  130.000   2.000
 68.633  119.000   2.000
 68.763  129.000   2.000
 68.883  120.000   2.000
 69.013  130.000   2.000
 69.132  119.000   2.000
 69.262  129.000   2.000
 69.382  120.000   1.000
 69.513  130.000   2.000
 69.632  119.000   2.000
 69.763  130.000   2.000
 69.883  120.000   2.000
 70.013  130.000   2.000
 70.133  119.000   1.000
 70.263  129.000   2.000
 70.383  120.000   2.000
 70.513  130.000   2.000
 70.633  119.000   2.000
 70.763  129.000   2.000
 70.883  120.000   2.000
 71.013  130.000   2.000
 71.133  120.000   2.000
 71.263  129.000   2.000
 71.383  119.000   2.000
 71.513  130.000   2.000
 71.633  119.000   1.000
 71.763  129.000   2.000
 71.883  120.000   2.000
 72.013  130.000   2.000
 72.133  119.000   2.000
 72.263  129.000   2.000
 72.383  120.000   2.000
 72.513  129.000   2.000
 72.633  119.000   1.000
 72.763  129.000   2.000
 72.883  119.000   2.000
 73.013  130.000   2.000
 73.133  119.000   2.000
 73.262  129.000   2.000
 73.382  120.000   2.000
 73.513  130.000   2.000
 73.632  119.000   1.000
 73.762  129.000   2.000
 73.883  121.000   2.000
 74.013  130.000   2.000
 74.133  119.000   2.000
 74.263  129.000   2.000
 74.383  120.000   2.000
 74.513  130.000   2.000
 74.633  119.000   1.000
 74.763  129.000   2.000
 74.883  120.000   2.000
 75.013  130.000   2.000
 75.133  119.000   2.000
 75.263  129.000   2.000
 75.383  119.000   2.000
 75.513  130.000   2.000
 75.633  119.000   1.000
 75.763  129.000   2.000
 75.883  120.000   2.000
 76.013  130.000   2.000
 76.133  119.000   2.000
 76.263  129.000   2.000
 76.383  119.000   2.000
 76.513  130.000   2.000
 76.633  119.000   1.000
 76.763  129.000   2.000
 76.883  120.000   2.000
 77.013  130.000   2.000
 77.133  119.000   2.000
 77.262  129.000   2.000
 77.382  119.000   2.000
 77.513  130.000   2.000
 77.632  119.000   1.000
 77.762  129.000   2.000
 77.882  120.000   2.000
 78.013  130.000   2.000
 78.133  119.000   2.000
 78.263  129.000   2.000
 78.383  119.000   1.000
 78.513  130.000   2.000
 78.633  119.000   2.000
 78.763  129.000   2.000
 78.883  120.000   2.000
 79.013  130.000   2.000
 79.133  119.000   2.000
 79.263  130.000   2.000
 79.383  119.000   1.000
 79.513  130.000   2.000
 79.633  119.000   2.000
 79.763  129.000   2.000
 79.883  120.000   2.000
 80.013  130.000   2.000
 80.133  119.000   2.000
 80.263  129.000   2.000
 80.383  119.000   1.000
 80.513  130.000   2.000
 80.633  119.000   1.000
 80.763  129.000   2.000
 80.883  120.000   2.000
 81.013  130.000   2.000
 81.132  119.000   2.000
 81.262  129.000   2.000
 81.382  120.000   1.000
 81.513  130.000   2.000
 81.632  119.000   1.000
 81.762  129.000   2.000
 81.883  121.000   2.000
 82.013  129.000   2.000
 82.133  119.000   2.000
 82.263  129.000   2.000
 82.383  120.000   2.000
 82.513  130.000   2.000
 82.633  119.000   1.000
 82.763  129.000   2.000
 82.883  120.000   2.000
 83.013  130.000   2.000
 83.133  119.000   2.000
 83.263  129.000   2.000
 83.383  119.000   2.000
 83.513  130.000   2.000
 83.633  119.000   1.000
 83.763  129.000   2.000
 83.883  120.000   2.000
 84.013  130.000   2.000
 84.133  119.000   2.000
 84.263  129.000   2.000
 84.383  119.000   2.000
 84.513  130.000   2.000
 84.633  119.000   2.000
 84.763  130.000   2.000
 84.883  119.000   2.000
 85.013  130.000   2.000
 85.133  119.000   2.000
 85.262  129.000   2.000
 85.382  119.000   1.000
 85.513  130.000   2.000
 85.632  119.000   1.000
 85.762  129.000   2.000
 85.883  121.000   2.000
 86.013  130.000   2.000
 86.134  120.000   2.000
 86.263  129.000   2.000
 86.383  119.000   2.000
 86.513  130.000   2.000
 86.633  119.000   1.000
 86.763  129.000   2.000
 86.883  120.000   2.000
 87.013  130.000   2.000
 87.133  119.000   2.000
 87.263  129.000   2.000
 87.383  120.000   2.000
 87.513  129.000   2.000
 87.633  119.000   1.000
 87.763  129.000   2.000
 87.883  120.000   2.000
 88.013  130.000   2.000
 88.133  119.000   2.000
 88.263  129.000   2.000
 88.383  119.000   2.000
 88.513  130.000   2.000
 88.633  119.000   2.000
 88.763  129.000   2.000
 88.883  120.000   2.000
 89.013  130.000   2.000
 89.133  119.000   2.000
 89.262  129.000   2.000
 89.382  119.000   2.000
 89.513  130.000   2.000
 89.632  119.000   2.000
 89.762  129.000   2.000
 89.883  121.000   2.000
 90.013  130.000   2.000
 90.133  119.000   2.000
 90.263  129.000   2.000
 90.383  120.000   2.000
 90.513  130.000   2.000
 90.633  119.000   1.000
 90.763  129.000   2.000
 90.883  120.000   2.000
 91.013  130.000   2.000
 91.133  119.000   2.000
 91.263  129.000   2.000
 91.383  120.000   2.000
 91.513  130.000   2.000
 91.633  119.000   1.000
 91.763  129.000   2.000
 91.883  120.000   2.000
 92.013  130.000   2.000
 92.133  119.000   2.000
 92.263  129.000   2.000
 92.383  120.000   2.000
 92.513  130.000   2.000
 92.633  119.000   2.000
 92.763  129.000   2.000
 92.883  120.000   2.000
 93.013  130.000   2.000
 93.133  119.000   2.000
 93.262  129.000   2.000
 93.383  120.000   2.000
 93.512  129.000   2.000
 93.632  119.000   1.000
 93.762  129.000   2.000
 93.883  121.000   2.000
 94.013  130.000   2.000
 94.133  119.000   2.000
 94.263  130.000   2.000
 94.383  119.000   1.000
 94.513  130.000   2.000
 94.633  119.000   1.000
 94.763  129.000   2.000
 94.883  120.000   2.000
 95.013  130.000   2.000
 95.133  119.000   2.000
 95.263  129.000   2.000
 95.383  119.000   2.000
 95.513  130.000   2.000
 95.633  119.000   1.000
 95.763  129.000   2.000
 95.883  120.000   2.000
 96.013  130.000   2.000
 96.133  119.000   2.000
 96.263  129.000   2.000
 96.383  119.000   2.000
 96.513  130.000   2.000
 96.633  119.000   1.000
 96.763  129.000   2.000
 96.882  120.000   2.000
 97.013  130.000   2.000
 97.133  119.000   2.000
 97.262  129.000   2.000
 97.382  119.000   2.000
 97.512  130.000   2.000
 97.632  119.000   1.000
 97.762  129.000   2.000
 97.883  121.000   2.000
 98.013  130.000   2.000
 98.133  119.000   2.000
 98.263  129.000   2.000
 98.383  120.000   2.000
 98.513  130.000   2.000
 98.633  119.000   2.000
 98.763  129.000   2.000
 98.883  120.000   2.000
 99.013  130.000   2.000
 99.133  119.000   2.000
 99.263  129.000   2.000
 99.383  120.000   2.000
 99.513  130.000   2.000
 99.633  119.000   1.000
 99.763  130.000   2.000
 99.883  119.000   2.000
100.013  130.000   2.000
100.133  119.000   2.000
100.263  129.000   2.000
100.383  120.000   1.000
100.513  130.000   2.000
100.633  119.000   2.000
100.763  129.000   2.000
100.883  120.000   2.000
101.013  130.000   2.000
101.133  120.000   2.000
101.262  129.000   2.000
101.382  119.000   2.000
101.513  130.000   2.000
101.632  119.000   1.000
101.762  129.000   2.000
101.883  121.000   2.000
102.013  130.000   2.000
102.133  119.000   2.000
102.263  129.000   2.000
102.383  120.000   2.000
102.513  129.000   2.000
102.633  119.000   2.000
102.763  129.000   2.000
102.883  120.000   2.000
103.013  130.000   2.000
103.133  119.000   2.000
103.263  129.000   2.000
103.383  120.000   2.000
103.513  130.000   2.000
103.633  119.000   1.000
103.763  129.000   2.000
103.883  120.000   2.000
104.013  130.000   2.000
104.133  119.000   2.000
104.263  129.000   2.000
104.383  120.000   2.000
104.513  130.000   2.000
104.633  119.000   1.000
104.763  129.000   2.000
104.882  120.000   2.000
105.013  130.000   2.000
105.133  119.000   2.000
105.262  129.000   2.000
105.382  119.000   2.000
105.512  130.000   2.000
105.632  119.000   2.000
105.762  129.000   2.000
105.883  121.000   2.000
106.013  130.000   2.000
106.133  119.000   2.000
106.263  129.000   2.000
106.383  119.000   2.000
106.513  130.000   2.000
106.633  119.000   2.000
106.763  129.000   2.000
106.883  120.000   2.000
107.013  130.000   2.000
107.133  119.000   2.000
107.263  129.000   2.000
107.383  119.000   2.000
107.513  130.000   2.000
107.633  119.000   1.000
107.763  129.000   2.000
107.883  120.000   2.000
108.013  130.000   2.000
108.133  119.000   2.000
108.263  129.000   2.000
108.383  120.000   2.000
108.513  130.000   2.000
108.633  119.000   2.000
108.763  129.000   2.000
108.882  120.000   2.000
109.013  130.000   2.000
109.133  119.000   2.000
109.263  130.000   2.000
109.382  119.000   2.000
109.513  130.000   2.000
109.632  119.000   1.000
109.762  129.000   2.000
109.883  121.000   2.000
110.013  130.000   2.000
110.133  119.000   2.000
110.263  129.000   2.000
110.383  120.000   2.000
110.513  130.000   2.000
110.633  119.000   1.000
110.763  129.000   2.000
110.883  120.000   2.000
111.013  130.000   2.000
111.133  119.000   2.000
111.263  129.000   2.000
111.383  120.000   2.000
111.513  130.000   2.000
111.633  119.000   2.000
111.763  129.000   2.000
111.883  120.000   2.000
112.013  130.000   2.000
112.133  119.000   2.000
112.263  129.000   2.000
112.383  120.000   2.000
112.513  130.000   2.000
112.633  119.000   2.000
112.763  129.000   2.000
112.882  120.000   2.000
113.013  130.000   2.000
113.133  119.000   2.000
113.262  129.000   2.000
113.382  119.000   2.000
113.512  130.000   2.000
113.632  119.000   2.000
113.762  129.000   2.000
113.883  121.000   2.000
114.013  130.000   2.000
114.133  119.000   2.000
114.263  129.000   2.000
114.383  119.000   2.000
114.513  130.000   2.000
114.633  119.000   1.000
114.763  130.000   2.000
114.883  119.000   2.000
115.013  130.000   2.000
115.133  119.000   2.000
115.263  129.000   2.000
115.383  119.000   2.000
115.513  130.000   2.000
115.633  119.000   1.000
115.763  129.000   2.000
115.883  120.000   2.000
116.013  130.000   2.000
116.133  120.000   2.000
116.263  129.000   2.000
116.383  119.000   2.000
116.513  130.000   2.000
116.633  119.000   1.000
116.763  129.000   2.000
116.883  120.000   2.000
117.013  129.000   2.000
117.132  119.000   2.000
117.262  129.000   2.000
117.383  120.000   2.000
117.513  129.000   2.000
117.632  119.000   1.000
117.762  129.000   2.000
117.883  121.000   2.000
118.013  130.000   2.000
118.133  119.000   2.000
118.263  129.000   2.000
118.383  120.000   1.000
118.513  130.000   2.000
118.633  119.000   2.000
118.763  130.000   2.000
118.883  119.000   2.000
119.013  130.000   2.000
119.133  119.000   2.000
119.263  129.000   2.000
119.383  119.000   1.000
119.513  130.000   2.000
119.633  119.000   1.000
119.763  129.000   2.000
119.883  120.000   2.000
120.013  130.000   2.000
120.133  119.000   2.000
120.263  129.000   2.000
120.383  119.000   2.000
120.513  130.000   2.000
120.633  119.000   1.000
120.763  129.000   2.000
120.883  120.000   2.000
121.013  130.000   2.000
121.132  119.000   2.000
121.262  129.000   2.000
121.382  119.000   1.000
121.513  130.000   2.000
121.632  119.000   1.000
121.762  129.000   2.000
121.883  121.000   2.000
122.013  130.000   2.000
122.133  119.000   2.000
122.263  129.000   2.000
122.383  119.000   1.000
122.513  130.000   2.000
122.633  119.000   2.000
122.763  129.000   2.000
122.883  120.000   2.000
123.013  130.000   2.000
123.133  119.000   2.000
123.263  129.000   2.000
123.383  120.000   2.000
123.513  129.000   2.000
123.633  119.000   2.000
123.763  129.000   2.000
123.883  120.000   2.000
124.013  130.000   2.000
124.133  119.000   2.000
124.263  130.000   2.000
124.383  119.000   1.000
124.513  130.000   2.000
124.633  119.000   2.000
124.763  130.000   2.000
124.883  119.000   2.000
125.013  130.000   2.000
125.132  119.000   1.000
125.263  129.000   2.000
125.382  119.000   2.000
125.513  130.000   2.000
125.632  119.000   2.000
125.763  130.000   2.000
125.883  120.000   2.000
126.013  130.000   2.000
126.133  119.000   2.000
126.263  129.000   2.000
126.383  119.000   1.000
126.513  130.000   2.000
126.633  119.000   2.000
126.763  129.000   2.000
126.883  120.000   2.000
127.013  130.000   2.000
127.133  119.000   2.000
127.263  129.000   2.000
127.383  119.000   2.000
127.513  130.000   2.000
127.633  119.000   2.000
127.763  129.000   2.000
127.883  120.000   2.000
128.013  130.000   2.000
128.133  119.000   2.000
128.263  129.000   2.000
128.383  120.000   2.000
128.513  130.000   2.000
128.633  119.000   2.000
128.763  129.000   2.000
128.883  120.000   2.000
129.013  130.000   2.000
129.132  119.000   1.000
129.262  129.000   2.000
129.382  119.000   2.000
129.512  130.000   2.000
129.632  119.000   2.000
129.764  131.000   2.000
129.883  119.000   2.000
130.013  130.000   2.000
130.133  119.000   1.000
130.263  129.000   2.000
130.383  119.000   1.000
130.513  130.000   2.000
130.633  119.000   2.000
130.763  129.000   2.000
130.883  120.000   2.000
131.013  130.000   2.000
131.133  120.000   1.000
131.263  129.000   2.000
131.383  119.000   1.000
131.513  130.000   2.000
131.633  119.000   2.000
131.763  129.000   2.000
131.883  120.000   2.000
132.003  119.000   1.000
132.143  140.000   2.000
132.253  109.000   2.000
132.393  140.000   2.000
132.502  109.000   1.000
132.643  139.000   2.000
132.752  109.000   1.000
132.893  140.000   2.000
133.003  110.000   2.000
133.143  139.000   2.000
133.252  109.000   1.000
133.393  140.000   2.000
133.502  109.000   2.000
133.642  139.000   2.000
133.752  109.000   1.000
133.893  141.000   2.000
134.002  108.000   1.000
134.143  141.000   2.000
134.253  109.000   2.000
134.393  140.000   2.000
134.503  110.000   2.000
134.643  139.000   2.000
134.753  109.000   1.000
134.893  140.000   2.000
135.003  110.000   2.000
135.143  139.000   2.000
135.253  109.000   2.000
135.393  140.000   2.000
135.503  109.000   1.000
135.643  139.000   2.000
135.753  109.000   2.000
135.893  140.000   2.000
136.003  110.000   1.000
136.143  139.000   2.000
136.252  109.000   1.000
136.393  140.000   2.000
136.503  110.000   2.000
136.643  139.000   2.000
136.752  109.000   2.000
136.893  140.000   2.000
137.002  109.000   1.000
137.143  139.000   2.000
137.252  109.000   2.000
137.393  140.000   2.000
137.503  110.000   1.000
137.643  139.000   2.000
137.753  110.000   1.000
137.894  140.000   2.000
138.002  108.000   1.000
138.143  141.000   2.000
138.253  109.000   1.000
138.393  140.000   2.000
138.503  110.000   1.000
138.643  139.000   2.000
138.753  109.000   1.000
138.893  140.000   2.000
139.003  110.000   1.000
139.143  140.000   2.000
139.253  109.000   2.000
139.393  139.000   2.000
139.503  109.000   1.000
139.643  140.000   2.000
139.753  110.000   1.000
139.893  139.000   2.000
140.003  110.000   2.000
140.143  139.000   2.000
140.253  109.000   1.000
140.393  140.000   2.000
140.502  110.000   1.000
140.643  139.000   2.000
140.752  109.000   2.000
140.893  140.000   2.000
141.002  110.000   1.000
141.143  139.000   2.000
141.252  109.000   1.000
141.393  140.000   2.000
141.502  109.000   2.000
141.642  139.000   2.000
141.753  110.000   1.000
141.893  140.000   2.000
142.002  108.000   1.000
142.143  140.000   2.000
142.253  109.000   2.000
142.393  140.000   2.000
142.503  110.000   1.000
142.643  139.000   2.000
142.753  109.000   1.000
142.893  140.000   2.000
143.003  110.000   2.000
143.143  139.000   2.000
143.253  110.000   1.000
143.393  139.000   2.000
143.503  109.000   1.000
143.643  140.000   2.000
143.753  109.000   1.000
143.893  140.000   2.000
144.003  109.000   1.000
144.143  140.000   2.000
144.253  109.000   2.000
144.393  140.000   2.000
144.503  110.000   2.000
144.643  139.000   2.000
144.753  110.000   1.000
144.893  139.000   2.000
145.003  109.000   2.000
145.143  139.000   2.000
145.252  109.000   1.000
145.393  140.000   2.000
145.502  110.000   1.000
145.642  139.000   2.000
145.753  110.000   2.000
145.893  140.000   2.000
146.002  108.000   2.000
146.144  141.000   2.000
146.253  109.000   1.000
146.393  140.000   2.000
146.503  110.000   2.000
146.643  139.000   2.000
146.753  109.000   2.000
146.893  140.000   2.000
147.003  110.000   1.000
147.143  139.000   2.000
147.253  109.000   2.000
147.393  140.000   2.000
147.503  109.000   1.000
147.643  140.000   2.000
147.753  109.000   1.000
147.893  139.000   2.000
148.003  110.000   2.000
148.143  139.000   2.000
148.252  109.000   1.000
148.393  140.000   2.000
148.503  109.000   2.000
148.643  139.000   2.000
148.752  109.000   2.000
148.893  140.000   2.000
149.002  109.000   1.000
149.143  139.000   2.000
149.252  109.000   2.000
149.392  140.000   2.000
149.502  110.000   1.000
149.642  139.000   2.000
149.753  110.000   1.000
149.893  140.000   2.000
150.002  108.000   2.000
150.143  141.000   2.000
150.253  109.000   1.000
150.393  140.000   2.000
150.503  110.000   1.000
150.643  139.000   2.000
150.753  109.000   2.000
150.893  140.000   2.000
151.003  110.000   1.000
151.143  139.000   2.000
151.253  109.000   2.000
151.393  140.000   2.000
151.503  109.000   2.000
151.643  140.000   2.000
151.753  109.000   1.000
151.893  140.000   2.000
152.003  110.000   2.000
152.143  139.000   2.000
152.253  109.000   2.000
152.393  140.000   2.000
152.503  110.000   1.000
152.643  139.000   2.000
152.753  109.000   2.000
152.893  139.000   2.000
153.002  110.000   1.000
153.143  139.000   2.000
153.252  109.000   1.000
153.393  140.000   2.000
153.502  109.000   1.000
153.642  139.000   2.000
153.753  110.000   1.000
153.893  140.000   2.000
154.002  108.000   2.000
154.144  141.000   2.000
154.253  109.000   1.000
154.393  139.000   2.000
154.503  110.000   1.000
154.643  139.000   2.000
154.753  109.000   2.000
154.893  140.000   2.000
155.003  110.000   1.000
155.143  139.000   2.000
155.253  109.000   1.000
155.393  140.000   2.000
155.503  109.000   2.000
155.643  139.000   2.000
155.753  109.000   1.000
155.893  140.000   2.000
156.003  109.000   1.000
156.143  140.000   2.000
156.253  109.000   2.000
156.393  140.000   2.000
156.503  110.000   1.000
156.643  139.000   2.000
156.752  109.000   1.000
156.893  140.000   2.000
157.003  109.000   2.000
157.143  139.000   2.000
157.252  109.000   1.000
157.393  140.000   2.000
157.502  109.000   2.000
157.642  139.000   2.000
157.753  110.000   1.000
157.893  140.000   2.000
158.002  108.000   1.000
158.143  141.000   2.000
158.253  109.000   2.000
158.393  139.000   2.000
158.503  110.000   1.000
158.643  139.000   2.000
158.753  109.000   1.000
158.893  140.000   2.000
159.003  110.000   2.000
159.143  139.000   2.000
159.253  109.000   1.000
159.393  140.000   2.000
159.503  109.000   1.000
159.643  140.000   2.000
159.753  109.000   2.000
159.893  140.000   2.000
160.003  110.000   2.000
160.143  139.000   2.000
160.252  109.000   1.000
160.393  140.000   2.000
160.503  110.000   2.000
160.643  139.000   2.000
160.752  109.000   1.000
160.893  140.000   2.000
161.002  109.000   1.000
161.143  140.000   2.000
161.252  109.000   2.000
161.392  140.000   2.000
161.502  110.000   1.000
161.642  139.000   2.000
161.753  110.000   1.000
161.893  140.000   2.000
162.002  108.000   2.000
162.143  141.000   2.000
162.253  109.000   1.000
162.394  140.000   2.000
162.503  109.000   1.000
162.643  139.000   2.000
162.753  109.000   2.000
162.893  140.000   2.000
163.003  110.000   1.000
163.143  139.000   2.000
163.253  109.000   1.000
163.393  140.000   2.000
163.503  109.000   2.000
163.643  140.000   2.000
163.753  109.000   1.000
163.893  140.000   2.000
164.003  109.000   1.000
164.143  140.000   2.000
164.253  109.000   2.000
164.393  140.000   2.000
164.503  110.000   1.000
164.643  139.000   2.000
164.752  109.000   1.000
164.893  140.000   2.000
165.003  109.000   2.000
165.143  139.000   2.000
165.252  109.000   1.000
165.393  140.000   2.000
165.502  110.000   1.000
165.642  139.000   2.000
165.753  110.000   2.000
165.893  140.000   2.000
166.002  108.000   1.000
166.143  141.000   2.000
166.253  109.000   1.000
166.393  140.000   2.000
166.503  110.000   2.000
166.643  139.000   2.000
166.753  109.000   2.000
166.893  140.000   2.000
167.003  110.000   1.000
167.143  139.000   2.000
167.253  109.000   2.000
167.393  140.000   2.000
167.503  110.000   1.000
167.643  139.000   2.000
167.753  109.000   1.000
167.893  140.000   2.000
168.003  110.000   2.000
168.143  139.000   2.000
168.253  109.000   1.000
168.393  140.000   2.000
168.502  110.000   1.000
168.643  139.000   2.000
168.752  109.000   1.000
168.893  140.000   2.000
169.003  110.000   2.000
169.143  140.000   2.000
169.252  109.000   1.000
169.393  139.000   2.000
169.502  110.000   2.000
169.642  139.000   2.000
169.753  110.000   1.000
169.893  140.000   2.000
170.002  108.000   1.000
170.143  141.000   2.000
170.253  109.000   2.000
170.393  140.000   2.000
170.503  110.000   1.000
170.643  139.000   2.000
170.753  109.000   1.000
170.893  140.000   2.000
171.003  110.000   2.000
171.143  139.000   2.000
171.253  109.000   2.000
171.393  140.000   2.000
171.503  109.000   1.000
171.643  139.000   2.000
171.753  109.000   2.000
171.893  140.000   2.000
172.003  110.000   1.000
172.143  139.000   2.000
172.253  109.000   2.000
172.393  140.000   2.000
172.503  110.000   2.000
172.643  139.000   2.000
172.752  109.000   1.000
172.893  140.000   2.000
173.003  110.000   2.000
173.143  139.000   2.000
173.252  109.000   1.000
173.393  139.000   2.000
173.502  110.000   1.000
173.642  139.000   2.000
173.753  110.000   2.000
173.894  140.000   2.000
174.002  108.000   1.000
174.144  140.000   2.000
174.253  110.000   1.000
