  0.501   0.00000      34      34
  1.001   0.46939      49      26
  1.501   0.04000      50      48
  2.001   0.08163      49      45
  2.500   0.02000      50      49
  3.001   0.00000      50      50
  3.501   0.00000      50      50
  4.001   0.38776      49      30
  4.501   0.27451      51      37
  5.001   0.02041      49      48
  5.504   0.02000      50      49
  6.001   0.06122      49      46
  6.500   0.02000      50      49
  7.004   0.03922      51      49
  7.504   0.02041      49      48
  8.003   0.11765      51      45
  8.501   0.02041      49      48
  9.001   0.02000      50      49
  9.501   0.04000      50      48
 10.001   0.08163      49      45
 10.500   0.11765      51      45
 11.001   0.02041      49      48
 11.504   0.04000      50      48
 12.005   0.11765      51      45
 12.501   0.02041      49      48
 13.001   0.04000      50      48
 13.501   0.02000      50      49
 14.001   0.10000      50      45
 14.505   0.06000      50      47
 15.002   0.02041      49      48
 15.501   0.04000      50      48
 16.003   0.15686      51      43
 16.501   0.04000      50      48
 17.001   0.02000      50      49
 17.501   0.02041      49      48
 18.001   0.08163      49      45
 18.500   0.03922      51      49
 19.002   0.02041      49      48
 19.503   0.07843      51      47
 20.005   0.12245      49      43
 20.501   0.02041      49      48
 21.001   0.04000      50      48
 21.501   0.05882      51      48
 22.001   0.10000      50      45
 22.505   0.04000      50      48
 23.003   0.02041      49      48
 23.503   0.04000      50      48
 24.006   0.14000      50      43
 24.505   0.08000      50      46
 25.001   0.06000      50      47
 25.502   0.08163      49      45
 26.001   0.10000      50      45
 26.500   0.06000      50      47
 27.001   0.06000      50      47
 27.505   0.16000      50      42
 28.002   0.12245      49      43
 28.505   0.04000      50      48
 29.001   0.03922      51      49
 29.501   0.06122      49      46
 30.001   0.10000      50      45
 30.500   0.04082      49      47
 31.005   0.09804      51      46
 31.501   0.04082      49      47
 32.003   0.16000      50      42
 32.505   0.10204      49      44
 33.001   0.06000      50      47
 33.501   0.11765      51      45
 34.001   0.14000      50      43
 34.501   0.06122      49      46
 35.006   0.09804      51      46
 35.501   0.08163      49      45
 36.001   0.18000      50      41
 36.503   0.10000      50      45
 37.004   0.08000      50      46
 37.501   0.08511      47      43
 38.004   0.10000      50      45
 38.500   0.06000      50      47
 39.004   0.06122      49      46
 39.500   0.06000      50      47
 40.006   0.15385      52      44
 40.501   0.04082      49      47
 41.001   0.04082      49      47
 41.501   0.08000      50      46
 42.001   0.12000      50      44
 42.500   0.06122      49      46
 43.001   0.04000      50      48
 43.502   0.04000      50      48
 44.001   0.14000      50      43
 44.501   0.06122      49      46
 45.005   0.07843      51      47
 45.503   0.10000      50      45
 46.001   0.08333      48      44
 46.500   0.08000      50      46
 47.005   0.08000      50      46
 47.501   0.04000      50      48
 48.002   0.14286      49      42
 48.501   0.06000      50      47
 49.001   0.09804      51      46
 49.502   0.08000      50      46
 50.005   0.12245      49      43
 50.500   0.08000      50      46
 51.001   0.06000      50      47
 51.501   0.08000      50      46
 52.006   0.18000      50      41
 52.505   0.07843      51      47
 53.006   0.06122      49      46
 53.505   0.08000      50      46
 54.001   0.10204      49      44
 54.500   0.08000      50      46
 55.002   0.08000      50      46
 55.505   0.07843      51      47
 56.004   0.16327      49      41
 56.501   0.06000      50      47
 57.001   0.06000      50      47
 57.501   0.06000      50      47
 58.005   0.14000      50      43
 58.502   0.06122      49      46
 59.001   0.06000      50      47
 59.502   0.08000      50      46
 60.002   0.12000      50      44
 60.505   0.06000      50      47
 61.002   0.04082      49      47
 61.501   0.04000      50      48
 62.001   0.12000      50      44
 62.500   0.08000      50      46
 63.004   0.09804      51      46
 63.505   0.06122      49      46
 64.006   0.16000      50      42
 64.505   0.10000      50      45
 65.004   0.08000      50      46
 65.501   0.08000      50      46
 66.005   0.12000      50      44
 66.500   0.04082      49      47
 67.003   0.09804      51      46
 67.501   0.06122      49      46
 68.003   0.18000      50      41
 68.501   0.08163      49      45
 69.006   0.07843      51      47
 69.501   0.04082      49      47
 70.001   0.13725      51      44
 70.500   0.06122      49      46
 71.006   0.07843      51      47
 71.504   0.04000      50      48
 72.004   0.14286      49      42
 72.506   0.06122      49      46
 73.002   0.06122      49      46
 73.501   0.14000      50      43
 74.001   0.11765      51      45
 74.504   0.06000      50      47
 75.001   0.06000      50      47
 75.501   0.02041      49      48
 76.004   0.16000      50      42
 76.504   0.06000      50      47
 77.001   0.04000      50      48
 77.501   0.02083      48      47
 78.001   0.11765      51      45
 78.500   0.06000      50      47
 79.006   0.06000      50      47
 79.506   0.04082      49      47
 80.001   0.14000      50      43
 80.501   0.06000      50      47
 81.004   0.04000      50      48
 81.501   0.06000      50      47
 82.005   0.12000      50      44
 82.500   0.04082      49      47
 83.001   0.04082      49      47
 83.506   0.09615      52      47
 84.006   0.14286      49      42
 84.501   0.04082      49      47
 85.006   0.05882      51      48
 85.501   0.04000      50      48
 86.001   0.10204      49      44
 86.502   0.07843      51      47
 87.004   0.08000      50      46
 87.502   0.08000      50      46
 88.001   0.12245      49      43
 88.506   0.06000      50      47
 89.001   0.02041      49      48
 89.502   0.04000      50      48
 90.001   0.12000      50      44
 90.505   0.04000      50      48
 91.001   0.05882      51      48
 91.505   0.06122      49      46
 92.006   0.13725      51      44
 92.505   0.04082      49      47
 93.001   0.04000      50      48
 93.501   0.02000      50      49
 94.001   0.10000      50      45
 94.500   0.02041      49      48
 95.004   0.06000      50      47
 95.501   0.04000      50      48
 96.001   0.12245      49      43
 96.503   0.06000      50      47
 97.006   0.07843      51      47
 97.501   0.02041      49      48
 98.002   0.12000      50      44
 98.500   0.06000      50      47
 99.001   0.04000      50      48
 99.505   0.04000      50      48
100.003   0.12000      50      44
100.501   0.02041      49      48
101.002   0.05882      51      48
101.501   0.06000      50      47
102.001   0.10000      50      45
102.502   0.04000      50      48
103.004   0.06122      49      46
103.501   0.04000      50      48
104.003   0.16000      50      42
104.503   0.06000      50      47
105.004   0.06122      49      46
105.501   0.04000      50      48
106.001   0.11765      51      45
106.500   0.06122      49      46
107.006   0.05882      51      48
107.506   0.06000      50      47
108.002   0.12000      50      44
108.501   0.02041      49      48
109.001   0.06000      50      47
109.501   0.04000      50      48
110.001   0.12245      49      43
110.500   0.06000      50      47
111.006   0.06000      50      47
111.501   0.00000      49      49
112.006   0.15686      51      43
112.501   0.04082      49      47
113.001   0.04000      50      48
113.501   0.02000      50      49
114.005   0.14000      50      43
114.500   0.06000      50      47
115.004   0.04000      50      48
115.501   0.04000      50      48
116.002   0.14000      50      43
116.506   0.07843      51      47
117.006   0.06122      49      46
117.502   0.08000      50      46
118.006   0.12000      50      44
118.500   0.06250      48      45
119.006   0.09804      51      46
119.503   0.05882      51      48
120.001   0.12245      49      43
120.501   0.05882      51      48
121.001   0.04000      50      48
121.501   0.02041      49      48
122.001   0.12000      50      44
122.504   0.06000      50      47
123.004   0.06000      50      47
123.503   0.04000      50      48
124.001   0.12245      49      43
124.503   0.07843      51      47
125.006   0.06000      50      47
125.501   0.04000      50      48
126.001   0.12245      49      43
126.505   0.04000      50      48
127.004   0.06000      50      47
127.502   0.06122      49      46
128.006   0.15686      51      43
128.501   0.04082      49      47
129.001   0.04000      50      48
129.504   0.10000      50      45
130.001   0.12000      50      44
130.505   0.08000      50      46
131.002   0.06122      49      46
131.506   0.07843      51      47
132.005   0.12245      49      43
132.505   0.06000      50      47
133.005   0.08000      50      46
133.501   0.06000      50      47
134.001   0.12245      49      43
134.500   0.08000      50      46
135.006   0.08000      50      46
135.503   0.04000      50      48
136.003   0.14286      49      42
136.501   0.06000      50      47
137.001   0.04000      50      48
137.501   0.06000      50      47
138.001   0.10000      50      45
138.503   0.04082      49      47
139.001   0.06000      50      47
139.506   0.06000      50      47
140.002   0.14000      50      43
140.502   0.06000      50      47
141.002   0.09804      51      46
141.501   0.04082      49      47
142.002   0.10000      50      45
142.501   0.06000      50      47
143.003   0.08000      50      46
143.506   0.08000      50      46
144.001   0.12245      49      43
144.505   0.11765      51      45
145.001   0.04082      49      47
145.501   0.08000      50      46
146.001   0.12000      50      44
146.505   0.07843      51      47
147.001   0.04082      49      47
147.501   0.08000      50      46
148.001   0.14000      50      43
148.506   0.09804      51      46
149.001   0.04167      48      46
149.501   0.06000      50      47
150.005   0.14000      50      43
150.500   0.06000      50      47
151.003   0.09804      51      46
151.504   0.06000      50      47
152.005   0.12245      49      43
152.501   0.06122      49      46
153.001   0.04082      49      47
153.501   0.08000      50      46
154.001   0.13725      51      44
154.501   0.00000      50      50
155.001   0.00000      50      50
155.501   0.00000      49      49
156.001   0.08000      50      46
156.501   0.00000      50      50
157.001   0.00000      50      50
157.501   0.00000      50      50
158.001   0.04082      49      47
158.501   0.00000      50      50
159.001   0.00000      50      50
159.501   0.00000      50      50
160.001   0.09804      51      46
160.501   0.00000      50      50
161.001   0.00000      50      50
161.501   0.00000      50      50
162.001   0.04082      49      47
162.501   0.00000      50      50
163.001   0.00000      50      50
163.501   0.00000      50      50
164.001   0.08000      50      46
164.501   0.00000      50      50
165.001   0.00000      50      50
165.501   0.00000      50      50
166.001   0.06000      50      47
166.501   0.00000      50      50
167.001   0.00000      50      50
167.501   0.00000      49      49
168.001   0.07843      51      47
168.501   0.00000      50      50
169.001   0.00000      50      50
169.501   0.00000      50      50
170.001   0.06000      50      47
170.500   0.00000      50      50
171.001   0.00000      50      50
171.501   0.00000      50      50
172.001   0.08000      50      46
172.501   0.00000      49      49
173.001   0.00000      50      50
173.501   0.00000      50      50
174.001   0.45833      48      26
