  8.008 8002.000   6.000
 12.008 4000.000   5.000
 16.021 4010.000   7.000
 20.021 3999.000   7.000
 24.013 3990.000   9.000
 28.014 3998.000  11.000
 32.023 4011.000   8.000
 36.036 4011.000   9.000
 40.033 3997.000   9.000
 44.032 4000.000   8.000
 48.013 3978.000  10.000
 52.013 4000.000  10.000
 56.024 4011.000   9.000
 60.023 3999.000   8.000
 64.014 3988.000  10.000
 68.024 4011.000   9.000
 72.013 3989.000   9.000
 76.023 4010.000   9.000
 80.043 4020.000   8.000
 84.015 3968.000  12.000
 88.013 4000.000   9.000
 92.022 4009.000   8.000
 96.013 3989.000  10.000
100.010 3999.000   8.000
104.013 4001.000  10.000
108.012 3999.000   9.000
112.015 4000.000  11.000
116.011 3999.000   8.000
120.016 3999.000  13.000
124.014 4000.000  11.000
128.015 4000.000  11.000
132.044 4029.000  11.000
136.015 3970.000  12.000
140.015 4001.000  11.000
144.038 4019.000  14.000
148.045 4010.000  11.000
152.015 3968.000  12.000
