  0.501   0.00000      43      43
  1.001   0.38000      50      31
  1.501   0.04000      50      48
  2.001   0.00000      50      50
  2.500   0.00000      49      49
  3.001   0.00000      49      49
  3.501   0.00000      50      50
  4.000   0.34000      50      33
  4.501   0.12000      50      44
  5.001   0.00000      50      50
  5.501   0.00000      50      50
  6.001   0.00000      50      50
  6.501   0.04000      50      48
  7.001   0.00000      50      50
  7.501   0.00000      50      50
  8.001   0.00000      50      50
  8.501   0.02041      49      48
  9.001   0.00000      50      50
  9.501   0.00000      49      49
 10.001   0.00000      50      50
 10.500   0.03922      51      49
 11.001   0.00000      49      49
 11.501   0.00000      50      50
 12.001   0.00000      50      50
 12.501   0.04000      50      48
 13.001   0.00000      50      50
 13.501   0.00000      50      50
 14.001   0.00000      50      50
 14.501   0.06000      50      47
 15.001   0.00000      50      50
 15.501   0.00000      49      49
 16.001   0.00000      50      50
 16.501   0.05882      51      48
 17.001   0.00000      49      49
 17.501   0.00000      50      50
 18.001   0.00000      50      50
 18.501   0.04082      49      47
 19.001   0.01961      51      50
 19.501   0.00000      50      50
 20.001   0.00000      49      49
 20.501   0.04000      50      48
 21.001   0.00000      49      49
 21.501   0.00000      50      50
 22.001   0.00000      50      50
 22.501   0.08000      50      46
 23.001   0.00000      50      50
 23.501   0.00000      50      50
 24.001   0.00000      49      49
 24.501   0.05882      51      48
 25.001   0.08696      46      42
 25.501   0.00000      50      50
 26.001   0.00000      50      50
 26.501   0.04082      49      47
 27.001   0.00000      50      50
 27.501   0.01961      51      50
 28.001   0.02000      50      49
 28.501   0.04000      50      48
 29.001   0.00000      49      49
 29.501   0.00000      50      50
 30.001   0.00000      50      50
 30.500   0.04082      49      47
 31.001   0.00000      50      50
 31.501   0.00000      50      50
 32.001   0.03922      51      49
 32.501   0.04082      49      47
 33.001   0.00000      50      50
 33.501   0.00000      50      50
 34.001   0.00000      50      50
 34.500   0.04082      49      47
 35.001   0.01961      51      50
 35.501   0.00000      49      49
 36.001   0.00000      50      50
 36.501   0.06000      50      47
 37.001   0.00000      50      50
 37.501   0.00000      49      49
 38.001   0.01961      51      50
 38.500   0.04082      49      47
 39.001   0.01961      51      50
 39.501   0.00000      50      50
 40.001   0.00000      49      49
 40.501   0.06000      50      47
 41.001   0.00000      50      50
 41.501   0.00000      49      49
 42.001   0.00000      50      50
 42.500   0.04082      49      47
 43.001   0.01961      51      50
 43.501   0.00000      50      50
 44.001   0.00000      49      49
 44.501   0.04000      50      48
 45.001   0.00000      49      49
 45.501   0.00000      50      50
 46.001   0.01961      51      50
 46.500   0.05882      51      48
 47.001   0.00000      49      49
 47.501   0.00000      50      50
 48.001   0.00000      49      49
 48.501   0.05882      51      48
 49.001   0.00000      49      49
 49.501   0.00000      50      50
 50.001   0.00000      50      50
 50.500   0.04082      49      47
 51.001   0.01961      51      50
 51.501   0.00000      49      49
 52.001   0.00000      50      50
 52.501   0.04000      50      48
 53.001   0.01961      51      50
 53.501   0.00000      49      49
 54.001   0.00000      50      50
 54.500   0.05882      51      48
 55.001   0.00000      50      50
 55.501   0.02000      50      49
 56.000   0.00000      49      49
 56.501   0.04082      49      47
 57.001   0.00000      50      50
 57.501   0.00000      50      50
 58.001   0.02000      50      49
 58.500   0.04000      50      48
 59.001   0.00000      50      50
 59.501   0.00000      49      49
 60.001   0.01961      51      50
 60.501   0.04000      50      48
 61.001   0.00000      49      49
 61.501   0.00000      50      50
 62.001   0.02000      50      49
 62.500   0.05882      51      48
 63.001   0.00000      50      50
 63.501   0.00000      49      49
 64.001   0.00000      50      50
 64.501   0.04082      49      47
 65.001   0.00000      50      50
 65.501   0.00000      50      50
 66.001   0.03922      51      49
 66.501   0.04082      49      47
 67.001   0.00000      50      50
 67.501   0.00000      50      50
 68.001   0.00000      50      50
 68.501   0.06000      50      47
 69.001   0.00000      50      50
 69.501   0.00000      50      50
 70.001   0.00000      50      50
 70.500   0.04082      49      47
 71.001   0.00000      50      50
 71.501   0.00000      50      50
 72.001   0.02000      50      49
 72.501   0.04000      50      48
 73.001   0.00000      49      49
 73.501   0.00000      50      50
 74.001   0.00000      50      50
 74.500   0.06000      50      47
 75.001   0.01961      51      50
 75.501   0.00000      50      50
 76.001   0.00000      50      50
 76.501   0.04082      49      47
 77.001   0.02000      50      49
 77.501   0.02041      49      48
 78.001   0.01961      51      50
 78.500   0.04000      50      48
 79.001   0.00000      50      50
 79.501   0.00000      50      50
 80.001   0.00000      49      49
 80.501   0.04000      50      48
 81.001   0.03922      51      49
 81.501   0.00000      49      49
 82.001   0.02000      50      49
 82.500   0.04082      49      47
 83.001   0.00000      50      50
 83.501   0.00000      50      50
 84.001   0.00000      50      50
 84.501   0.04000      50      48
 85.001   0.00000      49      49
 85.501   0.01961      51      50
 86.001   0.00000      50      50
 86.500   0.04082      49      47
 87.001   0.00000      50      50
 87.501   0.00000      50      50
 88.001   0.02000      50      49
 88.501   0.04000      50      48
 89.001   0.02000      50      49
 89.501   0.00000      50      50
 90.001   0.02000      50      49
 90.500   0.06000      50      47
 91.001   0.00000      49      49
 91.501   0.00000      50      50
 92.001   0.03922      51      49
 92.501   0.04000      50      48
 93.001   0.00000      49      49
 93.501   0.00000      50      50
 94.001   0.00000      50      50
 94.500   0.04082      49      47
 95.001   0.01961      51      50
 95.501   0.00000      50      50
 96.001   0.02041      49      48
 96.501   0.04000      50      48
 97.001   0.01961      51      50
 97.501   0.00000      49      49
 98.001   0.00000      50      50
 98.500   0.04082      49      47
 99.001   0.00000      50      50
 99.501   0.02000      50      49
100.001   0.00000      50      50
100.501   0.04082      49      47
101.001   0.00000      50      50
101.501   0.02000      50      49
102.001   0.00000      49      49
102.500   0.04000      50      48
103.001   0.00000      50      50
103.501   0.02000      50      49
104.001   0.00000      50      50
104.501   0.05882      51      48
105.001   0.00000      49      49
105.501   0.00000      50      50
106.001   0.00000      50      50
106.500   0.06000      50      47
107.001   0.00000      50      50
107.501   0.00000      49      49
108.001   0.00000      50      50
108.501   0.04000      50      48
109.001   0.02000      50      49
109.501   0.00000      50      50
110.001   0.00000      50      50
110.500   0.04082      49      47
111.001   0.00000      50      50
111.501   0.01961      51      50
112.001   0.00000      50      50
112.501   0.06000      50      47
113.001   0.00000      50      50
113.501   0.00000      50      50
114.001   0.00000      49      49
114.500   0.04000      50      48
115.001   0.00000      50      50
115.501   0.02041      49      48
116.001   0.00000      50      50
116.501   0.04000      50      48
117.001   0.02000      50      49
117.501   0.00000      50      50
118.001   0.00000      49      49
118.500   0.04000      50      48
119.001   0.00000      50      50
119.501   0.02000      50      49
120.001   0.00000      50      50
120.501   0.05882      51      48
121.001   0.00000      50      50
121.501   0.00000      49      49
122.001   0.00000      50      50
122.500   0.04082      49      47
123.001   0.01961      51      50
123.501   0.00000      50      50
124.001   0.00000      49      49
124.501   0.04000      50      48
125.001   0.00000      50      50
125.501   0.02000      50      49
126.001   0.00000      50      50
126.500   0.04082      49      47
127.001   0.00000      50      50
127.501   0.00000      50      50
128.001   0.01961      51      50
128.501   0.04082      49      47
129.001   0.00000      50      50
129.501   0.00000      50      50
130.001   0.00000      49      49
130.500   0.05882      51      48
131.001   0.00000      50      50
131.501   0.00000      49      49
132.001   0.01961      51      50
132.501   0.04000      50      48
133.001   0.00000      49      49
133.501   0.00000      50      50
134.001   0.00000      49      49
134.500   0.05882      51      48
135.001   0.02000      50      49
135.501   0.00000      50      50
136.001   0.00000      49      49
136.501   0.04000      50      48
137.001   0.00000      49      49
137.501   0.01961      51      50
138.001   0.00000      50      50
138.500   0.06000      50      47
139.001   0.00000      50      50
139.501   0.00000      49      49
140.001   0.01961      51      50
140.501   0.04082      49      47
141.001   0.02000      50      49
141.501   0.00000      50      50
142.001   0.00000      50      50
142.500   0.04082      49      47
143.001   0.00000      50      50
143.501   0.01961      51      50
144.001   0.00000      49      49
144.501   0.04000      50      48
145.001   0.00000      50      50
145.501   0.02000      50      49
146.001   0.00000      50      50
146.500   0.04082      49      47
147.001   0.01961      51      50
147.501   0.00000      49      49
148.001   0.00000      50      50
148.501   0.04082      49      47
149.001   0.03846      52      50
149.501   0.00000      49      49
150.001   0.00000      50      50
150.500   0.04082      49      47
151.001   0.00000      50      50
151.501   0.00000      49      49
152.001   0.03846      52      50
152.501   0.04082      49      47
153.001   0.00000      50      50
153.501   0.00000      50      50
154.001   0.00000      49      49
154.500   0.05882      51      48
155.001   0.00000      50      50
155.501   0.00000      49      49
156.001   0.02000      50      49
156.501   0.04082      49      47
157.001   0.00000      50      50
157.501   0.00000      50      50
158.001   0.00000      49      49
158.500   0.07692      52      48
159.001   0.00000      50      50
159.501   0.00000      49      49
160.001   0.00000      50      50
160.501   0.04082      49      47
161.001   0.01961      51      50
161.501   0.00000      49      49
162.001   0.00000      50      50
162.500   0.04082      49      47
163.001   0.01961      51      50
163.501   0.02000      50      49
164.001   0.00000      50      50
164.501   0.04000      50      48
165.001   0.00000      49      49
165.501   0.01961      51      50
166.001   0.00000      50      50
166.501   0.06000      50      47
167.001   0.00000      49      49
167.501   0.01961      51      50
168.001   0.00000      49      49
168.501   0.04082      49      47
169.001   0.01961      51      50
169.501   0.00000      50      50
170.001   0.00000      49      49
170.501   0.05882      51      48
171.001   0.00000      49      49
171.501   0.02000      50      49
172.001   0.00000      50      50
172.501   0.04082      49      47
173.001   0.00000      50      50
173.501   0.01961      51      50
174.001   0.32653      49      33
