  4.319 4319.000   0.000
  4.572  252.000   0.000
  4.824  251.000   0.000
  4.829    5.000   0.000
  4.832    2.000   0.000
  4.835    3.000   0.000
  4.837    2.000   0.000
  4.839    1.000   0.000
  4.841    1.000   0.000
  4.843    2.000   0.000
  4.844    1.000   0.000
  4.846    1.000   0.000
  4.848    1.000   0.000
  4.850    1.000   0.000
  4.852    1.000   0.000
  4.854    1.000   0.000
  4.856    1.000   0.000
  4.857    1.000   0.000
  4.859    1.000   0.000
  4.861    1.000   0.000
  4.863    1.000   0.000
  4.873    9.000   0.000
  4.880    7.000   0.000
  4.884    4.000   0.000
  4.888    3.000   0.000
  4.890    1.000   0.000
  4.892    2.000   0.000
  4.896    3.000   0.000
  4.898    2.000   0.000
  4.901    2.000   0.000
  4.905    4.000   0.000
  4.907    2.000   0.000
  4.909    1.000   0.000
  4.913    4.000   0.000
  4.915    2.000   0.000
  4.919    3.000   0.000
  4.923    3.000   0.000
  4.924    1.000   0.000
  5.001   76.000   0.000
  5.130  128.000   0.000
  5.260  129.000   0.000
  5.380  119.000   0.000
  5.520  140.000   0.000
  5.630  109.000   0.000
  5.770  140.000   0.000
  5.910  140.000   0.000
  6.020  109.000   0.000
  6.140  119.000   0.000
  6.259  119.000   0.000
  6.390  130.000   0.000
  6.510  119.000   0.000
  6.629  119.000   0.000
  6.750  120.000   0.000
  6.879  128.000   0.000
  7.001  121.000   0.000
  7.130  129.000   0.000
  7.250  120.000   0.000
  7.390  139.000   0.000
  7.500  110.000   0.000
  7.630  129.000   0.000
  7.750  119.000   0.000
  7.880  130.000   0.000
  8.000  119.000   0.000
  8.130  129.000   0.000
  8.250  120.000   0.000
  8.400  149.000   0.000
  8.500   99.000   0.000
  8.630  129.000   0.000
  8.780  149.000   0.000
  8.910  130.000   0.000
  9.020  109.000   0.000
  9.130  109.000   0.000
  9.260  129.000   0.000
  9.380  120.000   0.000
  9.520  140.000   0.000
  9.630  109.000   0.000
  9.770  139.000   0.000
  9.880  109.000   0.000
 10.020  140.000   0.000
 10.130  109.000   0.000
 10.260  129.000   1.000
 10.390  130.000   0.000
 10.510  120.000   0.000
 10.630  119.000   1.000
 10.751  120.000   0.000
 10.891  140.000   1.000
 11.001  109.000   1.000
 11.141  140.000   0.000
 11.250  109.000   0.000
 11.381  129.000   0.000
 11.511  130.000   0.000
 11.640  129.000   0.000
 11.750  110.000   0.000
 11.921  170.000   0.000
 12.021   99.000   0.000
 12.140  119.000   0.000
 12.271  130.000   0.000
 12.380  109.000   0.000
 12.520  140.000   0.000
 12.631  110.000   0.000
 12.760  129.000   0.000
 12.921  160.000   0.000
 13.010   89.000   0.000
 13.151  139.000   1.000
 13.341  190.000   1.000
 13.390   49.000   0.000
 13.551  159.000   1.000
 13.630   79.000   0.000
 13.760  129.000   1.000
 13.880  119.000   1.000
 14.020  140.000   1.000
 14.130  110.000   1.000
 14.270  139.000   1.000
 14.380  109.000   1.000
 14.520  140.000   0.000
 14.650  129.000   1.000
 14.751  100.000   0.000
 14.881  130.000   0.000
 15.002  120.000   1.000
 15.131  129.000   1.000
 15.251  120.000   1.000
 15.391  139.000   1.000
 15.501  110.000   1.000
 15.631  129.000   1.000
 15.751  120.000   0.000
 15.881  129.000   1.000
 16.001  120.000   0.000
 16.131  129.000   1.000
 16.251  119.000   0.000
 16.391  140.000   1.000
 16.511  120.000   0.000
 16.640  129.000   0.000
 16.760  119.000   0.000
 16.880  119.000   0.000
 17.011  130.000   1.000
 17.140  129.000   1.000
 17.260  119.000   1.000
 17.390  129.000   0.000
 17.511  120.000   1.000
 17.631  119.000   1.000
 17.760  129.000   1.000
 17.880  119.000   1.000
 18.020  140.000   0.000
 18.130  109.000   1.000
 18.280  149.000   1.000
 18.390  110.000   0.000
 18.510  119.000   0.000
 18.630  119.000   0.000
 18.751  121.000   0.000
 18.880  128.000   1.000
 19.001  121.000   0.000
 19.141  139.000   1.000
 19.251  109.000   1.000
 19.381  130.000   1.000
 19.501  119.000   1.000
 19.651  150.000   1.000
 19.751   99.000   1.000
 19.881  129.000   1.000
 20.002  120.000   1.000
 20.131  129.000   1.000
 20.251  120.000   1.000
 20.380  129.000   1.000
 20.501  120.000   1.000
 20.630  129.000   1.000
 20.761  130.000   1.000
 20.880  119.000   1.000
 21.011  130.000   1.000
 21.130  119.000   1.000
 21.271  140.000   1.000
 21.380  109.000   0.000
 21.511  130.000   1.000
 21.640  129.000   0.000
 21.760  119.000   0.000
 21.921  160.000   0.000
 22.010   89.000   0.000
 22.150  139.000   1.000
 22.290  139.000   0.000
 22.411  120.000   1.000
 22.510   99.000   0.000
 22.630  119.000   1.000
 22.761  130.000   1.000
 22.880  119.000   1.000
 23.001  121.000   1.000
 23.131  129.000   1.000
 23.251  120.000   1.000
 23.411  159.000   0.000
 23.501   90.000   1.000
 23.641  139.000   1.000
 23.750  109.000   0.000
 23.881  129.000   0.000
 24.001  120.000   1.000
 24.131  129.000   1.000
 24.251  120.000   0.000
 24.381  129.000   1.000
 24.531  150.000   1.000
 24.630   99.000   1.000
 24.760  129.000   1.000
 24.881  120.000   1.000
 25.021  140.000   1.000
 25.131  109.000   1.000
 25.261  129.000   1.000
 25.380  119.000   1.000
 25.522  140.000   2.000
 25.640  119.000   1.000
 25.760  119.000   1.000
 25.880  120.000   0.000
 26.010  129.000   1.000
 26.130  119.000   1.000
 26.260  129.000   1.000
 26.380  120.000   1.000
 26.510  129.000   1.000
 26.630  119.000   1.000
 26.761  130.000   1.000
 26.910  149.000   1.000
 27.001   90.000   1.000
 27.161  160.000   1.000
 27.251   90.000   1.000
 27.391  139.000   1.000
 27.501  110.000   1.000
 27.631  130.000   1.000
 27.751  119.000   1.000
 27.881  130.000   1.000
 28.001  120.000   1.000
 28.131  129.000   1.000
 28.251  120.000   1.000
 28.391  139.000   1.000
 28.512  121.000   1.000
 28.631  118.000   1.000
 28.761  130.000   1.000
 28.880  119.000   1.000
 29.011  130.000   1.000
 29.152  141.000   1.000
 29.251   98.000   1.000
 29.402  150.000   1.000
 29.510  108.000   1.000
 29.631  120.000   1.000
 29.752  120.000   1.000
 29.881  128.000   1.000
 30.012  130.000   1.000
 30.152  140.000   1.000
 30.260  109.000   1.000
 30.380  119.000   1.000
 30.520  140.000   1.000
 30.630  109.000   1.000
 30.771  140.000   1.000
 30.880  109.000   1.000
 31.002  121.000   1.000
 31.141  139.000   1.000
 31.251  109.000   0.000
 31.381  129.000   1.000
 31.501  119.000   1.000
 31.631  129.000   1.000
 31.750  119.000   0.000
 31.881  130.000   1.000
 32.001  119.000   1.000
 32.131  130.000   1.000
 32.251  120.000   1.000
 32.381  129.000   1.000
 32.511  130.000   1.000
 32.631  119.000   1.000
 32.760  130.000   0.000
 32.900  140.000   0.000
 33.010  109.000   0.000
 33.140  129.000   1.000
 33.260  119.000   0.000
 33.381  120.000   1.000
 33.531  149.000   1.000
 33.630   99.000   1.000
 33.771  140.000   1.000
 33.890  119.000   1.000
 34.010  120.000   1.000
 34.131  119.000   1.000
 34.260  129.000   1.000
 34.380  120.000   0.000
 34.510  129.000   1.000
 34.630  119.000   0.000
 34.751  120.000   1.000
 34.900  149.000   1.000
 35.001  101.000   1.000
 35.141  139.000   1.000
 35.251  110.000   0.000
 35.390  139.000   0.000
 35.501  110.000   0.000
 35.631  129.000   0.000
 35.751  120.000   0.000
 35.891  140.000   1.000
 36.001  109.000   1.000
 36.130  130.000   0.000
 36.261  129.000   1.000
 36.380  119.000   0.000
 36.501  120.000   1.000
 36.631  129.000   1.000
 36.761  129.000   1.000
 36.880  119.000   1.000
 37.021  140.000   1.000
 37.130  109.000   0.000
 37.261  129.000   1.000
 37.380  119.000   1.000
 37.520  140.000   0.000
 37.631  109.000   1.000
 37.760  129.000   0.000
 37.890  130.000   1.000
 38.010  120.000   1.000
 38.141  130.000   1.000
 38.270  129.000   1.000
 38.380  109.000   1.000
 38.520  140.000   1.000
 38.630  109.000   0.000
 38.751  120.000   1.000
 38.890  139.000   1.000
 39.001  110.000   1.000
 39.131  130.000   1.000
 39.251  119.000   0.000
 39.381  129.000   1.000
 39.501  120.000   1.000
 39.631  129.000   1.000
 39.751  120.000   1.000
 39.881  129.000   1.000
 40.001  120.000   1.000
 40.131  129.000   1.000
 40.261  129.000   1.000
 40.381  119.000   1.000
 40.501  120.000   1.000
 40.631  129.000   1.000
 40.760  129.000   1.000
 40.880  120.000   1.000
 41.011  130.000   1.000
 41.141  129.000   1.000
 41.260  119.000   0.000
 41.390  130.000   1.000
 41.501  110.000   1.000
 41.631  129.000   1.000
 41.780  149.000   1.000
 41.890  109.000   0.000
 42.010  120.000   0.000
 42.150  139.000   1.000
 42.270  119.000   0.000
 42.380  109.000   0.000
 42.510  130.000   0.000
 42.650  139.000   0.000
 42.760  110.000   0.000
 42.891  130.000   0.000
 43.001  110.000   1.000
 43.131  129.000   0.000
 43.251  119.000   1.000
 43.380  129.000   0.000
 43.501  120.000   0.000
 43.632  130.000   1.000
 43.751  119.000   1.000
 43.881  130.000   1.000
 44.001  119.000   1.000
 44.131  129.000   1.000
 44.251  120.000   1.000
 44.381  129.000   1.000
 44.501  120.000   1.000
 44.631  129.000   1.000
 44.771  140.000   1.000
 44.881  110.000   1.000
 45.001  120.000   1.000
 45.130  129.000   1.000
 45.271  140.000   1.000
 45.380  109.000   1.000
 45.501  120.000   1.000
 45.631  129.000   1.000
 45.761  130.000   1.000
 45.881  119.000   1.000
 46.010  130.000   1.000
 46.130  119.000   1.000
 46.280  149.000   1.000
 46.390  110.000   1.000
 46.510  120.000   1.000
 46.630  119.000   1.000
 46.770  140.000   0.000
 46.881  110.000   0.000
 47.001  120.000   1.000
 47.151  149.000   1.000
 47.251   99.000   0.000
 47.381  129.000   1.000
 47.501  120.000   0.000
 47.631  129.000   1.000
 47.751  119.000   1.000
 47.880  129.000   0.000
 48.001  120.000   0.000
 48.130  129.000   0.000
 48.251  120.000   0.000
 48.380  129.000   0.000
 48.511  130.000   0.000
 48.630  119.000   0.000
 48.761  129.000   1.000
 48.901  140.000   1.000
 49.001   99.000   1.000
 49.130  129.000   1.000
 49.271  139.000   1.000
 49.381  109.000   1.000
 49.511  130.000   1.000
 49.650  139.000   0.000
 49.760  109.000   0.000
 49.880  120.000   1.000
 50.011  130.000   1.000
 50.140  129.000   1.000
 50.260  119.000   1.000
 50.380  120.000   0.000
 50.510  130.000   0.000
 50.630  119.000   0.000
 50.751  121.000   1.000
 50.880  128.000   1.000
 51.001  121.000   0.000
 51.141  139.000   0.000
 51.291  150.000   0.000
 51.380   89.000   0.000
 51.511  130.000   0.000
 51.640  129.000   0.000
 51.751  109.000   0.000
 51.921  170.000   1.000
 52.001   79.000   0.000
 52.141  139.000   1.000
 52.251  109.000   1.000
 52.381  129.000   1.000
 52.501  120.000   0.000
 52.630  129.000   0.000
 52.760  129.000   0.000
 52.880  120.000   0.000
 53.001  120.000   1.000
 53.140  139.000   1.000
 53.261  120.000   0.000
 53.381  119.000   1.000
 53.511  130.000   1.000
 53.630  119.000   0.000
 53.770  139.000   0.000
 53.900  130.000   1.000
 54.010  110.000   0.000
 54.140  129.000   1.000
 54.261  119.000   1.000
 54.391  130.000   1.000
 54.510  119.000   0.000
 54.630  119.000   1.000
 54.751  120.000   1.000
 54.880  129.000   0.000
 55.001  121.000   0.000
 55.171  170.000   0.000
 55.251   79.000   0.000
 55.391  139.000   0.000
 55.501  110.000   0.000
 55.641  139.000   0.000
 55.750  110.000   0.000
 55.891  140.000   0.000
 56.001  109.000   1.000
 56.140  139.000   0.000
 56.251  110.000   0.000
 56.401  150.000   0.000
 56.520  119.000   0.000
 56.650  129.000   0.000
 56.770  119.000   0.000
 56.950  180.000   0.000
 57.011   60.000   0.000
 57.141  129.000   1.000
 57.261  119.000   1.000
 57.380  119.000   1.000
 57.520  140.000   1.000
 57.641  120.000   1.000
 57.771  129.000   1.000
 57.931  160.000   1.000
 58.010   79.000   0.000
 58.150  140.000   0.000
 58.260  109.000   0.000
 58.390  129.000   0.000
 58.530  140.000   0.000
 58.630   99.000   0.000
 58.751  121.000   1.000
 58.880  128.000   0.000
 59.002  121.000   1.000
 59.131  129.000   1.000
 59.251  119.000   0.000
 59.381  129.000   0.000
 59.501  120.000   1.000
 59.631  129.000   0.000
 59.751  119.000   0.000
 59.881  129.000   1.000
 60.000  120.000   0.000
 60.131  129.000   0.000
 60.271  139.000   0.000
 60.390  120.000   0.000
 60.500  110.000   0.000
 60.641  139.000   1.000
 60.780  139.000   1.000
 60.951  170.000   0.000
 61.000   50.000   0.000
 61.131  129.000   1.000
 61.260  129.000   0.000
 61.380  119.000   0.000
 61.531  150.000   1.000
 61.630   99.000   1.000
 61.760  130.000   0.000
 61.880  119.000   1.000
 62.030  149.000   0.000
 62.130  100.000   0.000
 62.290  159.000   1.000
 62.380   89.000   1.000
 62.520  140.000   1.000
 62.640  119.000   0.000
 62.761  120.000   0.000
 62.890  128.000   1.000
 63.001  111.000   0.000
 63.141  139.000   0.000
 63.251  109.000   0.000
 63.401  150.000   1.000
 63.521  120.000   1.000
 63.641  119.000   0.000
 63.771  129.000   1.000
 63.881  110.000   1.000
 64.000  119.000   0.000
 64.131  129.000   1.000
 64.251  120.000   1.000
 64.381  129.000   1.000
 64.501  120.000   1.000
 64.641  139.000   1.000
 64.760  119.000   0.000
 64.880  120.000   0.000
 65.001  120.000   1.000
 65.131  129.000   1.000
 65.261  129.000   1.000
 65.380  119.000   1.000
 65.510  130.000   1.000
 65.631  119.000   1.000
 65.760  129.000   1.000
 65.880  120.000   1.000
 66.011  130.000   1.000
 66.160  149.000   1.000
 66.290  129.000   0.000
 66.380   90.000   0.000
 66.510  130.000   1.000
 66.640  129.000   0.000
 66.761  121.000   0.000
 66.881  119.000   1.000
 67.021  140.000   0.000
 67.141  119.000   1.000
 67.251  109.000   1.000
 67.391  140.000   1.000
 67.501  110.000   1.000
 67.641  139.000   1.000
 67.760  119.000   0.000
 67.881  119.000   1.000
 68.011  130.000   1.000
 68.141  129.000   1.000
 68.251  110.000   1.000
 68.380  129.000   1.000
 68.501  120.000   1.000
 68.630  129.000   0.000
 68.761  130.000   1.000
 68.880  119.000   1.000
 69.020  140.000   0.000
 69.130  109.000   1.000
 69.260  129.000   0.000
 69.390  129.000   1.000
 69.521  130.000   1.000
 69.631  109.000   1.000
 69.760  129.000   1.000
 69.890  130.000   1.000
 70.011  120.000   1.000
 70.130  119.000   1.000
 70.260  129.000   1.000
 70.380  120.000   1.000
 70.510  129.000   1.000
 70.630  119.000   0.000
 70.760  129.000   1.000
 70.881  120.000   1.000
 71.001  119.000   1.000
 71.131  130.000   1.000
 71.251  119.000   0.000
 71.381  129.000   1.000
 71.501  120.000   1.000
 71.631  130.000   1.000
 71.751  119.000   1.000
 71.881  129.000   1.000
 72.001  120.000   1.000
 72.131  129.000   1.000
 72.251  119.000   1.000
 72.381  129.000   1.000
 72.510  129.000   0.000
 72.631  120.000   0.000
 72.770  139.000   1.000
 72.880  109.000   0.000
 73.031  150.000   0.000
 73.131   99.000   1.000
 73.261  130.000   1.000
 73.380  119.000   1.000
 73.521  140.000   1.000
 73.630  109.000   1.000
 73.760  129.000   0.000
 73.880  120.000   1.000
 74.011  130.000   1.000
 74.140  129.000   0.000
 74.261  120.000   1.000
 74.380  119.000   1.000
 74.510  130.000   1.000
 74.640  129.000   1.000
 74.751  111.000   1.000
 74.881  129.000   1.000
 75.031  149.000   1.000
 75.131   99.000   1.000
 75.262  130.000   1.000
 75.381  119.000   0.000
 75.501  119.000   1.000
 75.631  129.000   0.000
 75.751  120.000   1.000
 75.882  129.000   2.000
 76.011  130.000   1.000
 76.131  119.000   0.000
 76.251  119.000   0.000
 76.382  130.000   1.000
 76.501  119.000   1.000
 76.631  129.000   1.000
 76.761  129.000   1.000
 76.881  119.000   1.000
 77.002  120.000   1.000
 77.131  129.000   1.000
 77.261  129.000   1.000
 77.380  119.000   1.000
 77.511  130.000   1.000
 77.631  119.000   1.000
 77.760  129.000   1.000
 77.881  119.000   1.000
 78.011  130.000   1.000
 78.140  129.000   0.000
 78.260  120.000   1.000
 78.380  119.000   1.000
 78.510  130.000   0.000
 78.630  119.000   0.000
 78.791  161.000   1.000
 78.880   88.000   1.000
 79.001  120.000   0.000
 79.131  129.000   1.000
 79.251  120.000   0.000
 79.401  150.000   1.000
 79.511  109.000   0.000
 79.631  119.000   1.000
 79.771  139.000   1.000
 79.881  109.000   1.000
 80.001  120.000   1.000
 80.131  129.000   1.000
 80.251  120.000   0.000
 80.391  139.000   1.000
 80.501  110.000   1.000
 80.641  139.000   1.000
 80.761  119.000   1.000
 80.880  119.000   1.000
 81.001  120.000   1.000
 81.141  139.000   1.000
 81.271  130.000   1.000
 81.381  109.000   1.000
 81.530  149.000   1.000
 81.631   99.000   1.000
 81.771  140.000   1.000
 81.881  109.000   1.000
 82.030  150.000   0.000
 82.170  139.000   0.000
 82.260   89.000   0.000
 82.380  120.000   1.000
 82.520  140.000   1.000
 82.640  119.000   1.000
 82.751  111.000   1.000
 82.880  129.000   0.000
 83.051  170.000   0.000
 83.131   80.000   1.000
 83.261  129.000   0.000
 83.402  140.000   1.000
 83.501   99.000   1.000
 83.641  140.000   1.000
 83.751  109.000   1.000
 83.881  129.000   1.000
 84.001  120.000   1.000
 84.141  139.000   1.000
 84.251  110.000   0.000
 84.401  149.000   1.000
 84.501  100.000   1.000
 84.641  139.000   1.000
 84.760  119.000   1.000
 84.891  130.000   1.000
 85.031  140.000   1.000
 85.141  110.000   1.000
 85.260  119.000   1.000
 85.380  119.000   0.000
 85.510  130.000   1.000
 85.630  119.000   1.000
 85.751  120.000   1.000
 85.880  129.000   1.000
 86.010  130.000   1.000
 86.141  130.000   1.000
 86.261  119.000   1.000
 86.380  119.000   1.000
 86.510  130.000   1.000
 86.630  119.000   1.000
 86.760  130.000   1.000
 86.880  120.000   1.000
 87.001  120.000   1.000
 87.131  130.000   1.000
 87.251  119.000   1.000
 87.381  129.000   1.000
 87.501  120.000   1.000
 87.632  130.000   1.000
 87.751  119.000   1.000
 87.881  130.000   1.000
 88.001  119.000   0.000
 88.131  129.000   1.000
 88.251  120.000   1.000
 88.381  129.000   1.000
 88.501  120.000   1.000
 88.631  129.000   1.000
 88.760  129.000   1.000
 88.881  120.000   1.000
 89.010  129.000   0.000
 89.131  119.000   1.000
 89.261  129.000   1.000
 89.381  120.000   1.000
 89.511  129.000   1.000
 89.631  119.000   1.000
 89.760  129.000   1.000
 89.881  120.000   1.000
 90.011  129.000   1.000
 90.130  119.000   1.000
 90.260  129.000   1.000
 90.381  120.000   1.000
 90.520  140.000   0.000
 90.680  159.000   0.000
 90.780   99.000   0.000
 90.880  100.000   0.000
 91.041  161.000   0.000
 91.171  129.000   0.000
 91.271   99.000   0.000
 91.381  109.000   0.000
 91.501  120.000   1.000
 91.631  129.000   1.000
 91.751  120.000   1.000
 91.882  130.000   1.000
 92.001  119.000   1.000
 92.131  129.000   1.000
 92.271  140.000   1.000
 92.380  109.000   0.000
 92.501  120.000   1.000
 92.630  129.000   1.000
 92.761  129.000   1.000
 92.881  120.000   1.000
 93.011  129.000   1.000
 93.131  119.000   1.000
 93.261  129.000   1.000
 93.380  119.000   1.000
 93.510  130.000   1.000
 93.631  119.000   1.000
 93.761  129.000   1.000
 93.901  140.000   1.000
 94.021  120.000   1.000
 94.130  109.000   0.000
 94.260  129.000   1.000
 94.381  120.000   1.000
 94.510  130.000   1.000
 94.630  119.000   1.000
 94.760  130.000   1.000
 94.890  130.000   1.000
 95.042  151.000   1.000
 95.141   99.000   0.000
 95.251  109.000   0.000
 95.381  130.000   0.000
 95.501  119.000   0.000
 95.641  140.000   1.000
 95.771  129.000   1.000
 95.881  110.000   1.000
 96.011  129.000   1.000
 96.131  119.000   1.000
 96.251  119.000   1.000
 96.381  130.000   1.000
 96.511  129.000   1.000
 96.630  119.000   0.000
 96.760  129.000   0.000
 96.880  120.000   0.000
 97.011  130.000   1.000
 97.131  120.000   1.000
 97.260  129.000   1.000
 97.380  120.000   1.000
 97.521  140.000   1.000
 97.630  109.000   0.000
 97.761  129.000   1.000
 97.881  119.000   1.000
 98.031  150.000   1.000
 98.130   99.000   1.000
 98.260  130.000   1.000
 98.380  119.000   1.000
 98.520  140.000   1.000
 98.630  109.000   0.000
 98.780  149.000   0.000
 98.891  111.000   0.000
 99.001  109.000   1.000
 99.141  140.000   1.000
 99.251  109.000   1.000
 99.381  130.000   1.000
 99.501  119.000   1.000
 99.631  130.000   1.000
 99.751  119.000   1.000
 99.881  129.000   1.000
100.001  120.000   1.000
100.131  130.000   1.000
100.251  119.000   1.000
100.381  129.000   1.000
100.511  130.000   1.000
100.630  119.000   0.000
100.750  120.000   0.000
100.881  129.000   1.000
101.011  130.000   1.000
101.131  119.000   1.000
101.260  129.000   1.000
101.390  129.000   1.000
101.511  120.000   1.000
101.630  120.000   1.000
101.760  129.000   0.000
101.940  180.000   0.000
102.011   70.000   0.000
102.130  119.000   0.000
102.260  129.000   1.000
102.380  119.000   0.000
102.520  140.000   1.000
102.630  110.000   1.000
102.760  129.000   0.000
102.880  119.000   0.000
103.021  141.000   0.000
103.131  109.000   0.000
103.251  120.000   0.000
103.380  129.000   0.000
103.501  120.000   0.000
103.641  140.000   0.000
103.751  109.000   0.000
103.881  129.000   1.000
104.001  120.000   0.000
104.131  129.000   1.000
104.271  139.000   1.000
104.381  109.000   1.000
104.501  120.000   1.000
104.631  129.000   1.000
104.751  120.000   1.000
104.880  129.000   1.000
105.011  130.000   1.000
105.141  129.000   1.000
105.261  120.000   1.000
105.381  120.000   1.000
105.511  129.000   1.000
105.630  119.000   1.000
105.761  130.000   1.000
105.901  140.000   1.000
106.020  120.000   0.000
106.130  109.000   0.000
106.260  129.000   1.000
106.381  120.000   1.000
106.511  129.000   1.000
106.630  119.000   1.000
106.761  130.000   1.000
106.880  118.000   1.000
107.002  120.000   1.000
107.132  129.000   1.000
107.251  119.000   1.000
107.381  129.000   1.000
107.501  120.000   1.000
107.641  139.000   0.000
107.750  109.000   0.000
107.881  129.000   1.000
108.001  120.000   1.000
108.141  139.000   1.000
108.251  110.000   1.000
108.381  129.000   1.000
108.501  120.000   1.000
108.631  129.000   1.000
108.760  129.000   1.000
108.890  130.000   0.000
109.011  119.000   1.000
109.130  120.000   0.000
109.261  129.000   1.000
109.380  119.000   0.000
109.521  140.000   1.000
109.630  109.000   0.000
109.760  130.000   1.000
109.880  119.000   1.000
110.020  140.000   1.000
110.140  119.000   0.000
110.271  129.000   1.000
110.380  109.000   1.000
110.510  129.000   1.000
110.630  119.000   1.000
110.770  140.000   0.000
110.880  109.000   1.000
111.001  121.000   1.000
111.132  130.000   1.000
111.251  119.000   1.000
111.381  129.000   1.000
111.501  120.000   1.000
111.631  129.000   1.000
111.751  120.000   0.000
111.881  129.000   1.000
112.001  120.000   1.000
112.141  139.000   1.000
112.251  110.000   1.000
112.381  129.000   1.000
112.501  120.000   1.000
112.631  130.000   1.000
112.761  129.000   1.000
112.880  119.000   1.000
113.002  120.000   1.000
113.131  129.000   1.000
113.260  129.000   1.000
113.380  119.000   1.000
113.521  140.000   1.000
113.630  109.000   0.000
113.760  129.000   1.000
113.880  119.000   1.000
114.021  140.000   1.000
114.130  109.000   0.000
114.260  129.000   1.000
114.381  119.000   1.000
114.510  130.000   1.000
114.630  119.000   0.000
114.761  130.000   1.000
114.880  119.000   1.000
115.001  121.000   1.000
115.131  130.000   1.000
115.252  119.000   1.000
115.383  130.000   1.000
115.502  118.000   1.000
115.631  129.000   1.000
115.751  120.000   1.000
115.881  130.000   1.000
116.011  130.000   1.000
116.130  119.000   0.000
116.251  120.000   1.000
116.381  130.000   1.000
116.501  119.000   1.000
116.631  130.000   1.000
116.761  129.000   1.000
116.880  119.000   0.000
117.011  130.000   1.000
117.131  119.000   1.000
117.251  120.000   1.000
117.381  129.000   1.000
117.511  130.000   1.000
117.631  120.000   1.000
117.761  129.000   1.000
117.881  119.000   1.000
118.011  130.000   1.000
118.130  119.000   1.000
118.271  139.000   1.000
118.380  109.000   1.000
118.510  130.000   1.000
118.630  120.000   1.000
118.751  120.000   1.000
118.880  129.000   1.000
119.011  130.000   0.000
119.141  129.000   0.000
119.251  109.000   1.000
119.381  130.000   1.000
119.501  119.000   1.000
119.631  129.000   0.000
119.751  120.000   1.000
119.881  130.000   1.000
120.001  119.000   1.000
120.131  130.000   1.000
120.251  119.000   1.000
120.381  130.000   1.000
120.501  120.000   1.000
120.631  129.000   1.000
120.770  139.000   0.000
120.880  109.000   1.000
121.022  141.000   1.000
121.131  108.000   1.000
121.261  129.000   1.000
121.380  119.000   1.000
121.511  130.000   1.000
121.630  119.000   1.000
121.760  130.000   1.000
121.881  119.000   1.000
122.010  129.000   0.000
122.131  119.000   1.000
122.260  129.000   1.000
122.380  120.000   1.000
122.510  130.000   0.000
122.630  119.000   1.000
122.760  130.000   1.000
122.880  120.000   1.000
123.001  121.000   1.000
123.131  129.000   1.000
123.251  120.000   1.000
123.381  129.000   1.000
123.501  120.000   1.000
123.631  129.000   1.000
123.751  120.000   1.000
123.881  129.000   1.000
124.001  120.000   1.000
124.131  129.000   1.000
124.251  120.000   1.000
124.381  129.000   1.000
124.501  119.000   1.000
124.631  129.000   1.000
124.761  130.000   1.000
124.880  119.000   1.000
125.001  120.000   1.000
125.131  129.000   1.000
125.261  130.000   1.000
125.381  120.000   1.000
125.511  130.000   1.000
125.650  139.000   1.000
125.760  109.000   1.000
125.880  119.000   1.000
126.011  130.000   1.000
126.130  119.000   1.000
126.260  130.000   1.000
126.380  119.000   1.000
126.510  130.000   1.000
126.630  119.000   1.000
126.761  131.000   1.000
126.880  118.000   1.000
127.001  121.000   1.000
127.131  129.000   1.000
127.251  119.000   1.000
127.381  129.000   1.000
127.511  130.000   0.000
127.631  119.000   1.000
127.751  120.000   1.000
127.881  130.000   1.000
128.001  119.000   1.000
128.131  129.000   1.000
128.251  120.000   1.000
128.401  149.000   0.000
128.501  100.000   1.000
128.631  129.000   1.000
128.761  129.000   1.000
128.881  120.000   1.000
129.001  120.000   1.000
129.131  129.000   1.000
129.251  120.000   1.000
129.391  139.000   1.000
129.511  120.000   1.000
129.630  119.000   1.000
129.761  130.000   1.000
129.892  130.000   1.000
130.011  119.000   1.000
130.130  119.000   1.000
130.261  129.000   2.000
130.381  120.000   2.000
130.511  130.000   1.000
130.631  119.000   1.000
130.760  129.000   1.000
130.881  120.000   0.000
131.002  120.000   1.000
131.131  129.000   1.000
131.252  120.000   1.000
131.381  129.000   1.000
131.501  120.000   1.000
131.631  129.000   1.000
131.751  120.000   1.000
131.881  129.000   1.000
132.001  120.000   1.000
132.131  129.000   1.000
132.251  119.000   1.000
132.381  129.000   1.000
132.501  120.000   0.000
132.631  130.000   1.000
132.760  129.000   0.000
132.890  130.000   0.000
133.010  119.000   0.000
133.131  120.000   1.000
133.261  130.000   1.000
133.380  119.000   1.000
133.510  129.000   1.000
133.630  119.000   1.000
133.761  130.000   1.000
133.881  119.000   1.000
134.011  130.000   1.000
134.130  119.000   1.000
134.272  142.000   1.000
134.380  107.000   0.000
134.511  130.000   1.000
134.630  119.000   1.000
134.761  131.000   0.000
134.880  118.000   1.000
135.001  120.000   0.000
135.131  129.000   1.000
135.251  120.000   1.000
135.381  129.000   1.000
135.501  120.000   0.000
135.631  129.000   1.000
135.751  120.000   0.000
135.881  129.000   1.000
136.001  120.000   1.000
136.131  129.000   1.000
136.261  129.000   1.000
136.381  119.000   1.000
136.501  119.000   1.000
136.631  129.000   1.000
136.761  130.000   1.000
136.891  130.000   1.000
137.011  119.000   0.000
137.152  141.000   1.000
137.261  108.000   1.000
137.381  120.000   1.000
137.511  130.000   1.000
137.631  119.000   1.000
137.760  129.000   0.000
137.880  119.000   1.000
138.011  130.000   1.000
138.130  119.000   1.000
138.260  129.000   1.000
138.380  120.000   0.000
138.520  140.000   1.000
138.640  119.000   1.000
138.761  120.000   0.000
138.880  119.000   1.000
139.001  120.000   1.000
139.131  129.000   1.000
139.251  119.000   1.000
139.381  129.000   0.000
139.531  150.000   1.000
139.631   99.000   0.000
139.751  119.000   1.000
139.881  129.000   1.000
140.002  120.000   1.000
140.141  139.000   1.000
140.251  110.000   1.000
140.381  130.000   1.000
140.521  139.000   1.000
140.641  119.000   1.000
140.771  130.000   1.000
140.881  109.000   1.000
141.011  130.000   1.000
141.131  119.000   1.000
141.261  130.000   1.000
141.381  119.000   1.000
141.511  130.000   1.000
141.630  119.000   1.000
141.762  130.000   1.000
141.880  118.000   1.000
142.010  130.000   1.000
142.130  119.000   1.000
142.270  139.000   0.000
142.380  109.000   1.000
142.521  140.000   1.000
142.640  119.000   0.000
142.760  120.000   1.000
142.880  119.000   1.000
143.011  131.000   1.000
143.131  119.000   1.000
143.261  129.000   1.000
143.381  119.000   1.000
143.502  120.000   1.000
143.651  149.000   1.000
143.751   99.000   0.000
143.881  129.000   1.000
144.011  130.000   1.000
144.131  119.000   1.000
144.251  120.000   1.000
144.381  129.000   1.000
144.501  120.000   1.000
144.631  129.000   1.000
144.760  129.000   0.000
144.880  119.000   1.000
145.011  130.000   1.000
145.131  119.000   1.000
145.261  129.000   1.000
145.380  119.000   1.000
145.521  140.000   1.000
145.630  109.000   0.000
145.760  130.000   0.000
145.880  119.000   1.000
146.010  130.000   0.000
146.130  119.000   0.000
146.260  130.000   0.000
146.380  119.000   0.000
146.510  130.000   1.000
146.630  119.000   0.000
146.770  140.000   1.000
146.880  109.000   0.000
147.001  121.000   0.000
147.131  130.000   1.000
147.252  120.000   1.000
147.381  129.000   1.000
147.501  120.000   1.000
147.631  130.000   0.000
147.751  119.000   0.000
147.881  129.000   1.000
148.000  119.000   0.000
148.131  130.000   1.000
148.251  120.000   1.000
148.381  129.000   0.000
148.501  119.000   1.000
148.631  129.000   0.000
148.760  129.000   0.000
148.881  120.000   0.000
149.001  119.000   0.000
149.130  129.000   0.000
149.261  130.000   1.000
149.390  129.000   0.000
149.510  119.000   0.000
149.640  130.000   0.000
149.760  119.000   0.000
149.880  119.000   1.000
150.010  130.000   1.000
150.131  119.000   1.000
150.260  130.000   1.000
150.380  119.000   0.000
150.510  130.000   0.000
150.630  119.000   0.000
150.760  129.000   0.000
150.880  119.000   0.000
151.001  121.000   0.000
151.161  160.000   1.000
151.251   89.000   1.000
151.391  139.000   1.000
151.501  110.000   1.000
151.641  139.000   1.000
151.751  109.000   0.000
151.931  180.000   1.000
152.001   69.000   0.000
152.131  129.000   0.000
152.261  129.000   1.000
152.401  139.000   1.000
152.521  120.000   1.000
152.630  109.000   0.000
152.760  129.000   0.000
152.880  119.000   0.000
153.001  120.000   1.000
153.131  129.000   1.000
153.261  130.000   1.000
153.381  119.000   1.000
153.520  140.000   0.000
153.630  109.000   1.000
153.760  130.000   1.000
153.881  120.000   1.000
154.011  130.000   1.000
154.131  119.000   1.000
154.261  129.000   1.000
154.380  119.000   1.000
154.521  140.000   1.000
154.630  109.000   1.000
154.751  120.000   1.000
154.890  138.000   1.000
155.002  111.000   1.000
155.131  129.000   1.000
155.251  120.000   1.000
155.381  130.000   1.000
155.502  119.000   1.000
155.631  129.000   1.000
155.760  129.000   0.000
155.881  120.000   1.000
156.001  120.000   0.000
156.131  129.000   1.000
156.251  120.000   1.000
156.381  129.000   1.000
156.501  120.000   1.000
156.640  139.000   1.000
156.760  120.000   1.000
156.900  140.000   0.000
157.011  110.000   0.000
157.140  129.000   0.000
157.261  119.000   1.000
157.380  119.000   1.000
157.511  130.000   1.000
157.630  119.000   1.000
157.760  129.000   0.000
157.880  120.000   1.000
158.010  130.000   0.000
158.130  119.000   0.000
158.270  140.000   0.000
158.380  109.000   0.000
158.510  130.000   0.000
158.630  119.000   0.000
158.770  140.000   0.000
158.880  109.000   1.000
159.011  131.000   0.000
159.131  119.000   0.000
159.251  120.000   1.000
159.381  129.000   1.000
159.500  119.000   0.000
159.631  129.000   0.000
159.770  140.000   0.000
159.881  109.000   1.000
160.011  130.000   1.000
160.130  119.000   0.000
160.261  130.000   1.000
160.381  119.000   1.000
160.511  130.000   1.000
160.631  120.000   1.000
160.760  129.000   0.000
160.881  120.000   0.000
161.031  150.000   0.000
161.131  100.000   0.000
161.281  149.000   1.000
161.390  110.000   0.000
161.511  120.000   1.000
161.631  119.000   1.000
161.760  130.000   0.000
161.880  120.000   1.000
162.010  130.000   1.000
162.150  139.000   1.000
162.280  129.000   1.000
162.380   99.000   0.000
162.510  130.000   1.000
162.631  120.000   1.000
162.761  130.000   1.000
162.881  120.000   1.000
163.001  119.000   0.000
163.151  150.000   1.000
163.252   99.000   1.000
163.381  129.000   1.000
163.501  120.000   0.000
163.641  139.000   0.000
163.750  109.000   0.000
163.880  129.000   0.000
164.000  120.000   0.000
164.131  129.000   0.000
164.270  139.000   0.000
164.380  109.000   0.000
164.500  120.000   0.000
164.630  129.000   0.000
164.770  139.000   0.000
164.881  110.000   1.000
165.011  130.000   1.000
165.131  119.000   1.000
165.251  120.000   1.000
165.381  129.000   1.000
165.511  129.000   1.000
165.631  119.000   1.000
165.760  129.000   1.000
165.881  120.000   1.000
166.011  130.000   1.000
166.131  119.000   1.000
166.270  139.000   1.000
166.380  109.000   1.000
166.510  130.000   1.000
166.630  119.000   1.000
166.760  129.000   1.000
166.881  120.000   1.000
167.002  120.000   1.000
167.152  150.000   1.000
167.251   99.000   1.000
167.381  129.000   1.000
167.501  120.000   0.000
167.631  129.000   1.000
167.751  119.000   1.000
167.883  131.000   2.000
168.001  118.000   1.000
168.131  130.000   1.000
168.251  119.000   1.000
168.380  129.000   0.000
168.501  120.000   0.000
168.631  129.000   1.000
168.760  129.000   0.000
168.880  120.000   0.000
169.021  140.000   1.000
169.130  109.000   1.000
169.260  129.000   1.000
169.380  119.000   1.000
169.501  120.000   0.000
169.630  129.000   1.000
169.761  129.000   1.000
169.880  119.000   1.000
170.011  130.000   1.000
170.131  119.000   1.000
170.290  159.000   1.000
170.380   89.000   1.000
170.510  130.000   1.000
170.630  120.000   1.000
170.760  129.000   0.000
170.880  120.000   0.000
171.001  121.000   1.000
171.171  169.000   0.000
171.251   80.000   1.000
171.391  140.000   0.000
171.501  109.000   0.000
171.630  129.000   0.000
171.750  119.000   0.000
171.881  130.000   1.000
172.011  130.000   1.000
172.141  129.000   1.000
172.251  109.000   1.000
172.380  129.000   0.000
172.501  120.000   1.000
172.630  129.000   0.000
172.761  129.000   1.000
172.880  120.000   0.000
173.011  130.000   0.000
173.130  119.000   1.000
173.261  130.000   1.000
173.380  119.000   1.000
173.540  160.000   0.000
173.630   89.000   0.000
173.761  130.000   1.000
173.880  119.000   1.000
174.011  130.000   1.000
174.150  139.000   1.000
174.260  109.000   1.000
174.381  119.000   1.000
174.510  129.000   1.000
174.630  120.000   1.000
174.760  129.000   1.000
174.880  119.000   1.000
175.001  121.000   0.000
175.132  129.000   1.000
175.252  120.000   1.000
175.381  129.000   1.000
175.511  130.000   1.000
175.631  119.000   1.000
175.751  119.000   1.000
175.881  130.000   1.000
176.001  119.000   1.000
176.131  130.000   1.000
176.251  119.000   1.000
176.381  130.000   1.000
176.501  119.000   0.000
176.630  129.000   0.000
176.751  120.000   0.000
176.881  129.000   1.000
177.011  130.000   1.000
177.150  139.000   0.000
177.260  110.000   0.000
177.380  119.000   0.000
177.510  130.000   0.000
177.650  140.000   0.000
177.760  109.000   0.000
177.880  120.000   0.000
178.010  129.000   1.000
178.130  119.000   1.000
178.260  129.000   0.000
178.380  119.000   0.000
178.510  130.000   1.000
178.630  119.000   0.000
178.760  130.000   1.000
178.881  120.000   0.000
179.021  140.000   0.000
179.131  109.000   1.000
179.251  120.000   1.000
179.381  130.000   1.000
179.511  129.000   0.000
179.631  119.000   0.000
179.761  130.000   0.000
179.881  119.000   0.000
180.001  120.000   1.000
180.141  139.000   1.000
180.251  109.000   1.000
180.380  130.000   0.000
180.500  119.000   0.000
180.631  129.000   1.000
180.760  129.000   0.000
180.881  120.000   1.000
181.001  120.000   1.000
181.131  129.000   1.000
181.262  130.000   2.000
181.381  119.000   1.000
181.533  152.000   1.000
181.631   97.000   1.000
181.760  129.000   0.000
181.880  119.000   0.000
182.011  130.000   1.000
182.130  119.000   1.000
182.260  130.000   1.000
182.380  119.000   0.000
182.510  129.000   1.000
182.630  119.000   1.000
182.760  129.000   1.000
182.880  120.000   1.000
183.001  120.000   1.000
183.131  129.000   1.000
183.251  120.000   1.000
183.381  129.000   1.000
183.511  130.000   1.000
183.631  119.000   1.000
183.761  129.000   1.000
183.881  120.000   1.000
184.001  119.000   1.000
184.131  130.000   1.000
184.251  119.000   1.000
184.412  161.000   1.000
184.501   88.000   1.000
184.631  130.000   1.000
184.760  129.000   0.000
184.912  151.000   1.000
185.011   98.000   1.000
185.131  119.000   1.000
185.251  120.000   1.000
185.380  129.000   1.000
185.510  130.000   1.000
185.630  119.000   0.000
185.760  130.000   0.000
185.880  119.000   1.000
186.011  130.000   1.000
186.130  119.000   1.000
186.260  130.000   1.000
186.380  120.000   1.000
186.510  130.000   1.000
186.630  119.000   1.000
186.771  140.000   1.000
186.890  119.000   1.000
187.021  130.000   1.000
187.131  110.000   0.000
187.262  130.000   1.000
187.381  118.000   1.000
187.501  120.000   1.000
187.631  129.000   1.000
187.751  120.000   1.000
187.881  129.000   1.000
188.002  120.000   1.000
188.141  139.000   1.000
188.251  110.000   1.000
188.381  129.000   1.000
188.501  120.000   1.000
188.631  129.000   1.000
188.751  120.000   1.000
188.911  160.000   1.000
189.000   89.000   0.000
189.131  129.000   1.000
189.261  129.000   1.000
189.381  119.000   1.000
189.510  130.000   1.000
189.630  119.000   1.000
189.760  130.000   1.000
189.890  129.000   1.000
190.011  120.000   1.000
190.140  129.000   1.000
190.270  130.000   1.000
190.380  109.000   1.000
190.521  140.000   1.000
190.630  109.000   0.000
190.770  140.000   1.000
190.881  110.000   1.000
191.001  120.000   1.000
191.131  130.000   0.000
191.281  150.000   1.000
191.381   99.000   1.000
191.501  120.000   0.000
191.631  130.000   1.000
191.751  119.000   1.000
191.891  139.000   1.000
192.001  109.000   1.000
192.161  159.000   1.000
192.251   90.000   1.000
192.380  129.000   0.000
192.501  120.000   1.000
192.641  139.000   1.000
192.761  120.000   1.000
192.890  129.000   0.000
193.001  110.000   1.000
193.140  139.000   1.000
193.251  110.000   1.000
193.381  129.000   1.000
193.511  130.000   1.000
193.630  119.000   1.000
193.760  129.000   1.000
193.890  129.000   1.000
194.032  141.000   1.000
194.130   98.000   0.000
194.270  139.000   0.000
194.380  110.000   0.000
194.510  129.000   0.000
194.630  119.000   1.000
194.760  129.000   0.000
194.901  140.000   1.000
195.001  100.000   1.000
195.131  129.000   0.000
195.251  119.000   1.000
195.391  139.000   1.000
195.501  110.000   1.000
195.631  129.000   1.000
195.751  119.000   1.000
195.881  129.000   1.000
196.002  120.000   1.000
196.131  129.000   1.000
196.252  120.000   2.000
196.381  129.000   1.000
196.511  130.000   1.000
196.631  119.000   1.000
196.770  139.000   0.000
196.900  130.000   0.000
197.011  110.000   1.000
197.130  119.000   0.000
197.271  139.000   1.000
197.381  109.000   1.000
197.510  130.000   0.000
197.630  119.000   1.000
197.770  140.000   0.000
197.880  109.000   0.000
198.011  130.000   1.000
198.130  119.000   1.000
198.271  140.000   1.000
198.380  109.000   1.000
198.510  130.000   1.000
198.630  119.000   1.000
198.760  130.000   1.000
198.900  140.000   1.000
199.001  100.000   1.000
199.131  129.000   1.000
199.261  129.000   1.000
199.381  120.000   1.000
199.511  130.000   1.000
199.631  119.000   1.000
199.761  130.000   1.000
199.881  119.000   1.000
200.002  120.000   1.000
200.131  129.000   1.000
200.251  120.000   1.000
200.381  129.000   1.000
200.501  120.000   1.000
200.631  129.000   1.000
200.771  140.000   1.000
200.880  109.000   0.000
201.010  130.000   0.000
201.181  169.000   1.000
201.250   70.000   0.000
201.380  129.000   1.000
201.511  130.000   1.000
201.630  119.000   1.000
201.770  139.000   0.000
201.901  130.000   1.000
202.011  110.000   1.000
202.130  119.000   1.000
202.252  120.000   1.000
202.381  129.000   1.000
202.511  130.000   1.000
202.640  130.000   1.000
202.760  119.000   1.000
202.880  119.000   1.000
203.001  121.000   1.000
203.131  129.000   1.000
203.251  120.000   1.000
203.381  129.000   1.000
203.501  119.000   1.000
203.631  130.000   1.000
203.761  129.000   1.000
203.881  119.000   1.000
204.001  120.000   1.000
204.131  130.000   1.000
204.251  119.000   1.000
204.381  130.000   1.000
204.511  129.000   1.000
204.631  119.000   1.000
204.751  120.000   1.000
204.891  139.000   1.000
205.001  110.000   1.000
205.130  129.000   0.000
205.261  129.000   1.000
205.381  120.000   1.000
205.511  129.000   1.000
205.630  119.000   1.000
205.761  130.000   1.000
205.880  120.000   1.000
206.011  130.000   1.000
206.131  119.000   1.000
206.260  129.000   1.000
206.381  120.000   1.000
206.510  129.000   1.000
206.641  130.000   1.000
206.760  119.000   1.000
206.881  119.000   1.000
207.001  121.000   1.000
207.131  129.000   1.000
207.251  120.000   0.000
207.381  130.000   1.000
207.501  119.000   0.000
207.631  129.000   1.000
207.751  119.000   0.000
207.882  130.000   1.000
208.002  119.000   1.000
208.131  129.000   1.000
208.251  119.000   1.000
208.381  129.000   1.000
208.500  120.000   0.000
208.631  129.000   1.000
208.771  140.000   1.000
208.881  109.000   1.000
209.000  120.000   0.000
209.130  129.000   0.000
209.261  129.000   1.000
209.381  119.000   1.000
209.510  130.000   0.000
209.631  120.000   1.000
209.770  139.000   0.000
209.880  109.000   1.000
210.011  130.000   1.000
210.131  119.000   1.000
210.260  130.000   1.000
210.380  119.000   1.000
210.520  140.000   1.000
210.630  109.000   1.000
210.761  130.000   1.000
210.881  120.000   1.000
211.001  120.000   1.000
211.131  129.000   1.000
211.282  150.000   1.000
211.382   99.000   1.000
211.501  119.000   0.000
211.641  139.000   1.000
211.750  109.000   0.000
211.881  129.000   1.000
212.001  120.000   1.000
212.131  129.000   1.000
212.251  120.000   1.000
212.381  129.000   0.000
212.501  120.000   1.000
212.631  129.000   1.000
212.760  129.000   1.000
212.881  119.000   1.000
213.000  120.000   0.000
213.131  129.000   1.000
213.260  129.000   1.000
213.380  119.000   1.000
213.510  130.000   1.000
213.631  119.000   1.000
213.760  129.000   0.000
213.881  120.000   1.000
214.011  129.000   1.000
214.131  119.000   1.000
214.270  140.000   0.000
214.380  109.000   1.000
214.510  130.000   1.000
214.630  119.000   1.000
214.760  129.000   1.000
214.890  130.000   1.000
215.001  110.000   0.000
215.131  129.000   0.000
215.251  120.000   0.000
215.391  139.000   1.000
215.500  110.000   0.000
215.631  130.000   1.000
215.751  119.000   1.000
215.881  130.000   1.000
216.002  120.000   1.000
216.131  129.000   1.000
216.251  120.000   1.000
216.381  129.000   1.000
216.511  130.000   1.000
216.630  119.000   0.000
216.781  150.000   1.000
216.881  100.000   1.000
217.011  129.000   1.000
217.130  119.000   0.000
217.251  120.000   0.000
217.391  139.000   1.000
217.510  120.000   1.000
217.631  120.000   1.000
217.780  149.000   1.000
217.880  100.000   1.000
218.011  130.000   1.000
218.140  129.000   1.000
218.271  130.000   1.000
218.390  119.000   1.000
218.511  120.000   1.000
218.641  129.000   1.000
218.770  130.000   1.000
218.880  109.000   1.000
219.011  131.000   1.000
219.131  119.000   1.000
219.251  120.000   1.000
219.381  129.000   1.000
219.501  120.000   1.000
219.631  129.000   1.000
219.751  120.000   1.000
219.881  129.000   1.000
220.001  120.000   1.000
220.162  160.000   1.000
220.282  120.000   1.000
220.380   98.000   0.000
220.501  120.000   1.000
220.631  129.000   1.000
220.760  129.000   0.000
220.890  130.000   0.000
221.030  140.000   0.000
221.130   99.000   1.000
221.251  120.000   1.000
221.391  139.000   1.000
221.520  130.000   1.000
221.630  109.000   0.000
221.760  129.000   1.000
221.880  119.000   0.000
222.010  130.000   1.000
222.160  149.000   1.000
222.260   99.000   1.000
222.380  120.000   0.000
222.510  130.000   1.000
222.630  119.000   1.000
222.760  130.000   1.000
222.880  119.000   1.000
223.001  120.000   0.000
223.131  130.000   1.000
223.251  120.000   1.000
223.381  129.000   0.000
223.502  120.000   1.000
223.631  129.000   1.000
223.751  119.000   1.000
223.881  129.000   1.000
224.001  120.000   1.000
224.141  139.000   1.000
224.251  110.000   1.000
224.381  129.000   1.000
224.501  120.000   1.000
224.631  129.000   1.000
224.751  120.000   1.000
224.880  129.000   1.000
225.001  120.000   0.000
225.130  129.000   1.000
225.251  120.000   1.000
225.381  129.000   1.000
225.521  140.000   1.000
225.630  109.000   1.000
225.760  130.000   1.000
225.880  119.000   1.000
226.011  130.000   1.000
226.160  149.000   1.000
226.260   99.000   1.000
226.380  120.000   1.000
226.510  130.000   0.000
226.630  119.000   1.000
226.760  129.000   1.000
226.881  121.000   1.000
227.001  119.000   1.000
227.131  129.000   0.000
227.251  120.000   0.000
227.382  129.000   1.000
227.501  119.000   1.000
227.641  139.000   0.000
227.751  109.000   0.000
227.881  129.000   1.000
228.001  120.000   0.000
228.131  130.000   1.000
228.251  120.000   1.000
228.380  129.000   0.000
228.501  120.000   1.000
228.641  139.000   1.000
228.751  110.000   1.000
228.880  129.000   0.000
229.000  120.000   0.000
229.141  139.000   1.000
229.250  110.000   0.000
229.380  129.000   0.000
229.510  130.000   0.000
229.640  129.000   0.000
229.770  129.000   0.000
229.880  109.000   0.000
230.010  130.000   0.000
230.130  119.000   1.000
230.270  139.000   0.000
230.400  129.000   0.000
230.520  120.000   0.000
230.630  109.000   0.000
230.760  130.000   1.000
230.881  120.000   0.000
231.001  120.000   1.000
231.131  129.000   1.000
231.252  120.000   1.000
231.382  129.000   1.000
231.501  119.000   1.000
231.641  139.000   1.000
231.751  110.000   1.000
231.902  150.000   1.000
232.001   99.000   0.000
232.130  129.000   0.000
232.251  120.000   1.000
232.381  129.000   1.000
232.501  120.000   0.000
232.631  129.000   1.000
232.752  120.000   1.000
232.882  130.000   1.000
233.011  129.000   1.000
233.130  120.000   0.000
233.251  120.000   1.000
233.381  129.000   1.000
233.501  120.000   0.000
233.640  139.000   1.000
233.760  119.000   0.000
233.880  119.000   1.000
234.010  130.000   1.000
234.140  129.000   0.000
234.260  119.000   0.000
234.380  120.000   0.000
234.510  130.000   0.000
234.640  129.000   0.000
234.760  120.000   1.000
234.881  120.000   1.000
235.002  120.000   0.000
235.131  129.000   1.000
235.252  120.000   1.000
235.381  129.000   1.000
235.501  119.000   0.000
235.631  129.000   1.000
235.751  119.000   1.000
235.881  130.000   0.000
236.001  119.000   1.000
236.131  129.000   1.000
236.251  120.000   1.000
236.391  139.000   1.000
236.501  110.000   1.000
236.631  129.000   1.000
236.751  120.000   1.000
236.880  129.000   0.000
237.031  150.000   1.000
237.151  120.000   1.000
237.251   99.000   1.000
237.381  129.000   1.000
237.510  129.000   1.000
237.631  119.000   1.000
237.760  129.000   1.000
237.880  119.000   1.000
238.010  130.000   1.000
238.130  119.000   1.000
238.260  129.000   1.000
238.380  119.000   1.000
238.511  130.000   1.000
238.631  119.000   1.000
238.760  129.000   1.000
238.880  119.000   1.000
239.001  121.000   1.000
239.141  139.000   1.000
239.251  110.000   0.000
239.381  129.000   1.000
239.501  119.000   1.000
239.641  139.000   0.000
239.751  110.000   1.000
239.881  129.000   1.000
240.011  130.000   1.000
240.131  119.000   1.000
240.251  120.000   1.000
240.381  129.000   1.000
240.511  130.000   0.000
240.631  119.000   1.000
240.761  129.000   1.000
240.881  120.000   1.000
241.011  129.000   1.000
241.130  119.000   0.000
241.251  120.000   0.000
241.381  129.000   1.000
241.510  129.000   1.000
241.631  119.000   1.000
241.760  129.000   1.000
241.881  120.000   1.000
242.011  129.000   1.000
242.130  119.000   1.000
242.260  129.000   1.000
242.380  120.000   1.000
242.511  130.000   1.000
242.630  119.000   0.000
242.760  129.000   1.000
242.892  131.000   1.000
243.001  109.000   1.000
243.131  129.000   1.000
243.251  120.000   0.000
243.381  129.000   1.000
243.501  120.000   1.000
243.631  129.000   1.000
243.751  119.000   1.000
243.891  140.000   1.000
244.001  109.000   1.000
244.132  130.000   1.000
244.251  119.000   1.000
244.391  139.000   1.000
244.501  110.000   1.000
244.631  129.000   1.000
244.761  129.000   1.000
244.881  120.000   1.000
245.001  120.000   0.000
245.141  139.000   1.000
245.261  119.000   1.000
245.380  119.000   1.000
245.501  120.000   1.000
245.630  129.000   1.000
245.761  130.000   1.000
245.880  119.000   1.000
246.011  130.000   1.000
246.132  120.000   1.000
246.261  129.000   1.000
246.381  120.000   1.000
246.511  129.000   1.000
246.631  119.000   1.000
246.760  129.000   1.000
246.880  119.000   1.000
247.002  121.000   1.000
247.132  129.000   1.000
247.251  120.000   1.000
247.381  129.000   1.000
247.502  120.000   1.000
247.631  129.000   1.000
247.751  119.000   1.000
247.881  129.000   1.000
248.001  120.000   1.000
248.131  129.000   1.000
248.251  119.000   1.000
248.381  129.000   1.000
248.501  120.000   1.000
248.631  129.000   1.000
248.751  120.000   1.000
248.881  129.000   1.000
249.002  120.000   1.000
249.131  129.000   1.000
249.251  120.000   1.000
249.380  129.000   1.000
249.501  120.000   1.000
249.641  139.000   1.000
249.760  119.000   1.000
249.881  120.000   1.000
250.011  130.000   1.000
250.131  120.000   1.000
250.261  129.000   1.000
250.380  120.000   1.000
250.511  129.000   1.000
250.630  119.000   1.000
250.760  129.000   1.000
250.881  120.000   1.000
251.001  121.000   1.000
251.131  129.000   1.000
251.251  120.000   1.000
251.381  129.000   1.000
251.502  120.000   1.000
251.631  129.000   1.000
251.751  119.000   1.000
251.881  130.000   1.000
252.001  120.000   1.000
252.131  129.000   1.000
252.251  120.000   1.000
252.381  129.000   1.000
252.501  120.000   1.000
252.631  130.000   1.000
252.761  129.000   1.000
252.881  120.000   1.000
253.001  120.000   1.000
253.131  129.000   1.000
253.271  140.000   1.000
253.380  109.000   0.000
253.510  130.000   0.000
253.630  119.000   1.000
253.760  130.000   0.000
253.880  119.000   0.000
254.011  130.000   1.000
254.130  119.000   1.000
254.261  129.000   1.000
254.380  119.000   1.000
254.511  130.000   1.000
254.630  119.000   1.000
254.761  130.000   1.000
254.880  120.000   1.000
255.011  130.000   1.000
255.151  139.000   0.000
255.251  100.000   1.000
255.381  129.000   1.000
255.501  119.000   1.000
255.631  129.000   1.000
255.751  120.000   0.000
255.881  129.000   1.000
256.001  120.000   1.000
256.131  129.000   1.000
256.251  119.000   1.000
256.381  129.000   1.000
256.501  120.000   1.000
256.641  139.000   1.000
256.760  119.000   1.000
256.881  120.000   1.000
257.011  130.000   1.000
257.131  119.000   1.000
257.261  130.000   1.000
257.380  119.000   1.000
257.511  130.000   1.000
257.630  119.000   0.000
257.760  129.000   1.000
257.880  120.000   1.000
258.002  120.000   1.000
258.130  129.000   1.000
258.260  129.000   1.000
258.380  119.000   1.000
258.510  130.000   1.000
258.630  119.000   1.000
258.760  130.000   1.000
258.880  119.000   0.000
259.001  121.000   0.000
259.131  129.000   1.000
259.251  120.000   1.000
259.381  129.000   1.000
259.501  120.000   1.000
259.631  129.000   1.000
259.751  120.000   1.000
259.881  129.000   0.000
260.001  120.000   1.000
260.133  131.000   1.000
260.251  118.000   1.000
260.381  129.000   1.000
260.501  120.000   1.000
260.653  151.000   1.000
260.751   98.000   1.000
260.881  129.000   1.000
261.001  120.000   1.000
261.131  129.000   1.000
261.261  129.000   1.000
261.381  120.000   1.000
261.511  129.000   1.000
261.661  150.000   1.000
261.761  100.000   1.000
261.881  120.000   0.000
262.011  129.000   1.000
262.131  119.000   1.000
262.260  129.000   1.000
262.380  119.000   1.000
262.510  130.000   1.000
262.631  119.000   1.000
262.760  129.000   1.000
262.891  131.000   0.000
263.001  110.000   1.000
263.131  129.000   1.000
263.251  119.000   0.000
263.381  129.000   0.000
263.501  120.000   1.000
263.631  129.000   1.000
263.771  139.000   1.000
263.890  119.000   0.000
264.001  110.000   1.000
264.131  129.000   1.000
264.251  119.000   1.000
264.391  139.000   1.000
264.501  110.000   1.000
264.631  129.000   1.000
264.761  129.000   1.000
264.881  119.000   1.000
265.001  120.000   1.000
265.131  129.000   1.000
265.261  129.000   1.000
265.380  119.000   1.000
265.511  130.000   1.000
265.630  119.000   1.000
265.760  130.000   1.000
265.881  120.000   1.000
266.011  129.000   1.000
266.130  120.000   1.000
266.260  129.000   1.000
266.380  119.000   1.000
266.510  130.000   0.000
266.630  119.000   1.000
266.760  129.000   1.000
266.891  130.000   1.000
267.001  110.000   0.000
267.171  170.000   1.000
267.251   80.000   1.000
267.381  129.000   1.000
267.501  120.000   1.000
267.631  129.000   1.000
267.751  120.000   1.000
267.882  130.000   1.000
268.001  119.000   1.000
268.131  130.000   1.000
268.251  119.000   1.000
268.380  129.000   1.000
268.501  120.000   1.000
268.632  130.000   2.000
268.751  119.000   1.000
268.881  130.000   1.000
269.010  129.000   0.000
269.131  119.000   1.000
269.261  130.000   1.000
269.381  119.000   1.000
269.511  130.000   1.000
269.630  119.000   1.000
269.760  130.000   1.000
269.880  119.000   1.000
270.001  120.000   1.000
270.130  129.000   1.000
270.261  129.000   1.000
270.380  119.000   1.000
270.520  140.000   1.000
270.630  109.000   1.000
270.760  129.000   1.000
270.880  120.000   0.000
271.001  121.000   0.000
271.131  130.000   0.000
271.252  120.000   1.000
271.381  129.000   1.000
271.501  120.000   1.000
271.631  129.000   1.000
271.751  119.000   1.000
271.881  129.000   1.000
272.001  119.000   1.000
272.131  130.000   1.000
272.251  120.000   1.000
272.381  129.000   0.000
272.501  120.000   0.000
272.640  139.000   0.000
272.781  140.000   0.000
272.911  130.000   1.000
273.010   99.000   0.000
273.130  119.000   0.000
273.260  130.000   0.000
273.390  129.000   0.000
273.510  120.000   1.000
273.650  139.000   0.000
273.760  109.000   1.000
273.880  119.000   0.000
274.011  130.000   1.000
274.130  120.000   0.000
274.260  129.000   1.000
274.380  119.000   0.000
274.510  130.000   0.000
274.650  139.000   0.000
274.760  109.000   1.000
274.880  119.000   1.000
275.001  120.000   1.000
275.131  129.000   1.000
275.251  120.000   0.000
275.381  130.000   0.000
275.501  120.000   1.000
275.632  129.000   1.000
275.751  120.000   1.000
275.891  140.000   1.000
276.021  130.000   1.000
276.131  109.000   1.000
276.251  120.000   1.000
276.381  130.000   0.000
276.511  129.000   1.000
276.631  120.000   1.000
276.761  129.000   1.000
276.881  119.000   1.000
277.010  130.000   0.000
277.130  119.000   0.000
277.261  130.000   1.000
277.380  119.000   1.000
277.511  129.000   1.000
277.640  130.000   0.000
277.760  119.000   0.000
277.900  140.000   0.000
278.021  120.000   1.000
278.130  110.000   0.000
278.280  149.000   1.000
278.380   99.000   0.000
278.541  160.000   1.000
278.630   89.000   1.000
278.780  149.000   1.000
278.880  100.000   1.000
279.002  121.000   1.000
279.131  129.000   0.000
279.251  119.000   1.000
279.381  129.000   1.000
279.501  120.000   1.000
279.631  129.000   1.000
279.750  119.000   0.000
279.881  129.000   1.000
280.001  120.000   0.000
280.131  129.000   1.000
280.251  120.000   1.000
280.381  130.000   1.000
280.501  119.000   1.000
280.631  129.000   1.000
280.761  129.000   1.000
280.881  120.000   1.000
281.011  130.000   1.000
281.131  120.000   1.000
281.260  129.000   0.000
281.381  120.000   0.000
281.501  120.000   0.000
281.630  129.000   1.000
281.760  130.000   1.000
281.880  119.000   0.000
282.010  130.000   1.000
282.131  120.000   1.000
282.260  129.000   1.000
282.380  119.000   0.000
282.510  130.000   0.000
282.630  119.000   1.000
282.760  130.000   1.000
282.880  119.000   1.000
283.001  121.000   0.000
283.131  129.000   0.000
283.251  120.000   1.000
283.381  129.000   1.000
283.501  119.000   0.000
283.641  140.000   1.000
283.751  110.000   1.000
283.881  129.000   1.000
284.021  140.000   1.000
284.131  110.000   1.000
284.251  119.000   1.000
284.381  129.000   1.000
284.501  120.000   1.000
284.631  130.000   1.000
284.761  129.000   1.000
284.881  120.000   1.000
285.011  130.000   1.000
285.130  119.000   0.000
285.260  129.000   0.000
285.381  120.000   1.000
285.511  129.000   1.000
285.641  129.000   1.000
285.760  119.000   0.000
285.880  120.000   1.000
286.031  150.000   1.000
286.140  110.000   0.000
286.260  119.000   1.000
286.380  119.000   0.000
286.521  140.000   1.000
286.630  109.000   0.000
286.760  130.000   1.000
286.881  120.000   1.000
287.011  130.000   1.000
287.141  129.000   1.000
287.251  109.000   1.000
287.400  149.000   0.000
287.501  100.000   0.000
287.631  129.000   0.000
287.751  120.000   0.000
287.880  129.000   0.000
288.001  120.000   1.000
288.131  130.000   1.000
288.251  119.000   1.000
288.381  129.000   1.000
288.511  129.000   1.000
288.630  119.000   0.000
288.760  130.000   1.000
288.881  120.000   1.000
289.011  129.000   1.000
289.131  120.000   1.000
289.281  149.000   1.000
289.390  109.000   0.000
289.511  120.000   1.000
289.640  129.000   1.000
289.760  119.000   1.000
289.880  119.000   0.000
290.010  130.000   0.000
290.131  120.000   1.000
290.261  129.000   1.000
290.380  119.000   1.000
290.551  170.000   1.000
290.630   79.000   0.000
290.760  129.000   1.000
290.880  119.000   1.000
291.001  121.000   0.000
291.131  130.000   1.000
291.261  129.000   0.000
291.382  120.000   1.000
291.502  119.000   1.000
291.631  129.000   1.000
291.751  119.000   0.000
291.881  130.000   1.000
292.001  119.000   1.000
292.131  130.000   1.000
292.251  119.000   1.000
292.380  129.000   0.000
292.501  120.000   1.000
292.640  139.000   0.000
292.750  110.000   0.000
292.880  129.000   1.000
293.000  120.000   0.000
293.130  130.000   0.000
293.271  139.000   0.000
293.380  109.000   0.000
293.511  130.000   1.000
293.630  119.000   0.000
293.760  129.000   0.000
293.890  129.000   0.000
294.011  120.000   1.000
294.130  119.000   0.000
294.260  129.000   1.000
294.380  119.000   1.000
294.510  130.000   1.000
294.630  119.000   1.000
294.781  150.000   1.000
294.900  119.000   1.000
295.001  100.000   1.000
295.131  130.000   1.000
295.251  119.000   1.000
295.431  179.000   1.000
295.501   69.000   0.000
295.630  130.000   0.000
295.750  119.000   0.000
295.881  130.000   0.000
296.011  129.000   0.000
296.131  120.000   1.000
296.251  119.000   1.000
296.410  159.000   0.000
296.500   90.000   0.000
296.640  139.000   0.000
296.760  119.000   0.000
296.881  119.000   1.000
297.010  130.000   0.000
297.131  120.000   1.000
297.271  139.000   1.000
297.381  110.000   0.000
297.511  129.000   1.000
297.630  119.000   1.000
297.760  129.000   0.000
297.890  130.000   0.000
298.010  119.000   0.000
298.140  130.000   0.000
298.290  149.000   1.000
298.380   89.000   0.000
298.560  180.000   0.000
298.630   69.000   0.000
298.760  129.000   1.000
298.911  150.000   1.000
299.001   90.000   1.000
299.131  130.000   1.000
299.251  119.000   0.000
299.411  159.000   1.000
299.501   90.000   1.000
299.631  129.000   1.000
299.751  120.000   0.000
299.880  129.000   0.000
300.001  120.000   1.000
300.141  140.000   1.000
300.251  109.000   1.000
300.381  129.000   1.000
300.511  130.000   1.000
300.631  119.000   1.000
300.761  129.000   1.000
300.880  119.000   0.000
301.001  120.000   1.000
301.131  130.000   1.000
301.260  129.000   1.000
301.380  120.000   0.000
301.501  120.000   1.000
301.630  129.000   1.000
301.760  130.000   1.000
301.881  120.000   1.000
302.011  130.000   1.000
302.131  120.000   1.000
302.271  139.000   1.000
302.380  109.000   1.000
302.510  130.000   1.000
302.630  119.000   1.000
302.760  129.000   1.000
302.881  121.000   1.000
303.002  120.000   1.000
303.131  129.000   1.000
303.251  119.000   1.000
303.391  139.000   1.000
303.501  110.000   1.000
303.631  129.000   1.000
303.751  120.000   1.000
303.881  130.000   1.000
304.001  119.000   1.000
304.132  130.000   1.000
