  4.183 4182.000   0.000
  4.271   88.000   0.000
  5.007  733.000   3.000
  6.007  999.000   3.000
  7.007  999.000   4.000
  8.019 1010.000   4.000
  9.019  999.000   5.000
 10.019  999.000   5.000
 11.019  998.000   6.000
 12.021 1001.000   7.000
 13.022  999.000   7.000
 14.022  999.000   8.000
 15.021  998.000   8.000
 16.022 1001.000   8.000
 17.022  999.000   8.000
 18.022  999.000   8.000
 19.021  998.000   8.000
 20.022 1001.000   8.000
 21.022  999.000   8.000
 22.022  999.000   8.000
 23.021  998.000   8.000
 24.022 1001.000   8.000
 25.023  999.000   9.000
 26.022  999.000   8.000
 27.020  998.000   8.000
 28.022 1001.000   8.000
 29.022  999.000   8.000
 30.022  999.000   8.000
 31.021  998.000   8.000
 32.022 1001.000   8.000
 33.022  999.000   8.000
 34.022  999.000   8.000
 35.021  998.000   8.000
 36.012  991.000   8.000
 37.012  999.000   8.000
 38.012  999.000   8.000
 39.011  999.000   8.000
 40.012 1000.000   8.000
 41.012  999.000   8.000
 42.012  999.000   8.000
 43.012  999.000   8.000
 44.013 1000.000   8.000
 45.012  999.000   8.000
 46.012  999.000   8.000
 47.012  999.000   8.000
 48.012 1000.000   8.000
 49.012  999.000   8.000
 50.012  999.000   8.000
 51.011  999.000   8.000
 52.013 1000.000   8.000
 53.012  999.000   8.000
 54.012  999.000   8.000
 55.012  999.000   8.000
 56.013 1000.000   8.000
 57.012  999.000   8.000
 58.012  999.000   8.000
 59.012  999.000   8.000
 60.012 1000.000   8.000
 61.012  999.000   8.000
 62.012  999.000   8.000
 63.013  999.000   9.000
 64.013 1000.000   8.000
 65.012  999.000   8.000
 66.012  999.000   8.000
 67.012  999.000   8.000
 68.013 1000.000   9.000
 69.012  999.000   8.000
 70.012  999.000   8.000
 71.012  999.000   8.000
 72.013 1000.000   8.000
 73.012  999.000   8.000
 74.012  999.000   8.000
 75.012  999.000   8.000
 76.013 1000.000   8.000
 77.012  999.000   8.000
 78.013  999.000   8.000
 79.011  999.000   7.000
 80.013 1000.000   8.000
 81.012  999.000   8.000
 82.012  999.000   8.000
 83.012  999.000   8.000
 84.013 1000.000   8.000
 85.013  999.000   9.000
 86.012  999.000   8.000
 87.012  999.000   9.000
 88.013 1000.000   8.000
 89.013  999.000   8.000
 90.013  999.000   8.000
 91.011  999.000   7.000
 92.012 1000.000   8.000
 93.012  999.000   8.000
 94.012  999.000   8.000
 95.012  999.000   8.000
 96.013 1000.000   8.000
 97.013  999.000   9.000
 98.012  999.000   8.000
 99.012  999.000   9.000
100.012 1000.000   8.000
101.012  999.000   8.000
102.012  999.000   8.000
103.012  999.000   8.000
104.013 1000.000   8.000
105.012  999.000   8.000
106.012  999.000   8.000
107.012  999.000   8.000
108.012 1000.000   8.000
109.013  999.000   8.000
110.012  999.000   8.000
111.011  999.000   7.000
112.012 1000.000   8.000
113.012  999.000   8.000
114.012  999.000   8.000
115.012  999.000   8.000
116.013 1000.000   8.000
117.013  999.000   9.000
118.012  999.000   8.000
119.013  999.000   9.000
120.013 1000.000   8.000
121.012  999.000   8.000
122.012  999.000   8.000
123.012  999.000   8.000
124.013 1000.000   9.000
125.012  999.000   8.000
126.012  999.000   8.000
127.012  999.000   8.000
128.013 1000.000   8.000
129.012  999.000   8.000
130.012  999.000   8.000
131.012  999.000   9.000
132.012 1000.000   8.000
133.012  999.000   8.000
134.013  999.000   9.000
135.011  999.000   8.000
136.013 1000.000   9.000
137.012  999.000   8.000
138.012  999.000   8.000
139.011  999.000   8.000
140.012 1000.000   8.000
141.012  999.000   8.000
142.012  999.000   8.000
143.012  999.000   8.000
144.012 1000.000   8.000
145.012  999.000   8.000
146.012  999.000   8.000
147.012  999.000   8.000
148.013 1000.000   8.000
149.013  999.000   8.000
150.012  999.000   8.000
151.011  999.000   8.000
152.012 1000.000   8.000
153.013  999.000   8.000
154.012  999.000   8.000
155.012 1000.000   8.000
156.013  999.000   9.000
157.012  999.000   8.000
158.012  999.000   8.000
159.013 1000.000   8.000
160.013  999.000   8.000
161.012  999.000   8.000
162.012  999.000   8.000
163.013 1000.000   8.000
164.012  999.000   8.000
165.012  999.000   8.000
166.012  999.000   8.000
167.012 1000.000   8.000
168.012  999.000   8.000
169.012  999.000   8.000
170.012  999.000   8.000
171.013 1000.000   8.000
172.013  999.000   8.000
173.012  999.000   8.000
174.014  999.000  10.000
