  0.500   0.00000      44      44
  1.001   0.32000      50      34
  1.501   0.10204      49      44
  2.001   0.32000      50      34
  2.501   0.10204      49      44
  3.001   0.00000      50      50
  3.501   0.01961      51      50
  4.000   0.00000      49      49
  4.501   0.00000      50      50
  5.001   0.20408      49      39
  5.501   0.26531      49      36
  6.001   0.09804      51      46
  6.501   0.10204      49      44
  7.001   0.04000      50      48
  7.500   0.04000      50      48
  8.001   0.22000      50      39
  8.501   0.84000      50       8
  9.004   0.22449      49      38
  9.501   0.47917      48      25
 10.000   0.16000      50      42
 10.501   0.19608      51      41
 11.001   0.14286      49      42
 11.501   0.34000      50      33
 12.000   0.20000      50      40
 12.501   0.50980      51      25
 13.002   0.20000      50      40
 13.501   0.22449      49      38
 14.001   0.20408      49      39
 14.501   0.16327      49      41
 15.001   0.31373      51      35
 15.501   0.68000      50      16
 16.002   0.32653      49      33
 16.502   0.32653      49      33
 17.003   0.35294      51      33
 17.501   0.40000      50      30
 18.003   0.32653      49      33
 18.501   0.69388      49      15
 19.002   0.38000      50      31
 19.501   0.34000      50      33
 20.001   0.34694      49      32
 20.501   0.36000      50      32
 21.004   0.38000      50      31
 21.501   0.75510      49      12
 22.001   0.40816      49      29
 22.502   0.44000      50      28
 23.001   0.40000      50      30
 23.502   0.42857      49      28
 24.000   0.38000      50      31
 24.502   0.78000      50      11
 25.001   0.38776      49      30
 25.500   0.46939      49      26
 26.003   0.52941      51      24
 26.500   0.53061      49      23
 27.001   0.38000      50      31
 27.501   0.85714      49       7
 28.001   0.38000      50      31
 28.502   0.46000      50      27
 29.003   0.44000      50      28
 29.500   0.43750      48      27
 30.001   0.35294      51      33
 30.504   0.83673      49       8
 31.001   0.42000      50      29
 31.501   0.38776      49      30
 32.001   0.48000      50      26
 32.503   0.53061      49      23
 33.000   0.50000      50      25
 33.501   0.97959      49       1
 34.002   0.54000      50      23
 34.506   0.58000      50      21
 35.001   0.52083      48      23
 35.501   0.54000      50      23
 36.004   0.50000      50      25
 36.500   0.92000      50       4
 37.001   0.56000      50      22
 37.501   0.48980      49      25
 38.001   0.44000      50      28
 38.501   0.48000      50      26
 39.001   0.37500      48      30
 39.500   0.84000      50       8
 40.005   0.42000      50      29
 40.500   0.42000      50      29
 41.001   0.30612      49      34
 41.502   0.40000      50      30
 42.001   0.34694      49      32
 42.503   0.76000      50      12
 43.002   0.50000      50      25
 43.501   0.38000      50      31
 44.002   0.34694      49      32
 44.501   0.36000      50      32
 45.001   0.30612      49      34
 45.503   0.84000      50       8
 46.001   0.40000      50      30
 46.501   0.34694      49      32
 47.001   0.36000      50      32
 47.501   0.38000      50      31
 48.001   0.38776      49      30
 48.502   0.86000      50       7
 49.001   0.36000      50      32
 49.503   0.44898      49      27
 50.001   0.41176      51      30
 50.501   0.42857      49      28
 51.004   0.41176      51      30
 51.500   0.85714      49       7
 52.002   0.46000      50      27
 52.500   0.42000      50      29
 53.002   0.40816      49      29
 53.500   0.38776      49      30
 54.002   0.50000      50      25
 54.502   0.83673      49       8
 55.002   0.42000      50      29
 55.500   0.44000      50      28
 56.002   0.44000      50      28
 56.501   0.38776      49      30
 57.004   0.44000      50      28
 57.502   0.84000      50       8
 58.002   0.42000      50      29
 58.501   0.44898      49      27
 59.001   0.41176      51      30
 59.501   0.42857      49      28
 60.001   0.38776      49      30
 60.501   0.82353      51       9
 61.005   0.34000      50      33
 61.502   0.44000      50      28
 62.003   0.40816      49      29
 62.501   0.44000      50      28
 63.001   0.40816      49      29
 63.501   0.87755      49       6
 64.001   0.38000      50      31
 64.503   0.46000      50      27
 65.001   0.48980      49      25
 65.501   0.44000      50      28
 66.007   0.46939      49      26
 66.501   0.88000      50       6
 67.006   0.46000      50      27
 67.501   0.44898      49      27
 68.001   0.42000      50      29
 68.500   0.42857      49      28
 69.006   0.42000      50      29
 69.501   0.84000      50       8
 70.001   0.40000      50      30
 70.501   0.44898      49      27
 71.001   0.45098      51      28
 71.501   0.53061      49      23
 72.006   0.50000      50      25
 72.504   0.80000      50      10
 73.000   0.42857      49      28
 73.504   0.40816      49      29
 74.003   0.38776      49      30
 74.501   0.48980      49      25
 75.001   0.36000      50      32
 75.501   0.83673      49       8
 76.001   0.36735      49      31
 76.502   0.39216      51      31
 77.003   0.36000      50      32
 77.504   0.42000      50      29
 78.000   0.38776      49      30
 78.501   0.72000      50      14
 79.001   0.34694      49      32
 79.501   0.42000      50      29
 80.004   0.38776      49      30
 80.503   0.40816      49      29
 81.000   0.38000      50      31
 81.504   0.74510      51      13
 82.002   0.40000      50      30
 82.501   0.38776      49      30
 83.001   0.42000      50      29
 83.501   0.44898      49      27
 84.004   0.42000      50      29
 84.500   0.87755      49       6
 85.001   0.41176      51      30
 85.503   0.42857      49      28
 86.000   0.32653      49      33
 86.501   0.42000      50      29
 87.001   0.40000      50      30
 87.503   0.81633      49       9
 88.000   0.42000      50      29
 88.502   0.59184      49      20
 89.001   0.34694      49      32
 89.501   0.35294      51      33
 90.001   0.36735      49      31
 90.501   0.78000      50      11
 91.001   0.36735      49      31
 91.501   0.39216      51      31
 92.003   0.40816      49      29
 92.502   0.44000      50      28
 93.002   0.32000      50      34
 93.500   0.81633      49       9
 94.001   0.37500      48      30
 94.501   0.37255      51      32
 95.001   0.30612      49      34
 95.500   0.37255      51      32
 96.005   0.36735      49      31
 96.500   0.75510      49      12
 97.002   0.40000      50      30
 97.504   0.42000      50      29
 98.000   0.38776      49      30
 98.501   0.34000      50      33
 99.001   0.36735      49      31
 99.504   0.90196      51       5
100.002   0.36735      49      31
100.503   0.39583      48      29
101.001   0.32000      50      34
101.500   0.39216      51      31
102.005   0.40000      50      30
102.501   0.79592      49      10
103.001   0.36735      49      31
103.501   0.40000      50      30
104.001   0.39216      51      31
104.500   0.40816      49      29
105.001   0.38776      49      30
105.501   0.86000      50       7
106.001   0.42857      49      28
106.501   0.40000      50      30
107.001   0.28000      50      36
107.501   0.48000      50      26
108.000   0.36735      49      31
108.503   0.76000      50      12
109.002   0.36000      50      32
109.503   0.34694      49      32
110.002   0.36000      50      32
110.502   0.40816      49      29
111.001   0.38776      49      30
111.501   0.78000      50      11
112.001   0.38776      49      30
112.500   0.36735      49      31
113.006   0.39216      51      31
113.502   0.42000      50      29
114.002   0.35417      48      31
114.501   0.82000      50       9
115.001   0.30000      50      35
115.505   0.47059      51      27
116.003   0.44898      49      27
116.500   0.38776      49      30
117.003   0.42857      49      28
117.503   0.82000      50       9
118.000   0.40816      49      29
118.506   0.48000      50      26
119.001   0.42000      50      29
119.500   0.55102      49      22
120.006   0.54902      51      23
120.502   0.81633      49       9
121.002   0.42857      49      28
121.502   0.35294      51      33
122.001   0.33333      48      32
122.501   0.36000      50      32
123.001   0.40000      50      30
123.501   0.88000      50       6
124.001   0.40816      49      29
124.500   0.42857      49      28
125.001   0.38000      50      31
125.503   0.41176      51      30
126.000   0.38000      50      31
126.501   0.85714      49       7
127.001   0.40816      49      29
127.501   0.40000      50      30
128.000   0.38776      49      30
128.504   0.36000      50      32
129.006   0.44000      50      28
129.501   0.81633      49       9
130.005   0.26531      49      36
130.501   0.50000      50      25
131.001   0.42857      49      28
131.502   0.39216      51      31
132.003   0.44898      49      27
132.500   0.85714      49       7
133.003   0.36000      50      32
133.501   0.33333      51      34
134.001   0.45833      48      26
134.501   0.45098      51      28
