  8.012 8002.000  10.000
 12.013 3999.000  11.000
 16.014 4000.000  12.000
 20.014 3999.000  12.000
 24.014 3999.000  11.000
 28.014 4000.000  12.000
 32.013 3999.000  10.000
 36.023 4009.000  11.000
 40.023 4000.000  11.000
 44.024 3999.000  11.000
 48.024 3999.000  11.000
 52.024 3999.000  11.000
 56.024 3999.000  11.000
 60.024 4000.000  11.000
 64.024 3999.000  11.000
 68.024 4000.000  12.000
 72.024 4000.000  11.000
 76.024 4000.000  12.000
 80.024 3999.000  12.000
 84.024 4000.000  12.000
 88.025 3999.000  12.000
 92.023 3999.000  11.000
 96.024 3999.000  12.000
100.024 4000.000  12.000
104.024 3999.000  12.000
108.024 3999.000  12.000
112.024 4000.000  11.000
116.024 4000.000  12.000
120.024 3999.000  11.000
124.024 3999.000  12.000
128.024 3999.000  12.000
132.014 3990.000  12.000
136.014 4000.000  12.000
140.014 3999.000  12.000
144.014 3999.000  11.000
148.014 3999.000  11.000
152.014 4000.000  11.000
156.014 3999.000  11.000
160.014 3999.000  11.000
164.014 3999.000  11.000
168.014 4000.000  11.000
172.014 3999.000  11.000
