  0.500   0.00000      43      43
  1.001   0.35294      51      33
  1.501   0.04082      49      47
  2.001   0.01961      51      50
  2.501   0.00000      48      48
  3.001   0.00000      50      50
  3.501   0.00000      50      50
  4.000   0.32000      50      34
  4.501   0.26531      49      36
  5.002   0.07843      51      47
  5.502   0.02000      50      49
  6.002   0.04000      50      48
  6.501   0.02000      50      49
  7.001   0.02000      50      49
  7.500   0.02041      49      48
  8.003   0.02000      50      49
  8.500   0.02041      49      48
  9.003   0.04000      50      48
  9.503   0.03922      51      49
 10.003   0.04000      50      48
 10.502   0.02041      49      48
 11.001   0.03922      51      49
 11.500   0.02041      49      48
 12.002   0.04000      50      48
 12.504   0.04000      50      48
 13.003   0.02000      50      49
 13.503   0.04000      50      48
 14.003   0.05882      51      48
 14.501   0.04000      50      48
 15.001   0.04167      48      46
 15.500   0.04082      49      47
 16.004   0.04000      50      48
 16.500   0.04000      50      48
 17.004   0.04000      50      48
 17.500   0.02041      49      48
 18.002   0.07843      51      47
 18.501   0.04000      50      48
 19.001   0.02083      48      47
 19.500   0.05882      51      48
 20.003   0.04000      50      48
 20.504   0.04000      50      48
 21.000   0.02041      49      48
 21.504   0.05882      51      48
 22.001   0.04000      50      48
 22.501   0.04082      49      47
 23.001   0.04000      50      48
 23.500   0.04000      50      48
 24.002   0.04000      50      48
 24.504   0.04082      49      47
 25.000   0.05882      51      48
 25.504   0.04000      50      48
 26.000   0.02041      49      48
 26.501   0.04082      49      47
 27.001   0.04000      50      48
 27.500   0.04000      50      48
 28.002   0.05882      51      48
 28.504   0.04000      50      48
 29.000   0.04082      49      47
 29.503   0.04000      50      48
 30.001   0.04000      50      48
 30.501   0.02083      48      47
 31.001   0.04000      50      48
 31.500   0.05882      51      48
 32.004   0.04000      50      48
 32.500   0.04000      50      48
 33.004   0.04082      49      47
 33.500   0.04000      50      48
 34.001   0.04000      50      48
 34.501   0.04000      50      48
 35.001   0.06000      50      47
 35.500   0.04000      50      48
 36.001   0.04000      50      48
 36.501   0.04000      50      48
 37.001   0.04000      50      48
 37.501   0.04000      50      48
 38.001   0.06000      50      47
 38.501   0.04000      50      48
 39.001   0.04000      50      48
 39.500   0.04082      49      47
 40.001   0.04000      50      48
 40.501   0.04082      49      47
 41.001   0.04000      50      48
 41.501   0.04000      50      48
 42.001   0.05882      51      48
 42.501   0.04000      50      48
 43.001   0.06000      50      47
 43.500   0.04082      49      47
 44.001   0.04000      50      48
 44.501   0.02041      49      48
 45.001   0.04000      50      48
 45.501   0.04000      50      48
 46.001   0.06000      50      47
 46.501   0.04000      50      48
 47.001   0.04000      50      48
 47.500   0.04000      50      48
 48.001   0.06000      50      47
 48.501   0.04000      50      48
 49.001   0.04000      50      48
 49.501   0.04000      50      48
 50.001   0.04000      50      48
 50.501   0.04082      49      47
 51.001   0.04000      50      48
 51.500   0.04000      50      48
 52.001   0.04000      50      48
 52.501   0.04082      49      47
 53.001   0.04000      50      48
 53.501   0.05882      51      48
 54.001   0.04000      50      48
 54.501   0.04082      49      47
 55.001   0.04000      50      48
 55.500   0.06000      50      47
 56.001   0.04000      50      48
 56.501   0.04000      50      48
 57.001   0.04000      50      48
 57.501   0.02041      49      48
 58.001   0.06000      50      47
 58.501   0.04000      50      48
 59.001   0.05882      51      48
 59.500   0.04000      50      48
 60.001   0.04082      49      47
 60.501   0.04000      50      48
 61.001   0.04000      50      48
 61.501   0.02041      49      48
 62.001   0.05882      51      48
 62.501   0.04000      50      48
 63.001   0.04082      49      47
 63.500   0.04000      50      48
 64.001   0.04082      49      47
 64.501   0.04082      49      47
 65.001   0.04000      50      48
 65.501   0.04000      50      48
 66.001   0.06000      50      47
 66.501   0.04000      50      48
 67.001   0.04000      50      48
 67.500   0.04000      50      48
 68.001   0.04082      49      47
 68.501   0.04000      50      48
 69.001   0.04082      49      47
 69.501   0.05882      51      48
 70.001   0.06000      50      47
 70.501   0.06122      49      46
 71.001   0.05882      51      48
 71.500   0.06000      50      47
 72.001   0.02041      49      48
 72.501   0.04000      50      48
 73.001   0.04082      49      47
 73.501   0.05882      51      48
 74.001   0.04082      49      47
 74.501   0.04000      50      48
 75.001   0.04000      50      48
 75.500   0.06000      50      47
 76.001   0.04000      50      48
 76.501   0.04000      50      48
 77.001   0.04082      49      47
 77.501   0.04000      50      48
 78.001   0.06000      50      47
 78.501   0.05882      51      48
 79.001   0.04082      49      47
 79.500   0.04000      50      48
 80.001   0.04000      50      48
 80.501   0.04082      49      47
 81.001   0.04000      50      48
 81.501   0.04000      50      48
 82.001   0.05882      51      48
 82.501   0.04000      50      48
 83.001   0.04082      49      47
 83.501   0.04000      50      48
 84.001   0.04000      50      48
 84.501   0.04000      50      48
 85.001   0.06000      50      47
 85.501   0.04000      50      48
 86.001   0.04082      49      47
 86.501   0.05882      51      48
 87.001   0.04000      50      48
 87.501   0.04000      50      48
 88.001   0.04082      49      47
 88.501   0.04000      50      48
 89.001   0.04082      49      47
 89.501   0.05882      51      48
 90.001   0.04000      50      48
 90.501   0.04000      50      48
 91.001   0.04082      49      47
 91.501   0.04000      50      48
 92.001   0.04000      50      48
 92.501   0.06000      50      47
 93.001   0.04000      50      48
 93.501   0.04000      50      48
 94.001   0.04000      50      48
 94.501   0.04082      49      47
 95.001   0.05882      51      48
 95.501   0.04082      49      47
 96.001   0.04000      50      48
 96.501   0.05882      51      48
 97.001   0.04082      49      47
 97.501   0.04000      50      48
 98.001   0.04000      50      48
 98.501   0.04000      50      48
 99.001   0.04082      49      47
 99.501   0.04000      50      48
100.001   0.05882      51      48
100.501   0.04082      49      47
101.001   0.04000      50      48
101.501   0.04000      50      48
102.001   0.04082      49      47
102.501   0.05882      51      48
103.001   0.04082      49      47
103.501   0.05882      51      48
104.001   0.04082      49      47
104.501   0.04000      50      48
105.001   0.04082      49      47
105.501   0.04000      50      48
106.001   0.04000      50      48
106.501   0.04000      50      48
107.001   0.04082      49      47
107.501   0.05882      51      48
108.001   0.04082      49      47
108.501   0.04000      50      48
109.001   0.04082      49      47
109.501   0.05882      51      48
110.001   0.04000      50      48
110.501   0.04082      49      47
111.001   0.05882      51      48
111.501   0.04082      49      47
112.001   0.04000      50      48
112.501   0.04082      49      47
113.001   0.04000      50      48
113.501   0.04000      50      48
114.001   0.07843      51      47
114.501   0.04000      50      48
115.001   0.04082      49      47
115.501   0.04000      50      48
116.001   0.06000      50      47
116.501   0.04000      50      48
117.001   0.04000      50      48
117.501   0.04082      49      47
118.001   0.05882      51      48
118.501   0.04000      50      48
119.001   0.06000      50      47
119.501   0.04000      50      48
120.001   0.04082      49      47
120.501   0.05882      51      48
121.001   0.04082      49      47
121.501   0.04000      50      48
122.001   0.04000      50      48
122.501   0.04082      49      47
123.001   0.04000      50      48
123.501   0.05882      51      48
124.001   0.04082      49      47
124.501   0.04082      49      47
125.001   0.05882      51      48
125.501   0.04082      49      47
126.001   0.05882      51      48
126.501   0.04000      50      48
127.001   0.04082      49      47
127.501   0.04000      50      48
128.001   0.04000      50      48
128.501   0.04000      50      48
129.001   0.04082      49      47
129.501   0.04000      50      48
130.001   0.06000      50      47
130.501   0.04000      50      48
131.001   0.05882      51      48
131.501   0.04082      49      47
132.003   0.04000      50      48
132.504   0.04000      50      48
133.000   0.05882      51      48
133.502   0.04082      49      47
134.003   0.04000      50      48
134.501   0.04000      50      48
135.000   0.04000      50      48
135.504   0.04000      50      48
136.000   0.04082      49      47
136.502   0.04000      50      48
137.004   0.04000      50      48
137.500   0.04000      50      48
138.003   0.06000      50      47
138.501   0.04000      50      48
139.000   0.04000      50      48
139.504   0.04000      50      48
140.000   0.04000      50      48
140.504   0.04082      49      47
141.000   0.04082      49      47
141.502   0.04000      50      48
142.003   0.05882      51      48
142.501   0.04000      50      48
143.000   0.04082      49      47
143.504   0.06000      50      47
144.004   0.04082      49      47
144.500   0.05882      51      48
145.002   0.06000      50      47
145.503   0.04000      50      48
146.003   0.04000      50      48
146.501   0.02041      49      48
147.000   0.04000      50      48
147.504   0.04082      49      47
148.000   0.05882      51      48
148.502   0.06000      50      47
149.004   0.04000      50      48
149.500   0.02083      48      47
150.002   0.05882      51      48
150.501   0.02041      49      48
151.000   0.04000      50      48
151.504   0.05882      51      48
152.000   0.04082      49      47
152.504   0.04000      50      48
153.000   0.05882      51      48
153.503   0.04000      50      48
154.002   0.04082      49      47
154.501   0.04000      50      48
155.000   0.04000      50      48
155.502   0.04082      49      47
156.004   0.04000      50      48
156.500   0.04000      50      48
157.002   0.04082      49      47
157.502   0.04000      50      48
158.003   0.05882      51      48
158.501   0.04082      49      47
159.000   0.04000      50      48
159.504   0.05882      51      48
160.000   0.04082      49      47
160.502   0.05882      51      48
161.004   0.02083      48      47
161.500   0.04000      50      48
162.002   0.04000      50      48
162.501   0.04000      50      48
163.000   0.04000      50      48
163.502   0.06000      50      47
164.004   0.05882      51      48
164.500   0.02041      49      48
165.002   0.06000      50      47
165.503   0.04000      50      48
166.003   0.04000      50      48
166.501   0.04000      50      48
167.000   0.02041      49      48
167.504   0.06000      50      47
168.000   0.04000      50      48
168.504   0.05882      51      48
169.000   0.02041      49      48
169.502   0.04082      49      47
170.003   0.05882      51      48
170.501   0.04000      50      48
171.000   0.04000      50      48
171.504   0.04082      49      47
172.000   0.04000      50      48
172.504   0.04000      50      48
173.000   0.05882      51      48
173.503   0.04082      49      47
174.003   0.32000      50      34
