  4.323 4319.000   4.000
  4.573  252.000   1.000
  4.825  251.000   1.000
  4.830    5.000   1.000
  4.832    2.000   1.000
  4.836    3.000   1.000
  4.838    2.000   1.000
  4.839    1.000   1.000
  4.841    1.000   1.000
  4.843    2.000   1.000
  4.845    1.000   0.000
  4.847    1.000   0.000
  4.849    1.000   1.000
  4.851    1.000   1.000
  4.853    1.000   1.000
  4.854    1.000   0.000
  4.856    1.000   0.000
  4.858    1.000   1.000
  4.860    1.000   0.000
  4.862    1.000   1.000
  4.864    1.000   0.000
  4.873    9.000   1.000
  4.881    7.000   1.000
  4.886    4.000   1.000
  4.889    3.000   1.000
  4.891    1.000   0.000
  4.893    2.000   0.000
  4.897    3.000   1.000
  4.899    2.000   0.000
  4.903    2.000   2.000
  4.906    4.000   1.000
  4.908    2.000   0.000
  4.910    1.000   1.000
  4.914    4.000   1.000
  4.916    2.000   0.000
  4.920    3.000   1.000
  4.923    3.000   1.000
  4.925    1.000   0.000
  5.002   76.000   1.000
  5.131  128.000   1.000
  5.261  129.000   1.000
  5.380  119.000   1.000
  5.521  140.000   1.000
  5.630  109.000   1.000
  5.771  140.000   1.000
  5.911  140.000   1.000
  6.021  109.000   1.000
  6.141  119.000   1.000
  6.260  119.000   1.000
  6.390  130.000   1.000
  6.510  119.000   1.000
  6.630  119.000   1.000
  6.751  120.000   1.000
  6.880  128.000   1.000
  7.002  121.000   1.000
  7.131  129.000   1.000
  7.251  120.000   1.000
  7.391  139.000   1.000
  7.501  110.000   1.000
  7.631  129.000   1.000
  7.751  119.000   1.000
  7.881  130.000   1.000
  8.001  119.000   1.000
  8.131  129.000   1.000
  8.251  120.000   1.000
  8.401  149.000   1.000
  8.501   99.000   1.000
  8.631  129.000   1.000
  8.781  149.000   1.000
  8.911  130.000   1.000
  9.021  109.000   1.000
  9.131  109.000   1.000
  9.261  129.000   1.000
  9.381  120.000   1.000
  9.521  140.000   1.000
  9.631  109.000   1.000
  9.771  139.000   1.000
  9.881  109.000   1.000
 10.021  140.000   1.000
 10.131  109.000   1.000
 10.261  129.000   1.000
 10.391  130.000   1.000
 10.511  120.000   1.000
 10.631  119.000   1.000
 10.751  120.000   1.000
 10.892  140.000   1.000
 11.002  109.000   1.000
 11.141  140.000   1.000
 11.251  109.000   1.000
 11.381  129.000   1.000
 11.512  130.000   1.000
 11.641  129.000   1.000
 11.751  110.000   1.000
 11.922  170.000   1.000
 12.021   99.000   1.000
 12.141  119.000   1.000
 12.271  130.000   1.000
 12.381  109.000   1.000
 12.521  140.000   1.000
 12.631  110.000   1.000
 12.761  129.000   1.000
 12.921  160.000   1.000
 13.011   89.000   1.000
 13.151  139.000   2.000
 13.341  190.000   1.000
 13.391   49.000   1.000
 13.551  159.000   1.000
 13.631   79.000   1.000
 13.761  129.000   2.000
 13.881  119.000   2.000
 14.021  140.000   1.000
 14.131  110.000   1.000
 14.271  139.000   1.000
 14.381  109.000   1.000
 14.521  140.000   1.000
 14.651  129.000   2.000
 14.752  100.000   1.000
 14.882  130.000   1.000
 15.003  120.000   2.000
 15.132  129.000   1.000
 15.252  120.000   1.000
 15.392  139.000   1.000
 15.502  110.000   2.000
 15.632  129.000   1.000
 15.751  120.000   1.000
 15.881  129.000   1.000
 16.001  120.000   1.000
 16.132  129.000   1.000
 16.251  119.000   1.000
 16.391  140.000   1.000
 16.511  120.000   1.000
 16.641  129.000   1.000
 16.761  119.000   1.000
 16.881  119.000   1.000
 17.012  130.000   1.000
 17.141  129.000   1.000
 17.261  119.000   1.000
 17.391  129.000   1.000
 17.511  120.000   2.000
 17.631  119.000   2.000
 17.761  129.000   2.000
 17.881  119.000   2.000
 18.021  140.000   1.000
 18.131  109.000   1.000
 18.281  149.000   2.000
 18.391  110.000   1.000
 18.511  119.000   1.000
 18.631  119.000   1.000
 18.752  121.000   1.000
 18.881  128.000   1.000
 19.002  121.000   1.000
 19.142  139.000   2.000
 19.252  109.000   1.000
 19.382  130.000   2.000
 19.502  119.000   2.000
 19.652  150.000   2.000
 19.752   99.000   1.000
 19.882  129.000   2.000
 20.002  120.000   2.000
 20.132  129.000   2.000
 20.252  120.000   2.000
 20.381  129.000   1.000
 20.502  120.000   2.000
 20.631  129.000   1.000
 20.761  130.000   1.000
 20.881  119.000   1.000
 21.011  130.000   1.000
 21.131  119.000   1.000
 21.272  140.000   2.000
 21.381  109.000   1.000
 21.512  130.000   2.000
 21.641  129.000   1.000
 21.761  119.000   1.000
 21.921  160.000   1.000
 22.011   89.000   1.000
 22.151  139.000   1.000
 22.291  139.000   1.000
 22.412  120.000   2.000
 22.510   99.000   1.000
 22.631  119.000   2.000
 22.762  130.000   1.000
 22.881  119.000   1.000
 23.002  121.000   1.000
 23.132  129.000   1.000
 23.252  120.000   1.000
 23.412  159.000   1.000
 23.502   90.000   1.000
 23.642  139.000   1.000
 23.751  109.000   1.000
 23.881  129.000   1.000
 24.002  120.000   1.000
 24.132  129.000   2.000
 24.251  120.000   1.000
 24.382  129.000   1.000
 24.532  150.000   1.000
 24.631   99.000   1.000
 24.761  129.000   1.000
 24.881  120.000   1.000
 25.022  140.000   2.000
 25.131  109.000   1.000
 25.261  129.000   1.000
 25.381  119.000   1.000
 25.522  140.000   2.000
 25.641  119.000   1.000
 25.761  119.000   1.000
 25.881  120.000   1.000
 26.011  129.000   1.000
 26.131  119.000   2.000
 26.261  129.000   2.000
 26.381  120.000   2.000
 26.511  129.000   2.000
 26.631  119.000   2.000
 26.762  130.000   1.000
 26.911  149.000   1.000
 27.002   90.000   1.000
 27.162  160.000   1.000
 27.252   90.000   2.000
 27.392  139.000   2.000
 27.502  110.000   1.000
 27.632  130.000   2.000
 27.752  119.000   1.000
 27.882  130.000   1.000
 28.002  120.000   2.000
 28.132  129.000   2.000
 28.252  120.000   2.000
 28.392  139.000   2.000
 28.513  121.000   2.000
 28.631  118.000   1.000
 28.761  130.000   1.000
 28.881  119.000   1.000
 29.012  130.000   2.000
 29.153  141.000   2.000
 29.252   98.000   2.000
 29.403  150.000   2.000
 29.511  108.000   1.000
 29.632  120.000   2.000
 29.752  120.000   2.000
 29.881  128.000   2.000
 30.012  130.000   2.000
 30.152  140.000   2.000
 30.261  109.000   2.000
 30.381  119.000   2.000
 30.521  140.000   1.000
 30.631  109.000   1.000
 30.771  140.000   2.000
 30.881  109.000   1.000
 31.003  121.000   2.000
 31.142  139.000   1.000
 31.252  109.000   1.000
 31.382  129.000   2.000
 31.502  119.000   2.000
 31.632  129.000   2.000
 31.751  119.000   1.000
 31.882  130.000   1.000
 32.002  119.000   2.000
 32.132  130.000   1.000
 32.252  120.000   2.000
 32.381  129.000   1.000
 32.512  130.000   2.000
 32.632  119.000   2.000
 32.761  130.000   1.000
 32.901  140.000   1.000
 33.011  109.000   1.000
 33.141  129.000   1.000
 33.261  119.000   1.000
 33.381  120.000   2.000
 33.531  149.000   2.000
 33.631   99.000   1.000
 33.772  140.000   2.000
 33.891  119.000   2.000
 34.011  120.000   1.000
 34.131  119.000   2.000
 34.261  129.000   2.000
 34.381  120.000   1.000
 34.511  129.000   2.000
 34.631  119.000   1.000
 34.752  120.000   1.000
 34.901  149.000   1.000
 35.002  101.000   1.000
 35.142  139.000   2.000
 35.252  110.000   1.000
 35.391  139.000   1.000
 35.501  110.000   1.000
 35.631  129.000   1.000
 35.751  120.000   1.000
 35.892  140.000   1.000
 36.001  109.000   1.000
 36.131  130.000   1.000
 36.262  129.000   2.000
 36.381  119.000   1.000
 36.502  120.000   1.000
 36.631  129.000   1.000
 36.761  129.000   2.000
 36.881  119.000   1.000
 37.021  140.000   1.000
 37.131  109.000   1.000
 37.261  129.000   1.000
 37.381  119.000   1.000
 37.521  140.000   1.000
 37.632  109.000   2.000
 37.761  129.000   1.000
 37.891  130.000   1.000
 38.011  120.000   1.000
 38.141  130.000   2.000
 38.271  129.000   2.000
 38.381  109.000   2.000
 38.521  140.000   2.000
 38.631  109.000   1.000
 38.752  120.000   1.000
 38.891  139.000   2.000
 39.002  110.000   2.000
 39.132  130.000   1.000
 39.252  119.000   1.000
 39.382  129.000   1.000
 39.502  120.000   1.000
 39.631  129.000   1.000
 39.752  120.000   1.000
 39.882  129.000   1.000
 40.002  120.000   1.000
 40.132  129.000   2.000
 40.262  129.000   2.000
 40.381  119.000   2.000
 40.502  120.000   2.000
 40.631  129.000   1.000
 40.761  129.000   1.000
 40.881  120.000   1.000
 41.011  130.000   1.000
 41.142  129.000   2.000
 41.261  119.000   1.000
 41.391  130.000   1.000
 41.502  110.000   2.000
 41.631  129.000   2.000
 41.781  149.000   1.000
 41.891  109.000   1.000
 42.011  120.000   1.000
 42.151  139.000   1.000
 42.271  119.000   1.000
 42.381  109.000   1.000
 42.511  130.000   1.000
 42.651  139.000   1.000
 42.761  110.000   1.000
 42.892  130.000   1.000
 43.002  110.000   2.000
 43.132  129.000   1.000
 43.252  119.000   1.000
 43.381  129.000   1.000
 43.502  120.000   1.000
 43.632  130.000   2.000
 43.752  119.000   1.000
 43.882  130.000   2.000
 44.002  119.000   2.000
 44.131  129.000   1.000
 44.252  120.000   2.000
 44.381  129.000   1.000
 44.502  120.000   2.000
 44.631  129.000   2.000
 44.772  140.000   2.000
 44.881  110.000   1.000
 45.002  120.000   2.000
 45.131  129.000   1.000
 45.272  140.000   2.000
 45.381  109.000   1.000
 45.502  120.000   2.000
 45.631  129.000   2.000
 45.762  130.000   2.000
 45.881  119.000   2.000
 46.011  130.000   1.000
 46.131  119.000   1.000
 46.281  149.000   2.000
 46.391  110.000   1.000
 46.511  120.000   1.000
 46.631  119.000   1.000
 46.771  140.000   1.000
 46.881  110.000   1.000
 47.002  120.000   2.000
 47.152  149.000   1.000
 47.252   99.000   1.000
 47.382  129.000   1.000
 47.502  120.000   1.000
 47.632  129.000   2.000
 47.752  119.000   1.000
 47.881  129.000   1.000
 48.002  120.000   1.000
 48.131  129.000   1.000
 48.251  120.000   1.000
 48.381  129.000   1.000
 48.511  130.000   1.000
 48.631  119.000   1.000
 48.761  129.000   2.000
 48.902  140.000   1.000
 49.002   99.000   1.000
 49.131  129.000   1.000
 49.272  139.000   2.000
 49.381  109.000   2.000
 49.511  130.000   2.000
 49.651  139.000   1.000
 49.761  109.000   1.000
 49.881  120.000   1.000
 50.012  130.000   2.000
 50.141  129.000   1.000
 50.261  119.000   2.000
 50.381  120.000   1.000
 50.511  130.000   1.000
 50.630  119.000   1.000
 50.752  121.000   2.000
 50.881  128.000   1.000
 51.001  121.000   1.000
 51.141  139.000   1.000
 51.292  150.000   1.000
 51.381   89.000   1.000
 51.511  130.000   1.000
 51.641  129.000   1.000
 51.751  109.000   1.000
 51.922  170.000   1.000
 52.001   79.000   1.000
 52.142  139.000   2.000
 52.251  109.000   1.000
 52.381  129.000   1.000
 52.501  120.000   1.000
 52.631  129.000   1.000
 52.761  129.000   1.000
 52.881  120.000   1.000
 53.001  120.000   1.000
 53.141  139.000   1.000
 53.262  120.000   1.000
 53.382  119.000   2.000
 53.512  130.000   1.000
 53.631  119.000   1.000
 53.771  139.000   1.000
 53.901  130.000   1.000
 54.011  110.000   1.000
 54.141  129.000   1.000
 54.261  119.000   2.000
 54.391  130.000   2.000
 54.511  119.000   1.000
 54.631  119.000   1.000
 54.752  120.000   1.000
 54.880  129.000   1.000
 55.002  121.000   1.000
 55.172  170.000   1.000
 55.251   79.000   1.000
 55.391  139.000   1.000
 55.501  110.000   1.000
 55.641  139.000   1.000
 55.751  110.000   1.000
 55.892  140.000   1.000
 56.002  109.000   1.000
 56.141  139.000   1.000
 56.252  110.000   1.000
 56.401  150.000   1.000
 56.521  119.000   1.000
 56.651  129.000   1.000
 56.771  119.000   1.000
 56.951  180.000   1.000
 57.012   60.000   1.000
 57.141  129.000   1.000
 57.262  119.000   2.000
 57.381  119.000   1.000
 57.521  140.000   1.000
 57.641  120.000   1.000
 57.771  129.000   1.000
 57.931  160.000   1.000
 58.011   79.000   1.000
 58.151  140.000   1.000
 58.261  109.000   1.000
 58.391  129.000   1.000
 58.531  140.000   1.000
 58.630   99.000   1.000
 58.752  121.000   1.000
 58.881  128.000   1.000
 59.002  121.000   2.000
 59.132  129.000   2.000
 59.251  119.000   1.000
 59.381  129.000   1.000
 59.502  120.000   2.000
 59.631  129.000   1.000
 59.751  119.000   1.000
 59.881  129.000   1.000
 60.001  120.000   1.000
 60.131  129.000   1.000
 60.271  139.000   1.000
 60.391  120.000   1.000
 60.501  110.000   1.000
 60.641  139.000   1.000
 60.781  139.000   1.000
 60.951  170.000   1.000
 61.001   50.000   1.000
 61.132  129.000   2.000
 61.261  129.000   1.000
 61.381  119.000   1.000
 61.531  150.000   1.000
 61.631   99.000   1.000
 61.761  130.000   1.000
 61.881  119.000   1.000
 62.031  149.000   1.000
 62.131  100.000   1.000
 62.291  159.000   1.000
 62.381   89.000   1.000
 62.521  140.000   1.000
 62.641  119.000   1.000
 62.762  120.000   1.000
 62.891  128.000   1.000
 63.002  111.000   1.000
 63.142  139.000   1.000
 63.252  109.000   1.000
 63.402  150.000   1.000
 63.522  120.000   1.000
 63.642  119.000   1.000
 63.772  129.000   1.000
 63.882  110.000   2.000
 64.001  119.000   1.000
 64.132  129.000   2.000
 64.252  120.000   2.000
 64.381  129.000   1.000
 64.502  120.000   2.000
 64.642  139.000   2.000
 64.761  119.000   1.000
 64.881  120.000   1.000
 65.002  120.000   2.000
 65.132  129.000   2.000
 65.262  129.000   2.000
 65.381  119.000   2.000
 65.511  130.000   1.000
 65.631  119.000   2.000
 65.761  129.000   2.000
 65.881  120.000   1.000
 66.011  130.000   2.000
 66.161  149.000   1.000
 66.291  129.000   1.000
 66.381   90.000   1.000
 66.511  130.000   1.000
 66.641  129.000   1.000
 66.762  121.000   1.000
 66.882  119.000   2.000
 67.022  140.000   1.000
 67.142  119.000   2.000
 67.252  109.000   2.000
 67.392  140.000   1.000
 67.502  110.000   1.000
 67.642  139.000   1.000
 67.761  119.000   1.000
 67.882  119.000   2.000
 68.012  130.000   2.000
 68.142  129.000   2.000
 68.252  110.000   2.000
 68.381  129.000   1.000
 68.502  120.000   1.000
 68.631  129.000   1.000
 68.762  130.000   2.000
 68.881  119.000   1.000
 69.021  140.000   1.000
 69.131  109.000   1.000
 69.261  129.000   1.000
 69.391  129.000   1.000
 69.522  130.000   1.000
 69.631  109.000   2.000
 69.761  129.000   1.000
 69.891  130.000   1.000
 70.012  120.000   2.000
 70.131  119.000   1.000
 70.261  129.000   1.000
 70.381  120.000   1.000
 70.511  129.000   1.000
 70.630  119.000   1.000
 70.761  129.000   2.000
 70.882  120.000   1.000
 71.002  119.000   1.000
 71.132  130.000   2.000
 71.251  119.000   1.000
 71.381  129.000   1.000
 71.502  120.000   1.000
 71.632  130.000   2.000
 71.752  119.000   1.000
 71.882  129.000   2.000
 72.002  120.000   1.000
 72.132  129.000   2.000
 72.252  119.000   2.000
 72.382  129.000   1.000
 72.511  129.000   1.000
 72.631  120.000   1.000
 72.771  139.000   1.000
 72.881  109.000   1.000
 73.031  150.000   1.000
 73.131   99.000   1.000
 73.262  130.000   1.000
 73.381  119.000   2.000
 73.521  140.000   2.000
 73.631  109.000   2.000
 73.761  129.000   1.000
 73.881  120.000   1.000
 74.011  130.000   2.000
 74.141  129.000   1.000
 74.261  120.000   2.000
 74.381  119.000   1.000
 74.511  130.000   2.000
 74.641  129.000   1.000
 74.752  111.000   2.000
 74.882  129.000   1.000
 75.032  149.000   2.000
 75.132   99.000   1.000
 75.262  130.000   2.000
 75.381  119.000   1.000
 75.502  119.000   2.000
 75.631  129.000   1.000
 75.752  120.000   1.000
 75.882  129.000   2.000
 76.012  130.000   2.000
 76.131  119.000   1.000
 76.251  119.000   1.000
 76.383  130.000   2.000
 76.502  119.000   2.000
 76.631  129.000   1.000
 76.761  129.000   1.000
 76.881  119.000   2.000
 77.002  120.000   2.000
 77.131  129.000   1.000
 77.262  129.000   2.000
 77.381  119.000   1.000
 77.511  130.000   2.000
 77.631  119.000   2.000
 77.761  129.000   1.000
 77.881  119.000   2.000
 78.011  130.000   2.000
 78.141  129.000   1.000
 78.261  120.000   2.000
 78.381  119.000   1.000
 78.511  130.000   1.000
 78.630  119.000   1.000
 78.792  161.000   1.000
 78.881   88.000   1.000
 79.002  120.000   1.000
 79.132  129.000   1.000
 79.252  120.000   1.000
 79.402  150.000   1.000
 79.511  109.000   1.000
 79.632  119.000   2.000
 79.772  139.000   1.000
 79.881  109.000   1.000
 80.002  120.000   2.000
 80.132  129.000   1.000
 80.251  120.000   1.000
 80.391  139.000   1.000
 80.502  110.000   2.000
 80.641  139.000   1.000
 80.762  119.000   2.000
 80.881  119.000   1.000
 81.002  120.000   2.000
 81.142  139.000   2.000
 81.272  130.000   2.000
 81.381  109.000   2.000
 81.531  149.000   1.000
 81.631   99.000   2.000
 81.771  140.000   2.000
 81.881  109.000   2.000
 82.031  150.000   1.000
 82.171  139.000   1.000
 82.261   89.000   1.000
 82.381  120.000   1.000
 82.521  140.000   2.000
 82.641  119.000   1.000
 82.752  111.000   1.000
 82.881  129.000   1.000
 83.051  170.000   1.000
 83.132   80.000   1.000
 83.261  129.000   1.000
 83.403  140.000   2.000
 83.502   99.000   1.000
 83.642  140.000   2.000
 83.752  109.000   1.000
 83.881  129.000   1.000
 84.002  120.000   2.000
 84.142  139.000   2.000
 84.251  110.000   1.000
 84.402  149.000   2.000
 84.502  100.000   1.000
 84.642  139.000   2.000
 84.761  119.000   1.000
 84.891  130.000   1.000
 85.032  140.000   2.000
 85.141  110.000   1.000
 85.261  119.000   1.000
 85.381  119.000   1.000
 85.511  130.000   1.000
 85.631  119.000   2.000
 85.752  120.000   1.000
 85.881  129.000   1.000
 86.011  130.000   1.000
 86.141  130.000   2.000
 86.261  119.000   2.000
 86.381  119.000   2.000
 86.511  130.000   1.000
 86.631  119.000   2.000
 86.761  130.000   1.000
 86.881  120.000   2.000
 87.002  120.000   2.000
 87.132  130.000   2.000
 87.252  119.000   2.000
 87.382  129.000   2.000
 87.502  120.000   1.000
 87.633  130.000   2.000
 87.752  119.000   2.000
 87.882  130.000   2.000
 88.001  119.000   1.000
 88.131  129.000   1.000
 88.252  120.000   1.000
 88.382  129.000   2.000
 88.501  120.000   1.000
 88.632  129.000   2.000
 88.761  129.000   1.000
 88.881  120.000   1.000
 89.011  129.000   1.000
 89.132  119.000   2.000
 89.262  129.000   2.000
 89.382  120.000   2.000
 89.512  129.000   2.000
 89.631  119.000   2.000
 89.761  129.000   2.000
 89.881  120.000   2.000
 90.012  129.000   2.000
 90.131  119.000   2.000
 90.261  129.000   1.000
 90.382  120.000   2.000
 90.521  140.000   1.000
 90.680  159.000   1.000
 90.781   99.000   1.000
 90.880  100.000   1.000
 91.042  161.000   1.000
 91.172  129.000   1.000
 91.272   99.000   1.000
 91.381  109.000   1.000
 91.502  120.000   1.000
 91.632  129.000   1.000
 91.752  120.000   1.000
 91.882  130.000   2.000
 92.002  119.000   2.000
 92.132  129.000   2.000
 92.272  140.000   1.000
 92.381  109.000   1.000
 92.502  120.000   1.000
 92.631  129.000   1.000
 92.762  129.000   2.000
 92.882  120.000   2.000
 93.012  129.000   2.000
 93.132  119.000   2.000
 93.262  129.000   2.000
 93.381  119.000   1.000
 93.511  130.000   1.000
 93.632  119.000   2.000
 93.762  129.000   2.000
 93.902  140.000   2.000
 94.021  120.000   1.000
 94.131  109.000   1.000
 94.261  129.000   2.000
 94.381  120.000   2.000
 94.511  130.000   2.000
 94.631  119.000   1.000
 94.761  130.000   2.000
 94.891  130.000   2.000
 95.043  151.000   2.000
 95.141   99.000   1.000
 95.251  109.000   1.000
 95.381  130.000   1.000
 95.502  119.000   1.000
 95.642  140.000   1.000
 95.772  129.000   1.000
 95.882  110.000   1.000
 96.012  129.000   1.000
 96.132  119.000   1.000
 96.252  119.000   2.000
 96.382  130.000   2.000
 96.512  129.000   2.000
 96.631  119.000   1.000
 96.761  129.000   1.000
 96.881  120.000   1.000
 97.012  130.000   2.000
 97.131  120.000   1.000
 97.261  129.000   1.000
 97.381  120.000   1.000
 97.521  140.000   1.000
 97.631  109.000   1.000
 97.761  129.000   2.000
 97.882  119.000   2.000
 98.032  150.000   2.000
 98.131   99.000   1.000
 98.261  130.000   2.000
 98.381  119.000   1.000
 98.521  140.000   1.000
 98.631  109.000   1.000
 98.780  149.000   1.000
 98.892  111.000   1.000
 99.002  109.000   1.000
 99.142  140.000   2.000
 99.252  109.000   2.000
 99.382  130.000   1.000
 99.502  119.000   1.000
 99.632  130.000   2.000
 99.752  119.000   2.000
 99.882  129.000   2.000
100.002  120.000   1.000
100.132  130.000   1.000
100.252  119.000   2.000
100.382  129.000   2.000
100.512  130.000   2.000
100.631  119.000   1.000
100.751  120.000   1.000
100.882  129.000   2.000
101.012  130.000   2.000
101.132  119.000   2.000
101.261  129.000   1.000
101.391  129.000   2.000
101.511  120.000   2.000
101.631  120.000   1.000
101.761  129.000   1.000
101.941  180.000   1.000
102.012   70.000   1.000
102.131  119.000   1.000
102.261  129.000   2.000
102.381  119.000   1.000
102.521  140.000   1.000
102.631  110.000   1.000
102.761  129.000   1.000
102.880  119.000   1.000
103.021  141.000   1.000
103.131  109.000   1.000
103.252  120.000   1.000
103.381  129.000   1.000
103.501  120.000   1.000
103.641  140.000   1.000
103.751  109.000   1.000
103.881  129.000   1.000
104.001  120.000   1.000
104.132  129.000   2.000
104.272  139.000   2.000
104.382  109.000   1.000
104.501  120.000   1.000
104.631  129.000   2.000
104.752  120.000   2.000
104.881  129.000   1.000
105.012  130.000   2.000
105.142  129.000   2.000
105.262  120.000   2.000
105.381  120.000   2.000
105.511  129.000   2.000
105.631  119.000   1.000
105.761  130.000   2.000
105.902  140.000   2.000
106.021  120.000   1.000
106.131  109.000   1.000
106.261  129.000   1.000
106.382  120.000   2.000
106.512  129.000   2.000
106.631  119.000   2.000
106.762  130.000   1.000
106.881  118.000   2.000
107.002  120.000   2.000
107.132  129.000   2.000
107.252  119.000   2.000
107.382  129.000   2.000
107.502  120.000   1.000
107.641  139.000   1.000
107.751  109.000   1.000
107.882  129.000   2.000
108.001  120.000   1.000
108.141  139.000   1.000
108.252  110.000   1.000
108.381  129.000   1.000
108.501  120.000   1.000
108.631  129.000   2.000
108.761  129.000   1.000
108.891  130.000   1.000
109.011  119.000   1.000
109.131  120.000   1.000
109.261  129.000   1.000
109.381  119.000   1.000
109.522  140.000   2.000
109.631  109.000   1.000
109.761  130.000   2.000
109.881  119.000   2.000
110.021  140.000   1.000
110.141  119.000   1.000
110.271  129.000   2.000
110.381  109.000   1.000
110.511  129.000   1.000
110.631  119.000   1.000
110.771  140.000   1.000
110.881  109.000   2.000
111.002  121.000   1.000
111.133  130.000   2.000
111.252  119.000   2.000
111.382  129.000   2.000
111.502  120.000   1.000
111.631  129.000   1.000
111.752  120.000   1.000
111.882  129.000   1.000
112.002  120.000   2.000
112.142  139.000   2.000
112.251  110.000   1.000
112.381  129.000   2.000
112.502  120.000   1.000
112.632  130.000   2.000
112.762  129.000   2.000
112.881  119.000   1.000
113.002  120.000   2.000
113.131  129.000   2.000
113.261  129.000   1.000
113.381  119.000   2.000
113.521  140.000   2.000
113.631  109.000   1.000
113.761  129.000   1.000
113.881  119.000   2.000
114.022  140.000   2.000
114.131  109.000   1.000
114.261  129.000   1.000
114.381  119.000   2.000
114.511  130.000   1.000
114.631  119.000   1.000
114.761  130.000   2.000
114.881  119.000   1.000
115.002  121.000   1.000
115.132  130.000   2.000
115.252  119.000   2.000
115.384  130.000   2.000
115.502  118.000   2.000
115.632  129.000   2.000
115.752  120.000   2.000
115.882  130.000   2.000
116.012  130.000   2.000
116.131  119.000   1.000
116.252  120.000   2.000
116.382  130.000   2.000
116.502  119.000   2.000
116.632  130.000   2.000
116.761  129.000   2.000
116.881  119.000   1.000
117.012  130.000   2.000
117.132  119.000   2.000
117.252  120.000   2.000
117.381  129.000   2.000
117.512  130.000   2.000
117.632  120.000   2.000
117.762  129.000   2.000
117.882  119.000   2.000
118.012  130.000   2.000
118.131  119.000   1.000
118.272  139.000   2.000
118.381  109.000   2.000
118.511  130.000   2.000
118.631  120.000   1.000
118.752  120.000   1.000
118.881  129.000   2.000
119.012  130.000   1.000
119.142  129.000   1.000
119.252  109.000   1.000
119.382  130.000   2.000
119.502  119.000   2.000
119.631  129.000   1.000
119.752  120.000   1.000
119.882  130.000   2.000
120.002  119.000   1.000
120.132  130.000   1.000
120.251  119.000   1.000
120.382  130.000   2.000
120.502  120.000   2.000
120.631  129.000   1.000
120.771  139.000   1.000
120.881  109.000   1.000
121.023  141.000   1.000
121.132  108.000   2.000
121.262  129.000   2.000
121.381  119.000   2.000
121.512  130.000   2.000
121.631  119.000   2.000
121.761  130.000   2.000
121.882  119.000   2.000
122.011  129.000   1.000
122.131  119.000   2.000
122.261  129.000   2.000
122.381  120.000   1.000
122.511  130.000   1.000
122.631  119.000   1.000
122.761  130.000   1.000
122.881  120.000   1.000
123.002  121.000   2.000
123.132  129.000   2.000
123.252  120.000   2.000
123.382  129.000   2.000
123.502  120.000   1.000
123.632  129.000   2.000
123.752  120.000   2.000
123.882  129.000   2.000
124.002  120.000   2.000
124.131  129.000   1.000
124.252  120.000   2.000
124.382  129.000   2.000
124.501  119.000   1.000
124.632  129.000   2.000
124.761  130.000   1.000
124.881  119.000   1.000
125.002  120.000   2.000
125.131  129.000   2.000
125.262  130.000   2.000
125.381  120.000   2.000
125.511  130.000   1.000
125.651  139.000   1.000
125.761  109.000   1.000
125.881  119.000   1.000
126.011  130.000   2.000
126.131  119.000   1.000
126.261  130.000   1.000
126.381  119.000   1.000
126.511  130.000   1.000
126.631  119.000   2.000
126.762  131.000   1.000
126.881  118.000   2.000
127.002  121.000   1.000
127.132  129.000   2.000
127.252  119.000   2.000
127.382  129.000   1.000
127.512  130.000   1.000
127.632  119.000   2.000
127.752  120.000   2.000
127.882  130.000   2.000
128.002  119.000   2.000
128.132  129.000   2.000
128.252  120.000   2.000
128.401  149.000   1.000
128.502  100.000   2.000
128.631  129.000   2.000
128.761  129.000   1.000
128.882  120.000   2.000
129.002  120.000   2.000
129.131  129.000   1.000
129.252  120.000   2.000
129.392  139.000   2.000
129.512  120.000   2.000
129.631  119.000   1.000
129.761  130.000   2.000
129.892  130.000   2.000
130.012  119.000   2.000
130.131  119.000   1.000
130.262  129.000   2.000
130.382  120.000   3.000
130.512  130.000   2.000
130.632  119.000   2.000
130.761  129.000   2.000
130.882  120.000   1.000
131.003  120.000   2.000
131.132  129.000   1.000
131.253  120.000   2.000
131.382  129.000   2.000
131.502  120.000   1.000
131.632  129.000   2.000
131.752  120.000   2.000
131.882  129.000   2.000
132.002  120.000   2.000
132.132  129.000   2.000
132.252  119.000   1.000
132.382  129.000   2.000
132.501  120.000   1.000
132.632  130.000   1.000
132.761  129.000   1.000
132.891  130.000   1.000
133.011  119.000   1.000
133.132  120.000   2.000
133.261  130.000   1.000
133.381  119.000   1.000
133.511  129.000   1.000
133.631  119.000   1.000
133.761  130.000   2.000
133.881  119.000   2.000
134.012  130.000   2.000
134.131  119.000   1.000
134.273  142.000   2.000
134.381  107.000   1.000
134.511  130.000   1.000
134.631  119.000   1.000
134.762  131.000   1.000
134.881  118.000   1.000
135.002  120.000   1.000
135.132  129.000   2.000
135.252  120.000   2.000
135.382  129.000   2.000
135.501  120.000   1.000
135.632  129.000   2.000
135.752  120.000   1.000
135.882  129.000   2.000
136.002  120.000   1.000
136.132  129.000   1.000
136.262  129.000   2.000
136.382  119.000   2.000
136.502  119.000   2.000
136.632  129.000   2.000
136.761  130.000   1.000
136.892  130.000   1.000
137.011  119.000   1.000
137.153  141.000   2.000
137.261  108.000   2.000
137.381  120.000   2.000
137.511  130.000   1.000
137.631  119.000   2.000
137.761  129.000   1.000
137.881  119.000   1.000
138.011  130.000   2.000
138.131  119.000   1.000
138.261  129.000   1.000
138.381  120.000   1.000
138.521  140.000   2.000
138.641  119.000   1.000
138.762  120.000   1.000
138.881  119.000   2.000
139.002  120.000   2.000
139.132  129.000   2.000
139.252  119.000   1.000
139.381  129.000   1.000
139.532  150.000   2.000
139.632   99.000   1.000
139.752  119.000   1.000
139.882  129.000   2.000
140.003  120.000   2.000
140.142  139.000   2.000
140.252  110.000   1.000
140.382  130.000   2.000
140.522  139.000   1.000
140.641  119.000   1.000
140.772  130.000   2.000
140.881  109.000   1.000
141.012  130.000   2.000
141.131  119.000   2.000
141.261  130.000   2.000
141.381  119.000   2.000
141.511  130.000   1.000
141.631  119.000   1.000
141.763  130.000   2.000
141.881  118.000   1.000
142.011  130.000   1.000
142.131  119.000   2.000
142.271  139.000   1.000
142.381  109.000   1.000
142.521  140.000   2.000
142.641  119.000   1.000
142.761  120.000   1.000
142.881  119.000   1.000
143.012  131.000   2.000
143.132  119.000   2.000
143.262  129.000   2.000
143.382  119.000   2.000
143.502  120.000   2.000
143.652  149.000   2.000
143.751   99.000   1.000
143.881  129.000   1.000
144.012  130.000   2.000
144.132  119.000   1.000
144.252  120.000   2.000
144.381  129.000   1.000
144.502  120.000   1.000
144.632  129.000   2.000
144.761  129.000   1.000
144.881  119.000   1.000
145.012  130.000   1.000
145.131  119.000   1.000
145.261  129.000   2.000
145.381  119.000   1.000
145.521  140.000   1.000
145.631  109.000   1.000
145.761  130.000   1.000
145.881  119.000   1.000
146.011  130.000   1.000
146.131  119.000   1.000
146.261  130.000   1.000
146.381  119.000   1.000
146.511  130.000   2.000
146.630  119.000   1.000
146.771  140.000   1.000
146.880  109.000   1.000
147.002  121.000   1.000
147.132  130.000   1.000
147.253  120.000   2.000
147.381  129.000   1.000
147.502  120.000   1.000
147.632  130.000   1.000
147.751  119.000   1.000
147.882  129.000   2.000
148.001  119.000   1.000
148.132  130.000   2.000
148.252  120.000   1.000
148.382  129.000   1.000
148.502  119.000   2.000
148.631  129.000   1.000
148.761  129.000   1.000
148.882  120.000   1.000
149.002  119.000   1.000
149.131  129.000   1.000
149.262  130.000   2.000
149.391  129.000   1.000
149.511  119.000   1.000
149.641  130.000   1.000
149.761  119.000   1.000
149.881  119.000   1.000
150.011  130.000   1.000
150.131  119.000   2.000
150.261  130.000   1.000
150.380  119.000   1.000
150.511  130.000   1.000
150.631  119.000   1.000
150.760  129.000   1.000
150.880  119.000   1.000
151.002  121.000   1.000
151.162  160.000   1.000
151.252   89.000   1.000
151.392  139.000   2.000
151.502  110.000   1.000
151.642  139.000   1.000
151.751  109.000   1.000
151.932  180.000   2.000
152.001   69.000   1.000
152.131  129.000   1.000
152.262  129.000   2.000
152.401  139.000   1.000
152.522  120.000   2.000
152.631  109.000   1.000
152.761  129.000   1.000
152.881  119.000   1.000
153.002  120.000   1.000
153.131  129.000   1.000
153.262  130.000   2.000
153.381  119.000   2.000
153.521  140.000   1.000
153.631  109.000   1.000
153.761  130.000   2.000
153.881  120.000   2.000
154.012  130.000   2.000
154.131  119.000   2.000
154.261  129.000   2.000
154.381  119.000   2.000
154.521  140.000   2.000
154.631  109.000   2.000
154.752  120.000   2.000
154.891  138.000   2.000
155.003  111.000   2.000
155.132  129.000   2.000
155.252  120.000   2.000
155.382  130.000   2.000
155.502  119.000   2.000
155.632  129.000   1.000
155.761  129.000   1.000
155.882  120.000   2.000
156.002  120.000   1.000
156.132  129.000   1.000
156.252  120.000   2.000
156.382  129.000   2.000
156.502  120.000   2.000
156.641  139.000   1.000
156.761  120.000   1.000
156.901  140.000   1.000
157.011  110.000   1.000
157.141  129.000   1.000
157.262  119.000   2.000
157.381  119.000   1.000
157.511  130.000   1.000
157.631  119.000   1.000
157.761  129.000   1.000
157.881  120.000   1.000
158.011  130.000   1.000
158.131  119.000   1.000
158.271  140.000   1.000
158.381  109.000   1.000
158.511  130.000   1.000
158.631  119.000   1.000
158.771  140.000   1.000
158.881  109.000   1.000
159.012  131.000   1.000
159.131  119.000   1.000
159.252  120.000   2.000
159.382  129.000   1.000
159.501  119.000   1.000
159.631  129.000   1.000
159.771  140.000   1.000
159.882  109.000   1.000
160.012  130.000   2.000
160.131  119.000   1.000
160.262  130.000   2.000
160.382  119.000   2.000
160.511  130.000   1.000
160.631  120.000   1.000
160.761  129.000   1.000
160.881  120.000   1.000
161.031  150.000   1.000
161.131  100.000   1.000
161.281  149.000   2.000
161.391  110.000   1.000
161.511  120.000   1.000
161.631  119.000   2.000
161.761  130.000   1.000
161.881  120.000   1.000
162.011  130.000   1.000
162.151  139.000   2.000
162.281  129.000   1.000
162.381   99.000   1.000
162.511  130.000   1.000
162.631  120.000   1.000
162.761  130.000   1.000
162.882  120.000   1.000
163.002  119.000   1.000
163.152  150.000   1.000
163.252   99.000   2.000
163.382  129.000   1.000
163.502  120.000   1.000
163.641  139.000   1.000
163.751  109.000   1.000
163.881  129.000   1.000
164.001  120.000   1.000
164.131  129.000   1.000
164.271  139.000   1.000
164.381  109.000   1.000
164.501  120.000   1.000
164.631  129.000   1.000
164.771  139.000   1.000
164.881  110.000   1.000
165.011  130.000   1.000
165.131  119.000   2.000
165.252  120.000   2.000
165.381  129.000   2.000
165.512  129.000   2.000
165.631  119.000   2.000
165.761  129.000   1.000
165.881  120.000   2.000
166.012  130.000   2.000
166.131  119.000   2.000
166.271  139.000   2.000
166.381  109.000   1.000
166.511  130.000   1.000
166.631  119.000   1.000
166.761  129.000   1.000
166.882  120.000   1.000
167.002  120.000   2.000
167.152  150.000   2.000
167.252   99.000   1.000
167.382  129.000   1.000
167.501  120.000   1.000
167.632  129.000   1.000
167.751  119.000   1.000
167.884  131.000   2.000
168.002  118.000   2.000
168.132  130.000   1.000
168.252  119.000   2.000
168.381  129.000   1.000
168.501  120.000   1.000
168.631  129.000   1.000
168.761  129.000   1.000
168.881  120.000   1.000
169.022  140.000   1.000
169.131  109.000   1.000
169.261  129.000   1.000
169.381  119.000   1.000
169.501  120.000   1.000
169.631  129.000   1.000
169.762  129.000   2.000
169.881  119.000   1.000
170.011  130.000   2.000
170.132  119.000   2.000
170.291  159.000   1.000
170.381   89.000   1.000
170.511  130.000   2.000
170.631  120.000   1.000
170.760  129.000   1.000
170.881  120.000   1.000
171.002  121.000   1.000
171.171  169.000   1.000
171.252   80.000   1.000
171.392  140.000   1.000
171.501  109.000   1.000
171.631  129.000   1.000
171.751  119.000   1.000
171.882  130.000   1.000
172.012  130.000   1.000
172.142  129.000   1.000
172.251  109.000   1.000
172.381  129.000   1.000
172.502  120.000   2.000
172.631  129.000   1.000
172.761  129.000   2.000
172.881  120.000   1.000
173.012  130.000   1.000
173.131  119.000   1.000
173.261  130.000   1.000
173.381  119.000   1.000
173.541  160.000   1.000
173.631   89.000   1.000
173.761  130.000   1.000
173.881  119.000   1.000
174.012  130.000   2.000
174.151  139.000   1.000
174.261  109.000   2.000
174.381  119.000   2.000
174.511  129.000   1.000
174.631  120.000   2.000
174.761  129.000   2.000
174.881  119.000   1.000
175.002  121.000   1.000
175.132  129.000   2.000
175.253  120.000   2.000
175.382  129.000   2.000
175.512  130.000   1.000
175.632  119.000   2.000
175.752  119.000   1.000
175.882  130.000   1.000
176.002  119.000   1.000
176.132  130.000   2.000
176.251  119.000   1.000
176.381  130.000   1.000
176.501  119.000   1.000
176.631  129.000   1.000
176.752  120.000   1.000
176.881  129.000   1.000
177.011  130.000   1.000
177.151  139.000   1.000
177.261  110.000   1.000
177.381  119.000   1.000
177.511  130.000   1.000
177.651  140.000   1.000
177.761  109.000   1.000
177.881  120.000   1.000
178.011  129.000   1.000
178.131  119.000   2.000
178.261  129.000   1.000
178.381  119.000   1.000
178.511  130.000   1.000
178.631  119.000   1.000
178.761  130.000   1.000
178.882  120.000   1.000
179.022  140.000   1.000
179.132  109.000   2.000
179.252  120.000   2.000
179.382  130.000   2.000
179.512  129.000   1.000
179.631  119.000   1.000
179.762  130.000   1.000
179.881  119.000   1.000
180.002  120.000   1.000
180.141  139.000   1.000
180.251  109.000   1.000
180.381  130.000   1.000
180.501  119.000   1.000
180.632  129.000   2.000
180.761  129.000   1.000
180.881  120.000   1.000
181.002  120.000   1.000
181.131  129.000   1.000
181.263  130.000   2.000
181.382  119.000   2.000
181.534  152.000   2.000
181.632   97.000   2.000
181.761  129.000   1.000
181.880  119.000   1.000
182.011  130.000   2.000
182.131  119.000   2.000
182.261  130.000   2.000
182.381  119.000   1.000
182.511  129.000   2.000
182.631  119.000   2.000
182.761  129.000   1.000
182.881  120.000   1.000
183.002  120.000   1.000
183.132  129.000   1.000
183.252  120.000   1.000
183.382  129.000   2.000
183.512  130.000   1.000
183.632  119.000   2.000
183.762  129.000   1.000
183.882  120.000   2.000
184.002  119.000   2.000
184.132  130.000   2.000
184.251  119.000   1.000
184.413  161.000   2.000
184.502   88.000   1.000
184.632  130.000   2.000
184.761  129.000   1.000
184.913  151.000   2.000
185.011   98.000   1.000
185.132  119.000   2.000
185.252  120.000   2.000
185.381  129.000   1.000
185.511  130.000   1.000
185.631  119.000   1.000
185.761  130.000   1.000
185.881  119.000   1.000
186.011  130.000   2.000
186.131  119.000   2.000
186.261  130.000   1.000
186.381  120.000   1.000
186.511  130.000   2.000
186.631  119.000   2.000
186.772  140.000   2.000
186.891  119.000   2.000
187.022  130.000   2.000
187.132  110.000   1.000
187.263  130.000   2.000
187.382  118.000   2.000
187.502  120.000   2.000
187.632  129.000   2.000
187.752  120.000   1.000
187.882  129.000   1.000
188.002  120.000   2.000
188.142  139.000   2.000
188.252  110.000   2.000
188.382  129.000   2.000
188.502  120.000   1.000
188.631  129.000   1.000
188.752  120.000   2.000
188.911  160.000   1.000
189.001   89.000   1.000
189.132  129.000   2.000
189.262  129.000   2.000
189.382  119.000   2.000
189.511  130.000   1.000
189.631  119.000   1.000
189.761  130.000   1.000
189.891  129.000   1.000
190.011  120.000   2.000
190.141  129.000   1.000
190.271  130.000   2.000
190.381  109.000   2.000
190.522  140.000   2.000
190.631  109.000   1.000
190.771  140.000   2.000
190.882  110.000   1.000
191.002  120.000   2.000
191.132  130.000   1.000
191.282  150.000   2.000
191.382   99.000   2.000
191.501  120.000   1.000
191.632  130.000   1.000
191.752  119.000   1.000
191.892  139.000   2.000
192.002  109.000   1.000
192.161  159.000   1.000
192.252   90.000   1.000
192.381  129.000   1.000
192.502  120.000   2.000
192.641  139.000   1.000
192.761  120.000   1.000
192.891  129.000   1.000
193.001  110.000   1.000
193.141  139.000   1.000
193.252  110.000   2.000
193.381  129.000   2.000
193.512  130.000   2.000
193.631  119.000   1.000
193.761  129.000   2.000
193.891  129.000   1.000
194.033  141.000   2.000
194.131   98.000   1.000
194.271  139.000   1.000
194.381  110.000   1.000
194.511  129.000   1.000
194.631  119.000   1.000
194.761  129.000   1.000
194.901  140.000   1.000
195.002  100.000   1.000
195.132  129.000   1.000
195.252  119.000   1.000
195.392  139.000   1.000
195.502  110.000   2.000
195.632  129.000   2.000
195.752  119.000   2.000
195.882  129.000   2.000
196.002  120.000   2.000
196.132  129.000   2.000
196.253  120.000   2.000
196.382  129.000   1.000
196.512  130.000   2.000
196.631  119.000   1.000
196.771  139.000   1.000
196.901  130.000   1.000
197.011  110.000   1.000
197.131  119.000   1.000
197.271  139.000   2.000
197.382  109.000   2.000
197.511  130.000   1.000
197.631  119.000   1.000
197.771  140.000   1.000
197.881  109.000   1.000
198.012  130.000   2.000
198.131  119.000   1.000
198.271  140.000   2.000
198.381  109.000   1.000
198.511  130.000   1.000
198.631  119.000   1.000
198.761  130.000   2.000
198.901  140.000   2.000
199.002  100.000   2.000
199.132  129.000   2.000
199.262  129.000   2.000
199.382  120.000   1.000
199.512  130.000   1.000
199.632  119.000   1.000
199.762  130.000   1.000
199.882  119.000   2.000
200.002  120.000   2.000
200.132  129.000   2.000
200.252  120.000   1.000
200.381  129.000   1.000
200.502  120.000   1.000
200.631  129.000   1.000
200.772  140.000   1.000
200.881  109.000   1.000
201.011  130.000   1.000
201.181  169.000   1.000
201.251   70.000   1.000
201.381  129.000   1.000
201.511  130.000   2.000
201.631  119.000   1.000
201.771  139.000   1.000
201.901  130.000   2.000
202.011  110.000   2.000
202.131  119.000   2.000
202.252  120.000   2.000
202.381  129.000   2.000
202.511  130.000   2.000
202.641  130.000   2.000
202.761  119.000   2.000
202.881  119.000   2.000
203.002  121.000   1.000
203.132  129.000   1.000
203.252  120.000   1.000
203.382  129.000   2.000
203.502  119.000   1.000
203.632  130.000   1.000
203.762  129.000   1.000
203.881  119.000   1.000
204.002  120.000   2.000
204.132  130.000   1.000
204.252  119.000   1.000
204.382  130.000   2.000
204.512  129.000   2.000
204.632  119.000   2.000
204.752  120.000   2.000
204.892  139.000   2.000
205.002  110.000   2.000
205.131  129.000   1.000
205.261  129.000   2.000
205.382  120.000   2.000
205.512  129.000   2.000
205.631  119.000   2.000
205.761  130.000   2.000
205.881  120.000   2.000
206.012  130.000   2.000
206.132  119.000   2.000
206.261  129.000   1.000
206.381  120.000   2.000
206.511  129.000   2.000
206.642  130.000   2.000
206.761  119.000   1.000
206.881  119.000   2.000
207.002  121.000   2.000
207.132  129.000   2.000
207.252  120.000   1.000
207.382  130.000   2.000
207.501  119.000   1.000
207.632  129.000   2.000
207.751  119.000   1.000
207.883  130.000   2.000
208.002  119.000   2.000
208.132  129.000   2.000
208.252  119.000   2.000
208.381  129.000   1.000
208.501  120.000   1.000
208.632  129.000   2.000
208.772  140.000   2.000
208.881  109.000   1.000
209.001  120.000   1.000
209.131  129.000   1.000
209.261  129.000   2.000
209.382  119.000   2.000
209.511  130.000   1.000
209.631  120.000   1.000
209.771  139.000   1.000
209.881  109.000   1.000
210.012  130.000   2.000
210.131  119.000   2.000
210.261  130.000   1.000
210.381  119.000   1.000
210.521  140.000   2.000
210.631  109.000   2.000
210.762  130.000   2.000
210.882  120.000   1.000
211.002  120.000   2.000
211.132  129.000   2.000
211.283  150.000   2.000
211.382   99.000   2.000
211.502  119.000   1.000
211.642  139.000   2.000
211.751  109.000   1.000
211.882  129.000   2.000
212.002  120.000   2.000
212.132  129.000   2.000
212.252  120.000   2.000
212.381  129.000   1.000
212.502  120.000   2.000
212.631  129.000   1.000
212.761  129.000   1.000
212.882  119.000   2.000
213.001  120.000   1.000
213.132  129.000   2.000
213.261  129.000   1.000
213.381  119.000   1.000
213.511  130.000   1.000
213.631  119.000   2.000
213.761  129.000   1.000
213.882  120.000   2.000
214.012  129.000   2.000
214.131  119.000   2.000
214.271  140.000   1.000
214.381  109.000   1.000
214.511  130.000   1.000
214.631  119.000   1.000
214.761  129.000   1.000
214.891  130.000   2.000
215.002  110.000   1.000
215.131  129.000   1.000
215.252  120.000   1.000
215.392  139.000   1.000
215.501  110.000   1.000
215.632  130.000   2.000
215.752  119.000   1.000
215.882  130.000   1.000
216.002  120.000   2.000
216.132  129.000   2.000
216.252  120.000   2.000
216.382  129.000   1.000
216.512  130.000   1.000
216.631  119.000   1.000
216.782  150.000   2.000
216.881  100.000   1.000
217.011  129.000   1.000
217.131  119.000   1.000
217.251  120.000   1.000
217.391  139.000   2.000
217.511  120.000   1.000
217.631  120.000   1.000
217.781  149.000   1.000
217.881  100.000   1.000
218.012  130.000   2.000
218.141  129.000   1.000
218.271  130.000   2.000
218.391  119.000   2.000
218.512  120.000   2.000
218.641  129.000   2.000
218.771  130.000   2.000
218.881  109.000   1.000
219.012  131.000   1.000
219.132  119.000   2.000
219.252  120.000   2.000
219.382  129.000   2.000
219.502  120.000   1.000
219.632  129.000   2.000
219.752  120.000   1.000
219.882  129.000   2.000
220.002  120.000   2.000
220.162  160.000   2.000
220.282  120.000   1.000
220.381   98.000   1.000
220.502  120.000   2.000
220.631  129.000   1.000
220.761  129.000   1.000
220.891  130.000   1.000
221.031  140.000   1.000
221.131   99.000   1.000
221.252  120.000   1.000
221.391  139.000   2.000
221.521  130.000   1.000
221.631  109.000   1.000
221.761  129.000   2.000
221.881  119.000   1.000
222.011  130.000   1.000
222.161  149.000   2.000
222.261   99.000   2.000
222.381  120.000   1.000
222.511  130.000   1.000
222.631  119.000   2.000
222.761  130.000   2.000
222.881  119.000   1.000
223.002  120.000   1.000
223.132  130.000   1.000
223.252  120.000   2.000
223.381  129.000   1.000
223.503  120.000   2.000
223.632  129.000   2.000
223.752  119.000   1.000
223.881  129.000   1.000
224.002  120.000   2.000
224.142  139.000   2.000
224.252  110.000   2.000
224.382  129.000   2.000
224.502  120.000   2.000
224.632  129.000   2.000
224.752  120.000   2.000
224.881  129.000   1.000
225.001  120.000   1.000
225.131  129.000   1.000
225.252  120.000   2.000
225.381  129.000   2.000
225.522  140.000   2.000
225.631  109.000   1.000
225.761  130.000   1.000
225.881  119.000   1.000
226.012  130.000   2.000
226.161  149.000   2.000
226.261   99.000   2.000
226.381  120.000   1.000
226.511  130.000   1.000
226.631  119.000   2.000
226.761  129.000   2.000
226.882  121.000   1.000
227.002  119.000   1.000
227.132  129.000   1.000
227.252  120.000   1.000
227.383  129.000   2.000
227.502  119.000   2.000
227.641  139.000   1.000
227.751  109.000   1.000
227.881  129.000   1.000
228.001  120.000   1.000
228.132  130.000   2.000
228.252  120.000   2.000
228.381  129.000   1.000
228.502  120.000   2.000
228.641  139.000   2.000
228.751  110.000   1.000
228.881  129.000   1.000
229.001  120.000   1.000
229.141  139.000   1.000
229.251  110.000   1.000
229.381  129.000   1.000
229.511  130.000   1.000
229.641  129.000   1.000
229.771  129.000   1.000
229.881  109.000   1.000
230.011  130.000   1.000
230.131  119.000   1.000
230.271  139.000   1.000
230.401  129.000   1.000
230.521  120.000   1.000
230.631  109.000   1.000
230.761  130.000   1.000
230.882  120.000   1.000
231.002  120.000   2.000
231.132  129.000   1.000
231.252  120.000   2.000
231.382  129.000   2.000
231.502  119.000   1.000
231.642  139.000   1.000
231.752  110.000   1.000
231.903  150.000   2.000
232.001   99.000   1.000
232.131  129.000   1.000
232.252  120.000   1.000
232.381  129.000   1.000
232.501  120.000   1.000
232.631  129.000   1.000
232.752  120.000   2.000
232.883  130.000   2.000
233.011  129.000   1.000
233.131  120.000   1.000
233.252  120.000   1.000
233.381  129.000   1.000
233.501  120.000   1.000
233.641  139.000   1.000
233.761  119.000   1.000
233.881  119.000   1.000
234.011  130.000   1.000
234.141  129.000   1.000
234.261  119.000   1.000
234.381  120.000   1.000
234.511  130.000   1.000
234.641  129.000   1.000
234.761  120.000   1.000
234.882  120.000   1.000
235.002  120.000   1.000
235.132  129.000   1.000
235.252  120.000   2.000
235.382  129.000   1.000
235.502  119.000   1.000
235.632  129.000   2.000
235.752  119.000   1.000
235.882  130.000   1.000
236.002  119.000   1.000
236.132  129.000   2.000
236.252  120.000   1.000
236.391  139.000   1.000
236.502  110.000   1.000
236.632  129.000   2.000
236.752  120.000   2.000
236.881  129.000   1.000
237.032  150.000   2.000
237.152  120.000   1.000
237.251   99.000   1.000
237.381  129.000   2.000
237.511  129.000   1.000
237.631  119.000   2.000
237.761  129.000   1.000
237.881  119.000   1.000
238.011  130.000   1.000
238.131  119.000   1.000
238.261  129.000   2.000
238.381  119.000   2.000
238.511  130.000   2.000
238.631  119.000   2.000
238.761  129.000   2.000
238.881  119.000   1.000
239.002  121.000   1.000
239.142  139.000   2.000
239.252  110.000   1.000
239.382  129.000   2.000
239.502  119.000   1.000
239.641  139.000   1.000
239.752  110.000   2.000
239.882  129.000   2.000
240.012  130.000   2.000
240.132  119.000   2.000
240.252  120.000   1.000
240.382  129.000   2.000
240.512  130.000   1.000
240.632  119.000   2.000
240.762  129.000   2.000
240.882  120.000   1.000
241.011  129.000   1.000
241.131  119.000   1.000
241.251  120.000   1.000
241.382  129.000   2.000
241.511  129.000   1.000
241.631  119.000   2.000
241.761  129.000   2.000
241.882  120.000   2.000
242.012  129.000   2.000
242.131  119.000   2.000
242.261  129.000   2.000
242.381  120.000   2.000
242.511  130.000   2.000
242.631  119.000   1.000
242.761  129.000   2.000
242.892  131.000   2.000
243.002  109.000   2.000
243.132  129.000   2.000
243.252  120.000   1.000
243.382  129.000   1.000
243.502  120.000   2.000
243.632  129.000   2.000
243.752  119.000   2.000
243.892  140.000   2.000
244.001  109.000   1.000
244.132  130.000   2.000
244.252  119.000   2.000
244.392  139.000   2.000
244.503  110.000   2.000
244.632  129.000   2.000
244.762  129.000   2.000
244.882  120.000   2.000
245.002  120.000   1.000
245.142  139.000   2.000
245.261  119.000   1.000
245.381  119.000   1.000
245.502  120.000   2.000
245.631  129.000   1.000
245.761  130.000   2.000
245.881  119.000   2.000
246.012  130.000   2.000
246.132  120.000   2.000
246.261  129.000   2.000
246.382  120.000   2.000
246.512  129.000   2.000
246.632  119.000   2.000
246.761  129.000   2.000
246.881  119.000   2.000
247.003  121.000   2.000
247.132  129.000   2.000
247.252  120.000   2.000
247.382  129.000   2.000
247.502  120.000   2.000
247.632  129.000   2.000
247.752  119.000   1.000
247.882  129.000   2.000
248.002  120.000   2.000
248.132  129.000   2.000
248.252  119.000   2.000
248.382  129.000   2.000
248.502  120.000   2.000
248.631  129.000   1.000
248.752  120.000   2.000
248.881  129.000   2.000
249.002  120.000   2.000
249.131  129.000   2.000
249.252  120.000   2.000
249.381  129.000   1.000
249.502  120.000   2.000
249.641  139.000   2.000
249.761  119.000   1.000
249.881  120.000   2.000
250.011  130.000   2.000
250.132  120.000   2.000
250.261  129.000   2.000
250.381  120.000   2.000
250.511  129.000   2.000
250.631  119.000   2.000
250.761  129.000   2.000
250.881  120.000   2.000
251.002  121.000   1.000
251.132  129.000   2.000
251.252  120.000   2.000
251.382  129.000   2.000
251.502  120.000   2.000
251.632  129.000   2.000
251.752  119.000   2.000
251.882  130.000   2.000
252.002  120.000   1.000
252.132  129.000   2.000
252.252  120.000   2.000
252.382  129.000   2.000
252.502  120.000   2.000
252.632  130.000   2.000
252.761  129.000   2.000
252.881  120.000   1.000
253.002  120.000   1.000
253.132  129.000   2.000
253.271  140.000   1.000
253.381  109.000   1.000
253.511  130.000   1.000
253.631  119.000   1.000
253.761  130.000   1.000
253.881  119.000   1.000
254.011  130.000   2.000
254.131  119.000   2.000
254.261  129.000   2.000
254.381  119.000   2.000
254.511  130.000   2.000
254.631  119.000   1.000
254.761  130.000   2.000
254.881  120.000   2.000
255.012  130.000   2.000
255.151  139.000   1.000
255.252  100.000   1.000
255.382  129.000   1.000
255.502  119.000   1.000
255.632  129.000   2.000
255.752  120.000   1.000
255.882  129.000   1.000
256.002  120.000   2.000
256.132  129.000   2.000
256.252  119.000   2.000
256.382  129.000   2.000
256.502  120.000   2.000
256.641  139.000   1.000
256.761  119.000   1.000
256.882  120.000   2.000
257.012  130.000   2.000
257.131  119.000   1.000
257.261  130.000   1.000
257.381  119.000   1.000
257.511  130.000   2.000
257.631  119.000   1.000
257.761  129.000   1.000
257.881  120.000   1.000
258.003  120.000   2.000
258.131  129.000   1.000
258.261  129.000   2.000
258.381  119.000   1.000
258.511  130.000   2.000
258.631  119.000   1.000
258.761  130.000   2.000
258.881  119.000   1.000
259.002  121.000   1.000
259.132  129.000   1.000
259.252  120.000   1.000
259.382  129.000   2.000
259.502  120.000   2.000
259.631  129.000   1.000
259.752  120.000   2.000
259.881  129.000   1.000
260.002  120.000   2.000
260.134  131.000   2.000
260.252  118.000   2.000
260.382  129.000   2.000
260.501  120.000   1.000
260.654  151.000   2.000
260.752   98.000   2.000
260.882  129.000   2.000
261.002  120.000   2.000
261.132  129.000   2.000
261.262  129.000   2.000
261.381  120.000   1.000
261.512  129.000   2.000
261.662  150.000   2.000
261.762  100.000   1.000
261.882  120.000   1.000
262.011  129.000   2.000
262.131  119.000   2.000
262.261  129.000   2.000
262.381  119.000   1.000
262.511  130.000   2.000
262.632  119.000   2.000
262.761  129.000   2.000
262.892  131.000   1.000
263.002  110.000   2.000
263.132  129.000   1.000
263.252  119.000   1.000
263.381  129.000   1.000
263.502  120.000   2.000
263.632  129.000   1.000
263.772  139.000   1.000
263.891  119.000   1.000
264.002  110.000   2.000
264.132  129.000   2.000
264.252  119.000   2.000
264.391  139.000   1.000
264.502  110.000   1.000
264.631  129.000   1.000
264.762  129.000   2.000
264.881  119.000   2.000
265.002  120.000   2.000
265.132  129.000   1.000
265.262  129.000   2.000
265.381  119.000   1.000
265.512  130.000   2.000
265.631  119.000   2.000
265.761  130.000   1.000
265.882  120.000   2.000
266.011  129.000   2.000
266.131  120.000   1.000
266.261  129.000   2.000
266.381  119.000   1.000
266.511  130.000   1.000
266.631  119.000   1.000
266.761  129.000   2.000
266.891  130.000   2.000
267.002  110.000   1.000
267.172  170.000   2.000
267.252   80.000   1.000
267.382  129.000   1.000
267.502  120.000   2.000
267.632  129.000   2.000
267.752  120.000   2.000
267.883  130.000   2.000
268.002  119.000   1.000
268.132  130.000   2.000
268.252  119.000   2.000
268.381  129.000   1.000
268.502  120.000   1.000
268.633  130.000   3.000
268.752  119.000   2.000
268.882  130.000   2.000
269.011  129.000   1.000
269.131  119.000   2.000
269.262  130.000   1.000
269.381  119.000   2.000
269.512  130.000   2.000
269.631  119.000   1.000
269.761  130.000   1.000
269.881  119.000   2.000
270.002  120.000   2.000
270.131  129.000   1.000
270.262  129.000   2.000
270.381  119.000   2.000
270.521  140.000   1.000
270.631  109.000   1.000
270.761  129.000   1.000
270.881  120.000   1.000
271.002  121.000   1.000
271.132  130.000   1.000
271.252  120.000   2.000
271.382  129.000   2.000
271.502  120.000   2.000
271.632  129.000   1.000
271.752  119.000   2.000
271.882  129.000   1.000
272.001  119.000   1.000
272.131  130.000   1.000
272.252  120.000   2.000
272.381  129.000   1.000
272.501  120.000   1.000
272.641  139.000   1.000
272.781  140.000   1.000
272.912  130.000   1.000
273.011   99.000   1.000
273.131  119.000   1.000
273.261  130.000   1.000
273.391  129.000   1.000
273.511  120.000   1.000
273.651  139.000   1.000
273.761  109.000   2.000
273.881  119.000   1.000
274.012  130.000   2.000
274.131  120.000   1.000
274.261  129.000   1.000
274.381  119.000   1.000
274.511  130.000   1.000
274.651  139.000   1.000
274.761  109.000   1.000
274.881  119.000   1.000
275.002  120.000   1.000
275.132  129.000   1.000
275.251  120.000   1.000
275.381  130.000   1.000
275.502  120.000   2.000
275.632  129.000   2.000
275.752  120.000   2.000
275.892  140.000   2.000
276.022  130.000   1.000
276.132  109.000   2.000
276.252  120.000   1.000
276.381  130.000   1.000
276.512  129.000   2.000
276.632  120.000   2.000
276.762  129.000   2.000
276.881  119.000   2.000
277.011  130.000   1.000
277.131  119.000   1.000
277.261  130.000   2.000
277.381  119.000   1.000
277.511  129.000   2.000
277.641  130.000   1.000
277.761  119.000   1.000
277.901  140.000   1.000
278.021  120.000   2.000
278.131  110.000   1.000
278.281  149.000   2.000
278.381   99.000   1.000
278.541  160.000   2.000
278.631   89.000   1.000
278.781  149.000   2.000
278.881  100.000   1.000
279.003  121.000   2.000
279.132  129.000   1.000
279.252  119.000   1.000
279.382  129.000   1.000
279.502  120.000   2.000
279.632  129.000   2.000
279.751  119.000   1.000
279.882  129.000   2.000
280.001  120.000   1.000
280.131  129.000   1.000
280.252  120.000   1.000
280.382  130.000   1.000
280.501  119.000   1.000
280.632  129.000   2.000
280.762  129.000   2.000
280.882  120.000   2.000
281.012  130.000   1.000
281.132  120.000   1.000
281.261  129.000   1.000
281.381  120.000   1.000
281.501  120.000   1.000
281.631  129.000   1.000
281.761  130.000   1.000
281.881  119.000   1.000
282.011  130.000   1.000
282.131  120.000   2.000
282.261  129.000   2.000
282.381  119.000   1.000
282.511  130.000   1.000
282.631  119.000   2.000
282.761  130.000   1.000
282.881  119.000   2.000
283.002  121.000   1.000
283.132  129.000   1.000
283.252  120.000   2.000
283.382  129.000   1.000
283.501  119.000   1.000
283.642  140.000   1.000
283.752  110.000   2.000
283.882  129.000   2.000
284.022  140.000   1.000
284.132  110.000   2.000
284.252  119.000   2.000
284.381  129.000   1.000
284.502  120.000   2.000
284.632  130.000   2.000
284.762  129.000   2.000
284.882  120.000   2.000
285.012  130.000   1.000
285.131  119.000   1.000
285.261  129.000   1.000
285.381  120.000   1.000
285.511  129.000   2.000
285.641  129.000   2.000
285.761  119.000   1.000
285.881  120.000   1.000
286.032  150.000   2.000
286.141  110.000   1.000
286.261  119.000   2.000
286.381  119.000   1.000
286.521  140.000   2.000
286.630  109.000   1.000
286.761  130.000   2.000
286.882  120.000   2.000
287.012  130.000   2.000
287.142  129.000   1.000
287.252  109.000   1.000
287.401  149.000   1.000
287.502  100.000   1.000
287.631  129.000   1.000
287.751  120.000   1.000
287.881  129.000   1.000
288.002  120.000   2.000
288.132  130.000   2.000
288.252  119.000   2.000
288.381  129.000   1.000
288.512  129.000   2.000
288.631  119.000   1.000
288.761  130.000   1.000
288.881  120.000   1.000
289.011  129.000   1.000
289.132  120.000   2.000
289.282  149.000   2.000
289.391  109.000   1.000
289.512  120.000   2.000
289.641  129.000   2.000
289.761  119.000   2.000
289.881  119.000   1.000
290.011  130.000   1.000
290.132  120.000   2.000
290.261  129.000   2.000
290.381  119.000   2.000
290.551  170.000   2.000
290.631   79.000   1.000
290.761  129.000   2.000
290.881  119.000   1.000
291.002  121.000   1.000
291.132  130.000   1.000
291.262  129.000   1.000
291.383  120.000   2.000
291.503  119.000   2.000
291.632  129.000   2.000
291.751  119.000   1.000
291.882  130.000   1.000
292.002  119.000   2.000
292.132  130.000   1.000
292.252  119.000   1.000
292.381  129.000   1.000
292.501  120.000   1.000
292.641  139.000   1.000
292.751  110.000   1.000
292.881  129.000   1.000
293.001  120.000   1.000
293.131  130.000   1.000
293.271  139.000   1.000
293.381  109.000   1.000
293.512  130.000   2.000
293.631  119.000   1.000
293.761  129.000   1.000
293.891  129.000   1.000
294.011  120.000   1.000
294.131  119.000   1.000
294.261  129.000   2.000
294.381  119.000   1.000
294.511  130.000   2.000
294.631  119.000   1.000
294.782  150.000   2.000
294.901  119.000   1.000
295.002  100.000   2.000
295.132  130.000   1.000
295.252  119.000   1.000
295.432  179.000   1.000
295.501   69.000   1.000
295.631  130.000   1.000
295.751  119.000   1.000
295.882  130.000   1.000
296.011  129.000   1.000
296.132  120.000   2.000
296.252  119.000   2.000
296.411  159.000   1.000
296.501   90.000   1.000
296.641  139.000   1.000
296.761  119.000   1.000
296.881  119.000   2.000
297.011  130.000   1.000
297.132  120.000   2.000
297.271  139.000   1.000
297.381  110.000   1.000
297.512  129.000   2.000
297.631  119.000   1.000
297.761  129.000   1.000
297.891  130.000   1.000
298.011  119.000   1.000
298.141  130.000   1.000
298.291  149.000   1.000
298.381   89.000   1.000
298.561  180.000   1.000
298.631   69.000   1.000
298.761  129.000   1.000
298.911  150.000   2.000
299.002   90.000   1.000
299.132  130.000   1.000
299.252  119.000   1.000
299.412  159.000   1.000
299.502   90.000   1.000
299.632  129.000   2.000
299.752  120.000   1.000
299.881  129.000   1.000
300.002  120.000   1.000
300.142  140.000   1.000
300.252  109.000   2.000
300.382  129.000   2.000
300.512  130.000   2.000
300.632  119.000   2.000
300.762  129.000   2.000
300.881  119.000   1.000
301.002  120.000   1.000
301.132  130.000   2.000
301.261  129.000   1.000
301.381  120.000   1.000
301.502  120.000   2.000
301.631  129.000   2.000
301.761  130.000   2.000
301.881  120.000   2.000
302.011  130.000   1.000
302.132  120.000   2.000
302.271  139.000   2.000
302.381  109.000   1.000
302.511  130.000   2.000
302.631  119.000   1.000
302.761  129.000   1.000
302.882  121.000   1.000
303.003  120.000   2.000
303.132  129.000   2.000
303.252  119.000   2.000
303.392  139.000   1.000
303.502  110.000   1.000
303.632  129.000   1.000
303.752  120.000   1.000
303.882  130.000   2.000
304.002  119.000   2.000
304.133  130.000   2.000
