  6.013 6007.000   5.000
  9.013 3000.000   5.000
 12.014 3000.000   6.000
 15.016 3000.000   7.000
 18.015 2999.000   7.000
 21.015 2999.000   8.000
 24.018 3000.000   9.000
 27.010 2992.000   9.000
 30.016 3007.000   8.000
 33.028 3011.000   9.000
 36.019 2990.000   8.000
 39.018 2998.000   9.000
 42.016 2999.000   8.000
 45.018 3000.000   9.000
 48.017 3000.000   9.000
 51.050 3031.000  10.000
 54.048 3000.000   8.000
 57.049 2999.000   9.000
 60.039 2990.000   8.000
 63.017 2978.000   8.000
 66.042 3022.000  10.000
 69.016 2976.000   8.000
 72.017 3000.000   8.000
 75.030 3010.000  10.000
 78.025 2998.000   7.000
 81.016 2989.000   9.000
 84.019 3000.000  11.000
 87.038 3021.000   8.000
 90.017 2977.000   9.000
 93.017 3000.000   9.000
 96.029 3011.000  10.000
 99.028 2999.000   9.000
102.018 2988.000  10.000
105.017 3000.000   9.000
108.018 3000.000   9.000
111.019 3000.000  11.000
114.019 2999.000  11.000
117.016 2999.000   8.000
120.030 3010.000  11.000
123.018 2989.000  10.000
126.019 2999.000  11.000
129.018 3001.000   9.000
132.029 3009.000  11.000
135.020 2990.000  12.000
138.018 2999.000  11.000
141.023 3000.000  15.000
144.020 2999.000  12.000
147.021 3001.000  11.000
150.041 3019.000  12.000
153.020 2980.000  10.000
