  0.500   0.00000      45      45
  1.001   0.34000      50      33
  1.501   0.06000      50      47
  2.000   0.00000      50      50
  2.501   0.02041      49      48
  3.001   0.00000      50      50
  3.501   0.00000      50      50
  4.001   0.30612      49      34
  4.502   0.29412      51      36
  5.000   0.20833      48      38
  5.501   0.05882      51      48
  6.001   0.06000      50      47
  6.501   0.04082      49      47
  7.001   0.04000      50      48
  7.501   0.06000      50      47
  8.001   0.04000      50      48
  8.501   0.06000      50      47
  9.001   0.04082      49      47
  9.501   0.04000      50      48
 10.001   0.04082      49      47
 10.501   0.07692      52      48
 11.001   0.04082      49      47
 11.501   0.04000      50      48
 12.001   0.06000      50      47
 12.501   0.04082      49      47
 13.001   0.05882      51      48
 13.501   0.04082      49      47
 14.001   0.08000      50      46
 14.501   0.06122      49      46
 15.001   0.07843      51      47
 15.501   0.06000      50      47
 16.001   0.06122      49      46
 16.501   0.07843      51      47
 17.001   0.06122      49      46
 17.501   0.06000      50      47
 18.001   0.06122      49      46
 18.501   0.06000      50      47
 19.001   0.07843      51      47
 19.501   0.06122      49      46
 20.001   0.06000      50      47
 20.501   0.06000      50      47
 21.001   0.06000      50      47
 21.501   0.06122      49      46
 22.001   0.06000      50      47
 22.501   0.08000      50      46
 23.001   0.06000      50      47
 23.501   0.06000      50      47
 24.001   0.06122      49      46
 24.501   0.06000      50      47
 25.001   0.06122      49      46
 25.501   0.07843      51      47
 26.001   0.06000      50      47
 26.501   0.06122      49      46
 27.001   0.07843      51      47
 27.501   0.04082      49      47
 28.001   0.06000      50      47
 28.501   0.06000      50      47
 29.001   0.06122      49      46
 29.501   0.07843      51      47
 30.000   0.06122      49      46
 30.501   0.06000      50      47
 31.001   0.06000      50      47
 31.501   0.06000      50      47
 32.001   0.06122      49      46
 32.501   0.07843      51      47
 33.001   0.04167      48      46
 33.501   0.06000      50      47
 34.000   0.08000      50      46
 34.501   0.06000      50      47
 35.001   0.04082      49      47
 35.501   0.06000      50      47
 36.001   0.07843      51      47
 36.501   0.06122      49      46
 37.001   0.06000      50      47
 37.501   0.08000      50      46
 38.000   0.04082      49      47
 38.501   0.08333      48      44
 39.001   0.06000      50      47
 39.501   0.07843      51      47
 40.001   0.06122      49      46
 40.501   0.06000      50      47
 41.001   0.08000      50      46
 41.501   0.07843      51      47
 42.000   0.06122      49      46
 42.501   0.06000      50      47
 43.001   0.06122      49      46
 43.501   0.06250      48      45
 44.001   0.07843      51      47
 44.501   0.08000      50      46
 45.001   0.06122      49      46
 45.501   0.07843      51      47
 46.000   0.06122      49      46
 46.501   0.06000      50      47
 47.001   0.06000      50      47
 47.501   0.06122      49      46
 48.001   0.06000      50      47
 48.501   0.07843      51      47
 49.001   0.06122      49      46
 49.501   0.08000      50      46
 50.000   0.06000      50      47
 50.501   0.06000      50      47
 51.001   0.06122      49      46
 51.501   0.07843      51      47
 52.001   0.06122      49      46
 52.501   0.07843      51      47
 53.001   0.06122      49      46
 53.501   0.06000      50      47
 54.001   0.06000      50      47
 54.501   0.08000      50      46
 55.001   0.06000      50      47
 55.501   0.06122      49      46
 56.001   0.06000      50      47
 56.501   0.07843      51      47
 57.001   0.06122      49      46
 57.501   0.08000      50      46
 58.000   0.06000      50      47
 58.501   0.06122      49      46
 59.001   0.06000      50      47
 59.501   0.08000      50      46
 60.001   0.07843      51      47
 60.501   0.06122      49      46
 61.001   0.06000      50      47
 61.501   0.06122      49      46
 62.000   0.07843      51      47
 62.501   0.06000      50      47
 63.001   0.04082      49      47
 63.501   0.06000      50      47
 64.001   0.07843      51      47
 64.501   0.06122      49      46
 65.001   0.06000      50      47
 65.501   0.06122      49      46
 66.000   0.07843      51      47
 66.501   0.08000      50      46
 67.001   0.04082      49      47
 67.501   0.08000      50      46
 68.001   0.07843      51      47
 68.501   0.06000      50      47
 69.001   0.06122      49      46
 69.501   0.06000      50      47
 70.000   0.06122      49      46
 70.501   0.06000      50      47
 71.001   0.08000      50      46
 71.501   0.07843      51      47
 72.001   0.04082      49      47
 72.501   0.09804      51      46
 73.001   0.06000      50      47
 73.501   0.06122      49      46
 74.000   0.06000      50      47
 74.501   0.08000      50      46
 75.001   0.08000      50      46
 75.501   0.08163      49      45
 76.001   0.06000      50      47
 76.501   0.06122      49      46
 77.001   0.07843      51      47
 77.501   0.06000      50      47
 78.000   0.06122      49      46
 78.501   0.07843      51      47
 79.001   0.06122      49      46
 79.501   0.06000      50      47
 80.001   0.06000      50      47
 80.501   0.06122      49      46
 81.001   0.06000      50      47
 81.501   0.07843      51      47
 82.000   0.06122      49      46
 82.501   0.06122      49      46
 83.001   0.06000      50      47
 83.501   0.08000      50      46
 84.001   0.06000      50      47
 84.501   0.08000      50      46
 85.001   0.08163      49      45
 85.501   0.06122      49      46
 86.000   0.07843      51      47
 86.501   0.06000      50      47
 87.001   0.06122      49      46
 87.501   0.06122      49      46
 88.001   0.07843      51      47
 88.501   0.06000      50      47
 89.001   0.06122      49      46
 89.501   0.06000      50      47
 90.000   0.06122      49      46
 90.501   0.07843      51      47
 91.001   0.06000      50      47
 91.501   0.06000      50      47
 92.001   0.06122      49      46
 92.501   0.06000      50      47
 93.001   0.06122      49      46
 93.501   0.06000      50      47
 94.000   0.06000      50      47
 94.501   0.08000      50      46
 95.001   0.06000      50      47
 95.501   0.06122      49      46
 96.001   0.07843      51      47
 96.501   0.06000      50      47
 97.001   0.06122      49      46
 97.501   0.06000      50      47
 98.000   0.08000      50      46
 98.501   0.06000      50      47
 99.001   0.08000      50      46
 99.501   0.06000      50      47
100.001   0.06122      49      46
100.501   0.06000      50      47
101.001   0.08000      50      46
101.501   0.06000      50      47
102.000   0.06122      49      46
102.501   0.06000      50      47
103.001   0.08000      50      46
103.501   0.08000      50      46
104.001   0.06000      50      47
104.501   0.06122      49      46
105.001   0.06000      50      47
105.501   0.08000      50      46
106.000   0.06000      50      47
106.501   0.08000      50      46
107.001   0.06000      50      47
107.501   0.06122      49      46
108.001   0.06000      50      47
108.501   0.06122      49      46
109.001   0.06000      50      47
109.501   0.08000      50      46
110.000   0.06000      50      47
110.501   0.06000      50      47
111.001   0.06122      49      46
111.501   0.06000      50      47
112.001   0.08000      50      46
112.501   0.07843      51      47
113.001   0.04167      48      46
113.501   0.08000      50      46
114.000   0.06000      50      47
114.501   0.06000      50      47
115.001   0.08000      50      46
115.501   0.06000      50      47
116.001   0.06122      49      46
116.501   0.07843      51      47
117.001   0.06000      50      47
117.501   0.06122      49      46
118.000   0.06122      49      46
118.501   0.09804      51      46
119.001   0.06000      50      47
119.501   0.06122      49      46
120.001   0.06122      49      46
120.501   0.06000      50      47
121.001   0.06000      50      47
121.501   0.09804      51      46
122.000   0.06000      50      47
122.501   0.06122      49      46
123.001   0.06122      49      46
123.501   0.07843      51      47
124.001   0.06122      49      46
124.501   0.06000      50      47
125.001   0.06000      50      47
125.501   0.06122      49      46
126.000   0.07843      51      47
126.501   0.06122      49      46
127.001   0.06000      50      47
127.501   0.06122      49      46
128.001   0.07843      51      47
128.501   0.06122      49      46
129.001   0.06000      50      47
129.501   0.07843      51      47
130.000   0.08000      50      46
130.501   0.06000      50      47
131.001   0.06122      49      46
131.501   0.06122      49      46
132.001   0.07843      51      47
132.501   0.06000      50      47
133.001   0.06122      49      46
133.501   0.07843      51      47
134.000   0.06122      49      46
134.501   0.06000      50      47
135.001   0.08000      50      46
135.501   0.08000      50      46
136.001   0.06122      49      46
136.501   0.06000      50      47
137.001   0.07843      51      47
137.501   0.06122      49      46
138.000   0.06000      50      47
138.501   0.08000      50      46
139.001   0.06000      50      47
139.501   0.06122      49      46
140.001   0.08000      50      46
140.501   0.07843      51      47
141.001   0.06000      50      47
141.501   0.06122      49      46
142.000   0.06122      49      46
142.501   0.08000      50      46
143.001   0.08000      50      46
143.501   0.06000      50      47
144.001   0.04082      49      47
144.501   0.08000      50      46
145.001   0.06122      49      46
145.501   0.06000      50      47
146.000   0.08000      50      46
146.501   0.07843      51      47
147.001   0.06122      49      46
147.501   0.06122      49      46
148.001   0.07843      51      47
148.501   0.08000      50      46
149.001   0.06122      49      46
149.501   0.08000      50      46
150.000   0.07843      51      47
150.501   0.06122      49      46
151.001   0.06000      50      47
151.501   0.06122      49      46
152.001   0.06000      50      47
152.501   0.06122      49      46
153.001   0.09615      52      47
153.501   0.06250      48      45
154.000   0.07843      51      47
154.501   0.08000      50      46
155.001   0.06000      50      47
155.501   0.06122      49      46
156.001   0.08000      50      46
156.501   0.06122      49      46
157.001   0.06000      50      47
157.501   0.08000      50      46
158.000   0.06000      50      47
158.501   0.08000      50      46
159.001   0.06000      50      47
159.501   0.08000      50      46
160.001   0.06122      49      46
160.501   0.06000      50      47
161.001   0.06000      50      47
161.501   0.09804      51      46
162.000   0.06000      50      47
162.501   0.06000      50      47
163.001   0.06122      49      46
163.501   0.06122      49      46
164.001   0.06122      49      46
164.501   0.07843      51      47
165.001   0.08000      50      46
165.501   0.06122      49      46
166.000   0.06000      50      47
166.501   0.08000      50      46
167.001   0.06000      50      47
167.501   0.08000      50      46
168.001   0.06122      49      46
168.501   0.07843      51      47
169.001   0.06122      49      46
169.501   0.06000      50      47
170.000   0.06122      49      46
170.501   0.06000      50      47
171.001   0.08000      50      46
171.501   0.06122      49      46
172.001   0.06000      50      47
172.501   0.08000      50      46
173.001   0.07843      51      47
173.501   0.06122      49      46
174.001   0.36000      50      32
