  0.500   0.00000      46      46
  1.001   0.38776      49      30
  1.501   0.03922      51      49
  2.001   0.38000      50      31
  2.500   0.02041      49      48
  3.001   0.05882      51      48
  3.501   0.02000      50      49
  4.001   0.00000      50      50
  4.501   0.00000      49      49
  5.001   0.18000      50      41
  5.501   0.24000      50      38
  6.001   0.10204      49      44
  6.500   0.06000      50      47
  7.001   0.08000      50      46
  7.501   0.04000      50      48
  8.001   0.04000      50      48
  8.501   0.61224      49      19
  9.001   0.64706      51      18
  9.501   0.14286      49      42
 10.001   0.16000      50      42
 10.500   0.14286      49      42
 11.001   0.14000      50      43
 11.501   0.32653      49      33
 12.001   0.19608      51      41
 12.501   0.20000      50      40
 13.001   0.16327      49      41
 13.501   0.22000      50      39
 14.001   0.20000      50      40
 14.500   0.18000      50      41
 15.001   0.32000      50      34
 15.501   0.34694      49      32
 16.001   0.32000      50      34
 16.501   0.38000      50      31
 17.001   0.30612      49      34
 17.501   0.37255      51      32
 18.001   0.32653      49      33
 18.500   0.32653      49      33
 19.001   0.36000      50      32
 19.501   0.34000      50      33
 20.001   0.30612      49      34
 20.501   0.38000      50      31
 21.001   0.36000      50      32
 21.501   0.34694      49      32
 22.001   0.38776      49      30
 22.500   0.41176      51      30
 23.001   0.39583      48      29
 23.501   0.42000      50      29
 24.001   0.38000      50      31
 24.501   0.40000      50      30
 25.001   0.36735      49      31
 25.501   0.45833      48      26
 26.001   0.46000      50      27
 26.500   0.52000      50      24
 27.001   0.34694      49      32
 27.501   0.40816      49      29
 28.001   0.34000      50      33
 28.501   0.44898      49      27
 29.001   0.42000      50      29
 29.501   0.40816      49      29
 30.001   0.32653      49      33
 30.500   0.46939      49      26
 31.001   0.38000      50      31
 31.501   0.32000      50      34
 32.001   0.48000      50      26
 32.501   0.48980      49      25
 33.003   0.44898      49      27
 33.500   0.58000      50      21
 34.001   0.46000      50      27
 34.502   0.56000      50      22
 35.001   0.51020      49      24
 35.501   0.51020      49      24
 36.001   0.48000      50      26
 36.501   0.48980      49      25
 37.001   0.50000      50      25
 37.501   0.44898      49      27
 38.001   0.40000      50      30
 38.500   0.45098      51      28
 39.001   0.34694      49      32
 39.501   0.44898      49      27
 40.001   0.40000      50      30
 40.501   0.36735      49      31
 41.001   0.32653      49      33
 41.501   0.36735      49      31
 42.001   0.33333      51      34
 42.501   0.36000      50      32
 43.000   0.46939      49      26
 43.501   0.36000      50      32
 44.003   0.37255      51      32
 44.500   0.33333      48      32
 45.001   0.32000      50      34
 45.501   0.36735      49      31
 46.001   0.36000      50      32
 46.500   0.36000      50      32
 47.001   0.28571      49      35
 47.501   0.41176      51      30
 48.001   0.36735      49      31
 48.503   0.40000      50      30
 49.000   0.34000      50      33
 49.501   0.40816      49      29
 50.001   0.38000      50      31
 50.500   0.42857      49      28
 51.001   0.40000      50      30
 51.501   0.46000      50      27
 52.001   0.44898      49      27
 52.501   0.42857      49      28
 53.001   0.40816      49      29
 53.501   0.38000      50      31
 54.001   0.44898      49      27
 54.500   0.39216      51      31
 55.001   0.40000      50      30
 55.501   0.42857      49      28
 56.001   0.38000      50      31
 56.501   0.38000      50      31
 57.002   0.43750      48      27
 57.501   0.41176      51      30
 58.001   0.40816      49      29
 58.500   0.37255      51      32
 59.001   0.40816      49      29
 59.501   0.38776      49      30
 60.001   0.42000      50      29
 60.501   0.34000      50      33
 61.001   0.34694      49      32
 61.501   0.38000      50      31
 62.001   0.38776      49      30
 62.500   0.44000      50      28
 63.001   0.38776      49      30
 63.501   0.46000      50      27
 64.001   0.36000      50      32
 64.501   0.44898      49      27
 65.001   0.45098      51      28
 65.501   0.40816      49      29
 66.001   0.47917      48      25
 66.505   0.35294      51      33
 67.001   0.44898      49      27
 67.500   0.42000      50      29
 68.001   0.40816      49      29
 68.501   0.42000      50      29
 69.001   0.42857      49      28
 69.501   0.53061      49      23
 70.001   0.28000      50      36
 70.501   0.44000      50      28
 71.001   0.40000      50      30
 71.501   0.53061      49      23
 72.001   0.48000      50      26
 72.501   0.38776      49      30
 73.001   0.42000      50      29
 73.501   0.36735      49      31
 74.001   0.36735      49      31
 74.500   0.47059      51      27
 75.001   0.34000      50      33
 75.501   0.42857      49      28
 76.001   0.38000      50      31
 76.501   0.38776      49      30
 77.001   0.34000      50      33
 77.501   0.38776      49      30
 78.001   0.34000      50      33
 78.500   0.28571      49      35
 79.001   0.35294      51      33
 79.501   0.36735      49      31
 80.001   0.36735      49      31
 80.501   0.40000      50      30
 81.001   0.36000      50      32
 81.501   0.39583      48      29
 82.001   0.38000      50      31
 82.500   0.40000      50      30
 83.001   0.40816      49      29
 83.501   0.43137      51      29
 84.001   0.40816      49      29
 84.501   0.44898      49      27
 85.001   0.38000      50      31
 85.501   0.46000      50      27
 86.001   0.32653      49      33
 86.500   0.40000      50      30
 87.001   0.40000      50      30
 87.502   0.34694      49      32
 88.000   0.36000      50      32
 88.501   0.54000      50      23
 89.001   0.34000      50      33
 89.501   0.37500      48      30
 90.001   0.34000      50      33
 90.500   0.34000      50      33
 91.001   0.34694      49      32
 91.501   0.36735      49      31
 92.001   0.41176      51      30
 92.501   0.42857      49      28
 93.001   0.30000      50      35
 93.501   0.42000      50      29
 94.001   0.36735      49      31
 94.500   0.36000      50      32
 95.002   0.30612      49      34
 95.500   0.36000      50      32
 96.001   0.32653      49      33
 96.501   0.38000      50      31
 97.001   0.40000      50      30
 97.501   0.38776      49      30
 98.001   0.42000      50      29
 98.500   0.32000      50      34
 99.001   0.38776      49      30
 99.501   0.46000      50      27
100.001   0.36735      49      31
100.501   0.38000      50      31
101.001   0.32653      49      33
101.501   0.36000      50      32
102.002   0.40000      50      30
102.500   0.40000      50      30
103.001   0.33333      48      32
103.501   0.38000      50      31
104.001   0.38000      50      31
104.501   0.38776      49      30
105.001   0.38000      50      31
105.501   0.40816      49      29
106.001   0.40000      50      30
106.500   0.34694      49      32
107.001   0.28000      50      36
107.501   0.48000      50      26
108.001   0.30000      50      35
108.501   0.38776      49      30
109.001   0.35294      51      33
109.502   0.33333      48      32
110.001   0.36735      49      31
110.500   0.38776      49      30
111.001   0.36000      50      32
111.501   0.34694      49      32
112.001   0.36538      52      33
112.501   0.36735      49      31
113.001   0.36735      49      31
113.501   0.36735      49      31
114.001   0.34000      50      33
114.500   0.36000      50      32
115.001   0.30000      50      35
115.503   0.44898      49      27
116.000   0.44000      50      28
116.501   0.36735      49      31
117.001   0.40000      50      30
117.501   0.38000      50      31
118.001   0.36735      49      31
118.501   0.44898      49      27
119.001   0.42000      50      29
119.500   0.50000      50      25
120.001   0.42000      50      29
120.501   0.39583      48      29
121.001   0.45098      51      28
121.501   0.32653      49      33
122.001   0.34694      49      32
122.500   0.32000      50      34
123.001   0.36735      49      31
123.501   0.41176      51      30
124.003   0.40816      49      29
124.501   0.42000      50      29
125.001   0.36000      50      32
125.501   0.40000      50      30
126.001   0.36000      50      32
126.500   0.37500      48      30
127.001   0.38776      49      30
127.501   0.40000      50      30
128.001   0.36000      50      32
128.501   0.32653      49      33
129.001   0.43137      51      29
129.501   0.46000      50      27
130.004   0.29167      48      34
130.501   0.48000      50      26
131.001   0.42000      50      29
131.501   0.36000      50      32
132.001   0.44898      49      27
132.501   0.42857      49      28
133.001   0.35294      51      33
133.501   0.32000      50      34
134.001   0.40816      49      29
134.500   0.42000      50      29
135.002   0.61224      49      19
