  0.500   0.00000      41      41
  1.001   0.39216      51      31
  1.501   0.24490      49      37
  2.001   0.00000      50      50
  2.501   0.02000      50      49
  3.001   0.00000      50      50
  3.500   0.06000      50      47
  4.000   0.32000      50      34
  4.501   0.18367      49      40
  5.001   0.02041      49      48
  5.501   0.11765      51      45
  6.001   0.00000      49      49
  6.501   0.00000      50      50
  7.001   0.01961      51      50
  7.500   0.06122      49      46
  8.002   0.00000      50      50
  8.500   0.04082      49      47
  9.001   0.02000      50      49
  9.501   0.12000      50      44
 10.001   0.02083      48      47
 10.501   0.09804      51      46
 11.001   0.00000      49      49
 11.500   0.08000      50      46
 12.001   0.00000      49      49
 12.501   0.04000      50      48
 13.001   0.02000      50      49
 13.501   0.10000      50      45
 14.001   0.03922      51      49
 14.501   0.04000      50      48
 15.001   0.00000      49      49
 15.500   0.08163      49      45
 16.001   0.02000      50      49
 16.501   0.07843      51      47
 17.001   0.02000      50      49
 17.501   0.08163      49      45
 18.001   0.01961      51      50
 18.501   0.00000      49      49
 19.001   0.02000      50      49
 19.500   0.10000      50      45
 20.001   0.00000      49      49
 20.501   0.06000      50      47
 21.001   0.04000      50      48
 21.501   0.12000      50      44
 22.001   0.00000      49      49
 22.501   0.02000      50      49
 23.001   0.01961      51      50
 23.500   0.08000      50      46
 24.001   0.02000      50      49
 24.501   0.08000      50      46
 25.001   0.06000      50      47
 25.501   0.16000      50      42
 26.001   0.02000      50      49
 26.501   0.04000      50      48
 27.001   0.02041      49      48
 27.500   0.08000      50      46
 28.001   0.02000      50      49
 28.501   0.08000      50      46
 29.001   0.00000      49      49
 29.501   0.14000      50      43
 30.001   0.02000      50      49
 30.501   0.04000      50      48
 31.001   0.04000      50      48
 31.500   0.10204      49      44
 32.001   0.05882      51      48
 32.501   0.12000      50      44
 33.001   0.04000      50      48
 33.501   0.16327      49      41
 34.001   0.04000      50      48
 34.501   0.06000      50      47
 35.001   0.06000      50      47
 35.500   0.12245      49      43
 36.001   0.09804      51      46
 36.501   0.10204      49      44
 37.001   0.05882      51      48
 37.501   0.16000      50      42
 38.001   0.02041      49      48
 38.501   0.04000      50      48
 39.001   0.04000      50      48
 39.500   0.10000      50      45
 40.002   0.02000      50      49
 40.500   0.10000      50      45
 41.001   0.00000      49      49
 41.501   0.14000      50      43
 42.001   0.06000      50      47
 42.501   0.04000      50      48
 43.001   0.04000      50      48
 43.500   0.08000      50      46
 44.001   0.02000      50      49
 44.501   0.10000      50      45
 45.001   0.04082      49      47
 45.501   0.12245      49      43
 46.001   0.03922      51      49
 46.501   0.04000      50      48
 47.001   0.04082      49      47
 47.500   0.11765      51      45
 48.002   0.04000      50      48
 48.500   0.10000      50      45
 49.001   0.06000      50      47
 49.501   0.14286      49      42
 50.001   0.04082      49      47
 50.501   0.06000      50      47
 51.001   0.06000      50      47
 51.500   0.10000      50      45
 52.001   0.08000      50      46
 52.501   0.08000      50      46
 53.001   0.06000      50      47
 53.501   0.12245      49      43
 54.001   0.04000      50      48
 54.501   0.07843      51      47
 55.001   0.06122      49      46
 55.500   0.10000      50      45
 56.001   0.04082      49      47
 56.501   0.10000      50      45
 57.001   0.05882      51      48
 57.501   0.10204      49      44
 58.001   0.06000      50      47
 58.501   0.04000      50      48
 59.001   0.06000      50      47
 59.500   0.12000      50      44
 60.001   0.03922      51      49
 60.501   0.06122      49      46
 61.001   0.04000      50      48
 61.501   0.12245      49      43
 62.001   0.03922      51      49
 62.501   0.06000      50      47
 63.001   0.08000      50      46
 63.500   0.10000      50      45
 64.001   0.04082      49      47
 64.501   0.12000      50      44
 65.001   0.06000      50      47
 65.501   0.14000      50      43
 66.001   0.04000      50      48
 66.501   0.06000      50      47
 67.001   0.06000      50      47
 67.500   0.08333      48      44
 68.001   0.05882      51      48
 68.501   0.12245      49      43
 69.001   0.02000      50      49
 69.501   0.15686      51      43
 70.001   0.06000      50      47
 70.501   0.04082      49      47
 71.001   0.04000      50      48
 71.500   0.09804      51      46
 72.002   0.04000      50      48
 72.501   0.08163      49      45
 73.001   0.04000      50      48
 73.501   0.14000      50      43
 74.001   0.02000      50      49
 74.501   0.06122      49      46
 75.001   0.02000      50      49
 75.500   0.08000      50      46
 76.001   0.06000      50      47
 76.501   0.08000      50      46
 77.001   0.02000      50      49
 77.501   0.10204      49      44
 78.001   0.03922      51      49
 78.501   0.04000      50      48
 79.001   0.04000      50      48
 79.500   0.06122      49      46
 80.002   0.04000      50      48
 80.500   0.08000      50      46
 81.001   0.03922      51      49
 81.501   0.10204      49      44
 82.001   0.02041      49      48
 82.501   0.04000      50      48
 83.001   0.02000      50      49
 83.500   0.10000      50      45
 84.001   0.04000      50      48
 84.501   0.08000      50      46
 85.001   0.03922      51      49
 85.501   0.12000      50      44
 86.001   0.02041      49      48
 86.501   0.04000      50      48
 87.001   0.04082      49      47
 87.500   0.12000      50      44
 88.001   0.00000      50      50
 88.501   0.08000      50      46
 89.001   0.02000      50      49
 89.501   0.12000      50      44
 90.001   0.02000      50      49
 90.501   0.02000      50      49
 91.001   0.04000      50      48
 91.500   0.10000      50      45
 92.001   0.00000      49      49
 92.501   0.08000      50      46
 93.001   0.02000      50      49
 93.501   0.10000      50      45
 94.001   0.00000      49      49
 94.501   0.03922      51      49
 95.001   0.02041      49      48
 95.500   0.08000      50      46
 96.001   0.02000      50      49
 96.501   0.08000      50      46
 97.001   0.04000      50      48
 97.501   0.12000      50      44
 98.001   0.04000      50      48
 98.501   0.04000      50      48
 99.001   0.00000      50      50
 99.500   0.08000      50      46
100.004   0.02000      50      49
100.501   0.07843      51      47
101.001   0.02041      49      48
101.501   0.12245      49      43
102.001   0.02000      50      49
102.501   0.01961      51      50
103.001   0.02041      49      48
103.500   0.10000      50      45
104.002   0.04000      50      48
104.500   0.10000      50      45
105.001   0.04000      50      48
105.501   0.12245      49      43
106.001   0.03922      51      49
106.501   0.04000      50      48
107.001   0.02000      50      49
107.500   0.08163      49      45
108.001   0.02000      50      49
108.501   0.06000      50      47
109.001   0.02041      49      48
109.501   0.11765      51      45
110.001   0.04082      49      47
110.501   0.04000      50      48
111.001   0.04000      50      48
111.500   0.08000      50      46
112.002   0.02000      50      49
112.500   0.08163      49      45
113.001   0.02041      49      48
113.501   0.12000      50      44
114.001   0.02000      50      49
114.501   0.06000      50      47
115.001   0.02041      49      48
115.501   0.11765      51      45
116.000   0.08696      46      42
116.501   0.08000      50      46
117.001   0.06000      50      47
117.501   0.14000      50      43
118.001   0.02041      49      48
118.501   0.07843      51      47
119.001   0.06122      49      46
119.500   0.10000      50      45
120.001   0.02000      50      49
120.501   0.10000      50      45
121.001   0.02000      50      49
121.501   0.10204      49      44
122.001   0.02000      50      49
122.501   0.04000      50      48
123.001   0.05882      51      48
123.500   0.08000      50      46
124.001   0.02041      49      48
124.501   0.08000      50      46
125.001   0.02000      50      49
125.501   0.10204      49      44
126.001   0.05882      51      48
126.501   0.02000      50      49
127.001   0.04082      49      47
127.500   0.08000      50      46
128.001   0.04000      50      48
128.501   0.08163      49      45
129.001   0.02000      50      49
129.501   0.16000      50      42
130.001   0.03922      51      49
130.501   0.04000      50      48
131.001   0.04082      49      47
131.500   0.10204      49      44
132.001   0.00000      50      50
132.501   0.10000      50      45
133.001   0.04000      50      48
133.501   0.12245      49      43
134.001   0.06000      50      47
134.501   0.07843      51      47
135.001   0.06000      50      47
135.500   0.06122      49      46
136.002   0.03922      51      49
136.500   0.08163      49      45
137.001   0.04000      50      48
137.501   0.10000      50      45
138.001   0.02000      50      49
138.501   0.02000      50      49
139.001   0.04000      50      48
139.500   0.08000      50      46
140.001   0.03922      51      49
140.501   0.08163      49      45
141.001   0.04000      50      48
141.501   0.12245      49      43
142.001   0.02000      50      49
142.501   0.04000      50      48
143.001   0.02041      49      48
143.501   0.11765      51      45
144.002   0.02041      49      48
144.501   0.13725      51      44
145.001   0.02083      48      47
145.501   0.14000      50      43
146.001   0.05882      51      48
146.501   0.02041      49      48
147.001   0.05882      51      48
147.500   0.10000      50      45
148.001   0.04000      50      48
148.501   0.10000      50      45
149.001   0.04000      50      48
149.501   0.15385      39      33
150.001   0.06000      50      47
150.501   0.02041      49      48
151.001   0.05882      51      48
151.500   0.10000      50      45
152.001   0.02000      50      49
152.501   0.10000      50      45
153.001   0.02000      50      49
153.501   0.12245      49      43
154.001   0.07843      51      47
154.501   0.00000      50      50
155.001   0.00000      49      49
155.500   0.06000      50      47
156.001   0.00000      50      50
156.501   0.00000      50      50
157.001   0.00000      50      50
157.501   0.08000      50      46
158.001   0.00000      50      50
158.501   0.00000      50      50
159.001   0.00000      50      50
159.500   0.04082      49      47
160.001   0.00000      50      50
160.501   0.00000      50      50
161.001   0.00000      50      50
161.501   0.06250      48      45
162.001   0.01961      51      50
162.501   0.00000      50      50
163.001   0.00000      50      50
163.500   0.04000      50      48
164.001   0.00000      50      50
164.501   0.00000      50      50
165.001   0.00000      49      49
165.501   0.08000      50      46
166.001   0.00000      50      50
166.501   0.00000      50      50
167.001   0.00000      50      50
167.500   0.04000      50      48
168.001   0.00000      50      50
168.501   0.00000      49      49
169.001   0.01961      51      50
169.501   0.08000      50      46
170.001   0.00000      50      50
170.501   0.00000      50      50
171.001   0.00000      50      50
171.500   0.04082      49      47
172.001   0.00000      50      50
172.501   0.00000      50      50
173.001   0.00000      50      50
173.501   0.10000      50      45
174.001   0.32000      50      34
