  6.011 6007.000   3.000
  9.012 3000.000   4.000
 12.013 3000.000   5.000
 15.015 3000.000   6.000
 18.015 2999.000   6.000
 21.015 2999.000   7.000
 24.016 3000.000   8.000
 27.009 2992.000   8.000
 30.015 3007.000   7.000
 33.027 3011.000   8.000
 36.018 2990.000   7.000
 39.017 2998.000   8.000
 42.015 2999.000   7.000
 45.016 3000.000   8.000
 48.016 3000.000   8.000
 51.049 3031.000   9.000
 54.047 3000.000   7.000
 57.048 2999.000   8.000
 60.038 2990.000   7.000
 63.016 2978.000   7.000
 66.041 3022.000   9.000
 69.015 2976.000   7.000
 72.016 3000.000   7.000
 75.029 3010.000   9.000
 78.025 2998.000   6.000
 81.015 2989.000   8.000
 84.018 3000.000  10.000
 87.037 3021.000   7.000
 90.015 2977.000   8.000
 93.016 3000.000   8.000
 96.028 3011.000   9.000
 99.027 2999.000   8.000
102.016 2988.000   9.000
105.016 3000.000   8.000
108.016 3000.000   8.000
111.018 3000.000  10.000
114.018 2999.000  10.000
117.015 2999.000   7.000
120.029 3010.000  10.000
123.017 2989.000   8.000
126.018 2999.000  10.000
129.017 3001.000   8.000
132.028 3009.000  10.000
135.019 2990.000  11.000
138.017 2999.000  10.000
141.022 3000.000  14.000
144.019 2999.000  11.000
147.020 3001.000  10.000
150.040 3019.000  11.000
153.019 2980.000   9.000
