891 0 37
1000 0 40
1738 0 73
1000 0 41
1881 0 80
1000 0 41
2112 0 90
1000 0 41
1951 0 84
1000 0 41
2018 0 85
1000 0 42
2168 0 92
1000 0 41
2306 0 98
1000 0 41
2338 0 99
1000 0 41
2019 0 86
1000 0 41
2033 0 86
1000 0 41
2006 0 85
1000 0 41
2130 0 91
1000 0 41
2072 0 90
1000 0 41
2070 0 88
1000 0 41
1992 0 85
1000 0 40
2052 0 87
1000 0 41
2066 0 88
1000 0 41
1974 0 84
1000 0 41
2047 0 88
1000 0 41
2173 0 92
1000 0 41
2244 0 96
1000 0 41
1934 0 83
1000 0 41
2124 0 90
1000 0 41
2136 0 91
1000 0 41
2175 0 93
1000 0 41
1987 0 85
1000 0 41
2167 0 92
1000 0 41
2036 0 88
1000 0 41
2076 0 89
1000 0 41
2092 0 89
1000 0 40
2207 0 94
1000 0 41
2061 0 88
1000 0 41
2181 0 93
1000 0 41
2102 0 90
1000 0 45
2049 0 88
1000 0 41
2053 0 88
1000 0 41
2015 0 86
1000 0 41
2127 0 91
1000 0 41
2088 0 89
1000 0 41
1960 0 84
1000 0 41
2120 0 91
1000 0 41
1919 0 82
1000 0 41
886 0 40
753 0 31
322 675 21
213 753 16
18 441 7
22 198 4
34 461 8
28 252 5
93 538 11
23 207 4
28 438 7
25 225 5
24 553 8
25 225 5
34 513 8
25 225 5
75 466 10
25 225 5
19 645 9
25 225 5
29 717 10
25 234 5
23 545 8
25 225 5
70 581 11
25 225 5
25 495 8
24 216 5
44 630 10
25 225 5
33 540 9
26 234 5
68 609 11
27 243 5
34 486 8
25 225 5
34 510 8
25 225 5
44 630 10
25 225 5
62 675 11
22 198 4
17 622 9
26 243 5
23 623 9
25 225 5
36 538 9
25 225 5
83 729 13
25 234 5
58 639 11
25 234 5
21 664 10
25 234 5
19 609 9
26 234 5
81 752 13
22 207 4
50 650 11
29 261 5
5 469 7
24 216 5
29 505 9
26 234 5
88 685 13
25 225 5
52 566 10
25 225 5
35 637 10
25 225 5
48 687 11
25 225 5
96 753 14
24 216 5
35 727 11
25 225 5
25 553 9
25 225 5
45 595 10
26 234 5
96 730 14
25 225 5
44 568 10
25 225 5
44 642 11
25 225 5
48 624 11
25 225 5
64 819 13
25 225 5
35 677 10
25 225 5
35 730 11
25 225 5
43 647 11
25 225 5
63 782 13
25 225 5
45 591 10
25 225 5
13 608 9
25 225 5
40 627 10
25 225 5
63 662 12
21 198 4
52 597 11
28 252 5
62 594 11
25 225 5
42 704 11
22 207 4
114 734 15
28 252 5
51 653 12
25 225 5
28 668 10
25 225 5
33 759 11
25 225 5
94 741 14
25 225 5
37 738 11
26 234 5
26 726 11
25 225 5
56 685 12
25 225 5
84 807 14
25 225 5
36 714 11
25 225 5
46 778 12
25 225 5
44 591 11
25 225 5
89 828 15
24 216 5
46 806 13
25 225 5
19 633 10
25 225 5
42 586 11
25 225 5
68 840 14
25 225 5
57 691 12
25 225 5
59 699 12
24 225 5
37 751 12
26 234 5
82 786 14
25 225 5
26 775 12
25 225 5
27 567 10
25 225 5
52 655 12
22 198 4
94 832 15
28 252 5
49 647 11
25 225 5
29 691 11
22 198 4
33 704 11
28 252 5
95 772 14
25 225 5
52 723 12
25 225 5
41 701 11
25 225 5
28 603 10
26 234 5
78 688 13
24 216 5
55 714 12
26 234 5
927 0 38
801 0 29
276 676 20
175 801 13
53 567 9
50 450 7
117 596 12
50 450 7
52 652 10
50 450 7
108 793 14
50 450 7
43 755 11
50 450 7
104 757 14
50 450 7
66 779 12
50 450 7
111 768 14
45 414 6
54 714 11
55 495 8
102 783 14
50 450 7
43 795 12
50 450 7
155 897 17
50 450 7
39 867 12
50 450 7
125 914 16
49 441 7
31 693 10
51 459 7
155 874 17
50 450 7
71 836 13
50 450 7
143 1021 18
50 450 7
52 757 12
50 450 7
149 896 17
50 450 7
84 810 14
49 441 7
112 980 17
48 432 7
67 934 14
53 477 7
123 939 17
50 450 7
46 818 12
50 450 7
119 887 16
49 450 7
105 863 15
51 459 7
163 912 18
50 450 7
54 919 14
50 450 7
141 980 18
46 414 6
70 913 14
54 486 7
133 1035 18
50 450 7
78 899 15
50 450 7
141 1062 19
50 450 7
53 826 13
50 450 7
125 1001 18
50 450 7
99 983 16
50 450 7
116 999 18
50 450 7
70 867 14
50 450 7
152 979 19
46 423 6
58 973 15
54 486 7
142 1000 18
50 450 7
69 885 14
49 441 7
145 962 18
51 459 7
84 778 14
50 450 7
105 945 17
50 450 7
20 657 10
50 450 7
129 823 16
50 450 7
93 795 14
50 450 7
99 891 16
50 450 7
95 818 15
46 414 6
120 982 17
54 486 7
53 733 12
50 450 7
128 873 17
50 450 7
78 691 13
50 450 7
153 870 18
50 450 7
112 789 15
46 423 6
168 965 19
54 486 7
88 849 15
50 450 7
176 1005 20
50 450 7
48 854 13
50 450 7
132 1002 18
50 450 7
108 873 16
44 396 6
144 988 19
56 504 7
64 876 14
50 450 7
146 948 18
50 450 7
101 801 15
50 450 7
174 872 19
50 450 7
82 786 15
50 450 7
124 886 17
886 0 38
790 0 30
353 684 23
251 749 16
174 763 15
100 900 12
160 966 16
100 900 12
155 894 15
100 900 12
182 915 17
97 873 12
138 957 15
103 897 12
199 1044 18
96 873 12
148 1022 16
100 900 12
217 1032 19
104 896 12
210 1096 20
100 900 12
216 1035 19
100 900 12
181 1127 19
96 873 12
173 1112 18
100 899 12
213 1063 19
104 896 12
234 1089 20
100 900 12
217 1123 20
100 900 12
214 1167 21
100 900 12
182 1148 19
100 900 12
226 1176 22
100 900 12
178 1136 19
98 882 12
217 1162 21
102 898 12
210 1131 20
100 900 12
236 1123 21
99 891 12
121 1125 17
100 900 12
210 1028 19
98 900 12
214 1102 20
102 898 12
169 1147 19
98 891 12
202 1018 19
102 898 12
258 1042 21
100 900 12
255 1115 22
98 882 12
239 1190 22
102 898 12
213 1193 21
100 900 12
219 1128 21
100 900 12
237 1055 21
100 900 12
250 1008 21
100 900 12
207 1070 20
100 900 12
251 1035 22
100 900 12
218 1068 21
100 900 12
213 1103 21
100 900 12
235 1143 22
100 900 12
227 1095 21
100 900 12
177 1132 20
100 900 12
237 1110 22
100 900 12
289 1108 24
100 900 12
269 1173 23
100 900 12
235 1022 21
100 900 12
232 1141 22
100 900 12
246 1134 22
100 900 12
193 1187 21
100 900 12
172 1176 20
100 900 12
207 1045 20
96 864 12
204 1007 20
104 896 12
245 1110 22
100 900 12
164 1108 19
100 900 12
225 1069 21
96 864 12
198 1048 19
104 896 12
197 1034 20
100 900 12
153 1013 17
100 900 12
179 1000 18
100 900 12
211 1019 19
868 0 37
818 0 50
469 651 27
300 700 20
299 928 24
200 800 17
346 911 25
199 801 17
337 985 26
201 798 17
397 989 29
199 801 17
410 1012 30
201 799 17
328 1073 26
200 800 17
461 1021 32
200 800 17
431 1051 31
200 800 17
411 1122 31
199 801 17
385 1110 30
201 799 17
423 1122 32
200 800 17
362 1133 29
200 800 17
353 1070 28
200 800 16
521 966 34
200 800 17
426 1099 31
200 800 17
468 1099 33
200 800 16
494 1056 34
200 800 17
428 1109 32
200 800 17
429 1102 32
200 800 17
475 1064 34
200 800 17
405 1096 31
200 800 17
539 1132 37
200 800 16
486 1036 34
197 803 17
423 1170 32
203 797 17
360 1101 29
200 800 16
457 1034 33
200 800 17
393 1143 31
197 801 17
372 1031 29
203 797 17
360 959 28
200 800 17
374 980 28
200 800 17
394 889 27
200 800 17
498 926 33
200 800 16
523 1028 34
200 800 17
381 995 29
200 800 17
485 986 33
200 800 16
425 1052 32
200 800 16
424 1018 31
200 800 17
510 1056 35
200 800 17
445 1096 33
200 800 17
443 1101 33
200 800 17
495 1086 35
200 800 17
496 1090 35
200 800 17
487 1182 36
197 802 17
499 1136 36
203 797 17
495 1189 36
200 800 17
564 1195 39
198 802 17
541 1217 38
202 798 17
503 1218 37
200 800 17
508 1186 37
200 800 17
444 1196 34
200 800 17
595 1220 41
197 803 17
470 1297 37
201 799 17
449 1237 35
199 800 17
547 1181 38
891 0 36
942 0 34
638 632 30
400 600 20
652 796 33
400 600 20
766 837 37
400 600 20
823 867 39
399 600 20
792 893 39
398 602 20
827 895 40
403 597 20
735 931 38
400 600 20
939 838 44
400 600 20
897 984 44
400 600 20
858 912 42
400 600 20
862 873 42
400 600 20
984 897 47
400 600 20
863 911 43
400 600 20
795 919 40
399 600 20
742 841 37
400 600 20
729 830 36
400 600 20
964 720 44
400 600 20
914 823 43
400 600 20
880 901 43
400 600 20
931 902 45
400 600 20
900 920 44
400 600 20
963 963 47
400 600 20
942 966 46
400 600 20
1091 999 52
400 600 20
987 1011 48
400 600 20
1026 959 50
400 600 20
878 1065 45
400 600 20
1037 928 50
400 600 20
879 986 45
400 600 20
893 976 45
400 600 20
845 965 42
400 600 20
845 902 42
400 600 20
846 913 42
400 600 20
739 900 38
400 600 20
978 760 45
400 600 20
1017 902 48
400 600 20
843 897 42
399 601 20
886 851 43
400 600 20
909 862 44
401 599 20
907 888 44
400 600 20
898 943 45
400 600 20
910 857 44
399 601 20
980 823 47
401 599 20
777 921 40
400 600 20
934 808 44
400 600 20
1026 847 48
400 600 20
816 940 42
400 600 21
951 860 46
400 600 20
878 924 44
400 600 20
801 888 40
400 600 20
880 819 43
400 600 20
928 850 44
400 600 20
900 0 40
1000 0 36
958 475 46
600 400 26
1114 544 49
600 400 26
1189 611 52
600 400 26
1221 596 54
600 400 29
1154 648 52
600 400 26
1387 583 60
600 400 26
1328 643 65
600 400 26
1357 636 59
600 400 26
1252 626 55
601 399 26
1098 629 49
600 400 26
1254 555 54
600 400 26
1307 549 57
598 402 26
1297 618 57
602 398 26
1374 601 59
594 406 26
1411 630 61
606 394 26
1529 669 66
600 400 26
1449 699 63
600 400 26
1413 683 62
600 400 26
1490 631 64
600 400 26
1270 662 57
599 401 26
1248 657 55
600 400 26
1249 592 55
600 400 26
1245 602 54
600 400 26
1471 586 62
600 400 26
1242 615 55
600 400 26
1369 586 59
600 400 26
1370 644 60
600 400 26
1297 658 58
600 400 26
1334 540 58
600 400 26
1279 577 56
600 400 26
1426 606 62
600 400 26
1337 590 59
600 400 26
1271 665 57
597 403 26
1263 534 55
603 397 26
1267 558 55
600 400 26
1249 634 55
600 400 26
1397 557 60
600 400 26
1285 654 57
600 400 26
1346 626 59
597 403 26
1206 615 54
600 400 26
1366 585 59
604 396 26
1224 585 54
600 400 26
1220 623 54
594 406 26
1412 538 60
606 394 26
1179 619 53
600 400 26
1372 517 60
600 400 27
1402 675 61
598 402 26
1410 617 62
602 398 26
1456 644 63
600 400 26
1175 673 53
600 400 26
1235 568 55
600 400 26
896 0 38
1000 0 38
1303 245 60
797 202 34
1548 278 68
804 196 35
1598 279 70
799 201 35
1649 297 66
800 200 35
1700 373 75
800 200 35
1797 271 79
800 200 35
1598 298 71
797 202 35
1456 283 65
803 197 35
1757 238 76
800 200 35
1746 294 77
800 200 35
1812 339 80
796 204 35
1944 325 78
804 196 35
1961 321 86
800 200 35
1848 429 83
800 200 35
1715 295 76
800 200 35
1652 363 74
797 203 35
1547 329 69
803 197 35
1872 273 81
800 200 35
1683 283 75
800 200 35
1766 312 78
799 201 35
1749 319 72
800 200 35
1650 269 73
800 200 35
1884 244 76
801 199 35
1713 313 69
799 201 35
1625 320 73
798 202 35
1731 265 76
803 197 35
1608 309 68
800 200 35
1734 250 76
800 200 35
1785 271 79
800 200 35
1659 263 67
799 201 35
1651 293 73
801 199 35
1721 230 75
800 200 35
1714 320 76
795 205 35
1604 309 72
805 195 35
1854 307 81
800 200 35
1838 301 81
800 200 35
1819 326 81
797 203 35
1491 302 68
803 197 35
1590 265 64
800 200 35
1798 201 78
800 200 35
1804 324 80
800 200 35
1776 285 79
800 200 35
1862 299 82
800 200 35
1789 309 80
800 200 35
1715 259 76
800 200 35
1605 283 71
800 200 35
1822 279 80
800 200 35
1644 294 73
800 200 35
1720 236 75
800 200 35
1686 289 74
800 200 35
1894 256 83
898 0 40
1000 0 40
1610 0 68
1000 0 41
1935 5 82
1000 0 39
1881 0 80
998 2 39
2077 7 88
1000 0 41
2137 1 91
1000 0 39
1814 0 78
1000 0 41
2018 0 85
1000 0 41
2091 0 89
1000 0 41
2178 0 92
1000 0 40
2359 3 100
1000 0 41
2339 0 100
1000 0 41
2091 0 89
996 4 41
2014 0 86
1000 0 41
2031 0 86
1000 0 41
2129 0 90
995 3 41
2151 2 92
1000 0 41
2208 0 94
1000 0 41
2011 0 86
1000 0 41
2090 0 89
1000 0 41
2070 0 88
1000 0 41
1990 1 84
997 3 41
2045 0 86
1000 0 41
2097 0 89
1000 0 41
1997 0 85
998 2 41
2006 0 85
1000 0 41
2036 1 86
1000 0 41
1966 0 84
1000 0 41
2178 1 92
1000 0 41
2224 0 95
999 1 41
2071 6 89
1000 0 41
1993 0 85
1000 0 41
2072 7 89
1000 0 39
2115 1 90
1000 0 41
2307 0 98
1000 0 41
2174 0 93
1000 0 39
2086 0 89
1000 0 41
2055 0 87
1000 0 41
2063 0 88
1000 0 40
2112 0 90
996 3 41
1992 0 85
1000 0 41
2172 0 92
1000 0 40
2075 2 89
1000 0 41
2201 0 94
1000 0 42
2149 0 92
1000 0 42
2101 0 90
1000 0 41
2210 0 94
1000 0 41
2159 0 92
1000 0 41
2071 4 89
1000 0 41
2021 0 86
996 3 39
2100 0 90
1000 0 40
2091 0 89
890 0 36
1000 0 36
1675 0 64
1000 0 37
1940 0 74
1000 0 37
2080 0 79
1000 0 37
2124 0 82
1000 0 37
1815 0 70
1000 0 37
2047 0 78
1000 0 37
2169 0 83
1000 0 37
2309 0 88
1000 0 37
2268 0 87
1000 0 37
2095 0 81
1000 0 37
1980 0 76
1000 0 37
2198 0 84
1000 0 37
2035 0 78
1000 0 37
2130 0 82
1000 0 37
2021 0 78
1000 0 37
2130 0 82
1000 0 41
1933 0 75
1000 0 37
1949 0 75
1000 0 37
2095 0 80
1000 0 37
2001 0 77
1000 0 37
1984 0 76
1000 0 37
2084 0 80
1000 0 37
2019 0 78
1000 0 37
2179 0 83
1000 0 37
2070 0 81
999 0 37
1905 0 74
1000 0 37
2168 0 88
1000 0 37
2136 0 89
1000 0 37
2260 0 87
998 0 37
2078 0 81
1000 0 37
2123 0 82
1000 0 41
1988 0 77
1000 0 37
2078 0 80
1000 0 37
2192 0 84
1000 0 37
2092 0 81
1000 0 41
2217 0 86
1000 0 41
2094 0 81
1000 0 37
2238 0 86
1000 0 37
2130 0 91
1000 0 41
2061 0 81
1000 0 37
2130 0 82
1000 0 41
2052 0 80
998 0 37
2067 0 80
1000 0 41
2000 0 77
1000 0 37
2219 0 85
999 0 41
1975 0 77
1000 0 37
2141 0 83
1000 0 37
2083 0 82
1000 0 41
1918 0 74
1000 0 38
998 0 40
1000 0 37
1737 0 67
998 0 37
1844 0 71
1000 0 37
2117 0 81
1000 0 37
1935 0 75
1000 0 37
1995 0 76
1000 0 37
2152 0 83
1000 0 37
2376 0 92
1000 0 37
2268 0 88
1000 0 37
2044 0 79
1000 0 37
2035 0 79
1000 0 37
2005 0 78
998 0 37
2197 0 85
1000 0 37
2114 0 82
1000 0 37
2084 0 84
1000 0 37
1995 0 77
1000 0 37
2008 0 77
1000 0 37
2054 0 80
1000 0 37
2000 0 78
998 0 37
2054 0 80
1000 0 37
2217 0 86
1000 0 37
2242 0 87
1000 0 37
2004 0 78
1000 0 37
2114 0 82
1000 0 37
2128 0 82
1000 0 37
2195 0 85
1000 0 37
1947 0 76
1000 0 37
2101 0 82
1000 0 38
2026 0 79
1000 0 37
2056 0 80
1000 0 37
2136 0 83
1000 0 37
2205 0 85
1000 0 37
2041 0 80
1000 0 37
2168 0 84
1000 0 38
2102 0 82
1000 0 37
2022 0 78
1000 0 37
2063 0 80
1000 0 37
2011 0 79
1000 0 38
2092 0 81
1000 0 38
2061 0 80
1000 0 37
2045 0 80
1000 0 38
2082 0 81
1000 0 38
1913 0 75
