 17.057  17000    11     1    4.63   30.05   36.83     30.05     34.90      0.53    0.01
 17.058  17000    12     1    1.32   21.69   24.15     20.21     24.15      0.38    0.00
 17.810    749    11     1    4.68    1.54    1.87      1.52      1.75      0.62    0.01
 17.810    749    12     1    1.34    1.06    1.16      1.00      1.14      0.42    0.00
 18.559    749    11     1    4.79    1.76    2.06      1.76      1.99      0.70    0.01
 18.559    749    12     1    1.37    1.15    1.25      1.08      1.23      0.46    0.01
 19.308    749    11     1    4.86    1.95    2.24      1.93      2.15      0.78    0.01
 19.308    749    12     1    1.39    1.24    1.34      1.14      1.31      0.49    0.01
 20.057    750    11     1    5.00    2.18    2.47      2.16      2.37      0.87    0.01
 20.058    750    12     1    1.41    1.31    1.41      1.22      1.36      0.52    0.01
 20.809    750    11     1    5.04    2.35    2.62      2.33      2.54      0.94    0.01
 20.809    750    12     1    1.44    1.38    1.48      1.28      1.43      0.55    0.01
 21.559    749    11     1    5.06    2.48    2.73      2.44      2.65      0.99    0.01
 21.559    749    12     1    1.46    1.44    1.53      1.33      1.48      0.58    0.01
 22.309    749    11     1    5.08    2.64    2.87      2.58      2.79      1.06    0.01
 22.309    749    12     1    1.47    1.49    1.58      1.39      1.52      0.60    0.01
 23.057    749    11     1    5.16    2.78    3.03      2.71      2.92      1.11    0.01
 23.057    749    12     1    1.51    1.54    1.63      1.43      1.57      0.62    0.01
 23.808    750    11     1    5.23    2.93    3.17      2.85      3.06      1.17    0.01
 23.808    750    12     1    1.53    1.59    1.69      1.47      1.62      0.64    0.01
 24.558    749    11     1    5.31    3.06    3.28      2.97      3.19      1.22    0.01
 24.558    749    12     1    1.54    1.62    1.72      1.50      1.64      0.65    0.01
 25.310    750    11     1    5.38    3.20    3.38      3.08      3.30      1.28    0.01
 25.310    750    12     1    1.56    1.66    1.76      1.54      1.68      0.66    0.01
 26.060    749    11     1    5.41    3.27    3.47      3.16      3.37      1.31    0.01
 26.060    749    12     1    1.57    1.69    1.79      1.57      1.72      0.68    0.01
 26.809    750    11     1    5.42    3.37    3.54      3.24      3.45      1.35    0.01
 26.809    750    12     1    1.58    1.73    1.82      1.60      1.74      0.69    0.01
 27.561    753    11     1    5.46    3.48    3.65      3.36      3.57      1.39    0.01
 27.561    753    12     1    1.59    1.78    1.86      1.64      1.78      0.71    0.01
 28.307    746    11     1    5.47    3.56    3.71      3.41      3.62      1.43    0.01
 28.307    746    12     1    1.60    1.79    1.88      1.65      1.79      0.72    0.01
 29.057    749    11     1    5.52    3.66    3.81      3.52      3.73      1.46    0.02
 29.057    749    12     1    1.60    1.84    1.91      1.68      1.82      0.74    0.01
 29.810    750    11     1    5.56    3.74    3.92      3.61      3.83      1.50    0.02
 29.810    750    12     1    1.61    1.87    1.94      1.70      1.85      0.75    0.01
 30.558    749    11     1    5.59    3.84    3.98      3.69      3.90      1.54    0.02
 30.558    749    12     1    1.62    1.89    1.96      1.73      1.86      0.76    0.01
 31.308    752    11     1    5.62    3.91    4.08      3.77      3.99      1.56    0.02
 31.308    752    12     1    1.63    1.92    1.99      1.75      1.89      0.77    0.01
 32.058    747    11     1    5.65    3.97    4.12      3.82      4.04      1.60    0.02
 32.058    747    12     1    1.64    1.92    1.99      1.76      1.90      0.77    0.01
 32.807    750    11     1    5.68    4.05    4.22      3.91      4.13      1.62    0.02
 32.807    750    12     1    1.65    1.95    2.03      1.79      1.92      0.78    0.01
 33.558    749    11     1    5.73    4.10    4.26      3.97      4.18      1.64    0.02
 33.558    749    12     1    1.65    1.96    2.04      1.80      1.94      0.79    0.01
 34.310    749    11     1    5.76    4.15    4.32      4.01      4.23      1.66    0.02
 34.311    749    12     1    1.65    1.98    2.06      1.82      1.95      0.79    0.01
 35.057    749    11     1    5.77    4.21    4.37      4.08      4.29      1.69    0.02
 35.057    749    12     1    1.65    2.00    2.07      1.83      1.96      0.80    0.01
 17.649  17500    11     1    4.27   36.66   37.88     32.38     37.27      0.63    0.01
 17.649  17500    12     1    1.27   22.41   28.01     24.28     28.01      0.38    0.00
 19.152   1500    11     1    4.53    3.71    3.89      3.30      3.76      0.74    0.01
 19.152   1500    12     1    1.35    2.30    2.81      2.44      2.76      0.46    0.01
 20.651   1499    11     1    4.73    4.18    4.30      3.82      4.26      0.84    0.01
 20.651   1499    12     1    1.41    2.67    3.07      2.75      3.07      0.53    0.01
 22.149   1501    11     1    4.91    4.56    4.74      4.20      4.63      0.91    0.01
 22.149   1501    12     1    1.43    2.89    3.32      2.96      3.28      0.58    0.01
 23.653   1498    11     1    5.07    4.94    5.07      4.62      5.04      0.99    0.01
 23.653   1498    12     1    1.46    3.09    3.51      3.15      3.44      0.62    0.01
 25.149   1499    11     1    5.13    5.22    5.42      4.89      5.31      1.04    0.01
 25.149   1499    12     1    1.48    3.23    3.67      3.32      3.61      0.65    0.01
 26.649   1499    11     1    5.26    5.50    5.68      5.23      5.66      1.10    0.01
 26.649   1499    12     1    1.51    3.37    3.78      3.43      3.73      0.68    0.01
 28.153   1499    11     1    5.39    5.76    5.98      5.46      5.91      1.15    0.01
 28.153   1499    12     1    1.52    3.52    3.90      3.54      3.82      0.70    0.01
 29.653   1500    11     1    5.43    5.94    6.15      5.64      6.08      1.19    0.01
 29.653   1500    12     1    1.54    3.60    4.00      3.63      3.91      0.72    0.01
 31.150   1499    11     1    5.47    6.14    6.37      5.85      6.29      1.23    0.01
 31.150   1499    12     1    1.56    3.67    4.06      3.71      4.00      0.73    0.01
 32.649   1499    11     1    5.55    6.35    6.55      6.05      6.51      1.27    0.01
 32.649   1499    12     1    1.59    3.75    4.14      3.79      4.06      0.75    0.01
 34.149   1501    11     1    5.61    6.53    6.76      6.22      6.68      1.31    0.01
 34.149   1501    12     1    1.62    3.81    4.22      3.85      4.12      0.76    0.01
 35.653   1498    11     1    5.68    6.71    6.89      6.38      6.83      1.34    0.01
 35.654   1498    12     1    1.63    3.87    4.27      3.90      4.18      0.77    0.01
 37.150   1499    11     1    5.76    6.85    7.04      6.50      6.97      1.37    0.01
 37.150   1499    12     1    1.63    3.93    4.33      3.95      4.22      0.79    0.01
 38.652   1500    11     1    5.76    6.97    7.15      6.63      7.10      1.39    0.01
 38.652   1500    12     1    1.64    3.97    4.36      4.00      4.26      0.79    0.01
 40.148   1499    11     1    5.71    6.99    7.25      6.64      7.11      1.40    0.01
 40.148   1499    12     1    1.63    4.01    4.41      4.03      4.30      0.80    0.01
 41.656   1500    11     1    5.71    7.02    7.26      6.69      7.15      1.40    0.01
 41.656   1500    12     1    1.61    4.06    4.45      4.07      4.34      0.81    0.01
 43.150   1499    11     1    5.69    7.03    7.30      6.71      7.19      1.41    0.01
 43.150   1499    12     1    1.60    4.10    4.48      4.11      4.37      0.82    0.01
 44.652   1499    11     1    5.64    7.04    7.30      6.75      7.23      1.41    0.01
 44.652   1499    12     1    1.59    4.13    4.52      4.13      4.41      0.83    0.01
 46.148   1501    11     1    5.67    7.14    7.43      6.86      7.35      1.43    0.01
 46.148   1501    12     1    1.59    4.16    4.54      4.17      4.44      0.83    0.01
 47.653   1499    11     1    5.68    7.24    7.49      6.94      7.43      1.45    0.01
 47.653   1499    12     1    1.58    4.20    4.57      4.20      4.45      0.84    0.01
 49.149   1499    11     1    5.72    7.33    7.60      7.01      7.50      1.47    0.02
 49.149   1499    12     1    1.58    4.23    4.60      4.22      4.47      0.85    0.01
 50.654   1501    11     1    5.74    7.42    7.67      7.11      7.61      1.48    0.02
 50.654   1501    12     1    1.58    4.27    4.63      4.25      4.51      0.85    0.01
 18.532  18500    11     1    4.36   37.50   40.53     35.69     41.74      0.61    0.01
 18.533  18500    12     1    1.31   25.24   34.47     27.08     30.77      0.41    0.01
 21.532   2999    11     1    4.73    7.20    7.95      6.89      7.80      0.72    0.01
 21.532   2999    12     1    1.41    5.38    6.91      5.61      6.22      0.54    0.01
 24.530   2999    11     1    4.97    8.03    9.01      7.72      8.64      0.80    0.01
 24.531   2999    12     1    1.47    6.24    7.80      6.37      6.99      0.62    0.01
 27.533   2999    11     1    5.21    8.80    9.95      8.44      9.43      0.88    0.01
 27.533   2999    12     1    1.57    6.78    8.36      6.89      7.46      0.68    0.01
 30.538   3000    11     1    5.36    9.59   10.54      8.96      9.95      0.96    0.01
 30.538   3000    12     1    1.61    7.26    8.76      7.31      7.86      0.73    0.01
 33.533   3000    11     1    5.50   10.24   11.23      9.49     10.48      1.02    0.01
 33.533   3000    12     1    1.64    7.59    9.03      7.59      8.15      0.76    0.01
 36.532   2999    11     1    5.61   10.60   11.77      9.89     10.88      1.06    0.01
 36.532   2999    12     1    1.66    7.88    9.17      7.81      8.35      0.79    0.01
 39.535   3000    11     1    5.65   10.87   12.15     10.16     11.19      1.09    0.01
 39.535   3000    12     1    1.67    8.09    9.38      7.99      8.54      0.81    0.01
 42.534   2999    11     1    5.60   10.99   12.31     10.20     11.23      1.10    0.01
 42.534   2999    12     1    1.66    8.23    9.52      8.14      8.67      0.82    0.01
 45.536   3000    11     1    5.55   11.10   12.42     10.38     11.43      1.11    0.01
 45.536   3000    12     1    1.64    8.40    9.70      8.27      8.81      0.84    0.01
 48.537   2999    11     1    5.58   11.36   12.76     10.59     11.66      1.14    0.01
 48.538   2999    12     1    1.62    8.57    9.77      8.37      8.89      0.86    0.01
 51.533   2999    11     1    5.63   11.59   12.98     10.78     11.87      1.16    0.01
 51.533   2999    12     1    1.62    8.71    9.85      8.46      8.97      0.87    0.01
 54.532   3000    11     1    5.63   11.69   13.14     10.89     11.99      1.17    0.01
 54.532   3000    12     1    1.61    8.87    9.95      8.54      9.06      0.89    0.01
 57.533   2999    11     1    5.64   11.89   13.29     11.01     12.13      1.19    0.01
 57.533   2999    12     1    1.61    8.95   10.01      8.61      9.14      0.90    0.01
 60.539   3000    11     1    5.68   12.09   13.35     11.19     12.32      1.21    0.01
 60.539   3000    12     1    1.61    9.09   10.09      8.67      9.19      0.91    0.01
 63.534   2999    11     1    5.67   12.19   13.60     11.32     12.46      1.22    0.01
 63.534   2999    12     1    1.60    9.23   10.14      8.74      9.25      0.92    0.01
 66.534   3000    11     1    5.66   12.30   13.71     11.38     12.53      1.23    0.01
 66.534   3000    12     1    1.60    9.26   10.15      8.79      9.29      0.93    0.01
 69.531   2999    11     1    5.68   12.33   13.72     11.42     12.56      1.23    0.01
 69.531   2999    12     1    1.59    9.35   10.19      8.83      9.34      0.94    0.01
 72.533   3000    11     1    5.67   12.31   13.75     11.45     12.59      1.23    0.01
 72.533   3000    12     1    1.59    9.40   10.26      8.87      9.37      0.94    0.01
 75.532   2999    11     1    5.62   12.23   13.76     11.41     12.56      1.22    0.01
 75.532   2999    12     1    1.60    9.43   10.31      8.90      9.41      0.94    0.01
 20.724  20000    11     1    4.73   34.20   36.72     30.18     35.71      0.51    0.01
 20.725  20000    12     1    1.35   27.53   29.57     26.00     30.08      0.41    0.00
 26.726   5999    11     1    5.25   12.67   13.50     11.53     13.29      0.63    0.01
 26.726   5999    12     1    1.50    9.54    9.96      9.01     10.27      0.48    0.00
 32.725   5999    11     1    5.48   14.17   15.28     13.22     15.12      0.71    0.01
 32.725   5999    12     1    1.56   10.21   10.61      9.73     10.92      0.51    0.01
 38.725   6000    11     1    5.64   15.42   16.45     14.33     16.38      0.77    0.01
 38.726   6000    12     1    1.61   10.81   11.00     10.17     11.33      0.54    0.01
 44.725   5999    11     1    5.55   15.83   16.91     14.76     16.85      0.79    0.01
 44.726   5999    12     1    1.57   11.11   11.27     10.41     11.59      0.56    0.01
 50.726   5999    11     1    5.63   16.55   17.80     15.58     17.80      0.83    0.01
 50.726   5999    12     1    1.56   11.33   11.47     10.63     11.79      0.57    0.01
 56.725   5999    11     1    5.63   17.13   18.39     16.12     18.39      0.86    0.01
 56.725   5999    12     1    1.54   11.45   11.61     10.76     11.94      0.57    0.01
 62.726   5999    11     1    5.66   17.70   18.93     16.61     18.93      0.88    0.01
 62.726   5999    12     1    1.53   11.51   11.73     10.86     12.05      0.58    0.01
 68.724   5999    11     1    5.68   17.92   19.20     16.88     19.23      0.90    0.01
 68.724   5999    12     1    1.52   11.56   11.82     10.97     12.15      0.58    0.01
 74.726   5999    11     1    5.62   18.02   19.27     16.98     19.33      0.90    0.01
 74.726   5999    12     1    1.52   11.72   11.89     11.06     12.22      0.59    0.01
 80.730   5999    11     1    5.58   17.96   19.27     16.98     19.33      0.90    0.01
 80.731   5999    12     1    1.54   11.79   11.96     11.11     12.29      0.59    0.01
 86.725   5999    11     1    5.60   18.24   19.50     17.16     19.55      0.91    0.01
 86.725   5999    12     1    1.54   11.88   12.04     11.18     12.34      0.59    0.01
 92.724   5999    11     1    5.63   18.46   19.68     17.33     19.73      0.92    0.01
 92.724   5999    12     1    1.55   11.96   12.08     11.21     12.36      0.60    0.01
 98.724   5999    11     1    5.67   18.67   19.90     17.53     19.96      0.93    0.01
 98.724   5999    12     1    1.56   12.05   12.12     11.26     12.41      0.60    0.01
104.727   5999    11     1    5.71   18.87   20.17     17.79     20.23      0.94    0.01
104.727   5999    12     1    1.56   12.05   12.15     11.29     12.44      0.60    0.01
110.725   5999    11     1    5.75   19.19   20.53     18.09     20.61      0.96    0.01
110.725   5999    12     1    1.56   12.09   12.18     11.33     12.47      0.60    0.01
116.726   6000    11     1    5.79   19.44   20.76     18.31     20.83      0.97    0.01
116.726   6000    12     1    1.57   12.12   12.21     11.35     12.50      0.61    0.01
122.726   5999    11     1    5.87   19.61   20.98     18.50     21.06      0.98    0.01
122.726   5999    12     1    1.57   12.15   12.25     11.38     12.53      0.61    0.01
 26.023  25000    11     1    5.86   43.33   55.19     40.23     47.45      0.52    0.01
 26.024  25000    12     1    1.69   31.81   41.20     31.29     37.55      0.38    0.00
 38.023  11999    11     1    6.17   24.86   31.54     23.58     27.70      0.62    0.01
 38.024  11999    12     1    1.75   16.15   20.16     15.58     18.15      0.40    0.01
 50.023  11999    11     1    6.00   26.49   33.67     25.30     29.78      0.66    0.01
 50.025  11999    12     1    1.66   16.01   20.41     15.71     18.31      0.40    0.01
 62.023  12000    11     1    5.96   27.69   35.66     26.92     31.60      0.69    0.01
 62.024  12000    12     1    1.61   16.08   20.55     15.78     18.31      0.40    0.01
 74.023  11999    11     1    5.89   28.43   36.78     27.80     32.61      0.71    0.01
 74.023  11999    12     1    1.59   16.07   20.50     15.82     18.38      0.40    0.01
 86.023  11999    11     1    5.84   28.62   37.18     28.10     33.03      0.72    0.01
 86.023  11999    12     1    1.60   16.11   20.53     15.84     18.37      0.40    0.01
 98.023  11999    11     1    5.86   28.95   37.75     28.54     33.53      0.72    0.01
 98.023  11999    12     1    1.61   16.14   20.59     15.91     18.41      0.40    0.01
110.023  11999    11     1    5.94   29.67   38.78     29.27     34.42      0.74    0.01
110.023  11999    12     1    1.61   16.08   20.64     15.92     18.44      0.40    0.01
122.023  12000    11     1    6.03   30.35   39.77     30.03     35.31      0.76    0.01
122.023  12000    12     1    1.61   16.18   20.65     15.93     18.43      0.40    0.01
134.023  11999    11     1    6.17   30.57   40.14     30.31     35.63      0.76    0.01
134.023  11999    12     1    1.62   16.10   20.65     15.94     18.45      0.40    0.01
146.023  12000    11     1    6.31   30.58   40.22     30.38     35.69      0.76    0.01
146.023  12000    12     1    1.61   16.12   20.65     15.94     18.44      0.40    0.01
158.023  11999    11     1    6.37   30.78   40.28     30.45     35.77      0.77    0.01
158.023  11999    12     1    1.61   16.08   20.68     15.97     18.46      0.40    0.01
170.023  11999    11     1    6.40   30.84   40.43     30.57     35.91      0.77    0.01
170.023  11999    12     1    1.61   16.08   20.68     15.98     18.45      0.40    0.01
182.023  11999    11     1    6.38   30.99   40.77     30.78     36.15      0.77    0.01
182.023  11999    12     1    1.61   16.07   20.70     15.98     18.47      0.40    0.01
194.023  11999    11     1    6.39   31.08   40.83     30.84     36.23      0.78    0.01
194.023  11999    12     1    1.60   16.11   20.70     15.98     18.46      0.40    0.01
206.023  11999    11     1    6.45   31.07   40.92     30.91     36.29      0.78    0.01
206.023  11999    12     1    1.60   16.12   20.71     15.98     18.47      0.40    0.01
218.023  11999    11     1    6.41   31.05   40.93     30.92     36.32      0.78    0.01
218.023  11999    12     1    1.59   16.15   20.71     16.00     18.48      0.40    0.01
 31.009  30001    11     1    5.42   44.27   57.59     42.12     50.71      0.44    0.01
 31.009  30001    12     1    1.42   29.02   39.41     29.88     35.95      0.29    0.00
 49.007  17999    11     1    5.62   31.55   42.60     31.55     37.80      0.53    0.01
 49.007  17999    12     1    1.44   18.25   24.82     18.98     22.63      0.30    0.00
 67.007  17999    11     1    5.66   34.92   47.58     35.33     42.31      0.58    0.01
 67.007  17999    12     1    1.41   18.78   25.49     19.39     23.05      0.31    0.00
 85.008  18000    11     1    5.61   35.33   48.53     36.19     43.25      0.59    0.01
 85.008  18000    12     1    1.42   18.99   25.76     19.61     23.27      0.32    0.00
103.007  17999    11     1    5.70   36.53   50.26     37.53     44.84      0.61    0.01
103.008  17999    12     1    1.44   18.99   25.93     19.69     23.47      0.32    0.00
121.007  17999    11     1    5.84   37.82   52.33     39.09     46.72      0.63    0.01
121.007  17999    12     1    1.45   19.20   26.05     19.79     23.56      0.32    0.00
139.009  17999    11     1    6.06   38.53   53.52     39.99     47.76      0.64    0.01
139.009  17999    12     1    1.46   19.31   26.18     19.86     23.62      0.32    0.00
157.007  17999    11     1    6.18   38.71   53.82     40.19     48.03      0.65    0.01
157.007  17999    12     1    1.46   19.40   26.24     19.92     23.66      0.32    0.00
175.008  18000    11     1    6.23   39.10   54.27     40.53     48.42      0.65    0.01
175.008  18000    12     1    1.46   19.43   26.32     19.97     23.70      0.32    0.00
193.008  17999    11     1    6.22   39.28   54.63     40.80     48.74      0.65    0.01
193.008  17999    12     1    1.46   19.45   26.35     20.00     23.73      0.32    0.00
211.010  17999    11     1    6.28   39.64   55.02     41.09     49.08      0.66    0.01
211.010  17999    12     1    1.46   19.56   26.38     20.03     23.78      0.33    0.00
229.009  17999    11     1    6.25   39.78   54.93     41.02     49.00      0.66    0.01
229.009  17999    12     1    1.45   19.67   26.43     20.05     23.80      0.33    0.00
247.007  17999    11     1    6.25   39.97   55.17     41.17     49.17      0.67    0.01
247.008  17999    12     1    1.45   19.77   26.47     20.05     23.81      0.33    0.00
265.008  18000    11     1    6.29   39.97   55.23     41.21     49.23      0.67    0.01
265.008  18000    12     1    1.45   19.81   26.49     20.07     23.83      0.33    0.00
283.009  17999    11     1    6.33   39.99   55.30     41.26     49.30      0.67    0.01
283.009  17999    12     1    1.46   19.80   26.52     20.09     23.84      0.33    0.00
301.007  17999    11     1    6.32   40.10   55.46     41.39     49.45      0.67    0.01
301.007  17999    12     1    1.46   19.79   26.53     20.10     23.87      0.33    0.00
319.008  17999    11     1    6.37   40.19   55.61     41.50     49.57      0.67    0.01
319.008  17999    12     1    1.46   19.83   26.56     20.12     23.88      0.33    0.00
 36.017  35000    11     1    5.63   49.71   66.70     48.47     58.83      0.43    0.01
 36.018  35000    12     1    1.58   34.19   42.94     32.10     39.19      0.29    0.00
 60.017  24001    11     1    5.67   40.65   55.98     41.41     50.00      0.51    0.01
 60.017  24001    12     1    1.52   23.24   30.78     23.24     28.16      0.29    0.00
 84.017  24000    11     1    5.59   42.75   59.35     44.12     53.26      0.53    0.01
 84.017  24000    12     1    1.53   23.58   31.48     23.58     28.53      0.29    0.00
108.015  23998    11     1    5.73   45.68   62.54     46.40     56.15      0.57    0.01
108.016  23998    12     1    1.55   23.68   31.60     23.84     28.80      0.30    0.00
132.017  23999    11     1    5.97   48.13   65.53     48.71     58.89      0.60    0.01
132.017  23999    12     1    1.56   23.68   31.81     23.94     28.97      0.30    0.00
156.017  24000    11     1    6.18   48.16   65.98     49.08     59.34      0.60    0.01
156.017  24000    12     1    1.56   24.00   32.00     24.06     29.08      0.30    0.00
180.017  24000    11     1    6.22   48.65   67.01     49.86     60.27      0.61    0.01
180.017  24000    12     1    1.56   23.91   32.10     24.14     29.17      0.30    0.00
204.017  23998    11     1    6.27   49.02   67.78     50.28     60.76      0.61    0.01
204.017  23998    12     1    1.56   23.96   32.20     24.16     29.22      0.30    0.00
228.017  23999    11     1    6.27   48.94   67.98     50.43     60.90      0.61    0.01
228.017  23999    12     1    1.55   23.93   32.26     24.22     29.24      0.30    0.00
252.017  24002    11     1    6.26   48.99   68.19     50.59     61.11      0.61    0.01
252.017  24002    12     1    1.55   23.77   32.30     24.23     29.28      0.30    0.00
276.017  23997    11     1    6.34   48.98   68.22     50.62     61.12      0.61    0.01
276.017  23997    12     1    1.56   23.76   32.33     24.27     29.31      0.30    0.00
300.017  24000    11     1    6.34   49.12   68.54     50.85     61.42      0.61    0.01
300.017  24000    12     1    1.56   23.70   32.36     24.30     29.34      0.30    0.00
324.019  24001    11     1    6.38   49.50   68.73     51.01     61.62      0.62    0.01
324.019  24001    12     1    1.56   23.70   32.38     24.31     29.37      0.30    0.00
348.020  24000    11     1    6.41   49.34   68.81     51.10     61.71      0.62    0.01
348.020  24000    12     1    1.56   23.70   32.42     24.33     29.37      0.30    0.00
372.017  23997    11     1    6.46   49.42   69.15     51.36     62.01      0.62    0.01
372.017  23997    12     1    1.57   23.65   32.44     24.33     29.38      0.30    0.00
396.017  24002    11     1    6.47   49.30   69.23     51.41     62.08      0.62    0.01
396.017  24002    12     1    1.57   23.63   32.46     24.35     29.41      0.30    0.00
420.017  23999    11     1    6.52   49.36   69.27     51.43     62.13      0.62    0.01
420.017  23999    12     1    1.57   23.63   32.49     24.35     29.42      0.30    0.00
 41.019  40001    11     1    5.65   52.87   71.30     54.07     66.09      0.40    0.01
 41.019  40001    12     1    1.48   32.21   42.28     34.63     42.28      0.24    0.00
 71.019  29999    11     1    5.71   47.87   63.67     50.24     61.15      0.48    0.01
 71.019  29999    12     1    1.41   25.67   33.43     27.25     33.27      0.26    0.00
101.020  30000    11     1    5.71   49.95   66.46     52.85     64.21      0.50    0.01
101.020  30000    12     1    1.44   26.10   34.04     27.71     33.94      0.26    0.00
131.020  29999    11     1    5.99   53.37   71.37     56.61     68.94      0.53    0.01
131.020  29999    12     1    1.47   26.32   34.36     27.94     34.20      0.26    0.00
161.021  29999    11     1    6.21   53.95   71.95     57.41     69.80      0.54    0.01
161.021  29999    12     1    1.48   26.58   34.55     28.15     34.42      0.27    0.00
191.021  30000    11     1    6.25   54.89   73.16     58.54     71.20      0.55    0.01
191.021  30000    12     1    1.47   26.81   34.68     28.23     34.51      0.27    0.00
221.021  29999    11     1    6.28   54.99   73.32     58.79     71.50      0.55    0.01
221.022  29999    12     1    1.47   26.79   34.77     28.29     34.63      0.27    0.00
251.022  29999    11     1    6.30   55.20   73.53     59.10     71.85      0.55    0.01
251.022  29999    12     1    1.47   26.86   34.84     28.34     34.67      0.27    0.00
281.022  29999    11     1    6.38   55.29   73.47     59.13     71.90      0.55    0.01
281.022  29999    12     1    1.48   26.84   34.89     28.41     34.71      0.27    0.00
311.022  30000    11     1    6.40   55.56   73.86     59.51     72.37      0.56    0.01
311.022  30000    12     1    1.48   26.79   34.94     28.44     34.77      0.27    0.00
341.021  29999    11     1    6.43   55.60   73.75     59.50     72.31      0.56    0.01
341.021  29999    12     1    1.48   26.84   34.97     28.46     34.79      0.27    0.00
371.028  29999    11     1    6.49   55.93   74.26     59.95     72.89      0.56    0.01
371.028  29999    12     1    1.49   26.88   35.00     28.47     34.84      0.27    0.00
401.019  30000    11     1    6.50   55.96   74.30     60.03     72.97      0.56    0.01
401.019  30000    12     1    1.49   26.89   35.03     28.49     34.85      0.27    0.00
431.025  29999    11     1    6.56   55.92   74.39     60.15     73.11      0.56    0.01
431.025  29999    12     1    1.49   26.92   35.07     28.53     34.86      0.27    0.00
461.022  29999    11     1    6.60   56.08   74.65     60.38     73.39      0.56    0.01
461.022  29999    12     1    1.49   26.97   35.09     28.53     34.89      0.27    0.00
491.022  29999    11     1    6.65   56.24   74.86     60.56     73.62      0.56    0.01
491.022  29999    12     1    1.50   26.89   35.10     28.54     34.90      0.27    0.00
521.021  30001    11     1    6.68   56.27   74.91     60.61     73.68      0.56    0.01
521.021  30001    12     1    1.50   26.90   35.12     28.55     34.93      0.27    0.00
 46.028  45001    11     1    5.65   57.60   70.92     56.81     69.35      0.38    0.00
 46.028  45001    12     1    1.47   32.28   40.54     33.85     41.33      0.22    0.00
 82.027  35999    11     1    5.67   56.86   67.20     54.92     66.88      0.47    0.01
 82.027  35999    12     1    1.43   27.37   33.52     27.85     34.00      0.23    0.00
118.033  35998    11     1    5.90   56.34   72.90     59.73     72.79      0.52    0.01
118.033  35998    12     1    1.46   27.68   33.89     28.12     34.44      0.23    0.00
154.027  36001    11     1    6.24   55.07   75.47     61.94     75.47      0.53    0.01
154.027  36001    12     1    1.48   27.84   34.17     28.34     34.58      0.23    0.00
190.025  36001    11     1    6.30   55.45   76.96     63.20     76.96      0.54    0.01
190.025  36001    12     1    1.48   27.74   34.27     28.40     34.73      0.23    0.00
226.029  36000    11     1    6.34   56.04   75.73     63.77     77.73      0.53    0.01
226.029  36000    12     1    1.47   27.51   34.33     28.44     34.77      0.23    0.00
262.026  35997    11     1    6.38   57.61   75.91     63.94     77.91      0.53    0.01
262.026  35997    12     1    1.47   27.39   34.42     28.47     34.85      0.23    0.00
298.025  36002    11     1    6.43   56.05   75.22     64.20     78.22      0.53    0.01
298.025  36002    12     1    1.48   27.14   34.50     28.54     34.87      0.23    0.00
334.026  36001    11     1    6.48   57.97   78.49     64.47     78.56      0.52    0.01
334.027  36001    12     1    1.48   27.01   34.52     28.56     34.92      0.23    0.00
370.027  36002    11     1    6.55   56.87   75.14     65.02     79.20      0.52    0.01
370.027  36002    12     1    1.49   27.04   34.53     28.57     34.93      0.23    0.00
406.027  35996    11     1    6.59   55.54   75.20     65.10     79.29      0.52    0.01
406.027  35996    12     1    1.49   26.97   34.57     28.57     34.93      0.22    0.00
442.025  35998    11     1    6.65   55.42   75.38     65.26     79.49      0.52    0.01
442.025  35998    12     1    1.50   26.81   34.58     28.61     34.97      0.22    0.00
478.029  35998    11     1    6.71   56.54   75.91     65.68     79.99      0.52    0.01
478.029  35998    12     1    1.50   26.75   34.61     28.61     34.97      0.22    0.00
514.027  36001    11     1    6.74   58.39   76.19     65.87     80.23      0.52    0.01
514.027  36001    12     1    1.50   26.65   34.62     28.62     35.00      0.22    0.00
550.027  36000    11     1    6.78   55.42   78.13     65.85     80.19      0.52    0.01
550.027  36000    12     1    1.52   26.54   34.64     28.62     35.00      0.22    0.00
586.026  35997    11     1    6.79   57.46   76.26     65.96     80.34      0.52    0.01
586.026  35997    12     1    1.53   26.57   34.66     28.64     35.01      0.22    0.00
 60.442  57001    11     1    5.83   86.95   65.58     69.56     85.14      0.46    0.00
 60.442  57001    12     1    1.46   25.99   40.72     31.26     38.17      0.19    0.00
102.443  42000    11     1    5.82   55.52   61.67     54.40     66.56      0.50    0.00
102.443  42000    12     1    1.46   28.74   33.56     25.54     31.19      0.22    0.00
144.440  41999    11     1    6.23   57.60   70.08     57.36     70.18      0.53    0.01
144.440  41999    12     1    1.49   27.88   35.03     26.51     32.47      0.23    0.00
186.442  41999    11     1    6.33   58.49   72.34     57.90     70.84      0.55    0.01
186.442  41999    12     1    1.49   26.61   35.73     27.02     33.06      0.24    0.00
228.441  42000    11     1    6.36   57.86   74.69     58.24     71.19      0.56    0.01
228.441  42000    12     1    1.48   28.07   36.17     27.39     33.50      0.24    0.00
270.449  41999    11     1    6.40   57.20   75.37     58.20     71.16      0.56    0.01
270.449  41999    12     1    1.48   25.43   36.51     27.60     33.74      0.25    0.00
312.442  42000    11     1    6.43   58.54   76.34     58.77     71.88      0.56    0.01
312.442  42000    12     1    1.48   25.60   36.72     27.75     33.91      0.25    0.00
354.442  41999    11     1    6.46   57.83   77.18     58.92     72.01      0.56    0.01
354.442  41999    12     1    1.48   27.49   36.91     27.86     34.08      0.25    0.00
396.441  41999    11     1    6.48   57.31   77.74     59.00     72.15      0.55    0.01
396.442  41999    12     1    1.49   25.47   37.07     27.98     34.18      0.25    0.00
438.448  42000    11     1    6.56   56.89   78.09     59.06     72.20      0.55    0.01
438.448  42000    12     1    1.49   28.36   37.19     28.05     34.29      0.25    0.00
480.442  42000    11     1    6.61   56.66   78.62     59.27     72.48      0.55    0.01
480.442  42000    12     1    1.50   27.36   37.29     28.10     34.36      0.25    0.00
522.442  41999    11     1    6.64   56.25   78.95     59.27     72.47      0.54    0.01
522.442  41999    12     1    1.50   26.30   37.38     28.15     34.44      0.25    0.00
564.444  42000    11     1    6.67   55.81   79.13     59.25     72.46      0.54    0.01
564.444  42000    12     1    1.52   25.28   37.45     28.21     34.48      0.24    0.00
606.441  41999    11     1    6.69   55.33   79.28     59.16     72.33      0.54    0.01
606.442  41999    12     1    1.53   27.26   37.53     28.24     34.54      0.24    0.00
