This file contains any messages produced by compilers while
running configure, to aid debugging if configure makes a mistake.

It was created by configure, which was
generated by GNU Autoconf 2.67.  Invocation command line was

  $ ./configure --enable-shared --disable-static --with-nmstl=/opt/borealis-tools/nmstl --with-xercesc=/opt/borealis-tools/xercesc --with-antlr=/opt/borealis-tools/antlr --with-bdb=/opt/borealis-tools/db --with-glpk=/opt/borealis-tools/glpk

## --------- ##
## Platform. ##
## --------- ##

hostname = hellojinjie
uname -m = i686
uname -r = 2.6.38-11-generic-pae
uname -s = Linux
uname -v = #50-Ubuntu SMP Mon Sep 12 22:21:04 UTC 2011

/usr/bin/uname -p = unknown
/bin/uname -X     = unknown

/bin/arch              = unknown
/usr/bin/arch -k       = unknown
/usr/convex/getsysinfo = unknown
/usr/bin/hostinfo      = unknown
/bin/machine           = unknown
/usr/bin/oslevel       = unknown
/bin/universe          = unknown

PATH: /home/jj/Workspace/borealis_summer_2008/polaris/tool/head
PATH: /home/jj/Workspace/borealis_summer_2008/polaris/tool/marshal
PATH: /opt/borealis-tools/nmstl/bin
PATH: /opt/borealis-tools/gsl/bin
PATH: /opt/borealis-tools/antlr/bin
PATH: /opt/borealis-tools/glpk/bin
PATH: /opt/borealis-tools/gcc/bin
PATH: /opt/borealis-tools/db/bin
PATH: /opt/borealis-tools/ccache/bin
PATH: /opt/borealis-tools/antlr/bin
PATH: /home/jj/bin
PATH: /usr/local/sbin
PATH: /usr/local/bin
PATH: /usr/sbin
PATH: /usr/bin
PATH: /sbin
PATH: /bin
PATH: /usr/games
PATH: /opt/borealis-tools/nmstl/bin


## ----------- ##
## Core tests. ##
## ----------- ##

configure:2528: checking for a BSD-compatible install
configure:2596: result: /usr/bin/install -c
configure:2607: checking whether build environment is sane
configure:2657: result: yes
configure:2798: checking for a thread-safe mkdir -p
configure:2837: result: /bin/mkdir -p
configure:2850: checking for gawk
configure:2866: found /usr/bin/gawk
configure:2877: result: gawk
configure:2888: checking whether make sets $(MAKE)
configure:2910: result: yes
configure:3039: checking for gcc
configure:3066: result: /opt/borealis-tools/nmstl/bin/wtf gcc
configure:3295: checking for C compiler version
configure:3304: /opt/borealis-tools/nmstl/bin/wtf gcc --version >&5
gcc (GCC) 4.1.1
Copyright (C) 2006 Free Software Foundation, Inc.
This is free software; see the source for copying conditions.  There is NO
warranty; not even for MERCHANTABILITY or FITNESS FOR A PARTICULAR PURPOSE.

configure:3315: $? = 0
configure:3304: /opt/borealis-tools/nmstl/bin/wtf gcc -v >&5
Using built-in specs.
Target: i686-pc-linux-gnu
Configured with: ../gcc-4.1.1/configure --program-prefix=4.1.1 --prefix=/opt/borealis-tools/gcc --enable-languages=c,c++ : (reconfigured) ../gcc-4.1.1/configure --prefix=/opt/borealis-tools/gcc --enable-languages=c,c++
Thread model: posix
gcc version 4.1.1
configure:3315: $? = 0
configure:3304: /opt/borealis-tools/nmstl/bin/wtf gcc -V >&5
gcc: '-V' option must have argument
configure:3315: $? = 1
configure:3304: /opt/borealis-tools/nmstl/bin/wtf gcc -qversion >&5
gcc: unrecognized option '-qversion'
gcc: no input files
configure:3315: $? = 1
configure:3335: checking whether the C compiler works
configure:3357: /opt/borealis-tools/nmstl/bin/wtf gcc    conftest.c  >&5
configure:3361: $? = 0
configure:3409: result: yes
configure:3412: checking for C compiler default output file name
configure:3414: result: a.out
configure:3420: checking for suffix of executables
configure:3427: /opt/borealis-tools/nmstl/bin/wtf gcc -o conftest    conftest.c  >&5
configure:3431: $? = 0
configure:3453: result: 
configure:3475: checking whether we are cross compiling
configure:3483: /opt/borealis-tools/nmstl/bin/wtf gcc -o conftest    conftest.c  >&5
configure:3487: $? = 0
configure:3494: ./conftest
configure:3498: $? = 0
configure:3513: result: no
configure:3518: checking for suffix of object files
configure:3540: /opt/borealis-tools/nmstl/bin/wtf gcc -c   conftest.c >&5
configure:3544: $? = 0
configure:3565: result: o
configure:3569: checking whether we are using the GNU C compiler
configure:3588: /opt/borealis-tools/nmstl/bin/wtf gcc -c   conftest.c >&5
configure:3588: $? = 0
configure:3597: result: yes
configure:3606: checking whether /opt/borealis-tools/nmstl/bin/wtf gcc accepts -g
configure:3626: /opt/borealis-tools/nmstl/bin/wtf gcc -c -g  conftest.c >&5
configure:3626: $? = 0
configure:3667: result: yes
configure:3684: checking for /opt/borealis-tools/nmstl/bin/wtf gcc option to accept ISO C89
configure:3748: /opt/borealis-tools/nmstl/bin/wtf gcc  -c -g -O2  conftest.c >&5
configure:3748: $? = 0
configure:3761: result: none needed
configure:3792: checking for style of include used by make
configure:3820: result: GNU
configure:3845: checking dependency style of /opt/borealis-tools/nmstl/bin/wtf gcc
configure:3955: result: gcc3
configure:4082: checking for C++ compiler version
configure:4091: /opt/borealis-tools/nmstl/bin/wtf g++ --version >&5
g++ (GCC) 4.1.1
Copyright (C) 2006 Free Software Foundation, Inc.
This is free software; see the source for copying conditions.  There is NO
warranty; not even for MERCHANTABILITY or FITNESS FOR A PARTICULAR PURPOSE.

configure:4102: $? = 0
configure:4091: /opt/borealis-tools/nmstl/bin/wtf g++ -v >&5
Using built-in specs.
Target: i686-pc-linux-gnu
Configured with: ../gcc-4.1.1/configure --program-prefix=4.1.1 --prefix=/opt/borealis-tools/gcc --enable-languages=c,c++ : (reconfigured) ../gcc-4.1.1/configure --prefix=/opt/borealis-tools/gcc --enable-languages=c,c++
Thread model: posix
gcc version 4.1.1
configure:4102: $? = 0
configure:4091: /opt/borealis-tools/nmstl/bin/wtf g++ -V >&5
g++: '-V' option must have argument
configure:4102: $? = 1
configure:4091: /opt/borealis-tools/nmstl/bin/wtf g++ -qversion >&5
g++: unrecognized option '-qversion'
g++: no input files
configure:4102: $? = 1
configure:4106: checking whether we are using the GNU C++ compiler
configure:4125: /opt/borealis-tools/nmstl/bin/wtf g++ -c   conftest.cpp >&5
configure:4125: $? = 0
configure:4134: result: yes
configure:4143: checking whether /opt/borealis-tools/nmstl/bin/wtf g++ accepts -g
configure:4163: /opt/borealis-tools/nmstl/bin/wtf g++ -c -g  conftest.cpp >&5
configure:4163: $? = 0
configure:4204: result: yes
configure:4229: checking dependency style of /opt/borealis-tools/nmstl/bin/wtf g++
configure:4339: result: gcc3
configure:4359: checking whether ln -s works
configure:4363: result: yes
configure:4400: checking build system type
configure:4414: result: i686-pc-linux-gnu
configure:4434: checking host system type
configure:4447: result: i686-pc-linux-gnu
configure:4467: checking for a sed that does not truncate output
configure:4531: result: /bin/sed
configure:4549: checking for grep that handles long lines and -e
configure:4607: result: /bin/grep
configure:4612: checking for egrep
configure:4674: result: /bin/grep -E
configure:4679: checking for fgrep
configure:4741: result: /bin/grep -F
configure:4776: checking for ld used by /opt/borealis-tools/nmstl/bin/wtf gcc
configure:4843: result: /usr/bin/ld
configure:4850: checking if the linker (/usr/bin/ld) is GNU ld
configure:4865: result: yes
configure:4877: checking for BSD- or MS-compatible name lister (nm)
configure:4926: result: /usr/bin/nm -B
configure:5044: checking the name lister (/usr/bin/nm -B) interface
configure:5051: /opt/borealis-tools/nmstl/bin/wtf gcc -c -g -Wall -Werror  conftest.c >&5
configure:5054: /usr/bin/nm -B "conftest.o"
configure:5057: output
00000000 B some_variable
configure:5064: result: BSD nm
configure:5068: checking the maximum length of command line arguments
configure:5188: result: 1572864
configure:5205: checking whether the shell understands some XSI constructs
configure:5215: result: yes
configure:5219: checking whether the shell understands "+="
configure:5225: result: yes
configure:5260: checking for /usr/bin/ld option to reload object files
configure:5267: result: -r
configure:5336: checking for objdump
configure:5352: found /usr/bin/objdump
configure:5363: result: objdump
configure:5395: checking how to recognize dependent libraries
configure:5591: result: pass_all
configure:5651: checking for ar
configure:5667: found /usr/bin/ar
configure:5678: result: ar
configure:5756: checking for strip
configure:5772: found /usr/bin/strip
configure:5783: result: strip
configure:5855: checking for ranlib
configure:5871: found /usr/bin/ranlib
configure:5882: result: ranlib
configure:5972: checking command to parse /usr/bin/nm -B output from /opt/borealis-tools/nmstl/bin/wtf gcc object
configure:6090: /opt/borealis-tools/nmstl/bin/wtf gcc -c -g -Wall -Werror  conftest.c >&5
configure:6093: $? = 0
configure:6097: /usr/bin/nm -B conftest.o \| sed -n -e 's/^.*[	 ]\([ABCDGIRSTW][ABCDGIRSTW]*\)[	 ][	 ]*\([_A-Za-z][_A-Za-z0-9]*\)$/\1 \2 \2/p' \> conftest.nm
configure:6100: $? = 0
configure:6154: /opt/borealis-tools/nmstl/bin/wtf gcc -o conftest -g -Wall -Werror   conftest.c conftstm.o >&5
configure:6157: $? = 0
configure:6195: result: ok
configure:7004: checking how to run the C preprocessor
configure:7035: /opt/borealis-tools/nmstl/bin/wtf gcc -E  conftest.c
configure:7035: $? = 0
configure:7049: /opt/borealis-tools/nmstl/bin/wtf gcc -E  conftest.c
conftest.c:11:28: error: ac_nonexistent.h: No such file or directory
configure:7049: $? = 1
configure: failed program was:
| /* confdefs.h */
| #define PACKAGE_NAME ""
| #define PACKAGE_TARNAME ""
| #define PACKAGE_VERSION ""
| #define PACKAGE_STRING ""
| #define PACKAGE_BUGREPORT ""
| #define PACKAGE_URL ""
| #define PACKAGE "test"
| #define VERSION "0.1"
| /* end confdefs.h.  */
| #include <ac_nonexistent.h>
configure:7074: result: /opt/borealis-tools/nmstl/bin/wtf gcc -E
configure:7094: /opt/borealis-tools/nmstl/bin/wtf gcc -E  conftest.c
configure:7094: $? = 0
configure:7108: /opt/borealis-tools/nmstl/bin/wtf gcc -E  conftest.c
conftest.c:11:28: error: ac_nonexistent.h: No such file or directory
configure:7108: $? = 1
configure: failed program was:
| /* confdefs.h */
| #define PACKAGE_NAME ""
| #define PACKAGE_TARNAME ""
| #define PACKAGE_VERSION ""
| #define PACKAGE_STRING ""
| #define PACKAGE_BUGREPORT ""
| #define PACKAGE_URL ""
| #define PACKAGE "test"
| #define VERSION "0.1"
| /* end confdefs.h.  */
| #include <ac_nonexistent.h>
configure:7137: checking for ANSI C header files
configure:7157: /opt/borealis-tools/nmstl/bin/wtf gcc -c -g -Wall -Werror  conftest.c >&5
configure:7157: $? = 0
configure:7230: /opt/borealis-tools/nmstl/bin/wtf gcc -o conftest -g -Wall -Werror   conftest.c  >&5
configure:7230: $? = 0
configure:7230: ./conftest
configure:7230: $? = 0
configure:7241: result: yes
configure:7254: checking for sys/types.h
configure:7254: /opt/borealis-tools/nmstl/bin/wtf gcc -c -g -Wall -Werror  conftest.c >&5
configure:7254: $? = 0
configure:7254: result: yes
configure:7254: checking for sys/stat.h
configure:7254: /opt/borealis-tools/nmstl/bin/wtf gcc -c -g -Wall -Werror  conftest.c >&5
configure:7254: $? = 0
configure:7254: result: yes
configure:7254: checking for stdlib.h
configure:7254: /opt/borealis-tools/nmstl/bin/wtf gcc -c -g -Wall -Werror  conftest.c >&5
configure:7254: $? = 0
configure:7254: result: yes
configure:7254: checking for string.h
configure:7254: /opt/borealis-tools/nmstl/bin/wtf gcc -c -g -Wall -Werror  conftest.c >&5
configure:7254: $? = 0
configure:7254: result: yes
configure:7254: checking for memory.h
configure:7254: /opt/borealis-tools/nmstl/bin/wtf gcc -c -g -Wall -Werror  conftest.c >&5
configure:7254: $? = 0
configure:7254: result: yes
configure:7254: checking for strings.h
configure:7254: /opt/borealis-tools/nmstl/bin/wtf gcc -c -g -Wall -Werror  conftest.c >&5
configure:7254: $? = 0
configure:7254: result: yes
configure:7254: checking for inttypes.h
configure:7254: /opt/borealis-tools/nmstl/bin/wtf gcc -c -g -Wall -Werror  conftest.c >&5
configure:7254: $? = 0
configure:7254: result: yes
configure:7254: checking for stdint.h
configure:7254: /opt/borealis-tools/nmstl/bin/wtf gcc -c -g -Wall -Werror  conftest.c >&5
configure:7254: $? = 0
configure:7254: result: yes
configure:7254: checking for unistd.h
configure:7254: /opt/borealis-tools/nmstl/bin/wtf gcc -c -g -Wall -Werror  conftest.c >&5
configure:7254: $? = 0
configure:7254: result: yes
configure:7268: checking for dlfcn.h
configure:7268: /opt/borealis-tools/nmstl/bin/wtf gcc -c -g -Wall -Werror  conftest.c >&5
configure:7268: $? = 0
configure:7268: result: yes
configure:7393: checking for C++ compiler version
configure:7402: /opt/borealis-tools/nmstl/bin/wtf g++ --version >&5
g++ (GCC) 4.1.1
Copyright (C) 2006 Free Software Foundation, Inc.
This is free software; see the source for copying conditions.  There is NO
warranty; not even for MERCHANTABILITY or FITNESS FOR A PARTICULAR PURPOSE.

configure:7413: $? = 0
configure:7402: /opt/borealis-tools/nmstl/bin/wtf g++ -v >&5
Using built-in specs.
Target: i686-pc-linux-gnu
Configured with: ../gcc-4.1.1/configure --program-prefix=4.1.1 --prefix=/opt/borealis-tools/gcc --enable-languages=c,c++ : (reconfigured) ../gcc-4.1.1/configure --prefix=/opt/borealis-tools/gcc --enable-languages=c,c++
Thread model: posix
gcc version 4.1.1
configure:7413: $? = 0
configure:7402: /opt/borealis-tools/nmstl/bin/wtf g++ -V >&5
g++: '-V' option must have argument
configure:7413: $? = 1
configure:7402: /opt/borealis-tools/nmstl/bin/wtf g++ -qversion >&5
g++: unrecognized option '-qversion'
g++: no input files
configure:7413: $? = 1
configure:7417: checking whether we are using the GNU C++ compiler
configure:7445: result: yes
configure:7454: checking whether /opt/borealis-tools/nmstl/bin/wtf g++ accepts -g
configure:7515: result: yes
configure:7540: checking dependency style of /opt/borealis-tools/nmstl/bin/wtf g++
configure:7650: result: gcc3
configure:7673: checking how to run the C++ preprocessor
configure:7700: /opt/borealis-tools/nmstl/bin/wtf g++ -E  conftest.cpp
configure:7700: $? = 0
configure:7714: /opt/borealis-tools/nmstl/bin/wtf g++ -E  conftest.cpp
conftest.cpp:22:28: error: ac_nonexistent.h: No such file or directory
configure:7714: $? = 1
configure: failed program was:
| /* confdefs.h */
| #define PACKAGE_NAME ""
| #define PACKAGE_TARNAME ""
| #define PACKAGE_VERSION ""
| #define PACKAGE_STRING ""
| #define PACKAGE_BUGREPORT ""
| #define PACKAGE_URL ""
| #define PACKAGE "test"
| #define VERSION "0.1"
| #define STDC_HEADERS 1
| #define HAVE_SYS_TYPES_H 1
| #define HAVE_SYS_STAT_H 1
| #define HAVE_STDLIB_H 1
| #define HAVE_STRING_H 1
| #define HAVE_MEMORY_H 1
| #define HAVE_STRINGS_H 1
| #define HAVE_INTTYPES_H 1
| #define HAVE_STDINT_H 1
| #define HAVE_UNISTD_H 1
| #define HAVE_DLFCN_H 1
| /* end confdefs.h.  */
| #include <ac_nonexistent.h>
configure:7739: result: /opt/borealis-tools/nmstl/bin/wtf g++ -E
configure:7759: /opt/borealis-tools/nmstl/bin/wtf g++ -E  conftest.cpp
configure:7759: $? = 0
configure:7773: /opt/borealis-tools/nmstl/bin/wtf g++ -E  conftest.cpp
conftest.cpp:22:28: error: ac_nonexistent.h: No such file or directory
configure:7773: $? = 1
configure: failed program was:
| /* confdefs.h */
| #define PACKAGE_NAME ""
| #define PACKAGE_TARNAME ""
| #define PACKAGE_VERSION ""
| #define PACKAGE_STRING ""
| #define PACKAGE_BUGREPORT ""
| #define PACKAGE_URL ""
| #define PACKAGE "test"
| #define VERSION "0.1"
| #define STDC_HEADERS 1
| #define HAVE_SYS_TYPES_H 1
| #define HAVE_SYS_STAT_H 1
| #define HAVE_STDLIB_H 1
| #define HAVE_STRING_H 1
| #define HAVE_MEMORY_H 1
| #define HAVE_STRINGS_H 1
| #define HAVE_INTTYPES_H 1
| #define HAVE_STDINT_H 1
| #define HAVE_UNISTD_H 1
| #define HAVE_DLFCN_H 1
| /* end confdefs.h.  */
| #include <ac_nonexistent.h>
configure:7979: checking for objdir
configure:7994: result: .libs
configure:8286: checking if /opt/borealis-tools/nmstl/bin/wtf gcc supports -fno-rtti -fno-exceptions
configure:8304: /opt/borealis-tools/nmstl/bin/wtf gcc -c -g -Wall -Werror  -fno-rtti -fno-exceptions conftest.c >&5
[0m[1m[31mwarning: command line option "-fno-rtti" is valid for C++/ObjC++ but not
for C[0m
[31min [34m[1mcc1[0m[31m[0m

configure:8308: $? = 1
configure:8321: result: no
configure:8341: checking for /opt/borealis-tools/nmstl/bin/wtf gcc option to produce PIC
configure:8613: result: -fPIC -DPIC
configure:8625: checking if /opt/borealis-tools/nmstl/bin/wtf gcc PIC flag -fPIC -DPIC works
configure:8643: /opt/borealis-tools/nmstl/bin/wtf gcc -c -g -Wall -Werror  -fPIC -DPIC -DPIC conftest.c >&5
configure:8647: $? = 0
configure:8660: result: yes
configure:8684: checking if /opt/borealis-tools/nmstl/bin/wtf gcc static flag -static works
configure:8712: result: yes
configure:8727: checking if /opt/borealis-tools/nmstl/bin/wtf gcc supports -c -o file.o
configure:8748: /opt/borealis-tools/nmstl/bin/wtf gcc -c -g -Wall -Werror  -o out/conftest2.o conftest.c >&5
configure:8752: $? = 0
configure:8774: result: yes
configure:8782: checking if /opt/borealis-tools/nmstl/bin/wtf gcc supports -c -o file.o
configure:8829: result: yes
configure:8862: checking whether the /opt/borealis-tools/nmstl/bin/wtf gcc linker (/usr/bin/ld) supports shared libraries
configure:9853: result: yes
configure:9890: checking whether -lc should be explicitly linked in
configure:9895: /opt/borealis-tools/nmstl/bin/wtf gcc -c -g -Wall -Werror  conftest.c >&5
configure:9898: $? = 0
configure:9913: /opt/borealis-tools/nmstl/bin/wtf gcc -shared conftest.o  -v -Wl,-soname -Wl,conftest -o conftest 2\>\&1 \| /bin/grep  -lc  \>/dev/null 2\>\&1
configure:9916: $? = 0
configure:9928: result: no
configure:10092: checking dynamic linker characteristics
configure:10525: /opt/borealis-tools/nmstl/bin/wtf gcc -o conftest -g -Wall -Werror   -Wl,-rpath -Wl,/foo conftest.c  >&5
configure:10525: $? = 0
configure:10755: result: GNU/Linux ld.so
configure:10857: checking how to hardcode library paths into programs
configure:10882: result: immediate
configure:11402: checking whether stripping libraries is possible
configure:11407: result: yes
configure:11442: checking if libtool supports shared libraries
configure:11444: result: yes
configure:11447: checking whether to build shared libraries
configure:11468: result: yes
configure:11471: checking whether to build static libraries
configure:11475: result: no
configure:11625: checking for ld used by /opt/borealis-tools/nmstl/bin/wtf g++
configure:11692: result: /usr/bin/ld
configure:11699: checking if the linker (/usr/bin/ld) is GNU ld
configure:11714: result: yes
configure:11769: checking whether the /opt/borealis-tools/nmstl/bin/wtf g++ linker (/usr/bin/ld) supports shared libraries
configure:12682: result: yes
configure:12710: /opt/borealis-tools/nmstl/bin/wtf g++ -c -g -Wall -Werror  conftest.cpp >&5
configure:12713: $? = 0
configure:12895: checking for /opt/borealis-tools/nmstl/bin/wtf g++ option to produce PIC
configure:13212: result: -fPIC -DPIC
configure:13221: checking if /opt/borealis-tools/nmstl/bin/wtf g++ PIC flag -fPIC -DPIC works
configure:13239: /opt/borealis-tools/nmstl/bin/wtf g++ -c -g -Wall -Werror  -fPIC -DPIC -DPIC conftest.cpp >&5
configure:13243: $? = 0
configure:13256: result: yes
configure:13277: checking if /opt/borealis-tools/nmstl/bin/wtf g++ static flag -static works
configure:13305: result: yes
configure:13317: checking if /opt/borealis-tools/nmstl/bin/wtf g++ supports -c -o file.o
configure:13338: /opt/borealis-tools/nmstl/bin/wtf g++ -c -g -Wall -Werror  -o out/conftest2.o conftest.cpp >&5
configure:13342: $? = 0
configure:13364: result: yes
configure:13369: checking if /opt/borealis-tools/nmstl/bin/wtf g++ supports -c -o file.o
configure:13416: result: yes
configure:13446: checking whether the /opt/borealis-tools/nmstl/bin/wtf g++ linker (/usr/bin/ld) supports shared libraries
configure:13475: result: yes
configure:13612: checking dynamic linker characteristics
configure:13993: /opt/borealis-tools/nmstl/bin/wtf g++ -o conftest -g -Wall -Werror   -Wl,-rpath -Wl,/foo conftest.cpp  >&5
configure:13993: $? = 0
configure:14223: result: GNU/Linux ld.so
configure:14274: checking how to hardcode library paths into programs
configure:14299: result: immediate
configure:14362: checking for ANSI C header files
configure:14466: result: yes
configure:14474: checking for sys/wait.h that is POSIX.1 compatible
configure:14500: /opt/borealis-tools/nmstl/bin/wtf gcc -c -g -Wall -Werror  conftest.c >&5
configure:14500: $? = 0
configure:14507: result: yes
configure:14518: checking fcntl.h usability
configure:14518: /opt/borealis-tools/nmstl/bin/wtf gcc -c -g -Wall -Werror  conftest.c >&5
configure:14518: $? = 0
configure:14518: result: yes
configure:14518: checking fcntl.h presence
configure:14518: /opt/borealis-tools/nmstl/bin/wtf gcc -E  conftest.c
configure:14518: $? = 0
configure:14518: result: yes
configure:14518: checking for fcntl.h
configure:14518: result: yes
configure:14518: checking for unistd.h
configure:14518: result: yes
configure:14529: checking for an ANSI C-conforming const
configure:14594: /opt/borealis-tools/nmstl/bin/wtf gcc -c -g -Wall -Werror  conftest.c >&5
configure:14594: $? = 0
configure:14601: result: yes
configure:14612: checking for strstr
configure:14612: /opt/borealis-tools/nmstl/bin/wtf gcc -o conftest -g -Wall -Werror   conftest.c  >&5
[0m[1m[31mwarning: conflicting types for built-in function 'strstr'[0m
[31min [34m[1mconftest.c[0m[31m, line 50[0m
48> extern "C"
49> #endif
[1m50> char strstr ();
[0m51> /* The GNU C library defines this for functions which it implements
52>     to always fail with ENOSYS.  Some functions are actually named

configure:14612: $? = 1
configure: failed program was:
| /* confdefs.h */
| #define PACKAGE_NAME ""
| #define PACKAGE_TARNAME ""
| #define PACKAGE_VERSION ""
| #define PACKAGE_STRING ""
| #define PACKAGE_BUGREPORT ""
| #define PACKAGE_URL ""
| #define PACKAGE "test"
| #define VERSION "0.1"
| #define STDC_HEADERS 1
| #define HAVE_SYS_TYPES_H 1
| #define HAVE_SYS_STAT_H 1
| #define HAVE_STDLIB_H 1
| #define HAVE_STRING_H 1
| #define HAVE_MEMORY_H 1
| #define HAVE_STRINGS_H 1
| #define HAVE_INTTYPES_H 1
| #define HAVE_STDINT_H 1
| #define HAVE_UNISTD_H 1
| #define HAVE_DLFCN_H 1
| #define LT_OBJDIR ".libs/"
| #define STDC_HEADERS 1
| #define HAVE_SYS_WAIT_H 1
| #define HAVE_FCNTL_H 1
| #define HAVE_UNISTD_H 1
| /* end confdefs.h.  */
| /* Define strstr to an innocuous variant, in case <limits.h> declares strstr.
|    For example, HP-UX 11i <limits.h> declares gettimeofday.  */
| #define strstr innocuous_strstr
| 
| /* System header to define __stub macros and hopefully few prototypes,
|     which can conflict with char strstr (); below.
|     Prefer <limits.h> to <assert.h> if __STDC__ is defined, since
|     <limits.h> exists even on freestanding compilers.  */
| 
| #ifdef __STDC__
| # include <limits.h>
| #else
| # include <assert.h>
| #endif
| 
| #undef strstr
| 
| /* Override any GCC internal prototype to avoid an error.
|    Use char because int might match the return type of a GCC
|    builtin and then its argument prototype would still apply.  */
| #ifdef __cplusplus
| extern "C"
| #endif
| char strstr ();
| /* The GNU C library defines this for functions which it implements
|     to always fail with ENOSYS.  Some functions are actually named
|     something starting with __ and the normal name is an alias.  */
| #if defined __stub_strstr || defined __stub___strstr
| choke me
| #endif
| 
| int
| main ()
| {
| return strstr ();
|   ;
|   return 0;
| }
configure:14612: result: no
configure:14632: checking for Borealis
configure:14642: result: yes
configure:14662: checking for Xerces-C
configure:14673: result: yes
configure:14681: checking whether -I/opt/borealis-tools/xercesc/include causes a compiler warning and should be cleared
configure:14703: /opt/borealis-tools/nmstl/bin/wtf g++ -c -g -Wall -Werror  -I/opt/borealis-tools/xercesc/include -Wall -Werror conftest.cpp >&5
configure:14703: $? = 0
configure:14713: result: no
configure:14724: checking so xercescinclude is now
configure:14726: result: -I/opt/borealis-tools/xercesc/include
configure:14742: checking for ANTLR
configure:14755: result: yes
configure:14785: checking for BDB
configure:14821: result: no
configure:14823: result: /opt/borealis-tools/db/include/db_cxx.h or /opt/borealis-tools/db/lib/libdb_cxx.so or /opt/borealis-tools/db/lib/libdb.so does not exist.
configure:14825: result: No Berkeley-Db related stuff will be compiled.
configure:14852: checking for NMSTL
configure:14863: result: /opt/borealis-tools/nmstl
configure:14871: checking whether -I/opt/borealis-tools/nmstl/include causes a compiler warning and should be cleared
configure:14892: /opt/borealis-tools/nmstl/bin/wtf g++ -c -g -Wall -Werror  -I/opt/borealis-tools/nmstl/include -Wall -Werror conftest.cpp >&5
configure:14892: $? = 0
configure:14902: result: no
configure:14913: checking so nmstlinclude is now:
configure:14915: result: -I/opt/borealis-tools/nmstl/include
configure:14924: checking whether to use -DNMSTL_PTR_TRACE
configure:14939: result: no
configure:14962: checking for GLPK
configure:14973: result: /opt/borealis-tools/glpk
configure:14999: checking for GSL
configure:15016: result: no
configure:15018: result: /usr/include/gsl/gsl_math.h does not exist.
configure:15038: checking for OCV
configure:15055: result: no
configure:15057: result: /usr/include/opencv/cv.h does not exist.
configure:15059: result: Array processing will not be compiled.
configure:15070: checking whether to use -DNMSTL_NO_MESSAGES
configure:15080: result: no
configure:15237: creating ./config.status

## ---------------------- ##
## Running config.status. ##
## ---------------------- ##

This file was extended by config.status, which was
generated by GNU Autoconf 2.67.  Invocation command line was

  CONFIG_FILES    = 
  CONFIG_HEADERS  = 
  CONFIG_LINKS    = 
  CONFIG_COMMANDS = 
  $ ./config.status 

on hellojinjie

config.status:1177: creating Makefile
config.status:1177: creating marshal/Makefile
config.status:1177: creating head/Makefile
config.status:1177: creating statsView/Makefile
config.status:1177: creating statsView/src/Makefile
config.status:1177: creating monitor/Makefile
config.status:1177: creating monitor/src/Makefile
config.status:1177: creating optimizer/Makefile
config.status:1177: creating optimizer/loadManager/Makefile
config.status:1177: creating optimizer/loadShedder/Makefile
config.status:1177: creating loadGenerator/Makefile
config.status:1177: creating loadGenerator/simple/Makefile
config.status:1177: creating loadGenerator/wlgen/Makefile
config.status:1177: creating config.h
config.status:1405: executing depfiles commands
config.status:1405: executing libtool commands

## ---------------- ##
## Cache variables. ##
## ---------------- ##

ac_cv_build=i686-pc-linux-gnu
ac_cv_c_compiler_gnu=yes
ac_cv_c_const=yes
ac_cv_cxx_compiler_gnu=yes
ac_cv_env_CCC_set=
ac_cv_env_CCC_value=
ac_cv_env_CC_set=set
ac_cv_env_CC_value='/opt/borealis-tools/nmstl/bin/wtf gcc'
ac_cv_env_CFLAGS_set=
ac_cv_env_CFLAGS_value=
ac_cv_env_CPPFLAGS_set=
ac_cv_env_CPPFLAGS_value=
ac_cv_env_CPP_set=
ac_cv_env_CPP_value=
ac_cv_env_CXXCPP_set=
ac_cv_env_CXXCPP_value=
ac_cv_env_CXXFLAGS_set=
ac_cv_env_CXXFLAGS_value=
ac_cv_env_CXX_set=set
ac_cv_env_CXX_value='/opt/borealis-tools/nmstl/bin/wtf g++'
ac_cv_env_LDFLAGS_set=
ac_cv_env_LDFLAGS_value=
ac_cv_env_LIBS_set=
ac_cv_env_LIBS_value=
ac_cv_env_build_alias_set=
ac_cv_env_build_alias_value=
ac_cv_env_host_alias_set=
ac_cv_env_host_alias_value=
ac_cv_env_target_alias_set=
ac_cv_env_target_alias_value=
ac_cv_func_strstr=no
ac_cv_header_dlfcn_h=yes
ac_cv_header_fcntl_h=yes
ac_cv_header_inttypes_h=yes
ac_cv_header_memory_h=yes
ac_cv_header_stdc=yes
ac_cv_header_stdint_h=yes
ac_cv_header_stdlib_h=yes
ac_cv_header_string_h=yes
ac_cv_header_strings_h=yes
ac_cv_header_sys_stat_h=yes
ac_cv_header_sys_types_h=yes
ac_cv_header_sys_wait_h=yes
ac_cv_header_unistd_h=yes
ac_cv_host=i686-pc-linux-gnu
ac_cv_objext=o
ac_cv_path_EGREP='/bin/grep -E'
ac_cv_path_FGREP='/bin/grep -F'
ac_cv_path_GREP=/bin/grep
ac_cv_path_SED=/bin/sed
ac_cv_path_install='/usr/bin/install -c'
ac_cv_path_mkdir=/bin/mkdir
ac_cv_prog_AWK=gawk
ac_cv_prog_CPP='/opt/borealis-tools/nmstl/bin/wtf gcc -E'
ac_cv_prog_CXXCPP='/opt/borealis-tools/nmstl/bin/wtf g++ -E'
ac_cv_prog_ac_ct_AR=ar
ac_cv_prog_ac_ct_CC='/opt/borealis-tools/nmstl/bin/wtf gcc'
ac_cv_prog_ac_ct_OBJDUMP=objdump
ac_cv_prog_ac_ct_RANLIB=ranlib
ac_cv_prog_ac_ct_STRIP=strip
ac_cv_prog_cc_c89=
ac_cv_prog_cc_g=yes
ac_cv_prog_cxx_g=yes
ac_cv_prog_make_make_set=yes
am_cv_CC_dependencies_compiler_type=gcc3
am_cv_CXX_dependencies_compiler_type=gcc3
lt_cv_deplibs_check_method=pass_all
lt_cv_file_magic_cmd='$MAGIC_CMD'
lt_cv_file_magic_test_file=
lt_cv_ld_reload_flag=-r
lt_cv_nm_interface='BSD nm'
lt_cv_objdir=.libs
lt_cv_path_LD=/usr/bin/ld
lt_cv_path_LDCXX=/usr/bin/ld
lt_cv_path_NM='/usr/bin/nm -B'
lt_cv_prog_compiler_c_o=yes
lt_cv_prog_compiler_c_o_CXX=yes
lt_cv_prog_compiler_pic_works=yes
lt_cv_prog_compiler_pic_works_CXX=yes
lt_cv_prog_compiler_rtti_exceptions=no
lt_cv_prog_compiler_static_works=yes
lt_cv_prog_compiler_static_works_CXX=yes
lt_cv_prog_gnu_ld=yes
lt_cv_prog_gnu_ldcxx=yes
lt_cv_sys_global_symbol_pipe='sed -n -e '\''s/^.*[	 ]\([ABCDGIRSTW][ABCDGIRSTW]*\)[	 ][	 ]*\([_A-Za-z][_A-Za-z0-9]*\)$/\1 \2 \2/p'\'''
lt_cv_sys_global_symbol_to_c_name_address='sed -n -e '\''s/^: \([^ ]*\) $/  {\"\1\", (void *) 0},/p'\'' -e '\''s/^[ABCDGIRSTW]* \([^ ]*\) \([^ ]*\)$/  {"\2", (void *) \&\2},/p'\'''
lt_cv_sys_global_symbol_to_c_name_address_lib_prefix='sed -n -e '\''s/^: \([^ ]*\) $/  {\"\1\", (void *) 0},/p'\'' -e '\''s/^[ABCDGIRSTW]* \([^ ]*\) \(lib[^ ]*\)$/  {"\2", (void *) \&\2},/p'\'' -e '\''s/^[ABCDGIRSTW]* \([^ ]*\) \([^ ]*\)$/  {"lib\2", (void *) \&\2},/p'\'''
lt_cv_sys_global_symbol_to_cdecl='sed -n -e '\''s/^T .* \(.*\)$/extern int \1();/p'\'' -e '\''s/^[ABCDGIRSTW]* .* \(.*\)$/extern char \1;/p'\'''
lt_cv_sys_max_cmd_len=1572864

## ----------------- ##
## Output variables. ##
## ----------------- ##

ACLOCAL='${SHELL} /home/jj/Workspace/borealis_summer_2008/polaris/tool/config/missing --run aclocal-1.11'
AMDEPBACKSLASH='\'
AMDEP_FALSE='#'
AMDEP_TRUE=''
AMTAR='${SHELL} /home/jj/Workspace/borealis_summer_2008/polaris/tool/config/missing --run tar'
ANTLRINCLUDE='-I/opt/borealis-tools/antlr/include'
ANTLRLIB='/opt/borealis-tools/antlr/lib/libantlr.a '
ANTLR_JAR_FILE='/opt/borealis-tools/antlr/lib/antlr.jar'
AR='ar'
AUTOCONF='${SHELL} /home/jj/Workspace/borealis_summer_2008/polaris/tool/config/missing --run autoconf'
AUTOHEADER='${SHELL} /home/jj/Workspace/borealis_summer_2008/polaris/tool/config/missing --run autoheader'
AUTOMAKE='${SHELL} /home/jj/Workspace/borealis_summer_2008/polaris/tool/config/missing --run automake-1.11'
AWK='gawk'
BDBDIR=''
BDBINCLUDE='-I/home/jj/Workspace/borealis_summer_2008/polaris/tool/external/bdb/stub'
BDBLIB=''
BOREALISINCLUDE='-I/opt/borealis-tools/nmstl/include -I/opt/borealis-tools/xercesc/include -I/opt/borealis-tools/antlr/include'
BOREALISLIB='-L/opt/borealis-tools/nmstl/lib -lNMSTL -lexpat -lpthread -lreadline -lncurses -L/opt/borealis-tools/xercesc/lib -lxerces-c /opt/borealis-tools/antlr/lib/libantlr.a '
BOREALISROOT='../src'
CC='/opt/borealis-tools/nmstl/bin/wtf gcc'
CCDEPMODE='depmode=gcc3'
CFLAGS='-g -Wall -Werror'
COND_BDB_FALSE=''
COND_BDB_TRUE='#'
COND_GLPK_FALSE='#'
COND_GLPK_TRUE=''
CPP='/opt/borealis-tools/nmstl/bin/wtf gcc -E'
CPPFLAGS=''
CXX='/opt/borealis-tools/nmstl/bin/wtf g++'
CXXCPP='/opt/borealis-tools/nmstl/bin/wtf g++ -E'
CXXDEPMODE='depmode=gcc3'
CXXFLAGS='-g -Wall -Werror'
CYGPATH_W='echo'
DEFS='-DHAVE_CONFIG_H'
DEPDIR='.deps'
DSYMUTIL=''
DUMPBIN=''
ECHO_C=''
ECHO_N='-n'
ECHO_T=''
EGREP='/bin/grep -E'
EXEEXT=''
EXTERNALINCLUDE='-I/home/jj/Workspace/borealis_summer_2008/polaris/tool/external/bdb/stub    '
EXTERNALLIB='  '
FGREP='/bin/grep -F'
GLPKDIR='/opt/borealis-tools/glpk'
GLPKINCLUDE='-I/opt/borealis-tools/glpk/include'
GLPKLIB='-L/opt/borealis-tools/glpk/lib -lglpk'
GREP='/bin/grep'
GSLDIR=''
GSLINCLUDE=''
GSLLIB=''
INSTALL_DATA='${INSTALL} -m 644'
INSTALL_PROGRAM='${INSTALL}'
INSTALL_SCRIPT='${INSTALL}'
INSTALL_STRIP_PROGRAM='$(install_sh) -c -s'
LD='/usr/bin/ld'
LDFLAGS=''
LIBOBJS=''
LIBS=''
LIBTOOL='$(SHELL) $(top_builddir)/libtool'
LIPO=''
LN_S='ln -s'
LTLIBOBJS=''
MAKEINFO='${SHELL} /home/jj/Workspace/borealis_summer_2008/polaris/tool/config/missing --run makeinfo'
MKDIR_P='/bin/mkdir -p'
NM='/usr/bin/nm -B'
NMEDIT=''
NMSTLDIR='/opt/borealis-tools/nmstl'
NMSTLINCLUDE='-I/opt/borealis-tools/nmstl/include'
NMSTLLIB='-L/opt/borealis-tools/nmstl/lib -lNMSTL -lexpat -lpthread -lreadline -lncurses'
NMSTLSUBDIR=''
OBJDUMP='objdump'
OBJEXT='o'
OCVDIR=''
OCVINCLUDE=''
OCVLIB=''
OTOOL64=''
OTOOL=''
PACKAGE='test'
PACKAGE_BUGREPORT=''
PACKAGE_NAME=''
PACKAGE_STRING=''
PACKAGE_TARNAME=''
PACKAGE_URL=''
PACKAGE_VERSION=''
PATH_SEPARATOR=':'
RANLIB='ranlib'
SED='/bin/sed'
SET_MAKE=''
SHELL='/bin/bash'
STRIP='strip'
VERSION='0.1'
XERCESCINCLUDE='-I/opt/borealis-tools/xercesc/include'
XERCESCLIB='-L/opt/borealis-tools/xercesc/lib -lxerces-c'
ac_ct_CC='/opt/borealis-tools/nmstl/bin/wtf gcc'
ac_ct_CXX=''
ac_ct_DUMPBIN=''
am__EXEEXT_FALSE=''
am__EXEEXT_TRUE='#'
am__fastdepCC_FALSE='#'
am__fastdepCC_TRUE=''
am__fastdepCXX_FALSE='#'
am__fastdepCXX_TRUE=''
am__include='include'
am__isrc=''
am__leading_dot='.'
am__quote=''
am__tar='${AMTAR} chof - "$$tardir"'
am__untar='${AMTAR} xf -'
bindir='${exec_prefix}/bin'
build='i686-pc-linux-gnu'
build_alias=''
build_cpu='i686'
build_os='linux-gnu'
build_vendor='pc'
datadir='${datarootdir}'
datarootdir='${prefix}/share'
docdir='${datarootdir}/doc/${PACKAGE}'
dvidir='${docdir}'
exec_prefix='${prefix}'
host='i686-pc-linux-gnu'
host_alias=''
host_cpu='i686'
host_os='linux-gnu'
host_vendor='pc'
htmldir='${docdir}'
includedir='${prefix}/include'
infodir='${datarootdir}/info'
install_sh='${SHELL} /home/jj/Workspace/borealis_summer_2008/polaris/tool/config/install-sh'
libdir='${exec_prefix}/lib'
libexecdir='${exec_prefix}/libexec'
localedir='${datarootdir}/locale'
localstatedir='${prefix}/var'
lt_ECHO='echo'
mandir='${datarootdir}/man'
mkdir_p='/bin/mkdir -p'
oldincludedir='/usr/include'
pdfdir='${docdir}'
prefix='/usr/local'
program_transform_name='s,x,x,'
psdir='${docdir}'
sbindir='${exec_prefix}/sbin'
sharedstatedir='${prefix}/com'
sysconfdir='${prefix}/etc'
target_alias=''

## ----------- ##
## confdefs.h. ##
## ----------- ##

/* confdefs.h */
#define PACKAGE_NAME ""
#define PACKAGE_TARNAME ""
#define PACKAGE_VERSION ""
#define PACKAGE_STRING ""
#define PACKAGE_BUGREPORT ""
#define PACKAGE_URL ""
#define PACKAGE "test"
#define VERSION "0.1"
#define STDC_HEADERS 1
#define HAVE_SYS_TYPES_H 1
#define HAVE_SYS_STAT_H 1
#define HAVE_STDLIB_H 1
#define HAVE_STRING_H 1
#define HAVE_MEMORY_H 1
#define HAVE_STRINGS_H 1
#define HAVE_INTTYPES_H 1
#define HAVE_STDINT_H 1
#define HAVE_UNISTD_H 1
#define HAVE_DLFCN_H 1
#define LT_OBJDIR ".libs/"
#define STDC_HEADERS 1
#define HAVE_SYS_WAIT_H 1
#define HAVE_FCNTL_H 1
#define HAVE_UNISTD_H 1

configure: exit 0
