This file contains any messages produced by compilers while
running configure, to aid debugging if configure makes a mistake.

It was created by configure, which was
generated by GNU Autoconf 2.67.  Invocation command line was

  $ ./configure --enable-shared --disable-static --with-antlr=/opt/borealis-tools/antlr --with-nmstl=/opt/borealis-tools/nmstl --with-xercesc=/opt/borealis-tools/xercesc --with-bdb=/opt/borealis-tools/db --with-gsl=/opt/borealis-tools/gsl

## --------- ##
## Platform. ##
## --------- ##

hostname = hellojinjie
uname -m = i686
uname -r = 2.6.38-11-generic-pae
uname -s = Linux
uname -v = #50-Ubuntu SMP Mon Sep 12 22:21:04 UTC 2011

/usr/bin/uname -p = unknown
/bin/uname -X     = unknown

/bin/arch              = unknown
/usr/bin/arch -k       = unknown
/usr/convex/getsysinfo = unknown
/usr/bin/hostinfo      = unknown
/bin/machine           = unknown
/usr/bin/oslevel       = unknown
/bin/universe          = unknown

PATH: /home/jj/Workspace/borealis_summer_2008/polaris/tool/head
PATH: /home/jj/Workspace/borealis_summer_2008/polaris/tool/marshal
PATH: /opt/borealis-tools/nmstl/bin
PATH: /opt/borealis-tools/gsl/bin
PATH: /opt/borealis-tools/antlr/bin
PATH: /opt/borealis-tools/glpk/bin
PATH: /opt/borealis-tools/gcc/bin
PATH: /opt/borealis-tools/db/bin
PATH: /opt/borealis-tools/ccache/bin
PATH: /opt/borealis-tools/antlr/bin
PATH: /home/jj/bin
PATH: /usr/local/sbin
PATH: /usr/local/bin
PATH: /usr/sbin
PATH: /usr/bin
PATH: /sbin
PATH: /bin
PATH: /usr/games
PATH: /opt/borealis-tools/nmstl/bin


## ----------- ##
## Core tests. ##
## ----------- ##

configure:2532: checking for a BSD-compatible install
configure:2600: result: /usr/bin/install -c
configure:2611: checking whether build environment is sane
configure:2661: result: yes
configure:2802: checking for a thread-safe mkdir -p
configure:2841: result: /bin/mkdir -p
configure:2854: checking for gawk
configure:2870: found /usr/bin/gawk
configure:2881: result: gawk
configure:2892: checking whether make sets $(MAKE)
configure:2914: result: yes
configure:3043: checking for gcc
configure:3070: result: /opt/borealis-tools/nmstl/bin/wtf gcc
configure:3299: checking for C compiler version
configure:3308: /opt/borealis-tools/nmstl/bin/wtf gcc --version >&5
gcc (GCC) 4.1.1
Copyright (C) 2006 Free Software Foundation, Inc.
This is free software; see the source for copying conditions.  There is NO
warranty; not even for MERCHANTABILITY or FITNESS FOR A PARTICULAR PURPOSE.

configure:3319: $? = 0
configure:3308: /opt/borealis-tools/nmstl/bin/wtf gcc -v >&5
Using built-in specs.
Target: i686-pc-linux-gnu
Configured with: ../gcc-4.1.1/configure --program-prefix=4.1.1 --prefix=/opt/borealis-tools/gcc --enable-languages=c,c++ : (reconfigured) ../gcc-4.1.1/configure --prefix=/opt/borealis-tools/gcc --enable-languages=c,c++
Thread model: posix
gcc version 4.1.1
configure:3319: $? = 0
configure:3308: /opt/borealis-tools/nmstl/bin/wtf gcc -V >&5
gcc: '-V' option must have argument
configure:3319: $? = 1
configure:3308: /opt/borealis-tools/nmstl/bin/wtf gcc -qversion >&5
gcc: unrecognized option '-qversion'
gcc: no input files
configure:3319: $? = 1
configure:3339: checking whether the C compiler works
configure:3361: /opt/borealis-tools/nmstl/bin/wtf gcc    conftest.c  >&5
configure:3365: $? = 0
configure:3413: result: yes
configure:3416: checking for C compiler default output file name
configure:3418: result: a.out
configure:3424: checking for suffix of executables
configure:3431: /opt/borealis-tools/nmstl/bin/wtf gcc -o conftest    conftest.c  >&5
configure:3435: $? = 0
configure:3457: result: 
configure:3479: checking whether we are cross compiling
configure:3487: /opt/borealis-tools/nmstl/bin/wtf gcc -o conftest    conftest.c  >&5
configure:3491: $? = 0
configure:3498: ./conftest
configure:3502: $? = 0
configure:3517: result: no
configure:3522: checking for suffix of object files
configure:3544: /opt/borealis-tools/nmstl/bin/wtf gcc -c   conftest.c >&5
configure:3548: $? = 0
configure:3569: result: o
configure:3573: checking whether we are using the GNU C compiler
configure:3592: /opt/borealis-tools/nmstl/bin/wtf gcc -c   conftest.c >&5
configure:3592: $? = 0
configure:3601: result: yes
configure:3610: checking whether /opt/borealis-tools/nmstl/bin/wtf gcc accepts -g
configure:3630: /opt/borealis-tools/nmstl/bin/wtf gcc -c -g  conftest.c >&5
configure:3630: $? = 0
configure:3671: result: yes
configure:3688: checking for /opt/borealis-tools/nmstl/bin/wtf gcc option to accept ISO C89
configure:3752: /opt/borealis-tools/nmstl/bin/wtf gcc  -c -g -O2  conftest.c >&5
configure:3752: $? = 0
configure:3765: result: none needed
configure:3796: checking for style of include used by make
configure:3824: result: GNU
configure:3849: checking dependency style of /opt/borealis-tools/nmstl/bin/wtf gcc
configure:3959: result: gcc3
configure:4086: checking for C++ compiler version
configure:4095: /opt/borealis-tools/nmstl/bin/wtf g++ --version >&5
g++ (GCC) 4.1.1
Copyright (C) 2006 Free Software Foundation, Inc.
This is free software; see the source for copying conditions.  There is NO
warranty; not even for MERCHANTABILITY or FITNESS FOR A PARTICULAR PURPOSE.

configure:4106: $? = 0
configure:4095: /opt/borealis-tools/nmstl/bin/wtf g++ -v >&5
Using built-in specs.
Target: i686-pc-linux-gnu
Configured with: ../gcc-4.1.1/configure --program-prefix=4.1.1 --prefix=/opt/borealis-tools/gcc --enable-languages=c,c++ : (reconfigured) ../gcc-4.1.1/configure --prefix=/opt/borealis-tools/gcc --enable-languages=c,c++
Thread model: posix
gcc version 4.1.1
configure:4106: $? = 0
configure:4095: /opt/borealis-tools/nmstl/bin/wtf g++ -V >&5
g++: '-V' option must have argument
configure:4106: $? = 1
configure:4095: /opt/borealis-tools/nmstl/bin/wtf g++ -qversion >&5
g++: unrecognized option '-qversion'
g++: no input files
configure:4106: $? = 1
configure:4110: checking whether we are using the GNU C++ compiler
configure:4129: /opt/borealis-tools/nmstl/bin/wtf g++ -c   conftest.cpp >&5
configure:4129: $? = 0
configure:4138: result: yes
configure:4147: checking whether /opt/borealis-tools/nmstl/bin/wtf g++ accepts -g
configure:4167: /opt/borealis-tools/nmstl/bin/wtf g++ -c -g  conftest.cpp >&5
configure:4167: $? = 0
configure:4208: result: yes
configure:4233: checking dependency style of /opt/borealis-tools/nmstl/bin/wtf g++
configure:4343: result: gcc3
configure:4363: checking whether ln -s works
configure:4367: result: yes
configure:4405: checking build system type
configure:4419: result: i686-pc-linux-gnu
configure:4439: checking host system type
configure:4452: result: i686-pc-linux-gnu
configure:4472: checking for a sed that does not truncate output
configure:4536: result: /bin/sed
configure:4554: checking for grep that handles long lines and -e
configure:4612: result: /bin/grep
configure:4617: checking for egrep
configure:4679: result: /bin/grep -E
configure:4684: checking for fgrep
configure:4746: result: /bin/grep -F
configure:4781: checking for ld used by /opt/borealis-tools/nmstl/bin/wtf gcc
configure:4848: result: /usr/bin/ld
configure:4855: checking if the linker (/usr/bin/ld) is GNU ld
configure:4870: result: yes
configure:4882: checking for BSD- or MS-compatible name lister (nm)
configure:4931: result: /usr/bin/nm -B
configure:5049: checking the name lister (/usr/bin/nm -B) interface
configure:5056: /opt/borealis-tools/nmstl/bin/wtf gcc -c -g -Wall -Werror  conftest.c >&5
configure:5059: /usr/bin/nm -B "conftest.o"
configure:5062: output
00000000 B some_variable
configure:5069: result: BSD nm
configure:5073: checking the maximum length of command line arguments
configure:5193: result: 1572864
configure:5210: checking whether the shell understands some XSI constructs
configure:5220: result: yes
configure:5224: checking whether the shell understands "+="
configure:5230: result: yes
configure:5265: checking for /usr/bin/ld option to reload object files
configure:5272: result: -r
configure:5341: checking for objdump
configure:5357: found /usr/bin/objdump
configure:5368: result: objdump
configure:5400: checking how to recognize dependent libraries
configure:5596: result: pass_all
configure:5656: checking for ar
configure:5672: found /usr/bin/ar
configure:5683: result: ar
configure:5761: checking for strip
configure:5777: found /usr/bin/strip
configure:5788: result: strip
configure:5860: checking for ranlib
configure:5876: found /usr/bin/ranlib
configure:5887: result: ranlib
configure:5977: checking command to parse /usr/bin/nm -B output from /opt/borealis-tools/nmstl/bin/wtf gcc object
configure:6095: /opt/borealis-tools/nmstl/bin/wtf gcc -c -g -Wall -Werror  conftest.c >&5
configure:6098: $? = 0
configure:6102: /usr/bin/nm -B conftest.o \| sed -n -e 's/^.*[	 ]\([ABCDGIRSTW][ABCDGIRSTW]*\)[	 ][	 ]*\([_A-Za-z][_A-Za-z0-9]*\)$/\1 \2 \2/p' \> conftest.nm
configure:6105: $? = 0
configure:6159: /opt/borealis-tools/nmstl/bin/wtf gcc -o conftest -g -Wall -Werror   conftest.c conftstm.o >&5
configure:6162: $? = 0
configure:6200: result: ok
configure:7009: checking how to run the C preprocessor
configure:7040: /opt/borealis-tools/nmstl/bin/wtf gcc -E  conftest.c
configure:7040: $? = 0
configure:7054: /opt/borealis-tools/nmstl/bin/wtf gcc -E  conftest.c
conftest.c:11:28: error: ac_nonexistent.h: No such file or directory
configure:7054: $? = 1
configure: failed program was:
| /* confdefs.h */
| #define PACKAGE_NAME ""
| #define PACKAGE_TARNAME ""
| #define PACKAGE_VERSION ""
| #define PACKAGE_STRING ""
| #define PACKAGE_BUGREPORT ""
| #define PACKAGE_URL ""
| #define PACKAGE "borealis"
| #define VERSION "0.1"
| /* end confdefs.h.  */
| #include <ac_nonexistent.h>
configure:7079: result: /opt/borealis-tools/nmstl/bin/wtf gcc -E
configure:7099: /opt/borealis-tools/nmstl/bin/wtf gcc -E  conftest.c
configure:7099: $? = 0
configure:7113: /opt/borealis-tools/nmstl/bin/wtf gcc -E  conftest.c
conftest.c:11:28: error: ac_nonexistent.h: No such file or directory
configure:7113: $? = 1
configure: failed program was:
| /* confdefs.h */
| #define PACKAGE_NAME ""
| #define PACKAGE_TARNAME ""
| #define PACKAGE_VERSION ""
| #define PACKAGE_STRING ""
| #define PACKAGE_BUGREPORT ""
| #define PACKAGE_URL ""
| #define PACKAGE "borealis"
| #define VERSION "0.1"
| /* end confdefs.h.  */
| #include <ac_nonexistent.h>
configure:7142: checking for ANSI C header files
configure:7162: /opt/borealis-tools/nmstl/bin/wtf gcc -c -g -Wall -Werror  conftest.c >&5
configure:7162: $? = 0
configure:7235: /opt/borealis-tools/nmstl/bin/wtf gcc -o conftest -g -Wall -Werror   conftest.c  >&5
configure:7235: $? = 0
configure:7235: ./conftest
configure:7235: $? = 0
configure:7246: result: yes
configure:7259: checking for sys/types.h
configure:7259: /opt/borealis-tools/nmstl/bin/wtf gcc -c -g -Wall -Werror  conftest.c >&5
configure:7259: $? = 0
configure:7259: result: yes
configure:7259: checking for sys/stat.h
configure:7259: /opt/borealis-tools/nmstl/bin/wtf gcc -c -g -Wall -Werror  conftest.c >&5
configure:7259: $? = 0
configure:7259: result: yes
configure:7259: checking for stdlib.h
configure:7259: /opt/borealis-tools/nmstl/bin/wtf gcc -c -g -Wall -Werror  conftest.c >&5
configure:7259: $? = 0
configure:7259: result: yes
configure:7259: checking for string.h
configure:7259: /opt/borealis-tools/nmstl/bin/wtf gcc -c -g -Wall -Werror  conftest.c >&5
configure:7259: $? = 0
configure:7259: result: yes
configure:7259: checking for memory.h
configure:7259: /opt/borealis-tools/nmstl/bin/wtf gcc -c -g -Wall -Werror  conftest.c >&5
configure:7259: $? = 0
configure:7259: result: yes
configure:7259: checking for strings.h
configure:7259: /opt/borealis-tools/nmstl/bin/wtf gcc -c -g -Wall -Werror  conftest.c >&5
configure:7259: $? = 0
configure:7259: result: yes
configure:7259: checking for inttypes.h
configure:7259: /opt/borealis-tools/nmstl/bin/wtf gcc -c -g -Wall -Werror  conftest.c >&5
configure:7259: $? = 0
configure:7259: result: yes
configure:7259: checking for stdint.h
configure:7259: /opt/borealis-tools/nmstl/bin/wtf gcc -c -g -Wall -Werror  conftest.c >&5
configure:7259: $? = 0
configure:7259: result: yes
configure:7259: checking for unistd.h
configure:7259: /opt/borealis-tools/nmstl/bin/wtf gcc -c -g -Wall -Werror  conftest.c >&5
configure:7259: $? = 0
configure:7259: result: yes
configure:7273: checking for dlfcn.h
configure:7273: /opt/borealis-tools/nmstl/bin/wtf gcc -c -g -Wall -Werror  conftest.c >&5
configure:7273: $? = 0
configure:7273: result: yes
configure:7398: checking for C++ compiler version
configure:7407: /opt/borealis-tools/nmstl/bin/wtf g++ --version >&5
g++ (GCC) 4.1.1
Copyright (C) 2006 Free Software Foundation, Inc.
This is free software; see the source for copying conditions.  There is NO
warranty; not even for MERCHANTABILITY or FITNESS FOR A PARTICULAR PURPOSE.

configure:7418: $? = 0
configure:7407: /opt/borealis-tools/nmstl/bin/wtf g++ -v >&5
Using built-in specs.
Target: i686-pc-linux-gnu
Configured with: ../gcc-4.1.1/configure --program-prefix=4.1.1 --prefix=/opt/borealis-tools/gcc --enable-languages=c,c++ : (reconfigured) ../gcc-4.1.1/configure --prefix=/opt/borealis-tools/gcc --enable-languages=c,c++
Thread model: posix
gcc version 4.1.1
configure:7418: $? = 0
configure:7407: /opt/borealis-tools/nmstl/bin/wtf g++ -V >&5
g++: '-V' option must have argument
configure:7418: $? = 1
configure:7407: /opt/borealis-tools/nmstl/bin/wtf g++ -qversion >&5
g++: unrecognized option '-qversion'
g++: no input files
configure:7418: $? = 1
configure:7422: checking whether we are using the GNU C++ compiler
configure:7450: result: yes
configure:7459: checking whether /opt/borealis-tools/nmstl/bin/wtf g++ accepts -g
configure:7520: result: yes
configure:7545: checking dependency style of /opt/borealis-tools/nmstl/bin/wtf g++
configure:7655: result: gcc3
configure:7678: checking how to run the C++ preprocessor
configure:7705: /opt/borealis-tools/nmstl/bin/wtf g++ -E  conftest.cpp
configure:7705: $? = 0
configure:7719: /opt/borealis-tools/nmstl/bin/wtf g++ -E  conftest.cpp
conftest.cpp:22:28: error: ac_nonexistent.h: No such file or directory
configure:7719: $? = 1
configure: failed program was:
| /* confdefs.h */
| #define PACKAGE_NAME ""
| #define PACKAGE_TARNAME ""
| #define PACKAGE_VERSION ""
| #define PACKAGE_STRING ""
| #define PACKAGE_BUGREPORT ""
| #define PACKAGE_URL ""
| #define PACKAGE "borealis"
| #define VERSION "0.1"
| #define STDC_HEADERS 1
| #define HAVE_SYS_TYPES_H 1
| #define HAVE_SYS_STAT_H 1
| #define HAVE_STDLIB_H 1
| #define HAVE_STRING_H 1
| #define HAVE_MEMORY_H 1
| #define HAVE_STRINGS_H 1
| #define HAVE_INTTYPES_H 1
| #define HAVE_STDINT_H 1
| #define HAVE_UNISTD_H 1
| #define HAVE_DLFCN_H 1
| /* end confdefs.h.  */
| #include <ac_nonexistent.h>
configure:7744: result: /opt/borealis-tools/nmstl/bin/wtf g++ -E
configure:7764: /opt/borealis-tools/nmstl/bin/wtf g++ -E  conftest.cpp
configure:7764: $? = 0
configure:7778: /opt/borealis-tools/nmstl/bin/wtf g++ -E  conftest.cpp
conftest.cpp:22:28: error: ac_nonexistent.h: No such file or directory
configure:7778: $? = 1
configure: failed program was:
| /* confdefs.h */
| #define PACKAGE_NAME ""
| #define PACKAGE_TARNAME ""
| #define PACKAGE_VERSION ""
| #define PACKAGE_STRING ""
| #define PACKAGE_BUGREPORT ""
| #define PACKAGE_URL ""
| #define PACKAGE "borealis"
| #define VERSION "0.1"
| #define STDC_HEADERS 1
| #define HAVE_SYS_TYPES_H 1
| #define HAVE_SYS_STAT_H 1
| #define HAVE_STDLIB_H 1
| #define HAVE_STRING_H 1
| #define HAVE_MEMORY_H 1
| #define HAVE_STRINGS_H 1
| #define HAVE_INTTYPES_H 1
| #define HAVE_STDINT_H 1
| #define HAVE_UNISTD_H 1
| #define HAVE_DLFCN_H 1
| /* end confdefs.h.  */
| #include <ac_nonexistent.h>
configure:7984: checking for objdir
configure:7999: result: .libs
configure:8291: checking if /opt/borealis-tools/nmstl/bin/wtf gcc supports -fno-rtti -fno-exceptions
configure:8309: /opt/borealis-tools/nmstl/bin/wtf gcc -c -g -Wall -Werror  -fno-rtti -fno-exceptions conftest.c >&5
[0m[1m[31mwarning: command line option "-fno-rtti" is valid for C++/ObjC++ but not
for C[0m
[31min [34m[1mcc1[0m[31m[0m

configure:8313: $? = 1
configure:8326: result: no
configure:8346: checking for /opt/borealis-tools/nmstl/bin/wtf gcc option to produce PIC
configure:8618: result: -fPIC -DPIC
configure:8630: checking if /opt/borealis-tools/nmstl/bin/wtf gcc PIC flag -fPIC -DPIC works
configure:8648: /opt/borealis-tools/nmstl/bin/wtf gcc -c -g -Wall -Werror  -fPIC -DPIC -DPIC conftest.c >&5
configure:8652: $? = 0
configure:8665: result: yes
configure:8689: checking if /opt/borealis-tools/nmstl/bin/wtf gcc static flag -static works
configure:8717: result: yes
configure:8732: checking if /opt/borealis-tools/nmstl/bin/wtf gcc supports -c -o file.o
configure:8753: /opt/borealis-tools/nmstl/bin/wtf gcc -c -g -Wall -Werror  -o out/conftest2.o conftest.c >&5
configure:8757: $? = 0
configure:8779: result: yes
configure:8787: checking if /opt/borealis-tools/nmstl/bin/wtf gcc supports -c -o file.o
configure:8834: result: yes
configure:8867: checking whether the /opt/borealis-tools/nmstl/bin/wtf gcc linker (/usr/bin/ld) supports shared libraries
configure:9858: result: yes
configure:9895: checking whether -lc should be explicitly linked in
configure:9900: /opt/borealis-tools/nmstl/bin/wtf gcc -c -g -Wall -Werror  conftest.c >&5
configure:9903: $? = 0
configure:9918: /opt/borealis-tools/nmstl/bin/wtf gcc -shared conftest.o  -v -Wl,-soname -Wl,conftest -o conftest 2\>\&1 \| /bin/grep  -lc  \>/dev/null 2\>\&1
configure:9921: $? = 0
configure:9933: result: no
configure:10097: checking dynamic linker characteristics
configure:10530: /opt/borealis-tools/nmstl/bin/wtf gcc -o conftest -g -Wall -Werror   -Wl,-rpath -Wl,/foo conftest.c  >&5
configure:10530: $? = 0
configure:10760: result: GNU/Linux ld.so
configure:10862: checking how to hardcode library paths into programs
configure:10887: result: immediate
configure:11407: checking whether stripping libraries is possible
configure:11412: result: yes
configure:11447: checking if libtool supports shared libraries
configure:11449: result: yes
configure:11452: checking whether to build shared libraries
configure:11473: result: yes
configure:11476: checking whether to build static libraries
configure:11480: result: no
configure:11630: checking for ld used by /opt/borealis-tools/nmstl/bin/wtf g++
configure:11697: result: /usr/bin/ld
configure:11704: checking if the linker (/usr/bin/ld) is GNU ld
configure:11719: result: yes
configure:11774: checking whether the /opt/borealis-tools/nmstl/bin/wtf g++ linker (/usr/bin/ld) supports shared libraries
configure:12687: result: yes
configure:12715: /opt/borealis-tools/nmstl/bin/wtf g++ -c -g -Wall -Werror  conftest.cpp >&5
configure:12718: $? = 0
configure:12900: checking for /opt/borealis-tools/nmstl/bin/wtf g++ option to produce PIC
configure:13217: result: -fPIC -DPIC
configure:13226: checking if /opt/borealis-tools/nmstl/bin/wtf g++ PIC flag -fPIC -DPIC works
configure:13244: /opt/borealis-tools/nmstl/bin/wtf g++ -c -g -Wall -Werror  -fPIC -DPIC -DPIC conftest.cpp >&5
configure:13248: $? = 0
configure:13261: result: yes
configure:13282: checking if /opt/borealis-tools/nmstl/bin/wtf g++ static flag -static works
configure:13310: result: yes
configure:13322: checking if /opt/borealis-tools/nmstl/bin/wtf g++ supports -c -o file.o
configure:13343: /opt/borealis-tools/nmstl/bin/wtf g++ -c -g -Wall -Werror  -o out/conftest2.o conftest.cpp >&5
configure:13347: $? = 0
configure:13369: result: yes
configure:13374: checking if /opt/borealis-tools/nmstl/bin/wtf g++ supports -c -o file.o
configure:13421: result: yes
configure:13451: checking whether the /opt/borealis-tools/nmstl/bin/wtf g++ linker (/usr/bin/ld) supports shared libraries
configure:13480: result: yes
configure:13617: checking dynamic linker characteristics
configure:13998: /opt/borealis-tools/nmstl/bin/wtf g++ -o conftest -g -Wall -Werror   -Wl,-rpath -Wl,/foo conftest.cpp  >&5
configure:13998: $? = 0
configure:14228: result: GNU/Linux ld.so
configure:14279: checking how to hardcode library paths into programs
configure:14304: result: immediate
configure:14369: checking for ANSI C header files
configure:14473: result: yes
configure:14481: checking for sys/wait.h that is POSIX.1 compatible
configure:14507: /opt/borealis-tools/nmstl/bin/wtf gcc -c -g -Wall -Werror  conftest.c >&5
configure:14507: $? = 0
configure:14514: result: yes
configure:14525: checking fcntl.h usability
configure:14525: /opt/borealis-tools/nmstl/bin/wtf gcc -c -g -Wall -Werror  conftest.c >&5
configure:14525: $? = 0
configure:14525: result: yes
configure:14525: checking fcntl.h presence
configure:14525: /opt/borealis-tools/nmstl/bin/wtf gcc -E  conftest.c
configure:14525: $? = 0
configure:14525: result: yes
configure:14525: checking for fcntl.h
configure:14525: result: yes
configure:14525: checking for unistd.h
configure:14525: result: yes
configure:14536: checking for an ANSI C-conforming const
configure:14601: /opt/borealis-tools/nmstl/bin/wtf gcc -c -g -Wall -Werror  conftest.c >&5
configure:14601: $? = 0
configure:14608: result: yes
configure:14619: checking for strstr
configure:14619: /opt/borealis-tools/nmstl/bin/wtf gcc -o conftest -g -Wall -Werror   conftest.c  >&5
[0m[1m[31mwarning: conflicting types for built-in function 'strstr'[0m
[31min [34m[1mconftest.c[0m[31m, line 50[0m
48> extern "C"
49> #endif
[1m50> char strstr ();
[0m51> /* The GNU C library defines this for functions which it implements
52>     to always fail with ENOSYS.  Some functions are actually named

configure:14619: $? = 1
configure: failed program was:
| /* confdefs.h */
| #define PACKAGE_NAME ""
| #define PACKAGE_TARNAME ""
| #define PACKAGE_VERSION ""
| #define PACKAGE_STRING ""
| #define PACKAGE_BUGREPORT ""
| #define PACKAGE_URL ""
| #define PACKAGE "borealis"
| #define VERSION "0.1"
| #define STDC_HEADERS 1
| #define HAVE_SYS_TYPES_H 1
| #define HAVE_SYS_STAT_H 1
| #define HAVE_STDLIB_H 1
| #define HAVE_STRING_H 1
| #define HAVE_MEMORY_H 1
| #define HAVE_STRINGS_H 1
| #define HAVE_INTTYPES_H 1
| #define HAVE_STDINT_H 1
| #define HAVE_UNISTD_H 1
| #define HAVE_DLFCN_H 1
| #define LT_OBJDIR ".libs/"
| #define STDC_HEADERS 1
| #define HAVE_SYS_WAIT_H 1
| #define HAVE_FCNTL_H 1
| #define HAVE_UNISTD_H 1
| /* end confdefs.h.  */
| /* Define strstr to an innocuous variant, in case <limits.h> declares strstr.
|    For example, HP-UX 11i <limits.h> declares gettimeofday.  */
| #define strstr innocuous_strstr
| 
| /* System header to define __stub macros and hopefully few prototypes,
|     which can conflict with char strstr (); below.
|     Prefer <limits.h> to <assert.h> if __STDC__ is defined, since
|     <limits.h> exists even on freestanding compilers.  */
| 
| #ifdef __STDC__
| # include <limits.h>
| #else
| # include <assert.h>
| #endif
| 
| #undef strstr
| 
| /* Override any GCC internal prototype to avoid an error.
|    Use char because int might match the return type of a GCC
|    builtin and then its argument prototype would still apply.  */
| #ifdef __cplusplus
| extern "C"
| #endif
| char strstr ();
| /* The GNU C library defines this for functions which it implements
|     to always fail with ENOSYS.  Some functions are actually named
|     something starting with __ and the normal name is an alias.  */
| #if defined __stub_strstr || defined __stub___strstr
| choke me
| #endif
| 
| int
| main ()
| {
| return strstr ();
|   ;
|   return 0;
| }
configure:14619: result: no
configure:14648: checking for NMSTL
configure:14659: result: /opt/borealis-tools/nmstl
configure:14667: checking whether -I/opt/borealis-tools/nmstl/include causes a compiler warning and should be cleared
configure:14688: /opt/borealis-tools/nmstl/bin/wtf g++ -c -g -Wall -Werror  -I/opt/borealis-tools/nmstl/include -Wall -Werror conftest.cpp >&5
configure:14688: $? = 0
configure:14698: result: no
configure:14709: checking so nmstlinclude is now:
configure:14711: result: -I/opt/borealis-tools/nmstl/include
configure:14720: checking whether to use -DNMSTL_NO_MESSAGES
configure:14733: checking whether to use -DNMSTL_PTR_TRACE
configure:14748: result: no
configure:14760: checking for ANTLR
configure:14773: result: yes
configure:14790: checking for BDB
configure:14826: result: no
configure:14828: result: /opt/borealis-tools/db/include/db_cxx.h or /opt/borealis-tools/db/lib/libdb_cxx.so or /opt/borealis-tools/db/lib/libdb.so does not exist.
configure:14830: result: No Berkeley-Db related stuff will be compiled.
configure:14861: checking for Xerces-C
configure:14872: result: yes
configure:14880: checking whether -I/opt/borealis-tools/xercesc/include/ causes a compiler warning and should be cleared
configure:14902: /opt/borealis-tools/nmstl/bin/wtf g++ -c -g -Wall -Werror  -I/opt/borealis-tools/xercesc/include/ -Wall -Werror conftest.cpp >&5
configure:14902: $? = 0
configure:14912: result: no
configure:14923: checking so xercescinclude is now
configure:14925: result: -I/opt/borealis-tools/xercesc/include/
configure:14932: checking for Java compiler
configure:14947: result: javac
configure:14957: checking whether to build User Defined Boxes
configure:14973: result: no
configure:14995: checking for GSL
configure:15006: result: yes (/opt/borealis-tools/gsl)
configure:15035: checking for OCV
configure:15052: result: no
configure:15054: result: /usr/include/opencv/cv.h does not exist.
configure:15056: result: Array processing will not be compiled.
configure:15068: checking whether to enable array processing
configure:15089: result: no
configure:15108: checking whether to enable NHLoadShedder
configure:15129: result: no
configure:15147: result: Not building with OCV
configure:15301: creating ./config.status

## ---------------------- ##
## Running config.status. ##
## ---------------------- ##

This file was extended by config.status, which was
generated by GNU Autoconf 2.67.  Invocation command line was

  CONFIG_FILES    = 
  CONFIG_HEADERS  = 
  CONFIG_LINKS    = 
  CONFIG_COMMANDS = 
  $ ./config.status 

on hellojinjie

config.status:1192: creating Makefile
config.status:1192: creating modules/Makefile
config.status:1192: creating external/Makefile
config.status:1192: creating external/udb/Makefile
config.status:1192: creating external/udb/stub/Makefile
config.status:1192: creating external/bdb/Makefile
config.status:1192: creating external/bdb/stub/Makefile
config.status:1192: creating external/array/Makefile
config.status:1192: creating external/array/stub/Makefile
config.status:1192: creating src/Makefile
config.status:1192: creating modules/rpc/Makefile
config.status:1192: creating modules/ha/Makefile
config.status:1192: creating modules/availMon/Makefile
config.status:1192: creating modules/common/Makefile
config.status:1192: creating modules/util/Makefile
config.status:1192: creating modules/queryProcessor/Makefile
config.status:1192: creating modules/queryProcessor/runtime/Makefile
config.status:1192: creating modules/queryProcessor/storageMgr/Makefile
config.status:1192: creating modules/queryProcessor/boxes/Makefile
config.status:1192: creating modules/queryProcessor/expr/Makefile
config.status:1192: creating modules/queryProcessor/statsMgr/Makefile
config.status:1192: creating modules/optimizer/Makefile
config.status:1192: creating modules/optimizer/nhopt/Makefile
config.status:1192: creating modules/optimizer/local/Makefile
config.status:1192: creating modules/catalog/Makefile
config.status:1192: creating config.h
config.status:1372: config.h is unchanged
config.status:1420: executing depfiles commands
config.status:1420: executing libtool commands

## ---------------- ##
## Cache variables. ##
## ---------------- ##

ac_cv_build=i686-pc-linux-gnu
ac_cv_c_compiler_gnu=yes
ac_cv_c_const=yes
ac_cv_cxx_compiler_gnu=yes
ac_cv_env_CCC_set=
ac_cv_env_CCC_value=
ac_cv_env_CC_set=set
ac_cv_env_CC_value='/opt/borealis-tools/nmstl/bin/wtf gcc'
ac_cv_env_CFLAGS_set=
ac_cv_env_CFLAGS_value=
ac_cv_env_CPPFLAGS_set=
ac_cv_env_CPPFLAGS_value=
ac_cv_env_CPP_set=
ac_cv_env_CPP_value=
ac_cv_env_CXXCPP_set=
ac_cv_env_CXXCPP_value=
ac_cv_env_CXXFLAGS_set=
ac_cv_env_CXXFLAGS_value=
ac_cv_env_CXX_set=set
ac_cv_env_CXX_value='/opt/borealis-tools/nmstl/bin/wtf g++'
ac_cv_env_LDFLAGS_set=
ac_cv_env_LDFLAGS_value=
ac_cv_env_LIBS_set=
ac_cv_env_LIBS_value=
ac_cv_env_build_alias_set=
ac_cv_env_build_alias_value=
ac_cv_env_host_alias_set=
ac_cv_env_host_alias_value=
ac_cv_env_target_alias_set=
ac_cv_env_target_alias_value=
ac_cv_func_strstr=no
ac_cv_header_dlfcn_h=yes
ac_cv_header_fcntl_h=yes
ac_cv_header_inttypes_h=yes
ac_cv_header_memory_h=yes
ac_cv_header_stdc=yes
ac_cv_header_stdint_h=yes
ac_cv_header_stdlib_h=yes
ac_cv_header_string_h=yes
ac_cv_header_strings_h=yes
ac_cv_header_sys_stat_h=yes
ac_cv_header_sys_types_h=yes
ac_cv_header_sys_wait_h=yes
ac_cv_header_unistd_h=yes
ac_cv_host=i686-pc-linux-gnu
ac_cv_objext=o
ac_cv_path_EGREP='/bin/grep -E'
ac_cv_path_FGREP='/bin/grep -F'
ac_cv_path_GREP=/bin/grep
ac_cv_path_SED=/bin/sed
ac_cv_path_install='/usr/bin/install -c'
ac_cv_path_mkdir=/bin/mkdir
ac_cv_prog_AWK=gawk
ac_cv_prog_CPP='/opt/borealis-tools/nmstl/bin/wtf gcc -E'
ac_cv_prog_CXXCPP='/opt/borealis-tools/nmstl/bin/wtf g++ -E'
ac_cv_prog_ac_ct_AR=ar
ac_cv_prog_ac_ct_CC='/opt/borealis-tools/nmstl/bin/wtf gcc'
ac_cv_prog_ac_ct_OBJDUMP=objdump
ac_cv_prog_ac_ct_RANLIB=ranlib
ac_cv_prog_ac_ct_STRIP=strip
ac_cv_prog_cc_c89=
ac_cv_prog_cc_g=yes
ac_cv_prog_cxx_g=yes
ac_cv_prog_make_make_set=yes
am_cv_CC_dependencies_compiler_type=gcc3
am_cv_CXX_dependencies_compiler_type=gcc3
lt_cv_deplibs_check_method=pass_all
lt_cv_file_magic_cmd='$MAGIC_CMD'
lt_cv_file_magic_test_file=
lt_cv_ld_reload_flag=-r
lt_cv_nm_interface='BSD nm'
lt_cv_objdir=.libs
lt_cv_path_LD=/usr/bin/ld
lt_cv_path_LDCXX=/usr/bin/ld
lt_cv_path_NM='/usr/bin/nm -B'
lt_cv_prog_compiler_c_o=yes
lt_cv_prog_compiler_c_o_CXX=yes
lt_cv_prog_compiler_pic_works=yes
lt_cv_prog_compiler_pic_works_CXX=yes
lt_cv_prog_compiler_rtti_exceptions=no
lt_cv_prog_compiler_static_works=yes
lt_cv_prog_compiler_static_works_CXX=yes
lt_cv_prog_gnu_ld=yes
lt_cv_prog_gnu_ldcxx=yes
lt_cv_sys_global_symbol_pipe='sed -n -e '\''s/^.*[	 ]\([ABCDGIRSTW][ABCDGIRSTW]*\)[	 ][	 ]*\([_A-Za-z][_A-Za-z0-9]*\)$/\1 \2 \2/p'\'''
lt_cv_sys_global_symbol_to_c_name_address='sed -n -e '\''s/^: \([^ ]*\) $/  {\"\1\", (void *) 0},/p'\'' -e '\''s/^[ABCDGIRSTW]* \([^ ]*\) \([^ ]*\)$/  {"\2", (void *) \&\2},/p'\'''
lt_cv_sys_global_symbol_to_c_name_address_lib_prefix='sed -n -e '\''s/^: \([^ ]*\) $/  {\"\1\", (void *) 0},/p'\'' -e '\''s/^[ABCDGIRSTW]* \([^ ]*\) \(lib[^ ]*\)$/  {"\2", (void *) \&\2},/p'\'' -e '\''s/^[ABCDGIRSTW]* \([^ ]*\) \([^ ]*\)$/  {"lib\2", (void *) \&\2},/p'\'''
lt_cv_sys_global_symbol_to_cdecl='sed -n -e '\''s/^T .* \(.*\)$/extern int \1();/p'\'' -e '\''s/^[ABCDGIRSTW]* .* \(.*\)$/extern char \1;/p'\'''
lt_cv_sys_max_cmd_len=1572864

## ----------------- ##
## Output variables. ##
## ----------------- ##

ACLOCAL='${SHELL} /home/jj/Workspace/borealis_summer_2008/polaris/src/config/missing --run aclocal-1.11'
AMDEPBACKSLASH='\'
AMDEP_FALSE='#'
AMDEP_TRUE=''
AMTAR='${SHELL} /home/jj/Workspace/borealis_summer_2008/polaris/src/config/missing --run tar'
ANTLRINCLUDE='-I/opt/borealis-tools/antlr/include'
ANTLRLIB='/opt/borealis-tools/antlr/lib/libantlr.a '
ANTLR_JAR_FILE='/opt/borealis-tools/antlr/lib/antlr.jar'
AR='ar'
ARRAY_INCLUDE='-I/home/jj/Workspace/borealis_summer_2008/polaris/src/external/array/stub'
AUTOCONF='${SHELL} /home/jj/Workspace/borealis_summer_2008/polaris/src/config/missing --run autoconf'
AUTOHEADER='${SHELL} /home/jj/Workspace/borealis_summer_2008/polaris/src/config/missing --run autoheader'
AUTOMAKE='${SHELL} /home/jj/Workspace/borealis_summer_2008/polaris/src/config/missing --run automake-1.11'
AWK='gawk'
BDBDIR=''
BDBINCLUDE='-I/home/jj/Workspace/borealis_summer_2008/polaris/src/external/bdb/stub'
BDBLIB=''
BOREALISINCLUDE='-I/opt/borealis-tools/nmstl/include -I/opt/borealis-tools/xercesc/include/ -I/opt/borealis-tools/antlr/include'
BOREALISLIB='-L/opt/borealis-tools/nmstl/lib -lNMSTL -lexpat -lpthread -lreadline -lncurses -L/opt/borealis-tools/xercesc/lib -lxerces-c /opt/borealis-tools/antlr/lib/libantlr.a '
CC='/opt/borealis-tools/nmstl/bin/wtf gcc'
CCDEPMODE='depmode=gcc3'
CFLAGS='-g -Wall -Werror'
COND_ARRAY_FALSE=''
COND_ARRAY_TRUE='#'
COND_BDB_FALSE=''
COND_BDB_TRUE='#'
COND_UDB_FALSE=''
COND_UDB_TRUE='#'
CPP='/opt/borealis-tools/nmstl/bin/wtf gcc -E'
CPPFLAGS=''
CXX='/opt/borealis-tools/nmstl/bin/wtf g++'
CXXCPP='/opt/borealis-tools/nmstl/bin/wtf g++ -E'
CXXDEPMODE='depmode=gcc3'
CXXFLAGS='-g -Wall -Werror'
CYGPATH_W='echo'
DEFS='-DHAVE_CONFIG_H'
DEPDIR='.deps'
DSYMUTIL=''
DUMPBIN=''
ECHO_C=''
ECHO_N='-n'
ECHO_T=''
EGREP='/bin/grep -E'
EXEEXT=''
EXTERNALINCLUDE='-I/home/jj/Workspace/borealis_summer_2008/polaris/src/external/bdb/stub -I/opt/borealis-tools/gsl/include -I/home/jj/Workspace/borealis_summer_2008/polaris/src/external/array/stub '
EXTERNALLIB='-L/opt/borealis-tools/gsl/lib -lgsl -lgslcblas '
FGREP='/bin/grep -F'
GREP='/bin/grep'
GSLDIR='/opt/borealis-tools/gsl'
GSLINCLUDE='-I/opt/borealis-tools/gsl/include'
GSLLIB='-L/opt/borealis-tools/gsl/lib -lgsl -lgslcblas'
INSTALL_DATA='${INSTALL} -m 644'
INSTALL_PROGRAM='${INSTALL}'
INSTALL_SCRIPT='${INSTALL}'
INSTALL_STRIP_PROGRAM='$(install_sh) -c -s'
JAVA='java'
JAVAC='javac'
LD='/usr/bin/ld'
LDFLAGS=''
LIBOBJS=''
LIBS=''
LIBTOOL='$(SHELL) $(top_builddir)/libtool'
LIPO=''
LN_S='ln -s'
LTLIBOBJS=''
MAKEINFO='${SHELL} /home/jj/Workspace/borealis_summer_2008/polaris/src/config/missing --run makeinfo'
MKDIR_P='/bin/mkdir -p'
NH_LS_INCLUDE=''
NM='/usr/bin/nm -B'
NMEDIT=''
NMSTLDIR='/opt/borealis-tools/nmstl'
NMSTLINCLUDE='-I/opt/borealis-tools/nmstl/include'
NMSTLLIB='-L/opt/borealis-tools/nmstl/lib -lNMSTL -lexpat -lpthread -lreadline -lncurses'
NMSTLSUBDIR=''
OBJDUMP='objdump'
OBJEXT='o'
OCVDIR=''
OCVINCLUDE=''
OCVLIB=''
OTOOL64=''
OTOOL=''
PACKAGE='borealis'
PACKAGE_BUGREPORT=''
PACKAGE_NAME=''
PACKAGE_STRING=''
PACKAGE_TARNAME=''
PACKAGE_URL=''
PACKAGE_VERSION=''
PATH_SEPARATOR=':'
RANLIB='ranlib'
SED='/bin/sed'
SET_MAKE=''
SHELL='/bin/bash'
STRIP='strip'
VERSION='0.1'
XERCESCINCLUDE='-I/opt/borealis-tools/xercesc/include/'
XERCESCLIB='-L/opt/borealis-tools/xercesc/lib -lxerces-c'
ac_ct_CC='/opt/borealis-tools/nmstl/bin/wtf gcc'
ac_ct_CXX=''
ac_ct_DUMPBIN=''
am__EXEEXT_FALSE=''
am__EXEEXT_TRUE='#'
am__fastdepCC_FALSE='#'
am__fastdepCC_TRUE=''
am__fastdepCXX_FALSE='#'
am__fastdepCXX_TRUE=''
am__include='include'
am__isrc=''
am__leading_dot='.'
am__quote=''
am__tar='${AMTAR} chof - "$$tardir"'
am__untar='${AMTAR} xf -'
bindir='${exec_prefix}/bin'
build='i686-pc-linux-gnu'
build_alias=''
build_cpu='i686'
build_os='linux-gnu'
build_vendor='pc'
datadir='${datarootdir}'
datarootdir='${prefix}/share'
docdir='${datarootdir}/doc/${PACKAGE}'
dvidir='${docdir}'
exec_prefix='${prefix}'
host='i686-pc-linux-gnu'
host_alias=''
host_cpu='i686'
host_os='linux-gnu'
host_vendor='pc'
htmldir='${docdir}'
includedir='${prefix}/include'
infodir='${datarootdir}/info'
install_sh='${SHELL} /home/jj/Workspace/borealis_summer_2008/polaris/src/config/install-sh'
libdir='${exec_prefix}/lib'
libexecdir='${exec_prefix}/libexec'
localedir='${datarootdir}/locale'
localstatedir='${prefix}/var'
lt_ECHO='echo'
mandir='${datarootdir}/man'
mkdir_p='/bin/mkdir -p'
oldincludedir='/usr/include'
pdfdir='${docdir}'
prefix='/usr/local'
program_transform_name='s,x,x,'
psdir='${docdir}'
sbindir='${exec_prefix}/sbin'
sharedstatedir='${prefix}/com'
sysconfdir='${prefix}/etc'
target_alias=''

## ----------- ##
## confdefs.h. ##
## ----------- ##

/* confdefs.h */
#define PACKAGE_NAME ""
#define PACKAGE_TARNAME ""
#define PACKAGE_VERSION ""
#define PACKAGE_STRING ""
#define PACKAGE_BUGREPORT ""
#define PACKAGE_URL ""
#define PACKAGE "borealis"
#define VERSION "0.1"
#define STDC_HEADERS 1
#define HAVE_SYS_TYPES_H 1
#define HAVE_SYS_STAT_H 1
#define HAVE_STDLIB_H 1
#define HAVE_STRING_H 1
#define HAVE_MEMORY_H 1
#define HAVE_STRINGS_H 1
#define HAVE_INTTYPES_H 1
#define HAVE_STDINT_H 1
#define HAVE_UNISTD_H 1
#define HAVE_DLFCN_H 1
#define LT_OBJDIR ".libs/"
#define STDC_HEADERS 1
#define HAVE_SYS_WAIT_H 1
#define HAVE_FCNTL_H 1
#define HAVE_UNISTD_H 1

configure: exit 0
