This file contains any messages produced by compilers while
running configure, to aid debugging if configure makes a mistake.

It was created by configure, which was
generated by GNU Autoconf 2.67.  Invocation command line was

  $ ./configure --enable-shared --disable-static --with-nmstl=/opt/borealis-tools/nmstl --with-xercesc=/opt/borealis-tools/xercesc --with-antlr=/opt/borealis-tools/antlr --with-bdb=/opt/borealis-tools/db --with-gsl=/opt/borealis-tools/gsl

## --------- ##
## Platform. ##
## --------- ##

hostname = hellojinjie
uname -m = i686
uname -r = 2.6.38-11-generic-pae
uname -s = Linux
uname -v = #50-Ubuntu SMP Mon Sep 12 22:21:04 UTC 2011

/usr/bin/uname -p = unknown
/bin/uname -X     = unknown

/bin/arch              = unknown
/usr/bin/arch -k       = unknown
/usr/convex/getsysinfo = unknown
/usr/bin/hostinfo      = unknown
/bin/machine           = unknown
/usr/bin/oslevel       = unknown
/bin/universe          = unknown

PATH: /home/jj/Workspace/borealis_summer_2008/polaris/tool/head
PATH: /home/jj/Workspace/borealis_summer_2008/polaris/tool/marshal
PATH: /opt/borealis-tools/nmstl/bin
PATH: /opt/borealis-tools/gsl/bin
PATH: /opt/borealis-tools/antlr/bin
PATH: /opt/borealis-tools/glpk/bin
PATH: /opt/borealis-tools/gcc/bin
PATH: /opt/borealis-tools/db/bin
PATH: /opt/borealis-tools/ccache/bin
PATH: /opt/borealis-tools/antlr/bin
PATH: /home/jj/bin
PATH: /usr/local/sbin
PATH: /usr/local/bin
PATH: /usr/sbin
PATH: /usr/bin
PATH: /sbin
PATH: /bin
PATH: /usr/games
PATH: /opt/borealis-tools/nmstl/bin


## ----------- ##
## Core tests. ##
## ----------- ##

configure:2521: checking for a BSD-compatible install
configure:2589: result: /usr/bin/install -c
configure:2600: checking whether build environment is sane
configure:2650: result: yes
configure:2791: checking for a thread-safe mkdir -p
configure:2830: result: /bin/mkdir -p
configure:2843: checking for gawk
configure:2859: found /usr/bin/gawk
configure:2870: result: gawk
configure:2881: checking whether make sets $(MAKE)
configure:2903: result: yes
configure:3032: checking for gcc
configure:3059: result: /opt/borealis-tools/nmstl/bin/wtf gcc
configure:3288: checking for C compiler version
configure:3297: /opt/borealis-tools/nmstl/bin/wtf gcc --version >&5
gcc (GCC) 4.1.1
Copyright (C) 2006 Free Software Foundation, Inc.
This is free software; see the source for copying conditions.  There is NO
warranty; not even for MERCHANTABILITY or FITNESS FOR A PARTICULAR PURPOSE.

configure:3308: $? = 0
configure:3297: /opt/borealis-tools/nmstl/bin/wtf gcc -v >&5
Using built-in specs.
Target: i686-pc-linux-gnu
Configured with: ../gcc-4.1.1/configure --program-prefix=4.1.1 --prefix=/opt/borealis-tools/gcc --enable-languages=c,c++ : (reconfigured) ../gcc-4.1.1/configure --prefix=/opt/borealis-tools/gcc --enable-languages=c,c++
Thread model: posix
gcc version 4.1.1
configure:3308: $? = 0
configure:3297: /opt/borealis-tools/nmstl/bin/wtf gcc -V >&5
gcc: '-V' option must have argument
configure:3308: $? = 1
configure:3297: /opt/borealis-tools/nmstl/bin/wtf gcc -qversion >&5
gcc: unrecognized option '-qversion'
gcc: no input files
configure:3308: $? = 1
configure:3328: checking whether the C compiler works
configure:3350: /opt/borealis-tools/nmstl/bin/wtf gcc    conftest.c  >&5
configure:3354: $? = 0
configure:3402: result: yes
configure:3405: checking for C compiler default output file name
configure:3407: result: a.out
configure:3413: checking for suffix of executables
configure:3420: /opt/borealis-tools/nmstl/bin/wtf gcc -o conftest    conftest.c  >&5
configure:3424: $? = 0
configure:3446: result: 
configure:3468: checking whether we are cross compiling
configure:3476: /opt/borealis-tools/nmstl/bin/wtf gcc -o conftest    conftest.c  >&5
configure:3480: $? = 0
configure:3487: ./conftest
configure:3491: $? = 0
configure:3506: result: no
configure:3511: checking for suffix of object files
configure:3533: /opt/borealis-tools/nmstl/bin/wtf gcc -c   conftest.c >&5
configure:3537: $? = 0
configure:3558: result: o
configure:3562: checking whether we are using the GNU C compiler
configure:3581: /opt/borealis-tools/nmstl/bin/wtf gcc -c   conftest.c >&5
configure:3581: $? = 0
configure:3590: result: yes
configure:3599: checking whether /opt/borealis-tools/nmstl/bin/wtf gcc accepts -g
configure:3619: /opt/borealis-tools/nmstl/bin/wtf gcc -c -g  conftest.c >&5
configure:3619: $? = 0
configure:3660: result: yes
configure:3677: checking for /opt/borealis-tools/nmstl/bin/wtf gcc option to accept ISO C89
configure:3741: /opt/borealis-tools/nmstl/bin/wtf gcc  -c -g -O2  conftest.c >&5
configure:3741: $? = 0
configure:3754: result: none needed
configure:3785: checking for style of include used by make
configure:3813: result: GNU
configure:3838: checking dependency style of /opt/borealis-tools/nmstl/bin/wtf gcc
configure:3948: result: gcc3
configure:4075: checking for C++ compiler version
configure:4084: /opt/borealis-tools/nmstl/bin/wtf g++ --version >&5
g++ (GCC) 4.1.1
Copyright (C) 2006 Free Software Foundation, Inc.
This is free software; see the source for copying conditions.  There is NO
warranty; not even for MERCHANTABILITY or FITNESS FOR A PARTICULAR PURPOSE.

configure:4095: $? = 0
configure:4084: /opt/borealis-tools/nmstl/bin/wtf g++ -v >&5
Using built-in specs.
Target: i686-pc-linux-gnu
Configured with: ../gcc-4.1.1/configure --program-prefix=4.1.1 --prefix=/opt/borealis-tools/gcc --enable-languages=c,c++ : (reconfigured) ../gcc-4.1.1/configure --prefix=/opt/borealis-tools/gcc --enable-languages=c,c++
Thread model: posix
gcc version 4.1.1
configure:4095: $? = 0
configure:4084: /opt/borealis-tools/nmstl/bin/wtf g++ -V >&5
g++: '-V' option must have argument
configure:4095: $? = 1
configure:4084: /opt/borealis-tools/nmstl/bin/wtf g++ -qversion >&5
g++: unrecognized option '-qversion'
g++: no input files
configure:4095: $? = 1
configure:4099: checking whether we are using the GNU C++ compiler
configure:4118: /opt/borealis-tools/nmstl/bin/wtf g++ -c   conftest.cpp >&5
configure:4118: $? = 0
configure:4127: result: yes
configure:4136: checking whether /opt/borealis-tools/nmstl/bin/wtf g++ accepts -g
configure:4156: /opt/borealis-tools/nmstl/bin/wtf g++ -c -g  conftest.cpp >&5
configure:4156: $? = 0
configure:4197: result: yes
configure:4222: checking dependency style of /opt/borealis-tools/nmstl/bin/wtf g++
configure:4332: result: gcc3
configure:4352: checking whether ln -s works
configure:4356: result: yes
configure:4393: checking build system type
configure:4407: result: i686-pc-linux-gnu
configure:4427: checking host system type
configure:4440: result: i686-pc-linux-gnu
configure:4460: checking for a sed that does not truncate output
configure:4524: result: /bin/sed
configure:4542: checking for grep that handles long lines and -e
configure:4600: result: /bin/grep
configure:4605: checking for egrep
configure:4667: result: /bin/grep -E
configure:4672: checking for fgrep
configure:4734: result: /bin/grep -F
configure:4769: checking for ld used by /opt/borealis-tools/nmstl/bin/wtf gcc
configure:4836: result: /usr/bin/ld
configure:4843: checking if the linker (/usr/bin/ld) is GNU ld
configure:4858: result: yes
configure:4870: checking for BSD- or MS-compatible name lister (nm)
configure:4919: result: /usr/bin/nm -B
configure:5037: checking the name lister (/usr/bin/nm -B) interface
configure:5044: /opt/borealis-tools/nmstl/bin/wtf gcc -c -g -Wall -Werror  conftest.c >&5
configure:5047: /usr/bin/nm -B "conftest.o"
configure:5050: output
00000000 B some_variable
configure:5057: result: BSD nm
configure:5061: checking the maximum length of command line arguments
configure:5181: result: 1572864
configure:5198: checking whether the shell understands some XSI constructs
configure:5208: result: yes
configure:5212: checking whether the shell understands "+="
configure:5218: result: yes
configure:5253: checking for /usr/bin/ld option to reload object files
configure:5260: result: -r
configure:5329: checking for objdump
configure:5345: found /usr/bin/objdump
configure:5356: result: objdump
configure:5388: checking how to recognize dependent libraries
configure:5584: result: pass_all
configure:5644: checking for ar
configure:5660: found /usr/bin/ar
configure:5671: result: ar
configure:5749: checking for strip
configure:5765: found /usr/bin/strip
configure:5776: result: strip
configure:5848: checking for ranlib
configure:5864: found /usr/bin/ranlib
configure:5875: result: ranlib
configure:5965: checking command to parse /usr/bin/nm -B output from /opt/borealis-tools/nmstl/bin/wtf gcc object
configure:6083: /opt/borealis-tools/nmstl/bin/wtf gcc -c -g -Wall -Werror  conftest.c >&5
configure:6086: $? = 0
configure:6090: /usr/bin/nm -B conftest.o \| sed -n -e 's/^.*[	 ]\([ABCDGIRSTW][ABCDGIRSTW]*\)[	 ][	 ]*\([_A-Za-z][_A-Za-z0-9]*\)$/\1 \2 \2/p' \> conftest.nm
configure:6093: $? = 0
configure:6147: /opt/borealis-tools/nmstl/bin/wtf gcc -o conftest -g -Wall -Werror   conftest.c conftstm.o >&5
configure:6150: $? = 0
configure:6188: result: ok
configure:6997: checking how to run the C preprocessor
configure:7028: /opt/borealis-tools/nmstl/bin/wtf gcc -E  conftest.c
configure:7028: $? = 0
configure:7042: /opt/borealis-tools/nmstl/bin/wtf gcc -E  conftest.c
conftest.c:11:28: error: ac_nonexistent.h: No such file or directory
configure:7042: $? = 1
configure: failed program was:
| /* confdefs.h */
| #define PACKAGE_NAME ""
| #define PACKAGE_TARNAME ""
| #define PACKAGE_VERSION ""
| #define PACKAGE_STRING ""
| #define PACKAGE_BUGREPORT ""
| #define PACKAGE_URL ""
| #define PACKAGE "test"
| #define VERSION "0.1"
| /* end confdefs.h.  */
| #include <ac_nonexistent.h>
configure:7067: result: /opt/borealis-tools/nmstl/bin/wtf gcc -E
configure:7087: /opt/borealis-tools/nmstl/bin/wtf gcc -E  conftest.c
configure:7087: $? = 0
configure:7101: /opt/borealis-tools/nmstl/bin/wtf gcc -E  conftest.c
conftest.c:11:28: error: ac_nonexistent.h: No such file or directory
configure:7101: $? = 1
configure: failed program was:
| /* confdefs.h */
| #define PACKAGE_NAME ""
| #define PACKAGE_TARNAME ""
| #define PACKAGE_VERSION ""
| #define PACKAGE_STRING ""
| #define PACKAGE_BUGREPORT ""
| #define PACKAGE_URL ""
| #define PACKAGE "test"
| #define VERSION "0.1"
| /* end confdefs.h.  */
| #include <ac_nonexistent.h>
configure:7130: checking for ANSI C header files
configure:7150: /opt/borealis-tools/nmstl/bin/wtf gcc -c -g -Wall -Werror  conftest.c >&5
configure:7150: $? = 0
configure:7223: /opt/borealis-tools/nmstl/bin/wtf gcc -o conftest -g -Wall -Werror   conftest.c  >&5
configure:7223: $? = 0
configure:7223: ./conftest
configure:7223: $? = 0
configure:7234: result: yes
configure:7247: checking for sys/types.h
configure:7247: /opt/borealis-tools/nmstl/bin/wtf gcc -c -g -Wall -Werror  conftest.c >&5
configure:7247: $? = 0
configure:7247: result: yes
configure:7247: checking for sys/stat.h
configure:7247: /opt/borealis-tools/nmstl/bin/wtf gcc -c -g -Wall -Werror  conftest.c >&5
configure:7247: $? = 0
configure:7247: result: yes
configure:7247: checking for stdlib.h
configure:7247: /opt/borealis-tools/nmstl/bin/wtf gcc -c -g -Wall -Werror  conftest.c >&5
configure:7247: $? = 0
configure:7247: result: yes
configure:7247: checking for string.h
configure:7247: /opt/borealis-tools/nmstl/bin/wtf gcc -c -g -Wall -Werror  conftest.c >&5
configure:7247: $? = 0
configure:7247: result: yes
configure:7247: checking for memory.h
configure:7247: /opt/borealis-tools/nmstl/bin/wtf gcc -c -g -Wall -Werror  conftest.c >&5
configure:7247: $? = 0
configure:7247: result: yes
configure:7247: checking for strings.h
configure:7247: /opt/borealis-tools/nmstl/bin/wtf gcc -c -g -Wall -Werror  conftest.c >&5
configure:7247: $? = 0
configure:7247: result: yes
configure:7247: checking for inttypes.h
configure:7247: /opt/borealis-tools/nmstl/bin/wtf gcc -c -g -Wall -Werror  conftest.c >&5
configure:7247: $? = 0
configure:7247: result: yes
configure:7247: checking for stdint.h
configure:7247: /opt/borealis-tools/nmstl/bin/wtf gcc -c -g -Wall -Werror  conftest.c >&5
configure:7247: $? = 0
configure:7247: result: yes
configure:7247: checking for unistd.h
configure:7247: /opt/borealis-tools/nmstl/bin/wtf gcc -c -g -Wall -Werror  conftest.c >&5
configure:7247: $? = 0
configure:7247: result: yes
configure:7261: checking for dlfcn.h
configure:7261: /opt/borealis-tools/nmstl/bin/wtf gcc -c -g -Wall -Werror  conftest.c >&5
configure:7261: $? = 0
configure:7261: result: yes
configure:7386: checking for C++ compiler version
configure:7395: /opt/borealis-tools/nmstl/bin/wtf g++ --version >&5
g++ (GCC) 4.1.1
Copyright (C) 2006 Free Software Foundation, Inc.
This is free software; see the source for copying conditions.  There is NO
warranty; not even for MERCHANTABILITY or FITNESS FOR A PARTICULAR PURPOSE.

configure:7406: $? = 0
configure:7395: /opt/borealis-tools/nmstl/bin/wtf g++ -v >&5
Using built-in specs.
Target: i686-pc-linux-gnu
Configured with: ../gcc-4.1.1/configure --program-prefix=4.1.1 --prefix=/opt/borealis-tools/gcc --enable-languages=c,c++ : (reconfigured) ../gcc-4.1.1/configure --prefix=/opt/borealis-tools/gcc --enable-languages=c,c++
Thread model: posix
gcc version 4.1.1
configure:7406: $? = 0
configure:7395: /opt/borealis-tools/nmstl/bin/wtf g++ -V >&5
g++: '-V' option must have argument
configure:7406: $? = 1
configure:7395: /opt/borealis-tools/nmstl/bin/wtf g++ -qversion >&5
g++: unrecognized option '-qversion'
g++: no input files
configure:7406: $? = 1
configure:7410: checking whether we are using the GNU C++ compiler
configure:7438: result: yes
configure:7447: checking whether /opt/borealis-tools/nmstl/bin/wtf g++ accepts -g
configure:7508: result: yes
configure:7533: checking dependency style of /opt/borealis-tools/nmstl/bin/wtf g++
configure:7643: result: gcc3
configure:7666: checking how to run the C++ preprocessor
configure:7693: /opt/borealis-tools/nmstl/bin/wtf g++ -E  conftest.cpp
configure:7693: $? = 0
configure:7707: /opt/borealis-tools/nmstl/bin/wtf g++ -E  conftest.cpp
conftest.cpp:22:28: error: ac_nonexistent.h: No such file or directory
configure:7707: $? = 1
configure: failed program was:
| /* confdefs.h */
| #define PACKAGE_NAME ""
| #define PACKAGE_TARNAME ""
| #define PACKAGE_VERSION ""
| #define PACKAGE_STRING ""
| #define PACKAGE_BUGREPORT ""
| #define PACKAGE_URL ""
| #define PACKAGE "test"
| #define VERSION "0.1"
| #define STDC_HEADERS 1
| #define HAVE_SYS_TYPES_H 1
| #define HAVE_SYS_STAT_H 1
| #define HAVE_STDLIB_H 1
| #define HAVE_STRING_H 1
| #define HAVE_MEMORY_H 1
| #define HAVE_STRINGS_H 1
| #define HAVE_INTTYPES_H 1
| #define HAVE_STDINT_H 1
| #define HAVE_UNISTD_H 1
| #define HAVE_DLFCN_H 1
| /* end confdefs.h.  */
| #include <ac_nonexistent.h>
configure:7732: result: /opt/borealis-tools/nmstl/bin/wtf g++ -E
configure:7752: /opt/borealis-tools/nmstl/bin/wtf g++ -E  conftest.cpp
configure:7752: $? = 0
configure:7766: /opt/borealis-tools/nmstl/bin/wtf g++ -E  conftest.cpp
conftest.cpp:22:28: error: ac_nonexistent.h: No such file or directory
configure:7766: $? = 1
configure: failed program was:
| /* confdefs.h */
| #define PACKAGE_NAME ""
| #define PACKAGE_TARNAME ""
| #define PACKAGE_VERSION ""
| #define PACKAGE_STRING ""
| #define PACKAGE_BUGREPORT ""
| #define PACKAGE_URL ""
| #define PACKAGE "test"
| #define VERSION "0.1"
| #define STDC_HEADERS 1
| #define HAVE_SYS_TYPES_H 1
| #define HAVE_SYS_STAT_H 1
| #define HAVE_STDLIB_H 1
| #define HAVE_STRING_H 1
| #define HAVE_MEMORY_H 1
| #define HAVE_STRINGS_H 1
| #define HAVE_INTTYPES_H 1
| #define HAVE_STDINT_H 1
| #define HAVE_UNISTD_H 1
| #define HAVE_DLFCN_H 1
| /* end confdefs.h.  */
| #include <ac_nonexistent.h>
configure:7972: checking for objdir
configure:7987: result: .libs
configure:8279: checking if /opt/borealis-tools/nmstl/bin/wtf gcc supports -fno-rtti -fno-exceptions
configure:8297: /opt/borealis-tools/nmstl/bin/wtf gcc -c -g -Wall -Werror  -fno-rtti -fno-exceptions conftest.c >&5
[0m[1m[31mwarning: command line option "-fno-rtti" is valid for C++/ObjC++ but not
for C[0m
[31min [34m[1mcc1[0m[31m[0m

configure:8301: $? = 1
configure:8314: result: no
configure:8334: checking for /opt/borealis-tools/nmstl/bin/wtf gcc option to produce PIC
configure:8606: result: -fPIC -DPIC
configure:8618: checking if /opt/borealis-tools/nmstl/bin/wtf gcc PIC flag -fPIC -DPIC works
configure:8636: /opt/borealis-tools/nmstl/bin/wtf gcc -c -g -Wall -Werror  -fPIC -DPIC -DPIC conftest.c >&5
configure:8640: $? = 0
configure:8653: result: yes
configure:8677: checking if /opt/borealis-tools/nmstl/bin/wtf gcc static flag -static works
configure:8705: result: yes
configure:8720: checking if /opt/borealis-tools/nmstl/bin/wtf gcc supports -c -o file.o
configure:8741: /opt/borealis-tools/nmstl/bin/wtf gcc -c -g -Wall -Werror  -o out/conftest2.o conftest.c >&5
configure:8745: $? = 0
configure:8767: result: yes
configure:8775: checking if /opt/borealis-tools/nmstl/bin/wtf gcc supports -c -o file.o
configure:8822: result: yes
configure:8855: checking whether the /opt/borealis-tools/nmstl/bin/wtf gcc linker (/usr/bin/ld) supports shared libraries
configure:9846: result: yes
configure:9883: checking whether -lc should be explicitly linked in
configure:9888: /opt/borealis-tools/nmstl/bin/wtf gcc -c -g -Wall -Werror  conftest.c >&5
configure:9891: $? = 0
configure:9906: /opt/borealis-tools/nmstl/bin/wtf gcc -shared conftest.o  -v -Wl,-soname -Wl,conftest -o conftest 2\>\&1 \| /bin/grep  -lc  \>/dev/null 2\>\&1
configure:9909: $? = 0
configure:9921: result: no
configure:10085: checking dynamic linker characteristics
configure:10518: /opt/borealis-tools/nmstl/bin/wtf gcc -o conftest -g -Wall -Werror   -Wl,-rpath -Wl,/foo conftest.c  >&5
configure:10518: $? = 0
configure:10748: result: GNU/Linux ld.so
configure:10850: checking how to hardcode library paths into programs
configure:10875: result: immediate
configure:11395: checking whether stripping libraries is possible
configure:11400: result: yes
configure:11435: checking if libtool supports shared libraries
configure:11437: result: yes
configure:11440: checking whether to build shared libraries
configure:11461: result: yes
configure:11464: checking whether to build static libraries
configure:11468: result: no
configure:11618: checking for ld used by /opt/borealis-tools/nmstl/bin/wtf g++
configure:11685: result: /usr/bin/ld
configure:11692: checking if the linker (/usr/bin/ld) is GNU ld
configure:11707: result: yes
configure:11762: checking whether the /opt/borealis-tools/nmstl/bin/wtf g++ linker (/usr/bin/ld) supports shared libraries
configure:12675: result: yes
configure:12703: /opt/borealis-tools/nmstl/bin/wtf g++ -c -g -Wall -Werror  conftest.cpp >&5
configure:12706: $? = 0
configure:12888: checking for /opt/borealis-tools/nmstl/bin/wtf g++ option to produce PIC
configure:13205: result: -fPIC -DPIC
configure:13214: checking if /opt/borealis-tools/nmstl/bin/wtf g++ PIC flag -fPIC -DPIC works
configure:13232: /opt/borealis-tools/nmstl/bin/wtf g++ -c -g -Wall -Werror  -fPIC -DPIC -DPIC conftest.cpp >&5
configure:13236: $? = 0
configure:13249: result: yes
configure:13270: checking if /opt/borealis-tools/nmstl/bin/wtf g++ static flag -static works
configure:13298: result: yes
configure:13310: checking if /opt/borealis-tools/nmstl/bin/wtf g++ supports -c -o file.o
configure:13331: /opt/borealis-tools/nmstl/bin/wtf g++ -c -g -Wall -Werror  -o out/conftest2.o conftest.cpp >&5
configure:13335: $? = 0
configure:13357: result: yes
configure:13362: checking if /opt/borealis-tools/nmstl/bin/wtf g++ supports -c -o file.o
configure:13409: result: yes
configure:13439: checking whether the /opt/borealis-tools/nmstl/bin/wtf g++ linker (/usr/bin/ld) supports shared libraries
configure:13468: result: yes
configure:13605: checking dynamic linker characteristics
configure:13986: /opt/borealis-tools/nmstl/bin/wtf g++ -o conftest -g -Wall -Werror   -Wl,-rpath -Wl,/foo conftest.cpp  >&5
configure:13986: $? = 0
configure:14216: result: GNU/Linux ld.so
configure:14267: checking how to hardcode library paths into programs
configure:14292: result: immediate
configure:14355: checking for ANSI C header files
configure:14459: result: yes
configure:14467: checking for sys/wait.h that is POSIX.1 compatible
configure:14493: /opt/borealis-tools/nmstl/bin/wtf gcc -c -g -Wall -Werror  conftest.c >&5
configure:14493: $? = 0
configure:14500: result: yes
configure:14511: checking fcntl.h usability
configure:14511: /opt/borealis-tools/nmstl/bin/wtf gcc -c -g -Wall -Werror  conftest.c >&5
configure:14511: $? = 0
configure:14511: result: yes
configure:14511: checking fcntl.h presence
configure:14511: /opt/borealis-tools/nmstl/bin/wtf gcc -E  conftest.c
configure:14511: $? = 0
configure:14511: result: yes
configure:14511: checking for fcntl.h
configure:14511: result: yes
configure:14511: checking for unistd.h
configure:14511: result: yes
configure:14522: checking for an ANSI C-conforming const
configure:14587: /opt/borealis-tools/nmstl/bin/wtf gcc -c -g -Wall -Werror  conftest.c >&5
configure:14587: $? = 0
configure:14594: result: yes
configure:14605: checking for strstr
configure:14605: /opt/borealis-tools/nmstl/bin/wtf gcc -o conftest -g -Wall -Werror   conftest.c  >&5
[0m[1m[31mwarning: conflicting types for built-in function 'strstr'[0m
[31min [34m[1mconftest.c[0m[31m, line 50[0m
48> extern "C"
49> #endif
[1m50> char strstr ();
[0m51> /* The GNU C library defines this for functions which it implements
52>     to always fail with ENOSYS.  Some functions are actually named

configure:14605: $? = 1
configure: failed program was:
| /* confdefs.h */
| #define PACKAGE_NAME ""
| #define PACKAGE_TARNAME ""
| #define PACKAGE_VERSION ""
| #define PACKAGE_STRING ""
| #define PACKAGE_BUGREPORT ""
| #define PACKAGE_URL ""
| #define PACKAGE "test"
| #define VERSION "0.1"
| #define STDC_HEADERS 1
| #define HAVE_SYS_TYPES_H 1
| #define HAVE_SYS_STAT_H 1
| #define HAVE_STDLIB_H 1
| #define HAVE_STRING_H 1
| #define HAVE_MEMORY_H 1
| #define HAVE_STRINGS_H 1
| #define HAVE_INTTYPES_H 1
| #define HAVE_STDINT_H 1
| #define HAVE_UNISTD_H 1
| #define HAVE_DLFCN_H 1
| #define LT_OBJDIR ".libs/"
| #define STDC_HEADERS 1
| #define HAVE_SYS_WAIT_H 1
| #define HAVE_FCNTL_H 1
| #define HAVE_UNISTD_H 1
| /* end confdefs.h.  */
| /* Define strstr to an innocuous variant, in case <limits.h> declares strstr.
|    For example, HP-UX 11i <limits.h> declares gettimeofday.  */
| #define strstr innocuous_strstr
| 
| /* System header to define __stub macros and hopefully few prototypes,
|     which can conflict with char strstr (); below.
|     Prefer <limits.h> to <assert.h> if __STDC__ is defined, since
|     <limits.h> exists even on freestanding compilers.  */
| 
| #ifdef __STDC__
| # include <limits.h>
| #else
| # include <assert.h>
| #endif
| 
| #undef strstr
| 
| /* Override any GCC internal prototype to avoid an error.
|    Use char because int might match the return type of a GCC
|    builtin and then its argument prototype would still apply.  */
| #ifdef __cplusplus
| extern "C"
| #endif
| char strstr ();
| /* The GNU C library defines this for functions which it implements
|     to always fail with ENOSYS.  Some functions are actually named
|     something starting with __ and the normal name is an alias.  */
| #if defined __stub_strstr || defined __stub___strstr
| choke me
| #endif
| 
| int
| main ()
| {
| return strstr ();
|   ;
|   return 0;
| }
configure:14605: result: no
configure:14625: checking for Borealis
configure:14635: result: yes
configure:14655: checking for ANTLR
configure:14668: result: yes
configure:14690: checking for Xerces-C
configure:14701: result: yes
configure:14709: checking whether -I/opt/borealis-tools/xercesc/include causes a compiler warning and should be cleared
configure:14731: /opt/borealis-tools/nmstl/bin/wtf g++ -c -g -Wall -Werror  -I/opt/borealis-tools/xercesc/include -Wall -Werror conftest.cpp >&5
configure:14731: $? = 0
configure:14741: result: no
configure:14752: checking so xercescinclude is now
configure:14754: result: -I/opt/borealis-tools/xercesc/include
configure:14770: checking for BDB
configure:14806: result: no
configure:14808: result: /opt/borealis-tools/db/include/db_cxx.h or /opt/borealis-tools/db/lib/libdb_cxx.so or /opt/borealis-tools/db/lib/libdb.so does not exist.
configure:14810: result: No Berkeley-Db related stuff will be compiled.
configure:14847: checking for OCV
configure:14864: result: no
configure:14866: result: /usr/include/opencv/cv.h does not exist.
configure:14868: result: Array processing will not be compiled.
configure:14887: checking for GSL
configure:14898: result: yes (/opt/borealis-tools/gsl)
configure:14927: checking for NMSTL
configure:14938: result: /opt/borealis-tools/nmstl
configure:14946: checking whether -I/opt/borealis-tools/nmstl/include causes a compiler warning and should be cleared
configure:14967: /opt/borealis-tools/nmstl/bin/wtf g++ -c -g -Wall -Werror  -I/opt/borealis-tools/nmstl/include -Wall -Werror conftest.cpp >&5
configure:14967: $? = 0
configure:14977: result: no
configure:14988: checking so nmstlinclude is now:
configure:14990: result: -I/opt/borealis-tools/nmstl/include
configure:15000: checking whether to use -DNMSTL_PTR_TRACE
configure:15015: result: no
configure:15027: checking for Xerces-C
configure:15038: result: yes
configure:15046: checking whether -I/opt/borealis-tools/xercesc/include causes a compiler warning and should be cleared
configure:15068: /opt/borealis-tools/nmstl/bin/wtf g++ -c -g -Wall -Werror  -I/opt/borealis-tools/xercesc/include -Wall -Werror conftest.cpp >&5
configure:15068: $? = 0
configure:15078: result: no
configure:15089: checking so xercescinclude is now
configure:15091: result: -I/opt/borealis-tools/xercesc/include
configure:15098: checking whether to use -DNMSTL_NO_MESSAGES
configure:15108: result: no
configure:15261: creating ./config.status

## ---------------------- ##
## Running config.status. ##
## ---------------------- ##

This file was extended by config.status, which was
generated by GNU Autoconf 2.67.  Invocation command line was

  CONFIG_FILES    = 
  CONFIG_HEADERS  = 
  CONFIG_LINKS    = 
  CONFIG_COMMANDS = 
  $ ./config.status 

on hellojinjie

config.status:1165: creating Makefile
config.status:1165: creating java/Makefile
config.status:1165: creating java/src/Makefile
config.status:1165: creating region/Makefile
config.status:1165: creating rpc/Makefile
config.status:1165: creating global/Makefile
config.status:1165: creating config.h
config.status:1393: executing depfiles commands
config.status:1393: executing libtool commands

## ---------------- ##
## Cache variables. ##
## ---------------- ##

ac_cv_build=i686-pc-linux-gnu
ac_cv_c_compiler_gnu=yes
ac_cv_c_const=yes
ac_cv_cxx_compiler_gnu=yes
ac_cv_env_CCC_set=
ac_cv_env_CCC_value=
ac_cv_env_CC_set=set
ac_cv_env_CC_value='/opt/borealis-tools/nmstl/bin/wtf gcc'
ac_cv_env_CFLAGS_set=
ac_cv_env_CFLAGS_value=
ac_cv_env_CPPFLAGS_set=
ac_cv_env_CPPFLAGS_value=
ac_cv_env_CPP_set=
ac_cv_env_CPP_value=
ac_cv_env_CXXCPP_set=
ac_cv_env_CXXCPP_value=
ac_cv_env_CXXFLAGS_set=
ac_cv_env_CXXFLAGS_value=
ac_cv_env_CXX_set=set
ac_cv_env_CXX_value='/opt/borealis-tools/nmstl/bin/wtf g++'
ac_cv_env_LDFLAGS_set=
ac_cv_env_LDFLAGS_value=
ac_cv_env_LIBS_set=
ac_cv_env_LIBS_value=
ac_cv_env_build_alias_set=
ac_cv_env_build_alias_value=
ac_cv_env_host_alias_set=
ac_cv_env_host_alias_value=
ac_cv_env_target_alias_set=
ac_cv_env_target_alias_value=
ac_cv_func_strstr=no
ac_cv_header_dlfcn_h=yes
ac_cv_header_fcntl_h=yes
ac_cv_header_inttypes_h=yes
ac_cv_header_memory_h=yes
ac_cv_header_stdc=yes
ac_cv_header_stdint_h=yes
ac_cv_header_stdlib_h=yes
ac_cv_header_string_h=yes
ac_cv_header_strings_h=yes
ac_cv_header_sys_stat_h=yes
ac_cv_header_sys_types_h=yes
ac_cv_header_sys_wait_h=yes
ac_cv_header_unistd_h=yes
ac_cv_host=i686-pc-linux-gnu
ac_cv_objext=o
ac_cv_path_EGREP='/bin/grep -E'
ac_cv_path_FGREP='/bin/grep -F'
ac_cv_path_GREP=/bin/grep
ac_cv_path_SED=/bin/sed
ac_cv_path_install='/usr/bin/install -c'
ac_cv_path_mkdir=/bin/mkdir
ac_cv_prog_AWK=gawk
ac_cv_prog_CPP='/opt/borealis-tools/nmstl/bin/wtf gcc -E'
ac_cv_prog_CXXCPP='/opt/borealis-tools/nmstl/bin/wtf g++ -E'
ac_cv_prog_ac_ct_AR=ar
ac_cv_prog_ac_ct_CC='/opt/borealis-tools/nmstl/bin/wtf gcc'
ac_cv_prog_ac_ct_OBJDUMP=objdump
ac_cv_prog_ac_ct_RANLIB=ranlib
ac_cv_prog_ac_ct_STRIP=strip
ac_cv_prog_cc_c89=
ac_cv_prog_cc_g=yes
ac_cv_prog_cxx_g=yes
ac_cv_prog_make_make_set=yes
am_cv_CC_dependencies_compiler_type=gcc3
am_cv_CXX_dependencies_compiler_type=gcc3
lt_cv_deplibs_check_method=pass_all
lt_cv_file_magic_cmd='$MAGIC_CMD'
lt_cv_file_magic_test_file=
lt_cv_ld_reload_flag=-r
lt_cv_nm_interface='BSD nm'
lt_cv_objdir=.libs
lt_cv_path_LD=/usr/bin/ld
lt_cv_path_LDCXX=/usr/bin/ld
lt_cv_path_NM='/usr/bin/nm -B'
lt_cv_prog_compiler_c_o=yes
lt_cv_prog_compiler_c_o_CXX=yes
lt_cv_prog_compiler_pic_works=yes
lt_cv_prog_compiler_pic_works_CXX=yes
lt_cv_prog_compiler_rtti_exceptions=no
lt_cv_prog_compiler_static_works=yes
lt_cv_prog_compiler_static_works_CXX=yes
lt_cv_prog_gnu_ld=yes
lt_cv_prog_gnu_ldcxx=yes
lt_cv_sys_global_symbol_pipe='sed -n -e '\''s/^.*[	 ]\([ABCDGIRSTW][ABCDGIRSTW]*\)[	 ][	 ]*\([_A-Za-z][_A-Za-z0-9]*\)$/\1 \2 \2/p'\'''
lt_cv_sys_global_symbol_to_c_name_address='sed -n -e '\''s/^: \([^ ]*\) $/  {\"\1\", (void *) 0},/p'\'' -e '\''s/^[ABCDGIRSTW]* \([^ ]*\) \([^ ]*\)$/  {"\2", (void *) \&\2},/p'\'''
lt_cv_sys_global_symbol_to_c_name_address_lib_prefix='sed -n -e '\''s/^: \([^ ]*\) $/  {\"\1\", (void *) 0},/p'\'' -e '\''s/^[ABCDGIRSTW]* \([^ ]*\) \(lib[^ ]*\)$/  {"\2", (void *) \&\2},/p'\'' -e '\''s/^[ABCDGIRSTW]* \([^ ]*\) \([^ ]*\)$/  {"lib\2", (void *) \&\2},/p'\'''
lt_cv_sys_global_symbol_to_cdecl='sed -n -e '\''s/^T .* \(.*\)$/extern int \1();/p'\'' -e '\''s/^[ABCDGIRSTW]* .* \(.*\)$/extern char \1;/p'\'''
lt_cv_sys_max_cmd_len=1572864

## ----------------- ##
## Output variables. ##
## ----------------- ##

ACLOCAL='${SHELL} /home/jj/Workspace/borealis_summer_2008/polaris/utility/client/config/missing --run aclocal-1.11'
AMDEPBACKSLASH='\'
AMDEP_FALSE='#'
AMDEP_TRUE=''
AMTAR='${SHELL} /home/jj/Workspace/borealis_summer_2008/polaris/utility/client/config/missing --run tar'
ANTLRINCLUDE='-I/opt/borealis-tools/antlr/include'
ANTLRLIB='/opt/borealis-tools/antlr/lib/libantlr.a '
ANTLR_JAR_FILE='/opt/borealis-tools/antlr/lib/antlr.jar'
AR='ar'
AUTOCONF='${SHELL} /home/jj/Workspace/borealis_summer_2008/polaris/utility/client/config/missing --run autoconf'
AUTOHEADER='${SHELL} /home/jj/Workspace/borealis_summer_2008/polaris/utility/client/config/missing --run autoheader'
AUTOMAKE='${SHELL} /home/jj/Workspace/borealis_summer_2008/polaris/utility/client/config/missing --run automake-1.11'
AWK='gawk'
BDBDIR=''
BDBINCLUDE='-I/home/jj/Workspace/borealis_summer_2008/polaris/utility/client/external/bdb/stub'
BDBLIB=''
BOREALISINCLUDE='-I/opt/borealis-tools/nmstl/include -I/opt/borealis-tools/xercesc/include -I/opt/borealis-tools/antlr/include'
BOREALISLIB='-L/opt/borealis-tools/nmstl/lib -lNMSTL -lexpat -lpthread -lreadline -lncurses -L/opt/borealis-tools/xercesc/lib -lxerces-c /opt/borealis-tools/antlr/lib/libantlr.a '
BOREALISROOT='../../src'
CC='/opt/borealis-tools/nmstl/bin/wtf gcc'
CCDEPMODE='depmode=gcc3'
CFLAGS='-g -Wall -Werror'
COND_BDB_FALSE=''
COND_BDB_TRUE='#'
CPP='/opt/borealis-tools/nmstl/bin/wtf gcc -E'
CPPFLAGS=''
CXX='/opt/borealis-tools/nmstl/bin/wtf g++'
CXXCPP='/opt/borealis-tools/nmstl/bin/wtf g++ -E'
CXXDEPMODE='depmode=gcc3'
CXXFLAGS='-g -Wall -Werror'
CYGPATH_W='echo'
DEFS='-DHAVE_CONFIG_H'
DEPDIR='.deps'
DSYMUTIL=''
DUMPBIN=''
ECHO_C=''
ECHO_N='-n'
ECHO_T=''
EGREP='/bin/grep -E'
EXEEXT=''
EXTERNALINCLUDE='-I/home/jj/Workspace/borealis_summer_2008/polaris/utility/client/external/bdb/stub -I/opt/borealis-tools/gsl/include   '
EXTERNALLIB='-L/opt/borealis-tools/gsl/lib -lgsl -lgslcblas  '
FGREP='/bin/grep -F'
GREP='/bin/grep'
GSLDIR='/opt/borealis-tools/gsl'
GSLINCLUDE='-I/opt/borealis-tools/gsl/include'
GSLLIB='-L/opt/borealis-tools/gsl/lib -lgsl -lgslcblas'
INSTALL_DATA='${INSTALL} -m 644'
INSTALL_PROGRAM='${INSTALL}'
INSTALL_SCRIPT='${INSTALL}'
INSTALL_STRIP_PROGRAM='$(install_sh) -c -s'
LD='/usr/bin/ld'
LDFLAGS=''
LIBOBJS=''
LIBS=''
LIBTOOL='$(SHELL) $(top_builddir)/libtool'
LIPO=''
LN_S='ln -s'
LTLIBOBJS=''
MAKEINFO='${SHELL} /home/jj/Workspace/borealis_summer_2008/polaris/utility/client/config/missing --run makeinfo'
MKDIR_P='/bin/mkdir -p'
NM='/usr/bin/nm -B'
NMEDIT=''
NMSTLDIR='/opt/borealis-tools/nmstl'
NMSTLINCLUDE='-I/opt/borealis-tools/nmstl/include'
NMSTLLIB='-L/opt/borealis-tools/nmstl/lib -lNMSTL -lexpat -lpthread -lreadline -lncurses'
NMSTLSUBDIR=''
OBJDUMP='objdump'
OBJEXT='o'
OCVDIR=''
OCVINCLUDE=''
OCVLIB=''
OTOOL64=''
OTOOL=''
PACKAGE='test'
PACKAGE_BUGREPORT=''
PACKAGE_NAME=''
PACKAGE_STRING=''
PACKAGE_TARNAME=''
PACKAGE_URL=''
PACKAGE_VERSION=''
PATH_SEPARATOR=':'
RANLIB='ranlib'
SED='/bin/sed'
SET_MAKE=''
SHELL='/bin/bash'
STRIP='strip'
VERSION='0.1'
XERCESCINCLUDE='-I/opt/borealis-tools/xercesc/include'
XERCESCLIB='-L/opt/borealis-tools/xercesc/lib -lxerces-c'
ac_ct_CC='/opt/borealis-tools/nmstl/bin/wtf gcc'
ac_ct_CXX=''
ac_ct_DUMPBIN=''
am__EXEEXT_FALSE=''
am__EXEEXT_TRUE='#'
am__fastdepCC_FALSE='#'
am__fastdepCC_TRUE=''
am__fastdepCXX_FALSE='#'
am__fastdepCXX_TRUE=''
am__include='include'
am__isrc=''
am__leading_dot='.'
am__quote=''
am__tar='${AMTAR} chof - "$$tardir"'
am__untar='${AMTAR} xf -'
bindir='${exec_prefix}/bin'
build='i686-pc-linux-gnu'
build_alias=''
build_cpu='i686'
build_os='linux-gnu'
build_vendor='pc'
datadir='${datarootdir}'
datarootdir='${prefix}/share'
docdir='${datarootdir}/doc/${PACKAGE}'
dvidir='${docdir}'
exec_prefix='${prefix}'
host='i686-pc-linux-gnu'
host_alias=''
host_cpu='i686'
host_os='linux-gnu'
host_vendor='pc'
htmldir='${docdir}'
includedir='${prefix}/include'
infodir='${datarootdir}/info'
install_sh='${SHELL} /home/jj/Workspace/borealis_summer_2008/polaris/utility/client/config/install-sh'
libdir='${exec_prefix}/lib'
libexecdir='${exec_prefix}/libexec'
localedir='${datarootdir}/locale'
localstatedir='${prefix}/var'
lt_ECHO='echo'
mandir='${datarootdir}/man'
mkdir_p='/bin/mkdir -p'
oldincludedir='/usr/include'
pdfdir='${docdir}'
prefix='/usr/local'
program_transform_name='s,x,x,'
psdir='${docdir}'
sbindir='${exec_prefix}/sbin'
sharedstatedir='${prefix}/com'
sysconfdir='${prefix}/etc'
target_alias=''

## ----------- ##
## confdefs.h. ##
## ----------- ##

/* confdefs.h */
#define PACKAGE_NAME ""
#define PACKAGE_TARNAME ""
#define PACKAGE_VERSION ""
#define PACKAGE_STRING ""
#define PACKAGE_BUGREPORT ""
#define PACKAGE_URL ""
#define PACKAGE "test"
#define VERSION "0.1"
#define STDC_HEADERS 1
#define HAVE_SYS_TYPES_H 1
#define HAVE_SYS_STAT_H 1
#define HAVE_STDLIB_H 1
#define HAVE_STRING_H 1
#define HAVE_MEMORY_H 1
#define HAVE_STRINGS_H 1
#define HAVE_INTTYPES_H 1
#define HAVE_STDINT_H 1
#define HAVE_UNISTD_H 1
#define HAVE_DLFCN_H 1
#define LT_OBJDIR ".libs/"
#define STDC_HEADERS 1
#define HAVE_SYS_WAIT_H 1
#define HAVE_FCNTL_H 1
#define HAVE_UNISTD_H 1

configure: exit 0
